Topology	MassCost	TopologyCost	Cost	Fitness	#(Runs)
(((21)0)92)105	0.0294	0.0000	0.0294	0.8633	10
(0,(21)92)105	0.7764	0.0000	0.7764	0.0206	10
(21,(0)92)105	0.7893	0.0000	0.7893	0.0193	10
((21)0,92)105	0.8054	0.0000	0.8054	0.0178	10
((0,21)92)105	0.8156	0.0000	0.8156	0.0169	10
(((0)21)92)105	0.0471	1.0000	1.0471	0.0053	10
(((21)92)0)105	0.1520	1.0000	1.1520	0.0032	10
(((21)0)105)92	0.2711	1.0000	1.2711	0.0017	10
(0,21,92)105	1.6290	0.0000	1.6290	0.0003	10
((0)21,92)105	0.8360	1.0000	1.8360	0.0001	10
((92)0,21)105	0.9158	1.0000	1.9158	0.0001	10
((21,92)0)105	0.9363	1.0000	1.9363	0.0001	10
(0,(92)21)105	0.9537	1.0000	1.9537	0.0001	10
((0)105,21)92	0.9945	1.0000	1.9945	0.0000	10
(0,(21)105)92	0.9982	1.0000	1.9982	0.0000	10
((0,21)105)92	1.0059	1.0000	2.0059	0.0000	10
((21)0,105)92	1.0274	1.0000	2.0274	0.0000	10
(((0)92)21)105	0.1899	2.0000	2.1899	0.0000	10
(((92)21)0)105	0.2189	2.0000	2.2189	0.0000	10
(((0)21)105)92	0.2888	2.0000	2.2888	0.0000	10
(((21)92)105)0	0.3937	2.0000	2.3937	0.0000	10
(((21)105)0)92	0.3937	2.0000	2.3937	0.0000	10
(0,105,21)92	1.8474	1.0000	2.8474	0.0000	10
((0,92)21)105	0.9427	2.0000	2.9427	0.0000	10
(105,(0)21)92	1.0414	2.0000	3.0414	0.0000	10
((92)105,21)0	1.0913	2.0000	3.0913	0.0000	10
((105,21)0)92	1.0915	2.0000	3.0915	0.0000	10
((21,92)105)0	1.1826	2.0000	3.1826	0.0000	10
(((92)0)21)105	0.1987	3.0000	3.1987	0.0000	10
((105)0,21)92	1.2091	2.0000	3.2091	0.0000	10
((21)105,92)0	1.2110	2.0000	3.2110	0.0000	10
(105,(21)92)0	1.2112	2.0000	3.2112	0.0000	10
(0,(105)21)92	1.2425	2.0000	3.2425	0.0000	10
(((21)105)92)0	0.3937	3.0000	3.3937	0.0000	10
(((0)105)21)92	0.4271	3.0000	3.4271	0.0000	10
(((0)92)105)21	0.4271	3.0000	3.4271	0.0000	10
(((105)21)0)92	0.4563	3.0000	3.4563	0.0000	10
(((92)21)105)0	0.5832	3.0000	3.5832	0.0000	10
(105,21,92)0	2.0234	2.0000	4.0234	0.0000	10
(0,(92)105)21	1.1099	3.0000	4.1099	0.0000	10
((0,105)21)92	1.1101	3.0000	4.1101	0.0000	10
((105,21)92)0	1.1463	3.0000	4.1463	0.0000	10
(21,(105)92)0	1.1782	3.0000	4.1782	0.0000	10
((0,92)105)21	1.2031	3.0000	4.2031	0.0000	10
((0)105,92)21	1.2247	3.0000	4.2247	0.0000	10
(105,(0)92)21	1.2249	3.0000	4.2249	0.0000	10
(105,(92)21)0	1.2810	3.0000	4.2810	0.0000	10
((105)21,92)0	1.3632	3.0000	4.3632	0.0000	10
(((0)105)92)21	0.4316	4.0000	4.4316	0.0000	10
(((105)0)21)92	0.4406	4.0000	4.4406	0.0000	10
(((92)105)21)0	0.4561	4.0000	4.4561	0.0000	10
(((92)0)105)21	0.5787	4.0000	4.5787	0.0000	10
(((105)21)92)0	0.5789	4.0000	4.5789	0.0000	10
(0,105,92)21	2.0364	3.0000	5.0364	0.0000	10
(0,(105)92)21	1.1846	4.0000	5.1846	0.0000	10
((0,105)92)21	1.1879	4.0000	5.1879	0.0000	10
((105,92)21)0	1.2539	4.0000	5.2539	0.0000	10
((92)0,105)21	1.2617	4.0000	5.2617	0.0000	10
((105)0,92)21	1.3362	4.0000	5.3362	0.0000	10
(((92)105)0)21	0.4404	5.0000	5.4404	0.0000	10
(((105)92)21)0	0.4608	5.0000	5.4608	0.0000	10
(((105)0)92)21	0.5834	5.0000	5.5834	0.0000	10
((105,92)0)21	1.2579	5.0000	6.2579	0.0000	10
(((105)92)0)21	0.4406	6.0000	6.4406	0.0000	10
