# generation count = 50 
#
generation.index	generationHighestFitness	generationMedianFitness	populationHighestFitness	populationMedianFitness
1	0.8632939774163195	1.0752534127747842e-07	0.8632939774163195	1.0752534127747842e-07
2	0.8632939774163195	0.001737275201733753	0.8632939774163195	6.562098212019319e-07
3	0.8632939774163195	0.001737275201733753	0.8632939774163195	4.4081989491149993e-05
4	0.8632939774163195	0.003151252243274759	0.8632939774163195	5.7222868186674626e-05
5	0.8632939774163195	0.003151252243274759	0.8632939774163195	6.91676521651218e-05
6	0.8632939774163195	0.001737275201733753	0.8632939774163195	0.0002902420176444203
7	0.8632939774163195	0.003151252243274759	0.8632939774163195	0.0002902420176444203
8	0.8632939774163195	0.001737275201733753	0.8632939774163195	0.001737275201733753
9	0.8632939774163195	0.001737275201733753	0.8632939774163195	0.001737275201733753
10	0.8632939774163195	0.003151252243274759	0.8632939774163195	0.001737275201733753
11	0.8632939774163195	0.003151252243274759	0.8632939774163195	0.001737275201733753
12	0.8632939774163195	0.001737275201733753	0.8632939774163195	0.001737275201733753
13	0.8632939774163195	0.003151252243274759	0.8632939774163195	0.001737275201733753
14	0.8632939774163195	0.001737275201733753	0.8632939774163195	0.001737275201733753
15	0.8632939774163195	0.003151252243274759	0.8632939774163195	0.001737275201733753
16	0.8632939774163195	0.001737275201733753	0.8632939774163195	0.001737275201733753
17	0.8632939774163195	0.003151252243274759	0.8632939774163195	0.001737275201733753
18	0.8632939774163195	0.001737275201733753	0.8632939774163195	0.001737275201733753
19	0.8632939774163195	0.001737275201733753	0.8632939774163195	0.001737275201733753
20	0.8632939774163195	0.003151252243274759	0.8632939774163195	0.001737275201733753
21	0.8632939774163195	0.003151252243274759	0.8632939774163195	0.001737275201733753
22	0.8632939774163195	0.003151252243274759	0.8632939774163195	0.001737275201733753
23	0.8632939774163195	0.001737275201733753	0.8632939774163195	0.001737275201733753
24	0.8632939774163195	0.001737275201733753	0.8632939774163195	0.001737275201733753
25	0.8632939774163195	0.001737275201733753	0.8632939774163195	0.001737275201733753
26	0.8632939774163195	0.003151252243274759	0.8632939774163195	0.001737275201733753
27	0.8632939774163195	0.001737275201733753	0.8632939774163195	0.001737275201733753
28	0.8632939774163195	0.003151252243274759	0.8632939774163195	0.001737275201733753
29	0.8632939774163195	0.003151252243274759	0.8632939774163195	0.001737275201733753
30	0.8632939774163195	0.003151252243274759	0.8632939774163195	0.001737275201733753
31	0.8632939774163195	0.003151252243274759	0.8632939774163195	0.001737275201733753
32	0.8632939774163195	0.001737275201733753	0.8632939774163195	0.001737275201733753
33	0.8632939774163195	0.003151252243274759	0.8632939774163195	0.001737275201733753
34	0.8632939774163195	0.001737275201733753	0.8632939774163195	0.001737275201733753
35	0.8632939774163195	0.003151252243274759	0.8632939774163195	0.001737275201733753
36	0.8632939774163195	0.003151252243274759	0.8632939774163195	0.001737275201733753
37	0.8632939774163195	0.003151252243274759	0.8632939774163195	0.001737275201733753
38	0.8632939774163195	0.003151252243274759	0.8632939774163195	0.001737275201733753
39	0.8632939774163195	0.001737275201733753	0.8632939774163195	0.001737275201733753
40	0.8632939774163195	0.001737275201733753	0.8632939774163195	0.001737275201733753
41	0.8632939774163195	0.002444263722504256	0.8632939774163195	0.001737275201733753
42	0.8632939774163195	0.003151252243274759	0.8632939774163195	0.001737275201733753
43	0.8632939774163195	0.001737275201733753	0.8632939774163195	0.001737275201733753
44	0.8632939774163195	0.001737275201733753	0.8632939774163195	0.001737275201733753
45	0.8632939774163195	0.003151252243274759	0.8632939774163195	0.001737275201733753
46	0.8632939774163195	0.001737275201733753	0.8632939774163195	0.001737275201733753
47	0.8632939774163195	0.001737275201733753	0.8632939774163195	0.001737275201733753
48	0.8632939774163195	0.001737275201733753	0.8632939774163195	0.001737275201733753
49	0.8632939774163195	0.003151252243274759	0.8632939774163195	0.001737275201733753
50	0.8632939774163195	0.001737275201733753	0.8632939774163195	0.001737275201733753
############################################################
Topology	MassCost	TopologyCost	Cost	Fitness	appearances(generationID:count)
(((21)0)92)105	0.02939999999999998	0.0	0.02939999999999998	0.8632939774163195	1:8,2:151,3:170,4:203,5:198,6:201,7:194,8:193,9:188,10:203,11:191,12:183,13:207,14:190,15:230,16:186,17:198,18:174,19:213,20:209,21:195,22:193,23:210,24:180,25:209,26:205,27:195,28:196,29:224,30:224,31:218,32:203,33:214,34:190,35:211,36:204,37:204,38:198,39:211,40:198,41:190,42:211,43:197,44:198,45:218,46:190,47:202,48:186,49:197,50:174
(0,(21)92)105	0.7763661355663489	0.0	0.7763661355663489	0.02061305475713325	1:27,2:23,3:15,4:12,5:6,6:6,7:11,8:10,9:8,10:10,11:9,12:10,13:7,14:5,15:5,16:6,17:5,18:10,19:4,20:13,21:7,22:11,23:7,24:8,25:5,26:8,27:11,28:11,29:2,30:9,31:11,32:12,33:10,34:10,35:7,36:3,37:6,38:4,39:9,40:7,41:4,42:7,43:9,44:5,45:8,46:7,47:8,48:9,49:12,50:10
(21,(0)92)105	0.7892596301928011	0.0	0.7892596301928011	0.019326111867734825	1:25,2:65,3:57,4:50,5:44,6:56,7:43,8:47,9:50,10:49,11:50,12:46,13:47,14:39,15:52,16:46,17:49,18:52,19:53,20:49,21:55,22:48,23:47,24:36,25:48,26:48,27:47,28:37,29:46,30:57,31:57,32:43,33:49,34:48,35:41,36:51,37:42,38:56,39:56,40:58,41:50,42:53,43:52,44:58,45:47,46:47,47:43,48:47,49:38,50:48
((21)0,92)105	0.805366135566349	0.0	0.805366135566349	0.01783075189403267	1:26,2:58,3:65,4:66,5:64,6:53,7:54,8:37,9:56,10:50,11:60,12:61,13:55,14:53,15:51,16:60,17:46,18:52,19:45,20:57,21:59,22:59,23:39,24:54,25:54,26:57,27:30,28:44,29:49,30:48,31:39,32:40,33:54,34:42,35:50,36:46,37:48,38:43,39:45,40:56,41:55,42:33,43:48,44:54,45:45,46:47,47:41,48:49,49:55,50:60
((0,21)92)105	0.815608098292311	0.0	0.815608098292311	0.016940628456802925	1:10,2:54,3:51,4:56,5:53,6:45,7:59,8:54,9:57,10:47,11:53,12:47,13:51,14:59,15:60,16:50,17:58,18:40,19:34,20:60,21:34,22:54,23:54,24:58,25:56,26:49,27:47,28:48,29:49,30:51,31:47,32:62,33:55,34:51,35:52,36:58,37:63,38:43,39:57,40:55,41:63,42:53,43:45,44:51,45:49,46:65,47:44,48:67,49:52,50:53
(((0)21)92)105	0.04710010660968691	1.0	1.047100106609687	0.005324158899285251	1:7,2:62,3:76,4:64,5:85,6:58,7:79,8:78,9:66,10:97,11:84,12:71,13:83,14:82,15:66,16:79,17:74,18:71,19:82,20:86,21:96,22:78,23:66,24:80,25:64,26:87,27:107,28:96,29:77,30:72,31:73,32:71,33:81,34:83,35:90,36:70,37:63,38:91,39:66,40:66,41:74,42:81,43:87,44:65,45:76,46:74,47:76,48:78,49:91,50:79
(((21)92)0)105	0.15199107351883373	1.0	1.1519910735188337	0.003151252243274759	1:9,2:45,3:65,4:52,5:67,6:79,7:67,8:70,9:74,10:57,11:56,12:78,13:58,14:57,15:67,16:72,17:72,18:67,19:56,20:60,21:66,22:64,23:65,24:74,25:48,26:62,27:58,28:77,29:59,30:66,31:72,32:51,33:67,34:68,35:67,36:73,37:76,38:67,39:48,40:59,41:64,42:67,43:56,44:62,45:71,46:60,47:74,48:63,49:56,50:67
(((21)0)105)92	0.2710874738385599	1.0	1.27108747383856	0.001737275201733753	1:10,2:49,3:68,4:58,5:57,6:72,7:71,8:54,9:66,10:63,11:64,12:66,13:46,14:53,15:52,16:63,17:56,18:64,19:72,20:49,21:59,22:65,23:60,24:74,25:79,26:78,27:66,28:54,29:54,30:57,31:64,32:77,33:67,34:57,35:64,36:61,37:72,38:75,39:66,40:65,41:72,42:66,43:76,44:73,45:50,46:60,47:63,48:57,49:52,50:83
(0,21,92)105	1.628959087884039	0.0	1.628959087884039	0.0002902420176444203	1:41,2:23,3:8,4:11,5:9,6:8,7:12,8:9,9:8,10:10,11:6,12:7,13:10,14:8,15:8,16:9,17:9,18:10,19:12,20:7,21:4,22:5,23:14,24:13,25:6,26:8,27:11,28:9,29:5,30:7,31:10,32:5,33:10,34:10,35:8,36:11,37:8,38:7,39:5,40:12,41:8,42:12,43:16,44:9,45:10,46:7,47:6,48:11,49:7,50:14
((0)21,92)105	0.835959736802488	1.0	1.835959736802488	0.00010310128699800442	1:16,2:9,3:13,4:3,5:9,6:9,7:8,8:10,9:6,10:10,11:5,12:8,13:8,14:15,15:9,16:5,17:8,18:11,19:7,20:6,21:9,22:11,23:13,24:6,25:9,26:9,27:11,28:6,29:7,30:13,31:4,32:9,33:9,34:4,35:6,36:7,37:5,38:8,39:10,40:5,41:6,42:5,43:10,44:7,45:7,46:10,47:8,48:5,49:10,50:9
((92)0,21)105	0.9157954517785398	1.0	1.9157954517785398	6.91676521651218e-05	1:19,2:10,3:4,4:3,5:4,6:10,7:10,8:4,9:4,10:2,11:6,12:3,13:9,14:5,15:4,16:5,17:6,18:5,19:6,20:9,21:5,22:3,23:9,24:2,25:7,26:5,27:5,28:5,29:6,30:6,31:3,32:8,33:2,34:6,35:8,36:7,37:5,38:9,39:8,40:9,41:4,42:8,43:4,44:5,45:7,46:3,47:4,48:10,49:7,50:6
((21,92)0)105	0.9362834666915784	1.0	1.9362834666915782	6.243295272369002e-05	1:18,2:13,3:8,4:10,5:6,6:7,7:15,8:12,9:11,10:12,11:8,12:7,13:4,14:9,15:7,16:16,17:11,18:9,19:6,20:8,21:8,22:9,23:10,24:16,25:9,26:11,27:7,28:6,29:10,30:17,31:17,32:8,33:12,34:5,35:9,36:12,37:4,38:12,39:14,40:15,41:10,42:5,43:10,44:12,45:9,46:13,47:14,48:9,49:15,50:7
(0,(92)21)105	0.9537113892002613	1.0	1.9537113892002613	5.7222868186674626e-05	1:26,2:15,3:2,4:4,5:7,6:6,7:5,8:11,9:3,10:8,11:7,12:10,13:5,14:5,15:4,16:4,17:4,18:10,19:6,20:6,21:6,22:8,23:8,24:10,25:10,26:5,27:8,28:8,29:11,30:6,31:7,32:4,33:5,34:8,35:8,36:5,37:4,38:5,39:4,40:6,41:2,42:8,43:4,44:8,45:9,46:5,47:12,48:6,49:7,50:3
((0)105,21)92	0.9944726793632895	1.0	1.9944726793632896	4.667212825588051e-05	1:17,2:10,3:3,4:3,5:6,6:2,7:7,8:4,9:5,10:7,11:5,12:6,13:9,14:5,15:8,16:2,17:5,18:7,19:6,20:3,21:6,22:9,23:3,24:4,25:4,26:3,27:4,28:3,29:6,30:2,31:3,32:5,33:7,34:7,35:6,36:7,37:7,38:3,39:5,40:3,41:8,42:7,43:5,44:4,45:5,46:8,47:6,48:2,49:6,50:5
(0,(21)105)92	0.9982402867045589	1.0	1.9982402867045588	4.5801146540468254e-05	1:21,2:5,3:3,4:5,5:2,6:7,7:9,8:1,9:3,10:4,11:4,12:2,13:6,14:3,15:5,16:2,17:8,18:7,19:6,20:5,21:3,22:8,23:7,24:2,25:2,26:5,27:3,28:4,29:7,30:5,31:6,32:2,33:1,34:4,35:4,36:7,37:3,38:6,39:6,40:5,41:3,42:3,43:6,44:4,45:3,46:3,47:3,48:5,49:2,50:2
((0,21)105)92	1.0058918520982658	1.0	2.005891852098266	4.4081989491149993e-05	1:18,2:7,3:1,5:3,6:6,7:1,10:3,11:4,12:4,13:1,14:4,15:9,16:5,17:1,18:1,19:2,20:6,21:4,22:2,23:5,24:2,25:3,26:2,27:5,28:3,29:6,30:1,31:6,32:4,33:3,35:4,36:4,37:2,38:3,39:3,41:5,42:4,43:3,44:6,45:5,46:5,47:2,49:1
((21)0,105)92	1.027440286704559	1.0	2.027440286704559	3.957941359763419e-05	1:21,2:9,3:8,4:4,5:4,6:6,7:5,8:4,9:6,10:4,11:3,12:5,13:2,14:8,15:3,16:5,17:4,18:5,19:1,20:2,21:2,22:6,23:7,24:5,25:1,26:3,27:6,28:3,29:2,30:4,31:1,32:7,33:6,34:8,35:5,36:5,37:4,38:2,39:7,40:5,41:5,42:5,43:9,44:11,45:2,46:5,47:5,48:4,49:4,50:4
(((0)92)21)105	0.18990701094055534	2.0	2.1899070109405554	1.7566180715837183e-05	1:3,2:12,3:6,4:6,5:7,6:5,7:4,8:8,9:4,10:7,11:6,12:3,13:9,14:7,15:7,16:6,17:9,18:8,19:5,20:4,21:10,22:3,23:11,24:10,25:9,26:7,27:7,28:4,29:5,30:8,31:5,32:2,33:3,34:5,35:2,36:6,37:3,38:6,39:4,40:4,41:6,42:3,43:2,44:10,45:6,46:4,47:5,48:5,49:6,50:1
(((92)21)0)105	0.21890701094055537	2.0	2.2189070109405553	1.5195137924011168e-05	1:7,2:6,3:11,4:8,5:14,6:8,7:5,8:9,9:7,10:9,11:10,12:14,13:10,14:12,15:5,16:5,17:6,18:15,19:8,20:12,21:14,22:4,23:10,24:12,25:8,26:9,27:3,28:14,29:6,30:12,31:22,32:11,33:9,34:13,35:5,36:6,37:10,38:4,39:8,40:11,41:10,42:12,43:4,44:7,45:11,46:12,47:13,48:6,49:15,50:6
(((0)21)105)92	0.2887875804482468	2.0	2.288787580448247	1.0714228834887147e-05	1:4,3:3,4:4,5:5,6:2,7:4,8:7,9:3,10:8,11:6,12:5,13:5,14:9,15:3,16:5,17:3,18:6,19:4,20:2,21:5,22:8,23:10,24:4,25:7,26:4,27:6,28:3,29:5,30:3,31:5,32:6,33:4,34:9,35:7,36:6,37:4,38:5,39:4,40:7,41:12,42:5,43:9,44:2,45:3,46:5,47:6,48:6,49:6,50:6
(((21)92)105)0	0.39369975857680006	2.0	2.3936997585768003	6.340843254715185e-06	1:11,2:1,4:1,5:4,7:1,8:2,9:2,10:1,11:3,12:2,14:2,15:2,17:4,18:2,19:2,20:1,24:3,25:3,26:2,28:1,29:2,30:3,31:3,33:1,34:2,35:2,36:2,37:1,38:2,39:1,40:2,41:1,42:2,43:2,44:2,45:1,46:1,47:1,48:1,49:1,50:1
(((21)105)0)92	0.39369975857680006	2.0	2.3936997585768003	6.340843254715185e-06	1:7,2:3,3:1,4:1,5:1,10:1,11:2,12:1,13:2,14:3,16:4,17:2,18:2,19:1,20:1,21:2,23:1,24:3,25:2,27:1,28:1,29:1,30:1,31:1,32:2,33:1,34:2,35:3,36:1,37:2,38:2,40:3,41:2,43:2,44:1,45:2,47:1,49:1
(0,105,21)92	1.847357049950009	1.0	2.847357049950009	6.562098212019319e-07	1:42,2:7,3:8,4:15,5:10,6:11,7:10,8:10,9:4,10:10,11:8,12:12,13:7,14:5,15:4,16:6,17:9,18:9,19:5,20:5,21:11,22:2,23:11,24:12,25:8,26:7,27:7,28:8,29:7,30:15,31:9,32:5,33:8,34:7,35:3,36:6,37:3,38:6,39:10,40:5,41:7,42:11,43:7,44:7,45:8,46:5,47:5,48:8,49:10,50:9
((0,92)21)105	0.9426873553835333	2.0	2.9426873553835335	4.074136710399349e-07	1:19,2:8,3:3,4:16,5:15,6:11,7:6,8:15,9:14,10:15,11:14,12:10,13:14,14:10,15:15,16:10,17:13,18:13,19:13,20:8,21:7,22:12,23:10,24:12,25:10,26:10,27:12,28:11,29:10,30:8,31:6,32:11,33:14,34:7,35:15,36:6,37:12,38:14,39:12,40:6,41:12,42:13,43:12,44:18,45:9,46:11,47:14,48:12,49:13,50:6
(105,(0)21)92	1.0413727859729764	2.0	3.0413727859729764	2.487384411154699e-07	1:17,2:7,3:2,4:4,5:4,6:4,7:2,8:5,9:5,10:6,11:4,12:6,13:4,16:6,17:4,18:3,19:8,20:4,21:5,22:3,23:4,24:2,25:4,26:2,27:7,28:4,29:4,30:2,31:9,32:3,33:6,34:7,35:2,36:5,37:1,38:2,39:1,40:4,41:1,42:5,43:5,44:4,45:5,46:2,47:5,48:3,49:8,50:2
((92)105,21)0	1.0913356495597493	2.0	3.091335649559749	1.9375366596180968e-07	1:16,2:4,3:3,4:5,5:4,6:4,7:6,8:5,9:8,10:2,11:5,12:2,13:3,14:4,15:3,16:4,17:3,18:7,19:5,20:6,21:1,22:4,23:5,24:5,25:7,26:3,27:7,28:2,29:7,30:1,31:5,32:1,33:3,34:7,35:5,36:3,37:4,38:5,39:6,40:4,41:6,42:3,44:3,45:2,46:2,47:6,48:3,49:5,50:3
((105,21)0)92	1.0915356495597492	2.0	3.0915356495597495	1.935600091403964e-07	1:15,2:3,3:4,4:2,5:3,6:2,7:2,8:4,9:4,10:6,11:3,12:2,13:4,14:5,15:2,16:3,17:6,18:3,19:3,20:1,21:3,22:6,23:4,24:2,25:1,26:5,27:8,28:2,29:7,30:3,31:5,32:3,33:4,34:5,35:5,36:4,37:3,38:4,39:7,40:4,41:5,42:3,43:4,45:9,46:5,47:2,49:4,50:2
((21,92)105)0	1.1825593887696013	2.0	3.1825593887696013	1.227891790197161e-07	1:19,2:3,3:2,4:6,5:5,6:2,7:1,8:4,9:3,10:2,11:6,12:3,13:3,14:3,15:2,16:4,17:3,18:5,19:1,20:3,21:5,22:2,23:3,24:3,25:3,26:4,27:1,28:5,29:1,30:1,31:2,32:8,33:2,34:3,35:10,36:9,37:2,38:4,39:4,40:4,41:2,42:5,43:4,44:4,45:3,46:1,47:1,48:1,49:4,50:3
(((92)0)21)105	0.1986911801285207	3.0	3.1986911801285207	1.1327403102154435e-07	1:3,2:67,3:77,4:66,5:55,6:67,7:69,8:83,9:57,10:55,11:79,12:77,13:62,14:75,15:54,16:76,17:58,18:71,19:73,20:61,21:55,22:66,23:62,24:61,25:66,26:58,27:65,28:60,29:72,30:59,31:64,32:72,33:65,34:64,35:54,36:57,37:66,38:72,39:66,40:71,41:62,42:69,43:69,44:67,45:67,46:59,47:64,48:75,49:69,50:66
((105)0,21)92	1.2091078568691112	2.0	3.209107856869111	1.0752534127747842e-07	1:30,2:2,3:5,4:1,5:4,6:1,7:4,8:1,9:3,10:3,11:4,12:3,13:2,14:8,15:5,16:5,17:4,18:2,19:5,20:7,21:4,22:1,23:5,24:8,25:5,26:3,27:3,28:2,29:2,30:4,31:2,32:8,33:2,34:2,35:4,36:4,37:8,38:3,39:8,40:2,41:2,42:3,43:1,44:4,45:5,46:7,47:4,48:6,49:5,50:6
((21)105,92)0	1.2109632157914623	2.0	3.2109632157914625	1.065324632541272e-07	1:21,2:9,3:3,4:5,5:5,6:8,7:4,8:6,9:5,10:6,11:6,12:6,13:4,14:2,15:1,16:7,17:6,18:5,19:3,20:4,21:6,22:5,23:2,24:4,25:10,26:4,27:1,28:3,29:3,30:3,31:7,32:5,33:5,34:3,35:3,36:5,37:6,38:5,39:6,40:5,41:3,42:3,43:8,44:4,45:5,46:7,47:9,48:2,49:2,50:1
(105,(21)92)0	1.2111632157914622	2.0	3.211163215791462	1.0642598403935398e-07	1:27,2:9,3:4,4:10,5:4,6:5,8:5,9:7,10:6,11:1,12:6,13:9,14:6,15:1,16:5,17:11,18:9,19:4,20:3,21:2,22:8,23:3,24:6,25:4,26:5,27:4,28:2,29:3,30:8,31:5,32:4,33:9,34:5,35:3,36:8,37:6,38:1,39:6,40:8,41:3,42:7,43:4,44:2,45:1,46:4,47:4,48:9,49:6,50:2
(0,(105)21)92	1.2424920403655635	2.0	3.2424920403655637	9.099509783480316e-08	1:21,2:1,3:7,4:3,5:3,6:3,7:3,8:6,9:4,10:5,11:5,12:2,13:4,14:8,15:4,16:4,17:4,18:4,19:4,20:6,21:7,22:2,23:7,24:2,25:5,26:7,27:2,28:7,29:8,30:6,31:2,32:4,33:3,34:7,35:6,36:4,37:9,38:5,39:5,40:2,41:4,42:3,43:6,44:2,45:3,46:5,47:2,48:4,49:7,50:4
(((21)105)92)0	0.39367854735739366	3.0	3.3936785473573936	4.272879718894434e-08	1:7,2:55,3:69,4:69,5:63,6:56,7:63,8:52,9:61,10:58,11:63,12:70,13:60,14:71,15:56,16:59,17:64,18:71,19:71,20:62,21:63,22:67,23:52,24:59,25:64,26:60,27:77,28:72,29:60,30:56,31:51,32:70,33:47,34:65,35:68,36:60,37:57,38:65,39:76,40:71,41:62,42:64,43:58,44:60,45:57,46:66,47:71,48:63,49:57,50:64
(((0)105)21)92	0.42708394207325245	3.0	3.4270839420732524	3.6156116301167005e-08	1:7,2:1,5:2,7:2,8:4,9:1,14:1,15:2,16:2,17:1,18:1,20:1,21:3,22:3,24:2,25:2,26:2,27:3,28:3,29:4,30:1,31:1,32:5,33:1,36:1,37:3,39:1,41:3,42:2,43:2,46:3,47:2,48:2,49:2,50:1
(((0)92)105)21	0.42708394207325245	3.0	3.4270839420732524	3.6156116301167005e-08	1:9,2:1,3:2,4:4,5:1,6:1,8:1,9:4,12:1,14:1,15:1,16:2,19:1,21:1,22:2,23:3,24:4,25:1,26:4,27:1,29:1,30:1,31:2,32:4,33:1,34:1,36:2,37:2,38:1,40:1,41:1,43:3,44:3,45:3,46:1,47:1,48:2,49:4,50:1
(((105)21)0)92	0.45628394207325246	3.0	3.4562839420732523	3.1244586418893275e-08	1:5,2:2,3:5,4:1,5:3,6:2,7:3,8:5,9:4,10:1,11:1,12:1,13:5,14:1,15:2,16:2,17:3,18:5,19:2,20:6,21:1,22:2,25:6,26:1,27:3,28:3,29:5,30:1,31:3,32:1,33:2,34:3,35:1,36:5,37:1,38:3,39:2,40:3,41:3,42:5,43:5,45:4,46:4,47:1,48:2,49:1,50:4
(((92)21)105)0	0.5832067695173555	3.0	3.5832067695173553	1.656400536137536e-08	1:10,2:3,4:2,5:1,6:3,7:3,8:2,9:3,10:1,12:4,13:2,14:2,15:3,16:1,17:1,18:3,19:3,20:2,21:2,22:1,24:2,25:2,26:2,27:3,28:2,29:1,30:4,31:2,33:2,34:1,35:2,36:1,37:2,38:1,39:2,40:3,42:1,43:4,44:2,45:3,46:3,47:1,48:9,49:4,50:4
(105,21,92)0	2.0233849040654626	2.0	4.023384904065463	1.8337101459747329e-09	1:44,2:8,3:7,4:7,5:12,6:6,7:8,8:9,9:14,10:12,11:6,12:8,13:10,14:9,15:13,16:10,17:13,18:5,19:8,20:8,21:12,22:9,23:8,24:6,25:4,26:9,27:8,28:12,29:10,30:14,31:7,32:10,33:8,34:6,35:9,36:7,37:4,38:12,39:5,40:5,41:7,42:6,43:7,44:11,45:6,46:11,47:9,48:8,49:11,50:12
(0,(92)105)21	1.1099213755937851	3.0	4.109921375593785	1.189649777252552e-09	1:21,2:3,3:6,4:5,5:2,6:6,7:6,8:5,9:2,10:1,11:1,12:1,13:5,14:5,15:6,16:5,17:2,18:6,19:5,20:6,21:4,22:1,23:2,24:2,25:7,27:4,28:7,29:3,30:3,31:5,32:7,33:4,34:2,35:5,36:6,37:4,38:7,39:2,40:6,41:4,42:3,43:6,44:7,45:1,46:1,47:2,48:8,49:3,50:5
((0,105)21)92	1.110121375593785	3.0	4.110121375593785	1.1884607221019656e-09	1:17,2:6,3:6,4:9,5:5,6:8,7:5,8:9,9:6,10:7,11:9,12:5,13:8,14:5,15:2,16:6,17:7,18:2,19:4,20:2,21:8,22:1,23:6,24:7,25:5,26:4,27:6,28:4,29:6,30:4,31:4,32:5,33:5,34:6,35:5,36:2,37:4,38:2,39:4,40:4,41:3,42:3,43:4,44:3,45:6,46:3,47:6,48:3,49:3,50:5
((105,21)92)0	1.1462637528821233	3.0	4.146263752882123	9.919794104928708e-10	1:13,2:4,3:4,4:4,5:6,7:2,8:4,9:5,10:5,11:3,13:4,14:6,15:2,16:3,17:4,18:2,19:3,20:2,21:2,22:2,23:3,24:3,25:3,26:1,27:5,28:6,29:4,30:5,31:2,33:2,34:4,35:2,36:6,37:4,38:2,39:7,40:4,41:9,42:2,43:2,44:4,45:3,46:3,47:5,48:5,49:4,50:6
(21,(105)92)0	1.1781709405301384	3.0	4.178170940530139	8.457014600935822e-10	1:18,2:8,3:6,4:4,5:6,6:5,7:7,8:2,9:4,10:1,11:3,12:5,13:7,14:4,15:5,16:7,17:1,18:5,19:9,20:6,21:6,22:7,23:5,24:8,25:1,26:3,27:3,28:5,29:3,30:2,31:6,32:6,33:8,34:8,35:3,36:7,37:2,38:6,39:5,40:5,41:3,42:5,43:4,44:3,45:2,46:6,47:4,48:5,49:4,50:5
((0,92)105)21	1.2030500776396014	3.0	4.203050077639602	7.467800727016979e-10	1:12,2:5,3:3,4:6,5:5,6:5,7:2,8:8,9:5,10:7,11:9,12:5,13:2,14:5,15:11,16:7,17:3,18:4,19:8,20:5,21:9,22:7,23:2,24:6,25:7,26:4,27:7,28:2,29:7,30:1,31:5,32:7,33:5,34:6,35:3,36:5,37:7,38:5,39:8,40:4,41:1,42:7,43:4,44:5,45:6,46:3,47:7,48:7,49:2,50:7
((0)105,92)21	1.2246779617515782	3.0	4.224677961751578	6.702369503961275e-10	1:21,2:10,3:3,4:5,5:5,6:8,7:7,8:4,9:2,10:4,11:6,12:6,13:10,14:1,15:5,16:5,17:6,18:6,19:4,20:4,21:5,22:9,23:5,24:7,25:5,26:6,27:3,28:3,29:3,30:1,31:5,32:4,33:6,34:5,35:6,36:3,37:2,38:1,40:1,41:3,42:2,43:5,44:4,45:3,46:7,47:2,48:5,49:2,50:7
(105,(0)92)21	1.2248779617515781	3.0	4.224877961751578	6.695670484525276e-10	1:14,2:7,3:7,4:6,5:5,6:4,7:9,8:2,9:4,10:1,11:2,12:5,13:5,14:3,15:7,16:8,17:6,18:3,19:8,20:3,21:5,22:4,23:2,24:2,25:5,26:6,27:5,28:2,29:4,30:6,31:4,32:4,33:8,34:4,35:7,36:6,37:6,38:2,39:3,40:6,41:2,42:6,43:4,44:4,45:5,46:6,47:4,48:4,49:4,50:5
(105,(92)21)0	1.2810426605003047	3.0	4.2810426605003045	5.056313333033793e-10	1:24,2:3,3:2,4:3,5:1,6:5,7:5,8:6,9:3,10:1,11:7,12:5,13:7,14:2,15:3,16:3,17:3,18:8,19:10,20:2,21:4,22:6,23:3,24:1,25:6,26:2,27:4,28:4,29:5,30:6,31:6,32:5,33:2,34:5,35:3,36:4,37:6,38:4,39:4,40:3,41:6,42:3,43:4,44:3,45:5,46:4,47:4,48:4,49:2,50:3
((105)21,92)0	1.363167408764831	3.0	4.363167408764831	3.353531219750249e-10	1:10,2:4,3:6,4:2,5:3,6:4,8:6,9:3,10:7,11:6,12:2,13:1,14:6,15:8,16:1,17:7,18:1,19:3,20:3,21:6,22:6,23:5,24:4,25:8,26:4,27:4,28:3,29:2,30:4,31:6,32:8,33:1,34:5,35:2,36:5,37:2,38:3,39:6,40:6,41:3,42:5,43:4,44:7,45:9,46:5,47:7,48:7,49:8,50:2
(((0)105)92)21	0.4315944847791153	4.0	4.431594484779115	2.381852404209169e-10	1:3,2:2,3:3,4:6,5:3,6:7,7:6,8:7,9:7,10:8,11:3,12:1,13:4,14:6,15:3,16:6,17:4,18:4,19:5,20:4,21:8,22:9,23:5,24:3,25:7,26:2,27:8,28:6,29:6,30:6,31:7,32:3,33:2,34:10,35:6,36:5,37:5,38:4,39:7,40:4,41:6,42:4,43:4,44:6,46:7,47:8,48:6,49:8,50:2
(((105)0)21)92	0.44059986518648697	4.0	4.440599865186487	2.2769836442002074e-10	1:7,3:1,4:4,8:1,9:4,10:1,11:2,12:5,14:1,15:2,16:1,17:1,18:2,19:1,20:2,22:2,26:1,27:1,29:2,32:2,33:2,34:2,35:3,37:4,38:2,39:1,40:2,41:3,42:2,43:1,44:1,45:2,46:1,48:1,50:1
(((92)105)21)0	0.4560839420732525	4.0	4.456083942073253	2.1073499696342666e-10	1:6,2:3,3:2,4:2,5:2,7:1,8:4,9:1,10:2,12:4,13:1,14:1,15:1,16:1,17:1,18:1,19:2,20:1,21:1,23:1,25:1,26:1,28:5,29:2,30:2,31:3,32:1,33:2,35:1,37:1,38:1,40:2,41:1,42:2,44:2,45:2,46:5,48:2,49:3,50:3
(((92)0)105)21	0.5786750155920862	4.0	4.578675015592086	1.1416514471343685e-10	1:8,2:4,3:1,4:2,6:1,7:1,8:2,9:1,13:2,14:1,15:1,16:1,17:1,18:2,19:2,23:1,24:3,25:2,26:1,27:1,28:1,29:4,30:2,33:4,34:3,35:1,36:1,37:2,38:1,39:1,40:2,41:1,42:3,43:2,45:4,46:1,48:4,49:2,50:2
(((105)21)92)0	0.5788750155920862	4.0	4.578875015592086	1.1405103663227326e-10	1:7,2:2,3:4,4:6,5:7,6:10,7:5,8:6,9:6,10:4,11:5,12:6,13:7,14:8,15:6,16:4,17:4,18:2,19:4,20:6,21:10,22:7,23:3,24:4,25:5,26:7,27:5,28:6,29:8,30:4,31:3,32:4,33:1,35:5,36:6,37:5,38:7,39:2,40:2,41:7,42:8,43:4,44:5,45:4,46:9,47:5,48:6,49:6,50:9
(0,105,92)21	2.0364260728050017	3.0	5.036426072805002	1.1575499494381145e-11	1:38,2:10,3:8,4:8,5:8,6:9,7:5,8:5,9:8,10:8,11:9,12:8,13:10,14:7,15:12,16:10,17:8,18:11,19:3,20:8,21:7,22:6,23:5,24:8,25:8,26:10,27:5,28:12,29:6,30:12,31:5,32:9,33:9,34:3,35:8,36:7,37:16,38:8,39:11,40:9,41:16,42:13,43:8,44:8,45:8,46:8,47:7,48:8,49:7,50:11
(0,(105)92)21	1.1845748292220932	4.0	5.184574829222093	5.518725631725918e-12	1:21,2:10,3:4,4:3,5:7,6:3,7:6,8:2,9:5,10:6,11:2,12:2,13:2,14:7,15:5,16:4,17:3,18:3,19:2,20:5,21:3,22:8,23:4,24:4,25:3,26:6,27:4,28:4,29:3,30:2,31:4,32:3,33:3,34:4,35:7,36:8,37:6,38:6,39:3,40:3,41:6,42:2,43:7,44:10,45:8,46:5,47:3,48:2,49:4,50:2
((0,105)92)21	1.1879472976451142	4.0	5.187947297645114	5.426447193894954e-12	1:15,2:5,3:4,4:2,5:4,6:2,7:7,8:4,9:2,10:6,11:4,12:7,13:3,14:2,15:3,16:2,17:2,18:2,19:2,20:2,21:4,22:3,23:2,24:4,25:4,26:5,27:2,28:1,30:3,31:2,32:1,33:2,34:6,36:2,37:1,38:2,39:2,40:5,41:1,42:4,43:3,46:2,47:2,48:1,49:2,50:2
((105,92)21)0	1.253877961751578	4.0	5.253877961751578	3.902554376889758e-12	1:17,2:6,3:5,4:9,5:3,6:6,7:5,8:1,9:4,10:3,11:1,12:4,13:3,14:5,15:7,16:3,17:9,18:5,19:4,20:6,21:4,22:1,23:1,24:6,25:4,26:7,27:4,28:4,29:3,30:4,31:1,32:5,33:5,34:4,35:7,36:5,37:3,38:5,39:5,40:5,41:7,42:3,43:3,44:6,45:5,46:4,47:3,48:8,49:5,50:4
((92)0,105)21	1.2617124491126188	4.0	5.261712449112618	3.752637290875947e-12	1:18,2:7,3:6,4:5,5:7,6:4,7:3,8:2,9:4,10:2,11:2,12:3,13:7,14:5,15:7,16:5,17:5,18:4,19:3,20:6,21:5,22:2,23:9,24:6,25:5,26:8,27:2,28:5,29:4,30:3,31:6,32:5,33:8,34:5,35:2,36:4,37:5,38:4,39:4,40:5,41:6,42:2,43:1,44:1,45:6,46:3,47:5,48:2,49:5,50:4
((105)0,92)21	1.3361871139603334	4.0	5.336187113960333	2.5859308662239976e-12	1:15,2:11,3:7,4:3,5:4,6:7,7:3,8:7,9:6,10:3,11:7,12:5,13:4,14:4,15:4,16:4,17:4,18:3,19:8,20:7,21:1,22:2,23:5,24:3,25:2,26:4,27:5,28:5,29:5,30:9,31:3,32:5,34:8,35:5,36:5,37:7,38:6,39:1,40:9,41:9,42:3,43:1,44:9,45:2,46:7,47:10,48:6,49:1,50:7
(((92)105)0)21	0.440399865186487	5.0	5.440399865186487	1.5357544981173076e-12	1:9,2:2,4:1,5:2,6:1,7:1,8:3,9:6,10:2,11:2,12:3,13:4,14:4,15:1,16:3,17:1,18:3,19:1,20:2,22:1,23:4,24:6,25:2,26:2,27:2,29:2,30:3,31:3,32:4,33:6,34:2,35:2,36:1,37:1,38:2,39:2,40:2,42:1,43:2,44:2,45:2,46:2,47:2,48:5,49:2,50:2
(((105)92)21)0	0.4607944847791153	5.0	5.460794484779115	1.3868690050075747e-12	1:5,2:1,3:1,5:3,6:3,7:2,10:2,11:1,12:1,13:2,14:3,15:2,16:2,17:1,18:3,19:1,20:1,21:1,23:2,25:1,27:3,28:1,30:4,31:1,33:3,34:1,35:3,37:2,38:1,39:2,40:1,42:1,43:1,45:2,46:2,47:3,48:2,49:2,50:1
(((105)0)92)21	0.5834067695173555	5.0	5.583406769517356	7.512530511889056e-13	1:6,2:61,3:65,4:58,5:53,6:61,7:56,8:61,9:77,10:65,11:62,12:62,13:71,14:62,15:68,16:62,17:69,18:71,19:66,20:67,21:66,22:67,23:85,24:65,25:63,26:59,27:63,28:74,29:67,30:53,31:60,32:64,33:55,34:77,35:60,36:70,37:73,38:55,39:62,40:59,41:60,42:56,43:70,44:59,45:71,46:75,47:72,48:60,49:66,50:71
((105,92)0)21	1.2578633224011493	5.0	6.25786332240115	2.5776411297260334e-14	1:9,2:4,3:5,4:6,5:7,6:4,7:4,8:7,9:5,10:4,11:3,12:2,13:3,14:2,15:4,16:5,17:2,18:3,19:1,20:7,21:3,22:3,23:5,24:2,25:1,26:3,27:1,28:9,29:5,30:1,31:3,32:2,33:5,34:3,35:5,36:2,37:5,38:8,39:4,40:2,41:3,42:6,43:1,44:4,45:9,46:3,47:1,48:1,49:2,50:4
(((105)92)0)21	0.44057865396708057	6.0	6.440578653967081	1.0338586163657276e-14	1:3,2:2,3:2,4:1,5:3,6:5,7:2,8:1,9:2,11:4,12:1,13:1,14:1,16:1,17:5,19:1,20:1,21:1,22:3,26:1,27:3,29:2,30:1,34:2,36:1,37:2,38:2,41:3,42:1,44:2,45:1,46:1,48:3,50:2
