# generation count = 50 
#
generation.index	generationHighestFitness	generationMedianFitness	populationHighestFitness	populationMedianFitness
1	0.8632939774163195	1.065324632541272e-07	0.8632939774163195	1.065324632541272e-07
2	0.8632939774163195	0.001737275201733753	0.8632939774163195	1.0714228834887147e-05
3	0.8632939774163195	0.001737275201733753	0.8632939774163195	4.5801146540468254e-05
4	0.8632939774163195	0.001737275201733753	0.8632939774163195	6.243295272369002e-05
5	0.8632939774163195	0.003151252243274759	0.8632939774163195	0.00010310128699800442
6	0.8632939774163195	0.003151252243274759	0.8632939774163195	0.0002902420176444203
7	0.8632939774163195	0.003151252243274759	0.8632939774163195	0.001737275201733753
8	0.8632939774163195	0.001737275201733753	0.8632939774163195	0.001737275201733753
9	0.8632939774163195	0.003151252243274759	0.8632939774163195	0.001737275201733753
10	0.8632939774163195	0.001737275201733753	0.8632939774163195	0.001737275201733753
11	0.8632939774163195	0.003151252243274759	0.8632939774163195	0.001737275201733753
12	0.8632939774163195	0.001737275201733753	0.8632939774163195	0.001737275201733753
13	0.8632939774163195	0.001737275201733753	0.8632939774163195	0.001737275201733753
14	0.8632939774163195	0.001737275201733753	0.8632939774163195	0.001737275201733753
15	0.8632939774163195	0.001737275201733753	0.8632939774163195	0.001737275201733753
16	0.8632939774163195	0.003151252243274759	0.8632939774163195	0.001737275201733753
17	0.8632939774163195	0.001737275201733753	0.8632939774163195	0.001737275201733753
18	0.8632939774163195	0.003151252243274759	0.8632939774163195	0.001737275201733753
19	0.8632939774163195	0.003151252243274759	0.8632939774163195	0.001737275201733753
20	0.8632939774163195	0.001737275201733753	0.8632939774163195	0.001737275201733753
21	0.8632939774163195	0.001737275201733753	0.8632939774163195	0.001737275201733753
22	0.8632939774163195	0.003151252243274759	0.8632939774163195	0.001737275201733753
23	0.8632939774163195	0.001737275201733753	0.8632939774163195	0.001737275201733753
24	0.8632939774163195	0.003151252243274759	0.8632939774163195	0.001737275201733753
25	0.8632939774163195	0.003151252243274759	0.8632939774163195	0.001737275201733753
26	0.8632939774163195	0.001737275201733753	0.8632939774163195	0.001737275201733753
27	0.8632939774163195	0.003151252243274759	0.8632939774163195	0.001737275201733753
28	0.8632939774163195	0.003151252243274759	0.8632939774163195	0.001737275201733753
29	0.8632939774163195	0.002444263722504256	0.8632939774163195	0.001737275201733753
30	0.8632939774163195	0.001737275201733753	0.8632939774163195	0.001737275201733753
31	0.8632939774163195	0.003151252243274759	0.8632939774163195	0.001737275201733753
32	0.8632939774163195	0.001737275201733753	0.8632939774163195	0.001737275201733753
33	0.8632939774163195	0.003151252243274759	0.8632939774163195	0.001737275201733753
34	0.8632939774163195	0.003151252243274759	0.8632939774163195	0.001737275201733753
35	0.8632939774163195	0.001737275201733753	0.8632939774163195	0.001737275201733753
36	0.8632939774163195	0.001737275201733753	0.8632939774163195	0.001737275201733753
37	0.8632939774163195	0.001737275201733753	0.8632939774163195	0.001737275201733753
38	0.8632939774163195	0.003151252243274759	0.8632939774163195	0.001737275201733753
39	0.8632939774163195	0.001737275201733753	0.8632939774163195	0.001737275201733753
40	0.8632939774163195	0.001737275201733753	0.8632939774163195	0.001737275201733753
41	0.8632939774163195	0.001737275201733753	0.8632939774163195	0.001737275201733753
42	0.8632939774163195	0.003151252243274759	0.8632939774163195	0.001737275201733753
43	0.8632939774163195	0.002444263722504256	0.8632939774163195	0.001737275201733753
44	0.8632939774163195	0.003151252243274759	0.8632939774163195	0.001737275201733753
45	0.8632939774163195	0.001737275201733753	0.8632939774163195	0.001737275201733753
46	0.8632939774163195	0.001737275201733753	0.8632939774163195	0.001737275201733753
47	0.8632939774163195	0.003151252243274759	0.8632939774163195	0.001737275201733753
48	0.8632939774163195	0.003151252243274759	0.8632939774163195	0.001737275201733753
49	0.8632939774163195	0.001737275201733753	0.8632939774163195	0.001737275201733753
50	0.8632939774163195	0.001737275201733753	0.8632939774163195	0.001737275201733753
############################################################
Topology	MassCost	TopologyCost	Cost	Fitness	appearances(generationID:count)
(((21)0)92)105	0.02939999999999998	0.0	0.02939999999999998	0.8632939774163195	1:10,2:170,3:190,4:209,5:192,6:211,7:212,8:206,9:194,10:197,11:211,12:186,13:188,14:202,15:202,16:207,17:202,18:213,19:188,20:206,21:199,22:207,23:206,24:203,25:208,26:191,27:200,28:210,29:219,30:193,31:193,32:191,33:226,34:194,35:184,36:190,37:192,38:207,39:215,40:207,41:203,42:224,43:201,44:201,45:204,46:186,47:194,48:200,49:195,50:194
(0,(21)92)105	0.7763661355663489	0.0	0.7763661355663489	0.02061305475713325	1:20,2:21,3:10,4:9,5:9,6:6,7:5,8:14,9:10,10:9,11:7,12:8,13:9,14:8,15:2,16:8,17:11,18:11,19:15,20:7,21:3,22:9,23:7,24:6,25:9,26:7,27:11,28:4,29:4,30:13,31:10,32:9,33:11,34:6,35:11,36:9,37:7,38:6,39:10,40:9,41:8,42:8,43:8,44:10,45:3,46:4,47:11,48:13,49:7,50:2
(21,(0)92)105	0.7892596301928011	0.0	0.7892596301928011	0.019326111867734825	1:25,2:52,3:41,4:51,5:45,6:53,7:55,8:41,9:55,10:62,11:42,12:61,13:49,14:55,15:42,16:46,17:54,18:57,19:50,20:44,21:44,22:50,23:49,24:70,25:47,26:37,27:45,28:51,29:48,30:42,31:48,32:40,33:57,34:48,35:39,36:47,37:42,38:36,39:38,40:34,41:50,42:46,43:53,44:45,45:42,46:43,47:47,48:41,49:47,50:41
((21)0,92)105	0.805366135566349	0.0	0.805366135566349	0.01783075189403267	1:26,2:52,3:57,4:41,5:59,6:40,7:57,8:43,9:45,10:51,11:57,12:48,13:57,14:35,15:54,16:49,17:40,18:57,19:57,20:50,21:53,22:54,23:49,24:47,25:46,26:56,27:54,28:55,29:40,30:57,31:48,32:50,33:44,34:47,35:45,36:45,37:65,38:36,39:39,40:39,41:46,42:44,43:41,44:60,45:46,46:51,47:60,48:50,49:47,50:51
((0,21)92)105	0.815608098292311	0.0	0.815608098292311	0.016940628456802925	1:13,2:65,3:41,4:50,5:60,6:66,7:46,8:52,9:46,10:49,11:53,12:51,13:44,14:56,15:51,16:59,17:56,18:42,19:62,20:55,21:36,22:43,23:54,24:54,25:48,26:52,27:57,28:56,29:61,30:50,31:64,32:53,33:43,34:47,35:52,36:57,37:49,38:56,39:51,40:61,41:58,42:54,43:46,44:45,45:42,46:58,47:55,48:54,49:52,50:48
(((0)21)92)105	0.04710010660968691	1.0	1.047100106609687	0.005324158899285251	1:14,2:80,3:79,4:74,5:80,6:78,7:77,8:59,9:76,10:66,11:71,12:78,13:72,14:64,15:81,16:83,17:69,18:75,19:77,20:75,21:78,22:90,23:78,24:69,25:84,26:71,27:96,28:78,29:73,30:77,31:82,32:77,33:83,34:86,35:66,36:71,37:75,38:101,39:68,40:66,41:78,42:71,43:88,44:80,45:83,46:85,47:80,48:75,49:79,50:80
(((21)92)0)105	0.15199107351883373	1.0	1.1519910735188337	0.003151252243274759	1:5,2:47,3:74,4:64,5:70,6:47,7:56,8:73,9:78,10:62,11:66,12:58,13:73,14:71,15:66,16:53,17:65,18:67,19:64,20:62,21:68,22:55,23:55,24:61,25:64,26:64,27:58,28:67,29:55,30:62,31:71,32:66,33:61,34:76,35:67,36:67,37:53,38:65,39:72,40:71,41:52,42:62,43:63,44:72,45:53,46:65,47:66,48:68,49:62,50:68
(((21)0)105)92	0.2710874738385599	1.0	1.27108747383856	0.001737275201733753	1:8,2:56,3:70,4:68,5:72,6:67,7:65,8:66,9:64,10:51,11:63,12:64,13:62,14:67,15:63,16:67,17:58,18:60,19:68,20:71,21:58,22:60,23:68,24:67,25:69,26:57,27:59,28:54,29:70,30:69,31:62,32:67,33:62,34:52,35:69,36:74,37:67,38:53,39:55,40:68,41:75,42:58,43:57,44:53,45:64,46:71,47:68,48:60,49:57,50:71
(0,21,92)105	1.628959087884039	0.0	1.628959087884039	0.0002902420176444203	1:44,2:17,3:7,4:8,5:6,6:11,7:7,8:11,9:14,10:6,11:9,12:9,13:12,14:8,15:14,16:7,17:6,18:7,19:5,20:6,21:11,22:8,23:8,24:14,25:7,26:8,27:15,28:8,29:9,30:11,31:9,32:9,33:8,34:7,35:10,36:8,37:13,38:9,39:9,40:11,41:11,42:4,43:5,44:11,45:10,46:5,47:6,48:10,49:2,50:6
((0)21,92)105	0.835959736802488	1.0	1.835959736802488	0.00010310128699800442	1:25,2:18,3:3,4:10,5:14,6:4,7:10,8:5,9:5,10:11,11:6,12:10,13:5,14:5,15:7,16:6,17:8,18:7,19:11,20:10,21:5,22:9,23:12,24:5,25:6,26:12,27:15,28:8,29:6,30:11,31:4,32:9,33:10,34:15,35:10,36:10,37:8,38:5,39:11,40:13,41:13,42:3,43:5,44:10,45:13,46:7,47:4,48:8,49:8,50:11
((92)0,21)105	0.9157954517785398	1.0	1.9157954517785398	6.91676521651218e-05	1:23,2:7,3:2,4:8,5:3,6:2,7:2,8:10,9:6,10:10,11:6,12:6,13:3,14:8,15:13,16:5,17:4,18:2,19:8,20:4,21:7,22:4,23:4,24:3,25:4,26:6,27:6,28:4,29:8,30:3,31:5,32:5,33:4,34:5,35:4,36:4,37:4,38:3,39:6,40:5,41:7,42:6,43:5,44:6,45:2,46:4,47:3,48:6,49:6,50:7
((21,92)0)105	0.9362834666915784	1.0	1.9362834666915782	6.243295272369002e-05	1:15,2:10,3:7,4:7,5:7,6:10,7:10,8:8,9:9,10:6,11:6,12:7,13:12,14:14,15:10,16:7,17:10,18:6,19:9,20:7,21:10,22:5,23:7,24:9,25:6,26:8,27:11,28:14,29:12,30:15,31:4,32:13,33:11,34:10,35:8,36:17,37:8,38:17,39:12,40:9,41:7,42:8,43:17,44:11,45:12,46:7,47:9,48:10,49:12,50:8
(0,(92)21)105	0.9537113892002613	1.0	1.9537113892002613	5.7222868186674626e-05	1:18,2:9,3:8,4:7,5:5,6:5,7:4,8:8,9:7,10:10,11:9,12:9,13:7,14:7,15:6,16:7,17:3,18:12,19:6,20:4,21:5,22:3,23:5,24:5,25:6,27:6,28:7,29:6,30:6,31:12,32:7,33:10,34:4,35:3,36:6,37:6,38:4,39:4,40:6,41:4,42:3,43:4,44:6,45:5,46:8,47:7,48:11,49:13,50:5
((0)105,21)92	0.9944726793632895	1.0	1.9944726793632896	4.667212825588051e-05	1:27,2:5,3:3,4:3,5:4,6:3,7:6,8:5,9:3,10:3,11:6,12:5,13:6,14:2,15:6,16:6,17:9,18:1,19:4,20:5,21:1,22:2,23:5,24:3,25:8,26:8,27:2,28:4,29:7,30:5,31:5,32:3,33:4,34:6,35:5,36:4,37:8,38:4,39:7,40:2,41:1,42:7,43:6,44:3,45:5,46:3,47:6,48:3,49:4,50:3
(0,(21)105)92	0.9982402867045589	1.0	1.9982402867045588	4.5801146540468254e-05	1:16,2:5,3:7,4:4,5:4,6:6,7:1,8:6,9:6,10:1,11:4,12:4,13:2,14:3,15:5,16:2,17:4,18:1,19:3,20:1,21:4,22:1,23:4,24:4,25:4,26:9,27:6,28:4,29:7,30:3,31:10,32:7,33:2,34:4,35:7,36:6,37:5,38:7,39:6,40:3,41:4,42:4,43:6,44:1,45:4,46:7,47:2,48:2,49:6,50:3
((0,21)105)92	1.0058918520982658	1.0	2.005891852098266	4.4081989491149993e-05	1:16,2:8,3:4,4:4,5:2,6:3,7:4,8:6,9:3,10:4,11:3,12:1,13:2,14:5,15:3,16:2,17:2,18:2,19:1,20:2,21:3,22:7,23:6,24:2,25:9,26:1,27:1,28:3,29:3,30:2,31:3,32:2,33:7,34:7,35:3,36:1,37:5,38:3,39:4,40:4,41:4,43:4,44:3,45:2,46:4,47:5,48:4,49:4,50:5
((21)0,105)92	1.027440286704559	1.0	2.027440286704559	3.957941359763419e-05	1:29,2:7,3:7,4:5,5:5,6:3,7:4,8:7,9:2,10:2,11:2,12:6,13:6,14:5,15:7,16:7,17:4,18:5,19:8,20:5,21:5,22:2,23:4,24:8,25:6,26:5,27:5,28:1,30:1,31:4,32:3,33:7,34:3,35:2,36:4,37:6,38:4,39:5,40:5,41:4,42:3,43:9,44:5,45:4,46:5,47:3,48:2,49:6,50:5
(((0)92)21)105	0.18990701094055534	2.0	2.1899070109405554	1.7566180715837183e-05	1:9,2:3,3:5,4:4,5:14,6:7,7:5,8:8,9:7,10:7,11:3,12:10,13:6,14:4,15:14,16:5,17:5,18:4,19:8,20:7,21:13,22:5,23:5,24:7,25:9,26:8,27:5,28:11,29:6,30:6,31:3,32:5,33:6,34:6,35:9,36:3,37:8,38:4,39:8,40:7,41:5,42:6,43:7,44:10,45:5,46:11,47:12,48:8,49:11,50:5
(((92)21)0)105	0.21890701094055537	2.0	2.2189070109405553	1.5195137924011168e-05	1:8,2:12,3:10,4:1,5:13,6:11,7:10,8:9,9:7,10:10,11:10,12:4,13:3,14:14,15:5,16:11,17:9,18:4,19:7,20:10,21:8,22:12,23:13,24:8,25:6,26:15,27:11,28:11,29:10,30:7,31:7,32:11,33:9,34:10,35:9,36:14,37:8,38:18,39:7,40:3,41:17,42:12,43:8,44:9,45:14,46:9,47:12,48:7,49:9,50:11
(((0)21)105)92	0.2887875804482468	2.0	2.288787580448247	1.0714228834887147e-05	1:7,2:6,3:4,4:3,5:5,6:12,7:8,8:8,10:7,11:9,12:3,13:6,14:5,15:6,16:7,17:4,18:3,19:3,20:3,21:6,22:3,23:2,24:5,25:3,26:6,27:5,28:2,29:5,30:9,31:5,32:8,33:4,34:9,35:6,36:8,37:5,38:6,39:8,40:7,41:5,42:6,43:5,44:3,45:10,46:5,47:6,48:7,49:8,50:6
(((21)92)105)0	0.39369975857680006	2.0	2.3936997585768003	6.340843254715185e-06	1:5,2:1,3:2,4:1,5:2,6:4,7:1,8:1,9:3,10:1,11:3,12:1,13:1,15:1,17:1,18:3,19:2,20:2,21:2,22:1,23:1,26:1,29:3,30:1,31:1,32:2,33:2,34:1,35:1,37:1,38:3,39:1,40:4,41:2,43:2,44:1,45:4,48:1,49:1,50:3
(((21)105)0)92	0.39369975857680006	2.0	2.3936997585768003	6.340843254715185e-06	1:5,4:1,6:1,7:2,8:1,9:1,10:2,11:1,12:1,13:2,14:2,15:4,16:2,17:4,20:3,22:2,23:3,24:2,25:3,26:1,27:2,28:2,29:1,30:2,31:3,33:3,34:1,35:1,36:2,37:1,40:1,41:1,42:1,43:1,44:2,45:2,46:1,47:2,48:2,49:1,50:1
(0,105,21)92	1.847357049950009	1.0	2.847357049950009	6.562098212019319e-07	1:40,2:8,3:5,4:9,5:4,6:10,7:6,8:6,9:6,10:7,11:8,12:13,13:4,14:11,15:11,16:5,17:16,18:9,19:8,20:8,21:7,22:12,23:3,24:10,25:11,26:14,27:8,28:11,29:6,30:4,31:8,32:8,33:3,34:4,35:11,36:9,37:12,38:11,39:7,40:9,41:6,42:5,43:8,44:6,45:14,46:12,47:12,48:13,49:5,50:4
((0,92)21)105	0.9426873553835333	2.0	2.9426873553835335	4.074136710399349e-07	1:11,2:15,3:15,4:11,5:17,6:15,7:9,8:12,9:12,10:7,11:16,12:11,13:15,14:12,15:14,16:11,17:16,18:7,19:11,20:16,21:11,22:14,23:6,24:7,25:9,26:13,27:13,28:13,29:10,30:17,31:10,32:10,33:5,34:9,35:14,36:8,37:24,38:13,39:12,40:11,41:11,42:14,43:10,44:16,45:15,46:10,47:13,48:8,49:11,50:11
(105,(0)21)92	1.0413727859729764	2.0	3.0413727859729764	2.487384411154699e-07	1:12,2:3,3:4,4:2,5:5,6:4,7:5,8:5,9:4,10:7,11:5,12:6,13:7,14:2,15:9,16:6,17:4,18:2,19:5,20:6,21:9,22:6,23:2,24:5,25:2,26:3,27:6,28:6,29:5,30:7,31:3,32:3,33:5,34:5,35:4,36:8,37:2,38:5,39:4,40:6,41:7,42:7,43:6,44:3,45:3,46:1,47:6,48:3,49:2,50:4
((92)105,21)0	1.0913356495597493	2.0	3.091335649559749	1.9375366596180968e-07	1:15,2:3,3:5,4:7,5:8,6:2,7:2,8:2,9:1,10:6,11:4,12:8,13:3,14:7,15:1,16:4,17:8,18:4,19:7,20:5,21:5,22:6,23:6,24:2,25:6,26:2,27:5,28:4,29:1,30:3,31:2,32:5,33:3,34:4,35:2,36:7,37:8,38:4,39:2,40:5,41:6,42:4,43:3,44:6,45:8,46:3,47:5,48:2,49:3,50:4
((105,21)0)92	1.0915356495597492	2.0	3.0915356495597495	1.935600091403964e-07	1:8,2:1,3:5,4:7,5:6,6:1,7:4,8:3,9:5,10:1,11:9,12:2,13:3,14:3,15:1,16:6,17:3,18:7,19:4,20:1,21:4,22:3,23:1,24:1,25:2,26:4,27:3,28:3,29:9,30:6,31:5,32:3,33:4,34:2,35:3,36:6,37:2,38:1,39:3,40:7,41:2,42:6,43:5,44:3,45:2,46:2,47:6,48:7,49:5,50:4
((21,92)105)0	1.1825593887696013	2.0	3.1825593887696013	1.227891790197161e-07	1:18,2:5,3:2,4:6,5:4,6:7,7:3,8:4,9:10,10:3,11:6,13:4,14:3,15:6,16:5,17:4,18:5,19:3,20:3,21:5,22:2,23:3,24:3,25:2,26:6,27:4,28:5,29:5,30:1,31:3,32:9,33:1,34:2,35:4,36:5,37:5,38:5,39:6,40:5,41:5,42:3,43:4,44:3,45:4,46:1,47:4,48:2,49:5,50:1
(((92)0)21)105	0.1986911801285207	3.0	3.1986911801285207	1.1327403102154435e-07	1:9,2:52,3:68,4:75,5:65,6:65,7:64,8:73,9:70,10:73,11:64,12:61,13:72,14:56,15:72,16:60,17:71,18:59,19:61,20:65,21:69,22:67,23:69,24:65,25:56,26:64,27:58,28:57,29:62,30:58,31:69,32:64,33:55,34:67,35:63,36:63,37:69,38:65,39:55,40:71,41:66,42:63,43:76,44:63,45:61,46:75,47:64,48:63,49:64,50:77
((105)0,21)92	1.2091078568691112	2.0	3.209107856869111	1.0752534127747842e-07	1:18,2:2,3:4,4:3,5:3,6:5,7:8,8:2,9:4,10:1,11:7,12:5,13:6,14:6,15:2,16:4,17:3,18:2,19:2,20:2,21:3,22:5,23:1,24:4,26:4,27:2,28:4,29:4,30:8,31:5,32:2,33:2,34:3,35:6,36:6,37:7,38:1,39:3,41:2,42:6,43:2,44:6,45:3,46:5,47:5,48:2,49:4,50:3
((21)105,92)0	1.2109632157914623	2.0	3.2109632157914625	1.065324632541272e-07	1:24,2:4,3:9,4:3,6:5,7:4,8:4,9:4,10:3,11:4,12:3,13:3,15:4,16:6,17:7,18:3,19:7,20:8,21:10,22:5,23:6,24:6,25:6,26:5,27:7,28:4,29:2,30:3,31:6,32:7,33:6,34:2,35:2,36:3,37:7,38:9,39:6,40:3,41:4,42:5,43:9,44:3,45:6,46:7,47:2,48:5,49:6,50:3
(105,(21)92)0	1.2111632157914622	2.0	3.211163215791462	1.0642598403935398e-07	1:15,2:6,3:4,4:3,5:2,6:5,7:2,8:3,9:2,10:3,11:5,12:5,13:3,14:9,15:4,16:3,17:2,18:4,19:4,20:7,21:2,22:2,23:4,24:5,25:5,26:4,27:5,28:4,29:2,30:5,31:3,32:7,33:5,34:8,35:4,36:3,37:3,38:2,39:3,40:7,41:4,42:3,43:4,44:2,45:1,46:4,47:3,48:4,49:6,50:7
(0,(105)21)92	1.2424920403655635	2.0	3.2424920403655637	9.099509783480316e-08	1:18,2:2,3:6,4:2,5:8,6:6,7:4,8:6,9:6,10:9,11:3,12:6,13:7,14:3,15:6,16:4,17:6,18:8,19:5,20:6,21:11,22:2,23:4,24:4,25:1,26:1,27:5,28:3,29:5,30:9,31:7,32:4,33:4,34:5,35:2,36:3,37:4,38:3,39:2,40:4,41:4,42:3,43:1,44:4,45:5,46:2,47:4,48:3,49:5,50:4
(((21)105)92)0	0.39367854735739366	3.0	3.3936785473573936	4.272879718894434e-08	1:6,2:68,3:65,4:69,5:57,6:68,7:68,8:66,9:56,10:76,11:65,12:65,13:63,14:64,15:46,16:64,17:80,18:75,19:53,20:61,21:79,22:71,23:77,24:64,25:67,26:75,27:51,28:55,29:64,30:61,31:58,32:66,33:60,34:66,35:77,36:65,37:74,38:58,39:69,40:52,41:51,42:74,43:56,44:66,45:68,46:69,47:54,48:66,49:78,50:71
(((0)105)21)92	0.42708394207325245	3.0	3.4270839420732524	3.6156116301167005e-08	1:6,2:3,3:3,5:1,6:3,7:1,8:2,9:1,10:1,12:2,13:1,14:1,15:1,16:4,17:2,19:2,20:3,21:1,23:1,24:2,25:3,26:1,28:4,29:2,30:2,31:2,32:2,34:2,37:2,39:2,40:3,41:2,42:3,44:2,46:1,47:3,48:2,49:3,50:1
(((0)92)105)21	0.42708394207325245	3.0	3.4270839420732524	3.6156116301167005e-08	1:7,2:6,3:3,4:4,5:2,7:3,8:3,9:1,10:3,11:2,12:1,13:1,15:2,16:2,18:3,20:2,22:4,23:2,24:1,25:1,27:2,28:2,29:2,30:2,31:1,33:2,34:3,36:1,37:1,38:4,39:2,40:1,41:2,43:1,44:1,45:4,46:1,47:4,48:1,50:1
(((105)21)0)92	0.45628394207325246	3.0	3.4562839420732523	3.1244586418893275e-08	1:7,2:2,3:2,5:6,6:3,7:3,8:4,9:3,11:2,12:2,13:4,14:4,15:3,16:1,17:3,18:3,19:3,20:4,21:2,22:4,23:2,24:1,25:5,27:5,28:4,29:3,31:2,32:2,33:3,34:2,35:2,36:3,37:4,38:2,39:3,40:4,41:2,42:4,43:3,44:5,45:3,46:2,47:4,48:3,49:2,50:2
(((92)21)105)0	0.5832067695173555	3.0	3.5832067695173553	1.656400536137536e-08	1:6,2:2,3:2,4:1,5:4,6:6,7:4,8:3,9:1,10:3,11:1,12:4,13:1,14:3,16:7,17:1,18:1,19:2,20:3,21:1,22:4,23:1,24:2,25:5,26:2,27:1,28:3,29:1,30:2,31:2,32:1,33:1,34:4,35:3,36:3,37:2,38:2,39:5,40:1,41:1,42:2,44:2,45:4,46:2,48:1,49:2,50:2
(105,21,92)0	2.0233849040654626	2.0	4.023384904065463	1.8337101459747329e-09	1:41,2:11,3:5,4:5,5:7,6:5,7:4,8:3,9:10,10:12,11:8,12:12,13:10,14:7,15:3,16:10,17:5,18:11,19:8,20:9,21:11,22:6,23:12,24:17,25:9,26:8,27:5,28:10,29:5,30:17,31:10,32:3,33:9,34:9,35:10,36:5,37:5,38:6,39:12,40:9,41:13,42:15,43:11,44:8,45:6,46:14,47:5,48:8,49:9,50:10
(0,(92)105)21	1.1099213755937851	3.0	4.109921375593785	1.189649777252552e-09	1:28,2:1,3:9,4:5,5:4,6:3,7:4,8:6,9:8,10:1,11:1,12:8,13:4,14:1,15:4,16:4,17:4,18:2,19:6,21:3,22:5,23:2,24:4,25:10,26:4,27:1,28:4,29:5,30:7,31:1,32:6,33:5,34:3,35:3,36:3,37:3,38:4,39:4,40:7,41:4,42:4,43:6,44:2,45:3,46:6,47:3,48:3,50:4
((0,105)21)92	1.110121375593785	3.0	4.110121375593785	1.1884607221019656e-09	1:15,2:8,3:6,4:5,5:3,6:4,7:5,8:1,9:4,10:5,11:2,12:4,13:7,14:3,15:6,16:5,17:6,18:3,19:9,20:2,21:6,22:7,23:5,24:1,25:4,26:5,27:3,28:6,29:7,30:5,31:3,32:5,33:8,34:6,35:2,36:5,37:3,38:8,39:6,40:4,42:1,43:9,44:4,45:5,46:3,47:1,48:4,49:1,50:3
((105,21)92)0	1.1462637528821233	3.0	4.146263752882123	9.919794104928708e-10	1:13,2:1,3:5,4:1,5:3,7:2,8:2,9:5,10:2,11:2,12:2,13:3,14:3,15:4,16:3,17:2,18:3,19:2,20:1,21:3,22:2,23:2,24:2,25:3,26:4,27:4,28:2,29:1,30:5,31:3,32:6,33:2,34:5,35:2,36:1,37:5,38:3,39:7,40:2,41:3,42:1,43:3,44:3,45:2,46:2,47:4,48:3,49:4,50:3
(21,(105)92)0	1.1781709405301384	3.0	4.178170940530139	8.457014600935822e-10	1:16,2:8,3:4,4:4,5:2,6:1,7:6,8:5,9:3,10:3,11:3,12:2,13:5,14:6,15:3,16:3,17:7,18:7,19:4,20:4,21:3,22:4,23:4,24:6,25:9,26:4,27:9,28:3,29:6,30:6,31:7,32:5,33:5,34:6,35:4,36:5,37:3,38:8,39:4,40:7,41:5,42:5,43:4,44:6,45:7,46:6,47:6,48:2,49:12,50:2
((0,92)105)21	1.2030500776396014	3.0	4.203050077639602	7.467800727016979e-10	1:10,2:5,3:5,4:6,5:6,6:10,7:4,8:7,9:1,10:7,11:6,12:4,13:4,14:4,15:3,16:4,17:3,18:7,19:4,20:5,21:2,22:2,23:3,24:4,25:11,26:8,27:4,28:3,29:5,30:5,31:2,32:6,33:5,34:3,35:9,36:5,37:6,38:6,39:3,40:4,41:3,42:6,43:3,44:4,45:6,46:6,47:7,48:5,49:4,50:2
((0)105,92)21	1.2246779617515782	3.0	4.224677961751578	6.702369503961275e-10	1:21,2:4,3:1,4:3,5:3,6:1,7:8,8:5,9:2,10:5,11:2,12:2,13:2,14:4,15:5,16:7,17:1,18:2,19:2,20:3,21:1,22:4,23:2,24:5,25:5,26:3,27:3,28:3,29:4,30:3,31:4,32:6,33:3,34:6,35:4,36:4,37:2,38:4,39:6,40:6,41:4,42:3,43:1,44:8,45:1,46:1,47:2,49:2,50:5
(105,(0)92)21	1.2248779617515781	3.0	4.224877961751578	6.695670484525276e-10	1:21,2:6,3:4,4:5,5:4,6:3,7:6,8:3,9:2,10:3,11:7,12:3,13:3,14:5,15:7,16:8,17:3,18:7,19:4,20:4,21:1,22:4,23:5,24:6,25:3,26:7,27:5,28:4,29:6,30:4,31:6,32:1,33:8,34:7,35:6,36:7,37:3,38:4,39:2,40:3,41:9,42:6,43:10,44:5,45:4,46:5,47:3,48:5,49:5,50:4
(105,(92)21)0	1.2810426605003047	3.0	4.2810426605003045	5.056313333033793e-10	1:20,2:3,3:5,4:6,5:1,6:4,7:2,8:10,9:2,10:4,11:7,12:1,13:5,14:6,15:1,16:5,17:2,18:8,19:3,20:2,21:5,22:2,23:3,24:7,25:1,26:3,27:6,28:6,29:7,31:3,32:5,33:3,34:3,35:6,36:5,37:3,38:4,39:5,40:3,41:2,42:8,43:9,44:5,45:4,46:5,47:4,48:4,49:2,50:4
((105)21,92)0	1.363167408764831	3.0	4.363167408764831	3.353531219750249e-10	1:21,2:7,3:6,4:2,5:4,6:4,7:6,8:6,9:5,10:6,11:3,12:2,13:4,14:3,15:5,16:2,17:7,18:1,19:3,20:2,21:8,23:3,24:4,25:4,26:6,27:1,28:4,29:2,30:5,31:3,32:4,33:4,34:3,35:8,36:3,37:4,38:2,39:2,40:3,41:5,42:3,43:1,44:5,45:3,46:7,47:8,48:4,49:7,50:7
(((0)105)92)21	0.4315944847791153	4.0	4.431594484779115	2.381852404209169e-10	1:4,2:6,3:5,4:5,5:3,6:6,7:4,8:10,9:9,10:4,12:8,13:8,14:9,15:10,16:7,17:4,18:11,19:4,20:6,21:4,22:3,23:6,24:6,25:3,26:6,27:7,28:4,29:8,30:5,31:5,32:10,33:7,34:2,35:15,36:3,37:4,38:8,39:6,40:6,41:6,42:4,43:5,44:2,45:7,46:4,47:7,48:5,49:6,50:8
(((105)0)21)92	0.44059986518648697	4.0	4.440599865186487	2.2769836442002074e-10	1:4,2:3,3:3,4:1,5:2,6:2,7:3,9:1,11:5,12:1,13:2,15:1,16:2,17:1,18:2,19:3,20:1,22:1,23:3,27:2,28:1,29:1,31:2,32:2,33:1,34:1,35:3,36:1,38:1,39:2,40:1,42:2,43:2,45:1,47:2,48:2,49:2,50:2
(((92)105)21)0	0.4560839420732525	4.0	4.456083942073253	2.1073499696342666e-10	1:9,2:1,9:2,12:2,14:1,15:2,21:1,22:3,23:1,25:3,26:3,27:1,28:3,29:1,31:4,33:2,34:1,35:2,36:1,38:1,39:3,40:4,43:1,44:2,46:2,47:4,49:3,50:2
(((92)0)105)21	0.5786750155920862	4.0	4.578675015592086	1.1416514471343685e-10	1:4,4:2,5:2,6:4,7:1,8:1,9:4,11:1,12:1,13:1,14:2,15:1,17:2,19:3,20:4,21:1,22:3,24:3,25:2,26:4,27:1,28:2,29:2,30:2,32:2,33:1,34:1,35:3,36:1,38:1,39:2,40:1,41:1,43:2,44:3,45:1,48:1
(((105)21)92)0	0.5788750155920862	4.0	4.578875015592086	1.1405103663227326e-10	1:5,2:3,3:7,4:3,5:1,6:3,7:6,8:6,10:6,11:7,12:4,13:8,14:8,15:3,16:1,17:7,18:7,19:9,20:8,21:7,22:7,23:12,24:3,25:7,26:5,27:4,28:6,29:7,30:7,31:8,32:7,33:6,34:1,35:5,36:4,37:5,38:7,39:4,40:5,41:7,42:6,43:5,44:4,45:3,46:4,47:2,48:5,49:1,50:11
(0,105,92)21	2.0364260728050017	3.0	5.036426072805002	1.1575499494381145e-11	1:45,2:9,3:11,4:10,5:7,6:9,7:6,8:7,9:9,10:10,11:7,12:10,13:4,14:7,15:9,16:6,17:3,18:8,19:12,20:9,21:8,22:11,23:6,24:10,25:7,26:6,27:10,28:7,29:8,30:10,31:4,32:14,33:5,34:7,35:7,36:9,37:6,38:16,39:7,40:7,41:7,42:5,43:9,44:6,45:10,46:4,47:5,48:10,49:6,50:11
(0,(105)92)21	1.1845748292220932	4.0	5.184574829222093	5.518725631725918e-12	1:18,2:3,3:4,4:4,5:5,6:3,7:11,8:2,9:5,10:3,11:5,12:1,13:5,14:5,15:1,16:6,17:5,18:2,19:3,20:9,21:7,22:5,23:2,24:5,25:1,26:4,27:6,28:4,29:8,30:4,31:2,32:3,33:4,34:3,35:8,36:2,37:4,38:5,39:3,40:5,41:4,42:6,44:5,45:7,46:2,47:7,48:7,49:4,50:5
((0,105)92)21	1.1879472976451142	4.0	5.187947297645114	5.426447193894954e-12	1:14,2:5,3:5,4:3,5:2,6:1,7:3,8:5,9:3,10:3,11:6,12:6,13:3,14:5,15:6,16:2,17:2,18:6,19:2,20:1,21:2,22:2,23:4,24:3,25:1,26:5,27:3,28:5,29:1,30:1,31:4,32:1,33:3,34:2,35:2,36:6,37:6,38:4,39:4,40:3,41:4,42:6,43:4,44:3,45:1,46:4,47:3,48:6,49:5,50:5
((105,92)21)0	1.253877961751578	4.0	5.253877961751578	3.902554376889758e-12	1:16,2:1,3:4,4:8,5:11,6:1,7:4,8:5,9:6,10:3,11:2,12:9,13:3,14:6,15:6,16:8,17:4,18:6,20:5,21:8,22:2,23:1,24:3,25:3,26:3,27:2,28:4,29:6,30:6,31:3,32:2,33:1,34:6,35:6,36:4,37:5,38:5,39:4,40:5,41:3,42:3,43:6,44:8,45:6,46:3,47:7,48:5,49:5,50:6
((92)0,105)21	1.2617124491126188	4.0	5.261712449112618	3.752637290875947e-12	1:19,2:5,3:3,4:8,5:2,6:6,7:2,8:6,9:6,10:2,11:3,12:1,13:6,14:5,15:1,16:3,17:3,18:2,19:4,20:1,21:1,22:5,23:6,24:4,25:5,26:4,27:3,28:6,29:7,30:7,31:6,32:3,33:5,34:5,35:1,36:4,37:3,38:5,39:2,40:6,41:2,42:5,43:5,44:4,45:7,46:7,47:3,48:3,49:7,50:4
((105)0,92)21	1.3361871139603334	4.0	5.336187113960333	2.5859308662239976e-12	1:23,2:5,3:6,4:5,5:7,6:6,7:4,8:3,9:8,10:8,11:5,12:5,13:4,14:5,15:4,16:4,17:3,18:5,19:3,20:6,21:9,22:2,23:4,24:7,25:3,26:9,27:3,28:7,29:1,30:4,31:6,32:5,33:5,34:3,35:4,36:6,37:2,38:3,39:6,40:7,41:8,42:6,43:3,44:4,45:3,46:4,47:4,48:8,49:2,50:6
(((92)105)0)21	0.440399865186487	5.0	5.440399865186487	1.5357544981173076e-12	1:4,2:1,4:4,5:2,6:2,7:2,8:1,9:1,10:1,11:1,13:2,14:2,15:2,16:2,17:4,18:4,19:3,20:1,21:5,22:2,23:4,24:1,25:1,26:5,27:3,28:4,29:2,30:1,31:1,32:2,33:4,35:1,36:2,37:2,39:3,40:1,41:2,42:3,43:2,44:4,45:2,46:3,47:2,48:3,49:3
(((105)92)21)0	0.4607944847791153	5.0	5.460794484779115	1.3868690050075747e-12	1:10,3:1,4:3,5:2,6:5,7:3,8:2,10:2,11:1,12:4,13:1,14:1,15:2,17:2,18:2,19:2,20:2,21:3,22:3,23:1,27:1,29:1,30:1,31:2,32:3,33:2,35:2,37:2,38:2,39:3,40:3,42:1,43:1,47:2,48:2,49:1,50:1
(((105)0)92)21	0.5834067695173555	5.0	5.583406769517356	7.512530511889056e-13	1:8,2:66,3:64,4:64,5:44,6:58,7:60,8:56,9:72,10:76,11:64,12:78,13:78,14:74,15:64,16:63,17:58,18:62,19:68,20:72,21:59,22:68,23:68,24:61,25:66,26:66,27:65,28:56,29:58,30:57,31:68,32:69,33:66,34:79,35:71,36:69,37:59,38:57,39:77,40:70,41:74,42:61,43:61,44:62,45:75,46:64,47:55,48:76,49:64,50:59
((105,92)0)21	1.2578633224011493	5.0	6.25786332240115	2.5776411297260334e-14	1:13,2:3,3:2,4:4,5:4,6:4,7:4,8:2,9:3,10:3,11:2,12:4,13:4,14:3,15:2,16:5,17:6,19:4,20:3,21:3,22:7,23:5,24:3,25:5,26:7,27:2,28:7,29:5,30:2,31:3,33:2,34:4,35:6,36:3,37:3,38:3,39:3,40:3,41:3,42:7,43:4,44:2,45:4,46:7,47:7,48:1,49:5,50:2
(((105)92)0)21	0.44057865396708057	6.0	6.440578653967081	1.0338586163657276e-14	1:10,2:2,3:2,5:6,7:3,8:1,9:2,10:1,11:2,12:2,14:1,15:1,16:2,17:2,18:1,19:2,20:1,21:1,22:1,23:3,24:1,25:1,27:1,28:3,30:3,31:1,33:1,34:2,35:2,36:2,38:1,40:1,41:1,42:1,43:4,44:3,45:2,46:1,48:1,49:2,50:1
