# generation count = 50 
#
generation.index	generationHighestFitness	generationMedianFitness	populationHighestFitness	populationMedianFitness
1	0.8632939774163195	1.065324632541272e-07	0.8632939774163195	1.065324632541272e-07
2	0.8632939774163195	0.001737275201733753	0.8632939774163195	6.562098212019319e-07
3	0.8632939774163195	0.003151252243274759	0.8632939774163195	4.494156801580913e-05
4	0.8632939774163195	0.001737275201733753	0.8632939774163195	6.243295272369002e-05
5	0.8632939774163195	0.003151252243274759	0.8632939774163195	6.91676521651218e-05
6	0.8632939774163195	0.001737275201733753	0.8632939774163195	0.00010310128699800442
7	0.8632939774163195	0.003151252243274759	0.8632939774163195	0.0002902420176444203
8	0.8632939774163195	0.001737275201733753	0.8632939774163195	0.001737275201733753
9	0.8632939774163195	0.001737275201733753	0.8632939774163195	0.001737275201733753
10	0.8632939774163195	0.001737275201733753	0.8632939774163195	0.001737275201733753
11	0.8632939774163195	0.001737275201733753	0.8632939774163195	0.001737275201733753
12	0.8632939774163195	0.001737275201733753	0.8632939774163195	0.001737275201733753
13	0.8632939774163195	0.003151252243274759	0.8632939774163195	0.001737275201733753
14	0.8632939774163195	0.003151252243274759	0.8632939774163195	0.001737275201733753
15	0.8632939774163195	0.001737275201733753	0.8632939774163195	0.001737275201733753
16	0.8632939774163195	0.003151252243274759	0.8632939774163195	0.001737275201733753
17	0.8632939774163195	0.003151252243274759	0.8632939774163195	0.001737275201733753
18	0.8632939774163195	0.001737275201733753	0.8632939774163195	0.001737275201733753
19	0.8632939774163195	0.001737275201733753	0.8632939774163195	0.001737275201733753
20	0.8632939774163195	0.001737275201733753	0.8632939774163195	0.001737275201733753
21	0.8632939774163195	0.001737275201733753	0.8632939774163195	0.001737275201733753
22	0.8632939774163195	0.003151252243274759	0.8632939774163195	0.001737275201733753
23	0.8632939774163195	0.001737275201733753	0.8632939774163195	0.001737275201733753
24	0.8632939774163195	0.001737275201733753	0.8632939774163195	0.001737275201733753
25	0.8632939774163195	0.001737275201733753	0.8632939774163195	0.001737275201733753
26	0.8632939774163195	0.001737275201733753	0.8632939774163195	0.001737275201733753
27	0.8632939774163195	0.003151252243274759	0.8632939774163195	0.001737275201733753
28	0.8632939774163195	0.003151252243274759	0.8632939774163195	0.001737275201733753
29	0.8632939774163195	0.001737275201733753	0.8632939774163195	0.001737275201733753
30	0.8632939774163195	0.003151252243274759	0.8632939774163195	0.001737275201733753
31	0.8632939774163195	0.001737275201733753	0.8632939774163195	0.001737275201733753
32	0.8632939774163195	0.001737275201733753	0.8632939774163195	0.001737275201733753
33	0.8632939774163195	0.001737275201733753	0.8632939774163195	0.001737275201733753
34	0.8632939774163195	0.001737275201733753	0.8632939774163195	0.001737275201733753
35	0.8632939774163195	0.003151252243274759	0.8632939774163195	0.001737275201733753
36	0.8632939774163195	0.003151252243274759	0.8632939774163195	0.001737275201733753
37	0.8632939774163195	0.003151252243274759	0.8632939774163195	0.001737275201733753
38	0.8632939774163195	0.001737275201733753	0.8632939774163195	0.001737275201733753
39	0.8632939774163195	0.003151252243274759	0.8632939774163195	0.001737275201733753
40	0.8632939774163195	0.001737275201733753	0.8632939774163195	0.001737275201733753
41	0.8632939774163195	0.001737275201733753	0.8632939774163195	0.001737275201733753
42	0.8632939774163195	0.003151252243274759	0.8632939774163195	0.001737275201733753
43	0.8632939774163195	0.003151252243274759	0.8632939774163195	0.001737275201733753
44	0.8632939774163195	0.003151252243274759	0.8632939774163195	0.001737275201733753
45	0.8632939774163195	0.003151252243274759	0.8632939774163195	0.001737275201733753
46	0.8632939774163195	0.001737275201733753	0.8632939774163195	0.001737275201733753
47	0.8632939774163195	0.002444263722504256	0.8632939774163195	0.001737275201733753
48	0.8632939774163195	0.003151252243274759	0.8632939774163195	0.001737275201733753
49	0.8632939774163195	0.003151252243274759	0.8632939774163195	0.001737275201733753
50	0.8632939774163195	0.001737275201733753	0.8632939774163195	0.001737275201733753
############################################################
Topology	MassCost	TopologyCost	Cost	Fitness	appearances(generationID:count)
(((21)0)92)105	0.02939999999999998	0.0	0.02939999999999998	0.8632939774163195	1:6,2:195,3:194,4:204,5:180,6:186,7:194,8:217,9:169,10:208,11:194,12:188,13:191,14:197,15:221,16:205,17:196,18:217,19:208,20:186,21:204,22:198,23:198,24:186,25:188,26:211,27:229,28:204,29:199,30:211,31:187,32:217,33:171,34:200,35:194,36:207,37:194,38:213,39:188,40:197,41:184,42:208,43:202,44:188,45:190,46:226,47:195,48:189,49:223,50:198
(0,(21)92)105	0.7763661355663489	0.0	0.7763661355663489	0.02061305475713325	1:12,2:26,3:7,4:7,5:8,6:11,7:6,8:7,9:8,10:8,11:7,12:7,13:10,14:5,15:1,16:3,17:6,18:7,19:6,20:2,21:16,22:15,23:6,24:9,25:6,26:3,27:7,28:11,29:3,30:9,31:7,32:3,33:5,34:10,35:7,36:12,37:10,38:9,39:5,40:5,41:14,42:10,43:11,44:6,45:10,46:7,47:4,48:11,49:9,50:6
(21,(0)92)105	0.7892596301928011	0.0	0.7892596301928011	0.019326111867734825	1:27,2:57,3:46,4:39,5:49,6:39,7:51,8:51,9:49,10:35,11:43,12:56,13:41,14:45,15:48,16:34,17:57,18:41,19:57,20:51,21:36,22:49,23:51,24:51,25:51,26:60,27:46,28:45,29:45,30:39,31:40,32:50,33:47,34:43,35:53,36:51,37:50,38:52,39:60,40:63,41:49,42:49,43:43,44:48,45:55,46:41,47:47,48:53,49:54,50:55
((21)0,92)105	0.805366135566349	0.0	0.805366135566349	0.01783075189403267	1:19,2:58,3:47,4:47,5:52,6:56,7:69,8:53,9:39,10:47,11:50,12:40,13:51,14:52,15:45,16:63,17:60,18:48,19:38,20:40,21:37,22:35,23:49,24:54,25:40,26:44,27:51,28:56,29:56,30:40,31:43,32:41,33:51,34:43,35:54,36:51,37:50,38:34,39:52,40:49,41:31,42:62,43:46,44:49,45:53,46:45,47:51,48:49,49:45,50:40
((0,21)92)105	0.815608098292311	0.0	0.815608098292311	0.016940628456802925	1:12,2:45,3:62,4:57,5:67,6:59,7:53,8:42,9:47,10:54,11:45,12:45,13:57,14:53,15:41,16:63,17:53,18:51,19:57,20:60,21:54,22:61,23:50,24:49,25:51,26:48,27:57,28:62,29:38,30:66,31:61,32:65,33:70,34:48,35:76,36:48,37:60,38:56,39:54,40:50,41:72,42:69,43:50,44:54,45:46,46:54,47:60,48:50,49:48,50:46
(((0)21)92)105	0.04710010660968691	1.0	1.047100106609687	0.005324158899285251	1:7,2:62,3:81,4:74,5:80,6:68,7:75,8:56,9:72,10:69,11:76,12:86,13:73,14:79,15:91,16:71,17:83,18:77,19:66,20:87,21:78,22:79,23:66,24:83,25:77,26:56,27:75,28:83,29:75,30:71,31:64,32:71,33:81,34:59,35:77,36:82,37:75,38:67,39:85,40:73,41:66,42:66,43:79,44:104,45:83,46:65,47:84,48:81,49:70,50:84
(((21)92)0)105	0.15199107351883373	1.0	1.1519910735188337	0.003151252243274759	1:6,2:51,3:70,4:68,5:67,6:73,7:58,8:66,9:68,10:68,11:67,12:67,13:84,14:70,15:50,16:66,17:59,18:56,19:63,20:55,21:63,22:67,23:72,24:65,25:64,26:76,27:57,28:54,29:65,30:77,31:61,32:52,33:74,34:86,35:65,36:74,37:63,38:61,39:66,40:55,41:78,42:56,43:77,44:61,45:76,46:54,47:59,48:77,49:60,50:63
(((21)0)105)92	0.2710874738385599	1.0	1.27108747383856	0.001737275201733753	1:11,2:49,3:49,4:68,5:58,6:65,7:75,8:63,9:57,10:82,11:61,12:68,13:58,14:69,15:70,16:47,17:56,18:69,19:69,20:48,21:82,22:54,23:70,24:57,25:76,26:71,27:59,28:57,29:56,30:68,31:61,32:59,33:54,34:53,35:59,36:56,37:56,38:77,39:63,40:56,41:77,42:60,43:57,44:63,45:59,46:55,47:58,48:63,49:64,50:67
(0,21,92)105	1.628959087884039	0.0	1.628959087884039	0.0002902420176444203	1:39,2:21,3:11,4:11,5:13,6:14,7:9,8:11,9:13,10:13,11:5,12:3,13:5,14:16,15:7,16:10,17:3,18:9,19:12,20:10,21:13,22:4,23:10,24:9,25:10,26:11,27:9,28:8,29:6,30:8,31:9,32:8,33:7,34:15,35:16,36:4,37:6,38:9,39:8,40:6,41:6,42:10,43:6,44:8,45:7,46:9,47:11,48:11,49:12,50:8
((0)21,92)105	0.835959736802488	1.0	1.835959736802488	0.00010310128699800442	1:13,2:12,3:10,4:9,5:9,6:6,7:8,8:9,9:11,10:10,11:12,12:11,13:9,14:5,15:8,16:16,17:5,18:11,19:10,20:8,21:6,22:14,23:12,24:7,25:12,26:9,27:10,28:9,29:10,30:7,31:7,32:15,33:7,34:10,35:7,36:9,37:13,38:5,39:13,40:9,41:12,42:16,43:9,44:11,45:10,46:3,47:8,48:11,49:6,50:7
((92)0,21)105	0.9157954517785398	1.0	1.9157954517785398	6.91676521651218e-05	1:24,2:21,3:7,4:8,5:6,6:1,7:7,8:9,9:6,10:7,11:2,12:9,13:9,14:5,15:3,16:4,17:3,18:6,19:6,20:8,21:11,22:2,23:4,24:7,25:8,26:6,27:6,28:5,29:7,30:9,31:5,32:10,33:6,34:7,35:6,36:7,37:5,38:5,39:5,40:8,41:2,42:8,43:8,44:8,45:10,46:6,47:4,48:6,49:2,50:6
((21,92)0)105	0.9362834666915784	1.0	1.9362834666915782	6.243295272369002e-05	1:16,2:13,3:15,4:10,5:17,6:9,7:11,8:8,9:7,10:9,11:11,12:14,13:15,14:12,15:6,16:10,17:11,18:10,19:5,20:7,21:8,22:12,23:11,24:9,25:10,26:11,27:12,28:13,29:10,30:7,31:8,32:15,33:9,34:7,35:7,36:6,37:13,38:16,39:9,40:10,41:6,42:10,43:17,44:9,45:9,46:11,47:9,48:5,49:11,50:9
(0,(92)21)105	0.9537113892002613	1.0	1.9537113892002613	5.7222868186674626e-05	1:24,2:7,3:9,4:7,5:9,6:5,7:8,8:5,9:5,10:5,11:10,12:7,13:6,14:6,15:7,16:2,17:7,18:7,19:4,20:8,21:3,22:6,23:7,24:8,25:3,26:4,27:3,28:5,29:6,30:8,31:9,32:7,33:5,34:6,35:9,36:5,37:10,38:5,39:9,40:4,41:9,42:5,43:4,44:7,45:6,46:10,47:8,48:11,49:5,50:7
((0)105,21)92	0.9944726793632895	1.0	1.9944726793632896	4.667212825588051e-05	1:14,2:8,3:5,4:2,5:5,6:5,7:3,8:4,9:6,10:2,11:3,12:5,13:5,14:7,15:2,16:3,17:2,18:3,19:9,20:3,21:3,22:5,23:4,24:8,25:3,26:6,27:6,28:4,29:1,30:5,31:3,32:2,33:2,34:4,35:3,36:8,37:4,38:6,39:4,40:1,41:2,42:1,43:3,44:10,45:5,46:3,47:5,48:1,49:4,50:7
(0,(21)105)92	0.9982402867045589	1.0	1.9982402867045588	4.5801146540468254e-05	1:19,2:7,3:6,4:5,5:4,6:6,7:5,8:5,9:2,10:3,11:6,12:7,13:6,14:4,15:5,16:6,17:3,18:3,19:1,20:1,21:3,22:6,23:4,24:5,25:4,26:6,27:4,28:3,29:1,30:7,31:7,32:6,33:4,34:5,36:5,37:4,38:5,39:6,40:4,41:6,42:5,43:3,44:5,45:2,46:5,47:6,48:3,49:3,50:4
((0,21)105)92	1.0058918520982658	1.0	2.005891852098266	4.4081989491149993e-05	1:12,2:4,3:5,4:3,5:7,6:5,7:7,8:4,9:3,10:4,11:4,12:2,13:3,14:2,15:3,16:3,17:1,18:1,19:5,20:5,21:1,22:2,23:3,24:3,25:1,26:5,27:3,28:2,29:9,30:3,31:4,32:1,33:2,34:5,35:2,36:1,38:4,39:4,40:7,41:2,43:3,44:1,45:4,46:2,47:4,48:4,49:5,50:2
((21)0,105)92	1.027440286704559	1.0	2.027440286704559	3.957941359763419e-05	1:22,2:8,3:7,5:6,6:3,7:3,8:9,9:3,10:7,11:3,12:6,13:5,14:9,15:6,16:5,17:5,18:4,19:9,20:6,21:2,22:8,23:8,24:2,25:3,26:4,27:6,28:5,29:3,30:5,31:9,32:3,33:6,34:2,35:4,36:4,37:6,38:4,39:7,40:6,41:4,42:5,43:3,44:3,45:2,46:2,47:6,48:3,49:3,50:3
(((0)92)21)105	0.18990701094055534	2.0	2.1899070109405554	1.7566180715837183e-05	1:11,2:8,3:2,4:8,5:8,6:7,7:8,8:3,9:4,10:1,11:3,12:3,13:6,14:5,15:7,16:3,17:5,18:7,19:8,20:8,21:6,22:4,23:5,24:8,25:6,26:5,27:6,28:6,29:6,30:3,31:7,32:7,33:4,34:9,35:12,36:4,37:5,38:8,39:9,40:7,41:7,42:8,43:5,44:3,45:8,46:6,47:5,48:9,49:4,50:8
(((92)21)0)105	0.21890701094055537	2.0	2.2189070109405553	1.5195137924011168e-05	1:9,2:6,3:13,4:14,5:9,6:14,7:9,8:11,9:13,10:10,11:14,12:10,13:6,14:11,15:5,16:11,17:8,18:4,19:10,20:12,21:13,22:5,23:4,24:10,25:3,26:11,27:7,28:4,29:6,30:10,31:9,32:7,33:7,34:12,35:8,36:7,37:8,38:11,39:6,40:10,41:10,42:4,43:3,44:6,45:5,46:13,47:10,48:10,49:11,50:9
(((0)21)105)92	0.2887875804482468	2.0	2.288787580448247	1.0714228834887147e-05	1:8,2:6,3:4,4:9,5:4,6:5,7:4,8:10,9:9,10:6,11:6,12:8,13:5,14:8,15:4,16:6,17:5,18:4,19:5,20:5,21:5,22:5,23:10,24:7,25:2,26:3,27:4,28:7,29:7,30:8,31:5,32:8,33:3,34:2,35:7,36:7,37:4,38:7,39:5,40:2,41:7,42:4,43:5,44:4,45:5,46:5,47:3,48:4,49:7,50:4
(((21)92)105)0	0.39369975857680006	2.0	2.3936997585768003	6.340843254715185e-06	1:7,2:2,3:3,5:2,6:1,8:1,9:2,10:1,11:2,12:1,13:1,14:5,15:2,17:1,18:1,19:3,20:1,21:1,23:2,24:1,25:2,26:1,27:1,28:2,29:2,30:3,31:1,34:1,35:2,36:3,37:2,39:1,40:1,42:1,43:1,44:2,45:2,46:1,47:1,48:1,49:2,50:2
(((21)105)0)92	0.39369975857680006	2.0	2.3936997585768003	6.340843254715185e-06	1:7,3:1,4:4,5:2,6:3,8:3,9:3,10:3,11:1,12:2,13:1,14:2,15:3,16:3,17:3,18:3,19:1,20:3,21:1,22:1,23:3,24:1,27:1,28:2,29:1,30:1,33:1,34:4,35:1,36:1,37:2,38:2,39:3,41:1,42:2,43:3,44:3,45:1,47:1,49:2
(0,105,21)92	1.847357049950009	1.0	2.847357049950009	6.562098212019319e-07	1:41,2:6,3:9,4:7,5:4,6:5,7:7,8:5,9:8,10:12,11:4,12:5,13:13,14:8,15:6,16:9,17:13,18:5,19:7,20:7,21:11,22:5,23:8,24:9,25:9,26:8,27:5,28:5,29:12,30:5,31:8,32:4,33:1,34:8,35:8,36:5,37:11,38:11,39:9,40:9,41:8,42:18,43:9,44:8,45:11,46:10,47:8,48:10,49:8,50:9
((0,92)21)105	0.9426873553835333	2.0	2.9426873553835335	4.074136710399349e-07	1:17,2:17,3:13,4:13,5:7,6:10,7:9,8:11,9:11,10:8,11:11,12:16,13:12,14:15,15:17,16:16,17:7,18:19,19:17,20:16,21:16,22:7,23:11,24:8,25:10,26:12,27:12,28:16,29:9,30:19,31:12,32:17,33:11,34:6,35:16,36:12,37:6,38:11,39:12,40:14,41:14,42:11,43:17,44:19,45:15,46:19,47:8,48:14,49:5,50:10
(105,(0)21)92	1.0413727859729764	2.0	3.0413727859729764	2.487384411154699e-07	1:16,2:4,3:5,4:6,5:4,6:3,7:2,8:3,9:6,10:4,11:6,12:4,13:5,14:5,15:3,16:5,17:3,18:6,19:4,20:2,21:2,22:5,23:2,24:6,25:3,26:6,27:5,28:5,29:5,30:2,31:5,32:1,33:4,34:6,35:3,36:3,37:4,38:2,39:3,40:6,41:4,42:2,43:3,44:3,45:8,46:7,47:8,48:2,49:4,50:6
((92)105,21)0	1.0913356495597493	2.0	3.091335649559749	1.9375366596180968e-07	1:22,2:9,3:2,4:1,5:4,6:3,8:5,9:4,10:4,11:8,12:5,13:2,14:8,15:3,16:7,17:7,18:9,19:6,20:3,21:4,22:5,23:4,24:2,25:1,26:2,27:2,28:7,29:6,30:4,31:5,32:2,33:8,34:1,35:6,36:5,37:2,38:2,39:5,40:5,41:4,42:5,43:3,44:1,45:4,46:5,47:5,49:6,50:8
((105,21)0)92	1.0915356495597492	2.0	3.0915356495597495	1.935600091403964e-07	1:10,2:2,3:4,4:3,5:2,6:7,7:11,8:5,10:7,11:4,12:3,13:4,14:4,15:3,16:4,17:2,18:2,19:3,20:3,21:8,22:4,23:4,24:3,25:3,26:4,27:9,28:6,29:3,30:7,31:3,32:3,34:1,35:2,36:5,37:4,38:3,39:5,40:6,41:3,42:5,43:4,44:4,45:2,46:3,47:4,48:2,49:5,50:5
((21,92)105)0	1.1825593887696013	2.0	3.1825593887696013	1.227891790197161e-07	1:14,2:3,3:2,4:5,5:6,6:7,7:2,8:3,9:2,10:8,11:5,12:4,13:2,14:2,15:2,16:1,17:3,18:8,19:2,20:2,21:4,22:4,23:2,24:4,25:2,26:3,27:1,28:1,29:3,30:3,31:6,32:6,33:4,34:5,35:4,36:3,37:4,38:1,39:1,40:5,42:7,43:3,45:3,46:5,47:2,48:5,49:4,50:1
(((92)0)21)105	0.1986911801285207	3.0	3.1986911801285207	1.1327403102154435e-07	1:10,2:52,3:58,4:59,5:74,6:71,7:70,8:79,9:85,10:70,11:70,12:75,13:60,14:49,15:66,16:71,17:65,18:67,19:69,20:80,21:63,22:64,23:75,24:66,25:61,26:57,27:54,28:61,29:85,30:60,31:77,32:71,33:72,34:78,35:53,36:69,37:63,38:57,39:65,40:58,41:70,42:54,43:63,44:59,45:58,46:63,47:64,48:67,49:69,50:68
((105)0,21)92	1.2091078568691112	2.0	3.209107856869111	1.0752534127747842e-07	1:19,2:4,3:5,4:1,5:1,6:4,7:3,8:2,9:3,10:6,11:5,12:5,13:3,14:2,15:4,16:2,17:3,18:7,19:5,20:6,21:1,22:1,23:4,24:5,25:6,26:2,27:3,28:3,29:6,30:1,31:5,32:3,33:2,34:1,35:3,36:7,37:2,38:2,39:4,40:3,41:6,42:1,43:2,44:7,45:2,46:6,47:2,48:5,49:2,50:6
((21)105,92)0	1.2109632157914623	2.0	3.2109632157914625	1.065324632541272e-07	1:27,2:7,3:6,4:4,5:7,6:7,7:3,8:4,9:2,10:5,11:3,12:5,13:4,14:3,15:7,16:5,17:1,18:2,19:2,20:2,21:5,22:10,23:5,24:11,25:3,26:5,27:4,28:6,29:7,30:3,31:6,32:3,33:6,34:3,35:5,36:4,37:7,38:8,39:3,40:5,41:5,42:2,43:3,44:2,45:6,46:4,47:8,48:2,49:5,50:7
(105,(21)92)0	1.2111632157914622	2.0	3.211163215791462	1.0642598403935398e-07	1:22,2:6,3:6,4:6,5:1,6:2,7:6,8:5,9:4,10:5,11:6,12:6,13:5,14:2,15:3,16:5,17:1,18:6,19:5,20:5,21:6,22:2,23:3,24:3,25:7,26:5,27:4,28:4,29:4,30:2,31:4,32:4,33:5,34:7,35:1,36:6,37:5,38:4,39:4,40:5,41:3,42:2,43:4,44:7,45:2,46:7,47:3,48:3,49:3,50:3
(0,(105)21)92	1.2424920403655635	2.0	3.2424920403655637	9.099509783480316e-08	1:24,2:3,3:2,4:2,5:2,6:4,7:3,8:7,9:7,10:3,11:8,12:1,13:8,14:6,15:5,16:1,17:8,18:3,19:8,20:1,21:5,22:4,23:2,24:3,25:4,26:3,27:3,28:4,29:4,30:4,31:2,32:3,33:8,34:3,35:5,36:3,37:2,38:3,39:4,40:6,41:2,42:2,43:3,44:3,45:4,46:1,47:2,48:5,49:4,50:4
(((21)105)92)0	0.39367854735739366	3.0	3.3936785473573936	4.272879718894434e-08	1:9,2:46,3:68,4:55,5:74,6:56,7:58,8:65,9:67,10:62,11:68,12:69,13:71,14:40,15:78,16:61,17:66,18:59,19:61,20:69,21:74,22:81,23:66,24:63,25:68,26:67,27:60,28:61,29:67,30:60,31:84,32:65,33:84,34:69,35:65,36:49,37:69,38:65,39:58,40:78,41:71,42:62,43:64,44:59,45:52,46:77,47:79,48:57,49:58,50:67
(((0)105)21)92	0.42708394207325245	3.0	3.4270839420732524	3.6156116301167005e-08	1:13,2:1,4:1,6:2,7:2,8:1,9:1,11:1,12:2,14:1,15:1,16:1,17:1,18:2,20:1,21:1,23:2,26:2,27:1,28:1,29:2,30:1,31:2,32:1,33:3,34:2,35:2,36:1,37:1,38:1,39:1,41:5,43:1,44:1,45:1,46:5,47:1,48:2,49:1,50:1
(((0)92)105)21	0.42708394207325245	3.0	3.4270839420732524	3.6156116301167005e-08	1:10,3:1,4:1,5:4,7:1,8:2,9:1,11:1,12:2,13:1,14:1,15:2,17:3,18:1,19:2,20:3,22:1,23:1,24:2,25:2,26:2,27:2,28:2,30:1,31:3,34:1,35:3,36:1,37:2,38:2,39:1,40:2,41:3,43:3,44:3,45:2,48:1,49:2,50:1
(((105)21)0)92	0.45628394207325246	3.0	3.4562839420732523	3.1244586418893275e-08	1:10,2:1,3:2,4:3,5:2,6:2,7:2,8:3,9:5,11:1,12:1,13:3,14:1,15:6,16:2,17:2,18:2,19:1,20:3,21:1,22:2,23:2,24:1,25:2,26:5,27:3,28:3,29:3,31:2,32:2,33:3,34:2,35:1,36:3,37:2,38:4,39:4,40:1,41:1,42:3,43:5,44:1,45:2,46:2,47:4,48:5,49:1,50:1
(((92)21)105)0	0.5832067695173555	3.0	3.5832067695173553	1.656400536137536e-08	1:6,2:2,3:1,4:2,5:1,6:2,7:1,8:2,9:4,10:4,11:3,12:3,13:1,14:1,15:4,16:3,17:2,18:1,19:3,20:3,21:3,22:2,23:2,24:4,25:3,26:4,27:2,28:2,29:3,30:1,31:2,32:5,33:2,34:2,35:4,36:2,37:2,38:3,39:4,40:2,41:2,42:3,43:2,45:4,46:1,47:3,48:1,49:2,50:3
(105,21,92)0	2.023384904065462	2.0	4.023384904065463	1.8337101459747329e-09	1:57,2:7,3:10,4:10,5:5,6:5,7:6,8:5,9:14,10:6,11:13,12:6,13:9,14:7,15:14,16:14,17:14,18:10,19:3,20:4,21:6,22:5,23:10,24:5,25:10,26:14,27:12,28:6,29:4,30:9,31:7,32:6,33:10,34:8,35:5,36:6,37:3,38:5,39:8,40:14,41:9,42:3,43:7,44:18,45:11,46:7,47:6,48:9,49:5,50:4
(0,(92)105)21	1.1099213755937851	3.0	4.109921375593785	1.189649777252552e-09	1:14,2:5,3:3,4:4,5:2,6:7,7:3,8:4,9:4,10:6,11:1,12:6,13:8,14:5,15:6,16:3,17:2,18:2,19:6,20:5,21:3,22:2,23:4,24:3,25:4,26:5,27:4,28:2,29:1,30:5,31:2,32:7,33:2,34:3,35:9,36:7,37:2,38:4,39:5,40:4,41:3,42:7,43:4,44:2,45:6,46:4,47:1,48:5,49:1,50:3
((0,105)21)92	1.110121375593785	3.0	4.110121375593785	1.1884607221019656e-09	1:10,2:5,3:2,4:3,5:5,6:4,7:6,8:2,9:6,10:4,11:3,12:4,13:8,14:6,15:5,16:4,17:5,18:4,19:4,20:6,21:4,22:7,23:2,24:10,25:4,26:5,27:3,28:4,29:6,30:6,31:3,32:3,33:4,34:6,35:6,36:5,37:3,38:4,39:11,40:4,41:2,42:5,43:5,44:4,45:2,46:1,47:3,48:3,49:6,50:8
((105,21)92)0	1.1462637528821233	3.0	4.146263752882123	9.919794104928708e-10	1:18,2:4,3:2,4:2,5:1,6:3,7:4,8:1,9:4,10:3,11:1,12:3,13:3,14:1,15:4,16:3,17:2,18:2,19:3,20:3,21:1,22:1,23:6,24:6,25:2,26:4,27:4,28:1,29:5,30:3,31:2,32:4,33:3,34:2,35:8,36:4,37:2,38:4,39:3,40:3,42:4,43:1,44:2,45:2,46:3,47:4,48:2,49:2,50:3
(21,(105)92)0	1.1781709405301384	3.0	4.178170940530139	8.457014600935822e-10	1:22,2:8,3:3,4:6,5:3,6:5,7:6,8:4,9:6,10:6,11:4,12:5,13:3,14:5,15:10,17:1,18:8,19:3,20:2,21:2,22:8,23:2,24:6,25:7,26:4,27:5,28:7,29:3,30:4,31:6,32:5,33:7,34:9,35:9,36:3,37:8,38:3,39:1,40:4,41:3,42:5,43:5,44:4,45:2,46:3,47:1,48:3,49:7,50:3
((0,92)105)21	1.2030500776396014	3.0	4.203050077639602	7.467800727016979e-10	1:13,2:9,3:5,4:6,5:3,6:1,7:6,8:2,9:5,10:4,11:4,12:6,13:6,14:8,15:9,16:5,17:6,18:6,19:4,20:4,21:6,22:4,23:6,24:1,25:6,26:5,27:8,28:7,29:13,30:5,31:2,32:5,33:2,34:5,35:3,36:7,37:7,38:3,39:5,40:3,41:7,42:5,43:6,44:5,45:4,46:4,47:5,48:4,49:1,50:4
((0)105,92)21	1.2246779617515782	3.0	4.224677961751578	6.702369503961275e-10	1:30,2:5,3:3,4:7,5:3,6:4,7:2,8:6,9:3,10:6,11:10,12:2,13:2,14:5,15:4,16:3,17:3,18:6,19:4,20:7,21:4,22:5,23:3,24:4,25:2,26:5,27:2,28:4,29:7,30:7,31:7,32:1,33:7,34:5,35:3,36:3,37:7,38:2,39:3,40:8,41:5,42:2,43:8,44:5,45:5,46:5,47:5,48:3,49:2,50:4
(105,(0)92)21	1.2248779617515781	3.0	4.224877961751578	6.695670484525276e-10	1:16,2:13,3:2,4:5,5:3,6:2,7:4,8:4,9:5,10:4,11:6,12:4,13:3,14:1,15:1,16:6,17:5,18:2,20:3,21:1,22:5,23:5,24:5,25:7,26:3,27:5,28:3,29:4,30:5,31:4,32:7,33:5,34:7,35:4,36:4,37:4,38:5,39:3,40:6,41:5,42:2,43:1,44:4,45:5,46:3,47:7,48:2,49:5,50:3
(105,(92)21)0	1.2810426605003047	3.0	4.2810426605003045	5.056313333033793e-10	1:17,2:1,3:4,4:1,5:5,6:3,7:3,8:8,9:1,10:6,11:6,12:4,13:5,14:6,15:1,16:3,17:8,18:5,19:5,20:3,21:7,22:4,23:5,24:5,25:3,26:6,27:3,28:3,29:3,30:6,31:4,32:4,33:5,34:4,36:4,37:4,38:5,39:4,40:3,41:4,42:8,43:4,44:5,45:7,46:7,47:1,48:5,49:5,50:4
((105)21,92)0	1.363167408764831	3.0	4.363167408764831	3.353531219750249e-10	1:18,2:5,3:11,4:2,5:6,6:6,7:3,8:2,9:7,10:2,11:3,12:3,13:4,14:5,16:4,17:6,18:3,19:4,20:3,21:6,22:1,23:2,24:1,25:2,26:1,27:3,28:4,29:4,30:3,31:2,32:5,33:4,34:2,35:2,36:4,37:2,38:6,39:2,40:6,41:2,42:3,43:7,44:7,45:3,46:5,47:5,48:6,49:7,50:8
(((0)105)92)21	0.4315944847791153	4.0	4.431594484779115	2.381852404209169e-10	1:6,2:2,3:2,4:6,5:7,6:9,7:7,8:1,9:10,10:2,11:4,12:3,13:5,14:7,15:6,16:8,17:8,18:5,19:1,20:9,21:3,22:11,23:7,24:7,25:4,26:4,27:3,28:4,29:8,30:3,31:3,32:6,33:3,34:3,35:4,36:4,37:5,38:8,39:4,40:5,41:4,42:5,43:8,44:9,45:5,46:4,47:2,48:5,49:8,50:7
(((105)0)21)92	0.44059986518648697	4.0	4.440599865186487	2.2769836442002074e-10	1:5,2:2,3:3,4:1,5:1,8:3,9:1,10:2,12:1,13:3,16:2,17:3,18:3,19:2,20:1,21:1,22:1,23:1,24:3,25:2,26:1,27:2,28:2,30:1,31:3,32:2,34:1,35:2,36:1,37:6,38:1,40:3,41:1,42:2,43:2,46:2
(((92)105)21)0	0.4560839420732525	4.0	4.456083942073253	2.1073499696342666e-10	1:7,2:2,3:4,4:1,5:1,8:2,9:3,11:1,12:1,13:3,16:6,17:2,19:1,21:1,22:2,23:1,24:1,25:1,26:2,28:1,30:1,31:4,32:1,33:2,35:1,36:1,37:2,38:1,39:1,40:1,41:2,43:3,45:1,46:1,47:2,48:3,49:1,50:1
(((92)0)105)21	0.5786750155920862	4.0	4.578675015592086	1.1416514471343685e-10	1:6,2:2,3:1,4:1,6:4,7:2,8:2,9:2,11:2,12:1,13:1,14:1,15:1,16:1,17:4,20:1,21:1,22:2,24:3,26:2,27:3,28:4,29:2,30:1,31:2,32:1,36:2,37:2,38:2,39:3,40:1,42:4,43:1,45:2,47:2,48:3,49:1,50:1
(((105)21)92)0	0.5788750155920862	4.0	4.578875015592086	1.1405103663227326e-10	1:7,2:3,3:6,4:8,5:7,6:6,7:4,8:6,9:8,10:2,11:9,12:7,13:6,14:5,15:5,16:4,17:6,18:7,19:2,20:8,21:2,22:2,23:3,24:6,25:1,26:11,27:3,28:2,29:3,30:5,31:8,32:10,33:2,34:3,35:6,36:6,37:5,38:5,39:5,40:7,41:7,42:6,43:2,44:4,45:8,46:3,47:2,48:5,49:2,50:2
(0,105,92)21	2.0364260728050017	3.0	5.036426072805002	1.1575499494381145e-11	1:43,2:9,3:11,4:7,5:6,6:13,7:9,8:8,9:6,10:8,11:13,12:7,13:5,14:5,15:9,16:7,17:9,18:6,19:10,20:13,21:12,22:9,23:13,24:5,25:21,26:8,27:6,28:6,29:12,30:8,31:8,32:2,33:14,34:8,35:5,36:5,37:11,38:12,39:10,40:7,41:12,42:10,43:9,44:7,45:12,46:10,47:12,48:5,49:13,50:12
(0,(105)92)21	1.1845748292220932	4.0	5.184574829222093	5.518725631725918e-12	1:23,2:5,3:6,4:4,5:3,6:3,7:6,8:2,9:5,10:2,11:5,12:6,13:2,14:6,15:1,16:8,17:2,18:2,19:8,20:6,21:4,22:5,23:5,24:3,25:6,26:5,27:5,28:4,29:7,30:4,32:2,33:5,34:7,35:6,36:3,37:3,38:8,39:3,40:1,41:10,42:6,43:6,44:2,45:3,46:2,47:7,48:6,49:5,50:3
((0,105)92)21	1.1879472976451142	4.0	5.187947297645114	5.426447193894954e-12	1:11,2:6,3:1,4:3,5:4,6:2,7:5,8:4,10:1,11:1,12:5,13:1,14:2,15:2,16:2,17:3,18:3,19:6,20:7,21:2,22:2,23:3,24:1,25:5,26:5,27:4,28:1,29:3,30:5,31:3,32:3,33:8,34:3,35:3,36:4,37:3,38:4,39:3,40:1,41:4,43:6,44:1,45:3,46:1,47:3,48:6,49:5,50:3
((105,92)21)0	1.253877961751578	4.0	5.253877961751578	3.902554376889758e-12	1:14,2:4,3:4,4:6,5:5,6:5,7:4,8:6,9:6,10:3,11:2,12:3,13:9,14:4,15:2,16:6,17:7,18:3,19:4,20:3,21:3,22:4,23:7,24:10,25:6,26:3,27:5,28:6,29:5,30:6,31:6,32:2,33:6,34:6,35:3,36:4,37:3,38:1,39:1,40:6,41:6,42:4,43:3,44:3,45:6,46:6,47:4,48:4,49:2,50:7
((92)0,105)21	1.2617124491126188	4.0	5.261712449112618	3.752637290875947e-12	1:18,2:7,3:1,4:8,5:1,6:8,7:2,8:7,9:4,10:5,11:4,12:9,13:3,14:8,15:4,16:4,17:2,18:5,19:3,20:6,21:6,22:4,23:4,24:3,25:5,26:2,27:4,28:4,29:4,30:3,31:3,32:4,33:2,34:4,35:5,36:4,37:3,38:4,39:1,40:2,41:2,42:5,43:4,44:5,45:3,46:7,47:7,48:4,49:3,50:4
((105)0,92)21	1.3361871139603334	4.0	5.336187113960333	2.5859308662239976e-12	1:18,2:12,3:8,4:5,5:6,6:6,7:5,8:4,9:6,10:4,11:1,12:3,13:7,14:6,15:6,16:4,17:6,18:2,19:6,20:5,21:8,22:6,23:4,24:2,25:9,26:1,27:8,28:6,29:2,30:6,31:2,32:4,33:9,34:4,35:6,36:7,37:5,38:4,39:7,40:5,41:5,42:2,43:3,44:5,45:6,46:6,47:2,48:5,49:3,50:7
(((92)105)0)21	0.440399865186487	5.0	5.440399865186487	1.5357544981173076e-12	1:3,2:1,3:1,4:5,5:1,6:3,7:1,8:1,9:2,10:1,11:4,12:5,13:2,14:3,15:3,16:2,17:2,18:2,20:5,21:2,22:3,24:3,25:5,26:2,27:6,28:5,29:4,30:5,32:4,33:3,34:2,36:4,37:3,38:1,39:2,40:4,41:4,42:2,43:3,44:2,45:3,46:1,47:1,48:2,49:3,50:1
(((105)92)21)0	0.4607944847791153	5.0	5.460794484779115	1.3868690050075747e-12	1:5,3:3,4:2,7:3,8:3,9:1,11:1,12:1,13:1,14:1,15:1,18:2,19:1,20:2,21:1,22:1,24:2,26:1,27:1,28:6,30:1,31:2,32:2,33:2,34:5,36:2,37:2,38:3,39:2,41:1,43:5,44:1,46:2,47:2,48:2,49:1,50:3
(((105)0)92)21	0.5834067695173555	5.0	5.583406769517356	7.512530511889056e-13	1:6,2:46,3:62,4:65,5:61,6:68,7:58,8:61,9:80,10:68,11:70,12:53,13:59,14:81,15:55,16:66,17:68,18:69,19:69,20:66,21:61,22:74,23:59,24:68,25:76,26:55,27:67,28:66,29:69,30:57,31:75,32:65,33:63,34:76,35:52,36:69,37:70,38:60,39:64,40:68,41:50,42:66,43:69,44:69,45:69,46:71,47:73,48:68,49:80,50:66
((105,92)0)21	1.2578633224011493	5.0	6.25786332240115	2.5776411297260334e-14	1:16,2:7,3:3,4:7,5:5,6:6,7:6,8:3,9:4,10:5,11:1,12:1,14:7,15:5,16:5,17:6,18:3,19:1,20:5,21:3,22:3,23:4,24:4,25:7,26:5,27:3,28:6,30:3,31:4,32:5,33:2,34:1,35:7,36:5,37:6,38:7,39:2,40:4,41:5,42:5,44:3,45:5,46:3,47:1,48:4,49:2,50:4
(((105)92)0)21	0.44057865396708057	6.0	6.440578653967081	1.0338586163657276e-14	1:2,2:1,3:1,4:2,5:1,6:1,7:2,9:1,11:2,13:1,15:1,16:3,17:1,18:2,19:3,20:3,23:2,24:4,25:1,26:3,27:2,28:2,31:5,32:3,33:1,35:1,36:2,37:3,38:3,39:2,40:2,41:1,42:3,43:1,44:3,45:3,46:1,47:2,48:3,49:1
