# generation count = 50 
#
generation.index	generationHighestFitness	generationMedianFitness	populationHighestFitness	populationMedianFitness
1	0.8632939774163195	1.0752534127747842e-07	0.8632939774163195	1.0752534127747842e-07
2	0.8632939774163195	0.001737275201733753	0.8632939774163195	6.562098212019319e-07
3	0.8632939774163195	0.003151252243274759	0.8632939774163195	4.5801146540468254e-05
4	0.8632939774163195	0.001737275201733753	0.8632939774163195	6.243295272369002e-05
5	0.8632939774163195	0.003151252243274759	0.8632939774163195	6.91676521651218e-05
6	0.8632939774163195	0.001737275201733753	0.8632939774163195	0.0002902420176444203
7	0.8632939774163195	0.001737275201733753	0.8632939774163195	0.0002902420176444203
8	0.8632939774163195	0.003151252243274759	0.8632939774163195	0.001737275201733753
9	0.8632939774163195	0.001737275201733753	0.8632939774163195	0.001737275201733753
10	0.8632939774163195	0.001737275201733753	0.8632939774163195	0.001737275201733753
11	0.8632939774163195	0.003151252243274759	0.8632939774163195	0.001737275201733753
12	0.8632939774163195	0.003151252243274759	0.8632939774163195	0.001737275201733753
13	0.8632939774163195	0.001737275201733753	0.8632939774163195	0.001737275201733753
14	0.8632939774163195	0.003151252243274759	0.8632939774163195	0.001737275201733753
15	0.8632939774163195	0.001737275201733753	0.8632939774163195	0.001737275201733753
16	0.8632939774163195	0.003151252243274759	0.8632939774163195	0.001737275201733753
17	0.8632939774163195	0.003151252243274759	0.8632939774163195	0.001737275201733753
18	0.8632939774163195	0.001737275201733753	0.8632939774163195	0.001737275201733753
19	0.8632939774163195	0.003151252243274759	0.8632939774163195	0.001737275201733753
20	0.8632939774163195	0.001737275201733753	0.8632939774163195	0.001737275201733753
21	0.8632939774163195	0.003151252243274759	0.8632939774163195	0.001737275201733753
22	0.8632939774163195	0.003151252243274759	0.8632939774163195	0.001737275201733753
23	0.8632939774163195	0.003151252243274759	0.8632939774163195	0.001737275201733753
24	0.8632939774163195	0.003151252243274759	0.8632939774163195	0.001737275201733753
25	0.8632939774163195	0.001737275201733753	0.8632939774163195	0.001737275201733753
26	0.8632939774163195	0.002444263722504256	0.8632939774163195	0.001737275201733753
27	0.8632939774163195	0.003151252243274759	0.8632939774163195	0.001737275201733753
28	0.8632939774163195	0.001737275201733753	0.8632939774163195	0.001737275201733753
29	0.8632939774163195	0.003151252243274759	0.8632939774163195	0.001737275201733753
30	0.8632939774163195	0.001737275201733753	0.8632939774163195	0.001737275201733753
31	0.8632939774163195	0.003151252243274759	0.8632939774163195	0.001737275201733753
32	0.8632939774163195	0.003151252243274759	0.8632939774163195	0.001737275201733753
33	0.8632939774163195	0.001737275201733753	0.8632939774163195	0.001737275201733753
34	0.8632939774163195	0.001737275201733753	0.8632939774163195	0.001737275201733753
35	0.8632939774163195	0.001737275201733753	0.8632939774163195	0.001737275201733753
36	0.8632939774163195	0.001737275201733753	0.8632939774163195	0.001737275201733753
37	0.8632939774163195	0.001737275201733753	0.8632939774163195	0.001737275201733753
38	0.8632939774163195	0.003151252243274759	0.8632939774163195	0.001737275201733753
39	0.8632939774163195	0.003151252243274759	0.8632939774163195	0.001737275201733753
40	0.8632939774163195	0.003151252243274759	0.8632939774163195	0.001737275201733753
41	0.8632939774163195	0.003151252243274759	0.8632939774163195	0.001737275201733753
42	0.8632939774163195	0.003151252243274759	0.8632939774163195	0.001737275201733753
43	0.8632939774163195	0.003151252243274759	0.8632939774163195	0.001737275201733753
44	0.8632939774163195	0.003151252243274759	0.8632939774163195	0.001737275201733753
45	0.8632939774163195	0.003151252243274759	0.8632939774163195	0.001737275201733753
46	0.8632939774163195	0.003151252243274759	0.8632939774163195	0.001737275201733753
47	0.8632939774163195	0.003151252243274759	0.8632939774163195	0.001737275201733753
48	0.8632939774163195	0.003151252243274759	0.8632939774163195	0.001737275201733753
49	0.8632939774163195	0.001737275201733753	0.8632939774163195	0.001737275201733753
50	0.8632939774163195	0.001737275201733753	0.8632939774163195	0.001737275201733753
############################################################
Topology	MassCost	TopologyCost	Cost	Fitness	appearances(generationID:count)
(((21)0)92)105	0.02939999999999998	0.0	0.02939999999999998	0.8632939774163195	1:6,2:166,3:206,4:194,5:196,6:206,7:212,8:205,9:205,10:195,11:211,12:211,13:189,14:221,15:192,16:207,17:214,18:185,19:225,20:193,21:207,22:183,23:210,24:188,25:198,26:213,27:225,28:189,29:198,30:211,31:211,32:207,33:185,34:185,35:194,36:196,37:168,38:201,39:188,40:188,41:202,42:191,43:185,44:200,45:220,46:206,47:197,48:202,49:193,50:184
(0,(21)92)105	0.7763661355663489	0.0	0.7763661355663489	0.02061305475713325	1:25,2:43,3:11,4:4,5:17,6:8,7:9,8:11,9:7,10:13,11:8,12:3,13:9,14:7,15:11,16:7,17:4,18:6,19:14,20:8,21:4,22:16,23:8,24:11,25:4,26:8,27:10,28:13,29:5,30:13,31:11,32:5,33:4,34:4,35:5,36:4,37:4,38:8,39:5,40:12,41:4,42:6,43:6,44:10,45:10,46:11,47:6,48:11,49:10,50:13
(21,(0)92)105	0.7892596301928011	0.0	0.7892596301928011	0.019326111867734825	1:18,2:56,3:47,4:45,5:45,6:51,7:49,8:48,9:40,10:47,11:62,12:53,13:40,14:61,15:49,16:49,17:38,18:54,19:40,20:36,21:43,22:42,23:54,24:59,25:43,26:43,27:46,28:44,29:45,30:37,31:37,32:55,33:50,34:51,35:45,36:50,37:53,38:49,39:54,40:39,41:52,42:40,43:53,44:49,45:49,46:46,47:55,48:54,49:45,50:53
((21)0,92)105	0.805366135566349	0.0	0.805366135566349	0.01783075189403267	1:19,2:49,3:49,4:46,5:52,6:52,7:52,8:50,9:46,10:59,11:54,12:40,13:45,14:49,15:45,16:47,17:43,18:68,19:54,20:49,21:51,22:39,23:39,24:54,25:61,26:45,27:44,28:46,29:52,30:51,31:50,32:51,33:58,34:58,35:46,36:37,37:50,38:44,39:47,40:47,41:56,42:49,43:54,44:49,45:66,46:54,47:47,48:60,49:49,50:39
((0,21)92)105	0.815608098292311	0.0	0.815608098292311	0.016940628456802925	1:15,2:53,3:41,4:46,5:55,6:50,7:45,8:51,9:47,10:40,11:59,12:55,13:61,14:68,15:45,16:63,17:55,18:45,19:50,20:56,21:51,22:59,23:61,24:42,25:61,26:51,27:47,28:51,29:56,30:48,31:51,32:63,33:58,34:58,35:56,36:54,37:63,38:60,39:67,40:61,41:48,42:65,43:47,44:54,45:45,46:54,47:51,48:53,49:45,50:56
(((0)21)92)105	0.04710010660968691	1.0	1.047100106609687	0.005324158899285251	1:6,2:55,3:81,4:78,5:75,6:71,7:60,8:62,9:85,10:74,11:73,12:85,13:81,14:70,15:88,16:80,17:77,18:81,19:63,20:86,21:94,22:83,23:69,24:88,25:69,26:75,27:67,28:72,29:92,30:74,31:78,32:85,33:67,34:72,35:72,36:73,37:86,38:72,39:90,40:84,41:80,42:80,43:80,44:83,45:84,46:94,47:75,48:75,49:77,50:78
(((21)92)0)105	0.15199107351883373	1.0	1.1519910735188337	0.003151252243274759	1:8,2:63,3:70,4:65,5:72,6:58,7:57,8:74,9:62,10:67,11:59,12:70,13:73,14:65,15:67,16:62,17:70,18:57,19:63,20:62,21:60,22:79,23:63,24:69,25:54,26:65,27:70,28:68,29:56,30:62,31:69,32:51,33:74,34:69,35:76,36:66,37:68,38:72,39:69,40:85,41:65,42:71,43:78,44:60,45:55,46:57,47:81,48:58,49:63,50:75
(((21)0)105)92	0.2710874738385599	1.0	1.27108747383856	0.001737275201733753	1:11,2:49,3:58,4:68,5:66,6:82,7:61,8:69,9:74,10:69,11:46,12:67,13:70,14:71,15:66,16:61,17:65,18:58,19:58,20:54,21:55,22:60,23:55,24:67,25:62,26:67,27:66,28:54,29:63,30:64,31:49,32:65,33:72,34:78,35:65,36:57,37:60,38:58,39:62,40:55,41:65,42:58,43:66,44:64,45:56,46:52,47:64,48:65,49:61,50:63
(0,21,92)105	1.628959087884039	0.0	1.628959087884039	0.0002902420176444203	1:42,2:20,3:12,4:12,5:6,6:7,7:9,8:7,9:13,10:7,11:6,12:11,13:7,14:6,15:15,16:11,17:11,18:14,19:8,20:10,21:8,22:12,23:9,24:11,25:6,26:11,27:9,28:7,29:16,30:3,31:4,32:4,33:10,34:12,35:10,36:5,37:9,38:9,39:5,40:11,41:10,42:7,43:6,44:6,45:8,46:7,47:14,48:8,49:9,50:6
((0)21,92)105	0.835959736802488	1.0	1.835959736802488	0.00010310128699800442	1:19,2:14,3:10,4:13,5:8,6:8,7:13,8:8,9:6,10:4,11:10,12:12,13:10,14:11,15:6,16:11,17:5,18:11,19:5,20:11,21:8,22:5,23:9,24:11,25:13,26:12,27:7,28:9,29:7,30:11,31:9,32:12,33:8,34:8,35:3,36:10,37:8,38:4,39:9,40:5,41:7,42:15,43:10,44:17,45:8,46:7,47:7,48:11,49:15,50:11
((92)0,21)105	0.9157954517785398	1.0	1.9157954517785398	6.91676521651218e-05	1:21,2:18,3:5,4:6,5:8,6:6,7:9,8:9,9:4,10:4,11:4,12:2,13:7,14:7,15:7,16:4,17:4,18:8,20:5,21:5,22:1,23:8,24:4,25:12,26:2,27:1,28:7,29:6,30:8,31:2,32:7,33:10,34:5,35:6,36:7,37:7,38:2,39:6,40:9,41:6,42:3,43:3,44:7,45:4,46:5,47:8,48:3,49:11,50:3
((21,92)0)105	0.9362834666915784	1.0	1.9362834666915782	6.243295272369002e-05	1:12,2:23,3:13,4:14,5:4,6:10,7:16,8:9,9:6,10:10,11:6,12:11,13:14,14:4,15:8,16:8,17:10,18:9,19:4,20:7,21:15,22:8,23:14,24:14,25:10,26:8,27:10,28:16,29:8,30:13,31:11,32:12,33:12,34:7,35:8,36:11,37:12,38:11,39:14,40:8,41:8,42:14,43:11,44:10,45:8,46:6,47:11,48:13,49:8,50:8
(0,(92)21)105	0.9537113892002613	1.0	1.9537113892002613	5.7222868186674626e-05	1:27,2:7,3:6,4:5,5:10,6:7,7:10,8:8,9:6,10:8,11:5,12:4,13:5,14:7,15:6,16:3,17:7,18:2,19:5,20:4,21:3,22:8,23:9,24:9,25:7,26:13,27:7,28:3,29:7,30:5,31:9,32:8,33:6,34:4,35:4,36:7,37:5,38:7,39:8,40:5,41:3,42:4,43:8,44:6,45:7,46:3,47:5,48:6,49:6,50:8
((0)105,21)92	0.9944726793632895	1.0	1.9944726793632896	4.667212825588051e-05	1:17,2:8,3:5,4:2,5:8,6:2,7:5,8:5,9:6,10:5,11:6,12:2,13:6,14:4,15:4,16:5,17:5,18:6,19:2,20:4,21:6,22:7,23:4,24:1,25:4,26:7,27:3,28:3,29:7,30:6,31:4,32:5,33:8,34:5,35:5,36:9,37:5,38:4,39:3,40:2,41:5,42:5,43:1,44:5,45:1,46:6,47:6,48:3,49:6,50:2
(0,(21)105)92	0.9982402867045589	1.0	1.9982402867045588	4.5801146540468254e-05	1:30,2:6,3:5,4:7,5:4,6:5,7:3,8:5,9:2,10:4,11:6,12:5,13:3,14:1,15:5,16:3,17:2,18:4,19:2,20:5,21:3,22:3,23:1,24:4,25:5,26:4,27:2,28:5,29:3,30:6,31:3,32:5,33:4,34:7,35:5,36:2,37:6,38:5,39:3,40:2,41:4,42:1,43:3,44:6,45:8,46:3,47:7,48:2,49:1,50:3
((0,21)105)92	1.0058918520982658	1.0	2.005891852098266	4.4081989491149993e-05	1:12,2:6,3:3,4:4,5:2,6:2,7:1,8:6,9:1,10:2,12:2,13:2,14:4,15:2,16:4,17:6,18:4,19:3,20:4,21:5,22:5,23:6,24:2,25:4,26:2,27:4,28:5,29:3,30:4,31:2,32:6,33:2,34:2,35:3,36:1,37:4,38:3,39:2,40:3,41:1,42:2,43:1,44:2,45:2,46:4,47:4,48:3,50:2
((21)0,105)92	1.027440286704559	1.0	2.027440286704559	3.957941359763419e-05	1:17,2:5,3:7,4:4,5:4,6:2,7:3,8:3,9:4,10:5,11:5,12:2,13:6,14:4,15:2,16:4,17:4,18:4,19:3,20:5,21:5,22:1,23:3,24:4,25:7,26:3,27:10,28:5,29:3,30:8,31:5,32:3,33:3,34:1,35:5,36:4,37:4,38:2,39:4,40:2,41:2,42:2,43:5,44:6,45:5,46:6,47:7,48:7,49:4,50:6
(((0)92)21)105	0.18990701094055534	2.0	2.1899070109405554	1.7566180715837183e-05	1:9,2:5,3:4,4:5,5:7,6:5,7:6,8:6,9:5,10:7,11:6,12:11,13:4,14:8,15:12,16:8,17:13,18:5,19:9,20:12,21:10,22:4,23:6,24:9,25:3,26:2,27:8,28:10,29:10,30:7,31:8,32:7,33:3,34:5,35:4,36:3,37:12,38:10,39:10,40:4,41:10,42:6,43:7,44:4,45:7,46:4,47:8,48:3,49:9,50:9
(((92)21)0)105	0.21890701094055537	2.0	2.2189070109405553	1.5195137924011168e-05	1:5,2:8,3:6,4:7,5:6,6:13,7:11,8:7,9:8,10:4,11:8,12:6,13:8,14:5,15:6,16:8,17:8,18:6,19:10,20:11,21:9,22:9,23:12,24:8,25:8,26:14,27:7,28:15,29:6,30:16,31:9,32:6,33:9,34:6,35:9,36:8,37:10,38:5,39:9,40:8,41:7,42:5,43:8,44:4,45:10,46:8,47:5,48:13,49:8,50:17
(((0)21)105)92	0.2887875804482468	2.0	2.288787580448247	1.0714228834887147e-05	1:2,2:7,3:4,4:5,5:6,6:5,7:8,8:4,9:6,10:1,11:4,12:4,13:8,14:6,15:6,16:3,17:4,18:3,19:6,20:5,21:6,22:10,23:3,24:5,25:3,26:6,27:7,28:4,29:8,30:4,31:3,32:6,33:4,34:1,35:2,36:6,37:9,38:4,39:8,40:2,41:5,42:6,43:7,44:6,45:5,46:3,47:3,48:9,49:10,50:3
(((21)92)105)0	0.39369975857680006	2.0	2.3936997585768003	6.340843254715185e-06	1:6,2:3,4:3,5:2,6:2,8:2,9:4,11:2,12:2,13:2,14:3,15:2,16:4,17:1,18:1,19:2,20:1,21:1,24:1,25:3,26:1,27:1,28:2,29:1,30:4,33:1,35:2,36:2,37:1,38:2,41:3,42:1,43:1,44:1,45:4,46:1,47:1,49:2,50:1
(((21)105)0)92	0.39369975857680006	2.0	2.3936997585768003	6.340843254715185e-06	1:7,3:1,7:2,9:1,10:4,11:2,12:2,13:6,14:2,15:1,16:2,17:3,18:3,19:2,20:1,21:1,22:1,23:1,25:1,26:2,28:3,29:1,31:2,33:3,35:3,37:4,38:2,39:3,40:1,41:1,42:5,43:3,44:2,47:2,48:3,49:1,50:1
(0,105,21)92	1.847357049950009	1.0	2.847357049950009	6.562098212019319e-07	1:47,2:8,3:13,4:9,5:6,6:9,7:8,8:8,9:4,10:7,11:7,12:7,13:6,14:10,15:3,16:11,17:8,18:6,19:7,20:9,21:13,22:5,23:2,24:7,25:8,26:3,27:9,28:4,29:9,30:9,31:5,32:10,33:6,34:9,35:5,36:6,37:11,38:5,39:6,40:7,41:5,42:11,43:14,44:10,45:4,46:11,47:5,48:8,49:5,50:11
((0,92)21)105	0.9426873553835333	2.0	2.9426873553835335	4.074136710399349e-07	1:20,2:14,3:11,4:13,5:11,6:19,7:14,8:16,9:13,10:12,11:14,12:14,13:9,14:9,15:11,16:9,17:12,18:17,19:20,20:10,21:7,22:12,23:13,24:11,25:7,26:9,27:12,28:15,29:11,30:8,31:8,32:9,33:9,34:12,35:9,36:10,37:10,38:17,39:6,40:11,41:14,42:9,43:9,44:15,45:15,46:11,47:8,48:12,49:23,50:11
(105,(0)21)92	1.0413727859729764	2.0	3.0413727859729764	2.487384411154699e-07	1:16,2:5,3:4,4:7,5:4,6:7,7:10,8:5,9:4,10:5,11:2,12:6,13:7,14:3,15:8,16:3,17:4,18:3,19:3,20:4,21:2,22:5,23:6,24:7,25:5,26:5,27:3,28:1,29:4,30:6,31:2,32:1,33:2,34:2,35:6,36:1,37:4,38:2,39:2,40:6,41:5,42:5,43:4,44:3,45:1,46:2,47:6,48:2,49:3,50:5
((92)105,21)0	1.0913356495597493	2.0	3.091335649559749	1.9375366596180968e-07	1:25,2:7,3:2,4:5,5:2,6:2,7:7,8:6,9:4,10:5,11:7,12:5,13:6,14:6,15:6,16:4,17:3,18:5,19:5,20:6,21:2,22:5,23:3,24:1,25:4,26:5,27:3,28:5,29:1,30:8,31:7,32:5,33:2,34:3,35:10,36:4,37:7,38:9,39:3,40:2,41:7,42:5,43:5,44:5,45:5,46:5,47:4,48:4,49:4,50:1
((105,21)0)92	1.0915356495597492	2.0	3.0915356495597495	1.935600091403964e-07	1:13,2:4,3:1,4:3,5:6,6:3,7:2,8:4,9:5,10:6,11:5,12:3,13:6,14:3,15:2,16:3,17:2,18:5,19:8,20:6,21:4,22:2,23:5,24:5,25:1,26:5,27:4,28:7,29:2,30:1,31:5,32:5,33:2,34:5,35:4,36:3,37:3,38:6,39:7,40:7,41:1,42:2,43:3,44:1,45:5,46:3,47:5,48:4,49:7,50:2
((21,92)105)0	1.1825593887696013	2.0	3.1825593887696013	1.227891790197161e-07	1:14,2:6,3:4,4:2,5:4,6:2,7:4,8:9,9:2,10:5,11:2,12:5,13:2,14:4,15:1,16:3,17:4,18:4,19:5,20:4,21:4,22:3,23:1,24:5,25:6,26:2,27:2,28:7,29:3,30:6,31:6,32:6,33:5,34:3,35:7,36:3,37:4,38:2,39:5,40:8,41:2,42:6,43:2,44:5,45:3,46:1,47:4,48:7,49:3,50:5
(((92)0)21)105	0.1986911801285207	3.0	3.1986911801285207	1.1327403102154435e-07	1:5,2:53,3:70,4:71,5:70,6:64,7:59,8:70,9:74,10:64,11:64,12:64,13:66,14:54,15:60,16:69,17:58,18:61,19:59,20:82,21:50,22:77,23:84,24:55,25:76,26:71,27:61,28:73,29:60,30:68,31:79,32:59,33:59,34:61,35:73,36:86,37:63,38:77,39:71,40:66,41:53,42:58,43:77,44:79,45:62,46:68,47:72,48:56,49:57,50:81
((105)0,21)92	1.2091078568691112	2.0	3.209107856869111	1.0752534127747842e-07	1:27,2:2,3:4,4:7,5:5,6:2,7:3,8:7,9:2,10:2,11:6,12:1,13:7,14:7,15:5,16:3,17:5,18:3,19:4,20:4,21:3,22:4,23:4,24:8,25:3,26:6,27:6,28:5,29:8,30:5,31:3,32:4,33:3,34:3,35:4,36:4,37:11,38:2,39:2,41:6,42:5,43:5,44:6,45:5,46:4,47:7,48:7,49:4,50:7
((21)105,92)0	1.2109632157914623	2.0	3.2109632157914625	1.065324632541272e-07	1:24,2:8,3:6,4:7,5:3,6:5,7:7,8:2,9:3,10:2,11:4,12:5,13:5,14:4,15:8,16:7,17:6,18:5,19:2,20:3,21:4,22:5,24:3,25:4,26:6,27:4,28:8,29:6,30:4,31:9,32:6,33:3,34:4,35:6,36:5,37:2,38:4,39:5,40:6,41:3,42:3,43:3,44:7,45:5,46:5,47:8,48:7,49:3,50:5
(105,(21)92)0	1.2111632157914622	2.0	3.211163215791462	1.0642598403935398e-07	1:23,2:9,3:3,4:3,5:6,6:5,7:3,8:5,9:9,10:4,11:4,12:3,13:3,14:2,15:2,16:9,17:9,18:6,19:6,20:4,21:3,22:4,23:7,24:4,25:7,26:5,27:3,28:3,29:5,30:2,31:4,32:6,33:6,34:3,35:4,36:1,37:4,38:6,39:2,40:1,41:5,42:3,43:7,44:1,45:5,46:5,47:1,48:2,49:6,50:3
(0,(105)21)92	1.2424920403655635	2.0	3.2424920403655637	9.099509783480316e-08	1:23,2:7,3:4,4:8,5:4,6:5,7:1,8:6,9:4,10:4,11:4,12:5,13:6,14:7,15:4,16:3,17:2,18:8,19:4,20:3,21:2,22:2,23:5,24:5,25:6,26:4,27:6,28:2,29:3,30:1,31:4,32:3,33:2,34:3,35:8,36:5,37:2,38:7,39:6,40:4,41:4,42:3,43:3,44:5,45:4,46:4,47:4,48:4,49:4,50:3
(((21)105)92)0	0.39367854735739366	3.0	3.3936785473573936	4.272879718894434e-08	1:7,2:53,3:65,4:69,5:57,6:65,7:71,8:64,9:68,10:73,11:62,12:52,13:61,14:54,15:68,16:67,17:65,18:63,19:65,20:63,21:65,22:70,23:48,24:68,25:66,26:56,27:60,28:73,29:82,30:61,31:71,32:58,33:61,34:67,35:73,36:73,37:66,38:67,39:65,40:70,41:67,42:63,43:61,44:62,45:63,46:65,47:55,48:53,49:63,50:56
(((0)105)21)92	0.42708394207325245	3.0	3.4270839420732524	3.6156116301167005e-08	1:5,3:2,5:1,6:2,7:3,8:2,9:1,10:3,11:1,12:3,13:1,14:4,15:1,17:1,18:2,19:1,20:1,21:1,23:1,25:1,26:1,27:3,28:1,29:2,30:6,31:2,32:2,34:4,35:1,36:1,37:1,39:1,40:2,41:2,42:2,43:3,44:5,45:2,46:1,47:1,48:1,49:2,50:1
(((0)92)105)21	0.42708394207325245	3.0	3.4270839420732524	3.6156116301167005e-08	1:3,2:1,3:3,5:2,7:1,8:1,10:2,11:1,12:1,13:1,14:3,15:1,16:2,17:1,18:1,19:2,20:1,22:2,23:1,24:1,25:1,26:1,27:3,28:3,29:2,30:1,31:1,32:2,34:2,35:2,36:3,37:2,39:1,40:1,41:1,42:1,43:1,45:1,46:1,47:1,50:2
(((105)21)0)92	0.45628394207325246	3.0	3.4562839420732523	3.1244586418893275e-08	1:4,2:2,3:1,6:3,8:2,9:2,10:3,11:4,12:2,13:4,14:3,15:2,16:1,17:3,18:3,19:4,20:7,21:3,22:4,24:3,25:4,26:1,27:1,28:1,29:4,30:2,31:3,32:1,33:2,35:1,36:3,37:1,38:2,40:4,41:5,42:4,43:2,46:1,47:2,48:2,49:4,50:1
(((92)21)105)0	0.5832067695173555	3.0	3.5832067695173553	1.656400536137536e-08	1:11,2:3,3:2,4:3,5:4,6:6,7:1,9:2,10:1,11:3,12:1,13:3,14:2,15:5,16:1,18:4,19:1,20:3,21:3,22:1,23:7,24:1,25:3,26:5,27:1,28:2,29:1,30:4,31:2,32:1,33:3,34:3,36:2,37:2,38:3,39:1,40:3,41:1,42:2,43:1,45:2,46:4,47:1,49:5,50:3
(105,21,92)0	2.0233849040654626	2.0	4.023384904065463	1.8337101459747329e-09	1:48,2:13,3:4,4:7,5:7,6:11,7:8,8:5,9:10,10:8,11:9,12:10,13:6,14:12,15:10,16:9,17:10,18:12,19:12,20:8,21:9,22:10,23:5,24:8,25:8,26:5,27:9,28:5,29:9,30:8,31:5,32:11,33:11,34:11,35:9,36:13,37:5,38:11,39:13,40:9,41:4,42:11,43:12,44:12,45:10,46:12,47:7,48:8,49:7,50:8
(0,(92)105)21	1.1099213755937851	3.0	4.109921375593785	1.189649777252552e-09	1:21,2:3,3:9,4:2,5:6,6:7,7:3,8:3,9:4,10:5,11:5,12:4,13:4,14:3,15:1,16:1,17:5,18:7,19:6,20:4,21:7,22:6,23:8,24:6,25:2,26:3,27:4,28:4,29:1,30:2,31:4,32:4,33:7,34:3,35:3,36:4,37:2,38:3,39:1,40:9,41:7,42:7,43:7,44:3,45:4,46:4,47:5,48:7,49:3,50:5
((0,105)21)92	1.110121375593785	3.0	4.110121375593785	1.1884607221019656e-09	1:12,2:5,3:1,4:6,5:6,6:2,7:4,9:5,10:4,11:5,12:1,13:3,14:7,15:3,16:5,17:6,18:3,19:4,20:6,21:5,22:6,23:1,24:6,25:2,26:5,27:4,28:3,29:4,30:4,31:1,32:4,33:6,34:12,35:4,36:8,37:5,38:5,39:3,40:6,41:9,42:6,43:5,44:4,45:4,46:4,47:6,48:5,49:2,50:2
((105,21)92)0	1.1462637528821233	3.0	4.146263752882123	9.919794104928708e-10	1:10,2:3,3:3,4:8,5:1,6:4,7:4,9:2,10:2,11:4,12:4,13:2,14:1,15:4,16:3,17:3,18:5,19:3,20:3,21:3,22:2,23:3,24:2,25:3,26:6,27:7,28:1,29:3,30:6,31:1,32:1,33:5,34:2,35:5,36:1,37:2,38:6,39:4,40:2,41:2,42:4,43:1,44:1,45:2,46:5,47:2,49:2,50:1
(21,(105)92)0	1.1781709405301384	3.0	4.178170940530139	8.457014600935822e-10	1:19,2:9,3:4,4:2,5:16,6:4,7:4,8:4,9:5,10:4,11:4,12:3,13:5,14:4,15:2,16:4,17:3,18:3,19:6,20:7,21:2,22:3,23:4,24:5,25:8,26:4,27:4,28:5,29:2,30:4,31:7,32:10,33:5,34:12,35:3,36:4,37:6,38:6,39:1,40:6,41:4,42:2,43:4,44:6,45:5,46:1,47:2,48:8,49:2,50:5
((0,92)105)21	1.2030500776396014	3.0	4.203050077639602	7.467800727016979e-10	1:14,2:4,3:5,4:5,5:4,6:5,7:3,8:5,9:3,10:8,11:4,12:6,13:7,14:4,15:4,16:2,17:3,18:6,19:2,20:5,21:7,22:4,23:4,24:2,25:2,26:6,27:3,28:7,29:10,30:4,31:3,32:3,33:3,34:2,35:6,36:7,37:5,39:4,40:5,41:5,42:4,43:2,44:4,45:9,46:6,47:3,48:9,49:5,50:5
((0)105,92)21	1.2246779617515782	3.0	4.224677961751578	6.702369503961275e-10	1:23,2:5,3:2,4:4,5:5,6:5,7:1,8:2,9:3,10:7,11:8,12:7,13:3,14:4,15:8,16:4,17:2,18:2,19:5,20:5,21:3,22:4,23:5,24:6,25:2,26:2,27:5,28:5,29:1,30:9,31:3,32:3,34:3,35:2,37:4,38:2,39:2,40:2,41:1,42:7,43:2,44:4,45:4,46:3,47:2,48:4,49:6,50:6
(105,(0)92)21	1.2248779617515781	3.0	4.224877961751578	6.695670484525276e-10	1:21,2:8,3:4,4:3,5:4,6:3,7:7,8:8,9:3,10:2,11:3,12:3,13:4,14:6,15:1,16:7,17:5,18:4,19:2,20:2,21:5,22:3,23:6,24:6,25:3,26:4,27:5,28:7,29:3,30:4,31:7,32:6,33:3,34:2,35:4,36:4,37:3,38:5,39:4,40:2,41:3,42:4,43:4,44:4,45:3,46:5,47:8,48:4,49:7,50:4
(105,(92)21)0	1.2810426605003047	3.0	4.2810426605003045	5.056313333033793e-10	1:21,2:4,3:6,4:4,5:5,6:2,7:4,8:4,9:7,10:2,11:4,12:5,13:5,14:4,16:6,17:6,18:3,19:4,20:4,21:3,22:5,23:4,24:2,25:3,26:7,27:2,28:6,29:3,30:3,31:2,32:1,33:4,35:5,36:6,37:4,38:4,39:5,40:5,41:5,42:2,43:4,44:2,45:3,46:3,47:3,48:4,49:3,50:6
((105)21,92)0	1.363167408764831	3.0	4.363167408764831	3.353531219750249e-10	1:24,3:5,4:1,5:1,6:3,7:4,8:4,9:4,10:4,11:4,12:4,13:7,14:3,15:7,16:2,17:4,18:7,19:2,20:2,21:6,22:5,23:6,24:3,25:5,26:4,27:4,28:9,29:5,30:5,31:7,32:3,33:7,34:6,35:6,36:5,37:4,38:4,39:5,40:5,41:4,42:6,43:3,44:3,45:6,46:3,47:2,48:7,49:7,50:3
(((0)105)92)21	0.4315944847791153	4.0	4.431594484779115	2.381852404209169e-10	1:8,2:3,3:6,4:3,5:5,6:4,7:8,8:4,9:3,10:4,11:3,12:7,14:3,15:7,16:3,17:7,18:6,19:7,20:5,21:7,22:2,23:5,24:6,25:4,26:4,27:3,28:3,29:3,30:5,31:7,32:3,33:8,34:6,35:4,36:7,37:8,38:7,39:10,40:7,41:5,42:9,43:2,44:3,45:7,46:10,47:5,48:7,49:6,50:3
(((105)0)21)92	0.44059986518648697	4.0	4.440599865186487	2.2769836442002074e-10	1:2,2:4,3:1,4:1,5:2,7:2,9:4,10:1,11:1,12:3,14:1,15:1,17:2,18:1,19:2,20:1,21:3,22:4,23:2,24:2,25:1,26:3,27:2,28:2,29:1,30:1,31:4,32:1,33:2,34:2,35:1,36:4,38:3,39:3,40:1,41:1,42:4,43:1,44:3,45:1,46:1,47:2,48:2,50:1
(((92)105)21)0	0.4560839420732525	4.0	4.456083942073253	2.1073499696342666e-10	1:7,2:1,3:3,4:3,5:1,6:1,7:1,9:1,10:1,11:1,12:1,13:1,14:1,15:2,16:1,17:3,18:1,19:2,20:2,21:2,22:1,24:2,25:2,26:1,27:1,28:2,29:2,30:1,31:1,32:4,33:1,34:1,35:1,37:1,39:2,41:2,42:1,44:2,46:1,47:2,48:1,49:3
(((92)0)105)21	0.5786750155920862	4.0	4.578675015592086	1.1416514471343685e-10	1:5,2:1,3:1,4:1,5:1,7:1,8:3,9:3,10:3,11:2,12:2,13:1,14:1,15:2,16:2,17:1,20:1,21:1,25:2,26:1,28:2,29:4,30:2,31:2,32:2,33:3,34:1,35:1,36:4,38:1,39:1,40:3,42:1,43:1,44:4,45:1,47:1,48:3
(((105)21)92)0	0.5788750155920862	4.0	4.578875015592086	1.1405103663227326e-10	1:6,2:2,3:7,4:6,5:4,6:8,7:5,8:5,9:5,10:1,11:6,12:4,13:6,14:4,15:3,16:5,17:3,18:7,19:6,20:3,21:3,22:4,23:6,24:4,25:5,26:6,27:7,28:6,29:4,30:3,31:9,32:6,33:7,34:5,35:3,36:9,37:3,38:1,40:7,41:8,42:9,43:4,44:3,45:7,46:6,47:6,48:5,49:10,50:1
(0,105,92)21	2.0364260728050017	3.0	5.036426072805002	1.1575499494381145e-11	1:37,2:5,3:6,4:11,5:8,6:11,7:8,8:10,9:17,10:8,11:11,12:10,13:10,14:9,15:13,16:7,17:7,18:4,19:7,20:4,21:11,22:9,23:15,24:8,25:8,26:10,27:6,28:6,29:8,30:6,31:12,32:8,33:8,34:8,35:8,36:9,37:12,38:8,39:7,40:11,41:11,42:3,43:5,44:3,45:8,46:8,47:7,48:7,49:11,50:7
(0,(105)92)21	1.1845748292220932	4.0	5.184574829222093	5.518725631725918e-12	1:21,2:7,3:7,4:4,5:6,6:7,7:4,8:4,9:5,10:10,11:2,12:7,13:1,14:4,16:2,17:5,18:7,19:3,20:5,21:4,22:4,23:4,24:3,25:7,26:6,27:5,28:2,30:2,31:1,32:5,33:7,34:4,35:3,36:8,37:4,38:2,39:7,40:4,41:5,42:2,43:6,44:4,45:4,46:7,47:3,48:3,49:3,50:1
((0,105)92)21	1.1879472976451142	4.0	5.187947297645114	5.426447193894954e-12	1:13,2:7,3:5,4:7,5:4,6:2,7:3,8:3,9:7,10:5,11:1,12:3,13:4,14:1,15:4,16:2,17:1,19:1,21:5,22:3,23:5,24:3,25:2,26:5,27:5,28:2,29:1,30:2,31:4,32:4,33:1,34:7,35:1,36:1,37:3,38:5,39:2,40:6,41:6,42:1,43:5,44:3,45:2,46:2,47:4,48:1,49:4,50:2
((105,92)21)0	1.253877961751578	4.0	5.253877961751578	3.902554376889758e-12	1:13,2:6,3:1,4:2,5:6,6:1,7:5,8:6,9:6,10:8,11:2,12:2,13:3,14:4,15:1,16:4,17:5,18:5,19:2,20:7,21:7,22:8,23:5,24:5,25:1,26:5,27:4,28:3,29:5,30:1,31:2,32:6,33:5,34:5,35:5,36:5,37:3,38:7,39:4,40:4,41:4,42:6,43:4,44:5,45:7,46:2,47:3,48:5,49:4,50:8
((92)0,105)21	1.2617124491126188	4.0	5.261712449112618	3.752637290875947e-12	1:18,2:5,3:4,4:3,5:4,6:4,7:4,8:4,9:1,10:6,11:3,12:4,13:8,14:2,15:7,16:5,17:5,18:4,19:11,20:3,21:6,22:8,23:5,24:2,25:3,26:2,27:5,28:4,29:1,30:5,31:6,32:5,33:3,34:5,35:7,36:5,37:3,38:7,39:3,40:3,41:5,42:5,43:8,44:5,45:4,46:8,47:6,48:7,49:3,50:7
((105)0,92)21	1.3361871139603334	4.0	5.336187113960333	2.5859308662239976e-12	1:18,2:6,3:4,4:5,5:3,6:5,7:5,8:2,9:4,10:2,11:3,12:3,13:4,14:5,15:4,16:8,17:7,18:4,19:7,20:6,21:5,22:3,23:6,24:6,25:5,26:1,27:6,28:4,29:3,30:8,31:9,32:4,33:4,34:4,35:10,36:8,37:2,38:3,39:6,40:4,41:8,42:5,43:3,44:4,45:2,46:7,47:3,48:4,49:6,50:5
(((92)105)0)21	0.440399865186487	5.0	5.440399865186487	1.5357544981173076e-12	1:9,2:4,3:2,5:1,6:1,7:2,8:1,11:2,12:2,13:2,14:3,15:4,16:4,17:6,18:2,19:1,20:1,21:2,22:2,23:3,26:2,27:3,28:2,29:4,30:3,31:3,32:1,34:1,35:1,36:5,37:3,38:2,39:3,40:5,41:3,42:5,43:2,44:1,45:1,46:1,47:1,48:2,49:1,50:3
(((105)92)21)0	0.4607944847791153	5.0	5.460794484779115	1.3868690050075747e-12	1:2,2:1,3:1,4:1,6:1,7:1,8:2,9:1,11:1,12:1,15:1,16:3,17:3,18:3,19:1,20:1,23:4,24:2,25:2,26:1,27:1,28:2,29:4,31:1,32:2,33:3,35:1,37:3,39:2,41:2,42:3,44:2,45:2,48:2,49:1,50:2
(((105)0)92)21	0.5834067695173555	5.0	5.583406769517356	7.512530511889056e-13	1:9,2:41,3:64,4:65,5:57,6:55,7:69,8:58,9:54,10:74,11:75,12:62,13:60,14:53,15:73,16:53,17:55,18:70,19:74,20:71,21:72,22:65,23:56,24:62,25:74,26:63,27:67,28:62,29:60,30:63,31:55,32:56,33:78,34:68,35:60,36:59,37:67,38:59,39:54,40:56,41:64,42:71,43:68,44:56,45:56,46:68,47:64,48:57,49:71,50:66
((105,92)0)21	1.2578633224011493	5.0	6.25786332240115	2.5776411297260334e-14	1:11,2:7,3:6,4:5,5:4,6:2,7:4,8:4,9:6,10:4,11:2,12:4,13:3,14:1,15:3,16:6,17:6,18:3,19:3,20:2,21:4,22:1,23:5,24:3,25:6,26:3,27:4,28:3,29:1,30:2,31:6,32:3,33:3,34:4,35:6,36:1,37:6,38:4,39:5,40:6,41:6,42:1,43:3,44:4,45:3,46:5,47:3,48:5,49:6,50:9
(((105)92)0)21	0.44057865396708057	6.0	6.440578653967081	1.0338586163657276e-14	1:7,4:1,5:1,6:1,7:1,8:3,9:2,11:3,12:1,13:2,14:1,15:3,16:3,17:5,18:1,19:3,20:3,21:2,22:2,23:2,24:1,26:2,27:2,28:2,29:2,32:3,34:4,36:1,37:1,38:2,40:1,41:1,42:3,43:1,45:1,47:2,48:2,49:1,50:2
