# generation count = 50 
#
generation.index	generationHighestFitness	generationMedianFitness	populationHighestFitness	populationMedianFitness
1	0.8632939774163195	1.065324632541272e-07	0.8632939774163195	1.065324632541272e-07
2	0.8632939774163195	0.001737275201733753	0.8632939774163195	6.340843254715185e-06
3	0.8632939774163195	0.001737275201733753	0.8632939774163195	4.4081989491149993e-05
4	0.8632939774163195	0.001737275201733753	0.8632939774163195	5.7222868186674626e-05
5	0.8632939774163195	0.001737275201733753	0.8632939774163195	6.243295272369002e-05
6	0.8632939774163195	0.003151252243274759	0.8632939774163195	0.00010310128699800442
7	0.8632939774163195	0.001737275201733753	0.8632939774163195	0.0002902420176444203
8	0.8632939774163195	0.003151252243274759	0.8632939774163195	0.001737275201733753
9	0.8632939774163195	0.001737275201733753	0.8632939774163195	0.001737275201733753
10	0.8632939774163195	0.001737275201733753	0.8632939774163195	0.001737275201733753
11	0.8632939774163195	0.001737275201733753	0.8632939774163195	0.001737275201733753
12	0.8632939774163195	0.003151252243274759	0.8632939774163195	0.001737275201733753
13	0.8632939774163195	0.003151252243274759	0.8632939774163195	0.001737275201733753
14	0.8632939774163195	0.001737275201733753	0.8632939774163195	0.001737275201733753
15	0.8632939774163195	0.003151252243274759	0.8632939774163195	0.001737275201733753
16	0.8632939774163195	0.003151252243274759	0.8632939774163195	0.001737275201733753
17	0.8632939774163195	0.003151252243274759	0.8632939774163195	0.001737275201733753
18	0.8632939774163195	0.003151252243274759	0.8632939774163195	0.001737275201733753
19	0.8632939774163195	0.003151252243274759	0.8632939774163195	0.001737275201733753
20	0.8632939774163195	0.003151252243274759	0.8632939774163195	0.001737275201733753
21	0.8632939774163195	0.001737275201733753	0.8632939774163195	0.001737275201733753
22	0.8632939774163195	0.003151252243274759	0.8632939774163195	0.001737275201733753
23	0.8632939774163195	0.001737275201733753	0.8632939774163195	0.001737275201733753
24	0.8632939774163195	0.003151252243274759	0.8632939774163195	0.001737275201733753
25	0.8632939774163195	0.003151252243274759	0.8632939774163195	0.001737275201733753
26	0.8632939774163195	0.001737275201733753	0.8632939774163195	0.001737275201733753
27	0.8632939774163195	0.002444263722504256	0.8632939774163195	0.001737275201733753
28	0.8632939774163195	0.003151252243274759	0.8632939774163195	0.001737275201733753
29	0.8632939774163195	0.001737275201733753	0.8632939774163195	0.001737275201733753
30	0.8632939774163195	0.001737275201733753	0.8632939774163195	0.001737275201733753
31	0.8632939774163195	0.001737275201733753	0.8632939774163195	0.001737275201733753
32	0.8632939774163195	0.001737275201733753	0.8632939774163195	0.001737275201733753
33	0.8632939774163195	0.001737275201733753	0.8632939774163195	0.001737275201733753
34	0.8632939774163195	0.003151252243274759	0.8632939774163195	0.001737275201733753
35	0.8632939774163195	0.003151252243274759	0.8632939774163195	0.001737275201733753
36	0.8632939774163195	0.003151252243274759	0.8632939774163195	0.001737275201733753
37	0.8632939774163195	0.003151252243274759	0.8632939774163195	0.001737275201733753
38	0.8632939774163195	0.003151252243274759	0.8632939774163195	0.001737275201733753
39	0.8632939774163195	0.003151252243274759	0.8632939774163195	0.001737275201733753
40	0.8632939774163195	0.003151252243274759	0.8632939774163195	0.001737275201733753
41	0.8632939774163195	0.003151252243274759	0.8632939774163195	0.001737275201733753
42	0.8632939774163195	0.003151252243274759	0.8632939774163195	0.001737275201733753
43	0.8632939774163195	0.001737275201733753	0.8632939774163195	0.001737275201733753
44	0.8632939774163195	0.003151252243274759	0.8632939774163195	0.001737275201733753
45	0.8632939774163195	0.001737275201733753	0.8632939774163195	0.001737275201733753
46	0.8632939774163195	0.001737275201733753	0.8632939774163195	0.001737275201733753
47	0.8632939774163195	0.003151252243274759	0.8632939774163195	0.001737275201733753
48	0.8632939774163195	0.001737275201733753	0.8632939774163195	0.001737275201733753
49	0.8632939774163195	0.001737275201733753	0.8632939774163195	0.001737275201733753
50	0.8632939774163195	0.001737275201733753	0.8632939774163195	0.001737275201733753
############################################################
Topology	MassCost	TopologyCost	Cost	Fitness	appearances(generationID:count)
(((21)0)92)105	0.02939999999999998	0.0	0.02939999999999998	0.8632939774163195	1:8,2:169,3:199,4:190,5:174,6:226,7:219,8:210,9:203,10:188,11:190,12:210,13:215,14:182,15:205,16:207,17:199,18:205,19:208,20:204,21:184,22:215,23:210,24:205,25:212,26:187,27:204,28:207,29:201,30:200,31:202,32:203,33:202,34:223,35:192,36:192,37:178,38:214,39:199,40:200,41:191,42:210,43:198,44:201,45:188,46:192,47:208,48:172,49:197,50:209
(0,(21)92)105	0.7763661355663489	0.0	0.7763661355663489	0.02061305475713325	1:23,2:31,3:16,4:6,5:12,6:6,7:5,8:10,9:7,10:7,11:6,12:9,13:9,14:12,15:8,16:10,17:13,18:10,19:3,20:5,21:5,22:13,23:8,24:6,25:10,26:11,27:4,28:8,29:9,30:9,31:7,32:5,33:5,34:8,35:8,36:10,37:3,38:11,39:7,40:7,41:8,42:6,43:9,44:10,45:11,46:9,47:9,48:6,49:5,50:4
(21,(0)92)105	0.7892596301928011	0.0	0.7892596301928011	0.019326111867734825	1:22,2:59,3:59,4:49,5:54,6:46,7:50,8:44,9:40,10:47,11:59,12:63,13:51,14:43,15:45,16:42,17:51,18:50,19:50,20:61,21:45,22:53,23:45,24:47,25:42,26:44,27:50,28:54,29:42,30:39,31:42,32:45,33:40,34:58,35:55,36:52,37:52,38:51,39:46,40:51,41:60,42:51,43:47,44:50,45:39,46:47,47:43,48:56,49:56,50:51
((21)0,92)105	0.805366135566349	0.0	0.805366135566349	0.01783075189403267	1:21,2:54,3:44,4:69,5:47,6:51,7:47,8:43,9:49,10:43,11:37,12:50,13:55,14:55,15:39,16:55,17:41,18:57,19:48,20:53,21:56,22:43,23:45,24:48,25:42,26:45,27:39,28:55,29:49,30:46,31:38,32:41,33:46,34:50,35:56,36:45,37:55,38:42,39:49,40:52,41:50,42:52,43:43,44:40,45:58,46:43,47:46,48:42,49:53,50:49
((0,21)92)105	0.815608098292311	0.0	0.815608098292311	0.016940628456802925	1:11,2:45,3:49,4:46,5:63,6:44,7:42,8:55,9:65,10:64,11:62,12:51,13:54,14:51,15:64,16:55,17:51,18:55,19:55,20:46,21:58,22:49,23:54,24:53,25:39,26:49,27:51,28:49,29:47,30:52,31:43,32:55,33:48,34:48,35:58,36:51,37:59,38:53,39:51,40:54,41:68,42:49,43:45,44:67,45:35,46:56,47:59,48:64,49:64,50:40
(((0)21)92)105	0.04710010660968691	1.0	1.047100106609687	0.005324158899285251	1:8,2:74,3:62,4:72,5:74,6:70,7:77,8:78,9:73,10:80,11:74,12:76,13:68,14:80,15:78,16:75,17:80,18:71,19:72,20:70,21:82,22:77,23:75,24:77,25:83,26:85,27:76,28:71,29:77,30:72,31:69,32:75,33:86,34:77,35:69,36:88,37:88,38:68,39:78,40:72,41:90,42:81,43:73,44:72,45:87,46:73,47:71,48:75,49:63,50:77
(((21)92)0)105	0.15199107351883373	1.0	1.1519910735188337	0.003151252243274759	1:6,2:46,3:65,4:64,5:65,6:68,7:55,8:68,9:60,10:64,11:57,12:57,13:54,14:68,15:66,16:70,17:70,18:68,19:70,20:62,21:62,22:64,23:50,24:73,25:79,26:74,27:76,28:62,29:56,30:63,31:74,32:63,33:65,34:56,35:63,36:64,37:68,38:62,39:73,40:67,41:67,42:61,43:82,44:64,45:66,46:65,47:73,48:58,49:54,50:56
(((21)0)105)92	0.2710874738385599	1.0	1.27108747383856	0.001737275201733753	1:6,2:52,3:58,4:63,5:63,6:63,7:69,8:62,9:49,10:74,11:71,12:69,13:55,14:76,15:55,16:55,17:65,18:60,19:60,20:66,21:64,22:61,23:66,24:65,25:62,26:63,27:73,28:60,29:70,30:64,31:68,32:61,33:67,34:69,35:66,36:64,37:66,38:59,39:61,40:54,41:63,42:59,43:68,44:62,45:60,46:61,47:73,48:71,49:56,50:60
(0,21,92)105	1.628959087884039	0.0	1.628959087884039	0.0002902420176444203	1:42,2:13,3:7,4:9,5:9,6:10,7:11,8:6,9:10,10:6,11:9,12:13,13:17,14:9,15:9,16:6,17:11,18:10,19:11,20:11,21:11,22:8,23:14,24:10,25:6,26:13,27:9,28:11,29:9,30:6,31:14,32:6,33:17,34:6,35:4,36:5,37:8,38:9,39:7,40:14,41:14,42:8,43:12,44:5,45:11,46:9,47:5,48:9,49:6,50:8
((0)21,92)105	0.835959736802488	1.0	1.835959736802488	0.00010310128699800442	1:22,2:13,3:4,4:12,5:12,6:7,7:5,8:6,9:6,10:9,11:9,12:9,13:12,14:7,15:12,16:11,17:12,18:6,19:9,20:2,21:4,22:4,23:9,24:13,25:11,26:6,27:9,28:9,29:8,30:4,31:9,32:7,33:10,34:3,35:6,36:7,37:8,38:7,39:16,40:7,41:6,42:10,43:11,44:9,45:7,46:9,47:8,48:6,49:8,50:7
((92)0,21)105	0.9157954517785398	1.0	1.9157954517785398	6.91676521651218e-05	1:27,2:14,3:1,4:6,5:5,6:6,7:6,8:7,9:6,10:10,11:6,12:7,13:3,14:5,15:8,16:4,17:10,18:9,19:5,20:7,21:5,22:1,23:8,24:2,25:7,26:4,27:6,28:2,29:9,30:6,31:8,32:3,33:2,34:7,35:1,36:7,37:5,38:5,39:10,40:6,41:2,42:4,43:8,44:7,45:5,46:9,47:3,48:8,49:6,50:7
((21,92)0)105	0.9362834666915784	1.0	1.9362834666915782	6.243295272369002e-05	1:16,2:18,3:6,4:4,5:15,6:4,7:7,8:15,9:8,10:7,11:11,12:8,13:9,14:7,15:6,16:17,17:14,18:13,19:8,20:7,21:14,22:13,23:14,24:13,25:13,26:7,27:10,28:6,29:6,30:13,31:7,32:12,33:7,34:12,35:8,36:5,37:13,38:7,39:9,40:12,41:9,42:6,43:13,44:9,45:12,46:7,47:13,48:11,49:14,50:9
(0,(92)21)105	0.9537113892002613	1.0	1.9537113892002613	5.7222868186674626e-05	1:18,2:16,3:5,4:5,5:9,6:4,7:9,8:4,9:5,10:7,11:8,12:5,13:4,14:8,15:7,16:6,17:3,18:11,19:7,20:7,21:2,22:6,23:7,24:2,25:3,26:8,27:9,28:7,29:6,30:7,31:6,32:5,33:10,34:7,35:2,36:8,37:5,38:6,39:5,40:7,41:4,42:2,43:5,44:7,45:6,46:9,47:7,48:6,49:4,50:4
((0)105,21)92	0.9944726793632895	1.0	1.9944726793632896	4.667212825588051e-05	1:27,2:12,3:4,4:4,5:7,6:10,7:3,8:10,9:1,10:3,11:5,12:4,13:6,14:4,15:3,16:4,17:3,18:9,19:3,20:2,21:2,22:5,23:1,24:7,25:4,26:4,27:5,28:9,29:3,30:5,31:3,32:4,33:3,34:2,35:2,36:7,37:5,38:4,39:5,40:11,41:6,42:8,43:5,44:10,45:7,46:4,47:5,48:7,49:6,50:4
(0,(21)105)92	0.9982402867045589	1.0	1.9982402867045588	4.5801146540468254e-05	1:26,2:7,3:6,4:7,5:4,6:6,7:4,8:5,9:5,10:2,11:5,12:7,13:6,14:5,15:7,16:1,17:3,18:5,19:10,20:7,21:3,22:3,23:1,24:4,25:2,26:6,27:5,28:6,29:5,30:7,31:2,32:5,33:4,34:2,35:3,36:5,37:5,38:4,39:3,40:5,41:4,42:1,43:5,44:3,45:3,46:3,47:5,48:4,49:5,50:4
((0,21)105)92	1.0058918520982658	1.0	2.005891852098266	4.4081989491149993e-05	1:11,2:8,3:3,4:5,5:3,6:1,7:3,8:2,9:6,10:2,11:3,12:3,13:2,14:1,15:3,16:1,17:3,18:4,19:5,20:4,21:3,22:4,23:3,24:5,25:3,26:2,28:2,29:8,30:5,31:7,32:2,33:4,34:2,35:7,36:1,37:2,38:3,39:2,40:2,41:3,42:4,43:2,44:1,45:1,46:1,47:2,48:2,49:1,50:3
((21)0,105)92	1.027440286704559	1.0	2.027440286704559	3.957941359763419e-05	1:18,2:4,3:6,4:6,5:5,6:4,7:8,8:3,9:6,10:4,11:9,12:4,13:3,14:6,15:3,16:5,17:8,18:5,19:4,20:2,21:3,22:4,23:7,24:6,25:8,26:5,27:5,28:6,29:4,30:3,31:7,32:1,33:1,34:7,35:2,36:3,37:6,38:10,39:2,40:4,41:3,42:4,43:3,44:6,45:6,46:2,47:5,48:3,49:2,50:4
(((0)92)21)105	0.18990701094055534	2.0	2.1899070109405554	1.7566180715837183e-05	1:7,2:5,3:10,4:4,5:8,6:8,7:5,8:8,9:5,10:9,11:8,12:3,13:7,14:2,15:6,16:8,17:7,18:5,19:8,20:7,21:9,22:5,23:2,24:7,25:8,26:5,27:7,28:6,29:7,30:7,31:3,32:7,33:7,34:2,35:7,36:3,37:6,38:2,39:6,40:10,41:5,42:5,43:6,44:8,45:2,46:12,47:9,48:4,49:9,50:5
(((92)21)0)105	0.21890701094055537	2.0	2.2189070109405553	1.5195137924011168e-05	1:12,2:12,3:15,4:6,5:8,6:5,7:6,8:6,9:9,10:7,11:5,12:14,13:15,14:8,15:8,16:12,17:13,18:7,19:7,20:3,21:3,22:7,23:13,24:12,25:8,26:7,27:18,28:11,29:11,30:4,31:9,32:11,33:12,34:8,35:9,36:9,37:9,38:8,39:6,40:17,41:7,42:7,43:7,44:5,45:13,46:6,47:6,48:10,49:11,50:6
(((0)21)105)92	0.2887875804482468	2.0	2.288787580448247	1.0714228834887147e-05	1:6,2:9,3:3,4:8,5:8,6:5,7:5,8:10,9:3,10:1,11:7,12:7,13:5,14:2,15:10,16:3,17:6,18:1,19:8,20:5,21:5,22:4,23:7,24:6,25:6,26:6,27:4,28:7,29:6,30:6,31:8,32:5,33:4,34:4,35:10,36:4,37:6,38:5,39:4,40:6,41:3,42:7,43:8,44:6,45:8,46:7,47:7,48:10,49:3,50:4
(((21)92)105)0	0.39369975857680006	2.0	2.3936997585768003	6.340843254715185e-06	1:8,2:3,3:4,5:1,6:1,8:2,10:2,11:1,12:1,13:2,14:2,15:1,17:4,18:4,19:2,20:3,22:1,23:1,24:4,25:2,26:1,27:1,30:3,31:2,33:1,34:2,35:1,37:2,38:2,40:1,41:2,42:1,43:1,44:2,45:2,46:1,47:1,50:2
(((21)105)0)92	0.39369975857680006	2.0	2.3936997585768003	6.340843254715185e-06	1:5,2:1,3:4,4:1,5:2,6:1,7:1,8:1,9:1,10:2,11:2,13:2,14:4,15:1,16:3,17:2,18:1,19:1,20:2,22:1,23:3,25:1,26:1,27:1,28:3,30:1,31:4,32:2,33:1,34:2,35:4,36:4,37:1,38:1,39:2,40:2,41:2,42:2,43:1,44:1,45:1,46:1,47:3,49:2,50:1
(0,105,21)92	1.8473570499500092	1.0	2.847357049950009	6.562098212019319e-07	1:35,2:11,3:7,4:10,5:15,6:10,7:12,8:9,9:4,10:10,11:5,12:4,13:12,14:11,15:14,16:10,17:9,18:7,19:8,20:5,21:8,22:9,23:7,24:6,25:8,26:8,27:4,28:8,29:5,30:8,31:2,32:3,33:9,34:9,35:9,36:4,37:7,38:10,39:5,40:3,41:7,42:16,43:7,44:7,45:8,46:3,47:12,48:3,49:6,50:8
((0,92)21)105	0.9426873553835333	2.0	2.9426873553835335	4.074136710399349e-07	1:17,2:10,3:14,4:9,5:14,6:7,7:12,8:15,9:16,10:19,11:11,12:12,13:15,14:12,15:18,16:14,17:10,18:9,19:13,20:14,21:19,22:10,23:12,24:9,25:11,26:15,27:8,28:10,29:12,30:19,31:14,32:13,33:7,34:22,35:12,36:14,37:10,38:19,39:9,40:14,41:11,42:10,43:14,44:8,45:11,46:13,47:11,48:14,49:15,50:11
(105,(0)21)92	1.0413727859729764	2.0	3.0413727859729764	2.487384411154699e-07	1:27,2:4,3:4,4:10,5:4,6:4,7:5,8:3,9:6,10:2,11:1,12:1,13:6,14:6,15:4,16:5,17:4,18:2,19:2,20:5,21:10,22:3,23:2,24:3,25:5,26:3,27:5,28:4,29:5,30:5,31:5,32:4,33:1,34:6,35:3,36:3,37:5,38:9,39:3,40:3,41:5,42:6,43:3,44:2,45:4,46:9,47:7,48:5,49:3,50:4
((92)105,21)0	1.0913356495597493	2.0	3.091335649559749	1.9375366596180968e-07	1:15,2:4,3:4,4:1,5:1,6:4,7:3,8:1,9:5,10:3,11:3,12:6,13:5,14:5,15:3,16:1,17:2,18:5,19:4,20:2,21:5,22:2,23:3,24:5,25:4,26:6,27:8,28:5,29:2,30:4,31:2,32:5,33:2,34:7,36:7,37:7,38:4,39:2,40:5,41:6,42:3,43:4,44:3,45:3,46:4,47:7,48:4,49:4,50:5
((105,21)0)92	1.0915356495597492	2.0	3.0915356495597495	1.935600091403964e-07	1:8,2:2,3:2,4:2,5:4,6:1,7:3,8:2,9:3,10:1,11:3,12:3,13:5,14:5,15:5,16:5,17:5,18:4,19:5,20:3,21:6,22:7,23:2,24:3,25:5,26:3,27:1,28:3,29:5,30:3,31:3,32:3,33:2,34:6,35:9,36:2,37:5,38:5,39:8,40:2,41:5,42:2,43:3,44:1,45:4,46:3,47:3,48:2,49:4,50:4
((21,92)105)0	1.1825593887696013	2.0	3.1825593887696013	1.227891790197161e-07	1:20,2:6,3:1,4:1,5:6,6:7,7:4,8:5,9:4,10:8,11:4,12:2,13:6,14:5,15:4,16:3,17:9,18:3,19:3,20:5,21:3,22:8,23:2,24:2,25:6,26:2,27:6,28:3,29:3,30:7,31:4,32:5,33:3,34:7,35:4,37:1,38:2,39:1,40:3,41:2,42:7,43:2,44:3,45:3,46:4,47:3,48:3,49:4,50:2
(((92)0)21)105	0.1986911801285207	3.0	3.1986911801285207	1.1327403102154435e-07	1:3,2:64,3:80,4:78,5:72,6:77,7:62,8:57,9:78,10:67,11:57,12:68,13:71,14:66,15:65,16:59,17:61,18:58,19:61,20:60,21:65,22:55,23:68,24:55,25:70,26:72,27:61,28:68,29:57,30:68,31:61,32:79,33:55,34:57,35:76,36:73,37:67,38:80,39:63,40:60,41:65,42:70,43:68,44:63,45:62,46:51,47:74,48:76,49:68,50:67
((105)0,21)92	1.2091078568691112	2.0	3.209107856869111	1.0752534127747842e-07	1:17,2:5,3:8,4:4,5:4,6:4,7:6,8:4,9:2,10:2,11:4,13:2,14:3,15:7,16:5,17:6,18:5,19:8,20:3,21:3,22:5,23:5,24:4,25:5,26:4,27:5,28:5,29:5,30:3,31:5,32:5,33:5,34:4,35:5,36:5,37:2,38:4,39:2,40:3,41:4,42:3,43:5,44:2,45:6,46:7,48:6,49:4,50:4
((21)105,92)0	1.2109632157914623	2.0	3.2109632157914625	1.065324632541272e-07	1:17,2:7,3:5,4:5,5:4,6:3,7:7,8:7,9:10,10:2,11:5,12:4,13:1,14:8,15:5,16:8,17:5,18:4,19:8,20:2,21:6,22:8,23:3,24:4,25:3,26:6,27:3,28:5,29:2,30:6,31:3,32:6,33:7,34:5,35:2,36:4,37:6,38:2,39:6,40:4,41:2,42:6,43:3,44:5,45:2,46:9,47:7,48:5,49:3,50:4
(105,(21)92)0	1.2111632157914622	2.0	3.211163215791462	1.0642598403935398e-07	1:22,2:4,3:4,4:4,5:3,6:3,7:2,8:4,9:6,10:5,11:4,12:7,13:2,14:3,15:5,16:5,17:4,18:5,19:3,20:4,21:5,22:3,23:3,24:3,25:8,26:2,27:6,28:4,29:6,30:5,31:10,32:1,33:1,34:4,35:3,36:3,37:4,38:1,39:2,40:1,41:4,42:6,43:2,44:9,45:4,46:4,47:6,48:1,50:1
(0,(105)21)92	1.2424920403655635	2.0	3.2424920403655637	9.099509783480316e-08	1:14,2:4,3:3,4:4,5:2,6:4,7:4,8:4,9:5,10:1,11:6,12:6,13:4,14:7,15:4,16:1,17:3,18:5,19:3,20:4,21:3,22:5,23:8,24:5,25:5,26:4,27:2,28:8,29:3,30:5,31:2,32:6,33:6,34:6,35:5,36:3,37:2,38:6,39:6,40:2,41:7,42:3,43:4,44:6,45:3,46:6,47:9,48:6,49:3,50:6
(((21)105)92)0	0.39367854735739366	3.0	3.3936785473573936	4.272879718894434e-08	1:8,2:50,3:53,4:68,5:68,6:62,7:61,8:63,9:76,10:68,11:92,12:61,13:62,14:69,15:58,16:61,17:53,18:66,19:65,20:76,21:69,22:76,23:61,24:55,25:67,26:75,27:69,28:66,29:64,30:63,31:69,32:62,33:67,34:62,35:56,36:76,37:51,38:58,39:72,40:62,41:61,42:59,43:53,44:69,45:78,46:69,47:51,48:68,49:59,50:69
(((0)105)21)92	0.42708394207325245	3.0	3.4270839420732524	3.6156116301167005e-08	1:7,6:4,7:1,10:1,11:3,14:2,15:2,16:3,17:2,18:3,19:1,21:2,22:2,23:1,24:1,26:2,27:1,29:1,31:1,32:1,34:1,35:3,36:2,37:2,38:1,39:2,40:2,41:2,43:2,44:2,46:1,47:1,48:1,49:1,50:3
(((0)92)105)21	0.42708394207325245	3.0	3.4270839420732524	3.6156116301167005e-08	1:11,3:1,5:1,6:2,7:2,8:1,10:2,11:1,13:3,14:2,15:1,16:2,17:1,19:1,21:3,22:2,23:1,24:3,27:2,28:1,29:2,30:1,32:2,33:1,35:2,36:1,37:1,38:1,39:3,40:1,41:1,43:1,44:1,47:2,48:3,49:2,50:2
(((105)21)0)92	0.45628394207325246	3.0	3.4562839420732523	3.1244586418893275e-08	1:8,2:2,3:1,5:2,6:3,7:1,8:4,9:1,10:3,11:1,12:1,13:2,14:2,15:1,16:2,18:1,19:1,20:4,21:4,22:1,23:1,24:2,25:3,26:4,27:1,28:1,29:4,30:2,31:1,32:2,33:4,35:2,36:2,37:2,38:3,39:3,40:3,41:3,42:2,43:5,44:2,45:3,46:2,47:2,48:1,49:4,50:2
(((92)21)105)0	0.5832067695173555	3.0	3.5832067695173553	1.656400536137536e-08	1:4,2:1,3:8,4:3,7:1,8:1,9:4,10:4,11:2,13:2,14:3,15:3,16:3,17:3,18:1,19:1,20:2,22:3,23:3,24:2,25:2,26:3,27:2,28:3,29:5,30:4,32:4,33:5,34:4,35:3,36:4,37:2,38:1,39:5,40:1,41:1,42:2,43:1,44:1,45:1,46:1,48:1,49:3,50:2
(105,21,92)0	2.0233849040654626	2.0	4.023384904065463	1.8337101459747329e-09	1:31,2:7,3:6,4:10,5:8,6:5,7:8,8:8,9:13,10:11,11:14,12:7,13:10,14:6,15:8,16:6,17:8,18:12,19:8,20:10,21:6,22:10,23:8,24:4,25:8,26:8,27:5,28:7,29:8,30:10,31:7,32:6,33:8,34:7,35:17,36:5,37:12,38:9,39:12,40:5,41:14,42:8,43:8,44:9,45:5,46:8,47:10,48:13,49:13,50:9
(0,(92)105)21	1.1099213755937851	3.0	4.109921375593785	1.189649777252552e-09	1:27,2:3,3:3,4:4,5:3,6:5,7:4,8:2,9:4,10:1,11:3,12:5,13:4,14:2,15:9,16:2,17:4,18:2,19:6,20:4,21:4,22:2,23:7,24:8,25:4,26:4,27:4,28:3,29:6,30:3,31:5,32:4,33:3,34:5,36:3,37:4,38:2,39:5,40:2,41:1,42:5,43:4,44:4,45:8,46:6,47:2,48:6,49:4
((0,105)21)92	1.110121375593785	3.0	4.110121375593785	1.1884607221019656e-09	1:11,2:3,3:4,4:6,5:6,6:6,7:7,8:3,9:8,10:8,11:9,12:3,13:8,14:10,15:5,16:7,17:5,18:3,19:5,20:4,21:5,22:1,23:7,24:10,25:3,26:5,27:9,28:6,29:6,30:3,32:7,33:4,34:4,35:9,36:2,37:8,38:3,39:5,40:4,41:6,42:5,43:3,44:2,45:4,46:4,47:4,48:4,49:5,50:6
((105,21)92)0	1.1462637528821233	3.0	4.146263752882123	9.919794104928708e-10	1:17,2:5,3:3,4:2,5:1,6:3,7:3,8:4,9:2,10:4,11:1,12:2,13:5,14:1,15:3,16:2,17:3,18:7,19:2,20:1,21:4,22:1,23:1,24:8,25:6,26:1,27:5,28:2,29:5,30:4,31:5,32:7,33:7,34:3,35:3,36:4,37:3,38:1,39:4,40:1,41:6,42:5,43:4,44:4,45:3,46:2,47:1,48:2,49:4,50:7
(21,(105)92)0	1.1781709405301384	3.0	4.178170940530139	8.457014600935822e-10	1:20,2:4,3:6,4:4,5:3,6:3,7:2,8:8,9:7,10:5,11:4,12:2,13:7,14:6,15:6,16:6,17:5,18:4,19:3,20:2,21:3,22:3,23:4,24:7,25:6,26:4,27:5,28:1,29:9,30:5,31:4,32:2,33:6,34:4,35:8,36:5,37:5,38:4,39:2,40:1,41:6,42:8,43:3,44:2,45:6,46:4,47:7,48:5,49:8,50:10
((0,92)105)21	1.2030500776396014	3.0	4.203050077639602	7.467800727016979e-10	1:15,2:6,3:4,4:4,5:5,6:3,7:6,8:2,9:2,10:4,11:3,12:5,13:6,14:2,15:3,16:4,17:5,18:5,19:2,20:4,21:5,22:6,23:4,24:4,25:4,26:6,27:5,28:9,29:10,30:7,31:9,32:9,33:7,34:4,35:5,36:1,37:3,38:1,39:8,40:3,41:2,42:2,43:6,44:5,45:1,46:2,47:5,48:1,49:4,50:8
((0)105,92)21	1.2246779617515782	3.0	4.224677961751578	6.702369503961275e-10	1:25,2:5,3:2,4:2,5:5,6:3,7:3,8:2,9:4,10:2,11:3,12:3,13:3,14:6,15:2,16:7,17:4,18:4,19:1,20:5,21:8,22:4,23:2,24:5,25:1,26:6,27:3,28:4,29:6,30:3,31:3,32:3,33:2,34:2,35:6,36:6,37:5,38:4,39:5,40:6,41:5,42:7,43:3,44:3,45:3,46:11,47:2,48:5,49:3,50:2
(105,(0)92)21	1.2248779617515781	3.0	4.224877961751578	6.695670484525276e-10	1:19,2:12,3:3,4:7,5:5,6:2,7:5,8:6,9:5,10:4,11:5,12:6,13:5,14:1,15:4,16:4,17:1,18:3,19:5,20:4,21:4,22:2,23:5,24:6,25:1,26:1,27:2,28:2,29:6,30:2,31:5,32:6,33:4,34:3,35:4,36:4,37:2,38:3,39:3,40:10,41:2,42:4,43:6,44:3,45:3,46:7,47:1,48:8,49:4,50:6
(105,(92)21)0	1.2810426605003047	3.0	4.2810426605003045	5.056313333033793e-10	1:21,3:3,4:5,5:2,6:10,7:3,8:5,9:4,10:1,11:4,12:4,13:3,14:2,15:3,16:6,17:2,18:1,19:6,20:4,21:2,22:7,23:4,24:2,25:3,26:8,27:4,28:4,29:4,30:4,31:7,32:4,33:3,34:2,35:2,36:6,37:5,38:4,39:6,40:4,41:1,42:3,43:4,44:4,45:5,46:5,47:3,48:3,49:5,50:3
((105)21,92)0	1.363167408764831	3.0	4.363167408764831	3.353531219750249e-10	1:16,2:4,3:6,4:6,5:4,6:3,7:5,8:7,9:3,10:5,11:4,12:1,13:2,14:5,15:3,16:6,17:3,18:4,19:3,20:8,21:3,22:4,23:3,24:5,25:7,26:3,27:5,28:7,29:3,30:7,31:3,32:8,33:6,34:3,35:5,36:3,37:5,38:9,39:2,40:4,41:2,42:4,43:4,44:8,45:3,46:4,47:3,48:2,49:2,50:3
(((0)105)92)21	0.4315944847791153	4.0	4.431594484779115	2.381852404209169e-10	1:6,2:6,3:5,4:3,5:6,6:2,7:3,8:8,9:3,10:5,11:2,12:7,13:8,14:8,15:4,16:4,17:7,18:2,19:4,20:10,21:4,22:8,23:7,24:5,25:6,26:8,27:3,28:7,29:7,30:7,31:5,32:3,33:2,34:8,35:10,36:4,37:10,38:3,39:3,40:6,41:3,42:8,43:8,44:2,45:7,46:3,47:5,48:5,49:8,50:4
(((105)0)21)92	0.44059986518648697	4.0	4.440599865186487	2.2769836442002074e-10	1:7,2:1,3:1,4:4,5:3,6:1,7:1,9:5,11:4,12:2,14:2,15:1,17:2,18:4,19:2,20:2,23:2,24:1,25:3,26:2,27:1,28:1,30:1,31:2,32:3,33:2,34:1,36:1,37:1,38:1,40:1,41:2,42:1,43:1,44:2,45:3,46:1,47:1,48:1,50:1
(((92)105)21)0	0.4560839420732525	4.0	4.456083942073253	2.1073499696342666e-10	1:6,2:2,3:4,5:1,6:1,7:1,10:1,11:2,12:2,13:2,14:1,15:3,16:1,18:1,19:1,20:1,21:6,22:1,23:3,24:2,26:3,28:4,30:1,31:1,32:2,35:2,36:3,37:2,39:1,40:1,42:1,44:1,45:1,46:2,47:1,48:1,49:2,50:1
(((92)0)105)21	0.5786750155920862	4.0	4.578675015592086	1.1416514471343685e-10	1:6,2:1,3:4,4:1,6:1,7:2,8:2,9:1,10:2,11:1,12:2,13:1,14:2,15:1,16:2,17:2,18:1,20:2,24:2,25:2,26:2,27:2,28:4,30:6,31:1,32:2,33:1,34:2,35:1,36:1,37:2,38:1,39:1,40:3,41:1,42:3,44:1,45:1,46:2,47:2,48:2,49:2
(((105)21)92)0	0.5788750155920862	4.0	4.578875015592086	1.1405103663227326e-10	1:11,2:3,3:5,4:2,5:6,6:4,7:7,8:6,9:4,10:9,11:2,12:4,13:5,14:4,15:7,16:2,17:5,18:6,19:3,20:4,21:2,22:7,23:6,24:4,25:1,26:9,27:4,28:5,29:3,30:6,31:4,32:9,33:12,34:5,35:10,36:5,37:11,38:6,39:4,40:9,41:4,42:6,43:4,44:7,45:7,46:7,47:4,48:3,49:9,50:6
(0,105,92)21	2.0364260728050017	3.0	5.036426072805002	1.1575499494381145e-11	1:39,2:4,3:9,4:9,5:7,6:9,7:9,8:10,9:8,10:13,11:11,12:15,13:6,14:12,15:9,16:6,17:7,18:7,19:9,20:9,21:12,22:10,23:5,24:7,25:4,26:8,27:7,28:5,29:9,30:9,31:4,32:8,33:7,34:12,35:9,36:11,37:9,38:7,39:10,40:17,41:8,42:7,43:10,44:8,45:11,46:7,47:7,48:13,49:9,50:7
(0,(105)92)21	1.1845748292220932	4.0	5.184574829222093	5.518725631725918e-12	1:23,2:6,3:4,4:4,5:1,6:7,7:6,8:4,9:4,10:6,11:1,12:1,13:5,14:4,15:5,16:1,17:3,18:4,19:4,20:4,21:7,22:5,23:4,24:5,25:3,26:4,27:5,28:1,29:4,30:2,31:5,32:9,33:3,34:4,35:4,36:5,37:2,38:3,39:3,40:3,41:6,42:3,43:6,44:9,45:6,46:6,47:2,48:4,49:7,50:3
((0,105)92)21	1.1879472976451142	4.0	5.187947297645114	5.426447193894954e-12	1:12,2:6,3:1,4:5,5:3,6:3,7:3,8:5,9:1,10:4,12:4,13:3,14:4,15:2,16:4,17:6,18:4,19:4,20:2,21:1,22:1,23:3,24:5,25:2,26:2,27:5,28:6,29:2,30:4,31:6,32:4,33:4,34:3,35:3,36:2,37:4,38:3,39:6,40:5,42:4,43:5,44:5,45:4,46:3,47:1,48:5,49:8,50:2
((105,92)21)0	1.253877961751578	4.0	5.253877961751578	3.902554376889758e-12	1:13,2:2,3:5,4:4,5:3,6:5,7:5,8:8,9:7,10:7,11:4,12:3,13:2,14:1,15:3,16:3,17:2,18:6,19:4,20:4,21:6,22:4,23:9,24:7,25:4,26:3,27:10,28:11,29:9,30:4,31:6,32:3,33:7,34:1,35:4,36:6,37:7,38:4,39:8,40:5,41:2,42:4,43:5,44:2,45:2,46:4,47:5,48:6,49:7,50:8
((92)0,105)21	1.2617124491126188	4.0	5.261712449112618	3.752637290875947e-12	1:25,2:6,3:6,4:3,5:4,6:8,7:3,8:5,9:3,10:5,11:5,12:4,13:2,14:4,15:2,16:5,17:3,18:8,19:2,20:3,21:1,22:2,23:3,24:4,25:5,26:3,27:2,28:5,29:4,30:4,31:9,32:3,33:8,34:3,35:2,36:5,37:3,38:2,39:5,40:5,41:10,42:5,43:1,44:8,45:1,46:7,47:3,48:7,49:3,50:4
((105)0,92)21	1.3361871139603334	4.0	5.336187113960333	2.5859308662239976e-12	1:27,2:4,3:6,4:7,5:1,6:6,7:5,8:5,9:6,10:4,11:2,12:5,13:4,14:5,15:6,16:7,17:2,18:6,19:6,20:5,21:10,22:8,23:5,24:5,25:3,26:2,27:5,28:4,29:5,30:6,31:3,32:3,33:1,34:4,35:4,36:10,37:4,38:8,39:9,40:6,41:4,42:7,43:3,44:3,45:7,46:7,47:3,48:4,49:7,50:8
(((92)105)0)21	0.440399865186487	5.0	5.440399865186487	1.5357544981173076e-12	1:9,2:2,3:1,4:2,5:3,6:2,7:4,8:2,9:3,10:2,11:2,12:1,14:2,16:1,18:3,19:5,20:2,21:6,22:3,23:2,24:1,25:3,26:5,27:3,28:3,29:1,30:3,31:3,32:3,33:4,34:2,35:2,36:1,37:2,39:2,40:3,41:1,42:1,43:1,44:2,45:5,46:2,47:5,48:2,49:3,50:2
(((105)92)21)0	0.4607944847791153	5.0	5.460794484779115	1.3868690050075747e-12	1:6,2:4,3:1,4:2,5:3,6:1,7:2,8:1,9:2,10:3,11:3,15:1,16:5,17:1,18:1,19:2,20:3,21:3,22:2,23:3,24:1,25:2,26:1,27:1,28:2,29:1,30:1,32:4,33:1,34:1,35:2,36:1,37:2,38:1,39:4,43:1,44:1,45:2,46:4,47:1,49:4,50:2
(((105)0)92)21	0.5834067695173555	5.0	5.583406769517356	7.512530511889056e-13	1:9,2:62,3:78,4:64,5:65,6:64,7:74,8:57,9:61,10:53,11:60,12:62,13:53,14:56,15:67,16:67,17:67,18:54,19:67,20:68,21:62,22:62,23:71,24:58,25:61,26:56,27:54,28:47,29:75,30:70,31:85,32:62,33:74,34:56,35:54,36:62,37:63,38:79,39:56,40:61,41:55,42:62,43:75,44:68,45:77,46:77,47:59,48:66,49:68,50:80
((105,92)0)21	1.2578633224011493	5.0	6.25786332240115	2.5776411297260334e-14	1:12,2:3,3:4,4:3,5:1,6:1,7:4,8:3,9:3,10:2,11:3,12:5,13:3,14:7,16:2,17:7,18:2,19:3,20:6,21:3,22:4,23:6,24:4,25:3,26:3,27:2,28:4,29:2,30:1,31:1,32:6,33:6,34:4,35:5,36:5,37:2,38:3,39:3,40:3,41:3,42:2,43:3,44:7,45:3,46:2,47:5,48:8,49:2,50:6
(((105)92)0)21	0.44057865396708057	6.0	6.440578653967081	1.0338586163657276e-14	1:4,3:1,4:2,5:3,6:1,7:2,8:2,10:3,11:2,13:1,14:1,16:3,18:2,19:2,20:4,21:2,22:3,23:1,24:3,25:2,26:1,27:3,28:1,29:1,30:2,31:3,32:1,33:1,34:2,35:2,36:2,40:2,41:3,42:2,43:3,44:1,45:2,46:1,47:2,48:1,49:1,50:4
