# generation count = 50 
#
generation.index	generationHighestFitness	generationMedianFitness	populationHighestFitness	populationMedianFitness
1	0.8632939774163195	1.065324632541272e-07	0.8632939774163195	1.065324632541272e-07
2	0.8632939774163195	0.001737275201733753	0.8632939774163195	6.562098212019319e-07
3	0.8632939774163195	0.001737275201733753	0.8632939774163195	4.4081989491149993e-05
4	0.8632939774163195	0.003151252243274759	0.8632939774163195	5.7222868186674626e-05
5	0.8632939774163195	0.003151252243274759	0.8632939774163195	6.91676521651218e-05
6	0.8632939774163195	0.003151252243274759	0.8632939774163195	0.0002902420176444203
7	0.8632939774163195	0.001737275201733753	0.8632939774163195	0.0002902420176444203
8	0.8632939774163195	0.001737275201733753	0.8632939774163195	0.001737275201733753
9	0.8632939774163195	0.001737275201733753	0.8632939774163195	0.001737275201733753
10	0.8632939774163195	0.001737275201733753	0.8632939774163195	0.001737275201733753
11	0.8632939774163195	0.003151252243274759	0.8632939774163195	0.001737275201733753
12	0.8632939774163195	0.003151252243274759	0.8632939774163195	0.001737275201733753
13	0.8632939774163195	0.003151252243274759	0.8632939774163195	0.001737275201733753
14	0.8632939774163195	0.001737275201733753	0.8632939774163195	0.001737275201733753
15	0.8632939774163195	0.003151252243274759	0.8632939774163195	0.001737275201733753
16	0.8632939774163195	0.001737275201733753	0.8632939774163195	0.001737275201733753
17	0.8632939774163195	0.003151252243274759	0.8632939774163195	0.001737275201733753
18	0.8632939774163195	0.001737275201733753	0.8632939774163195	0.001737275201733753
19	0.8632939774163195	0.003151252243274759	0.8632939774163195	0.001737275201733753
20	0.8632939774163195	0.003151252243274759	0.8632939774163195	0.001737275201733753
21	0.8632939774163195	0.001737275201733753	0.8632939774163195	0.001737275201733753
22	0.8632939774163195	0.003151252243274759	0.8632939774163195	0.001737275201733753
23	0.8632939774163195	0.003151252243274759	0.8632939774163195	0.001737275201733753
24	0.8632939774163195	0.003151252243274759	0.8632939774163195	0.001737275201733753
25	0.8632939774163195	0.001737275201733753	0.8632939774163195	0.001737275201733753
26	0.8632939774163195	0.001737275201733753	0.8632939774163195	0.001737275201733753
27	0.8632939774163195	0.001737275201733753	0.8632939774163195	0.001737275201733753
28	0.8632939774163195	0.001737275201733753	0.8632939774163195	0.001737275201733753
29	0.8632939774163195	0.001737275201733753	0.8632939774163195	0.001737275201733753
30	0.8632939774163195	0.003151252243274759	0.8632939774163195	0.001737275201733753
31	0.8632939774163195	0.003151252243274759	0.8632939774163195	0.001737275201733753
32	0.8632939774163195	0.003151252243274759	0.8632939774163195	0.001737275201733753
33	0.8632939774163195	0.001737275201733753	0.8632939774163195	0.001737275201733753
34	0.8632939774163195	0.001737275201733753	0.8632939774163195	0.001737275201733753
35	0.8632939774163195	0.003151252243274759	0.8632939774163195	0.001737275201733753
36	0.8632939774163195	0.003151252243274759	0.8632939774163195	0.001737275201733753
37	0.8632939774163195	0.001737275201733753	0.8632939774163195	0.001737275201733753
38	0.8632939774163195	0.001737275201733753	0.8632939774163195	0.001737275201733753
39	0.8632939774163195	0.001737275201733753	0.8632939774163195	0.001737275201733753
40	0.8632939774163195	0.001737275201733753	0.8632939774163195	0.001737275201733753
41	0.8632939774163195	0.003151252243274759	0.8632939774163195	0.001737275201733753
42	0.8632939774163195	0.001737275201733753	0.8632939774163195	0.001737275201733753
43	0.8632939774163195	0.001737275201733753	0.8632939774163195	0.001737275201733753
44	0.8632939774163195	0.001737275201733753	0.8632939774163195	0.001737275201733753
45	0.8632939774163195	0.001737275201733753	0.8632939774163195	0.001737275201733753
46	0.8632939774163195	0.003151252243274759	0.8632939774163195	0.001737275201733753
47	0.8632939774163195	0.003151252243274759	0.8632939774163195	0.001737275201733753
48	0.8632939774163195	0.003151252243274759	0.8632939774163195	0.001737275201733753
49	0.8632939774163195	0.001737275201733753	0.8632939774163195	0.001737275201733753
50	0.8632939774163195	0.001737275201733753	0.8632939774163195	0.001737275201733753
############################################################
Topology	MassCost	TopologyCost	Cost	Fitness	appearances(generationID:count)
(((21)0)92)105	0.02939999999999998	0.0	0.02939999999999998	0.8632939774163195	1:10,2:176,3:203,4:213,5:206,6:184,7:195,8:219,9:192,10:205,11:202,12:216,13:175,14:206,15:216,16:216,17:187,18:174,19:202,20:212,21:195,22:205,23:211,24:180,25:190,26:179,27:207,28:189,29:202,30:224,31:201,32:212,33:188,34:188,35:192,36:203,37:201,38:185,39:180,40:196,41:209,42:188,43:215,44:202,45:195,46:187,47:210,48:217,49:196,50:190
(0,(21)92)105	0.7763661355663489	0.0	0.7763661355663489	0.02061305475713325	1:24,2:21,3:10,4:14,5:8,6:12,7:7,8:1,9:8,10:7,11:11,12:3,13:7,14:10,15:6,16:4,17:5,18:10,19:7,20:8,21:11,22:8,23:11,24:9,25:10,26:4,27:7,28:6,29:4,30:10,31:8,32:10,33:6,34:4,35:8,36:14,37:8,38:6,39:2,40:5,41:9,42:8,43:5,44:4,45:13,46:7,47:8,48:7,49:6,50:12
(21,(0)92)105	0.7892596301928011	0.0	0.7892596301928011	0.019326111867734825	1:13,2:59,3:49,4:52,5:53,6:40,7:46,8:46,9:48,10:45,11:52,12:37,13:51,14:45,15:51,16:45,17:46,18:49,19:53,20:43,21:43,22:46,23:53,24:51,25:55,26:44,27:54,28:39,29:50,30:59,31:56,32:47,33:39,34:49,35:39,36:56,37:44,38:38,39:54,40:43,41:54,42:57,43:45,44:51,45:46,46:48,47:49,48:50,49:41,50:48
((21)0,92)105	0.805366135566349	0.0	0.805366135566349	0.01783075189403267	1:24,2:53,3:48,4:51,5:42,6:61,7:53,8:37,9:43,10:37,11:53,12:50,13:45,14:44,15:47,16:55,17:62,18:45,19:55,20:64,21:31,22:50,23:48,24:50,25:52,26:59,27:38,28:51,29:47,30:58,31:51,32:54,33:38,34:44,35:56,36:50,37:53,38:49,39:64,40:33,41:53,42:48,43:47,44:46,45:41,46:59,47:48,48:42,49:52,50:43
((0,21)92)105	0.815608098292311	0.0	0.815608098292311	0.016940628456802925	1:14,2:57,3:48,4:54,5:63,6:47,7:45,8:52,9:46,10:50,11:42,12:62,13:58,14:52,15:66,16:42,17:49,18:59,19:57,20:40,21:50,22:57,23:45,24:47,25:50,26:63,27:51,28:54,29:47,30:45,31:57,32:65,33:59,34:59,35:54,36:51,37:49,38:62,39:42,40:55,41:48,42:54,43:57,44:47,45:39,46:59,47:57,48:61,49:48,50:53
(((0)21)92)105	0.04710010660968691	1.0	1.047100106609687	0.005324158899285251	1:6,2:72,3:75,4:73,5:72,6:84,7:84,8:69,9:83,10:69,11:76,12:92,13:104,14:74,15:76,16:68,17:84,18:92,19:61,20:79,21:85,22:80,23:86,24:95,25:71,26:79,27:84,28:63,29:81,30:75,31:82,32:76,33:78,34:89,35:86,36:74,37:83,38:79,39:88,40:87,41:74,42:86,43:59,44:59,45:71,46:80,47:67,48:84,49:81,50:85
(((21)92)0)105	0.15199107351883373	1.0	1.1519910735188337	0.003151252243274759	1:10,2:45,3:53,4:54,5:60,6:82,7:54,8:74,9:61,10:60,11:73,12:55,13:66,14:58,15:71,16:58,17:75,18:61,19:70,20:75,21:59,22:57,23:60,24:78,25:64,26:70,27:52,28:63,29:65,30:53,31:56,32:59,33:60,34:59,35:67,36:69,37:58,38:73,39:65,40:58,41:58,42:55,43:51,44:71,45:74,46:70,47:65,48:69,49:69,50:61
(((21)0)105)92	0.2710874738385599	1.0	1.27108747383856	0.001737275201733753	1:5,2:64,3:77,4:59,5:85,6:65,7:65,8:69,9:72,10:76,11:65,12:73,13:55,14:68,15:53,16:61,17:53,18:83,19:61,20:60,21:74,22:57,23:68,24:53,25:68,26:59,27:54,28:65,29:68,30:75,31:89,32:61,33:76,34:66,35:67,36:51,37:64,38:61,39:70,40:55,41:60,42:57,43:70,44:78,45:68,46:63,47:64,48:52,49:73,50:65
(0,21,92)105	1.628959087884039	0.0	1.628959087884039	0.0002902420176444203	1:41,2:9,3:3,4:14,5:5,6:7,7:11,8:5,9:4,10:13,11:7,12:4,13:5,14:6,15:17,16:9,17:5,18:4,19:6,20:8,21:9,22:9,23:13,24:7,25:7,26:13,27:8,28:12,29:8,30:5,31:10,32:11,33:11,34:8,35:5,36:5,37:13,38:9,39:13,40:14,41:8,42:12,43:12,44:10,45:10,46:9,47:9,48:12,49:7,50:11
((0)21,92)105	0.835959736802488	1.0	1.835959736802488	0.00010310128699800442	1:16,2:8,3:8,4:8,5:9,6:12,7:9,8:7,9:8,10:5,11:7,12:10,13:9,14:3,15:6,16:11,17:8,18:10,19:9,20:12,21:14,22:13,23:7,24:8,25:12,26:6,27:8,28:12,29:7,30:7,31:7,32:7,33:10,34:11,35:7,36:10,37:12,38:9,39:5,40:9,41:9,42:12,43:7,44:9,45:8,46:5,47:10,48:7,49:6,50:5
((92)0,21)105	0.9157954517785398	1.0	1.9157954517785398	6.91676521651218e-05	1:32,2:7,3:4,4:10,5:6,6:3,7:5,8:7,9:4,10:9,11:9,12:7,13:2,14:7,15:2,16:4,17:6,18:8,19:7,20:5,21:5,22:5,23:5,24:8,25:6,26:7,27:2,28:5,29:3,30:8,31:4,32:7,33:6,34:5,35:6,36:7,37:5,38:8,39:4,40:4,41:4,42:4,43:3,44:1,45:6,46:4,47:6,48:7,49:6,50:11
((21,92)0)105	0.9362834666915784	1.0	1.9362834666915782	6.243295272369002e-05	1:11,2:10,3:10,4:15,5:7,6:13,7:6,8:12,9:4,10:7,11:9,12:12,13:11,14:14,15:10,16:13,17:10,18:8,19:8,20:9,21:19,22:14,23:9,24:13,25:11,26:8,27:11,28:16,29:10,30:6,31:7,32:12,33:9,34:8,35:7,36:12,37:8,38:8,39:6,40:19,41:7,42:15,43:13,44:7,45:13,46:7,47:11,48:14,49:8,50:7
(0,(92)21)105	0.9537113892002613	1.0	1.9537113892002613	5.7222868186674626e-05	1:22,2:4,3:10,4:2,5:4,6:10,7:7,8:5,9:5,10:8,11:8,12:6,13:1,14:4,15:8,16:7,17:9,18:7,19:6,20:10,21:5,22:6,23:5,24:5,25:10,26:2,27:5,28:10,29:8,30:7,31:5,32:11,33:7,34:4,35:6,36:4,37:5,38:6,39:3,40:8,41:6,42:3,43:7,44:8,45:7,46:9,47:11,48:4,49:5,50:8
((0)105,21)92	0.9944726793632895	1.0	1.9944726793632896	4.667212825588051e-05	1:26,2:5,3:5,4:5,5:4,6:4,7:5,8:3,9:5,10:7,11:3,12:3,13:11,14:3,15:4,16:5,17:1,18:1,19:11,20:2,21:6,22:2,23:4,24:7,25:5,26:5,27:6,28:3,29:5,30:3,31:9,32:5,33:7,34:4,35:6,36:7,37:3,38:5,39:4,40:3,41:5,42:3,43:6,44:8,45:6,46:4,47:2,48:5,49:2,50:7
(0,(21)105)92	0.9982402867045589	1.0	1.9982402867045588	4.5801146540468254e-05	1:20,2:10,3:6,4:4,5:2,6:6,7:3,8:7,9:7,10:4,11:4,12:6,13:3,14:8,15:2,16:5,17:2,18:5,19:3,20:5,21:1,22:7,23:6,24:4,25:2,26:5,27:2,28:5,29:6,30:6,31:4,32:2,33:10,34:7,35:5,36:2,37:2,38:1,39:4,40:5,41:6,42:7,43:3,44:3,45:5,47:2,48:4,49:5,50:4
((0,21)105)92	1.0058918520982658	1.0	2.005891852098266	4.4081989491149993e-05	1:14,2:5,4:3,5:1,6:4,7:4,8:1,9:5,10:5,11:4,12:6,13:6,14:2,15:2,16:3,17:3,18:4,19:5,21:4,22:4,23:4,24:2,25:3,26:4,27:2,28:1,29:10,30:3,31:3,32:4,33:3,34:1,35:5,36:2,37:2,38:5,39:2,40:2,42:2,43:3,44:2,45:3,46:2,48:2,49:3,50:4
((21)0,105)92	1.027440286704559	1.0	2.027440286704559	3.957941359763419e-05	1:19,2:13,3:5,4:1,5:3,6:3,7:3,8:6,9:7,10:5,11:4,12:5,13:3,14:7,15:9,16:5,17:4,18:5,19:6,20:5,21:2,22:6,23:3,24:4,25:6,26:5,27:4,28:5,29:6,30:4,31:5,32:5,33:4,34:4,35:3,36:4,37:9,38:3,39:7,40:8,41:5,42:4,43:3,44:4,46:6,48:2,49:3,50:6
(((0)92)21)105	0.18990701094055534	2.0	2.1899070109405554	1.7566180715837183e-05	1:7,2:6,3:5,4:7,5:4,6:5,7:4,8:5,9:8,10:7,11:9,12:4,13:13,14:5,15:6,16:6,17:4,18:6,19:12,20:3,21:8,22:4,23:5,24:8,25:7,26:4,27:1,28:4,29:6,30:5,31:7,32:6,33:5,34:4,35:4,36:4,37:12,38:2,39:9,40:3,41:5,42:7,43:5,44:5,45:5,46:9,47:4,48:4,49:5,50:6
(((92)21)0)105	0.21890701094055537	2.0	2.2189070109405553	1.5195137924011168e-05	1:3,2:10,3:11,4:10,5:7,6:5,7:9,8:19,9:11,10:10,11:5,12:9,13:12,14:7,15:7,16:10,17:9,18:14,19:7,20:4,21:15,22:11,23:9,24:12,25:6,26:11,27:6,28:9,29:8,30:9,31:5,32:7,33:9,34:13,35:8,36:11,37:2,38:10,39:12,40:14,41:7,42:9,43:8,44:13,45:9,46:11,47:6,48:6,49:8,50:9
(((0)21)105)92	0.2887875804482468	2.0	2.288787580448247	1.0714228834887147e-05	1:8,2:4,3:6,4:4,5:3,6:5,7:10,8:4,9:4,10:3,11:7,12:8,13:3,14:6,15:10,16:3,17:1,18:3,19:9,20:4,21:9,22:6,23:5,24:7,25:10,26:3,27:5,28:13,29:3,30:4,31:10,32:8,33:6,34:8,35:6,36:6,37:5,38:3,39:2,40:6,41:6,42:5,43:2,44:11,45:4,46:8,47:6,48:5,49:5,50:5
(((21)92)105)0	0.39369975857680006	2.0	2.3936997585768003	6.340843254715185e-06	1:8,2:2,3:2,4:4,5:2,7:2,12:2,13:1,14:2,15:2,16:1,17:1,18:4,19:1,20:1,21:1,22:4,23:1,24:1,25:3,27:5,28:2,29:3,30:2,31:1,32:3,33:2,34:4,36:2,37:1,38:3,39:1,40:3,41:1,42:2,43:1,44:2,45:2,46:2,47:1,49:3,50:1
(((21)105)0)92	0.39369975857680006	2.0	2.3936997585768003	6.340843254715185e-06	1:6,2:3,3:1,4:2,5:1,6:2,7:4,8:1,10:2,12:1,13:3,14:1,16:1,17:4,18:4,19:2,20:1,21:1,22:1,24:2,25:2,26:3,27:5,28:1,29:1,30:1,32:3,33:1,34:1,35:1,36:4,38:1,39:2,40:4,41:1,42:1,44:1,46:3,48:2,50:3
(0,105,21)92	1.847357049950009	1.0	2.847357049950009	6.562098212019319e-07	1:43,2:10,3:5,4:11,5:8,6:8,7:7,8:10,9:7,10:13,11:4,12:5,13:4,14:9,15:12,16:8,17:4,18:8,19:11,20:10,21:4,22:9,23:9,24:8,25:9,26:11,27:13,28:15,29:7,30:10,31:11,32:10,33:4,34:11,35:12,36:7,37:5,38:9,39:8,40:4,41:8,42:5,43:9,44:12,45:10,47:6,48:7,49:2,50:7
((0,92)21)105	0.9426873553835333	2.0	2.9426873553835335	4.074136710399349e-07	1:8,2:18,3:16,4:14,5:10,6:8,7:11,8:12,9:15,10:14,11:12,12:16,13:15,14:13,15:10,16:14,17:11,18:7,19:10,20:19,21:11,22:13,23:15,24:13,25:9,26:17,27:12,28:12,29:10,30:8,31:17,32:7,33:18,34:13,35:15,36:15,37:14,38:10,39:6,40:16,41:15,42:7,43:14,44:12,45:15,46:9,47:20,48:8,49:12,50:9
(105,(0)21)92	1.0413727859729764	2.0	3.0413727859729764	2.487384411154699e-07	1:25,2:5,3:4,4:6,5:2,6:3,7:2,8:2,9:5,11:6,12:4,14:5,15:5,16:3,17:2,18:4,19:6,20:5,21:3,22:3,23:1,24:5,25:5,26:5,27:3,28:4,29:7,30:4,31:2,32:7,33:5,34:3,35:4,36:6,37:3,38:2,39:5,40:4,41:5,42:5,43:3,44:3,45:4,46:2,47:6,48:3,49:6,50:8
((92)105,21)0	1.0913356495597493	2.0	3.091335649559749	1.9375366596180968e-07	1:22,2:5,3:2,4:8,5:1,6:4,7:3,8:3,9:3,10:2,11:2,12:6,13:5,14:2,15:4,16:3,17:6,18:4,19:5,20:2,21:6,22:5,23:8,24:7,25:3,26:6,27:4,28:4,29:4,30:4,31:4,32:3,33:5,34:4,35:2,36:6,37:5,38:5,39:4,40:10,41:1,42:4,43:6,44:4,45:7,46:5,47:6,48:4,49:3,50:3
((105,21)0)92	1.0915356495597492	2.0	3.0915356495597495	1.935600091403964e-07	1:10,2:2,3:5,4:5,5:4,6:3,7:3,8:4,9:3,10:2,11:1,12:2,13:5,14:3,15:4,16:5,17:3,18:6,19:5,20:4,21:4,22:2,23:5,24:3,25:3,26:2,27:5,28:3,29:3,30:6,31:3,32:4,33:3,34:2,35:5,36:1,37:2,38:6,39:6,40:2,41:7,42:8,43:3,44:2,45:2,46:7,47:6,48:5,49:4,50:6
((21,92)105)0	1.1825593887696013	2.0	3.1825593887696013	1.227891790197161e-07	1:12,2:1,3:6,4:3,5:2,6:4,7:2,8:3,9:3,10:4,11:1,12:1,13:3,14:7,15:3,16:3,17:7,18:2,19:4,20:2,21:3,22:3,23:6,24:6,25:4,26:3,27:3,28:4,29:4,31:6,32:4,33:2,34:4,35:6,36:3,37:1,38:4,39:5,40:4,41:4,43:3,44:1,45:2,46:2,47:5,48:3,49:2,50:4
(((92)0)21)105	0.1986911801285207	3.0	3.1986911801285207	1.1327403102154435e-07	1:8,2:62,3:65,4:54,5:64,6:59,7:76,8:62,9:80,10:72,11:74,12:49,13:72,14:84,15:59,16:71,17:73,18:66,19:53,20:70,21:64,22:60,23:53,24:53,25:52,26:59,27:65,28:81,29:61,30:68,31:49,32:68,33:62,34:68,35:75,36:63,37:69,38:64,39:57,40:61,41:65,42:71,43:70,44:68,45:69,46:69,47:59,48:67,49:66,50:71
((105)0,21)92	1.2091078568691112	2.0	3.209107856869111	1.0752534127747842e-07	1:20,2:2,3:6,4:8,5:2,6:5,7:2,8:3,9:6,10:7,11:6,12:7,13:7,14:4,15:4,16:4,17:5,18:3,19:4,20:6,21:2,22:3,23:6,24:5,25:6,26:5,27:2,28:3,29:1,30:4,31:7,32:5,33:5,34:7,35:2,36:2,38:5,39:5,40:3,41:7,42:1,43:5,44:3,45:6,46:5,47:3,48:1,49:7,50:5
((21)105,92)0	1.2109632157914623	2.0	3.2109632157914625	1.065324632541272e-07	1:21,2:10,3:5,4:5,5:7,6:8,7:9,8:4,9:4,10:7,11:2,12:6,13:2,14:5,15:7,16:7,17:5,18:6,19:4,20:6,21:2,22:8,23:4,24:8,25:5,26:3,27:7,29:4,30:4,31:4,32:7,33:7,34:5,35:6,36:3,37:5,38:8,39:6,40:4,41:4,42:3,43:8,44:7,45:1,46:11,47:3,48:5,49:4,50:1
(105,(21)92)0	1.2111632157914622	2.0	3.211163215791462	1.0642598403935398e-07	1:21,2:5,3:4,4:3,5:5,6:5,7:1,8:4,9:6,10:1,11:6,12:5,13:2,14:3,15:1,16:2,17:2,18:4,19:2,20:3,21:9,22:4,23:7,24:3,25:4,26:2,27:6,28:5,29:6,30:4,31:4,32:1,33:2,34:2,35:4,36:4,37:5,38:7,39:5,40:6,41:6,42:3,43:5,44:2,45:3,46:4,47:5,48:5,50:4
(0,(105)21)92	1.2424920403655635	2.0	3.2424920403655637	9.099509783480316e-08	1:30,2:4,3:2,4:2,5:3,6:1,7:1,8:6,9:4,10:4,11:3,12:5,13:2,14:4,15:2,16:2,17:3,18:4,19:5,20:3,21:4,22:1,23:5,24:2,25:2,26:6,27:8,28:6,29:4,30:3,31:7,32:5,33:3,34:3,35:7,36:3,37:6,38:8,39:3,40:5,41:4,42:4,43:1,44:4,45:4,46:3,47:3,48:5,49:6,50:6
(((21)105)92)0	0.39367854735739366	3.0	3.3936785473573936	4.272879718894434e-08	1:9,2:56,3:64,4:63,5:73,6:63,7:65,8:59,9:59,10:69,11:64,12:64,13:54,14:66,15:45,16:70,17:79,18:65,19:49,20:57,21:68,22:52,23:58,24:68,25:58,26:76,27:78,28:53,29:70,30:54,31:49,32:56,33:78,34:63,35:59,36:61,37:70,38:73,39:71,40:71,41:73,42:59,43:81,44:67,45:72,46:63,47:70,48:60,49:60,50:69
(((0)105)21)92	0.42708394207325245	3.0	3.4270839420732524	3.6156116301167005e-08	1:4,2:4,3:2,4:3,5:2,6:1,8:2,10:2,11:1,13:1,14:2,15:2,16:1,17:1,18:1,19:2,21:1,22:1,25:1,28:2,29:1,33:3,34:1,35:2,36:1,38:1,39:2,40:1,41:2,42:2,43:1,44:1,45:1,46:2,47:1,48:1,49:4
(((0)92)105)21	0.42708394207325245	3.0	3.4270839420732524	3.6156116301167005e-08	1:7,2:3,3:2,4:2,5:3,6:2,7:3,8:2,9:1,10:1,11:1,14:2,15:2,16:1,18:1,19:1,20:3,21:1,22:1,23:2,24:2,25:1,26:1,28:4,31:2,32:1,34:3,35:1,36:2,38:1,39:2,40:2,42:1,44:3,46:2,47:4,48:1,49:1,50:2
(((105)21)0)92	0.45628394207325246	3.0	3.4562839420732523	3.1244586418893275e-08	1:7,2:1,3:1,4:3,5:1,6:3,7:3,8:2,10:2,11:4,12:6,13:5,14:1,15:2,16:1,17:1,18:3,19:3,20:1,21:2,22:3,23:3,24:5,25:2,26:3,27:2,28:2,30:3,32:3,33:3,34:2,35:4,36:2,37:2,38:1,39:2,41:2,42:4,43:2,44:2,45:4,46:2,48:4,49:2,50:2
(((92)21)105)0	0.5832067695173555	3.0	3.5832067695173553	1.656400536137536e-08	1:3,2:2,3:2,4:2,5:1,6:3,7:2,8:2,9:2,10:2,11:2,12:1,13:2,14:5,15:3,17:1,18:3,19:3,20:1,21:6,22:3,24:5,25:4,26:2,27:2,28:3,29:1,30:3,31:1,32:3,33:1,34:2,35:1,36:1,37:3,38:4,40:1,41:3,42:4,43:1,44:3,45:3,46:1,47:4,49:2,50:5
(105,21,92)0	2.0233849040654626	2.0	4.023384904065463	1.8337101459747329e-09	1:40,2:5,3:8,4:11,5:8,6:7,7:9,8:8,9:7,10:13,11:8,12:8,13:10,14:5,15:10,16:11,17:8,18:6,19:13,20:10,21:11,22:12,23:9,24:10,25:13,26:8,27:7,28:7,29:10,30:9,31:13,32:6,33:11,34:10,35:12,36:8,37:3,38:6,39:13,40:8,41:12,42:12,43:9,44:6,45:16,46:12,47:7,48:7,49:8,50:9
(0,(92)105)21	1.1099213755937851	3.0	4.109921375593785	1.189649777252552e-09	1:15,2:4,3:6,4:2,5:2,6:2,7:5,8:4,9:3,10:2,11:2,12:5,13:7,14:5,15:6,16:5,17:7,18:2,19:3,20:7,21:3,22:3,23:2,24:3,25:4,26:2,27:6,28:2,29:5,30:2,31:3,32:4,33:5,34:5,35:3,36:4,37:7,38:3,39:5,40:2,41:3,42:4,43:4,44:3,45:3,46:6,47:4,48:3,49:5,50:2
((0,105)21)92	1.110121375593785	3.0	4.110121375593785	1.1884607221019656e-09	1:16,2:4,3:2,4:3,5:8,6:9,7:9,8:4,9:9,10:6,11:6,12:8,13:5,14:7,15:1,16:5,17:4,18:7,19:4,20:3,21:6,22:3,23:4,24:3,25:3,26:5,27:5,28:4,29:6,30:7,31:1,32:4,33:1,34:4,35:3,36:9,37:3,38:4,39:7,40:5,41:3,42:6,43:4,44:3,45:7,46:7,47:4,48:7,49:6,50:6
((105,21)92)0	1.1462637528821233	3.0	4.146263752882123	9.919794104928708e-10	1:12,2:5,3:8,4:1,5:6,6:1,7:4,8:6,9:3,10:3,11:4,12:2,13:4,14:5,15:5,16:1,17:4,18:4,19:3,20:5,21:4,22:2,23:1,24:3,25:4,26:1,27:3,28:2,29:2,30:2,31:4,32:4,34:3,35:3,36:4,37:2,38:4,39:2,40:2,41:2,43:4,44:4,45:3,46:3,47:5,48:10,49:8,50:7
(21,(105)92)0	1.1781709405301384	3.0	4.178170940530139	8.457014600935822e-10	1:25,2:3,3:2,4:4,5:8,6:3,7:4,8:4,9:7,10:4,11:5,12:3,13:4,14:4,15:1,16:7,17:3,18:6,19:3,20:2,21:3,22:1,23:4,24:3,25:4,26:4,27:6,28:5,29:4,30:4,31:5,32:2,33:5,34:5,35:5,36:5,37:3,38:1,39:6,40:6,41:8,42:1,43:4,44:5,45:2,46:8,47:2,48:6,49:4,50:7
((0,92)105)21	1.2030500776396014	3.0	4.203050077639602	7.467800727016979e-10	1:14,2:2,3:4,4:2,5:2,6:12,7:11,8:6,9:7,10:5,11:1,12:4,13:8,14:6,15:5,16:6,17:2,18:5,19:6,20:9,21:3,22:7,23:5,24:4,25:4,26:4,27:2,28:4,29:7,30:4,31:5,32:3,33:8,34:4,35:2,36:3,37:3,38:5,39:8,40:5,41:5,42:2,43:5,44:9,45:6,46:8,47:7,48:3,49:4,50:6
((0)105,92)21	1.2246779617515782	3.0	4.224677961751578	6.702369503961275e-10	1:18,2:1,3:8,4:5,6:9,7:3,8:4,9:5,10:3,11:1,12:4,13:4,15:5,16:6,17:2,18:5,19:1,20:2,21:3,22:5,23:5,24:5,25:5,26:2,27:8,28:9,29:4,30:5,31:6,32:2,33:3,34:4,35:1,36:7,37:2,38:4,39:6,40:3,41:4,42:1,43:4,44:1,45:4,46:2,47:7,48:4,49:10,50:6
(105,(0)92)21	1.2248779617515781	3.0	4.224877961751578	6.695670484525276e-10	1:27,2:4,3:4,4:4,5:7,6:6,7:6,8:4,9:4,10:5,11:8,12:4,13:6,14:1,15:4,16:3,17:8,18:6,19:4,20:5,21:3,22:5,23:7,24:7,25:6,26:4,27:3,28:6,29:2,30:6,31:3,32:3,33:2,34:5,36:1,37:10,38:2,39:2,40:4,41:7,42:8,43:4,44:5,45:6,46:1,47:5,48:4,49:2,50:4
(105,(92)21)0	1.2810426605003047	3.0	4.2810426605003045	5.056313333033793e-10	1:18,2:4,3:4,4:1,5:3,6:3,7:3,8:6,9:5,10:3,11:6,12:7,13:2,14:4,15:3,16:4,17:6,18:9,19:5,20:3,21:2,22:3,23:4,24:3,25:8,26:7,27:5,28:4,29:3,30:2,31:3,32:3,33:3,34:3,35:5,36:1,37:5,38:4,39:2,40:4,41:5,42:1,43:8,44:1,45:3,46:4,47:4,48:4,49:3,50:4
((105)21,92)0	1.363167408764831	3.0	4.363167408764831	3.353531219750249e-10	1:25,2:7,3:5,4:5,5:2,6:6,7:2,8:6,9:4,10:2,11:7,12:3,13:6,14:6,15:3,16:7,17:3,18:1,19:4,20:5,21:3,22:7,23:2,24:1,25:7,26:7,27:3,28:6,29:7,30:3,31:2,32:3,33:5,34:5,35:4,36:6,37:4,38:4,39:3,40:6,41:3,42:4,43:6,44:4,45:10,46:4,47:1,49:5,50:4
(((0)105)92)21	0.4315944847791153	4.0	4.431594484779115	2.381852404209169e-10	1:9,2:5,3:7,4:7,5:7,6:5,7:9,8:11,9:7,10:2,11:5,12:6,13:5,14:3,16:7,17:4,18:3,19:5,20:2,21:15,22:5,23:7,24:2,25:6,26:5,27:3,28:7,29:7,30:10,31:8,32:2,33:4,34:11,35:3,36:2,37:2,38:7,39:5,40:6,41:5,42:12,43:4,44:7,45:5,46:5,47:4,48:6,49:4,50:4
(((105)0)21)92	0.44059986518648697	4.0	4.440599865186487	2.2769836442002074e-10	1:7,2:3,3:2,4:1,5:1,6:1,7:2,9:1,10:2,12:3,13:3,16:2,17:3,20:2,21:2,22:2,23:1,26:2,27:2,28:1,29:3,30:2,31:2,32:1,33:1,34:5,35:1,36:8,37:3,38:2,39:2,40:1,41:1,43:1,45:1,46:4,47:3,48:1,49:3,50:2
(((92)105)21)0	0.4560839420732525	4.0	4.456083942073253	2.1073499696342666e-10	1:9,2:5,3:1,4:2,5:2,6:1,7:2,8:2,9:1,10:2,11:1,12:1,13:3,14:3,15:3,16:1,20:1,21:1,22:3,23:1,25:2,26:2,27:2,29:1,30:3,31:2,32:2,34:2,35:1,36:5,37:3,38:2,39:2,40:1,41:1,42:3,44:3,45:1,46:1,49:2,50:3
(((92)0)105)21	0.5786750155920862	4.0	4.578675015592086	1.1416514471343685e-10	1:4,2:1,3:2,4:1,5:1,6:2,7:2,8:2,10:3,13:2,14:2,16:2,17:3,18:1,19:1,20:1,22:1,23:1,24:1,25:3,26:1,27:1,28:2,29:2,30:1,31:3,33:2,34:1,35:2,36:1,37:2,38:2,40:1,42:3,43:2,44:3,47:1,48:5,49:6
(((105)21)92)0	0.5788750155920862	4.0	4.578875015592086	1.1405103663227326e-10	1:10,2:6,3:5,4:2,5:7,6:1,7:2,8:7,9:5,10:8,11:4,12:6,13:9,14:8,15:5,16:3,17:5,18:2,19:4,20:4,21:2,22:10,23:2,24:6,26:5,27:4,28:7,29:4,30:5,31:8,32:6,33:6,34:6,35:12,36:2,37:8,38:6,39:5,40:9,41:3,42:6,43:4,44:4,45:4,46:5,47:8,48:5,49:7,50:5
(0,105,92)21	2.0364260728050017	3.0	5.036426072805002	1.1575499494381145e-11	1:33,2:13,3:6,4:4,5:8,6:8,7:7,8:7,9:10,10:11,11:13,12:9,13:5,14:8,15:7,16:8,17:11,18:4,19:12,20:11,21:11,22:7,23:4,24:10,25:7,26:12,27:9,28:10,29:4,30:8,31:7,32:8,33:7,34:4,35:7,36:10,37:7,38:6,39:4,40:13,41:8,42:13,43:8,44:11,45:12,46:8,47:13,48:8,49:11,50:7
(0,(105)92)21	1.1845748292220932	4.0	5.184574829222093	5.518725631725918e-12	1:17,2:15,3:4,4:2,5:5,6:6,7:4,8:3,9:3,10:5,11:4,12:2,13:4,14:7,15:2,16:9,17:2,18:7,19:3,20:2,21:4,22:6,23:3,24:2,25:5,26:3,27:4,28:5,29:7,30:3,31:4,32:4,33:4,34:5,35:3,36:5,37:3,38:6,39:4,40:6,41:5,42:2,43:4,44:1,45:4,46:7,47:2,48:3,49:6,50:3
((0,105)92)21	1.1879472976451142	4.0	5.187947297645114	5.426447193894954e-12	1:17,2:7,3:5,4:2,5:3,6:3,7:4,8:3,9:4,10:1,11:4,12:4,13:4,14:3,15:4,16:4,17:6,18:2,19:1,20:2,21:2,22:6,23:2,24:5,25:7,26:6,27:2,28:2,29:6,30:3,31:3,32:2,33:2,34:2,35:2,36:1,37:9,38:2,39:10,40:1,41:1,42:6,43:2,45:1,46:4,47:1,48:3,49:3,50:2
((105,92)21)0	1.253877961751578	4.0	5.253877961751578	3.902554376889758e-12	1:19,2:7,3:3,4:6,5:6,6:3,7:5,8:3,9:10,10:2,11:3,12:5,13:3,14:7,15:5,16:4,17:6,18:7,19:7,20:8,21:2,22:4,23:8,24:4,25:4,26:4,27:6,28:4,29:4,30:5,31:5,32:5,33:9,34:5,35:5,36:7,37:5,38:3,39:1,40:3,41:3,42:7,43:3,44:3,45:6,46:3,47:4,48:1,49:4,50:7
((92)0,105)21	1.2617124491126188	4.0	5.261712449112618	3.752637290875947e-12	1:19,2:4,3:2,4:1,5:2,6:4,7:4,8:6,9:6,10:6,11:7,12:1,13:7,14:3,15:8,18:3,19:3,20:3,21:5,22:6,24:3,25:2,26:5,27:5,28:4,29:3,30:5,31:5,32:5,33:4,34:7,36:6,37:3,38:5,39:3,41:4,42:4,43:3,44:7,45:3,46:1,47:2,48:6,49:2
((105)0,92)21	1.3361871139603334	4.0	5.336187113960333	2.5859308662239976e-12	1:15,2:10,3:6,4:4,5:6,6:1,7:4,8:3,9:6,10:6,11:6,12:6,13:2,14:5,15:8,16:4,17:2,18:5,19:7,20:6,21:7,22:4,23:4,24:5,25:1,26:2,27:4,28:4,29:2,30:5,31:4,32:4,33:3,34:2,35:2,36:6,37:7,38:5,39:4,40:6,41:4,42:4,43:3,44:4,45:6,46:4,47:4,48:5,49:4,50:3
(((92)105)0)21	0.440399865186487	5.0	5.440399865186487	1.5357544981173076e-12	1:12,2:3,3:3,4:1,5:2,7:6,8:3,9:3,10:3,11:3,13:4,15:4,16:3,17:5,18:2,19:1,20:5,21:4,22:4,23:2,24:4,26:3,27:2,28:2,30:3,31:5,32:1,33:6,34:4,35:4,36:4,37:4,38:4,40:1,42:4,43:3,44:3,45:1,46:5,47:3,48:3,49:3
(((105)92)21)0	0.4607944847791153	5.0	5.460794484779115	1.3868690050075747e-12	1:5,2:2,3:1,5:2,6:1,7:1,8:2,9:2,10:3,12:1,13:2,14:3,16:2,17:6,18:3,20:2,21:2,22:2,23:2,24:2,25:2,26:3,27:1,28:3,29:5,30:2,33:2,34:1,35:4,36:1,37:1,38:2,39:1,41:2,42:3,43:5,44:1,45:1,47:2,48:3,50:1
(((105)0)92)21	0.5834067695173555	5.0	5.583406769517356	7.512530511889056e-13	1:7,2:41,3:68,4:73,5:55,6:70,7:63,8:64,9:59,10:63,11:58,12:56,13:66,14:54,15:70,16:64,17:64,18:63,19:81,20:57,21:60,22:67,23:75,24:60,25:77,26:65,27:72,28:67,29:64,30:54,31:53,32:60,33:66,34:61,35:68,36:60,37:69,38:67,39:76,40:72,41:65,42:67,43:68,44:71,45:60,46:57,47:60,48:66,49:69,50:59
((105,92)0)21	1.2578633224011493	5.0	6.25786332240115	2.5776411297260334e-14	1:10,2:4,3:4,4:4,5:10,6:2,7:6,8:2,9:5,10:1,11:5,12:3,13:2,14:4,15:2,16:3,17:3,18:2,19:4,20:1,21:5,22:2,23:5,24:7,25:6,26:3,27:6,29:7,30:2,31:3,32:2,33:6,34:2,35:4,36:4,37:3,38:4,39:3,40:7,41:2,42:6,43:4,44:2,45:4,46:1,47:7,48:2,49:5,50:2
(((105)92)0)21	0.44057865396708057	6.0	6.440578653967081	1.0338586163657276e-14	1:8,2:2,4:1,5:2,7:2,8:1,9:1,12:1,15:3,16:2,17:2,18:2,24:3,25:2,26:1,27:2,28:4,30:1,32:5,34:1,35:1,36:2,38:6,41:3,42:1,44:3,45:3,46:1,47:3,49:3,50:1
