# generation count = 50 
#
generation.index	generationHighestFitness	generationMedianFitness	populationHighestFitness	populationMedianFitness
1	0.8632939774163195	1.065324632541272e-07	0.8632939774163195	1.065324632541272e-07
2	0.8632939774163195	0.001737275201733753	0.8632939774163195	1.0714228834887147e-05
3	0.8632939774163195	0.001737275201733753	0.8632939774163195	4.5801146540468254e-05
4	0.8632939774163195	0.001737275201733753	0.8632939774163195	5.7222868186674626e-05
5	0.8632939774163195	0.001737275201733753	0.8632939774163195	6.91676521651218e-05
6	0.8632939774163195	0.003151252243274759	0.8632939774163195	0.00010310128699800442
7	0.8632939774163195	0.003151252243274759	0.8632939774163195	0.0002902420176444203
8	0.8632939774163195	0.003151252243274759	0.8632939774163195	0.0002902420176444203
9	0.8632939774163195	0.003151252243274759	0.8632939774163195	0.001737275201733753
10	0.8632939774163195	0.003151252243274759	0.8632939774163195	0.001737275201733753
11	0.8632939774163195	0.003151252243274759	0.8632939774163195	0.001737275201733753
12	0.8632939774163195	0.003151252243274759	0.8632939774163195	0.001737275201733753
13	0.8632939774163195	0.001737275201733753	0.8632939774163195	0.001737275201733753
14	0.8632939774163195	0.001737275201733753	0.8632939774163195	0.001737275201733753
15	0.8632939774163195	0.003151252243274759	0.8632939774163195	0.001737275201733753
16	0.8632939774163195	0.003151252243274759	0.8632939774163195	0.001737275201733753
17	0.8632939774163195	0.003151252243274759	0.8632939774163195	0.001737275201733753
18	0.8632939774163195	0.001737275201733753	0.8632939774163195	0.001737275201733753
19	0.8632939774163195	0.001737275201733753	0.8632939774163195	0.001737275201733753
20	0.8632939774163195	0.003151252243274759	0.8632939774163195	0.001737275201733753
21	0.8632939774163195	0.003151252243274759	0.8632939774163195	0.001737275201733753
22	0.8632939774163195	0.003151252243274759	0.8632939774163195	0.001737275201733753
23	0.8632939774163195	0.001737275201733753	0.8632939774163195	0.001737275201733753
24	0.8632939774163195	0.001737275201733753	0.8632939774163195	0.001737275201733753
25	0.8632939774163195	0.001737275201733753	0.8632939774163195	0.001737275201733753
26	0.8632939774163195	0.001737275201733753	0.8632939774163195	0.001737275201733753
27	0.8632939774163195	0.001737275201733753	0.8632939774163195	0.001737275201733753
28	0.8632939774163195	0.001737275201733753	0.8632939774163195	0.001737275201733753
29	0.8632939774163195	0.003151252243274759	0.8632939774163195	0.001737275201733753
30	0.8632939774163195	0.001737275201733753	0.8632939774163195	0.001737275201733753
31	0.8632939774163195	0.003151252243274759	0.8632939774163195	0.001737275201733753
32	0.8632939774163195	0.003151252243274759	0.8632939774163195	0.001737275201733753
33	0.8632939774163195	0.001737275201733753	0.8632939774163195	0.001737275201733753
34	0.8632939774163195	0.001737275201733753	0.8632939774163195	0.001737275201733753
35	0.8632939774163195	0.001737275201733753	0.8632939774163195	0.001737275201733753
36	0.8632939774163195	0.003151252243274759	0.8632939774163195	0.001737275201733753
37	0.8632939774163195	0.003151252243274759	0.8632939774163195	0.001737275201733753
38	0.8632939774163195	0.003151252243274759	0.8632939774163195	0.001737275201733753
39	0.8632939774163195	0.003151252243274759	0.8632939774163195	0.001737275201733753
40	0.8632939774163195	0.003151252243274759	0.8632939774163195	0.001737275201733753
41	0.8632939774163195	0.003151252243274759	0.8632939774163195	0.001737275201733753
42	0.8632939774163195	0.001737275201733753	0.8632939774163195	0.001737275201733753
43	0.8632939774163195	0.003151252243274759	0.8632939774163195	0.001737275201733753
44	0.8632939774163195	0.003151252243274759	0.8632939774163195	0.001737275201733753
45	0.8632939774163195	0.003151252243274759	0.8632939774163195	0.001737275201733753
46	0.8632939774163195	0.001737275201733753	0.8632939774163195	0.001737275201733753
47	0.8632939774163195	0.003151252243274759	0.8632939774163195	0.001737275201733753
48	0.8632939774163195	0.001737275201733753	0.8632939774163195	0.001737275201733753
49	0.8632939774163195	0.001737275201733753	0.8632939774163195	0.001737275201733753
50	0.8632939774163195	0.003151252243274759	0.8632939774163195	0.001737275201733753
############################################################
Topology	MassCost	TopologyCost	Cost	Fitness	appearances(generationID:count)
(((21)0)92)105	0.02939999999999998	0.0	0.02939999999999998	0.8632939774163195	1:7,2:176,3:178,4:178,5:186,6:204,7:201,8:204,9:231,10:208,11:207,12:187,13:209,14:187,15:209,16:200,17:194,18:181,19:192,20:201,21:197,22:223,23:196,24:194,25:192,26:185,27:187,28:206,29:197,30:201,31:198,32:208,33:207,34:188,35:190,36:200,37:206,38:196,39:214,40:211,41:189,42:202,43:209,44:206,45:201,46:195,47:202,48:209,49:202,50:213
(0,(21)92)105	0.7763661355663489	0.0	0.7763661355663489	0.02061305475713325	1:28,2:39,3:15,4:3,5:9,6:11,7:5,8:9,9:11,10:8,11:11,12:4,13:6,14:8,15:10,16:8,17:16,18:7,19:8,20:12,21:13,22:12,23:11,24:9,25:8,26:9,27:13,28:8,29:13,30:7,31:7,32:9,33:9,34:3,35:8,36:9,37:7,38:12,39:6,40:11,41:8,42:5,43:9,44:9,45:4,46:7,47:12,48:7,49:6,50:13
(21,(0)92)105	0.7892596301928011	0.0	0.7892596301928011	0.019326111867734825	1:24,2:56,3:49,4:51,5:65,6:44,7:45,8:68,9:47,10:36,11:61,12:53,13:52,14:45,15:55,16:53,17:54,18:57,19:59,20:51,21:51,22:62,23:53,24:37,25:40,26:55,27:46,28:40,29:45,30:47,31:52,32:44,33:46,34:56,35:42,36:45,37:53,38:50,39:49,40:45,41:67,42:37,43:42,44:54,45:44,46:41,47:45,48:49,49:43,50:55
((21)0,92)105	0.805366135566349	0.0	0.805366135566349	0.01783075189403267	1:23,2:49,3:48,4:53,5:43,6:57,7:39,8:44,9:56,10:53,11:33,12:49,13:44,14:55,15:48,16:43,17:41,18:55,19:49,20:40,21:46,22:46,23:46,24:59,25:49,26:48,27:45,28:55,29:51,30:40,31:61,32:61,33:45,34:43,35:51,36:55,37:48,38:55,39:54,40:47,41:47,42:50,43:44,44:55,45:53,46:47,47:54,48:42,49:55,50:50
((0,21)92)105	0.815608098292311	0.0	0.815608098292311	0.016940628456802925	1:13,2:53,3:49,4:54,5:41,6:57,7:53,8:59,9:43,10:39,11:45,12:61,13:48,14:51,15:46,16:53,17:45,18:49,19:66,20:50,21:51,22:39,23:56,24:46,25:55,26:46,27:50,28:45,29:52,30:57,31:51,32:48,33:37,34:52,35:54,36:47,37:54,38:60,39:51,40:50,41:71,42:54,43:62,44:51,45:60,46:56,47:49,48:53,49:50,50:42
(((0)21)92)105	0.04710010660968691	1.0	1.047100106609687	0.005324158899285251	1:8,2:59,3:86,4:78,5:80,6:90,7:77,8:67,9:68,10:89,11:72,12:80,13:79,14:90,15:89,16:84,17:105,18:76,19:64,20:89,21:84,22:73,23:79,24:72,25:88,26:82,27:67,28:85,29:89,30:75,31:78,32:81,33:81,34:71,35:83,36:89,37:82,38:74,39:71,40:74,41:67,42:73,43:91,44:68,45:81,46:70,47:98,48:76,49:68,50:78
(((21)92)0)105	0.15199107351883373	1.0	1.1519910735188337	0.003151252243274759	1:3,2:46,3:56,4:61,5:70,6:54,7:81,8:62,9:66,10:70,11:85,12:68,13:61,14:54,15:68,16:62,17:59,18:65,19:54,20:72,21:66,22:57,23:49,24:74,25:67,26:67,27:78,28:52,29:64,30:66,31:55,32:58,33:55,34:73,35:71,36:74,37:74,38:62,39:62,40:63,41:54,42:67,43:61,44:65,45:86,46:70,47:71,48:61,49:61,50:63
(((21)0)105)92	0.2710874738385599	1.0	1.27108747383856	0.001737275201733753	1:8,2:42,3:52,4:79,5:55,6:62,7:60,8:58,9:72,10:59,11:68,12:73,13:64,14:66,15:50,16:64,17:66,18:72,19:66,20:59,21:73,22:74,23:63,24:58,25:58,26:78,27:74,28:74,29:61,30:67,31:71,32:65,33:75,34:53,35:60,36:62,37:57,38:81,39:58,40:54,41:70,42:80,43:64,44:57,45:66,46:61,47:63,48:57,49:69,50:70
(0,21,92)105	1.628959087884039	0.0	1.628959087884039	0.0002902420176444203	1:44,2:20,3:12,4:8,5:10,6:8,7:19,8:8,9:12,10:9,11:6,12:13,13:11,14:10,15:3,16:8,17:8,18:13,19:12,20:6,21:3,22:14,23:11,24:11,25:6,26:5,27:7,28:10,29:9,30:6,31:13,32:20,33:8,34:6,35:13,36:17,37:7,38:11,39:8,40:7,41:10,42:12,43:6,44:9,45:5,46:8,47:6,48:7,49:6,50:6
((0)21,92)105	0.835959736802488	1.0	1.835959736802488	0.00010310128699800442	1:25,2:17,3:16,4:12,5:9,6:14,7:11,8:13,9:8,10:5,11:9,12:7,13:5,14:11,15:16,16:5,17:11,18:10,19:8,20:7,21:8,22:6,23:5,24:10,25:11,26:14,27:8,28:12,29:7,30:9,31:13,32:9,33:12,34:6,35:16,36:7,37:9,38:5,39:12,40:9,41:11,42:16,43:10,44:11,45:7,46:9,47:7,48:4,49:11,50:5
((92)0,21)105	0.9157954517785398	1.0	1.9157954517785398	6.91676521651218e-05	1:19,2:18,3:9,4:3,5:6,6:4,7:7,8:7,9:6,10:6,11:9,12:10,13:5,14:6,15:5,16:5,17:8,18:9,19:4,20:6,21:6,22:8,23:5,24:8,25:6,26:2,27:6,28:4,29:9,30:2,31:9,32:8,33:4,34:8,35:8,36:4,37:5,38:5,39:3,40:5,41:7,42:2,43:7,44:4,45:1,46:6,47:11,48:6,49:7,50:8
((21,92)0)105	0.9362834666915784	1.0	1.9362834666915782	6.243295272369002e-05	1:17,2:16,3:16,4:9,5:5,6:11,7:7,8:11,9:9,10:14,11:8,12:9,13:7,14:15,15:11,16:10,17:7,18:10,19:12,20:8,21:5,22:6,23:12,24:10,25:8,26:4,27:8,28:7,29:7,30:8,31:13,32:11,33:8,34:14,35:12,36:10,37:8,38:8,39:12,40:16,41:13,42:8,43:13,44:3,45:8,46:11,47:14,48:13,49:14,50:5
(0,(92)21)105	0.9537113892002613	1.0	1.9537113892002613	5.7222868186674626e-05	1:20,2:12,3:7,4:3,5:7,6:6,7:6,8:11,9:5,10:8,11:2,12:6,13:9,14:7,15:5,16:3,17:5,18:11,19:12,20:6,21:10,22:4,23:5,24:3,25:12,26:4,27:6,28:11,29:4,30:12,31:8,32:7,33:3,34:7,35:5,36:4,37:3,38:5,39:7,40:5,41:8,42:1,43:6,44:6,45:9,46:4,47:7,48:8,49:2,50:7
((0)105,21)92	0.9944726793632895	1.0	1.9944726793632896	4.667212825588051e-05	1:17,2:6,3:3,4:5,5:4,6:5,7:5,8:2,9:4,10:2,11:7,12:6,13:6,14:4,15:5,16:4,17:6,18:4,19:5,20:4,21:1,22:4,23:4,24:4,25:4,26:7,27:6,28:4,29:5,30:6,31:4,32:6,33:5,34:8,35:7,36:4,37:6,38:7,39:6,40:3,41:6,42:5,43:6,44:9,45:3,46:5,47:2,48:4,49:6,50:3
(0,(21)105)92	0.9982402867045589	1.0	1.9982402867045588	4.5801146540468254e-05	1:26,2:11,3:4,4:3,5:4,6:2,7:4,8:7,9:8,10:10,11:2,12:1,13:2,14:5,15:3,16:6,17:6,18:2,19:5,20:3,21:9,22:2,23:2,24:8,25:3,26:5,27:3,28:3,29:6,30:7,31:7,32:4,33:12,34:7,35:5,36:4,37:4,38:4,39:5,40:1,41:3,42:1,43:1,44:4,45:5,46:3,47:6,48:2,49:4,50:2
((0,21)105)92	1.0058918520982658	1.0	2.005891852098266	4.4081989491149993e-05	1:11,2:5,3:1,4:5,5:5,6:3,7:3,8:4,9:4,10:5,11:2,12:5,13:5,14:4,15:4,16:5,17:6,18:3,19:1,20:2,21:1,22:2,23:4,24:2,25:2,26:4,27:3,28:2,29:7,30:1,31:3,33:2,34:4,35:3,36:5,37:2,38:1,39:1,40:2,41:3,42:4,43:6,44:2,45:2,46:5,47:5,48:5,49:6,50:1
((21)0,105)92	1.027440286704559	1.0	2.027440286704559	3.957941359763419e-05	1:24,2:9,3:4,4:6,5:4,6:6,7:4,8:4,9:4,10:8,11:5,12:3,13:2,14:6,15:3,16:7,17:3,18:2,19:7,20:5,21:8,22:5,23:6,24:3,25:5,26:4,27:4,28:3,29:4,30:10,31:3,32:1,33:6,34:3,35:11,36:5,37:3,38:4,39:6,40:3,41:2,42:5,43:5,44:5,45:5,46:4,47:5,48:5,49:10,50:7
(((0)92)21)105	0.18990701094055534	2.0	2.1899070109405554	1.7566180715837183e-05	1:16,2:9,3:8,4:10,5:7,6:6,7:8,8:3,9:4,10:5,11:4,12:7,13:6,14:12,15:2,16:8,17:10,18:2,19:5,20:5,21:5,22:9,23:5,24:6,25:6,26:13,27:13,28:8,29:4,30:6,31:5,32:4,33:6,34:8,35:8,36:5,37:5,38:3,39:5,40:6,41:4,42:8,43:8,44:9,45:6,46:2,47:5,48:9,49:9,50:7
(((92)21)0)105	0.21890701094055537	2.0	2.2189070109405553	1.5195137924011168e-05	1:8,2:11,3:7,4:12,5:7,6:12,7:12,8:9,9:10,10:21,11:6,12:7,13:8,14:5,15:5,16:11,17:8,18:9,19:8,20:13,21:4,22:7,23:9,24:4,25:14,26:4,27:4,28:14,29:12,30:1,31:10,32:11,33:9,34:6,35:14,36:7,37:5,38:6,39:10,40:7,41:6,42:12,43:10,44:12,45:5,46:9,47:6,48:14,49:11,50:7
(((0)21)105)92	0.2887875804482468	2.0	2.288787580448247	1.0714228834887147e-05	1:2,2:6,3:5,4:7,5:3,6:5,7:3,8:2,9:5,10:1,11:7,12:3,13:7,14:8,15:6,16:4,17:2,18:5,19:4,20:11,21:7,22:7,23:5,24:6,25:3,26:7,27:6,28:6,29:6,30:3,31:2,32:7,33:6,34:11,35:3,36:5,37:6,38:1,39:5,40:8,41:4,42:4,43:3,44:7,45:7,46:7,47:2,48:7,49:6,50:4
(((21)92)105)0	0.39369975857680006	2.0	2.3936997585768003	6.340843254715185e-06	1:5,2:1,3:1,4:4,5:3,6:1,11:2,12:1,13:2,14:1,15:3,16:2,18:1,19:2,20:1,21:2,25:3,26:5,27:1,28:1,29:2,30:1,31:1,32:1,34:3,35:2,36:1,37:2,38:1,42:3,43:3,44:2,45:2,46:3,47:1,49:1,50:1
(((21)105)0)92	0.39369975857680006	2.0	2.3936997585768003	6.340843254715185e-06	2:1,3:3,4:3,5:2,6:3,7:1,8:1,9:2,10:5,11:1,12:2,13:3,15:2,16:2,17:4,19:4,20:2,22:4,23:1,24:2,25:1,26:2,28:1,30:1,31:3,32:2,34:1,35:1,36:2,37:2,38:1,39:1,40:3,42:3,44:3,45:2,48:1,49:3
(0,105,21)92	1.847357049950009	1.0	2.847357049950009	6.562098212019319e-07	1:39,2:7,3:7,4:9,5:6,6:9,7:9,8:7,9:8,10:3,11:12,12:3,13:10,14:11,15:3,16:8,17:8,18:7,19:8,20:8,21:7,22:10,23:9,24:9,25:8,26:7,27:6,28:7,29:8,30:10,31:10,32:9,33:7,34:8,35:8,36:13,37:8,38:6,39:5,40:9,41:6,42:9,43:11,44:12,45:10,46:5,47:11,48:6,49:11,50:7
((0,92)21)105	0.9426873553835333	2.0	2.9426873553835335	4.074136710399349e-07	1:9,2:21,3:13,4:12,5:12,6:10,7:13,8:9,9:12,10:8,11:20,12:13,13:7,14:9,15:15,16:10,17:15,18:13,19:11,20:9,21:6,22:12,23:16,24:10,25:8,26:18,27:11,28:10,29:13,30:22,31:12,32:8,33:10,34:14,35:22,36:12,37:13,38:12,39:18,40:16,41:11,42:13,43:17,44:11,45:15,46:12,47:11,48:16,49:12,50:5
(105,(0)21)92	1.0413727859729764	2.0	3.0413727859729764	2.487384411154699e-07	1:18,2:4,3:4,4:4,5:5,6:3,7:4,8:5,9:5,10:2,11:1,12:5,13:5,14:3,15:1,16:1,17:1,18:8,19:5,20:4,21:4,22:5,23:4,24:2,25:1,26:4,27:7,28:7,29:4,30:4,31:4,32:7,33:5,34:3,35:6,36:5,37:4,38:6,39:9,40:5,42:6,43:2,44:1,45:1,46:5,47:2,48:6,49:5,50:5
((92)105,21)0	1.0913356495597493	2.0	3.091335649559749	1.9375366596180968e-07	1:12,2:1,3:5,4:8,5:4,6:4,7:3,8:3,9:4,10:2,11:6,12:2,13:5,14:3,15:6,16:5,18:6,19:3,20:4,21:5,22:1,23:5,24:3,25:9,26:6,27:8,28:2,29:5,30:4,31:1,32:2,33:6,34:5,35:2,36:3,37:4,38:6,39:2,40:6,41:2,42:4,43:1,44:5,45:1,46:3,47:2,48:2,49:3,50:7
((105,21)0)92	1.0915356495597492	2.0	3.0915356495597495	1.935600091403964e-07	1:16,2:5,3:7,4:1,5:6,6:3,7:3,8:3,9:3,10:5,11:4,12:3,14:3,15:5,16:3,17:4,18:5,19:7,20:2,21:4,22:4,24:4,25:2,26:3,27:6,28:1,29:6,30:1,31:2,32:1,33:8,34:4,35:1,36:1,37:7,38:3,39:7,40:4,41:3,42:4,43:5,44:2,45:4,46:8,47:3,48:5,49:3,50:5
((21,92)105)0	1.1825593887696013	2.0	3.1825593887696013	1.227891790197161e-07	1:18,3:1,4:3,5:7,6:5,7:7,8:2,9:1,10:5,11:5,12:1,13:8,14:7,15:3,16:3,17:4,18:3,19:4,20:3,21:4,22:1,23:3,24:5,25:5,26:2,27:1,28:3,29:4,30:5,31:7,32:5,33:4,34:3,35:2,36:2,37:7,38:4,39:3,40:4,41:5,42:5,43:5,44:2,45:3,46:2,47:3,48:3,49:3,50:2
(((92)0)21)105	0.1986911801285207	3.0	3.1986911801285207	1.1327403102154435e-07	1:5,2:47,3:73,4:58,5:76,6:51,7:65,8:77,9:49,10:60,11:54,12:60,13:64,14:71,15:53,16:61,17:60,18:72,19:69,20:69,21:70,22:51,23:65,24:74,25:66,26:62,27:64,28:65,29:79,30:73,31:59,32:47,33:79,34:87,35:52,36:56,37:55,38:70,39:65,40:68,41:61,42:69,43:55,44:71,45:64,46:65,47:62,48:65,49:76,50:70
((105)0,21)92	1.2091078568691112	2.0	3.209107856869111	1.0752534127747842e-07	1:25,2:3,3:6,4:1,5:4,6:8,7:4,8:2,9:2,10:5,11:4,13:7,14:4,15:7,16:4,17:6,18:2,19:9,20:2,21:4,22:3,23:5,24:6,25:4,26:6,28:4,29:3,30:8,31:3,32:6,33:2,34:2,36:4,37:3,38:6,39:6,40:3,41:4,42:2,43:2,44:4,45:6,46:5,47:4,48:5,49:7,50:4
((21)105,92)0	1.2109632157914623	2.0	3.2109632157914625	1.065324632541272e-07	1:19,2:5,3:4,4:9,5:4,6:3,7:5,8:5,9:3,10:2,11:5,12:7,13:3,14:5,15:5,16:3,17:4,18:2,19:3,20:4,21:5,22:4,23:3,24:3,25:6,26:2,27:10,28:7,29:2,30:4,31:3,32:6,33:4,34:4,35:7,36:4,37:4,38:4,39:7,40:3,41:8,42:1,43:1,44:5,45:3,46:7,47:5,48:5,49:5,50:5
(105,(21)92)0	1.2111632157914622	2.0	3.211163215791462	1.0642598403935398e-07	1:27,2:15,3:4,4:6,5:5,6:4,7:2,8:6,9:2,10:4,11:4,12:5,13:2,14:3,15:3,16:2,17:5,18:3,19:5,20:6,21:3,22:6,23:9,24:5,25:7,26:6,27:2,28:3,29:2,30:3,31:2,32:6,33:5,34:4,35:6,36:4,37:2,39:6,40:4,41:5,42:11,43:2,44:5,45:6,46:2,47:3,48:4,49:3
(0,(105)21)92	1.2424920403655635	2.0	3.2424920403655637	9.099509783480316e-08	1:25,2:6,3:2,4:6,5:4,6:8,7:4,8:1,9:6,10:5,11:5,12:10,13:5,14:4,15:3,16:8,17:5,18:3,20:7,21:4,22:6,23:2,24:5,25:2,26:5,27:5,28:2,29:8,30:2,31:8,32:6,33:3,34:3,35:4,36:4,37:3,38:4,39:4,40:5,41:6,42:5,43:4,44:5,45:3,46:5,47:5,48:4,49:2,50:4
(((21)105)92)0	0.39367854735739366	3.0	3.3936785473573936	4.272879718894434e-08	1:8,2:48,3:65,4:78,5:64,6:58,7:65,8:66,9:65,10:65,11:59,12:60,13:60,14:66,15:65,16:71,17:69,18:67,19:74,20:64,21:65,22:52,23:70,24:65,25:65,26:59,27:67,28:63,29:63,30:56,31:62,32:68,33:56,34:75,35:63,36:72,37:69,38:57,39:64,40:79,41:67,42:51,43:65,44:55,45:55,46:68,47:55,48:66,49:63,50:62
(((0)105)21)92	0.42708394207325245	3.0	3.4270839420732524	3.6156116301167005e-08	1:3,2:2,3:4,4:1,5:1,6:3,8:2,9:2,11:1,12:2,13:1,14:1,15:2,16:2,18:2,20:2,21:4,22:1,24:1,25:4,26:3,27:3,28:1,29:3,30:1,32:1,33:4,37:3,38:1,39:2,40:2,41:1,42:3,43:4,45:3,49:1
(((0)92)105)21	0.42708394207325245	3.0	3.4270839420732524	3.6156116301167005e-08	1:6,2:1,6:1,7:2,10:3,11:1,12:2,13:2,14:2,15:2,16:1,18:2,19:1,20:2,21:2,23:2,24:3,25:2,26:2,28:2,30:1,31:3,34:1,35:1,36:2,38:1,39:2,40:1,41:1,42:2,45:2,46:1,49:3,50:2
(((105)21)0)92	0.45628394207325246	3.0	3.4562839420732523	3.1244586418893275e-08	1:5,2:2,3:3,4:1,5:3,6:3,7:1,8:3,9:8,10:3,11:3,12:4,13:2,14:2,15:2,16:2,17:2,18:1,19:1,20:3,21:1,22:2,23:5,24:2,26:5,27:1,28:6,29:4,30:1,31:7,33:2,34:1,35:2,37:1,38:8,39:2,40:2,41:3,42:4,43:3,44:1,45:3,46:5,47:1,48:3,49:2,50:4
(((92)21)105)0	0.5832067695173555	3.0	3.5832067695173553	1.656400536137536e-08	1:9,2:1,3:3,4:2,5:2,6:5,8:1,9:2,11:3,12:2,13:3,14:1,15:1,17:3,18:3,19:1,21:3,22:1,24:3,25:4,26:1,27:4,29:2,30:2,31:3,32:2,33:3,35:1,37:1,38:3,39:1,40:1,41:3,42:4,43:3,44:3,45:2,46:2,47:1,48:1,49:1,50:2
(105,21,92)0	2.023384904065462	2.0	4.023384904065463	1.8337101459747329e-09	1:41,2:7,3:10,4:4,5:9,6:5,7:11,8:5,9:6,10:10,11:6,12:15,13:9,14:11,15:10,16:8,17:12,18:5,19:6,20:8,21:8,22:9,23:10,24:11,25:8,26:9,27:4,28:8,29:8,30:13,31:10,32:3,33:10,34:6,35:12,36:6,37:6,38:9,39:6,40:7,41:6,42:11,43:8,44:8,45:6,46:6,47:12,48:11,49:6,50:6
(0,(92)105)21	1.1099213755937851	3.0	4.109921375593785	1.189649777252552e-09	1:21,2:4,3:4,4:2,5:4,6:5,7:3,8:3,9:4,10:4,11:3,12:6,13:5,14:2,15:5,16:5,17:3,18:5,19:5,20:4,21:2,22:3,23:11,24:8,25:4,26:3,27:6,28:5,29:7,30:7,31:8,32:3,33:5,34:4,35:2,36:3,37:9,38:6,39:4,40:1,41:4,42:6,43:3,44:6,45:6,46:1,47:5,48:2,49:4,50:10
((0,105)21)92	1.110121375593785	3.0	4.110121375593785	1.1884607221019656e-09	1:12,2:5,3:3,4:12,5:7,6:4,7:9,8:4,9:5,10:2,11:3,12:8,13:2,14:6,15:1,16:3,17:6,18:4,19:7,20:7,21:4,22:6,23:2,24:7,25:3,26:7,27:5,28:7,29:2,30:4,31:6,32:5,33:2,34:7,35:5,36:6,37:5,38:2,39:6,40:2,41:3,42:2,43:4,44:7,45:5,46:7,47:1,48:4,49:3,50:4
((105,21)92)0	1.1462637528821233	3.0	4.146263752882123	9.919794104928708e-10	1:9,2:7,3:3,4:3,5:6,6:1,7:4,8:1,9:3,10:4,11:4,12:2,13:1,14:8,15:4,16:2,17:3,18:4,19:2,20:1,21:2,22:1,23:2,24:5,25:3,26:1,27:3,28:4,29:3,30:2,31:2,32:4,34:2,35:6,36:3,37:5,38:3,39:3,40:1,41:5,42:3,43:1,44:8,45:1,46:5,47:2,48:4,49:4,50:4
(21,(105)92)0	1.1781709405301384	3.0	4.178170940530139	8.457014600935822e-10	1:21,2:4,3:1,4:7,5:3,6:3,7:5,8:5,9:4,10:2,11:8,12:4,13:4,14:3,15:12,16:5,17:4,18:7,19:4,20:7,21:7,22:4,23:2,24:8,25:3,26:4,27:6,28:5,29:6,30:4,31:7,32:9,33:4,34:5,35:3,36:4,37:6,38:5,39:3,40:4,41:5,42:6,43:4,44:2,45:4,46:2,47:7,48:1,49:4,50:4
((0,92)105)21	1.2030500776396014	3.0	4.203050077639602	7.467800727016979e-10	1:17,2:6,3:6,4:6,6:8,7:4,8:6,9:7,10:7,11:4,12:3,13:2,14:7,15:5,16:2,17:4,18:8,19:3,20:7,21:5,22:8,23:4,24:6,25:4,26:5,27:2,28:8,29:8,30:9,31:4,32:3,33:4,34:8,35:9,36:6,37:2,38:4,39:7,40:9,41:3,42:6,43:8,44:6,45:3,46:1,47:3,48:3,49:4,50:5
((0)105,92)21	1.2246779617515782	3.0	4.224677961751578	6.702369503961275e-10	1:17,2:6,3:4,4:8,5:1,6:1,7:1,8:8,9:2,10:3,11:2,12:6,13:6,14:3,15:2,16:5,17:4,18:7,19:3,20:3,21:2,22:3,23:3,24:2,25:4,26:1,27:7,28:1,29:3,30:2,31:2,33:3,34:5,35:2,36:7,37:3,38:4,39:6,40:3,41:3,42:8,43:2,44:5,45:4,46:4,47:3,48:6,49:6,50:3
(105,(0)92)21	1.2248779617515781	3.0	4.224877961751578	6.695670484525276e-10	1:27,2:8,3:4,4:5,5:5,6:3,7:5,8:7,9:3,10:5,11:6,12:5,13:7,14:3,15:5,16:5,17:5,18:5,19:4,20:4,21:3,22:4,23:3,24:2,25:2,26:9,27:4,28:8,29:1,30:3,31:3,32:5,33:3,34:8,35:3,36:1,37:3,38:3,39:2,40:12,41:6,42:3,43:1,44:9,45:2,46:4,47:3,48:8,49:2,50:7
(105,(92)21)0	1.2810426605003047	3.0	4.2810426605003045	5.056313333033793e-10	1:24,2:1,3:2,4:4,5:8,6:4,7:2,8:4,9:7,10:3,11:4,12:6,13:6,14:7,15:6,16:7,17:2,18:4,19:2,20:5,21:10,22:4,23:5,24:2,25:4,26:4,27:4,28:2,29:9,30:7,31:1,32:3,33:5,34:1,35:1,36:1,37:5,38:4,39:7,40:1,41:1,42:2,43:2,44:6,45:4,46:6,47:8,48:5,49:3,50:6
((105)21,92)0	1.363167408764831	3.0	4.363167408764831	3.353531219750249e-10	1:20,2:3,3:8,4:3,5:4,6:8,7:2,8:4,9:4,10:4,11:3,12:1,13:4,14:3,15:3,16:5,17:5,18:1,19:2,20:9,21:5,22:4,23:3,24:4,25:6,26:1,27:5,28:6,29:3,30:1,31:6,32:4,33:1,34:1,35:3,36:2,37:2,38:7,39:5,40:2,41:7,42:2,43:4,44:6,45:3,46:5,47:4,48:5,49:4,50:3
(((0)105)92)21	0.4315944847791153	4.0	4.431594484779115	2.381852404209169e-10	1:9,2:5,3:3,4:5,5:4,6:6,7:6,8:2,9:7,10:7,11:6,12:6,13:5,14:2,15:5,16:8,17:3,18:5,19:4,20:6,21:2,22:8,23:8,24:4,25:4,26:4,27:2,28:4,29:4,30:4,31:6,32:4,33:7,34:6,36:4,37:7,38:10,39:7,40:5,41:9,42:2,43:6,44:5,45:4,46:9,47:4,48:6,49:6,50:6
(((105)0)21)92	0.44059986518648697	4.0	4.440599865186487	2.2769836442002074e-10	1:5,2:1,3:2,5:3,6:1,7:3,8:2,9:5,10:3,11:1,13:2,14:2,15:1,16:1,17:2,18:2,19:1,20:2,21:4,22:3,23:2,24:1,26:2,27:2,28:1,29:1,30:3,31:1,32:3,33:2,35:2,36:2,37:1,38:2,39:3,40:2,42:1,43:2,44:1,45:2,46:2,47:2,50:2
(((92)105)21)0	0.4560839420732525	4.0	4.456083942073253	2.1073499696342666e-10	1:3,2:3,3:1,4:1,6:1,8:2,11:3,13:1,14:1,15:3,16:1,17:3,19:1,21:2,23:1,25:1,26:2,27:2,28:1,30:1,31:1,32:3,33:1,35:1,36:2,37:2,39:2,41:4,42:1,43:1,44:1,45:1,47:1
(((92)0)105)21	0.5786750155920862	4.0	4.578675015592086	1.1416514471343685e-10	1:6,2:2,3:3,4:1,5:3,6:1,7:4,8:1,9:1,10:6,11:2,12:4,13:1,14:1,15:3,16:1,17:2,18:1,19:3,20:3,22:2,23:1,24:2,25:1,26:1,27:1,28:1,31:1,32:2,33:3,34:2,35:2,36:1,37:1,38:1,39:2,41:1,42:2,43:1,44:2,45:1,46:1,48:1
(((105)21)92)0	0.5788750155920862	4.0	4.578875015592086	1.1405103663227326e-10	1:5,2:4,3:7,4:2,5:8,6:7,7:2,8:2,9:7,10:3,11:5,12:4,13:7,14:6,15:6,16:5,17:5,18:5,19:5,20:4,21:5,22:3,23:6,24:6,25:9,26:4,27:10,28:5,29:2,30:3,31:7,32:7,33:3,34:3,35:4,36:4,37:6,38:4,39:3,40:7,41:5,42:4,43:3,44:3,45:4,46:4,47:6,48:7,49:6,50:2
(0,105,92)21	2.0364260728050017	3.0	5.036426072805002	1.1575499494381145e-11	1:42,2:6,3:8,4:7,5:5,6:8,7:6,8:8,9:14,10:8,11:8,12:10,13:6,14:8,15:7,16:10,17:7,18:6,19:4,20:8,21:15,22:6,23:11,24:7,25:14,26:6,27:8,28:5,29:4,30:10,31:2,32:12,33:9,34:7,35:7,36:6,37:6,38:7,39:7,40:4,41:9,42:12,43:13,44:11,45:11,46:13,47:10,48:12,49:7,50:9
(0,(105)92)21	1.1845748292220932	4.0	5.184574829222093	5.518725631725918e-12	1:21,2:10,3:5,4:3,6:3,7:4,8:6,9:3,10:6,12:2,13:6,14:2,15:5,16:5,17:1,18:8,19:3,20:7,21:5,22:3,23:4,24:3,25:5,26:7,27:4,28:6,29:1,30:5,31:3,32:4,33:5,34:3,35:2,36:4,37:6,38:4,39:2,40:2,41:4,42:3,43:7,44:2,45:5,46:6,47:1,48:4,49:4,50:2
((0,105)92)21	1.1879472976451142	4.0	5.187947297645114	5.426447193894954e-12	1:12,2:5,3:2,4:3,5:5,6:3,7:4,8:8,9:2,10:5,11:5,12:3,14:1,15:1,16:4,17:2,18:5,19:4,20:1,21:3,22:2,23:6,24:1,26:4,27:4,28:2,29:5,30:2,31:2,32:3,33:4,34:4,35:6,36:2,37:7,38:1,40:6,41:4,42:3,43:3,44:3,45:3,46:5,47:5,48:3,49:5,50:1
((105,92)21)0	1.253877961751578	4.0	5.253877961751578	3.902554376889758e-12	1:12,2:6,3:6,4:4,5:6,6:5,7:4,8:8,9:3,10:6,11:5,12:5,13:4,14:5,15:9,16:7,18:1,19:4,20:3,21:7,22:6,23:6,24:3,25:9,26:4,27:4,28:4,29:2,30:5,31:1,32:2,33:7,34:3,35:3,36:6,37:3,38:4,39:5,40:7,41:7,42:3,43:4,44:2,45:4,46:7,47:4,48:3,49:5,50:9
((92)0,105)21	1.2617124491126188	4.0	5.261712449112618	3.752637290875947e-12	1:27,2:2,3:3,4:1,5:4,6:1,7:4,8:4,9:4,10:4,11:8,12:3,13:8,14:3,15:2,16:7,17:4,18:4,19:5,20:7,21:2,22:5,23:5,24:4,25:3,26:2,27:4,28:8,29:2,30:1,31:2,32:3,33:3,34:7,35:5,36:7,37:3,38:2,39:3,40:4,41:2,42:1,43:5,44:4,45:5,46:2,47:6,48:7,49:5,50:6
((105)0,92)21	1.3361871139603334	4.0	5.336187113960333	2.5859308662239976e-12	1:18,2:11,3:7,4:7,5:3,7:4,8:4,9:3,10:6,11:3,12:8,13:5,14:4,15:3,16:4,17:2,18:4,19:4,20:2,21:6,22:8,23:5,24:5,25:8,26:8,27:5,28:5,29:4,30:2,31:6,32:4,33:6,34:7,35:3,36:4,37:4,38:1,39:4,40:8,41:4,42:3,43:5,44:2,45:4,46:6,47:4,48:4,49:5,50:4
(((92)105)0)21	0.440399865186487	5.0	5.440399865186487	1.5357544981173076e-12	1:5,2:1,3:2,4:1,5:2,6:1,7:4,8:4,9:2,10:1,11:3,13:1,14:5,15:5,16:4,17:2,18:4,19:4,20:3,21:2,22:1,23:4,24:4,25:2,26:1,27:2,28:4,29:4,30:4,31:1,32:4,33:4,34:1,35:4,36:2,37:3,38:1,39:1,40:1,41:3,42:2,43:1,44:4,45:6,46:4,47:1,48:4,49:3,50:1
(((105)92)21)0	0.4607944847791153	5.0	5.460794484779115	1.3868690050075747e-12	1:5,2:2,3:1,4:1,5:1,6:2,7:4,8:2,10:2,14:1,15:1,16:3,17:1,19:1,21:1,23:4,24:1,26:2,27:2,28:2,29:1,30:4,31:1,32:1,33:1,34:4,35:1,36:2,37:2,38:1,39:1,40:1,42:2,44:1,45:4,47:2,48:1,49:3,50:1
(((105)0)92)21	0.5834067695173555	5.0	5.583406769517356	7.512530511889056e-13	1:6,2:56,3:68,4:60,5:75,6:70,7:61,8:49,9:51,10:63,11:63,12:60,13:79,14:59,15:67,16:57,17:60,18:53,19:69,20:53,21:54,22:80,23:66,24:73,25:66,26:64,27:69,28:58,29:54,30:66,31:58,32:66,33:67,34:53,35:66,36:64,37:67,38:67,39:57,40:62,41:62,42:63,43:55,44:57,45:57,46:76,47:64,48:61,49:55,50:68
((105,92)0)21	1.2578633224011493	5.0	6.25786332240115	2.5776411297260334e-14	1:17,2:3,3:6,4:3,5:4,6:4,7:5,8:3,9:6,10:3,11:3,12:2,13:3,14:1,15:4,16:3,17:3,18:9,19:2,20:3,21:3,22:4,24:4,25:2,26:3,27:4,28:6,29:4,30:5,31:6,32:4,33:2,34:6,35:2,36:8,37:3,38:4,39:4,40:7,41:4,42:3,43:9,44:4,45:6,46:4,47:2,48:5,49:2,50:3
(((105)92)0)21	0.44057865396708057	6.0	6.440578653967081	1.0338586163657276e-14	1:6,2:2,3:1,4:1,5:2,6:2,7:1,8:3,11:3,12:3,13:1,14:1,15:1,16:2,17:5,18:1,20:1,23:1,24:1,25:1,26:1,27:1,29:2,30:3,33:5,34:2,35:2,37:1,38:1,39:1,41:3,42:1,43:2,44:2,45:2,46:2,47:1,48:3,49:4,50:3
