# generation count = 50 
#
generation.index	generationHighestFitness	generationMedianFitness	populationHighestFitness	populationMedianFitness
1	0.8632939774163195	1.065324632541272e-07	0.8632939774163195	1.065324632541272e-07
2	0.8632939774163195	0.001737275201733753	0.8632939774163195	6.340843254715185e-06
3	0.8632939774163195	0.002444263722504256	0.8632939774163195	4.5801146540468254e-05
4	0.8632939774163195	0.003151252243274759	0.8632939774163195	6.243295272369002e-05
5	0.8632939774163195	0.001737275201733753	0.8632939774163195	0.00010310128699800442
6	0.8632939774163195	0.001737275201733753	0.8632939774163195	0.0002902420176444203
7	0.8632939774163195	0.001737275201733753	0.8632939774163195	0.0002902420176444203
8	0.8632939774163195	0.001737275201733753	0.8632939774163195	0.0002902420176444203
9	0.8632939774163195	0.003151252243274759	0.8632939774163195	0.001737275201733753
10	0.8632939774163195	0.003151252243274759	0.8632939774163195	0.001737275201733753
11	0.8632939774163195	0.001737275201733753	0.8632939774163195	0.001737275201733753
12	0.8632939774163195	0.001737275201733753	0.8632939774163195	0.001737275201733753
13	0.8632939774163195	0.001737275201733753	0.8632939774163195	0.001737275201733753
14	0.8632939774163195	0.003151252243274759	0.8632939774163195	0.001737275201733753
15	0.8632939774163195	0.001737275201733753	0.8632939774163195	0.001737275201733753
16	0.8632939774163195	0.003151252243274759	0.8632939774163195	0.001737275201733753
17	0.8632939774163195	0.001737275201733753	0.8632939774163195	0.001737275201733753
18	0.8632939774163195	0.001737275201733753	0.8632939774163195	0.001737275201733753
19	0.8632939774163195	0.003151252243274759	0.8632939774163195	0.001737275201733753
20	0.8632939774163195	0.001737275201733753	0.8632939774163195	0.001737275201733753
21	0.8632939774163195	0.001737275201733753	0.8632939774163195	0.001737275201733753
22	0.8632939774163195	0.003151252243274759	0.8632939774163195	0.001737275201733753
23	0.8632939774163195	0.003151252243274759	0.8632939774163195	0.001737275201733753
24	0.8632939774163195	0.003151252243274759	0.8632939774163195	0.001737275201733753
25	0.8632939774163195	0.001737275201733753	0.8632939774163195	0.001737275201733753
26	0.8632939774163195	0.001737275201733753	0.8632939774163195	0.001737275201733753
27	0.8632939774163195	0.003151252243274759	0.8632939774163195	0.001737275201733753
28	0.8632939774163195	0.001737275201733753	0.8632939774163195	0.001737275201733753
29	0.8632939774163195	0.001737275201733753	0.8632939774163195	0.001737275201733753
30	0.8632939774163195	0.001737275201733753	0.8632939774163195	0.001737275201733753
31	0.8632939774163195	0.003151252243274759	0.8632939774163195	0.001737275201733753
32	0.8632939774163195	0.001737275201733753	0.8632939774163195	0.001737275201733753
33	0.8632939774163195	0.003151252243274759	0.8632939774163195	0.001737275201733753
34	0.8632939774163195	0.001737275201733753	0.8632939774163195	0.001737275201733753
35	0.8632939774163195	0.001737275201733753	0.8632939774163195	0.001737275201733753
36	0.8632939774163195	0.003151252243274759	0.8632939774163195	0.001737275201733753
37	0.8632939774163195	0.001737275201733753	0.8632939774163195	0.001737275201733753
38	0.8632939774163195	0.001737275201733753	0.8632939774163195	0.001737275201733753
39	0.8632939774163195	0.003151252243274759	0.8632939774163195	0.001737275201733753
40	0.8632939774163195	0.003151252243274759	0.8632939774163195	0.001737275201733753
41	0.8632939774163195	0.001737275201733753	0.8632939774163195	0.001737275201733753
42	0.8632939774163195	0.001737275201733753	0.8632939774163195	0.001737275201733753
43	0.8632939774163195	0.001737275201733753	0.8632939774163195	0.001737275201733753
44	0.8632939774163195	0.003151252243274759	0.8632939774163195	0.001737275201733753
45	0.8632939774163195	0.001737275201733753	0.8632939774163195	0.001737275201733753
46	0.8632939774163195	0.003151252243274759	0.8632939774163195	0.001737275201733753
47	0.8632939774163195	0.001737275201733753	0.8632939774163195	0.001737275201733753
48	0.8632939774163195	0.001737275201733753	0.8632939774163195	0.001737275201733753
49	0.8632939774163195	0.001737275201733753	0.8632939774163195	0.001737275201733753
50	0.8632939774163195	0.003151252243274759	0.8632939774163195	0.001737275201733753
############################################################
Topology	MassCost	TopologyCost	Cost	Fitness	appearances(generationID:count)
(((21)0)92)105	0.02939999999999998	0.0	0.02939999999999998	0.8632939774163195	1:8,2:187,3:181,4:188,5:190,6:188,7:199,8:183,9:198,10:219,11:205,12:180,13:209,14:191,15:206,16:201,17:194,18:183,19:210,20:209,21:194,22:185,23:210,24:210,25:176,26:218,27:218,28:201,29:215,30:200,31:211,32:191,33:218,34:193,35:203,36:210,37:206,38:182,39:188,40:204,41:205,42:193,43:200,44:206,45:204,46:208,47:175,48:201,49:196,50:216
(0,(21)92)105	0.7763661355663489	0.0	0.7763661355663489	0.02061305475713325	1:27,2:28,3:10,4:13,5:5,6:9,7:10,8:8,9:13,10:8,11:4,12:9,13:10,14:10,15:12,16:6,17:7,18:8,19:6,20:8,21:7,22:9,23:8,24:12,25:4,26:6,27:7,28:9,29:8,30:12,31:10,32:4,33:6,34:9,35:6,36:3,37:7,38:11,39:10,40:12,41:11,42:12,43:7,44:4,45:7,46:11,47:7,48:6,49:2,50:5
(21,(0)92)105	0.7892596301928011	0.0	0.7892596301928011	0.019326111867734825	1:22,2:65,3:48,4:56,5:34,6:41,7:48,8:45,9:53,10:50,11:41,12:49,13:54,14:43,15:48,16:47,17:43,18:41,19:57,20:46,21:46,22:44,23:39,24:47,25:48,26:50,27:44,28:57,29:59,30:59,31:45,32:44,33:48,34:40,35:44,36:38,37:49,38:42,39:43,40:49,41:39,42:49,43:44,44:53,45:46,46:44,47:44,48:40,49:43,50:54
((21)0,92)105	0.805366135566349	0.0	0.805366135566349	0.01783075189403267	1:28,2:59,3:57,4:44,5:50,6:47,7:42,8:48,9:49,10:51,11:57,12:44,13:50,14:57,15:43,16:48,17:41,18:51,19:46,20:37,21:53,22:45,23:51,24:45,25:63,26:39,27:48,28:46,29:45,30:49,31:57,32:48,33:47,34:51,35:53,36:48,37:45,38:44,39:43,40:64,41:38,42:50,43:46,44:34,45:56,46:54,47:48,48:43,49:39,50:43
((0,21)92)105	0.815608098292311	0.0	0.815608098292311	0.016940628456802925	1:7,2:38,3:53,4:57,5:52,6:48,7:37,8:49,9:53,10:47,11:45,12:41,13:41,14:54,15:45,16:53,17:48,18:54,19:48,20:50,21:54,22:55,23:59,24:45,25:50,26:59,27:50,28:43,29:46,30:45,31:50,32:35,33:60,34:46,35:46,36:47,37:54,38:41,39:58,40:47,41:51,42:43,43:45,44:62,45:62,46:51,47:47,48:53,49:53,50:56
(((0)21)92)105	0.04710010660968691	1.0	1.047100106609687	0.005324158899285251	1:3,2:59,3:90,4:72,5:77,6:72,7:72,8:73,9:78,10:77,11:78,12:72,13:78,14:77,15:76,16:77,17:66,18:84,19:76,20:84,21:86,22:86,23:72,24:81,25:90,26:78,27:90,28:80,29:65,30:73,31:73,32:90,33:77,34:71,35:72,36:84,37:75,38:80,39:95,40:75,41:90,42:84,43:72,44:80,45:48,46:68,47:72,48:80,49:76,50:80
(((21)92)0)105	0.15199107351883373	1.0	1.1519910735188337	0.003151252243274759	1:10,2:57,3:61,4:74,5:71,6:70,7:62,8:75,9:78,10:65,11:61,12:66,13:56,14:72,15:67,16:76,17:62,18:75,19:66,20:63,21:58,22:77,23:62,24:61,25:65,26:49,27:50,28:44,29:60,30:58,31:63,32:62,33:56,34:66,35:67,36:74,37:62,38:67,39:77,40:63,41:55,42:56,43:79,44:68,45:59,46:73,47:80,48:68,49:71,50:64
(((21)0)105)92	0.2710874738385599	1.0	1.27108747383856	0.001737275201733753	1:6,2:49,3:68,4:79,5:78,6:71,7:75,8:56,9:49,10:61,11:60,12:69,13:66,14:65,15:67,16:64,17:70,18:64,19:56,20:57,21:62,22:56,23:70,24:59,25:71,26:68,27:71,28:68,29:66,30:58,31:59,32:73,33:62,34:72,35:52,36:61,37:60,38:70,39:61,40:57,41:62,42:62,43:72,44:61,45:69,46:70,47:78,48:55,49:60,50:45
(0,21,92)105	1.628959087884039	0.0	1.628959087884039	0.0002902420176444203	1:48,2:15,3:6,4:13,5:8,6:7,7:10,8:6,9:7,10:6,11:15,12:10,13:11,14:5,15:9,16:8,17:11,18:7,19:12,20:13,21:7,22:6,23:14,24:12,25:6,26:11,27:10,28:10,29:12,30:6,31:7,32:10,33:7,34:9,35:9,36:14,37:8,38:11,39:4,40:12,41:11,42:6,43:12,44:9,45:11,46:7,47:4,48:9,49:8,50:8
((0)21,92)105	0.835959736802488	1.0	1.835959736802488	0.00010310128699800442	1:26,2:13,3:10,4:14,5:11,6:6,7:10,8:9,9:7,10:10,11:5,12:9,13:8,14:4,15:10,16:8,17:6,18:16,19:13,20:6,21:1,22:9,23:7,24:12,25:7,26:10,27:4,28:10,29:9,30:14,31:11,32:8,33:6,34:10,35:7,36:5,37:15,38:10,39:8,40:7,41:8,42:9,43:10,44:5,45:11,46:11,47:11,48:17,49:8,50:8
((92)0,21)105	0.9157954517785398	1.0	1.9157954517785398	6.91676521651218e-05	1:22,2:10,3:5,4:4,5:9,6:7,7:5,8:5,9:7,10:1,11:7,12:5,13:7,14:9,15:8,16:4,17:2,18:6,19:5,20:5,21:2,22:5,23:7,24:5,25:6,26:3,27:7,28:8,29:5,30:3,31:8,32:7,33:4,34:4,35:5,36:4,37:9,38:8,39:7,40:5,41:5,42:5,43:6,44:8,45:3,46:3,47:6,48:6,49:5,50:7
((21,92)0)105	0.9362834666915784	1.0	1.9362834666915782	6.243295272369002e-05	1:11,2:18,3:8,4:9,5:11,6:12,7:10,8:8,9:4,10:10,11:11,12:15,13:10,14:9,15:10,16:6,17:17,18:10,19:9,20:12,21:15,22:13,23:12,24:9,25:6,26:9,27:9,28:6,29:10,30:6,31:10,32:9,33:15,34:7,35:10,36:10,37:8,38:8,39:8,40:4,41:10,42:6,43:11,44:16,45:10,46:5,47:8,48:9,49:8,50:20
(0,(92)21)105	0.9537113892002613	1.0	1.9537113892002613	5.7222868186674626e-05	1:20,2:15,3:7,4:8,5:7,6:6,7:7,8:8,9:10,10:7,11:9,12:8,13:3,14:9,15:7,16:8,17:8,18:11,19:2,20:4,21:7,22:8,23:10,24:5,25:6,26:9,27:8,28:10,29:5,30:7,31:8,32:8,33:6,34:6,35:7,36:7,37:10,38:6,39:5,40:1,41:4,42:7,43:7,44:8,45:4,46:7,47:7,48:5,49:6,50:6
((0)105,21)92	0.9944726793632895	1.0	1.9944726793632896	4.667212825588051e-05	1:23,2:6,3:9,4:4,5:4,6:7,7:2,8:3,9:9,10:3,11:5,12:8,13:5,14:6,15:6,16:6,17:4,18:3,19:3,20:5,21:6,22:4,23:10,24:5,25:7,26:5,27:5,28:8,29:5,30:5,31:4,32:9,33:4,34:7,35:4,36:5,37:6,38:2,39:2,40:3,41:4,42:3,43:3,44:3,45:3,46:2,47:8,48:4,49:2,50:2
(0,(21)105)92	0.9982402867045589	1.0	1.9982402867045588	4.5801146540468254e-05	1:26,2:14,3:7,4:2,5:7,6:2,7:6,8:6,9:1,10:5,11:2,12:6,13:8,14:3,15:7,16:4,17:5,18:6,20:3,21:8,22:5,23:4,24:4,25:6,26:11,27:3,28:1,29:6,30:3,31:6,32:6,33:3,34:4,35:2,36:9,37:3,38:2,39:5,40:6,41:6,42:4,43:3,44:2,45:2,46:3,47:5,48:9,49:3,50:4
((0,21)105)92	1.0058918520982658	1.0	2.005891852098266	4.4081989491149993e-05	1:8,2:4,3:3,4:1,5:4,6:3,7:2,8:3,9:5,10:4,11:1,12:1,13:4,14:1,15:3,16:7,17:3,18:2,19:5,20:2,21:5,22:2,23:2,24:2,25:5,26:5,27:5,28:6,29:5,30:10,31:4,32:2,33:3,34:3,35:4,36:6,37:3,38:1,40:4,41:4,42:1,43:3,44:2,45:2,46:4,47:2,48:3,49:2,50:4
((21)0,105)92	1.027440286704559	1.0	2.027440286704559	3.957941359763419e-05	1:17,2:8,3:3,4:3,5:5,6:4,7:6,8:8,9:4,10:3,11:5,12:6,13:2,14:3,15:5,16:4,17:7,18:6,19:6,20:4,21:4,22:5,23:3,24:7,25:4,26:3,27:6,28:3,29:5,30:2,31:2,32:7,33:5,34:4,35:4,36:7,37:2,38:4,39:5,40:1,41:5,42:4,43:1,44:4,45:4,46:6,47:3,48:9,49:8,50:5
(((0)92)21)105	0.18990701094055534	2.0	2.1899070109405554	1.7566180715837183e-05	1:11,2:8,3:6,4:7,5:4,6:9,7:8,8:7,9:12,10:8,11:9,12:9,13:10,14:8,15:4,16:6,17:7,19:6,20:3,21:6,22:11,23:10,24:11,25:5,26:8,27:6,28:6,29:5,30:8,31:4,32:6,33:5,34:6,35:11,36:7,37:2,38:6,39:5,40:6,41:2,42:10,43:2,44:4,45:6,46:4,47:6,48:7,49:5,50:10
(((92)21)0)105	0.21890701094055537	2.0	2.2189070109405553	1.5195137924011168e-05	1:8,2:6,3:11,4:8,5:5,6:11,7:10,8:9,9:5,10:6,11:4,12:13,13:7,14:11,15:8,16:8,17:13,18:6,19:12,20:5,21:6,22:8,23:10,24:13,25:12,26:9,27:7,28:7,29:10,30:7,31:7,32:6,33:8,34:15,35:7,36:7,37:11,38:15,39:12,40:11,41:8,42:5,43:7,44:13,45:11,46:9,47:16,48:10,49:11,50:8
(((0)21)105)92	0.2887875804482468	2.0	2.288787580448247	1.0714228834887147e-05	1:3,2:3,3:7,4:5,5:6,6:4,7:5,8:5,9:4,10:10,11:6,12:7,13:4,14:5,15:9,16:9,17:4,18:5,19:4,20:5,21:7,22:6,23:5,24:8,25:3,26:4,27:5,28:7,29:4,30:5,31:8,32:9,33:8,34:4,35:6,36:3,37:7,38:6,39:8,40:5,41:5,42:3,43:6,44:8,45:8,46:6,47:8,48:7,49:10,50:6
(((21)92)105)0	0.39369975857680006	2.0	2.3936997585768003	6.340843254715185e-06	1:7,2:1,3:1,4:1,5:1,6:2,7:1,8:1,9:2,10:1,11:3,12:2,13:1,15:1,16:1,17:2,18:2,20:1,21:2,22:1,23:1,24:1,25:1,26:1,27:3,28:1,29:3,30:1,33:2,34:2,35:4,36:2,37:1,38:1,39:7,43:4,44:1,45:1,46:2,47:3,48:2,49:2,50:1
(((21)105)0)92	0.39369975857680006	2.0	2.3936997585768003	6.340843254715185e-06	1:5,2:3,3:1,4:1,5:2,6:1,9:2,10:3,11:1,12:2,13:1,14:2,15:2,16:2,18:1,19:2,20:1,22:2,25:1,26:4,28:1,29:1,30:1,33:2,34:1,35:2,36:3,37:6,38:2,39:1,40:2,42:1,43:2,44:4,45:2,46:1,48:3,49:1,50:1
(0,105,21)92	1.847357049950009	1.0	2.847357049950009	6.562098212019319e-07	1:47,2:8,3:4,4:7,5:8,6:8,7:8,8:10,9:9,10:7,11:8,12:9,13:6,14:8,15:9,16:10,17:5,18:8,19:8,20:6,21:8,22:6,23:5,24:11,25:8,26:7,27:9,28:6,29:3,30:5,31:5,32:6,33:4,34:13,35:11,36:7,37:11,38:5,39:3,40:6,41:6,42:9,43:9,44:9,45:13,46:12,47:10,48:8,49:6,50:7
((0,92)21)105	0.9426873553835333	2.0	2.9426873553835335	4.074136710399349e-07	1:16,2:12,3:9,4:7,5:13,6:11,7:13,8:18,9:17,10:11,11:16,12:12,13:10,14:9,15:12,16:10,17:15,18:15,19:11,20:11,21:11,22:11,23:13,24:11,25:13,26:15,27:18,28:15,29:17,30:16,31:10,32:13,33:11,34:10,35:12,36:13,37:17,38:14,39:15,40:10,41:17,42:9,43:16,44:9,45:9,46:5,47:14,48:14,49:11,50:15
(105,(0)21)92	1.0413727859729764	2.0	3.0413727859729764	2.487384411154699e-07	1:16,2:4,3:7,4:2,5:2,6:5,7:3,8:3,9:4,10:1,11:4,12:3,13:2,14:6,15:3,16:3,17:9,18:4,19:4,20:4,21:2,22:2,23:7,24:6,25:5,26:4,27:4,28:2,29:6,30:3,31:5,32:6,33:3,34:5,35:8,36:3,37:3,38:4,39:4,40:3,41:1,42:4,43:5,44:5,45:3,46:4,47:5,48:2,49:5,50:5
((92)105,21)0	1.0913356495597493	2.0	3.091335649559749	1.9375366596180968e-07	1:18,2:3,3:4,4:3,5:5,6:10,7:2,8:2,9:1,10:8,11:3,12:4,13:5,14:4,15:8,16:2,17:3,18:6,19:5,20:3,21:3,22:4,23:2,24:5,25:2,26:3,27:3,28:2,29:2,30:4,31:6,32:4,33:3,34:4,35:3,36:4,37:2,38:4,39:5,40:8,41:2,42:5,43:1,44:2,45:4,46:7,47:6,48:3,49:4,50:6
((105,21)0)92	1.0915356495597492	2.0	3.0915356495597495	1.935600091403964e-07	1:15,2:4,3:3,4:4,5:2,6:2,7:4,8:5,9:5,10:5,11:4,12:3,13:8,14:1,15:2,16:3,17:5,18:3,19:6,20:5,21:2,22:9,23:4,24:4,25:3,26:3,27:3,28:2,29:1,30:1,31:3,32:3,33:2,34:8,35:3,36:5,37:4,38:6,39:7,40:5,41:3,42:5,43:4,44:4,45:6,46:3,47:2,48:2,49:5,50:4
((21,92)105)0	1.1825593887696013	2.0	3.1825593887696013	1.227891790197161e-07	1:10,2:7,3:4,4:5,5:2,7:3,8:1,9:5,10:2,11:5,12:3,13:3,14:11,15:5,16:7,17:4,18:4,19:7,20:3,21:4,22:2,23:3,24:4,25:7,26:4,27:2,28:4,29:4,30:4,31:3,32:5,33:3,34:4,35:2,36:1,37:3,38:2,39:2,40:4,41:4,42:8,43:3,44:5,45:2,46:3,47:5,48:7,49:5,50:4
(((92)0)21)105	0.1986911801285207	3.0	3.1986911801285207	1.1327403102154435e-07	1:10,2:48,3:64,4:56,5:60,6:53,7:65,8:74,9:56,10:57,11:74,12:65,13:60,14:85,15:56,16:53,17:77,18:66,19:62,20:77,21:80,22:69,23:69,24:51,25:70,26:57,27:68,28:65,29:56,30:77,31:65,32:71,33:64,34:62,35:84,36:58,37:70,38:73,39:60,40:76,41:69,42:75,43:58,44:50,45:57,46:56,47:64,48:52,49:73,50:52
((105)0,21)92	1.2091078568691112	2.0	3.209107856869111	1.0752534127747842e-07	1:18,2:4,3:3,4:6,5:4,6:1,7:7,8:3,9:9,11:3,12:2,13:3,14:3,15:4,16:5,17:3,18:3,19:4,20:4,21:4,22:3,23:3,24:5,25:5,26:7,27:4,28:2,29:2,30:2,31:5,32:6,33:5,34:1,35:3,36:4,37:2,38:6,39:7,40:1,41:2,42:2,43:4,44:4,45:2,46:5,47:4,48:3,49:3,50:5
((21)105,92)0	1.2109632157914623	2.0	3.2109632157914625	1.065324632541272e-07	1:18,2:8,3:7,4:4,5:5,6:4,7:3,8:8,9:4,10:6,11:4,12:6,13:5,14:3,15:6,16:1,17:7,18:1,19:5,20:5,21:6,22:3,23:4,25:3,26:5,27:4,28:4,29:7,30:3,31:6,32:4,33:3,34:7,35:6,36:1,37:3,38:6,39:2,40:4,41:8,42:4,43:4,44:5,45:5,46:5,47:5,48:4,49:5,50:6
(105,(21)92)0	1.2111632157914622	2.0	3.211163215791462	1.0642598403935398e-07	1:19,2:8,3:9,4:2,5:4,6:7,7:8,8:6,10:4,11:6,12:2,13:4,14:2,16:4,17:5,18:4,19:3,20:6,21:6,22:3,23:7,24:8,25:2,26:4,27:2,28:6,29:5,30:4,31:2,32:3,33:10,34:5,35:4,36:5,37:3,38:4,39:2,40:4,41:5,42:3,43:2,44:3,45:4,46:6,47:7,48:6,49:8,50:8
(0,(105)21)92	1.2424920403655635	2.0	3.2424920403655637	9.099509783480316e-08	1:17,2:4,3:1,4:2,5:7,6:7,7:5,9:4,10:6,11:2,12:7,13:5,14:2,15:2,16:4,17:5,18:3,19:5,20:2,21:3,22:2,23:6,24:4,25:4,26:4,27:7,28:7,29:5,30:4,31:1,32:4,33:7,34:6,35:4,36:5,37:4,38:6,39:2,40:3,41:7,42:2,43:6,45:4,46:3,47:6,48:3,49:1,50:7
(((21)105)92)0	0.39367854735739366	3.0	3.3936785473573936	4.272879718894434e-08	1:6,2:57,3:67,4:53,5:77,6:64,7:65,8:73,9:61,10:68,11:76,12:82,13:75,14:60,15:85,16:69,17:54,18:58,19:69,20:63,21:70,22:66,23:58,24:73,25:71,26:64,27:55,28:60,29:63,30:77,31:56,32:59,33:62,34:66,35:63,36:59,37:62,38:71,39:57,40:65,41:72,42:69,43:68,44:71,45:68,46:65,47:61,48:84,49:67,50:57
(((0)105)21)92	0.42708394207325245	3.0	3.4270839420732524	3.6156116301167005e-08	1:6,2:2,3:3,5:2,6:1,7:2,9:2,12:1,13:3,14:2,15:2,17:4,18:1,19:1,20:1,22:3,23:2,25:2,26:1,27:2,28:1,30:2,31:2,32:1,34:2,35:2,36:1,37:1,38:2,39:1,41:4,45:3,46:1,47:1,48:2,49:1,50:1
(((0)92)105)21	0.42708394207325245	3.0	3.4270839420732524	3.6156116301167005e-08	1:9,2:1,3:1,4:1,5:2,6:1,8:2,9:2,10:2,11:2,13:1,14:2,15:1,16:2,17:2,18:1,19:3,20:4,21:2,22:1,23:1,24:2,27:2,28:2,29:2,30:2,31:1,34:3,35:1,36:1,38:1,40:4,42:2,43:1,44:1,48:2,50:3
(((105)21)0)92	0.45628394207325246	3.0	3.4562839420732523	3.1244586418893275e-08	1:15,2:2,3:2,4:5,5:3,6:4,7:2,8:5,9:3,10:2,11:3,12:1,13:2,14:1,15:4,16:2,17:1,18:3,19:4,20:4,21:2,22:1,23:2,24:1,25:4,26:3,27:1,28:2,29:4,30:3,31:2,32:1,33:2,35:2,36:2,37:2,38:6,39:4,40:1,41:1,42:4,43:1,44:2,45:2,46:3,47:1,48:2,49:1,50:2
(((92)21)105)0	0.5832067695173555	3.0	3.5832067695173553	1.656400536137536e-08	1:10,2:3,3:6,4:5,6:3,7:1,8:2,9:2,10:1,11:2,12:2,13:4,14:5,15:3,16:3,17:2,18:7,19:1,20:3,21:2,22:1,23:2,24:2,25:1,26:2,27:1,28:3,29:1,31:2,32:1,33:3,34:3,35:2,36:2,37:4,38:4,39:4,40:2,41:1,42:5,43:2,44:1,45:1,46:1,47:2,48:1,49:5,50:6
(105,21,92)0	2.0233849040654626	2.0	4.023384904065463	1.8337101459747329e-09	1:42,2:6,3:14,4:9,5:10,6:7,7:4,8:7,9:9,10:10,11:6,12:6,13:11,14:6,15:9,16:5,17:10,18:7,19:6,20:14,21:6,22:9,23:2,24:7,25:17,26:12,27:5,28:9,29:10,30:15,31:7,32:10,33:7,34:4,35:11,36:11,37:10,38:5,39:12,40:11,41:7,42:7,43:6,44:10,45:12,46:5,47:7,48:5,49:15,50:10
(0,(92)105)21	1.1099213755937851	3.0	4.109921375593785	1.189649777252552e-09	1:21,2:6,3:1,4:3,5:2,6:3,7:8,8:4,9:3,10:5,11:5,12:2,13:3,14:5,15:2,16:4,17:3,18:4,19:5,20:5,21:2,22:7,23:4,24:5,25:2,26:1,27:5,28:4,29:6,30:6,31:4,32:3,33:10,34:2,35:2,37:7,38:4,39:6,40:6,41:2,42:5,43:6,44:1,45:6,46:9,47:2,48:4,49:3,50:5
((0,105)21)92	1.110121375593785	3.0	4.110121375593785	1.1884607221019656e-09	1:13,2:4,3:5,4:1,5:2,6:5,7:8,8:1,9:10,10:8,11:8,12:2,13:1,14:4,15:5,16:6,17:4,18:4,19:5,20:9,21:7,22:6,23:4,24:6,25:5,26:7,27:2,28:7,29:5,30:8,31:3,32:3,33:5,34:3,35:3,36:5,37:2,38:8,39:4,40:3,41:4,42:4,43:8,44:3,45:7,46:1,47:6,48:4,49:8,50:4
((105,21)92)0	1.1462637528821233	3.0	4.146263752882123	9.919794104928708e-10	1:4,2:5,3:1,4:2,5:3,6:5,7:4,8:5,9:7,10:3,11:1,12:3,13:4,14:1,15:3,16:6,17:6,18:3,19:5,20:5,21:2,22:5,23:3,24:2,25:4,26:4,27:2,28:4,29:2,30:6,31:4,32:5,33:2,34:2,35:6,36:5,37:2,38:4,39:1,40:2,41:4,42:1,43:1,44:2,45:2,46:2,47:1,48:1,49:3,50:1
(21,(105)92)0	1.1781709405301384	3.0	4.178170940530139	8.457014600935822e-10	1:14,2:7,3:3,4:8,5:10,6:7,7:5,8:3,9:4,10:4,11:5,12:5,13:4,14:6,15:3,16:4,17:2,18:4,19:5,20:3,21:8,22:3,23:3,24:7,25:2,26:3,27:7,28:4,29:4,30:3,31:1,32:6,33:4,34:3,35:3,36:4,37:8,38:2,39:7,40:5,41:4,42:3,43:4,44:10,45:4,46:5,47:8,48:5,49:2,50:6
((0,92)105)21	1.2030500776396014	3.0	4.203050077639602	7.467800727016979e-10	1:19,2:3,3:4,4:8,5:9,6:9,7:4,8:5,9:6,10:4,11:4,12:11,13:3,14:3,15:5,16:6,17:7,18:7,19:5,20:3,21:5,22:3,23:4,24:3,25:5,26:8,27:8,28:3,29:4,30:7,31:10,32:3,33:7,34:6,35:1,36:4,37:8,38:3,39:8,40:5,41:7,42:8,43:3,44:9,45:4,46:5,47:5,48:8,49:3,50:3
((0)105,92)21	1.2246779617515782	3.0	4.224677961751578	6.702369503961275e-10	1:13,2:5,3:7,4:6,5:5,6:4,7:4,8:10,9:4,10:4,11:1,12:3,13:6,14:3,15:5,16:7,17:4,18:5,19:3,20:5,21:9,22:3,23:3,24:1,25:2,26:1,27:1,28:6,29:5,30:5,31:4,32:4,33:6,34:2,35:7,36:4,37:4,38:5,39:5,40:4,41:9,42:6,43:7,44:4,45:5,46:4,47:4,48:3,49:4,50:3
(105,(0)92)21	1.2248779617515781	3.0	4.224877961751578	6.695670484525276e-10	1:27,2:7,3:4,4:1,5:8,6:2,7:4,8:6,9:4,10:3,11:3,12:3,13:4,14:5,15:3,16:5,17:2,18:5,19:4,20:7,21:5,22:3,23:7,24:3,25:4,26:3,27:3,28:5,29:5,30:5,31:2,32:3,33:1,34:5,35:6,36:3,37:2,38:9,39:5,40:2,41:2,42:2,43:7,44:2,45:7,46:6,47:2,48:5,49:4,50:1
(105,(92)21)0	1.2810426605003047	3.0	4.2810426605003045	5.056313333033793e-10	1:18,2:4,3:4,4:5,5:5,6:8,7:4,8:6,9:2,10:5,11:4,12:4,13:4,14:5,15:2,16:2,18:2,19:1,20:8,21:6,22:5,23:3,24:2,25:10,26:3,27:4,28:3,29:2,30:4,31:6,32:4,33:5,34:3,35:5,36:4,37:5,38:5,39:4,40:3,41:4,42:6,43:4,44:5,45:7,46:6,47:3,48:1,49:6,50:6
((105)21,92)0	1.363167408764831	3.0	4.363167408764831	3.353531219750249e-10	1:13,2:2,3:4,4:2,6:4,7:2,8:2,9:6,10:6,11:3,12:6,13:3,14:2,15:3,16:8,17:7,18:5,19:4,20:2,21:4,22:2,23:10,24:1,25:3,26:5,27:7,28:6,29:7,30:3,31:3,32:3,33:5,34:4,35:4,36:8,37:4,38:5,39:5,40:8,41:2,42:7,43:4,44:1,45:5,46:4,47:3,48:2,49:7,50:5
(((0)105)92)21	0.4315944847791153	4.0	4.431594484779115	2.381852404209169e-10	1:4,2:3,3:7,4:6,5:3,6:6,7:3,8:5,9:4,10:3,11:5,12:6,13:6,14:5,15:4,16:2,17:9,18:4,19:10,20:6,21:4,22:2,23:7,24:3,25:4,26:5,27:6,28:7,29:12,30:5,31:10,32:8,33:5,34:9,35:8,36:5,37:8,38:1,39:6,40:6,41:4,42:4,43:8,44:9,45:8,46:9,47:11,48:4,49:10,50:6
(((105)0)21)92	0.44059986518648697	4.0	4.440599865186487	2.2769836442002074e-10	1:8,3:3,4:1,7:2,9:2,10:1,11:1,12:3,13:1,15:1,16:3,17:3,18:2,19:3,21:1,22:1,23:3,24:5,25:3,26:4,27:3,28:1,29:2,30:1,33:2,34:3,35:2,36:1,38:1,39:4,40:2,41:2,42:2,43:1,44:1,45:1,46:1,47:1,48:2,49:1,50:1
(((92)105)21)0	0.4560839420732525	4.0	4.456083942073253	2.1073499696342666e-10	1:6,2:2,3:4,4:3,5:3,6:1,7:2,8:3,11:1,12:1,13:2,15:2,16:3,18:2,19:1,20:2,21:1,22:2,23:1,24:3,25:2,26:3,28:1,29:1,30:2,31:3,32:4,33:3,34:1,35:2,37:1,38:1,39:2,41:1,42:1,43:2,44:3,46:2,48:1,49:4,50:1
(((92)0)105)21	0.5786750155920862	4.0	4.578675015592086	1.1416514471343685e-10	1:8,2:1,4:2,5:1,6:1,7:3,8:1,9:2,10:1,11:1,13:2,15:1,17:2,18:2,19:2,20:2,21:1,22:1,23:1,24:2,26:2,27:1,28:3,30:2,31:2,32:1,33:1,35:1,36:2,39:1,40:2,41:1,42:3,43:1,44:2,45:3,46:3,47:1,48:3,49:3,50:2
(((105)21)92)0	0.5788750155920862	4.0	4.578875015592086	1.1405103663227326e-10	1:7,2:8,3:6,4:3,5:5,6:8,7:3,8:5,9:7,10:6,11:3,12:3,13:7,14:3,15:5,16:5,17:8,18:5,19:5,20:7,21:4,22:8,23:8,24:4,25:5,26:4,27:11,28:4,29:7,30:5,31:8,32:3,33:5,34:10,35:4,36:9,37:3,38:8,39:4,40:4,41:7,42:5,43:5,44:4,45:7,46:6,47:8,48:5,49:7,50:7
(0,105,92)21	2.0364260728050017	3.0	5.036426072805002	1.1575499494381145e-11	1:49,2:8,3:2,4:10,5:8,6:6,7:13,8:11,9:10,10:8,11:11,12:10,13:7,14:12,15:10,16:5,17:10,18:7,19:15,20:7,21:13,22:12,23:7,24:11,25:8,26:4,27:6,28:9,29:7,30:8,31:11,32:14,33:9,34:11,35:6,36:6,37:9,38:9,39:4,40:11,41:14,42:8,43:10,44:5,45:6,46:6,47:6,48:17,49:9,50:7
(0,(105)92)21	1.1845748292220932	4.0	5.184574829222093	5.518725631725918e-12	1:21,2:9,3:3,4:8,5:4,6:5,7:4,8:6,9:2,10:6,11:4,12:6,13:4,14:4,15:4,16:4,17:4,18:4,20:5,22:3,23:2,24:4,25:2,26:4,27:5,28:4,29:5,30:1,31:9,32:3,33:2,34:4,35:6,36:4,37:6,38:9,39:9,40:4,41:3,42:3,43:3,44:8,45:5,46:1,47:3,48:3,49:5,50:5
((0,105)92)21	1.1879472976451142	4.0	5.187947297645114	5.426447193894954e-12	1:12,2:4,3:1,4:5,5:1,6:3,7:5,8:1,9:4,10:3,11:1,12:3,13:4,14:4,15:2,16:3,17:5,18:1,20:1,21:6,22:4,23:4,24:2,25:2,26:5,27:3,28:3,29:2,30:1,31:3,32:3,33:2,34:6,35:2,36:2,37:2,38:7,39:2,40:5,41:3,42:4,43:6,44:3,45:3,46:2,47:6,48:4,49:1,50:2
((105,92)21)0	1.253877961751578	4.0	5.253877961751578	3.902554376889758e-12	1:17,2:5,3:9,4:11,5:5,6:4,7:6,8:7,9:4,10:4,11:4,12:6,13:2,14:5,15:5,16:4,17:7,18:4,19:8,20:4,21:6,22:3,23:1,24:4,25:2,26:5,27:3,28:5,29:2,30:2,31:4,32:6,33:2,34:3,35:3,36:4,37:5,38:5,39:6,40:10,41:6,42:4,43:2,44:4,45:4,46:6,47:5,48:3,49:3,50:3
((92)0,105)21	1.2617124491126188	4.0	5.261712449112618	3.752637290875947e-12	1:20,2:7,3:1,4:4,5:3,6:2,7:2,8:3,9:3,10:2,11:6,12:8,13:4,14:5,15:5,16:6,17:6,18:4,19:2,21:2,22:8,23:3,24:4,25:5,26:3,27:3,28:2,29:1,30:4,31:6,32:5,33:7,34:2,35:4,36:11,37:3,38:6,39:2,40:4,41:2,42:4,43:4,44:4,45:6,46:4,47:5,48:4,49:3,50:3
((105)0,92)21	1.3361871139603334	4.0	5.336187113960333	2.5859308662239976e-12	1:24,2:6,3:2,4:5,5:2,6:7,7:6,8:3,9:4,10:6,11:4,12:5,13:2,14:4,15:6,16:5,17:5,18:3,19:3,20:5,21:4,22:3,23:3,24:9,25:7,26:1,27:7,28:4,29:3,30:5,31:3,32:1,33:3,34:5,35:3,36:2,37:2,38:4,39:5,40:1,41:7,42:3,43:5,44:4,45:3,46:4,47:4,48:4,49:7,50:3
(((92)105)0)21	0.440399865186487	5.0	5.440399865186487	1.5357544981173076e-12	1:4,2:2,3:1,4:2,5:4,6:2,7:1,8:3,10:3,11:2,13:1,15:2,16:2,17:1,18:3,19:3,20:2,21:1,22:3,23:1,24:3,25:3,26:3,27:1,28:3,29:1,30:1,31:4,32:7,33:4,34:3,35:2,36:1,37:3,38:4,39:1,42:5,43:4,44:2,45:3,46:3,47:3,50:2
(((105)92)21)0	0.4607944847791153	5.0	5.460794484779115	1.3868690050075747e-12	1:6,2:1,4:1,5:1,6:3,7:1,8:1,9:1,10:3,11:2,13:1,15:2,16:1,18:1,19:1,20:3,21:4,22:1,24:1,25:1,26:1,28:3,29:1,30:2,31:1,32:4,33:1,35:3,36:1,39:1,40:1,41:3,42:5,43:1,44:1,45:1,46:1,49:1,50:1
(((105)0)92)21	0.5834067695173555	5.0	5.583406769517356	7.512530511889056e-13	1:10,2:50,3:63,4:64,5:64,6:81,7:74,8:71,9:64,10:63,11:64,12:64,13:67,14:66,15:51,16:67,17:68,18:79,19:56,20:68,21:50,22:71,23:58,24:64,25:53,26:61,27:61,28:77,29:72,30:56,31:68,32:69,33:64,34:72,35:67,36:78,37:59,38:60,39:63,40:60,41:70,42:76,43:67,44:71,45:73,46:75,47:70,48:68,49:67,50:68
((105,92)0)21	1.2578633224011493	5.0	6.25786332240115	2.5776411297260334e-14	1:17,2:3,3:5,4:3,5:5,6:7,7:8,8:3,9:4,10:4,11:2,12:7,13:5,14:2,15:2,16:4,17:2,18:3,19:5,20:2,21:6,22:2,23:3,24:1,25:5,26:5,27:3,28:5,29:6,30:4,31:3,32:5,33:3,34:5,35:3,36:1,37:4,38:1,39:6,40:6,41:4,42:4,43:3,44:5,45:5,46:2,47:3,48:1,49:4,50:4
(((105)92)0)21	0.44057865396708057	6.0	6.440578653967081	1.0338586163657276e-14	1:7,2:1,4:2,6:2,7:2,8:1,11:3,13:1,14:2,15:3,16:2,17:4,18:2,19:1,20:1,21:2,22:2,23:1,24:2,25:2,26:1,27:2,28:3,29:1,32:2,33:1,34:3,35:1,37:3,38:1,40:1,41:3,42:1,43:2,44:1,45:1,47:2,48:2,49:1
