# generation count = 50 
#
generation.index	generationHighestFitness	generationMedianFitness	populationHighestFitness	populationMedianFitness
1	0.8632939774163195	1.065324632541272e-07	0.8632939774163195	1.065324632541272e-07
2	0.8632939774163195	0.001737275201733753	0.8632939774163195	6.562098212019319e-07
3	0.8632939774163195	0.001737275201733753	0.8632939774163195	3.957941359763419e-05
4	0.8632939774163195	0.002444263722504256	0.8632939774163195	5.7222868186674626e-05
5	0.8632939774163195	0.003151252243274759	0.8632939774163195	6.243295272369002e-05
6	0.8632939774163195	0.003151252243274759	0.8632939774163195	0.00010310128699800442
7	0.8632939774163195	0.001737275201733753	0.8632939774163195	0.0002902420176444203
8	0.8632939774163195	0.003151252243274759	0.8632939774163195	0.001737275201733753
9	0.8632939774163195	0.001737275201733753	0.8632939774163195	0.001737275201733753
10	0.8632939774163195	0.001737275201733753	0.8632939774163195	0.001737275201733753
11	0.8632939774163195	0.001737275201733753	0.8632939774163195	0.001737275201733753
12	0.8632939774163195	0.001737275201733753	0.8632939774163195	0.001737275201733753
13	0.8632939774163195	0.003151252243274759	0.8632939774163195	0.001737275201733753
14	0.8632939774163195	0.003151252243274759	0.8632939774163195	0.001737275201733753
15	0.8632939774163195	0.003151252243274759	0.8632939774163195	0.001737275201733753
16	0.8632939774163195	0.003151252243274759	0.8632939774163195	0.001737275201733753
17	0.8632939774163195	0.001737275201733753	0.8632939774163195	0.001737275201733753
18	0.8632939774163195	0.003151252243274759	0.8632939774163195	0.001737275201733753
19	0.8632939774163195	0.001737275201733753	0.8632939774163195	0.001737275201733753
20	0.8632939774163195	0.003151252243274759	0.8632939774163195	0.001737275201733753
21	0.8632939774163195	0.001737275201733753	0.8632939774163195	0.001737275201733753
22	0.8632939774163195	0.003151252243274759	0.8632939774163195	0.001737275201733753
23	0.8632939774163195	0.001737275201733753	0.8632939774163195	0.001737275201733753
24	0.8632939774163195	0.001737275201733753	0.8632939774163195	0.001737275201733753
25	0.8632939774163195	0.003151252243274759	0.8632939774163195	0.001737275201733753
26	0.8632939774163195	0.003151252243274759	0.8632939774163195	0.001737275201733753
27	0.8632939774163195	0.001737275201733753	0.8632939774163195	0.001737275201733753
28	0.8632939774163195	0.001737275201733753	0.8632939774163195	0.001737275201733753
29	0.8632939774163195	0.003151252243274759	0.8632939774163195	0.001737275201733753
30	0.8632939774163195	0.003151252243274759	0.8632939774163195	0.001737275201733753
31	0.8632939774163195	0.003151252243274759	0.8632939774163195	0.001737275201733753
32	0.8632939774163195	0.003151252243274759	0.8632939774163195	0.001737275201733753
33	0.8632939774163195	0.001737275201733753	0.8632939774163195	0.001737275201733753
34	0.8632939774163195	0.003151252243274759	0.8632939774163195	0.001737275201733753
35	0.8632939774163195	0.003151252243274759	0.8632939774163195	0.001737275201733753
36	0.8632939774163195	0.003151252243274759	0.8632939774163195	0.001737275201733753
37	0.8632939774163195	0.001737275201733753	0.8632939774163195	0.001737275201733753
38	0.8632939774163195	0.003151252243274759	0.8632939774163195	0.001737275201733753
39	0.8632939774163195	0.001737275201733753	0.8632939774163195	0.001737275201733753
40	0.8632939774163195	0.003151252243274759	0.8632939774163195	0.001737275201733753
41	0.8632939774163195	0.003151252243274759	0.8632939774163195	0.001737275201733753
42	0.8632939774163195	0.001737275201733753	0.8632939774163195	0.001737275201733753
43	0.8632939774163195	0.003151252243274759	0.8632939774163195	0.001737275201733753
44	0.8632939774163195	0.003151252243274759	0.8632939774163195	0.001737275201733753
45	0.8632939774163195	0.001737275201733753	0.8632939774163195	0.001737275201733753
46	0.8632939774163195	0.001737275201733753	0.8632939774163195	0.001737275201733753
47	0.8632939774163195	0.003151252243274759	0.8632939774163195	0.001737275201733753
48	0.8632939774163195	0.003151252243274759	0.8632939774163195	0.001737275201733753
49	0.8632939774163195	0.001737275201733753	0.8632939774163195	0.001737275201733753
50	0.8632939774163195	0.003151252243274759	0.8632939774163195	0.001737275201733753
############################################################
Topology	MassCost	TopologyCost	Cost	Fitness	appearances(generationID:count)
(((21)0)92)105	0.02939999999999998	0.0	0.02939999999999998	0.8632939774163195	1:9,2:181,3:207,4:197,5:201,6:201,7:203,8:208,9:187,10:211,11:202,12:191,13:201,14:215,15:200,16:194,17:215,18:215,19:191,20:203,21:205,22:210,23:204,24:196,25:222,26:217,27:183,28:196,29:193,30:207,31:194,32:198,33:201,34:199,35:220,36:223,37:193,38:197,39:198,40:205,41:216,42:186,43:196,44:216,45:181,46:188,47:225,48:204,49:182,50:210
(0,(21)92)105	0.7763661355663489	0.0	0.7763661355663489	0.02061305475713325	1:19,2:22,3:11,4:11,5:7,6:9,7:4,8:16,9:9,10:9,11:6,12:12,13:7,14:8,15:14,16:12,17:6,18:10,19:7,20:12,21:5,22:8,23:11,24:8,25:15,26:9,27:10,28:10,29:4,30:9,31:8,32:10,33:10,34:5,35:4,36:5,37:7,38:10,39:4,40:9,41:8,42:10,43:9,44:9,45:8,46:6,47:12,48:3,49:9,50:4
(21,(0)92)105	0.7892596301928011	0.0	0.7892596301928011	0.019326111867734825	1:22,2:43,3:46,4:47,5:49,6:53,7:45,8:43,9:41,10:42,11:59,12:51,13:52,14:54,15:66,16:50,17:37,18:44,19:58,20:44,21:44,22:53,23:58,24:59,25:46,26:42,27:45,28:43,29:52,30:49,31:57,32:47,33:57,34:59,35:50,36:58,37:31,38:43,39:37,40:48,41:54,42:50,43:47,44:53,45:48,46:40,47:50,48:46,49:52,50:51
((21)0,92)105	0.805366135566349	0.0	0.805366135566349	0.01783075189403267	1:16,2:53,3:41,4:49,5:56,6:56,7:52,8:43,9:46,10:53,11:44,12:58,13:54,14:50,15:57,16:53,17:54,18:48,19:42,20:47,21:55,22:59,23:47,24:43,25:51,26:43,27:39,28:48,29:61,30:48,31:52,32:48,33:42,34:50,35:47,36:47,37:54,38:53,39:40,40:53,41:51,42:48,43:48,44:56,45:55,46:52,47:49,48:50,49:37,50:37
((0,21)92)105	0.815608098292311	0.0	0.815608098292311	0.016940628456802925	1:12,2:54,3:48,4:48,5:63,6:51,7:66,8:61,9:53,10:50,11:44,12:46,13:51,14:36,15:60,16:55,17:42,18:58,19:45,20:46,21:51,22:53,23:47,24:43,25:46,26:58,27:51,28:65,29:42,30:55,31:54,32:52,33:48,34:44,35:62,36:39,37:55,38:53,39:44,40:47,41:46,42:55,43:68,44:39,45:54,46:62,47:42,48:58,49:50,50:52
(((0)21)92)105	0.04710010660968691	1.0	1.047100106609687	0.005324158899285251	1:12,2:67,3:79,4:87,5:66,6:76,7:71,8:67,9:86,10:73,11:68,12:62,13:75,14:87,15:71,16:80,17:62,18:92,19:84,20:85,21:75,22:59,23:79,24:71,25:75,26:80,27:84,28:68,29:76,30:67,31:79,32:82,33:83,34:94,35:76,36:85,37:79,38:87,39:66,40:74,41:65,42:73,43:71,44:82,45:81,46:74,47:79,48:88,49:82,50:78
(((21)92)0)105	0.15199107351883373	1.0	1.1519910735188337	0.003151252243274759	1:6,2:57,3:56,4:61,5:76,6:63,7:56,8:65,9:73,10:61,11:66,12:77,13:61,14:67,15:54,16:66,17:69,18:63,19:67,20:68,21:55,22:62,23:45,24:44,25:60,26:55,27:77,28:66,29:83,30:68,31:75,32:67,33:53,34:57,35:76,36:54,37:70,38:66,39:75,40:67,41:74,42:69,43:64,44:68,45:71,46:65,47:61,48:65,49:61,50:69
(((21)0)105)92	0.2710874738385599	1.0	1.27108747383856	0.001737275201733753	1:9,2:53,3:60,4:52,5:55,6:61,7:65,8:72,9:59,10:61,11:59,12:43,13:62,14:72,15:54,16:54,17:63,18:42,19:56,20:58,21:54,22:63,23:65,24:72,25:64,26:81,27:72,28:71,29:67,30:68,31:54,32:67,33:75,34:70,35:54,36:60,37:70,38:54,39:70,40:71,41:54,42:61,43:54,44:58,45:72,46:82,47:67,48:57,49:71,50:63
(0,21,92)105	1.628959087884039	0.0	1.628959087884039	0.0002902420176444203	1:34,2:10,3:4,4:16,5:10,6:12,7:7,8:13,9:6,10:9,11:7,12:6,13:9,14:8,15:8,16:5,17:5,18:8,19:7,20:7,21:7,22:14,23:9,24:12,25:9,26:8,27:9,28:8,29:10,30:9,31:10,32:10,33:10,34:5,35:7,36:9,37:8,38:8,39:4,40:13,41:12,42:8,43:7,44:9,45:11,46:12,47:9,48:11,49:10,50:5
((0)21,92)105	0.835959736802488	1.0	1.835959736802488	0.00010310128699800442	1:19,2:10,3:10,4:10,5:9,6:6,7:9,8:8,9:8,10:12,11:7,12:20,13:11,14:5,15:11,16:8,17:7,18:6,19:7,20:9,21:9,22:8,23:8,24:5,25:7,26:8,27:8,28:7,29:13,30:7,31:10,32:7,33:5,34:9,35:8,36:8,37:8,38:7,39:10,40:5,41:15,42:3,43:8,44:6,45:12,46:11,47:9,48:4,49:7,50:11
((92)0,21)105	0.9157954517785398	1.0	1.9157954517785398	6.91676521651218e-05	1:28,2:14,3:9,4:2,5:6,6:4,7:5,8:7,9:4,10:6,11:5,12:14,13:9,14:4,15:8,16:10,17:3,18:9,19:5,20:3,21:4,22:7,23:4,24:4,25:1,26:4,27:4,28:10,29:1,30:5,31:3,32:4,33:5,34:7,35:5,36:8,37:6,38:4,39:10,40:4,41:7,42:9,43:9,44:5,45:7,46:3,47:6,48:4,49:5,50:5
((21,92)0)105	0.9362834666915784	1.0	1.9362834666915782	6.243295272369002e-05	1:15,2:6,3:10,4:9,5:12,6:12,7:8,8:9,9:10,10:20,11:7,12:16,13:9,14:7,15:11,16:14,17:8,18:13,19:8,20:8,21:6,22:9,23:14,24:10,25:10,26:13,27:8,28:10,29:5,30:14,31:6,32:7,33:7,34:6,35:9,36:10,37:13,38:5,39:13,40:8,41:11,42:12,43:13,44:10,45:13,46:13,47:9,48:10,49:11,50:9
(0,(92)21)105	0.9537113892002613	1.0	1.9537113892002613	5.7222868186674626e-05	1:22,2:11,3:16,4:15,5:3,6:7,7:7,8:7,9:10,10:7,11:9,12:2,13:6,14:8,15:9,16:5,17:6,18:11,19:9,20:12,21:10,22:8,23:5,24:10,25:9,26:6,27:6,28:6,29:3,30:3,31:10,32:7,33:8,34:7,35:3,36:5,37:9,38:5,39:4,40:9,41:8,42:8,43:8,44:7,45:9,46:7,47:3,48:9,49:7,50:10
((0)105,21)92	0.9944726793632895	1.0	1.9944726793632896	4.667212825588051e-05	1:29,2:4,3:4,4:3,5:7,6:1,7:8,8:7,9:7,10:4,11:10,12:6,13:7,14:6,15:7,16:7,17:5,18:5,19:5,20:7,21:5,22:6,23:4,25:6,26:1,27:6,28:6,29:4,30:4,31:8,32:3,33:8,34:5,35:4,36:3,37:3,38:1,40:5,41:6,43:2,44:2,45:4,46:5,47:2,48:5,49:6,50:5
(0,(21)105)92	0.9982402867045589	1.0	1.9982402867045588	4.5801146540468254e-05	1:16,2:6,3:6,4:2,5:4,6:6,7:5,8:4,9:6,10:4,11:1,12:5,13:2,14:11,15:3,16:3,17:4,18:2,19:4,20:5,21:7,22:2,23:3,24:3,25:4,26:5,27:8,28:8,29:3,30:4,31:4,32:4,33:3,34:7,35:4,36:5,37:4,38:4,39:5,40:7,41:2,42:4,43:7,44:7,45:1,46:2,47:5,48:5,49:4,50:2
((0,21)105)92	1.0058918520982658	1.0	2.005891852098266	4.4081989491149993e-05	1:14,2:2,3:2,4:3,5:5,6:3,7:3,8:3,9:3,10:3,11:6,12:2,13:5,14:7,15:5,16:4,17:6,18:3,19:2,20:1,21:5,22:5,24:3,25:4,26:3,27:4,28:4,29:7,30:4,31:1,32:2,33:6,34:5,35:1,36:3,37:4,38:3,39:4,40:1,41:5,42:3,44:2,45:5,46:8,47:1,48:5,49:2,50:2
((21)0,105)92	1.027440286704559	1.0	2.027440286704559	3.957941359763419e-05	1:21,2:5,3:3,4:3,5:4,6:5,7:6,8:3,9:3,10:8,11:4,12:5,13:4,14:4,15:4,16:10,17:4,18:5,19:6,20:2,21:4,22:7,23:4,24:6,25:1,26:5,27:4,28:4,29:5,30:2,31:5,32:2,33:2,34:5,35:4,36:3,37:5,38:4,39:6,40:3,41:4,42:4,43:9,44:5,45:6,46:6,47:1,48:3,49:2,50:5
(((0)92)21)105	0.18990701094055534	2.0	2.1899070109405554	1.7566180715837183e-05	1:7,2:10,3:6,4:10,5:5,6:6,7:9,8:4,9:4,10:6,11:3,12:8,13:9,14:6,15:1,16:10,17:15,18:5,19:5,20:10,21:2,22:8,23:4,24:2,25:6,26:4,27:9,28:8,29:5,30:3,31:13,32:8,33:7,34:10,35:4,36:7,37:7,38:6,39:7,40:8,41:8,42:7,43:3,44:4,45:5,46:7,47:8,48:4,49:11,50:8
(((92)21)0)105	0.21890701094055537	2.0	2.2189070109405553	1.5195137924011168e-05	1:7,2:5,3:6,4:9,5:12,6:12,7:8,8:6,9:7,10:8,11:8,12:13,13:7,14:5,15:7,16:9,17:8,18:7,19:10,20:13,21:9,22:6,23:7,24:11,25:7,26:9,27:9,28:9,29:11,30:7,31:8,32:8,33:9,34:9,35:7,36:9,37:6,38:9,39:6,40:5,41:4,42:14,43:12,44:11,45:7,46:7,47:5,48:7,49:8,50:7
(((0)21)105)92	0.2887875804482468	2.0	2.288787580448247	1.0714228834887147e-05	1:12,2:4,3:8,4:7,5:5,6:5,7:6,8:9,9:8,10:9,11:7,12:3,13:7,14:6,15:6,16:4,17:11,18:5,19:6,20:4,21:3,22:8,23:3,24:8,25:5,26:4,27:6,28:4,29:5,30:3,31:2,32:4,33:6,34:6,35:6,36:8,37:4,38:5,39:4,40:9,41:4,42:11,43:7,44:2,45:6,46:10,47:5,48:4,49:8,50:10
(((21)92)105)0	0.39369975857680006	2.0	2.3936997585768003	6.340843254715185e-06	1:11,2:2,4:1,5:1,7:1,8:1,9:4,11:1,12:1,13:1,15:1,16:2,17:1,18:2,19:2,20:2,21:3,23:2,24:4,25:1,26:2,27:1,28:1,29:3,30:2,32:2,33:1,35:1,36:1,37:2,38:1,39:2,40:1,41:3,42:2,44:1,45:1,46:3,48:5,49:2
(((21)105)0)92	0.39369975857680006	2.0	2.3936997585768003	6.340843254715185e-06	1:7,7:2,9:2,10:1,11:2,13:3,14:2,16:1,18:1,19:2,20:3,22:1,23:2,25:3,26:4,27:2,28:1,29:1,30:1,31:1,32:4,33:3,36:2,37:1,39:2,41:1,42:2,43:2,44:1,46:1,47:2,48:4,49:4,50:2
(0,105,21)92	1.847357049950009	1.0	2.847357049950009	6.562098212019319e-07	1:45,2:7,3:6,4:6,5:10,6:13,7:5,8:5,9:7,10:8,11:11,12:5,13:15,14:6,15:10,16:4,17:9,18:5,19:3,20:9,21:9,22:8,23:12,24:8,25:12,26:5,27:9,28:5,29:12,30:3,31:10,32:5,33:7,34:10,35:15,36:10,37:7,38:14,39:10,40:6,41:8,42:2,43:6,44:8,45:8,46:9,47:12,48:9,49:11,50:9
((0,92)21)105	0.9426873553835333	2.0	2.9426873553835335	4.074136710399349e-07	1:9,2:6,3:9,4:18,5:11,6:11,7:15,8:16,9:13,10:10,11:12,12:12,13:10,14:13,15:11,16:12,17:19,18:12,19:12,20:15,21:12,22:9,23:15,24:18,25:11,26:10,27:11,28:14,29:13,30:12,31:15,32:13,33:10,34:5,35:13,36:7,37:14,38:6,39:15,40:14,41:6,42:14,43:16,44:7,45:11,46:10,47:13,48:15,49:17,50:5
(105,(0)21)92	1.0413727859729764	2.0	3.0413727859729764	2.487384411154699e-07	1:25,2:3,3:7,4:8,5:2,6:1,7:4,8:2,9:3,10:2,11:3,12:5,13:5,14:7,15:3,16:4,17:5,18:3,19:5,20:2,21:7,22:5,23:5,24:7,25:8,26:6,27:6,28:2,29:4,30:6,31:6,32:5,33:4,34:8,35:4,36:4,37:4,38:1,39:3,40:8,41:7,42:2,43:3,44:4,45:3,46:4,48:4,49:3,50:2
((92)105,21)0	1.0913356495597493	2.0	3.091335649559749	1.9375366596180968e-07	1:21,2:6,3:5,4:1,5:4,6:6,7:3,8:4,9:4,10:3,11:3,12:2,13:4,14:6,15:10,16:3,17:5,18:4,19:2,20:6,21:2,22:6,23:4,24:5,25:2,26:3,27:4,28:4,29:3,30:6,31:4,32:5,33:3,34:1,35:1,36:4,37:7,38:7,39:5,40:5,41:4,42:3,43:9,44:2,45:5,46:1,47:3,48:3,49:4,50:3
((105,21)0)92	1.0915356495597492	2.0	3.0915356495597495	1.935600091403964e-07	1:14,2:3,3:4,4:1,5:4,6:3,7:4,8:4,9:4,10:5,11:3,12:3,13:6,14:4,15:5,16:1,17:7,18:2,19:2,20:4,21:5,22:4,23:3,24:4,25:3,26:2,27:6,28:4,29:4,31:2,32:4,33:1,34:5,35:3,36:4,37:7,38:1,39:1,40:2,41:2,42:5,43:4,45:4,46:4,47:2,48:5,49:3,50:3
((21,92)105)0	1.1825593887696013	2.0	3.1825593887696013	1.227891790197161e-07	1:9,2:4,3:5,4:6,5:3,6:3,7:1,8:5,9:3,10:3,11:3,12:2,13:2,14:3,15:3,16:2,17:3,18:1,19:4,20:2,21:2,22:6,23:2,24:4,25:4,27:2,28:4,29:3,30:5,31:1,32:3,33:4,34:4,36:3,37:6,38:2,39:4,40:4,41:2,42:3,43:2,44:6,45:2,46:6,47:4,48:2,50:5
(((92)0)21)105	0.1986911801285207	3.0	3.1986911801285207	1.1327403102154435e-07	1:4,2:61,3:55,4:69,5:48,6:59,7:73,8:70,9:79,10:67,11:73,12:78,13:54,14:55,15:62,16:61,17:64,18:67,19:77,20:76,21:88,22:75,23:65,24:69,25:69,26:56,27:69,28:59,29:67,30:63,31:52,32:73,33:81,34:63,35:54,36:70,37:59,38:73,39:88,40:66,41:57,42:64,43:61,44:56,45:59,46:49,47:70,48:63,49:66,50:67
((105)0,21)92	1.2091078568691112	2.0	3.209107856869111	1.0752534127747842e-07	1:17,2:7,3:5,4:4,5:3,6:2,7:7,8:5,9:4,10:7,11:7,12:5,13:6,14:3,15:6,16:3,17:8,18:6,19:3,20:4,21:4,22:3,23:4,24:3,25:4,26:7,27:6,28:6,29:3,30:8,31:8,32:4,33:1,34:1,35:5,36:2,37:4,38:3,39:3,40:3,41:6,42:9,43:3,44:4,45:4,46:4,47:6,48:6,49:5,50:5
((21)105,92)0	1.2109632157914623	2.0	3.2109632157914625	1.065324632541272e-07	1:21,2:7,3:5,4:4,5:6,6:3,7:2,8:1,9:4,10:2,11:5,12:3,13:2,14:3,15:7,16:3,17:3,18:8,19:2,20:8,21:3,22:8,23:5,24:6,25:4,26:4,27:7,28:3,29:4,30:5,31:4,32:7,33:8,34:4,35:6,36:2,37:2,38:7,39:3,40:8,41:4,42:4,43:4,44:10,45:4,46:5,47:1,48:5,49:2,50:6
(105,(21)92)0	1.2111632157914622	2.0	3.211163215791462	1.0642598403935398e-07	1:17,2:14,3:3,4:1,5:2,6:5,7:3,9:3,10:3,11:3,12:8,13:9,14:7,15:2,16:2,17:3,18:7,19:5,20:3,21:6,22:7,23:2,24:3,26:8,27:4,28:7,29:8,30:1,31:4,32:3,33:2,34:4,35:1,36:6,37:8,38:6,39:2,41:6,42:6,43:4,44:6,45:4,46:5,47:4,48:2,49:4,50:6
(0,(105)21)92	1.2424920403655635	2.0	3.2424920403655637	9.099509783480316e-08	1:17,2:3,3:6,4:7,5:6,6:5,7:1,8:3,9:1,10:7,11:3,12:3,13:1,14:3,15:3,16:3,17:3,18:3,19:4,20:5,21:5,22:2,23:3,24:9,25:3,26:2,27:4,28:6,29:7,30:4,32:5,33:4,34:4,35:2,36:5,37:5,38:6,39:3,40:3,41:5,43:2,44:3,45:5,46:9,47:9,48:3,49:3,50:6
(((21)105)92)0	0.39367854735739366	3.0	3.3936785473573936	4.272879718894434e-08	1:6,2:72,3:78,4:74,5:71,6:63,7:60,8:61,9:68,10:66,11:65,12:60,13:81,14:56,15:66,16:63,17:64,18:66,19:67,20:69,21:66,22:65,23:70,24:77,25:63,26:57,27:72,28:72,29:57,30:82,31:70,32:77,33:64,34:55,35:57,36:66,37:76,38:75,39:62,40:59,41:69,42:67,43:65,44:58,45:55,46:63,47:51,48:64,49:68,50:65
(((0)105)21)92	0.42708394207325245	3.0	3.4270839420732524	3.6156116301167005e-08	1:16,2:3,4:1,5:1,7:4,8:1,9:2,10:2,11:1,12:2,13:1,14:1,15:1,16:3,17:2,18:1,19:1,21:2,23:2,24:4,25:1,28:1,29:1,31:1,32:2,33:1,36:1,38:1,39:4,40:2,42:1,45:3,46:1,47:3,48:3,50:1
(((0)92)105)21	0.42708394207325245	3.0	3.4270839420732524	3.6156116301167005e-08	1:5,2:3,3:2,4:2,5:1,6:8,7:3,8:1,9:2,10:1,11:1,12:1,14:1,16:1,17:1,18:2,19:5,20:1,23:1,24:1,26:2,28:1,29:2,32:2,33:5,34:1,35:2,36:1,39:2,42:2,43:2,45:2,46:1,47:4,49:1,50:1
(((105)21)0)92	0.45628394207325246	3.0	3.4562839420732523	3.1244586418893275e-08	1:7,2:6,3:1,4:3,5:1,6:3,7:2,8:1,9:1,10:1,11:2,12:2,13:2,16:1,17:1,18:2,19:1,20:4,21:1,23:2,24:1,26:1,27:4,28:2,29:3,31:2,32:2,33:1,34:2,35:5,36:1,37:6,38:2,39:2,40:1,41:3,42:1,43:2,46:2,47:2,48:4,49:3,50:1
(((92)21)105)0	0.5832067695173555	3.0	3.5832067695173553	1.656400536137536e-08	1:5,2:2,3:3,4:2,5:4,6:2,7:1,8:4,9:3,10:4,11:2,12:3,13:4,14:1,15:2,16:4,17:8,18:1,20:3,21:1,22:1,23:5,24:5,25:3,27:1,28:6,29:3,30:2,31:2,32:5,33:4,34:3,35:2,36:3,37:4,38:1,39:3,40:2,41:1,42:1,43:1,44:1,45:3,46:2,47:2,48:1,49:2
(105,21,92)0	2.023384904065462	2.0	4.023384904065463	1.8337101459747329e-09	1:44,2:5,3:5,4:10,5:9,6:16,7:5,8:9,9:4,10:11,11:6,12:9,13:8,14:6,15:2,16:13,17:10,18:8,19:7,20:12,21:10,22:5,23:9,24:10,25:6,26:11,27:12,28:7,29:9,30:12,31:9,32:12,33:6,34:7,35:9,36:12,37:5,38:7,39:8,40:6,41:13,42:3,43:14,44:7,45:8,46:5,47:10,48:3,49:8,50:9
(0,(92)105)21	1.1099213755937851	3.0	4.109921375593785	1.189649777252552e-09	1:24,2:4,3:2,4:5,5:3,6:4,7:5,8:5,9:4,10:3,11:2,12:7,13:3,14:4,15:7,16:3,17:2,18:5,19:6,20:6,21:3,22:3,23:5,25:2,26:5,27:4,28:8,29:5,30:5,31:5,32:7,33:5,34:7,35:2,36:5,37:5,38:4,39:4,40:5,41:4,42:3,43:2,44:3,45:7,46:6,47:4,48:1,49:4,50:5
((0,105)21)92	1.110121375593785	3.0	4.110121375593785	1.1884607221019656e-09	1:15,2:2,3:5,4:8,5:6,6:5,7:7,8:8,9:2,10:7,11:6,12:7,13:4,14:4,15:4,16:5,17:4,18:3,19:6,20:4,21:5,22:3,23:6,24:1,25:7,26:3,27:1,28:6,29:6,30:2,31:5,32:5,33:5,34:1,35:6,36:5,37:5,38:8,39:7,40:2,41:2,42:6,43:4,44:4,45:4,46:5,47:6,48:5,49:5,50:2
((105,21)92)0	1.1462637528821233	3.0	4.146263752882123	9.919794104928708e-10	1:18,2:9,3:5,4:1,5:5,6:3,7:10,8:6,9:4,10:1,11:3,12:3,13:2,14:1,15:2,16:2,17:4,18:3,19:3,20:4,21:2,22:2,23:2,24:3,25:3,26:5,27:2,28:3,29:6,30:3,31:2,32:2,33:2,34:3,35:4,36:6,37:3,38:3,39:3,40:4,41:1,42:4,43:2,44:5,45:5,46:2,47:2,49:3,50:4
(21,(105)92)0	1.1781709405301384	3.0	4.178170940530139	8.457014600935822e-10	1:20,2:12,3:2,4:2,5:5,6:3,7:2,8:11,9:5,10:7,11:3,12:5,13:4,14:3,15:3,16:5,17:5,18:6,19:8,20:5,21:2,22:6,23:5,24:7,25:9,26:4,27:6,28:4,29:8,30:7,31:4,32:3,33:5,34:7,35:6,36:5,37:6,38:4,39:3,40:8,41:4,42:3,43:2,44:1,45:4,46:3,47:4,48:6,49:6,50:3
((0,92)105)21	1.2030500776396014	3.0	4.203050077639602	7.467800727016979e-10	1:12,2:5,3:3,4:4,5:2,6:9,7:5,8:6,9:6,10:4,11:4,12:7,13:6,14:6,15:6,16:8,17:2,18:4,19:5,20:4,21:7,22:2,23:2,24:6,25:2,26:4,27:4,28:5,29:4,30:8,31:6,32:5,33:7,34:5,35:5,36:6,37:3,38:4,39:6,40:6,41:8,42:6,43:6,44:6,45:5,46:4,47:8,48:6,49:5,50:2
((0)105,92)21	1.2246779617515782	3.0	4.224677961751578	6.702369503961275e-10	1:27,2:6,3:5,4:6,5:2,6:5,7:7,8:3,9:5,10:3,11:4,12:4,13:6,14:2,15:2,16:4,17:7,18:2,19:5,20:2,21:4,22:4,23:4,25:2,26:5,27:4,28:7,29:1,30:5,31:3,32:5,33:5,34:8,35:5,37:6,38:3,39:7,40:4,41:6,42:4,43:3,44:5,45:5,46:3,47:7,48:5,49:7,50:8
(105,(0)92)21	1.2248779617515781	3.0	4.224877961751578	6.695670484525276e-10	1:11,2:11,3:6,4:2,5:3,6:7,7:6,8:4,9:4,10:1,11:5,12:10,13:5,14:4,15:6,16:1,17:2,18:7,19:3,20:3,21:7,22:2,23:4,24:4,25:8,26:6,27:4,28:1,29:7,30:6,31:5,32:2,33:6,34:6,35:2,36:3,37:3,38:3,39:2,40:4,41:6,42:4,43:3,44:4,45:3,46:4,47:3,48:5,49:7,50:5
(105,(92)21)0	1.2810426605003047	3.0	4.2810426605003045	5.056313333033793e-10	1:23,2:4,3:5,4:2,5:5,6:3,7:2,8:3,9:6,10:2,11:5,12:5,13:2,14:4,15:4,16:9,17:4,18:6,19:3,20:4,21:2,22:5,23:5,24:4,25:6,26:3,27:2,28:1,29:3,30:2,31:2,32:3,34:6,35:3,36:4,37:2,38:4,40:5,41:1,42:11,43:7,44:3,45:6,46:5,47:1,48:6,49:3,50:5
((105)21,92)0	1.363167408764831	3.0	4.363167408764831	3.353531219750249e-10	1:23,2:5,3:12,4:4,5:4,6:1,7:6,8:4,9:7,10:4,11:2,12:3,13:3,14:5,15:2,16:7,17:9,18:3,19:3,20:1,21:2,22:8,23:6,24:2,25:3,26:7,28:4,29:3,30:2,31:6,32:3,33:2,34:3,35:3,36:7,37:3,38:3,39:5,40:3,41:1,42:4,43:4,44:3,45:5,46:5,47:3,48:4,49:4,50:6
(((0)105)92)21	0.4315944847791153	4.0	4.431594484779115	2.381852404209169e-10	1:6,2:4,3:3,4:8,5:4,6:10,7:3,8:5,9:7,10:8,11:10,12:5,13:4,14:6,15:6,16:3,17:6,18:10,19:8,20:2,21:7,22:8,23:6,24:11,25:3,26:4,27:1,28:3,29:5,30:7,31:2,32:1,33:9,34:6,35:8,36:2,37:3,38:4,39:3,40:5,42:7,43:5,44:5,45:6,46:10,47:2,48:7,49:8,50:4
(((105)0)21)92	0.44059986518648697	4.0	4.440599865186487	2.2769836442002074e-10	1:7,3:1,4:2,5:2,6:4,7:2,8:2,9:2,10:2,11:2,14:1,15:1,16:2,17:1,18:2,19:1,20:1,21:2,22:1,23:1,25:3,26:3,27:1,28:1,29:3,30:2,32:1,33:1,34:2,37:2,38:3,39:1,40:2,42:1,43:2,44:2,45:1,46:2,47:2,48:4,49:1,50:1
(((92)105)21)0	0.4560839420732525	4.0	4.456083942073253	2.1073499696342666e-10	1:4,2:2,4:4,5:1,6:2,9:1,11:1,14:1,15:1,16:4,17:2,19:4,20:3,21:1,22:2,24:1,27:2,28:2,30:3,31:1,32:1,33:1,34:2,35:2,36:2,38:1,39:2,40:3,41:3,42:1,43:1,44:2,45:1,46:1,49:2,50:3
(((92)0)105)21	0.5786750155920862	4.0	4.578675015592086	1.1416514471343685e-10	1:5,2:2,3:2,7:2,9:4,10:2,11:1,12:1,13:3,14:1,15:4,16:4,18:2,19:1,20:1,21:2,22:1,23:3,24:5,26:2,27:1,28:2,29:1,30:1,31:1,32:1,33:1,34:3,35:1,36:1,38:2,39:3,40:2,41:1,42:1,44:1,47:1,48:2,49:2,50:2
(((105)21)92)0	0.5788750155920862	4.0	4.578875015592086	1.1405103663227326e-10	1:6,2:8,3:3,4:3,5:8,6:6,7:5,8:4,9:3,10:2,11:7,12:7,13:4,14:5,15:7,16:11,17:10,18:7,19:4,20:3,21:7,22:8,23:9,24:3,25:10,26:10,27:5,28:3,29:4,30:4,31:10,32:3,33:2,34:4,35:9,36:11,37:7,38:4,39:10,40:7,41:9,42:3,43:4,44:7,45:8,46:4,47:4,48:6,49:4,50:5
(0,105,92)21	2.0364260728050017	3.0	5.036426072805002	1.1575499494381145e-11	1:46,2:15,3:10,4:8,5:7,6:7,7:11,8:8,9:10,10:6,11:8,12:3,13:3,14:8,15:4,16:5,17:3,18:5,19:8,20:2,21:13,22:7,23:7,24:10,25:9,26:9,27:8,28:12,29:7,30:8,31:12,32:6,33:10,34:7,35:10,36:3,37:11,38:10,39:6,40:6,41:5,42:10,43:6,44:6,45:3,46:3,47:8,48:9,49:3,50:5
(0,(105)92)21	1.1845748292220932	4.0	5.184574829222093	5.518725631725918e-12	1:21,2:5,3:4,4:4,5:3,6:3,7:2,8:5,9:2,10:4,11:5,12:4,13:4,14:2,15:4,16:4,17:5,18:5,19:4,20:3,21:4,22:1,23:5,24:3,25:5,26:5,27:1,28:4,29:4,30:3,31:4,32:4,33:1,34:9,35:5,36:2,37:4,38:11,39:4,40:4,41:5,42:2,43:6,44:8,45:5,46:2,47:5,48:6,49:3,50:8
((0,105)92)21	1.1879472976451142	4.0	5.187947297645114	5.426447193894954e-12	1:11,2:6,3:6,4:2,5:3,6:2,7:1,8:1,9:5,10:4,11:3,12:2,13:4,14:2,15:3,16:2,17:3,18:8,19:3,20:3,21:6,22:2,23:6,24:5,25:2,26:3,27:2,28:4,29:1,30:1,31:2,32:2,34:2,35:5,36:3,37:4,38:8,39:3,40:2,41:3,42:2,43:5,44:4,45:5,46:5,47:1,48:5,49:1,50:2
((105,92)21)0	1.253877961751578	4.0	5.253877961751578	3.902554376889758e-12	1:14,2:4,3:4,4:4,5:6,6:1,7:2,8:5,9:7,10:2,11:4,12:2,13:3,14:4,15:6,16:7,17:4,18:2,19:8,20:7,21:5,22:6,24:6,25:11,26:9,27:5,28:8,29:5,30:5,31:3,32:4,33:1,34:7,35:3,36:3,37:1,38:6,39:7,40:4,41:4,42:8,43:5,44:9,45:4,46:10,47:3,48:6,49:11,50:6
((92)0,105)21	1.2617124491126188	4.0	5.261712449112618	3.752637290875947e-12	1:18,2:4,3:4,4:4,5:3,6:5,7:2,8:2,9:4,10:3,11:5,12:3,13:7,14:5,15:2,16:4,17:3,18:6,19:4,20:3,21:4,22:5,23:2,24:3,25:3,26:3,27:3,28:2,29:1,30:3,31:7,32:2,33:5,34:7,35:6,36:2,37:5,38:7,39:2,40:8,41:6,42:5,44:3,45:3,46:4,47:8,48:1,49:2,50:1
((105)0,92)21	1.3361871139603334	4.0	5.336187113960333	2.5859308662239976e-12	1:15,2:7,3:5,4:3,5:3,6:3,7:3,8:8,9:6,10:4,11:9,12:7,13:3,14:8,15:3,16:4,17:7,18:3,19:4,20:2,21:1,22:4,23:4,24:6,25:3,26:8,27:1,28:2,29:7,30:8,31:5,32:3,33:4,34:3,35:2,36:2,37:10,38:7,39:9,40:3,41:3,42:11,43:5,44:3,45:3,46:1,47:2,48:2,49:7,50:3
(((92)105)0)21	0.440399865186487	5.0	5.440399865186487	1.5357544981173076e-12	1:6,2:2,4:1,5:3,6:1,7:3,8:4,9:2,11:3,13:2,14:4,16:2,17:2,18:4,19:3,21:2,22:2,23:2,24:4,25:1,26:1,27:3,28:1,29:2,30:2,31:2,32:3,33:3,34:1,35:5,36:5,37:4,38:3,39:6,40:3,41:3,42:1,43:4,44:3,45:2,46:4,47:3,49:1,50:3
(((105)92)21)0	0.4607944847791153	5.0	5.460794484779115	1.3868690050075747e-12	1:14,2:1,3:1,4:1,5:3,6:2,7:1,10:1,11:1,12:1,13:2,14:2,16:2,17:1,18:2,19:1,20:1,21:1,22:1,23:2,24:1,25:2,26:3,27:1,29:2,30:2,32:2,34:2,35:4,36:1,37:2,38:1,39:1,42:1,43:1,44:3,45:4,48:1,50:3
(((105)0)92)21	0.5834067695173555	5.0	5.583406769517356	7.512530511889056e-13	1:8,2:44,3:76,4:60,5:71,6:56,7:70,8:54,9:58,10:63,11:68,12:65,13:57,14:70,15:66,16:57,17:63,18:46,19:67,20:61,21:65,22:54,23:74,24:65,25:55,26:60,27:73,28:59,29:49,30:59,31:62,32:59,33:63,34:61,35:66,36:62,37:53,38:57,39:68,40:60,41:66,42:71,43:73,44:82,45:68,46:68,47:74,48:68,49:73,50:70
((105,92)0)21	1.2578633224011493	5.0	6.25786332240115	2.5776411297260334e-14	1:11,2:4,3:3,4:2,5:6,6:5,7:4,8:3,9:2,10:4,11:8,12:3,13:7,14:3,15:4,16:4,17:3,18:5,19:7,20:1,21:3,22:3,23:4,24:2,25:5,26:3,27:3,28:2,29:6,30:4,31:6,32:2,33:6,34:2,35:6,36:4,37:3,38:3,39:6,40:9,41:4,42:4,43:2,44:2,45:4,46:5,47:2,48:2,49:5,50:3
(((105)92)0)21	0.44057865396708057	6.0	6.440578653967081	1.0338586163657276e-14	1:6,2:3,3:2,4:1,6:1,8:1,9:3,10:4,11:3,12:2,14:2,15:3,16:2,17:2,18:2,19:3,20:2,21:2,23:2,25:1,27:1,29:3,31:1,32:1,33:1,35:1,36:3,37:2,39:3,41:4,42:1,43:6,44:1,45:2,47:1,49:2,50:2
