# generation count = 50 
#
generation.index	generationHighestFitness	generationMedianFitness	populationHighestFitness	populationMedianFitness
1	0.8632939774163195	1.0642598403935398e-07	0.8632939774163195	1.0642598403935398e-07
2	0.8632939774163195	0.001737275201733753	0.8632939774163195	6.562098212019319e-07
3	0.8632939774163195	0.001737275201733753	0.8632939774163195	4.4081989491149993e-05
4	0.8632939774163195	0.003151252243274759	0.8632939774163195	5.7222868186674626e-05
5	0.8632939774163195	0.003151252243274759	0.8632939774163195	6.91676521651218e-05
6	0.8632939774163195	0.001737275201733753	0.8632939774163195	0.00010310128699800442
7	0.8632939774163195	0.001737275201733753	0.8632939774163195	0.0002902420176444203
8	0.8632939774163195	0.002444263722504256	0.8632939774163195	0.001737275201733753
9	0.8632939774163195	0.003151252243274759	0.8632939774163195	0.001737275201733753
10	0.8632939774163195	0.001737275201733753	0.8632939774163195	0.001737275201733753
11	0.8632939774163195	0.003151252243274759	0.8632939774163195	0.001737275201733753
12	0.8632939774163195	0.001737275201733753	0.8632939774163195	0.001737275201733753
13	0.8632939774163195	0.003151252243274759	0.8632939774163195	0.001737275201733753
14	0.8632939774163195	0.003151252243274759	0.8632939774163195	0.001737275201733753
15	0.8632939774163195	0.003151252243274759	0.8632939774163195	0.001737275201733753
16	0.8632939774163195	0.001737275201733753	0.8632939774163195	0.001737275201733753
17	0.8632939774163195	0.001737275201733753	0.8632939774163195	0.001737275201733753
18	0.8632939774163195	0.001737275201733753	0.8632939774163195	0.001737275201733753
19	0.8632939774163195	0.003151252243274759	0.8632939774163195	0.001737275201733753
20	0.8632939774163195	0.001737275201733753	0.8632939774163195	0.001737275201733753
21	0.8632939774163195	0.001737275201733753	0.8632939774163195	0.001737275201733753
22	0.8632939774163195	0.001737275201733753	0.8632939774163195	0.001737275201733753
23	0.8632939774163195	0.001737275201733753	0.8632939774163195	0.001737275201733753
24	0.8632939774163195	0.001737275201733753	0.8632939774163195	0.001737275201733753
25	0.8632939774163195	0.001737275201733753	0.8632939774163195	0.001737275201733753
26	0.8632939774163195	0.001737275201733753	0.8632939774163195	0.001737275201733753
27	0.8632939774163195	0.003151252243274759	0.8632939774163195	0.001737275201733753
28	0.8632939774163195	0.001737275201733753	0.8632939774163195	0.001737275201733753
29	0.8632939774163195	0.003151252243274759	0.8632939774163195	0.001737275201733753
30	0.8632939774163195	0.003151252243274759	0.8632939774163195	0.001737275201733753
31	0.8632939774163195	0.003151252243274759	0.8632939774163195	0.001737275201733753
32	0.8632939774163195	0.001737275201733753	0.8632939774163195	0.001737275201733753
33	0.8632939774163195	0.001737275201733753	0.8632939774163195	0.001737275201733753
34	0.8632939774163195	0.003151252243274759	0.8632939774163195	0.001737275201733753
35	0.8632939774163195	0.001737275201733753	0.8632939774163195	0.001737275201733753
36	0.8632939774163195	0.001737275201733753	0.8632939774163195	0.001737275201733753
37	0.8632939774163195	0.001737275201733753	0.8632939774163195	0.001737275201733753
38	0.8632939774163195	0.001737275201733753	0.8632939774163195	0.001737275201733753
39	0.8632939774163195	0.003151252243274759	0.8632939774163195	0.001737275201733753
40	0.8632939774163195	0.001737275201733753	0.8632939774163195	0.001737275201733753
41	0.8632939774163195	0.001737275201733753	0.8632939774163195	0.001737275201733753
42	0.8632939774163195	0.003151252243274759	0.8632939774163195	0.001737275201733753
43	0.8632939774163195	0.003151252243274759	0.8632939774163195	0.001737275201733753
44	0.8632939774163195	0.003151252243274759	0.8632939774163195	0.001737275201733753
45	0.8632939774163195	0.003151252243274759	0.8632939774163195	0.001737275201733753
46	0.8632939774163195	0.003151252243274759	0.8632939774163195	0.001737275201733753
47	0.8632939774163195	0.003151252243274759	0.8632939774163195	0.001737275201733753
48	0.8632939774163195	0.002444263722504256	0.8632939774163195	0.001737275201733753
49	0.8632939774163195	0.003151252243274759	0.8632939774163195	0.001737275201733753
50	0.8632939774163195	0.003151252243274759	0.8632939774163195	0.001737275201733753
############################################################
Topology	MassCost	TopologyCost	Cost	Fitness	appearances(generationID:count)
(((21)0)92)105	0.02939999999999998	0.0	0.02939999999999998	0.8632939774163195	1:13,2:178,3:187,4:193,5:212,6:199,7:180,8:181,9:214,10:191,11:193,12:172,13:197,14:225,15:187,16:182,17:210,18:189,19:206,20:203,21:190,22:210,23:186,24:176,25:204,26:192,27:198,28:175,29:202,30:223,31:209,32:199,33:203,34:223,35:212,36:196,37:187,38:201,39:197,40:200,41:194,42:203,43:185,44:198,45:222,46:223,47:188,48:204,49:221,50:217
(0,(21)92)105	0.7763661355663489	0.0	0.7763661355663489	0.02061305475713325	1:20,2:18,3:14,4:4,5:4,6:9,7:7,8:6,9:7,10:16,11:7,12:14,13:5,14:8,15:11,16:12,17:10,18:7,19:6,20:7,21:13,22:7,23:6,24:6,25:12,26:11,27:4,28:9,29:12,30:10,31:7,32:8,33:10,34:10,35:8,36:10,37:6,38:15,39:7,40:5,41:7,42:9,43:10,44:2,45:6,46:6,47:8,48:7,49:10,50:13
(21,(0)92)105	0.7892596301928011	0.0	0.7892596301928011	0.019326111867734825	1:22,2:55,3:60,4:60,5:50,6:44,7:59,8:44,9:53,10:43,11:49,12:51,13:53,14:37,15:54,16:46,17:37,18:58,19:50,20:45,21:49,22:51,23:38,24:57,25:43,26:43,27:56,28:59,29:54,30:50,31:30,32:45,33:39,34:50,35:54,36:42,37:46,38:39,39:48,40:39,41:45,42:45,43:46,44:49,45:37,46:39,47:49,48:50,49:47,50:51
((21)0,92)105	0.805366135566349	0.0	0.805366135566349	0.01783075189403267	1:22,2:63,3:38,4:44,5:54,6:44,7:57,8:57,9:50,10:52,11:42,12:41,13:54,14:46,15:52,16:37,17:53,18:43,19:34,20:39,21:46,22:50,23:56,24:35,25:43,26:50,27:58,28:52,29:44,30:42,31:51,32:65,33:55,34:47,35:37,36:44,37:39,38:51,39:56,40:50,41:52,42:46,43:54,44:53,45:55,46:54,47:51,48:43,49:46,50:45
((0,21)92)105	0.815608098292311	0.0	0.815608098292311	0.016940628456802925	1:17,2:55,3:43,4:49,5:47,6:45,7:60,8:63,9:38,10:52,11:60,12:63,13:35,14:59,15:60,16:58,17:39,18:52,19:54,20:41,21:45,22:45,23:44,24:50,25:50,26:49,27:48,28:41,29:55,30:54,31:70,32:49,33:54,34:50,35:46,36:54,37:48,38:56,39:68,40:52,41:37,42:61,43:50,44:42,45:61,46:53,47:63,48:57,49:46,50:56
(((0)21)92)105	0.04710010660968691	1.0	1.047100106609687	0.005324158899285251	1:4,2:64,3:59,4:94,5:85,6:90,7:81,8:71,9:88,10:72,11:96,12:80,13:97,14:96,15:86,16:86,17:72,18:69,19:87,20:86,21:85,22:70,23:80,24:80,25:60,26:73,27:70,28:76,29:76,30:81,31:78,32:75,33:66,34:66,35:82,36:78,37:79,38:80,39:78,40:86,41:84,42:71,43:81,44:89,45:72,46:68,47:84,48:78,49:79,50:85
(((21)92)0)105	0.15199107351883373	1.0	1.1519910735188337	0.003151252243274759	1:5,2:58,3:75,4:67,5:55,6:63,7:52,8:78,9:58,10:73,11:58,12:57,13:63,14:61,15:67,16:75,17:72,18:64,19:76,20:70,21:63,22:51,23:69,24:74,25:62,26:63,27:74,28:75,29:59,30:50,31:58,32:52,33:60,34:79,35:54,36:65,37:77,38:56,39:70,40:61,41:68,42:70,43:80,44:68,45:54,46:63,47:60,48:61,49:68,50:68
(((21)0)105)92	0.2710874738385599	1.0	1.27108747383856	0.001737275201733753	1:5,2:62,3:72,4:54,5:70,6:70,7:62,8:49,9:59,10:71,11:55,12:85,13:70,14:58,15:57,16:60,17:58,18:74,19:70,20:68,21:68,22:58,23:59,24:65,25:71,26:59,27:64,28:64,29:56,30:47,31:63,32:76,33:72,34:54,35:67,36:61,37:71,38:73,39:56,40:67,41:62,42:66,43:56,44:76,45:59,46:73,47:74,48:65,49:68,50:67
(0,21,92)105	1.628959087884039	0.0	1.628959087884039	0.0002902420176444203	1:43,2:8,3:10,4:5,5:8,6:10,7:5,8:10,9:13,10:5,11:12,12:6,13:7,14:6,15:5,16:6,17:8,18:11,19:11,20:4,21:13,22:7,23:11,24:12,25:5,26:9,27:8,28:16,29:8,30:13,31:4,32:9,33:8,34:3,35:9,36:17,37:8,38:8,39:8,40:6,41:11,42:9,43:12,44:11,45:10,46:13,47:9,48:9,49:10,50:8
((0)21,92)105	0.835959736802488	1.0	1.835959736802488	0.00010310128699800442	1:23,2:12,3:10,4:5,5:7,6:7,7:15,8:7,9:5,10:8,11:10,12:17,13:12,14:9,15:7,16:8,17:8,18:9,19:5,20:5,21:8,22:7,23:6,24:8,25:18,26:12,27:11,28:11,29:13,30:10,31:8,32:6,33:4,34:11,35:10,36:8,37:8,38:12,39:8,40:7,41:13,42:7,43:10,44:8,45:7,46:12,47:9,48:11,49:16,50:10
((92)0,21)105	0.9157954517785398	1.0	1.9157954517785398	6.91676521651218e-05	1:21,2:11,3:8,4:6,5:9,6:6,7:6,8:6,9:9,10:5,11:5,12:5,13:4,14:10,15:8,16:7,17:6,18:5,19:5,20:8,21:7,22:8,23:9,24:4,25:4,26:3,27:3,28:8,29:8,30:7,31:9,32:6,33:5,34:6,35:1,36:11,37:7,38:8,39:9,40:4,41:4,42:8,43:3,44:8,45:4,46:5,47:7,48:10,49:7,50:6
((21,92)0)105	0.9362834666915784	1.0	1.9362834666915782	6.243295272369002e-05	1:11,2:16,3:11,4:5,5:9,6:10,7:3,8:9,9:8,10:10,11:11,12:10,13:13,14:11,15:11,16:10,17:4,18:10,19:9,20:9,21:11,22:8,23:9,24:11,25:15,26:11,27:7,28:13,29:9,30:9,31:13,32:13,33:8,34:10,35:9,36:8,37:11,38:6,39:11,40:15,41:6,42:9,43:13,44:8,45:4,46:8,47:12,48:8,49:3,50:8
(0,(92)21)105	0.9537113892002613	1.0	1.9537113892002613	5.7222868186674626e-05	1:25,2:10,3:4,4:8,5:8,6:8,7:6,8:4,9:7,10:4,11:3,12:8,13:8,14:3,15:6,16:5,17:4,18:5,19:3,20:10,21:10,22:8,23:7,24:8,25:6,26:6,27:9,28:7,29:8,30:7,31:8,32:10,33:9,34:6,35:8,36:3,37:8,38:6,39:6,40:7,41:9,42:9,43:4,44:5,45:4,46:4,47:5,48:6,49:7,50:3
((0)105,21)92	0.9944726793632895	1.0	1.9944726793632896	4.667212825588051e-05	1:20,2:13,3:5,4:3,5:5,6:4,7:5,8:7,9:3,10:3,11:4,12:4,13:6,14:6,15:6,16:6,17:3,18:6,19:2,20:7,21:5,22:6,23:7,24:4,25:5,26:3,27:5,28:3,29:5,30:4,31:7,32:3,33:4,34:3,35:7,36:4,37:7,38:5,39:3,40:5,41:5,42:4,43:2,44:6,45:8,46:1,48:3,49:3,50:4
(0,(21)105)92	0.9982402867045589	1.0	1.9982402867045588	4.5801146540468254e-05	1:18,3:4,4:3,5:8,6:5,7:5,8:5,9:7,10:5,11:3,12:4,13:1,14:2,15:6,16:3,17:6,18:7,19:3,20:5,21:5,22:3,23:9,24:3,25:6,26:2,27:7,28:6,29:4,30:2,31:4,32:6,33:4,35:2,36:9,37:1,38:2,39:7,40:3,41:5,42:7,43:4,44:1,45:6,46:4,47:3,48:2,49:5,50:3
((0,21)105)92	1.0058918520982658	1.0	2.005891852098266	4.4081989491149993e-05	1:12,2:2,3:4,4:6,5:2,6:1,7:1,8:5,9:3,10:4,11:4,12:3,13:3,15:4,16:4,17:3,18:2,19:1,20:2,21:5,22:7,23:4,24:2,25:2,26:2,27:3,28:2,29:1,30:2,31:4,32:4,33:3,34:3,35:5,36:3,37:3,38:3,39:3,40:4,41:3,42:1,43:2,44:6,45:5,46:3,47:4,48:5,49:1,50:2
((21)0,105)92	1.027440286704559	1.0	2.027440286704559	3.957941359763419e-05	1:13,2:6,3:4,4:2,5:4,6:3,7:2,8:8,9:6,10:5,12:9,13:6,14:2,15:4,16:4,17:5,18:1,19:5,20:7,21:7,22:7,23:5,24:6,25:3,26:5,27:4,28:5,29:5,30:3,31:4,32:5,33:4,34:4,35:3,36:5,37:8,38:6,39:4,40:5,41:4,42:5,43:2,44:5,45:5,46:4,47:4,48:9,49:3,50:5
(((0)92)21)105	0.18990701094055534	2.0	2.1899070109405554	1.7566180715837183e-05	1:8,2:8,3:6,4:6,5:7,6:5,7:5,8:7,9:7,10:5,11:6,12:7,13:9,14:7,15:3,16:6,17:5,18:3,19:9,20:7,21:6,22:8,23:8,24:7,25:2,26:4,27:1,28:9,29:11,30:5,31:6,32:7,33:6,34:2,35:8,36:7,37:6,38:11,39:5,40:5,41:5,42:8,43:6,44:4,45:11,46:4,47:4,48:6,49:7,50:11
(((92)21)0)105	0.21890701094055537	2.0	2.2189070109405553	1.5195137924011168e-05	1:4,2:7,3:6,4:12,5:8,6:12,7:14,8:8,9:8,10:5,11:7,12:2,13:10,14:5,15:6,16:11,17:6,18:10,19:4,20:12,21:11,22:9,23:10,24:10,25:6,26:6,27:16,28:11,29:17,30:10,31:7,32:12,33:8,34:12,35:7,36:11,37:12,38:4,39:6,40:5,41:7,42:9,43:5,44:5,45:7,46:7,47:11,48:4,49:5,50:7
(((0)21)105)92	0.2887875804482468	2.0	2.288787580448247	1.0714228834887147e-05	1:8,2:4,3:8,4:6,5:4,6:7,7:6,8:3,9:6,10:6,11:9,12:2,13:3,14:3,15:5,16:7,17:4,18:4,19:5,20:5,21:8,22:4,23:4,24:6,25:9,26:8,27:2,28:6,29:5,30:6,31:8,32:3,33:8,34:2,35:7,36:8,37:3,38:3,39:5,40:7,41:6,42:3,43:5,44:5,45:11,46:3,47:3,48:6,49:3,50:5
(((21)92)105)0	0.39369975857680006	2.0	2.3936997585768003	6.340843254715185e-06	1:5,2:1,3:3,5:3,6:1,7:1,10:2,11:1,12:1,14:1,15:2,16:4,18:3,19:1,20:1,21:2,22:2,23:1,25:2,29:1,30:1,31:1,33:1,34:1,35:4,36:2,37:2,39:2,40:2,42:2,43:4,44:2,45:1,46:1,48:2,49:1,50:2
(((21)105)0)92	0.39369975857680006	2.0	2.3936997585768003	6.340843254715185e-06	1:7,3:1,4:1,5:2,6:2,7:2,8:1,9:4,10:2,11:2,12:2,13:2,14:1,15:3,16:5,18:1,19:2,20:2,23:1,24:1,25:1,26:1,27:3,29:2,30:2,31:1,32:1,33:1,34:1,35:2,37:1,38:5,39:1,40:2,41:2,42:1,43:4,44:1,45:3,46:2,47:3,49:3,50:1
(0,105,21)92	1.8473570499500092	1.0	2.847357049950009	6.562098212019319e-07	1:46,2:5,3:8,4:12,5:8,6:6,7:17,8:7,9:12,10:8,11:10,12:5,13:6,14:12,15:8,16:8,17:8,18:13,19:10,20:8,21:8,22:12,23:12,24:7,25:10,26:7,27:6,28:8,29:8,30:7,31:10,32:4,33:7,34:8,35:9,36:8,37:12,38:3,39:8,40:7,41:9,42:10,43:10,44:7,45:11,46:10,47:14,48:7,49:11,50:8
((0,92)21)105	0.9426873553835333	2.0	2.9426873553835335	4.074136710399349e-07	1:15,2:10,3:14,4:12,5:10,6:15,7:18,8:17,9:10,10:18,11:12,12:10,13:11,14:8,15:8,16:7,17:14,18:10,19:12,20:12,21:14,22:17,23:11,24:14,25:4,26:17,27:14,28:7,29:8,30:13,31:14,32:9,33:10,34:14,35:13,36:13,37:13,38:15,39:10,40:16,41:10,42:15,43:13,44:14,45:12,46:10,47:12,48:11,49:10,50:8
(105,(0)21)92	1.0413727859729764	2.0	3.0413727859729764	2.487384411154699e-07	1:20,2:6,3:2,4:8,5:1,6:3,7:4,8:5,9:1,10:4,11:3,12:3,13:2,14:1,15:4,16:8,17:9,18:1,19:5,20:2,21:3,22:2,23:3,24:3,25:6,26:5,27:4,28:7,29:5,30:3,31:3,32:5,34:3,35:4,36:2,37:6,38:9,39:3,40:9,41:3,42:3,43:3,44:6,45:2,46:6,47:10,48:2,49:1,50:5
((92)105,21)0	1.0913356495597493	2.0	3.091335649559749	1.9375366596180968e-07	1:16,2:6,3:11,4:4,5:9,7:1,8:6,9:3,10:4,11:8,12:3,13:4,14:6,15:4,16:6,17:6,18:5,19:5,20:8,21:4,22:1,23:3,24:8,25:5,26:2,27:5,28:4,29:9,30:5,31:4,32:4,33:3,34:2,35:4,36:5,37:5,38:4,39:4,40:5,41:3,42:1,43:8,44:5,45:7,46:6,47:4,48:2,49:3,50:2
((105,21)0)92	1.0915356495597492	2.0	3.0915356495597495	1.935600091403964e-07	1:9,2:3,3:7,4:5,5:1,6:6,7:2,8:2,9:8,10:4,11:1,12:4,13:3,14:2,15:3,16:4,17:2,18:6,19:6,20:1,21:3,22:6,23:3,24:5,25:2,26:4,27:5,28:1,29:3,30:6,31:3,32:5,33:7,34:8,35:3,36:4,37:4,38:3,39:4,40:5,41:3,42:4,43:2,44:7,45:2,46:8,47:3,48:2,49:4,50:2
((21,92)105)0	1.1825593887696013	2.0	3.1825593887696013	1.227891790197161e-07	1:14,2:5,3:5,4:8,5:1,6:8,7:2,8:5,9:4,10:6,11:5,12:5,13:3,14:3,15:3,16:2,17:4,18:3,19:5,20:4,21:2,22:2,23:5,24:5,25:5,26:6,27:3,28:4,29:4,30:4,31:3,32:4,33:10,34:5,35:6,36:2,37:5,38:2,39:10,40:2,41:13,42:5,43:3,44:4,45:2,46:4,47:8,48:5,49:3,50:3
(((92)0)21)105	0.1986911801285207	3.0	3.1986911801285207	1.1327403102154435e-07	1:11,2:48,3:68,4:66,5:57,6:68,7:72,8:59,9:50,10:56,11:56,12:74,13:57,14:67,15:58,16:67,17:63,18:68,19:61,20:63,21:60,22:83,23:81,24:66,25:81,26:73,27:66,28:62,29:61,30:56,31:61,32:52,33:63,34:65,35:50,36:70,37:58,38:74,39:65,40:62,41:70,42:63,43:65,44:58,45:59,46:63,47:49,48:78,49:56,50:58
((105)0,21)92	1.2091078568691112	2.0	3.209107856869111	1.0752534127747842e-07	1:20,2:1,3:2,4:4,5:3,6:3,7:2,8:8,9:4,10:1,11:4,12:2,13:4,14:5,15:5,16:3,17:2,18:4,19:2,20:4,21:3,22:4,23:6,24:5,25:7,26:5,27:1,28:3,29:3,30:8,31:5,32:4,33:5,34:8,35:4,36:5,37:2,38:7,39:2,40:2,41:7,42:4,43:6,44:6,45:2,46:4,48:4,49:6,50:5
((21)105,92)0	1.2109632157914623	2.0	3.2109632157914625	1.065324632541272e-07	1:19,2:10,3:5,4:2,5:4,6:5,7:4,8:5,9:4,10:4,11:7,12:4,13:5,14:5,15:4,16:3,17:6,18:7,19:4,20:4,21:3,22:4,23:4,24:8,25:8,26:2,27:5,28:6,29:4,30:6,31:3,32:4,33:8,34:6,35:5,36:5,37:2,38:7,39:6,40:6,41:4,43:3,44:6,45:3,46:5,47:3,48:3,49:5,50:4
(105,(21)92)0	1.2111632157914622	2.0	3.211163215791462	1.0642598403935398e-07	1:23,2:6,3:8,4:8,5:6,6:7,7:2,8:4,9:4,10:4,11:4,12:6,13:2,14:5,15:2,16:4,17:2,18:2,19:6,20:5,21:5,22:6,23:3,24:3,25:5,26:8,28:1,29:3,30:4,31:3,32:5,33:4,34:5,35:7,36:6,37:1,38:1,39:4,40:2,41:4,42:3,43:7,44:3,45:8,46:3,47:5,48:5,49:3,50:3
(0,(105)21)92	1.2424920403655635	2.0	3.2424920403655637	9.099509783480316e-08	1:16,2:4,3:6,4:4,5:3,6:6,7:3,8:2,9:5,10:1,11:2,12:7,13:4,14:6,15:4,16:4,17:4,18:5,19:6,20:5,21:5,22:8,23:4,24:3,25:1,26:2,27:7,28:5,29:4,30:4,31:6,32:4,33:2,34:7,35:5,36:5,37:2,38:5,39:3,40:3,41:7,42:5,43:7,44:7,45:3,46:2,47:2,48:3,49:8,50:4
(((21)105)92)0	0.39367854735739366	3.0	3.3936785473573936	4.272879718894434e-08	1:12,2:55,3:65,4:55,5:62,6:57,7:62,8:69,9:66,10:63,11:67,12:78,13:65,14:57,15:72,16:63,17:73,18:66,19:63,20:59,21:71,22:71,23:64,24:62,25:64,26:56,27:61,28:72,29:64,30:65,31:66,32:72,33:58,34:65,35:62,36:66,37:65,38:59,39:57,40:63,41:68,42:68,43:58,44:72,45:75,46:56,47:63,48:56,49:47,50:64
(((0)105)21)92	0.42708394207325245	3.0	3.4270839420732524	3.6156116301167005e-08	1:7,2:1,3:1,5:1,7:1,8:2,10:1,13:2,15:3,16:3,17:2,18:2,20:1,21:1,22:3,23:1,24:1,25:2,26:1,27:3,28:1,29:1,31:1,33:2,37:1,38:2,40:3,41:1,42:1,43:2,44:1,46:1,47:2,48:2,49:1,50:1
(((0)92)105)21	0.42708394207325245	3.0	3.4270839420732524	3.6156116301167005e-08	1:5,2:2,4:1,6:2,7:2,8:4,9:2,10:2,11:1,12:2,14:2,17:1,19:1,20:3,21:1,22:3,24:1,25:3,26:1,27:2,28:1,29:2,32:1,33:3,34:3,35:2,36:2,38:2,39:2,41:2,43:1,45:2,47:2,48:1,49:2,50:3
(((105)21)0)92	0.45628394207325246	3.0	3.4562839420732523	3.1244586418893275e-08	1:5,2:2,3:5,4:3,5:4,7:4,8:4,9:1,10:3,11:3,12:2,13:2,14:1,15:2,16:2,17:4,18:3,19:1,20:6,21:1,22:2,23:2,24:2,25:3,26:2,27:3,28:1,29:3,31:1,32:5,33:3,34:4,35:2,36:2,37:2,38:2,39:5,40:2,43:2,44:3,45:1,46:4,48:3,49:4,50:5
(((92)21)105)0	0.5832067695173555	3.0	3.5832067695173553	1.656400536137536e-08	1:11,3:2,4:3,5:1,6:6,7:3,8:1,9:2,10:1,11:2,12:3,13:1,14:2,15:2,16:6,17:2,19:2,20:3,21:2,22:1,23:2,24:4,25:2,26:1,27:2,28:1,30:1,31:3,32:2,33:4,34:3,35:4,37:2,38:2,40:2,41:2,42:2,43:1,44:1,45:4,46:3,47:2,48:2,49:5,50:4
(105,21,92)0	2.0233849040654626	2.0	4.023384904065463	1.8337101459747329e-09	1:47,2:8,3:8,4:7,5:16,6:10,7:6,8:4,9:3,10:15,11:8,12:6,13:11,14:14,15:10,16:6,17:7,18:14,19:11,20:12,21:9,22:8,23:12,24:5,25:5,26:8,27:9,28:6,29:12,30:9,31:7,32:3,33:11,34:7,35:10,36:5,37:13,38:6,39:8,40:8,41:7,42:6,43:10,44:9,45:11,46:5,47:7,48:8,49:9,50:5
(0,(92)105)21	1.1099213755937851	3.0	4.109921375593785	1.189649777252552e-09	1:17,2:7,3:4,4:5,5:4,6:2,7:7,8:8,9:5,10:4,11:2,12:5,13:5,14:5,15:5,16:3,17:2,18:1,19:4,20:3,21:3,23:1,24:6,25:6,26:8,27:3,28:8,29:6,30:2,31:3,32:5,33:8,34:3,35:5,36:7,37:3,38:2,39:6,40:7,41:3,42:4,43:8,44:4,45:4,47:5,48:7,49:2,50:6
((0,105)21)92	1.110121375593785	3.0	4.110121375593785	1.1884607221019656e-09	1:8,2:8,3:5,4:5,5:8,7:4,8:4,9:4,10:5,11:5,12:5,13:3,14:4,15:10,16:5,17:5,18:3,19:10,20:2,21:6,22:3,23:6,24:6,25:3,26:4,27:3,28:5,29:4,30:3,31:7,32:1,33:6,34:5,35:3,37:8,38:5,39:3,40:9,41:9,42:4,43:5,44:1,45:6,46:4,47:2,48:3,49:4,50:6
((105,21)92)0	1.1462637528821233	3.0	4.146263752882123	9.919794104928708e-10	1:16,2:6,3:2,4:6,5:4,6:4,7:4,8:4,9:5,10:2,11:5,12:2,13:6,14:5,15:4,16:6,17:5,18:4,19:1,20:4,21:2,22:6,23:2,24:3,25:3,26:6,27:4,28:2,29:1,31:5,32:7,33:2,34:4,35:4,36:5,37:4,38:4,39:2,40:1,41:1,42:3,43:6,44:2,45:4,46:3,47:1,48:2,49:3,50:5
(21,(105)92)0	1.1781709405301384	3.0	4.178170940530139	8.457014600935822e-10	1:32,2:9,3:3,4:3,5:4,6:4,7:6,8:5,9:2,10:4,11:4,12:3,13:3,14:3,15:7,16:10,17:8,18:4,19:9,20:8,21:9,22:4,23:3,24:7,25:6,26:7,27:3,28:4,29:2,30:3,31:3,32:3,33:4,34:5,35:6,36:6,37:2,38:6,39:2,40:4,41:5,42:2,43:6,44:5,45:7,46:3,47:1,48:5,49:7,50:4
((0,92)105)21	1.2030500776396014	3.0	4.203050077639602	7.467800727016979e-10	1:14,2:5,3:7,4:9,5:5,6:6,7:4,8:7,9:5,10:7,11:3,12:5,13:2,14:2,15:6,16:2,17:7,18:1,19:3,20:2,21:7,22:6,23:5,24:10,25:5,26:8,27:6,28:3,29:1,30:6,31:3,32:6,33:6,34:5,35:3,36:6,37:3,38:3,39:4,40:2,41:11,42:2,43:5,44:7,45:3,46:5,47:3,48:3,49:6,50:3
((0)105,92)21	1.2246779617515782	3.0	4.224677961751578	6.702369503961275e-10	1:16,2:2,3:2,4:4,5:8,6:7,7:4,8:6,9:3,10:1,11:2,12:3,13:2,14:7,15:3,16:5,17:3,18:4,19:4,20:4,21:3,22:4,23:5,24:5,25:7,26:4,27:3,28:7,29:4,30:5,31:7,32:4,33:8,34:4,35:2,36:2,37:3,38:2,39:6,40:5,41:5,42:4,43:9,44:2,45:6,46:2,47:4,48:4,49:6,50:3
(105,(0)92)21	1.2248779617515781	3.0	4.224877961751578	6.695670484525276e-10	1:24,2:8,3:3,4:5,5:4,6:6,7:7,8:4,9:5,10:5,11:5,12:3,13:3,14:5,15:6,16:6,17:6,18:6,19:4,20:7,21:1,22:8,23:1,24:3,25:6,26:9,27:4,28:2,29:6,30:3,31:4,32:2,33:4,34:8,35:5,36:4,37:8,38:4,39:4,40:4,41:7,42:7,43:6,44:2,45:2,46:6,47:6,48:4,49:7,50:4
(105,(92)21)0	1.2810426605003047	3.0	4.2810426605003045	5.056313333033793e-10	1:31,2:3,3:5,4:2,5:2,6:3,7:4,9:4,10:6,11:7,12:6,13:5,14:2,15:3,16:2,17:5,18:8,19:3,20:3,21:4,22:1,23:2,24:4,25:2,26:3,28:4,29:4,30:6,31:4,32:7,33:6,35:6,36:6,37:5,38:1,39:2,40:3,41:3,42:3,43:2,44:8,45:5,46:7,47:7,48:6,49:7,50:6
((105)21,92)0	1.363167408764831	3.0	4.363167408764831	3.353531219750249e-10	1:18,2:6,3:2,4:3,5:3,6:4,7:2,8:7,9:2,10:1,11:4,12:2,13:5,14:1,15:7,16:5,17:6,18:3,19:4,20:4,21:4,22:5,23:3,24:1,25:8,26:5,27:2,29:5,30:3,31:2,32:6,33:3,34:4,35:4,36:1,37:5,38:4,39:1,40:2,41:1,42:7,43:2,44:5,45:5,46:5,47:8,48:1,49:3,50:4
(((0)105)92)21	0.4315944847791153	4.0	4.431594484779115	2.381852404209169e-10	1:4,2:6,3:2,5:3,6:7,7:4,9:5,10:4,11:6,12:2,13:4,14:6,15:4,16:7,17:5,18:9,19:5,20:8,21:8,22:3,23:2,24:7,25:2,26:3,27:7,28:5,29:4,30:6,31:5,32:7,33:2,34:8,35:6,36:5,37:3,38:4,39:3,40:6,41:3,42:9,43:7,44:2,45:7,46:8,47:2,48:5,49:2,50:2
(((105)0)21)92	0.44059986518648697	4.0	4.440599865186487	2.2769836442002074e-10	1:6,2:1,3:2,4:2,6:1,7:2,8:2,9:3,10:4,11:1,13:2,16:2,18:2,19:3,20:2,22:2,23:3,24:3,25:2,26:1,27:4,28:2,29:1,30:2,31:1,32:5,34:1,35:2,36:2,37:1,39:1,40:2,41:2,42:3,43:1,45:2,46:1,47:2,48:4,49:1,50:1
(((92)105)21)0	0.4560839420732525	4.0	4.456083942073253	2.1073499696342666e-10	1:4,2:2,3:1,4:1,5:1,8:1,9:1,10:5,11:1,12:3,13:3,14:2,15:1,17:3,18:2,19:1,21:2,22:1,23:3,25:1,26:1,27:3,29:2,32:1,33:2,34:6,35:1,37:5,38:1,39:2,40:2,41:1,42:2,43:1,44:1,45:1,48:1,50:1
(((92)0)105)21	0.5786750155920862	4.0	4.578675015592086	1.1416514471343685e-10	1:5,3:2,5:1,6:2,7:3,8:1,9:2,10:2,11:3,12:2,13:1,14:3,16:2,18:1,19:2,20:2,21:2,22:1,23:1,24:1,25:2,26:1,29:1,31:1,32:3,34:2,35:1,37:2,38:2,39:2,40:1,41:2,42:3,43:3,44:3,45:1,47:2,48:4,49:2
(((105)21)92)0	0.5788750155920862	4.0	4.578875015592086	1.1405103663227326e-10	1:6,2:4,3:7,4:8,5:7,6:6,7:3,8:5,9:5,10:5,11:4,12:3,13:6,14:6,15:1,16:8,17:6,18:4,19:4,20:6,21:6,22:7,23:4,24:5,25:7,26:6,27:4,28:7,29:4,30:8,31:3,32:4,33:10,34:3,35:4,36:9,37:1,38:3,39:8,40:3,41:3,42:2,43:6,44:6,45:2,46:4,47:5,48:5,49:7,50:7
(0,105,92)21	2.0364260728050017	3.0	5.036426072805002	1.1575499494381145e-11	1:45,2:9,3:14,4:5,5:9,6:11,7:11,8:3,9:13,10:7,11:7,12:9,13:8,14:8,15:11,16:7,17:7,18:4,19:9,20:8,21:6,22:9,23:6,24:6,25:4,26:11,27:5,28:8,29:12,30:10,31:8,32:7,33:13,34:8,35:7,36:5,37:12,38:11,39:11,40:14,41:5,42:8,43:5,44:8,45:5,46:9,47:6,48:12,49:6,50:5
(0,(105)92)21	1.1845748292220932	4.0	5.184574829222093	5.518725631725918e-12	1:23,2:5,3:4,4:6,5:5,6:5,7:5,8:2,9:1,10:4,11:7,12:4,13:7,14:8,15:4,16:4,17:3,18:3,19:3,20:4,21:8,22:3,24:5,25:5,26:2,27:4,28:3,29:4,30:6,31:6,32:6,33:3,34:5,35:9,36:5,37:4,38:4,39:3,40:5,41:3,42:3,43:2,44:7,45:4,46:4,47:6,48:7,49:8,50:4
((0,105)92)21	1.1879472976451142	4.0	5.187947297645114	5.426447193894954e-12	1:9,2:5,3:1,4:5,5:3,6:4,7:3,8:3,9:4,10:2,11:5,12:4,13:3,14:3,15:1,16:7,17:8,18:3,19:1,20:2,21:2,22:3,23:6,24:4,25:1,26:7,27:3,28:3,29:3,30:4,32:4,33:2,34:5,35:2,36:5,37:5,38:3,39:1,40:5,41:1,42:3,43:1,44:3,45:3,46:6,47:3,48:1,49:3,50:4
((105,92)21)0	1.253877961751578	4.0	5.253877961751578	3.902554376889758e-12	1:22,2:7,3:5,4:7,5:5,6:4,7:5,8:8,9:2,10:2,11:5,12:5,13:5,14:3,15:2,16:6,17:4,18:5,19:5,20:3,21:3,22:8,23:7,24:6,25:4,26:5,27:7,28:6,29:6,30:7,31:4,32:3,33:9,34:4,35:3,36:5,37:2,38:4,39:7,40:6,41:4,42:4,43:5,44:6,45:3,46:6,47:7,48:4,49:4,50:4
((92)0,105)21	1.2617124491126188	4.0	5.261712449112618	3.752637290875947e-12	1:18,2:3,3:2,4:5,5:3,6:5,7:1,8:3,9:10,10:5,11:3,12:2,13:7,14:6,15:4,16:2,17:3,18:5,19:4,20:5,21:6,22:7,24:1,25:5,26:6,27:8,28:2,29:6,30:1,31:3,32:4,33:4,34:5,35:3,36:7,37:4,38:5,39:6,40:5,41:3,42:2,43:7,44:3,45:3,46:3,47:7,48:4,49:6,50:4
((105)0,92)21	1.3361871139603334	4.0	5.336187113960333	2.5859308662239976e-12	1:25,2:10,3:2,4:7,5:7,6:2,7:4,8:2,9:4,10:5,11:6,12:9,13:10,14:4,15:7,16:3,17:2,18:7,19:5,20:7,21:2,22:4,23:6,24:7,25:5,26:7,27:1,28:3,29:7,30:3,31:5,32:3,33:2,34:3,35:9,36:2,37:1,38:2,39:4,40:5,41:3,42:2,43:6,44:1,45:10,46:5,47:5,48:4,49:4,50:4
(((92)105)0)21	0.440399865186487	5.0	5.440399865186487	1.5357544981173076e-12	1:2,2:1,3:2,4:3,5:2,6:1,7:4,8:3,9:3,10:1,11:2,12:2,13:2,14:3,15:1,17:4,18:4,19:2,20:2,21:3,22:1,23:3,24:1,25:2,26:3,27:2,28:4,29:1,30:2,31:6,32:2,33:2,34:1,35:2,36:1,37:5,38:2,39:4,40:2,41:4,42:2,43:1,44:1,45:3,47:4,48:3,49:6,50:3
(((105)92)21)0	0.4607944847791153	5.0	5.460794484779115	1.3868690050075747e-12	1:10,3:2,4:1,5:3,7:1,8:2,9:2,10:3,11:3,12:2,13:4,14:1,15:1,16:4,17:2,18:1,19:1,22:1,23:3,24:1,25:1,27:2,28:3,30:1,31:2,32:3,33:1,35:1,39:3,40:1,42:1,43:1,44:1,45:1,46:4,48:1,49:2,50:1
(((105)0)92)21	0.5834067695173555	5.0	5.583406769517356	7.512530511889056e-13	1:8,2:64,3:64,4:68,5:55,6:64,7:68,8:76,9:75,10:75,11:74,12:57,13:60,14:57,15:65,16:64,17:76,18:68,19:56,20:67,21:55,22:48,23:78,24:75,25:69,26:69,27:70,28:78,29:62,30:80,31:66,32:65,33:63,34:52,35:77,36:68,37:79,38:70,39:61,40:64,41:72,42:70,43:59,44:58,45:51,46:71,47:71,48:67,49:62,50:53
((105,92)0)21	1.2578633224011493	5.0	6.25786332240115	2.5776411297260334e-14	1:12,2:5,3:7,4:4,5:4,6:3,7:5,8:8,9:2,10:5,11:3,12:4,13:3,14:4,15:4,16:2,17:3,18:5,19:6,20:4,21:5,22:4,23:5,24:4,25:2,26:7,27:3,28:1,29:5,30:9,31:7,32:4,33:6,34:2,35:2,36:2,37:3,38:4,39:3,40:4,41:5,42:5,43:5,44:2,45:5,46:4,47:4,48:3,49:2,50:4
(((105)92)0)21	0.44057865396708057	6.0	6.440578653967081	1.0338586163657276e-14	1:3,2:1,3:1,4:1,5:2,6:2,8:3,9:1,10:2,11:3,12:1,13:1,15:1,17:5,18:1,19:3,21:1,22:2,24:2,26:5,27:2,28:2,30:1,31:2,32:1,33:2,34:1,35:1,36:1,37:1,38:1,39:2,40:4,41:2,42:2,43:2,44:1,45:1,47:2,49:3,50:1
