# generation count = 50 
#
generation.index	generationHighestFitness	generationMedianFitness	populationHighestFitness	populationMedianFitness
1	0.6187818017205856	7.176051057786762e-09	0.6187818017205856	7.176051057786762e-09
2	0.6187818017205856	0.00014816855900427482	0.6187818017205856	1.5775919980566615e-07
3	0.6187818017205856	0.0023809146999005572	0.6187818017205856	3.049212991677224e-06
4	0.6187818017205856	0.00014816855900427482	0.6187818017205856	1.3368290724250908e-05
5	0.6187818017205856	0.00024837047504884177	0.6187818017205856	5.225931378517976e-05
6	0.6187818017205856	0.00024837047504884177	0.6187818017205856	5.5001704770595606e-05
7	0.6187818017205856	0.0023809146999005572	0.6187818017205856	0.00014816855900427482
8	0.6187818017205856	0.00024837047504884177	0.6187818017205856	0.00014816855900427482
9	0.6187818017205856	0.0023809146999005572	0.6187818017205856	0.00014816855900427482
10	0.6187818017205856	0.0023809146999005572	0.6187818017205856	0.00014816855900427482
11	0.6187818017205856	0.0023809146999005572	0.6187818017205856	0.00014816855900427482
12	0.6187818017205856	0.0023809146999005572	0.6187818017205856	0.00014816855900427482
13	0.6187818017205856	0.00014816855900427482	0.6187818017205856	0.00014816855900427482
14	0.6187818017205856	0.0023809146999005572	0.6187818017205856	0.00014816855900427482
15	0.6187818017205856	0.00024837047504884177	0.6187818017205856	0.00014816855900427482
16	0.6187818017205856	0.00024837047504884177	0.6187818017205856	0.00014816855900427482
17	0.6187818017205856	0.0023809146999005572	0.6187818017205856	0.00014816855900427482
18	0.6187818017205856	0.0023809146999005572	0.6187818017205856	0.00014816855900427482
19	0.6187818017205856	0.00014816855900427482	0.6187818017205856	0.00014816855900427482
20	0.6187818017205856	0.0023809146999005572	0.6187818017205856	0.00014816855900427482
21	0.6187818017205856	0.00014816855900427482	0.6187818017205856	0.00014816855900427482
22	0.6187818017205856	0.0023809146999005572	0.6187818017205856	0.00014816855900427482
23	0.6187818017205856	0.0023809146999005572	0.6187818017205856	0.00014816855900427482
24	0.6187818017205856	0.00024837047504884177	0.6187818017205856	0.00014816855900427482
25	0.6187818017205856	0.0023809146999005572	0.6187818017205856	0.00014816855900427482
26	0.6187818017205856	0.00014816855900427482	0.6187818017205856	0.00014816855900427482
27	0.6187818017205856	0.00024837047504884177	0.6187818017205856	0.00014816855900427482
28	0.6187818017205856	0.0023809146999005572	0.6187818017205856	0.00014816855900427482
29	0.6187818017205856	0.0023809146999005572	0.6187818017205856	0.00014816855900427482
30	0.6187818017205856	0.00014816855900427482	0.6187818017205856	0.00014816855900427482
31	0.6187818017205856	0.00014816855900427482	0.6187818017205856	0.00014816855900427482
32	0.6187818017205856	0.0023809146999005572	0.6187818017205856	0.00014816855900427482
33	0.6187818017205856	0.0023809146999005572	0.6187818017205856	0.00014816855900427482
34	0.6187818017205856	0.0023809146999005572	0.6187818017205856	0.00014816855900427482
35	0.6187818017205856	0.0023809146999005572	0.6187818017205856	0.00014816855900427482
36	0.6187818017205856	0.00024837047504884177	0.6187818017205856	0.00014816855900427482
37	0.6187818017205856	0.00014816855900427482	0.6187818017205856	0.00014816855900427482
38	0.6187818017205856	0.0023809146999005572	0.6187818017205856	0.00024837047504884177
39	0.6187818017205856	0.00014816855900427482	0.6187818017205856	0.00024837047504884177
40	0.6187818017205856	0.00024837047504884177	0.6187818017205856	0.00024837047504884177
41	0.6187818017205856	0.0013146425874746995	0.6187818017205856	0.00024837047504884177
42	0.6187818017205856	0.0023809146999005572	0.6187818017205856	0.00024837047504884177
43	0.6187818017205856	0.0023809146999005572	0.6187818017205856	0.00024837047504884177
44	0.6187818017205856	0.00014816855900427482	0.6187818017205856	0.00024837047504884177
45	0.6187818017205856	0.00014816855900427482	0.6187818017205856	0.00024837047504884177
46	0.6187818017205856	0.0023809146999005572	0.6187818017205856	0.00024837047504884177
47	0.6187818017205856	0.00024837047504884177	0.6187818017205856	0.00024837047504884177
48	0.6187818017205856	0.0023809146999005572	0.6187818017205856	0.00024837047504884177
49	0.6187818017205856	0.0023809146999005572	0.6187818017205856	0.00024837047504884177
50	0.6187818017205856	0.00014816855900427482	0.6187818017205856	0.00024837047504884177
############################################################
Topology	MassCost	TopologyCost	Cost	Fitness	appearances(generationID:count)
(((0)21)92)105	0.09600051393997294	0.0	0.09600051393997294	0.6187818017205856	1:4,2:127,3:195,4:194,5:216,6:195,7:208,8:196,9:195,10:192,11:186,12:205,13:201,14:209,15:216,16:194,17:192,18:215,19:180,20:208,21:176,22:213,23:210,24:194,25:195,26:195,27:207,28:215,29:204,30:194,31:199,32:210,33:197,34:198,35:203,36:205,37:202,38:219,39:201,40:188,41:183,42:186,43:196,44:197,45:203,46:177,47:220,48:236,49:212,50:222
(21,(0)92)105	0.7893180266601442	0.0	0.7893180266601442	0.019320469808163012	1:22,2:45,3:9,4:12,5:10,6:6,7:5,8:12,9:6,10:11,11:7,12:10,13:9,14:11,15:5,16:7,17:5,18:8,19:12,20:9,21:7,22:6,23:8,24:6,25:7,26:7,27:6,28:5,29:5,30:9,31:15,32:11,33:4,34:8,35:6,36:7,37:7,38:3,39:11,40:9,41:8,42:9,43:9,44:10,45:8,46:5,47:4,48:9,49:7,50:5
(0,(21)92)105	0.8252665428966349	0.0	0.8252665428966349	0.016141967612671747	1:14,2:47,3:58,4:54,5:38,6:44,7:52,8:58,9:52,10:62,11:49,12:51,13:36,14:52,15:42,16:44,17:45,18:44,19:52,20:40,21:48,22:52,23:47,24:45,25:68,26:46,27:55,28:55,29:46,30:45,31:46,32:43,33:50,34:50,35:42,36:49,37:50,38:41,39:38,40:39,41:46,42:52,43:59,44:47,45:50,46:43,47:48,48:43,49:47,50:39
((0)21,92)105	0.8360181332698311	0.0	0.8360181332698311	0.01529712056977484	1:18,2:65,3:55,4:46,5:33,6:54,7:60,8:44,9:48,10:54,11:52,12:53,13:52,14:41,15:52,16:44,17:44,18:60,19:54,20:62,21:42,22:55,23:59,24:43,25:54,26:58,27:38,28:43,29:59,30:45,31:62,32:55,33:51,34:54,35:50,36:38,37:52,38:53,39:45,40:52,41:40,42:49,43:42,44:47,45:42,46:58,47:31,48:43,49:51,50:43
((0,21)92)105	0.9064520009355156	0.0	0.9064520009355156	0.010756339205466795	1:12,2:54,3:64,4:44,5:50,6:55,7:51,8:48,9:49,10:59,11:55,12:44,13:54,14:47,15:45,16:50,17:64,18:53,19:50,20:40,21:60,22:56,23:47,24:49,25:48,26:46,27:57,28:41,29:45,30:44,31:38,32:56,33:48,34:51,35:57,36:45,37:47,38:48,39:63,40:61,41:59,42:63,43:52,44:56,45:50,46:46,47:57,48:47,49:41,50:50
(((21)0)92)105	0.12478475027064907	1.0	1.1247847502706492	0.003610446784220991	1:8,2:59,3:68,4:70,5:71,6:75,7:81,8:62,9:92,10:80,11:79,12:80,13:64,14:86,15:75,16:85,17:92,18:73,19:81,20:83,21:77,22:80,23:83,24:91,25:71,26:81,27:86,28:80,29:83,30:80,31:66,32:80,33:98,34:93,35:81,36:80,37:64,38:83,39:73,40:74,41:87,42:77,43:86,44:62,45:75,46:91,47:79,48:75,49:74,50:64
(((0)92)21)105	0.20805410748888264	1.0	1.2080541074888826	0.0023809146999005572	1:5,2:55,3:55,4:55,5:76,6:67,7:57,8:77,9:60,10:66,11:73,12:58,13:56,14:67,15:58,16:75,17:63,18:67,19:60,20:66,21:56,22:75,23:69,24:63,25:67,26:59,27:48,28:73,29:79,30:62,31:56,32:64,33:62,34:71,35:71,36:65,37:64,38:78,39:59,40:75,41:77,42:75,43:62,44:66,45:63,46:81,47:59,48:65,49:73,50:62
(0,21,92)105	1.660117815096266	0.0	1.660117815096266	0.00024837047504884177	1:42,2:19,3:7,4:7,5:8,6:13,7:8,8:13,9:9,10:9,11:15,12:12,13:14,14:7,15:14,16:8,17:6,18:10,19:9,20:9,21:10,22:8,23:13,24:12,25:17,26:3,27:9,28:9,29:8,30:11,31:12,32:9,33:7,34:8,35:6,36:12,37:7,38:9,39:9,40:11,41:15,42:8,43:9,44:10,45:8,46:8,47:10,48:10,49:10,50:7
(((0)21)105)92	0.7634320040155177	1.0	1.7634320040155176	0.00014816855900427482	1:8,2:53,3:51,4:71,5:59,6:58,7:81,8:60,9:69,10:60,11:70,12:74,13:51,14:71,15:53,16:67,17:72,18:57,19:69,20:70,21:60,22:52,23:67,24:58,25:50,26:75,27:65,28:76,29:52,30:73,31:56,32:53,33:64,34:59,35:59,36:71,37:76,38:51,39:74,40:63,41:60,42:57,43:58,44:66,45:57,46:66,47:61,48:66,49:56,50:66
((21)0,92)105	0.900750885836998	1.0	1.900750885836998	7.457133087933859e-05	1:22,2:16,3:9,4:5,5:9,6:9,7:9,8:14,9:7,10:10,11:6,12:3,13:11,14:7,15:11,16:6,17:6,18:10,19:8,20:7,21:7,22:13,23:5,24:8,25:9,26:11,27:9,28:9,29:9,30:8,31:8,32:12,33:7,34:9,35:8,36:11,37:8,38:7,39:8,40:8,41:16,42:7,43:7,44:9,45:10,46:7,47:9,48:8,49:8,50:4
((92)0,21)105	0.9616292754766306	1.0	1.9616292754766307	5.5001704770595606e-05	1:20,2:17,3:9,4:6,5:10,6:5,7:5,8:5,9:6,10:8,11:7,12:8,13:8,14:4,15:5,16:4,17:9,18:11,19:2,20:8,21:10,22:7,23:5,24:9,25:4,26:5,27:4,28:4,29:5,30:5,31:2,32:6,33:5,34:4,35:9,36:5,37:5,38:5,39:2,40:6,41:8,42:10,43:5,44:7,45:8,46:6,47:5,48:3,49:8,50:9
(0,(92)21)105	0.9718584857485887	1.0	1.9718584857485886	5.225931378517976e-05	1:24,2:18,3:6,4:3,5:5,6:4,7:5,8:5,9:6,10:5,11:3,12:3,13:6,14:6,15:6,16:4,17:6,18:5,19:6,20:5,21:6,22:10,23:7,24:3,25:4,26:4,27:7,28:7,29:4,30:5,31:9,32:4,33:6,34:8,35:5,36:7,37:8,38:5,39:4,40:7,41:6,42:5,43:4,44:3,45:1,46:5,47:5,48:5,49:6,50:8
((0,92)21)105	1.0462699412675487	1.0	2.046269941267549	3.602311629266767e-05	1:19,2:9,3:12,4:13,5:8,6:19,7:11,8:10,9:17,10:12,11:3,12:12,13:12,14:13,15:11,16:15,17:5,18:12,19:11,20:6,21:9,22:13,23:7,24:12,25:9,26:16,27:8,28:6,29:8,30:4,31:9,32:11,33:13,34:9,35:7,36:14,37:10,38:6,39:7,40:9,41:10,42:6,43:7,44:7,45:11,46:9,47:5,48:7,49:10,50:15
(((92)0)21)105	0.24452500382661146	2.0	2.2445250038266114	1.3368290724250908e-05	1:7,2:10,3:7,4:10,5:12,6:13,7:10,8:10,9:7,10:11,11:2,12:8,13:12,14:12,15:6,16:11,17:5,18:10,19:8,20:14,21:6,22:9,23:5,24:10,25:10,26:13,27:6,28:8,29:7,30:8,31:8,32:9,33:11,34:11,35:9,36:10,37:8,38:9,39:10,40:6,41:4,42:8,43:13,44:14,45:9,46:7,47:7,48:6,49:6,50:15
(((21)92)0)105	0.24672530454721053	2.0	2.2467253045472106	1.3222025469785723e-05	1:8,2:4,3:7,4:6,5:11,6:10,7:7,8:3,9:3,10:6,11:3,12:7,13:6,14:6,15:6,16:1,17:4,18:5,19:9,20:10,21:3,22:3,23:9,24:5,25:10,26:4,27:6,28:6,29:5,30:6,31:3,32:10,33:5,34:5,35:7,36:9,37:6,38:4,39:5,40:6,41:6,42:6,43:4,44:4,45:8,46:3,47:7,48:11,49:9,50:4
(0,(21)105)92	1.4734584181441972	1.0	2.4734584181441974	4.2555263982608095e-06	1:20,2:7,3:3,4:3,5:2,6:8,7:4,8:5,9:4,10:3,11:5,12:9,13:4,14:6,15:4,16:6,17:4,18:8,19:4,20:6,21:6,22:5,23:5,24:4,25:3,26:5,27:6,28:7,29:4,30:5,31:7,32:3,33:3,34:2,35:3,36:4,37:3,38:4,39:5,40:5,41:4,42:4,43:8,44:2,45:5,46:4,47:4,48:3,49:5,50:4
((0,21)105)92	1.480536275665537	1.0	2.480536275665537	4.107560005703549e-06	1:14,2:6,3:4,4:8,5:6,6:7,7:2,10:1,11:1,12:2,13:1,14:5,15:7,16:6,17:3,18:2,19:4,20:3,21:2,22:1,23:1,24:2,25:1,26:2,27:4,28:1,29:7,30:2,31:1,32:1,33:2,34:2,35:4,36:2,37:1,38:3,39:5,40:2,41:4,42:3,44:3,45:1,46:2,47:2,48:2,49:2,50:2
((0)105,21)92	1.540125407231502	1.0	2.540125407231502	3.049212991677224e-06	1:23,2:16,3:4,4:6,5:5,6:3,7:3,8:6,9:3,10:1,11:4,12:3,13:3,14:4,15:4,16:2,17:6,18:4,19:8,20:7,21:11,22:7,23:6,24:4,25:3,26:4,27:7,28:3,29:2,30:3,31:4,32:1,33:4,34:4,35:3,36:5,37:3,38:2,39:5,40:3,41:4,42:9,43:3,44:6,45:5,46:4,47:8,48:7,49:4,50:7
(105,(0)21)92	1.587025513841189	1.0	2.587025513841189	2.4118232307406568e-06	1:16,2:8,3:5,4:8,5:3,6:3,7:6,8:2,9:8,10:1,11:9,12:2,13:5,14:8,15:5,16:9,17:2,18:8,19:6,20:5,21:6,22:4,23:6,24:11,25:6,26:5,27:4,28:3,29:5,30:7,31:2,32:8,33:8,34:9,35:3,36:10,37:2,38:2,39:4,40:4,41:3,42:8,43:3,44:3,45:3,46:6,47:2,48:3,49:5,50:3
(((0)92)105)21	0.8376713368229385	2.0	2.8376713368229387	6.887712085676423e-07	1:2,2:1,3:1,4:1,5:1,6:1,7:2,8:1,10:3,12:1,13:1,14:2,15:1,16:1,17:2,18:2,20:2,22:1,23:1,24:1,26:1,27:2,28:1,29:4,30:3,31:3,32:2,33:2,34:1,35:2,36:1,37:2,38:1,39:3,40:1,41:1,42:1,43:1,44:3,45:2,47:1,48:5,49:1,50:3
(((21)0)105)92	0.8411166476764799	2.0	2.84111664767648	6.770076675096458e-07	1:9,2:6,3:7,4:4,5:5,6:8,7:5,8:5,9:4,10:3,11:7,12:4,13:7,14:4,15:6,16:6,17:6,18:6,19:5,20:5,21:7,22:3,23:6,24:5,25:5,26:5,27:7,28:5,29:5,30:8,31:7,32:10,33:8,34:6,35:3,36:5,37:3,38:9,39:7,40:4,41:3,42:5,43:6,44:4,45:11,46:8,47:6,48:8,49:2,50:4
(((0)105)21)92	0.8865717441532245	2.0	2.8865717441532244	5.393728718152367e-07	1:10,2:1,3:4,4:1,8:3,9:2,11:1,12:2,13:2,14:1,15:1,16:3,17:4,18:2,19:2,20:1,21:1,22:1,23:1,24:1,26:1,27:2,28:1,29:1,30:1,32:2,33:3,35:2,36:1,37:1,38:2,39:2,42:3,44:3,45:2,46:1,47:1,48:1,49:1,50:1
((21,92)0)105	1.1324392036661393	2.0	3.1324392036661393	1.5775919980566615e-07	1:21,2:11,3:10,4:17,5:11,6:19,7:6,8:11,9:11,10:13,11:13,12:9,13:18,14:17,15:13,16:10,17:9,18:12,19:11,20:11,21:16,22:12,23:9,24:17,25:10,26:16,27:14,28:12,29:13,30:9,31:15,32:7,33:15,34:12,35:7,36:5,37:12,38:14,39:8,40:12,41:13,42:10,43:15,44:16,45:8,46:13,47:11,48:14,49:7,50:11
(((92)21)0)105	0.33243885775953175	3.0	3.3324388577595316	5.8036466640062115e-08	1:8,2:43,3:65,4:74,5:63,6:65,7:52,8:69,9:67,10:63,11:64,12:60,13:71,14:62,15:64,16:53,17:69,18:58,19:81,20:50,21:69,22:60,23:68,24:63,25:64,26:56,27:76,28:70,29:70,30:71,31:75,32:62,33:55,34:63,35:56,36:71,37:75,38:74,39:59,40:58,41:62,42:82,43:61,44:67,45:63,46:68,47:75,48:65,49:70,50:61
(0,105,21)92	2.436690813377848	1.0	3.436690813377848	3.446043209518058e-08	1:35,2:11,3:11,4:11,5:9,6:5,7:8,8:9,9:9,10:11,11:5,12:8,13:9,14:7,15:14,16:9,17:12,18:8,19:14,20:9,21:5,22:3,23:8,24:5,25:9,26:12,27:7,28:7,29:10,30:8,31:14,32:5,33:7,34:6,35:12,36:7,37:8,38:17,39:5,40:10,41:6,42:8,43:7,44:8,45:6,46:5,47:11,48:9,49:5,50:8
(0,(92)105)21	1.5797255362878706	2.0	3.579725536287871	1.6854845049680757e-08	1:21,2:8,3:2,4:5,5:4,6:1,7:6,8:1,9:6,10:4,11:7,12:7,13:2,14:1,15:3,16:1,17:4,18:7,19:6,20:2,21:5,22:3,23:3,24:1,25:8,26:4,27:12,28:3,29:4,30:6,31:5,32:3,33:4,34:2,35:9,36:4,37:5,38:7,40:1,41:3,42:6,44:6,45:3,46:3,47:5,48:5,49:3,50:7
((21)0,105)92	1.5980431684148464	2.0	3.598043168414846	1.537972363610523e-08	1:21,2:6,3:2,4:2,5:4,6:3,7:6,8:8,9:2,10:3,11:3,12:4,13:3,14:4,15:3,16:1,17:2,18:4,19:3,20:3,21:4,22:6,23:6,24:2,25:5,26:2,27:5,28:1,29:5,30:2,31:5,32:2,33:4,34:4,35:2,36:7,37:2,38:8,39:4,40:6,41:2,42:5,43:6,44:4,45:4,46:6,47:5,48:2,49:5,50:4
((0,92)105)21	1.6136374723892875	2.0	3.6136374723892875	1.4226102408913371e-08	1:15,2:6,3:1,4:7,5:9,6:5,7:4,9:2,10:8,11:2,12:4,13:7,14:1,15:4,16:2,17:1,18:5,19:5,20:5,21:4,22:2,23:5,24:2,25:3,27:5,28:4,29:4,30:7,31:3,32:3,33:7,34:2,35:3,36:2,37:2,38:7,39:3,40:9,41:4,42:4,43:2,44:4,45:2,46:7,47:6,48:2,49:4,50:6
((0,105)21)92	1.6288259436181567	2.0	3.628825943618157	1.3185742323875083e-08	1:13,2:4,3:7,5:5,6:7,7:2,8:6,9:7,10:5,11:6,12:6,13:6,14:3,15:6,16:1,17:3,18:2,19:6,20:1,21:7,22:3,23:3,24:6,25:4,26:7,27:2,28:7,29:4,30:5,31:7,32:8,33:4,34:4,35:3,36:7,38:2,39:5,40:5,41:2,42:3,43:2,44:3,45:1,46:2,47:6,48:7,49:2,50:3
(0,(105)21)92	1.7439233377584542	2.0	3.743923337758454	7.416069116630663e-09	1:18,2:6,3:5,4:7,5:8,6:5,7:2,9:2,10:5,11:2,12:5,13:4,14:2,15:1,16:3,17:6,18:3,19:3,20:3,21:2,22:8,23:6,24:3,25:5,26:4,27:6,28:1,29:6,30:6,31:1,32:3,33:5,34:2,35:5,36:2,37:7,38:4,39:7,40:4,41:2,42:4,43:4,44:6,45:3,46:1,47:5,48:4,49:4,50:3
((0)105,92)21	1.750303319427807	2.0	3.750303319427807	7.183230698066394e-09	1:20,2:9,3:7,4:5,5:3,6:2,7:6,8:4,9:4,10:4,11:5,12:4,13:4,14:3,15:7,16:10,17:4,18:6,19:1,20:7,21:8,22:3,23:4,24:7,25:6,26:4,27:5,28:5,29:7,30:1,31:4,32:4,33:9,34:4,35:5,36:2,37:4,38:2,39:11,40:2,41:4,42:7,43:3,44:7,45:5,46:2,47:4,48:3,49:2,50:5
(105,(0)92)21	1.750503319427807	2.0	3.750503319427807	7.176051057786762e-09	1:14,2:11,3:1,4:6,5:4,6:3,7:5,8:5,9:4,10:5,11:6,12:2,13:4,14:4,15:6,16:4,17:3,18:3,19:2,20:4,21:6,22:1,23:7,24:3,25:4,26:5,27:4,28:4,29:6,30:4,31:3,32:3,33:3,34:4,35:3,36:2,37:8,38:5,39:4,40:6,41:2,42:2,43:8,44:1,45:2,46:8,47:4,48:2,49:5,50:2
((105)0,21)92	1.7982360779407063	2.0	3.7982360779407065	5.652429468957052e-09	1:18,2:6,3:6,4:3,5:2,6:2,7:6,8:10,9:6,10:5,11:4,12:6,13:4,14:2,15:5,16:6,17:3,18:3,19:6,20:4,21:3,22:2,23:1,24:4,25:4,26:2,27:4,28:6,29:5,30:2,31:5,32:6,33:1,34:3,35:3,36:3,37:6,38:12,39:2,40:1,41:2,42:1,43:2,44:4,45:7,46:3,47:3,48:4,49:5,50:2
(((21)105)0)92	0.8919840770051907	3.0	3.8919840770051906	3.5372353658134287e-09	1:11,2:4,3:4,4:1,5:1,6:2,8:2,10:2,11:3,12:1,13:5,14:2,16:2,17:1,19:2,20:5,21:1,23:3,24:1,25:3,26:3,27:1,28:1,29:3,30:2,31:2,32:3,33:1,34:2,35:1,37:1,39:1,41:2,43:1,44:1,45:1,47:4,50:1
(((0)105)92)21	0.9243860048947135	3.0	3.9243860048947132	3.0081817078949376e-09	1:6,2:66,3:67,4:64,5:73,6:61,7:61,8:60,9:61,10:66,11:70,12:55,13:66,14:64,15:60,16:72,17:56,18:51,19:62,20:75,21:74,22:58,23:59,24:67,25:66,26:63,27:44,28:52,29:59,30:67,31:67,32:67,33:68,34:64,35:75,36:63,37:53,38:61,39:70,40:68,41:71,42:62,43:64,44:69,45:76,46:73,47:69,48:56,49:76,50:70
(((21)92)105)0	0.9408844843354767	3.0	3.9408844843354767	2.7699891833644152e-09	1:6,2:1,3:2,4:3,6:2,9:1,10:3,11:1,12:1,13:2,14:1,15:3,17:4,18:1,19:1,21:1,22:1,25:1,26:1,27:3,28:3,29:2,30:1,31:3,32:1,33:6,34:1,35:4,36:2,37:1,39:2,41:2,42:1,43:2,44:5,45:2,47:1,48:4,50:3
(((105)0)21)92	0.9877845909451636	3.0	3.9877845909451635	2.190966744393898e-09	1:6,2:1,3:3,4:3,5:4,6:4,7:2,8:6,9:1,10:4,11:2,12:1,13:4,15:2,16:3,18:2,20:2,21:3,22:2,23:4,24:1,26:3,27:2,28:3,29:1,30:1,31:2,32:2,33:2,34:1,35:2,37:1,38:1,39:1,40:3,41:4,42:1,43:3,44:3,45:2,46:1,47:1,49:2,50:5
(((92)0)105)21	1.035096234039863	3.0	4.035096234039863	1.7294175348263945e-09	1:8,2:2,3:1,5:1,6:1,7:2,8:2,9:5,10:5,11:1,12:1,13:2,14:3,15:1,16:2,17:3,18:1,19:3,20:3,21:4,22:2,24:3,25:1,26:3,27:6,28:4,29:3,30:1,31:3,32:3,33:2,34:2,35:3,36:1,37:2,38:1,39:4,40:2,41:3,42:1,43:4,44:2,45:3,46:1,47:4,48:3,49:2,50:2
(0,105,92)21	2.6271777861423846	2.0	4.627177786142385	8.95800093555093e-11	1:37,2:5,3:3,4:5,5:10,6:8,7:5,8:6,9:7,10:6,11:8,12:9,13:6,14:8,15:11,16:9,17:7,18:12,19:6,20:4,21:7,22:8,23:10,24:13,25:7,26:6,27:14,28:4,29:9,30:4,31:8,32:9,33:11,34:11,35:4,36:12,37:15,38:7,39:8,40:11,41:11,42:6,43:5,44:6,45:10,46:17,47:10,48:7,49:12,50:7
((21,92)105)0	1.6809021036653349	3.0	4.680902103665335	6.847786796100903e-11	1:9,2:4,3:4,4:4,5:2,6:6,7:5,8:8,9:4,10:6,11:7,12:3,13:3,14:7,15:6,16:5,17:7,18:4,19:4,20:4,21:5,22:5,23:5,24:6,25:4,26:4,27:2,28:7,29:3,30:8,31:3,32:3,33:3,34:6,35:5,36:4,37:3,38:5,39:5,40:10,41:2,42:6,43:7,44:4,45:5,46:3,47:6,48:4,49:7,50:4
((0,105)92)21	1.6813125256330799	3.0	4.68131252563308	6.833748794130435e-11	1:6,2:4,3:4,4:2,5:4,6:5,7:5,8:2,9:1,10:3,11:4,12:4,13:4,14:6,15:1,16:4,17:3,18:4,19:5,20:4,21:5,22:4,23:2,24:6,25:6,26:3,27:1,28:4,29:4,30:5,31:3,32:3,33:2,34:2,35:2,36:5,37:6,38:2,39:1,40:3,41:4,42:2,43:1,44:2,45:4,46:5,47:8,48:5,49:6,50:3
((92)105,21)0	1.6983017429184954	3.0	4.6983017429184954	6.277220634192134e-11	1:22,2:3,3:7,4:4,5:4,6:5,7:8,8:7,9:4,10:3,11:3,12:6,13:3,14:5,15:4,16:4,17:5,18:8,19:2,20:3,21:5,22:5,23:5,24:4,25:2,26:6,27:3,28:4,29:2,30:5,31:5,32:6,33:4,34:3,35:4,36:4,37:11,38:1,39:4,40:1,41:2,42:1,43:3,44:2,45:2,46:6,47:3,48:8,49:4,50:9
((105,21)0)92	1.6985017429184954	3.0	4.698501742918495	6.270946551122332e-11	1:18,2:9,3:2,4:9,5:4,6:7,7:5,8:4,9:1,10:6,11:7,12:3,13:5,14:11,15:2,16:6,17:2,18:4,19:4,20:8,21:5,22:6,24:4,25:4,26:7,27:5,28:2,29:10,30:6,31:6,32:3,33:4,34:4,35:5,36:6,37:6,38:10,39:4,40:5,41:7,42:4,43:7,44:6,45:6,46:5,47:2,48:4,49:8,50:6
(0,(105)92)21	1.7628018386733795	3.0	4.762801838673379	4.546814280326271e-11	1:20,2:10,3:6,4:5,5:7,6:6,7:3,8:5,9:8,10:3,11:3,13:5,14:2,15:7,16:3,17:6,18:4,19:3,20:6,21:4,22:8,23:3,24:6,25:3,26:6,27:3,28:9,29:5,30:5,31:4,32:3,33:2,34:7,35:3,36:5,37:4,38:1,39:4,40:7,41:5,43:5,44:5,45:5,46:3,47:2,48:5,50:2
((92)0,105)21	1.7773504335047952	3.0	4.777350433504795	4.227808845459262e-11	1:29,2:4,3:2,4:4,5:2,6:2,7:4,8:1,9:4,10:5,11:3,12:4,13:6,14:5,15:3,16:8,17:4,18:5,19:2,20:6,21:2,22:3,23:8,24:2,25:7,26:4,27:4,28:6,29:2,30:3,31:4,32:4,33:7,34:4,35:6,36:2,37:2,38:6,39:6,40:6,41:4,42:3,43:6,44:3,45:6,46:9,47:3,48:3,49:3,50:4
((21)105,92)0	1.8031503514682297	3.0	4.803150351468229	3.716135430756644e-11	1:14,2:6,3:5,4:4,5:2,6:4,7:6,8:4,9:3,10:2,11:6,12:3,13:2,14:3,15:3,16:5,17:8,18:2,19:2,20:3,21:3,22:7,23:3,24:4,26:4,27:3,28:3,29:4,30:4,31:5,32:3,33:1,34:1,35:2,36:4,37:3,38:6,39:5,40:7,41:2,42:4,43:6,44:5,45:5,46:2,47:2,48:5,49:4,50:4
(105,(21)92)0	1.8522507587985158	3.0	4.852250758798515	2.9071761909497796e-11	1:19,2:11,3:8,4:9,5:5,6:2,7:3,8:3,9:4,10:3,11:6,12:10,13:6,14:4,15:4,16:5,17:6,18:5,19:3,20:6,22:7,23:6,24:2,25:4,26:7,27:6,28:7,29:8,30:3,31:3,32:7,33:4,34:8,35:8,36:5,37:8,38:4,39:4,40:6,41:7,42:2,43:4,44:6,45:3,46:3,47:6,48:4,49:5,50:3
(((21)105)92)0	0.9141567946227553	4.0	4.914156794622755	2.1332615438707784e-11	1:9,2:7,3:8,4:9,5:4,6:6,7:6,8:6,9:3,10:7,11:6,12:6,13:4,14:5,15:5,16:8,17:5,18:4,19:4,20:7,21:9,22:2,23:5,24:6,25:4,26:5,27:9,28:3,29:5,30:7,31:5,32:8,33:4,34:5,35:8,36:6,37:2,38:4,39:6,40:8,41:6,42:9,43:4,44:9,45:4,46:4,47:6,48:4,49:2,50:5
((105)0,92)21	1.9380540182727395	3.0	4.938054018272739	1.8930057913463376e-11	1:28,2:2,3:4,4:5,5:6,6:4,7:4,8:3,9:10,10:6,11:6,12:3,13:1,14:2,15:5,16:5,17:5,18:4,19:4,20:3,21:4,22:3,23:2,24:5,25:4,26:6,27:5,28:5,29:2,30:7,31:4,32:6,33:4,34:2,35:8,37:4,38:4,39:5,40:2,41:6,42:1,43:7,44:1,45:7,46:4,47:3,48:6,49:5,50:7
(((92)105)0)21	0.9386841836148776	4.0	4.938684183614877	1.8870506448794874e-11	1:7,2:2,3:1,4:1,5:1,7:1,8:1,9:2,10:1,11:1,12:1,13:1,14:2,15:2,16:2,19:2,20:2,21:5,22:1,23:2,24:1,25:3,27:1,29:1,30:2,31:3,34:1,35:2,36:5,37:1,38:2,39:3,40:1,41:3,42:1,43:3,44:2,46:1,48:2,49:2,50:1
(((105)21)0)92	0.9622560870935876	4.0	4.9622560870935875	1.677250067099573e-11	1:3,3:1,4:3,5:2,6:2,7:2,8:2,9:1,10:1,11:2,12:3,14:1,16:1,17:3,18:2,19:1,20:1,22:2,23:1,24:2,25:3,27:1,29:1,30:1,31:1,32:3,34:1,35:3,37:2,38:2,39:3,40:1,43:3,44:2,45:2,47:1
(((92)21)105)0	1.0996381844940735	4.0	5.099638184494074	8.438716245778334e-12	1:7,3:1,4:2,6:1,7:1,9:1,10:1,12:2,13:1,14:1,17:1,18:2,20:1,21:1,22:1,23:2,24:2,27:1,28:1,29:2,30:1,31:3,32:4,33:2,34:2,35:1,37:1,38:1,39:1,41:3,42:1,43:2,44:2,45:3,46:1,47:2,48:2,50:1
(((105)0)92)21	1.0998381844940734	4.0	5.0998381844940734	8.430281747484597e-12	1:9,2:1,3:7,4:8,5:6,6:1,7:5,8:4,9:5,10:7,11:4,12:3,13:8,14:7,15:5,16:5,17:13,18:6,19:2,21:7,22:8,23:5,24:6,25:1,26:4,27:2,28:7,29:3,30:6,31:10,32:7,33:4,34:5,35:4,36:6,37:6,38:2,39:4,40:4,41:7,42:4,43:4,44:6,45:4,46:6,47:8,48:8,49:8,50:5
(105,21,92)0	2.7346840621907313	3.0	5.734684062190731	3.5260769169791634e-13	1:40,2:12,3:11,4:5,5:9,6:9,7:7,8:11,9:13,10:8,11:8,12:5,13:10,14:8,15:8,16:7,17:4,18:8,19:9,20:6,21:7,22:9,23:10,24:7,25:7,26:7,27:9,28:11,29:2,30:5,31:10,32:11,33:9,34:12,35:11,36:11,37:14,38:4,39:11,40:11,41:9,42:8,43:14,44:9,45:10,46:6,47:6,48:13,49:6,50:12
((105,21)92)0	1.7377503044484266	4.0	5.737750304448427	3.4724301723179957e-13	1:15,2:1,3:1,4:3,5:3,6:1,7:9,8:2,9:3,10:5,11:4,12:3,13:2,14:2,15:1,16:1,17:7,18:1,19:4,20:2,21:4,22:2,23:6,24:6,25:2,26:2,27:3,28:2,29:4,30:4,31:3,32:5,33:1,34:6,35:4,36:7,37:2,38:4,39:5,40:4,41:1,42:6,43:2,44:4,45:3,46:5,47:2,48:4,49:4,50:2
(21,(105)92)0	1.84897110107197	4.0	5.84897110107197	1.9912263467201728e-13	1:18,2:12,3:3,4:4,5:2,6:10,7:4,8:7,9:3,10:4,11:2,12:4,13:8,14:7,15:5,16:3,17:6,18:2,19:5,20:3,21:8,22:5,23:6,24:2,25:2,26:6,27:2,28:8,29:6,30:6,31:3,32:3,33:5,34:3,35:4,36:8,37:2,38:7,39:3,40:2,41:4,42:7,43:6,44:4,45:2,46:5,47:2,48:2,49:5,50:5
((105,92)0)21	1.8500504580779167	4.0	5.8500504580779165	1.9805090716082937e-13	1:19,2:5,3:5,4:4,5:4,6:5,7:3,8:6,9:2,10:2,11:7,12:3,13:4,14:4,15:6,16:6,17:4,18:3,19:3,20:4,21:4,22:6,23:9,24:6,25:8,26:5,27:5,28:4,29:2,30:2,31:7,32:2,33:7,34:7,35:6,36:3,37:5,38:1,39:4,40:2,41:1,42:9,43:2,44:5,45:9,46:6,47:3,48:2,49:4,50:7
(105,(92)21)0	1.9061558504073781	4.0	5.906155850407378	1.4960479884604554e-13	1:22,2:1,3:6,4:6,5:5,6:5,7:3,8:3,9:5,10:2,11:7,12:6,13:3,14:6,15:5,16:4,17:5,18:3,19:4,20:6,21:3,22:3,23:2,24:3,25:7,26:2,27:5,28:2,29:4,30:7,31:2,32:3,33:4,34:3,35:2,36:4,37:6,38:5,39:3,40:4,41:11,42:6,43:3,44:2,45:2,46:9,47:6,48:1,49:6,50:6
(((105)92)0)21	0.9610569012324423	5.0	5.961056901232443	1.1369186937541045e-13	1:8,2:1,3:3,4:2,5:1,6:2,7:1,8:1,10:1,11:1,13:3,14:2,15:1,16:1,17:1,19:1,20:1,21:1,23:2,24:2,25:1,26:1,27:3,28:2,29:4,30:1,31:2,32:2,33:2,34:1,35:2,37:1,38:3,39:2,40:1,41:2,42:1,43:3,44:1,45:5,46:1,47:2,48:1,49:2
(((92)105)21)0	0.9620560870935876	5.0	5.962056087093588	1.1312528930880805e-13	1:9,2:1,3:2,5:1,6:2,7:3,8:2,9:1,10:3,11:3,12:3,13:6,15:2,16:3,17:2,18:4,19:2,20:3,21:1,22:3,23:1,24:3,25:2,26:2,27:2,28:2,29:1,30:3,31:4,32:1,33:5,34:2,35:3,36:3,37:2,38:2,39:3,40:3,41:3,42:1,43:1,44:1,45:4,46:1,47:2,48:1,49:3,50:3
((105)21,92)0	1.9699105404890778	4.0	5.969910540489078	1.0876870905563766e-13	1:30,2:9,3:8,4:7,5:11,6:6,7:4,8:7,9:5,10:3,11:6,12:7,13:3,14:3,15:5,16:7,17:2,18:4,19:3,20:5,21:3,22:1,23:1,24:5,25:8,26:7,27:3,28:4,29:5,30:4,31:3,32:3,33:12,34:8,35:3,36:4,37:6,38:3,39:5,40:10,41:3,42:4,43:5,44:2,45:7,46:7,47:4,48:4,49:3,50:3
(((105)21)92)0	1.084196641370149	5.0	6.0841966413701485	6.142354238071207e-14	1:8,2:47,3:58,4:54,5:56,6:53,7:57,8:71,9:71,10:46,11:63,12:75,13:73,14:50,15:82,16:67,17:66,18:66,19:70,20:58,21:79,22:58,23:47,24:68,25:71,26:70,27:63,28:59,29:59,30:71,31:69,32:56,33:49,34:57,35:65,36:61,37:65,38:50,39:71,40:69,41:60,42:58,43:74,44:70,45:64,46:58,47:60,48:51,49:64,50:68
((105,92)21)0	1.8748880696984562	5.0	6.874888069698456	1.1786103163270963e-15	1:16,2:3,3:4,4:4,5:6,6:4,7:5,8:2,9:2,10:3,11:2,12:8,13:6,14:3,15:1,16:3,17:2,18:3,19:7,20:4,21:4,22:3,23:4,24:5,25:2,26:4,27:5,28:3,29:2,30:5,31:3,32:2,33:2,34:1,35:2,36:1,37:5,38:3,39:1,41:6,42:5,43:5,44:6,45:7,46:2,47:5,48:6,49:7,50:3
(((105)92)21)0	1.0489707551653626	6.0	7.048970755165363	4.935765177729597e-16	1:10,2:2,3:2,4:2,5:4,7:1,9:2,12:1,13:1,14:1,15:1,16:1,17:1,18:2,19:2,21:2,24:3,25:4,26:1,27:1,29:1,30:4,32:1,33:1,37:2,38:2,39:3,40:2,41:3,42:3,45:1,46:1,47:1,48:5
