# generation count = 50 
#
generation.index	generationHighestFitness	generationMedianFitness	populationHighestFitness	populationMedianFitness
1	0.6187818017205856	7.176051057786762e-09	0.6187818017205856	7.176051057786762e-09
2	0.6187818017205856	0.00024837047504884177	0.6187818017205856	1.5775919980566615e-07
3	0.6187818017205856	0.0023809146999005572	0.6187818017205856	4.2555263982608095e-06
4	0.6187818017205856	0.0023809146999005572	0.6187818017205856	3.602311629266767e-05
5	0.6187818017205856	0.0023809146999005572	0.6187818017205856	6.47865178249671e-05
6	0.6187818017205856	0.00014816855900427482	0.6187818017205856	0.00014816855900427482
7	0.6187818017205856	0.0023809146999005572	0.6187818017205856	0.00014816855900427482
8	0.6187818017205856	0.0023809146999005572	0.6187818017205856	0.00014816855900427482
9	0.6187818017205856	0.00024837047504884177	0.6187818017205856	0.00014816855900427482
10	0.6187818017205856	0.00014816855900427482	0.6187818017205856	0.00014816855900427482
11	0.6187818017205856	0.00024837047504884177	0.6187818017205856	0.00014816855900427482
12	0.6187818017205856	0.00014816855900427482	0.6187818017205856	0.00014816855900427482
13	0.6187818017205856	0.0023809146999005572	0.6187818017205856	0.00014816855900427482
14	0.6187818017205856	0.00024837047504884177	0.6187818017205856	0.00014816855900427482
15	0.6187818017205856	0.00024837047504884177	0.6187818017205856	0.00014816855900427482
16	0.6187818017205856	0.0023809146999005572	0.6187818017205856	0.00014816855900427482
17	0.6187818017205856	0.0023809146999005572	0.6187818017205856	0.00014816855900427482
18	0.6187818017205856	0.0023809146999005572	0.6187818017205856	0.00014816855900427482
19	0.6187818017205856	0.00024837047504884177	0.6187818017205856	0.00014816855900427482
20	0.6187818017205856	0.0023809146999005572	0.6187818017205856	0.00014816855900427482
21	0.6187818017205856	0.0023809146999005572	0.6187818017205856	0.00014816855900427482
22	0.6187818017205856	0.0023809146999005572	0.6187818017205856	0.00014816855900427482
23	0.6187818017205856	0.00014816855900427482	0.6187818017205856	0.00014816855900427482
24	0.6187818017205856	0.0023809146999005572	0.6187818017205856	0.00014816855900427482
25	0.6187818017205856	0.00014816855900427482	0.6187818017205856	0.00014816855900427482
26	0.6187818017205856	0.0023809146999005572	0.6187818017205856	0.00014816855900427482
27	0.6187818017205856	0.00024837047504884177	0.6187818017205856	0.00014816855900427482
28	0.6187818017205856	0.0023809146999005572	0.6187818017205856	0.00014816855900427482
29	0.6187818017205856	0.0023809146999005572	0.6187818017205856	0.00014816855900427482
30	0.6187818017205856	0.00014816855900427482	0.6187818017205856	0.00014816855900427482
31	0.6187818017205856	0.0023809146999005572	0.6187818017205856	0.00014816855900427482
32	0.6187818017205856	0.00014816855900427482	0.6187818017205856	0.00014816855900427482
33	0.6187818017205856	0.00024837047504884177	0.6187818017205856	0.00014816855900427482
34	0.6187818017205856	0.0023809146999005572	0.6187818017205856	0.00014816855900427482
35	0.6187818017205856	0.00024837047504884177	0.6187818017205856	0.00014816855900427482
36	0.6187818017205856	0.00019826951702655828	0.6187818017205856	0.00014816855900427482
37	0.6187818017205856	0.00024837047504884177	0.6187818017205856	0.00014816855900427482
38	0.6187818017205856	0.00024837047504884177	0.6187818017205856	0.00014816855900427482
39	0.6187818017205856	0.00024837047504884177	0.6187818017205856	0.00014816855900427482
40	0.6187818017205856	0.0023809146999005572	0.6187818017205856	0.00024837047504884177
41	0.6187818017205856	0.0023809146999005572	0.6187818017205856	0.00024837047504884177
42	0.6187818017205856	0.00014816855900427482	0.6187818017205856	0.00024837047504884177
43	0.6187818017205856	0.00024837047504884177	0.6187818017205856	0.00024837047504884177
44	0.6187818017205856	0.00014816855900427482	0.6187818017205856	0.00024837047504884177
45	0.6187818017205856	0.0023809146999005572	0.6187818017205856	0.00024837047504884177
46	0.6187818017205856	0.0023809146999005572	0.6187818017205856	0.00024837047504884177
47	0.6187818017205856	0.00019826951702655828	0.6187818017205856	0.00024837047504884177
48	0.6187818017205856	0.00014816855900427482	0.6187818017205856	0.00024837047504884177
49	0.6187818017205856	0.0023809146999005572	0.6187818017205856	0.00024837047504884177
50	0.6187818017205856	0.00024837047504884177	0.6187818017205856	0.00024837047504884177
############################################################
Topology	MassCost	TopologyCost	Cost	Fitness	appearances(generationID:count)
(((0)21)92)105	0.09600051393997294	0.0	0.09600051393997294	0.6187818017205856	1:8,2:177,3:208,4:196,5:204,6:202,7:204,8:195,9:192,10:197,11:197,12:179,13:201,14:200,15:191,16:210,17:206,18:212,19:202,20:215,21:216,22:201,23:198,24:210,25:184,26:179,27:200,28:197,29:210,30:189,31:204,32:194,33:194,34:200,35:227,36:187,37:207,38:220,39:189,40:206,41:209,42:164,43:201,44:187,45:205,46:203,47:204,48:213,49:217,50:203
(21,(0)92)105	0.7893180266601442	0.0	0.7893180266601442	0.019320469808163012	1:13,2:26,3:8,4:9,5:7,6:12,7:9,8:7,9:9,10:5,11:10,12:10,13:12,14:7,15:8,16:11,17:3,18:6,19:10,20:9,21:9,22:12,23:12,24:10,25:8,26:8,27:6,28:9,29:4,30:9,31:9,32:8,33:8,34:10,35:10,36:7,37:7,38:4,39:13,40:11,41:8,42:7,43:9,44:9,45:9,46:16,47:7,48:7,49:11,50:7
(0,(21)92)105	0.8252665428966349	0.0	0.8252665428966349	0.016141967612671747	1:21,2:61,3:56,4:49,5:59,6:46,7:56,8:57,9:49,10:32,11:57,12:48,13:49,14:40,15:49,16:58,17:53,18:37,19:51,20:46,21:49,22:41,23:50,24:54,25:44,26:50,27:49,28:50,29:44,30:36,31:51,32:50,33:44,34:46,35:43,36:43,37:43,38:43,39:42,40:44,41:52,42:59,43:46,44:51,45:50,46:37,47:48,48:41,49:50,50:46
((0)21,92)105	0.8360181332698311	0.0	0.8360181332698311	0.01529712056977484	1:16,2:49,3:51,4:61,5:40,6:57,7:49,8:49,9:55,10:52,11:47,12:48,13:41,14:46,15:48,16:57,17:48,18:41,19:50,20:46,21:40,22:50,23:42,24:43,25:46,26:45,27:41,28:56,29:53,30:66,31:50,32:57,33:51,34:46,35:46,36:52,37:53,38:41,39:50,40:43,41:43,42:51,43:48,44:41,45:46,46:46,47:47,48:44,49:52,50:44
((0,21)92)105	0.9064520009355156	0.0	0.9064520009355156	0.010756339205466795	1:21,2:52,3:49,4:43,5:49,6:49,7:61,8:68,9:35,10:40,11:62,12:57,13:63,14:52,15:46,16:53,17:56,18:52,19:43,20:64,21:61,22:63,23:54,24:47,25:55,26:45,27:59,28:53,29:68,30:48,31:56,32:58,33:57,34:46,35:42,36:59,37:50,38:54,39:65,40:48,41:48,42:54,43:47,44:47,45:48,46:52,47:42,48:52,49:52,50:44
(((21)0)92)105	0.12478475027064907	1.0	1.1247847502706492	0.003610446784220991	1:15,2:64,3:69,4:75,5:85,6:65,7:72,8:71,9:86,10:86,11:68,12:74,13:79,14:82,15:89,16:65,17:79,18:75,19:72,20:80,21:85,22:67,23:70,24:74,25:90,26:110,27:85,28:61,29:75,30:75,31:74,32:70,33:82,34:84,35:81,36:86,37:74,38:69,39:81,40:75,41:86,42:85,43:73,44:77,45:82,46:89,47:84,48:75,49:80,50:79
(((0)92)21)105	0.20805410748888264	1.0	1.2080541074888826	0.0023809146999005572	1:4,2:51,3:65,4:69,5:64,6:59,7:70,8:54,9:68,10:74,11:57,12:69,13:60,14:70,15:59,16:67,17:61,18:83,19:65,20:66,21:58,22:67,23:60,24:63,25:57,26:72,27:57,28:81,29:60,30:66,31:59,32:60,33:61,34:69,35:50,36:58,37:62,38:64,39:59,40:90,41:65,42:73,43:72,44:70,45:69,46:72,47:65,48:52,49:54,50:74
(0,21,92)105	1.660117815096266	0.0	1.660117815096266	0.00024837047504884177	1:47,2:21,3:4,4:13,5:9,6:4,7:10,8:10,9:8,10:2,11:9,12:7,13:11,14:11,15:12,16:10,17:9,18:6,19:11,20:6,21:11,22:12,23:11,24:12,25:9,26:5,27:10,28:11,29:13,30:6,31:7,32:2,33:9,34:9,35:12,36:8,37:9,38:12,39:10,40:4,41:7,42:3,43:5,44:11,45:14,46:8,47:3,48:7,49:6,50:5
(((0)21)105)92	0.7634320040155177	1.0	1.7634320040155176	0.00014816855900427482	1:5,2:57,3:62,4:65,5:68,6:73,7:56,8:68,9:80,10:75,11:58,12:56,13:76,14:65,15:68,16:54,17:57,18:63,19:53,20:62,21:61,22:61,23:77,24:82,25:79,26:66,27:81,28:65,29:72,30:75,31:63,32:58,33:55,34:55,35:58,36:72,37:58,38:67,39:73,40:56,41:63,42:62,43:59,44:70,45:53,46:73,47:55,48:84,49:60,50:71
((21)0,92)105	0.900750885836998	1.0	1.900750885836998	7.457133087933859e-05	1:21,2:11,3:8,4:10,5:5,6:11,7:9,8:10,9:8,10:15,11:12,12:9,13:7,14:10,15:10,16:9,17:11,18:7,19:9,20:3,21:5,22:12,23:5,24:6,25:10,26:7,27:7,28:7,29:6,30:11,31:14,32:15,33:12,34:6,35:7,36:9,37:9,38:7,39:15,40:8,41:4,42:6,43:11,44:9,45:9,46:5,47:8,48:8,49:14,50:11
((92)0,21)105	0.9616292754766306	1.0	1.9616292754766307	5.5001704770595606e-05	1:13,2:8,3:10,4:5,5:10,6:10,7:7,8:4,9:8,10:5,11:7,12:9,13:7,14:4,15:4,16:6,17:7,18:10,19:3,20:7,21:4,22:6,23:9,24:5,25:5,26:11,27:8,28:5,29:4,30:8,31:6,32:6,33:5,34:7,35:8,36:9,37:6,38:3,39:6,40:5,41:5,42:8,43:2,44:3,45:3,46:3,47:6,48:9,49:8,50:5
(0,(92)21)105	0.9718584857485887	1.0	1.9718584857485886	5.225931378517976e-05	1:21,2:14,3:7,4:3,5:16,6:6,7:5,8:6,9:4,10:4,11:2,12:6,13:7,14:5,15:6,16:8,17:5,18:6,19:7,20:9,21:6,22:3,23:8,24:3,25:11,26:6,27:5,28:8,29:5,30:5,31:6,32:3,33:5,34:6,35:2,36:5,37:3,38:2,39:4,40:3,41:10,42:7,43:9,44:6,45:7,46:7,47:10,48:4,49:2,50:5
((0,92)21)105	1.0462699412675487	1.0	2.046269941267549	3.602311629266767e-05	1:12,2:16,3:13,4:12,5:9,6:8,7:8,8:12,9:13,10:9,11:6,12:8,13:13,14:10,15:8,16:9,17:12,18:10,19:6,20:8,21:12,22:8,23:14,24:7,25:12,26:11,27:12,28:12,29:7,30:6,31:7,32:11,33:8,34:16,35:4,36:10,37:13,38:8,39:6,40:14,41:11,42:10,43:11,44:10,45:9,46:10,47:16,48:4,49:11,50:6
(((92)0)21)105	0.24452500382661146	2.0	2.2445250038266114	1.3368290724250908e-05	1:5,2:13,3:3,4:9,5:9,6:13,7:4,8:6,9:6,10:5,11:17,12:8,13:10,14:8,15:9,16:7,17:11,18:11,19:12,20:11,21:9,22:9,23:6,24:6,25:14,26:6,27:13,28:11,29:7,30:13,31:11,32:6,33:12,34:15,35:11,36:6,37:14,38:11,39:12,40:16,41:8,42:3,43:9,44:6,45:8,46:8,47:12,48:5,49:8,50:8
(((21)92)0)105	0.24672530454721053	2.0	2.2467253045472106	1.3222025469785723e-05	1:6,2:10,3:9,4:6,5:11,6:7,7:6,8:7,9:5,10:11,11:3,12:9,13:7,14:4,15:9,16:3,17:6,18:6,19:12,20:5,21:7,22:5,23:7,24:4,25:9,26:2,27:5,28:4,29:4,30:7,31:5,32:9,33:8,34:7,35:7,36:8,37:7,38:5,39:6,40:11,41:5,42:10,43:14,44:7,45:7,46:5,47:4,48:10,49:6,50:11
(0,(21)105)92	1.4734584181441972	1.0	2.4734584181441974	4.2555263982608095e-06	1:19,2:8,3:7,4:4,5:4,6:2,7:4,8:6,9:3,10:4,11:7,12:5,13:7,14:6,15:5,16:7,17:3,18:4,19:8,20:2,21:5,22:5,23:10,24:3,25:5,26:4,27:5,28:4,29:3,30:5,31:4,32:5,33:5,34:4,35:4,36:5,37:2,38:4,39:6,40:7,41:6,42:5,43:5,44:5,45:4,46:3,47:5,48:3,49:3,50:4
((0,21)105)92	1.480536275665537	1.0	2.480536275665537	4.107560005703549e-06	1:14,2:3,3:3,4:2,5:3,6:2,7:4,8:2,9:2,10:5,11:3,12:1,13:4,15:4,16:4,17:2,19:1,20:3,21:4,22:1,23:6,24:7,25:3,26:4,27:3,28:7,30:5,31:3,32:3,33:1,34:5,35:5,36:2,38:6,39:1,40:3,41:7,42:2,43:5,44:7,46:2,47:1,48:3,49:5,50:5
((0)105,21)92	1.540125407231502	1.0	2.540125407231502	3.049212991677224e-06	1:12,2:7,3:3,4:7,6:6,7:4,8:5,9:5,10:5,11:4,12:4,13:5,14:3,15:3,16:5,17:2,18:5,19:3,20:3,21:1,22:5,23:4,24:3,25:2,26:8,27:4,28:4,29:5,30:5,31:7,32:9,33:3,34:7,35:3,36:5,37:4,38:4,39:4,40:5,41:3,42:3,43:3,44:3,45:5,46:2,47:4,48:5,49:2,50:5
(105,(0)21)92	1.587025513841189	1.0	2.587025513841189	2.4118232307406568e-06	1:25,2:7,3:6,4:5,5:8,6:6,7:6,8:3,9:1,10:5,11:8,12:8,13:8,14:5,15:4,16:3,17:8,18:6,19:7,20:4,21:3,22:5,23:5,24:3,25:4,26:3,27:11,28:5,29:2,30:1,31:5,32:5,33:2,34:4,35:1,36:4,37:8,38:4,39:5,40:4,41:5,42:3,43:5,44:9,45:3,46:5,47:8,48:5,49:7,50:6
(((0)92)105)21	0.8376713368229385	2.0	2.8376713368229387	6.887712085676423e-07	1:6,2:1,3:1,4:4,6:3,7:1,8:2,9:3,10:1,12:1,13:1,15:2,16:4,17:4,18:1,20:2,21:1,22:1,23:1,25:1,26:3,27:2,29:3,30:1,31:1,33:1,34:1,35:2,36:1,37:2,38:1,39:1,40:1,41:2,42:3,43:2,44:2,45:1,46:1,49:1
(((21)0)105)92	0.8411166476764799	2.0	2.84111664767648	6.770076675096458e-07	1:8,2:9,3:1,4:4,5:2,6:9,7:4,8:3,9:5,10:7,11:7,12:6,13:7,14:4,15:6,16:7,17:6,18:5,19:3,20:7,21:3,22:3,23:6,24:6,25:7,26:5,27:4,28:3,29:4,30:6,31:8,32:6,33:5,34:4,35:7,36:6,37:9,38:9,39:4,40:3,41:4,42:6,43:4,44:3,45:11,46:5,47:6,48:5,49:3,50:2
(((0)105)21)92	0.8865717441532245	2.0	2.8865717441532244	5.393728718152367e-07	1:8,2:1,3:2,6:3,7:3,10:2,11:1,12:2,13:1,15:1,17:1,18:3,19:1,20:1,21:1,22:2,23:1,24:2,27:1,28:3,29:2,32:2,33:2,34:1,35:5,36:4,37:3,38:3,39:3,40:2,42:5,44:1,45:1,47:5,49:2,50:2
((21,92)0)105	1.1324392036661393	2.0	3.1324392036661393	1.5775919980566615e-07	1:11,2:19,3:10,4:11,5:12,6:14,7:10,8:13,9:11,10:11,11:10,12:12,13:15,14:13,15:13,16:10,17:8,18:6,19:12,20:17,21:9,22:12,23:14,24:8,25:9,26:7,27:9,28:15,29:10,30:18,31:10,32:10,33:9,34:13,35:8,36:18,37:11,38:13,39:7,40:13,41:21,42:12,43:14,44:13,45:10,46:13,47:11,48:18,49:17,50:11
(((92)21)0)105	0.33243885775953175	3.0	3.3324388577595316	5.8036466640062115e-08	1:10,2:48,3:65,4:50,5:60,6:64,7:67,8:64,9:72,10:66,11:77,12:70,13:63,14:58,15:68,16:74,17:64,18:57,19:78,20:55,21:60,22:64,23:74,24:76,25:62,26:72,27:61,28:69,29:57,30:56,31:77,32:63,33:52,34:68,35:69,36:64,37:80,38:64,39:64,40:67,41:62,42:70,43:65,44:59,45:76,46:58,47:74,48:70,49:73,50:65
(0,105,21)92	2.436690813377848	1.0	3.436690813377848	3.446043209518058e-08	1:44,2:6,3:8,4:8,5:11,6:7,7:10,8:8,9:12,10:9,11:9,12:10,13:11,14:6,15:7,16:6,17:7,18:13,19:8,20:2,21:9,22:4,23:8,24:11,25:6,26:10,27:6,28:9,29:6,30:8,31:9,32:7,33:10,34:6,35:14,36:11,37:7,38:14,39:8,40:6,41:7,42:9,43:12,44:6,45:8,46:7,47:7,48:13,49:11,50:12
(0,(92)105)21	1.5797255362878706	2.0	3.579725536287871	1.6854845049680757e-08	1:26,2:2,3:7,4:4,6:4,7:4,8:5,9:3,10:3,11:3,12:5,13:4,14:4,15:4,16:3,17:4,18:3,19:4,20:5,21:3,22:3,23:3,24:7,25:7,26:4,27:3,28:1,29:4,30:1,31:4,33:5,34:6,35:2,36:5,37:4,38:3,39:6,40:5,41:8,42:5,43:6,44:6,45:6,46:3,47:6,48:10,49:2,50:5
((21)0,105)92	1.5980431684148464	2.0	3.598043168414846	1.537972363610523e-08	1:23,2:8,3:11,4:6,5:8,6:5,7:4,8:2,9:3,10:7,11:5,12:2,13:4,14:6,15:5,16:6,17:7,18:3,19:5,20:6,21:3,22:3,23:5,24:4,25:2,26:4,27:3,28:3,29:2,30:3,31:4,32:4,33:5,34:2,35:4,36:5,38:1,39:1,40:7,41:6,42:5,43:2,44:3,45:1,46:6,47:9,48:7,49:4,50:2
((0,92)105)21	1.6136374723892875	2.0	3.6136374723892875	1.4226102408913371e-08	1:11,2:2,3:6,4:3,5:2,6:3,7:8,8:3,9:3,10:2,11:2,12:4,13:4,14:3,15:4,16:1,17:1,18:3,19:3,20:4,21:3,22:2,23:8,24:3,25:3,26:3,27:4,28:3,29:2,30:4,31:3,32:5,33:5,34:3,35:7,36:2,37:3,38:2,39:5,40:1,41:8,42:2,43:9,44:4,45:3,46:2,48:3,49:5,50:3
((0,105)21)92	1.6288259436181567	2.0	3.628825943618157	1.3185742323875083e-08	1:12,2:4,3:2,4:4,5:1,6:4,7:2,8:2,9:4,10:3,11:6,13:4,14:5,15:8,16:3,17:4,18:3,19:1,20:2,21:1,22:7,23:4,24:1,25:4,26:4,27:2,28:2,29:2,30:4,31:4,32:2,33:8,34:5,35:4,36:3,37:1,38:3,39:4,40:5,41:5,42:5,43:11,44:3,46:3,48:3,49:3,50:6
(0,(105)21)92	1.7439233377584542	2.0	3.743923337758454	7.416069116630663e-09	1:16,2:2,3:5,4:2,5:4,6:5,7:7,8:4,9:7,11:6,12:6,13:4,14:4,15:5,16:7,17:5,18:2,19:1,20:4,21:6,22:3,23:5,24:2,26:4,27:4,28:4,29:10,30:4,31:1,32:7,33:2,34:6,35:2,36:6,37:5,38:5,39:4,40:5,41:6,42:4,43:6,44:4,45:6,46:3,47:5,48:9,49:2,50:2
((0)105,92)21	1.750303319427807	2.0	3.750303319427807	7.183230698066394e-09	1:23,2:5,3:3,4:7,5:4,6:3,7:2,8:4,9:4,10:7,11:5,12:3,13:3,14:4,15:7,16:3,17:3,18:2,19:6,20:3,21:2,22:3,23:3,24:2,25:5,26:2,27:3,28:5,29:7,30:5,31:6,32:2,33:6,34:6,35:2,36:7,37:10,38:6,39:7,40:4,41:2,42:2,43:3,44:1,45:2,46:5,47:3,48:3,49:3,50:5
(105,(0)92)21	1.750503319427807	2.0	3.750503319427807	7.176051057786762e-09	1:27,2:7,3:9,4:7,5:5,6:4,7:2,8:6,9:5,10:5,11:6,12:5,13:3,14:4,15:4,16:5,17:5,18:6,19:4,20:2,22:3,23:2,24:4,25:5,26:5,27:6,28:8,29:2,30:5,31:5,32:8,33:4,34:5,35:3,36:6,38:5,39:4,40:5,41:1,42:5,43:9,44:5,45:6,46:5,47:5,48:7,49:2,50:5
((105)0,21)92	1.7982360779407063	2.0	3.7982360779407065	5.652429468957052e-09	1:10,2:5,3:3,4:2,5:4,6:6,7:5,8:4,9:3,10:2,11:3,12:3,13:1,14:7,15:4,16:3,17:4,18:4,19:7,20:4,21:5,22:4,23:4,24:7,25:3,26:5,27:6,28:4,29:6,30:8,31:3,32:5,33:4,34:4,35:7,36:7,37:4,38:4,39:3,40:3,41:4,42:3,43:4,45:4,46:5,47:3,49:2,50:7
(((21)105)0)92	0.8919840770051907	3.0	3.8919840770051906	3.5372353658134287e-09	1:7,2:1,3:2,4:2,5:1,7:3,8:4,9:2,10:1,11:1,13:1,14:1,15:1,16:2,17:1,20:3,21:2,22:1,24:1,25:1,26:1,27:1,29:1,30:1,31:3,32:1,34:1,36:1,37:1,38:2,39:2,40:1,44:1
(((0)105)92)21	0.9243860048947135	3.0	3.9243860048947132	3.0081817078949376e-09	1:6,2:52,3:50,4:70,5:56,6:54,7:61,8:71,9:63,10:60,11:65,12:69,13:56,14:64,15:70,16:59,17:64,18:72,19:69,20:62,21:67,22:62,23:70,24:61,25:66,26:64,27:68,28:68,29:69,30:53,31:52,32:56,33:69,34:54,35:72,36:57,37:63,38:65,39:72,40:60,41:59,42:72,43:61,44:76,45:55,46:59,47:57,48:67,49:56,50:67
(((21)92)105)0	0.9408844843354767	3.0	3.9408844843354767	2.7699891833644152e-09	1:11,3:2,4:2,5:2,7:1,8:1,10:1,11:2,12:2,13:2,15:1,16:1,17:1,18:5,19:2,20:3,21:3,22:2,23:1,24:1,25:2,26:2,27:2,28:1,29:1,30:2,31:3,32:3,33:2,34:3,35:3,36:2,38:2,39:1,40:2,41:1,43:2,45:3,46:2,50:1
(((105)0)21)92	0.9877845909451636	3.0	3.9877845909451635	2.190966744393898e-09	1:12,2:2,3:3,4:3,5:1,6:6,7:1,9:1,11:1,12:4,13:2,14:3,15:1,17:2,18:1,19:2,20:5,21:2,22:1,24:4,25:3,26:2,27:2,28:1,29:2,30:2,31:4,32:3,33:3,34:5,35:2,36:1,37:3,38:2,39:1,40:1,41:4,42:2,43:1,44:2,45:3,46:4,48:6,49:2,50:2
(((92)0)105)21	1.035096234039863	3.0	4.035096234039863	1.7294175348263945e-09	1:6,2:2,3:1,4:2,5:1,6:2,7:1,8:2,10:5,11:1,12:1,13:2,14:3,15:1,16:2,17:4,18:1,19:1,20:1,21:2,22:4,23:1,24:1,25:6,26:3,27:1,28:1,29:1,30:3,32:3,33:1,34:2,35:3,36:3,37:3,38:1,40:5,41:3,43:1,44:3,45:4,46:1,47:5,49:3,50:4
(0,105,92)21	2.6271777861423846	2.0	4.627177786142385	8.95800093555093e-11	1:48,2:8,3:8,4:11,5:6,6:3,7:9,8:15,9:6,10:8,11:6,12:11,13:7,14:11,15:7,16:8,17:6,18:9,19:8,20:12,21:9,22:7,23:10,24:8,25:10,26:6,27:13,28:6,29:10,30:11,31:5,32:7,33:9,34:10,35:10,36:9,37:11,38:5,39:15,40:8,41:6,42:11,43:12,44:9,45:10,46:8,47:7,48:6,49:3,50:10
((21,92)105)0	1.6809021036653349	3.0	4.680902103665335	6.847786796100903e-11	1:14,2:2,3:2,4:6,5:3,6:8,7:5,8:2,9:6,10:3,11:3,12:5,13:2,14:4,15:3,16:7,17:5,18:1,19:4,20:8,21:6,22:3,23:1,24:8,25:4,26:4,27:2,28:7,29:5,30:5,31:5,32:4,33:7,34:4,35:3,36:6,37:4,38:3,39:1,40:3,41:3,42:5,43:6,44:5,45:5,46:3,47:4,48:3,49:2,50:4
((0,105)92)21	1.6813125256330799	3.0	4.68131252563308	6.833748794130435e-11	1:16,2:6,3:4,4:1,5:5,6:2,7:5,8:6,9:2,10:3,11:2,12:6,13:1,14:2,15:3,16:6,17:2,18:1,19:1,20:1,21:1,22:6,23:3,24:4,25:3,26:1,27:3,28:3,29:1,30:3,31:2,32:3,33:3,34:3,35:6,36:5,37:3,38:2,39:4,40:4,41:5,42:1,43:2,45:1,46:4,47:1,48:2,49:3,50:4
((92)105,21)0	1.6983017429184954	3.0	4.6983017429184954	6.277220634192134e-11	1:25,2:7,3:2,4:3,5:1,6:5,7:3,8:3,9:4,10:5,11:1,12:4,13:3,14:3,15:5,16:2,17:4,18:1,19:3,20:6,21:5,22:4,23:6,24:5,25:4,26:4,27:3,28:6,29:4,30:9,31:5,32:5,33:6,34:4,35:6,36:5,37:5,38:4,39:3,40:9,41:5,42:5,43:2,44:4,45:6,46:7,47:2,48:4,49:6,50:4
((105,21)0)92	1.6985017429184954	3.0	4.698501742918495	6.270946551122332e-11	1:13,2:5,3:1,4:4,5:2,6:4,8:6,9:10,10:3,11:3,12:6,13:6,14:3,15:5,16:9,17:4,18:4,19:4,20:4,21:5,22:8,23:2,24:7,25:6,26:8,27:3,28:4,29:4,30:6,31:3,32:8,33:3,34:4,35:5,36:5,37:4,38:4,39:7,40:4,41:8,42:6,43:9,44:6,45:3,46:4,47:6,48:4,49:8,50:5
(0,(105)92)21	1.7628018386733795	3.0	4.762801838673379	4.546814280326271e-11	1:28,2:7,3:6,4:7,5:6,6:6,7:3,8:4,9:6,10:7,11:5,12:3,13:3,14:3,15:5,16:2,17:6,18:2,19:6,20:5,21:10,22:2,23:6,24:6,25:3,26:5,27:4,28:4,29:8,30:6,31:3,32:7,33:2,34:3,35:3,36:5,37:1,38:7,39:3,40:1,41:10,42:3,43:8,44:5,45:5,46:3,47:5,48:3,49:13,50:5
((92)0,105)21	1.7773504335047952	3.0	4.777350433504795	4.227808845459262e-11	1:28,2:9,3:5,4:1,5:6,6:4,7:5,8:4,9:3,10:8,11:4,12:4,13:3,14:5,15:4,16:3,17:3,18:6,19:5,20:6,21:4,22:7,23:3,24:2,25:3,26:4,28:4,29:4,30:3,31:2,32:2,33:3,34:5,35:6,36:5,37:3,38:3,39:3,40:6,41:3,42:3,44:3,45:3,46:2,47:5,48:2,49:3,50:2
((21)105,92)0	1.8031503514682297	3.0	4.803150351468229	3.716135430756644e-11	1:17,2:3,3:6,4:2,5:6,7:3,8:3,9:5,10:5,11:7,12:5,13:4,14:9,15:4,16:1,17:2,18:6,19:2,20:3,21:4,22:3,24:1,25:6,26:7,27:5,28:4,29:2,30:3,31:4,32:3,33:6,34:3,35:7,36:2,37:9,38:8,39:1,40:6,41:4,42:3,43:6,44:4,45:1,46:6,47:4,48:3,49:5
(105,(21)92)0	1.8522507587985158	3.0	4.852250758798515	2.9071761909497796e-11	1:19,2:6,3:4,4:3,5:3,6:5,7:5,8:4,9:4,10:4,11:5,12:6,13:4,14:5,15:3,16:5,17:8,18:2,19:9,20:3,21:4,22:1,23:4,24:7,25:4,26:3,27:6,28:4,29:5,30:4,31:5,32:6,33:6,34:4,35:3,36:6,37:9,38:2,39:9,40:2,41:3,42:3,43:7,44:7,45:2,46:5,47:6,48:2,49:7,50:2
(((21)105)92)0	0.9141567946227553	4.0	4.914156794622755	2.1332615438707784e-11	1:9,2:4,3:8,4:10,5:4,6:8,7:6,8:3,9:5,10:6,11:7,12:5,13:5,14:11,15:2,16:4,17:2,18:4,19:4,20:3,21:7,22:4,23:7,24:6,25:6,26:2,27:4,29:3,30:3,31:1,32:11,33:8,34:4,35:6,36:7,37:1,38:4,39:5,40:2,41:4,42:6,43:3,44:11,45:7,46:2,47:7,48:1,49:4,50:3
((105)0,92)21	1.9380540182727395	3.0	4.938054018272739	1.8930057913463376e-11	1:20,2:6,3:5,4:6,5:7,6:5,7:3,8:6,9:4,10:4,11:5,12:2,13:7,14:6,15:5,16:4,17:9,18:4,19:7,20:7,21:4,22:2,23:4,24:4,25:4,26:5,27:11,28:6,29:8,30:7,31:12,32:4,33:2,34:4,35:5,36:3,37:2,38:4,39:2,40:6,41:3,42:6,43:6,44:6,45:4,46:5,47:4,48:7,49:2,50:5
(((92)105)0)21	0.9386841836148776	4.0	4.938684183614877	1.8870506448794874e-11	1:9,3:1,4:1,5:2,6:3,9:1,10:1,11:1,12:2,14:3,15:1,17:1,19:1,21:1,22:2,23:1,25:1,26:2,27:2,28:1,30:1,31:1,32:1,33:1,34:1,37:2,38:1,39:4,41:1,42:1,43:2,48:1,49:2
(((105)21)0)92	0.9622560870935876	4.0	4.9622560870935875	1.677250067099573e-11	1:4,3:1,4:1,5:3,6:1,7:2,8:3,9:2,10:2,11:4,12:3,13:2,14:1,16:1,17:1,18:2,19:2,20:2,22:1,24:2,26:7,27:1,29:2,30:2,31:3,33:2,34:1,35:1,36:1,39:1,40:1,44:3,45:2,46:2,47:1,48:2,49:2,50:1
(((92)21)105)0	1.0996381844940735	4.0	5.099638184494074	8.438716245778334e-12	1:6,2:2,3:1,4:1,5:2,6:1,7:3,8:1,9:4,10:1,12:2,13:1,15:2,16:1,17:2,18:3,20:1,21:2,23:3,24:1,25:3,26:3,27:1,28:1,29:3,30:2,33:2,34:3,35:2,36:2,37:1,38:1,39:2,40:2,41:2,42:1,44:1,45:1,46:1,47:3,48:1,49:5,50:4
(((105)0)92)21	1.0998381844940734	4.0	5.0998381844940734	8.430281747484597e-12	1:8,2:7,3:5,4:4,5:6,6:9,7:4,8:7,9:4,10:9,11:7,12:4,13:6,14:4,15:2,16:5,17:7,18:4,19:9,20:8,21:3,22:8,23:2,24:7,25:5,26:7,27:2,28:3,29:4,30:10,31:9,32:7,33:9,34:3,35:8,36:6,37:6,38:8,39:3,40:1,41:4,42:4,43:3,44:5,45:8,46:6,47:4,48:2,49:3,50:7
(105,21,92)0	2.7346840621907313	3.0	5.734684062190731	3.5260769169791634e-13	1:41,2:13,3:6,4:10,5:10,6:7,7:10,8:10,9:10,10:9,11:4,12:5,13:8,14:7,15:8,16:12,17:9,18:8,19:9,20:11,21:5,22:11,23:8,24:12,25:13,26:7,27:6,28:3,29:8,30:9,31:4,32:15,33:15,34:9,35:11,36:8,37:14,38:9,39:5,40:3,41:10,42:10,43:6,44:9,45:8,46:14,47:10,48:12,49:4,50:9
((105,21)92)0	1.7377503044484266	4.0	5.737750304448427	3.4724301723179957e-13	1:13,2:6,3:4,4:6,5:6,6:6,7:1,8:5,9:3,10:4,11:5,12:5,13:3,14:5,15:3,17:3,18:3,19:2,20:3,21:2,22:2,23:2,24:3,25:4,26:3,27:2,28:2,29:6,30:4,31:3,32:3,33:1,34:3,35:3,36:2,37:1,38:4,39:4,40:4,41:1,42:2,43:1,44:5,45:2,46:4,47:8,48:5,49:1,50:5
(21,(105)92)0	1.84897110107197	4.0	5.84897110107197	1.9912263467201728e-13	1:19,2:6,3:5,4:8,5:6,6:1,7:2,8:1,9:1,10:3,11:6,12:4,13:5,14:4,15:3,16:7,17:8,18:4,19:5,20:4,21:4,22:3,23:6,24:8,25:4,26:4,27:6,28:5,29:4,30:4,31:6,32:7,33:7,34:6,35:5,36:4,37:7,38:4,39:1,40:1,41:2,42:3,43:3,44:7,45:4,46:4,47:9,48:5,49:2,50:1
((105,92)0)21	1.8500504580779167	4.0	5.8500504580779165	1.9805090716082937e-13	1:9,2:5,3:4,4:8,5:3,6:4,7:9,8:4,9:6,10:7,11:2,12:3,13:6,14:4,15:11,16:4,17:4,18:12,19:4,20:8,21:7,22:3,23:3,24:4,25:4,26:3,27:4,28:4,29:5,30:6,31:7,32:3,33:8,34:3,35:4,36:3,37:10,38:6,39:4,40:6,41:6,42:8,43:7,44:3,45:11,46:4,47:5,48:4,49:5,50:6
(105,(92)21)0	1.9061558504073781	4.0	5.906155850407378	1.4960479884604554e-13	1:18,2:5,3:3,5:4,6:1,7:3,8:3,9:3,10:4,11:10,12:5,13:2,14:2,15:4,16:3,17:1,18:6,19:3,21:6,22:5,23:2,24:3,25:2,26:5,27:3,28:5,29:3,30:1,31:2,32:2,33:4,34:1,35:6,36:3,37:4,38:7,39:4,40:2,41:2,42:4,43:2,44:6,45:5,46:6,47:5,48:3,49:3,50:4
(((105)92)0)21	0.9610569012324423	5.0	5.961056901232443	1.1369186937541045e-13	1:3,4:4,5:2,6:1,8:2,9:2,10:1,12:3,15:1,19:1,20:1,21:1,22:4,24:1,26:2,27:2,28:3,30:1,31:2,32:1,33:3,34:1,37:1,38:2,39:1,40:1,41:2,42:2,43:1,44:2,46:3,47:3,48:2,49:4,50:1
(((92)105)21)0	0.9620560870935876	5.0	5.962056087093588	1.1312528930880805e-13	1:7,2:1,3:3,4:2,5:2,6:4,7:2,8:5,9:2,10:1,11:3,13:2,14:6,16:1,17:3,18:4,19:1,20:1,21:1,22:4,23:2,24:1,25:5,26:1,27:1,28:4,29:4,30:4,31:2,32:2,33:1,34:3,35:2,36:1,37:2,38:1,40:4,41:1,42:1,43:2,44:3,45:3,46:2,47:2,48:8,49:1,50:1
((105)21,92)0	1.9699105404890778	4.0	5.969910540489078	1.0876870905563766e-13	1:22,2:6,3:3,4:1,5:12,6:9,7:8,8:6,9:4,10:9,11:4,12:7,13:6,14:9,15:3,16:3,17:5,18:5,19:8,20:7,21:4,22:6,23:4,24:6,25:5,26:4,27:3,28:6,29:9,30:2,31:4,32:6,33:1,34:3,35:3,36:2,37:3,38:6,39:5,40:5,41:8,42:4,43:2,44:3,45:5,46:7,47:1,48:6,49:9,50:2
(((105)21)92)0	1.084196641370149	5.0	6.0841966413701485	6.142354238071207e-14	1:7,2:48,3:72,4:62,5:52,6:65,7:65,8:55,9:59,10:60,11:59,12:77,13:53,14:73,15:64,16:65,17:68,18:74,19:68,20:56,21:70,22:83,23:60,24:50,25:58,26:55,27:54,28:59,29:54,30:70,31:67,32:76,33:74,34:72,35:54,36:65,37:54,38:70,39:63,40:62,41:52,42:74,43:57,44:71,45:68,46:65,47:68,48:58,49:56,50:71
((105,92)21)0	1.8748880696984562	5.0	6.874888069698456	1.1786103163270963e-15	1:10,2:5,3:8,4:3,5:4,6:4,7:2,8:3,9:4,10:5,11:1,12:3,13:4,14:3,15:5,16:4,17:2,18:3,19:2,20:2,21:3,22:3,23:3,24:1,25:4,26:5,27:6,28:3,29:10,30:2,31:2,32:1,33:1,34:4,35:3,36:1,37:2,38:1,39:4,40:4,41:6,42:7,43:5,44:2,45:4,46:2,47:3,48:1,49:6,50:3
(((105)92)21)0	1.0489707551653626	6.0	7.048970755165363	4.935765177729597e-16	1:12,2:2,3:1,4:1,5:3,7:2,8:1,9:2,10:5,11:2,13:2,15:3,16:1,17:1,18:2,20:1,21:4,22:1,26:1,27:4,28:3,29:1,30:2,31:3,33:1,34:2,35:1,37:3,38:1,39:2,40:4,41:1,42:2,43:2,45:1,46:3,47:2,48:1,49:2,50:1
