# generation count = 50 
#
generation.index	generationHighestFitness	generationMedianFitness	populationHighestFitness	populationMedianFitness
1	0.6187818017205856	7.176051057786762e-09	0.6187818017205856	7.176051057786762e-09
2	0.6187818017205856	0.00014816855900427482	0.6187818017205856	1.5775919980566615e-07
3	0.6187818017205856	0.00024837047504884177	0.6187818017205856	4.2555263982608095e-06
4	0.6187818017205856	0.0023809146999005572	0.6187818017205856	5.225931378517976e-05
5	0.6187818017205856	0.00024837047504884177	0.6187818017205856	5.5001704770595606e-05
6	0.6187818017205856	0.0023809146999005572	0.6187818017205856	0.00014816855900427482
7	0.6187818017205856	0.00014816855900427482	0.6187818017205856	0.00014816855900427482
8	0.6187818017205856	0.00019826951702655828	0.6187818017205856	0.00014816855900427482
9	0.6187818017205856	0.0023809146999005572	0.6187818017205856	0.00014816855900427482
10	0.6187818017205856	0.0023809146999005572	0.6187818017205856	0.00014816855900427482
11	0.6187818017205856	0.0023809146999005572	0.6187818017205856	0.00014816855900427482
12	0.6187818017205856	0.0023809146999005572	0.6187818017205856	0.00014816855900427482
13	0.6187818017205856	0.00014816855900427482	0.6187818017205856	0.00014816855900427482
14	0.6187818017205856	0.00014816855900427482	0.6187818017205856	0.00014816855900427482
15	0.6187818017205856	0.0023809146999005572	0.6187818017205856	0.00014816855900427482
16	0.6187818017205856	0.0023809146999005572	0.6187818017205856	0.00014816855900427482
17	0.6187818017205856	0.00014816855900427482	0.6187818017205856	0.00014816855900427482
18	0.6187818017205856	0.0023809146999005572	0.6187818017205856	0.00014816855900427482
19	0.6187818017205856	0.00014816855900427482	0.6187818017205856	0.00014816855900427482
20	0.6187818017205856	0.0023809146999005572	0.6187818017205856	0.00014816855900427482
21	0.6187818017205856	0.0023809146999005572	0.6187818017205856	0.00014816855900427482
22	0.6187818017205856	0.00014816855900427482	0.6187818017205856	0.00014816855900427482
23	0.6187818017205856	0.0023809146999005572	0.6187818017205856	0.00014816855900427482
24	0.6187818017205856	0.0023809146999005572	0.6187818017205856	0.00014816855900427482
25	0.6187818017205856	0.0023809146999005572	0.6187818017205856	0.00014816855900427482
26	0.6187818017205856	0.00014816855900427482	0.6187818017205856	0.00014816855900427482
27	0.6187818017205856	0.0023809146999005572	0.6187818017205856	0.00014816855900427482
28	0.6187818017205856	0.00024837047504884177	0.6187818017205856	0.00014816855900427482
29	0.6187818017205856	0.0023809146999005572	0.6187818017205856	0.00014816855900427482
30	0.6187818017205856	0.0013146425874746995	0.6187818017205856	0.00014816855900427482
31	0.6187818017205856	0.0013146425874746995	0.6187818017205856	0.00014816855900427482
32	0.6187818017205856	0.0023809146999005572	0.6187818017205856	0.00014816855900427482
33	0.6187818017205856	0.0023809146999005572	0.6187818017205856	0.00014816855900427482
34	0.6187818017205856	0.0023809146999005572	0.6187818017205856	0.00014816855900427482
35	0.6187818017205856	0.0023809146999005572	0.6187818017205856	0.00014816855900427482
36	0.6187818017205856	0.0023809146999005572	0.6187818017205856	0.00014816855900427482
37	0.6187818017205856	0.0023809146999005572	0.6187818017205856	0.00014816855900427482
38	0.6187818017205856	0.0013146425874746995	0.6187818017205856	0.00014816855900427482
39	0.6187818017205856	0.0023809146999005572	0.6187818017205856	0.00024837047504884177
40	0.6187818017205856	0.0023809146999005572	0.6187818017205856	0.00024837047504884177
41	0.6187818017205856	0.0023809146999005572	0.6187818017205856	0.00024837047504884177
42	0.6187818017205856	0.00014816855900427482	0.6187818017205856	0.00024837047504884177
43	0.6187818017205856	0.00024837047504884177	0.6187818017205856	0.00024837047504884177
44	0.6187818017205856	0.00014816855900427482	0.6187818017205856	0.00024837047504884177
45	0.6187818017205856	0.0023809146999005572	0.6187818017205856	0.00024837047504884177
46	0.6187818017205856	0.00024837047504884177	0.6187818017205856	0.00024837047504884177
47	0.6187818017205856	0.0013146425874746995	0.6187818017205856	0.00024837047504884177
48	0.6187818017205856	0.00014816855900427482	0.6187818017205856	0.00024837047504884177
49	0.6187818017205856	0.0023809146999005572	0.6187818017205856	0.00024837047504884177
50	0.6187818017205856	0.0023809146999005572	0.6187818017205856	0.00024837047504884177
############################################################
Topology	MassCost	TopologyCost	Cost	Fitness	appearances(generationID:count)
(((0)21)92)105	0.09600051393997294	0.0	0.09600051393997294	0.6187818017205856	1:5,2:134,3:198,4:214,5:203,6:200,7:164,8:216,9:201,10:221,11:217,12:194,13:173,14:194,15:207,16:194,17:201,18:217,19:190,20:203,21:200,22:186,23:221,24:203,25:200,26:182,27:198,28:200,29:230,30:196,31:205,32:203,33:212,34:188,35:205,36:162,37:198,38:197,39:191,40:207,41:213,42:190,43:202,44:185,45:203,46:200,47:186,48:178,49:211,50:184
(21,(0)92)105	0.7893180266601442	0.0	0.7893180266601442	0.019320469808163012	1:23,2:46,3:10,4:10,5:10,6:13,7:11,8:9,9:5,10:7,11:7,12:5,13:5,14:6,15:7,16:10,17:11,18:6,19:13,20:14,21:11,22:8,23:8,24:8,25:4,26:8,27:11,28:8,29:12,30:10,31:7,32:7,33:10,34:11,35:6,36:11,37:6,38:9,39:6,40:7,41:10,42:6,43:8,44:10,45:11,46:10,47:9,48:8,49:4,50:7
(0,(21)92)105	0.8252665428966349	0.0	0.8252665428966349	0.016141967612671747	1:20,2:54,3:53,4:48,5:41,6:37,7:56,8:53,9:50,10:44,11:55,12:45,13:47,14:44,15:48,16:56,17:39,18:54,19:45,20:52,21:52,22:55,23:48,24:46,25:47,26:40,27:51,28:35,29:52,30:36,31:37,32:40,33:41,34:39,35:50,36:53,37:44,38:57,39:51,40:42,41:57,42:44,43:49,44:42,45:53,46:31,47:46,48:52,49:54,50:52
((0)21,92)105	0.8360181332698311	0.0	0.8360181332698311	0.01529712056977484	1:19,2:75,3:38,4:47,5:48,6:54,7:46,8:42,9:61,10:56,11:55,12:51,13:43,14:53,15:60,16:44,17:47,18:36,19:45,20:49,21:54,22:51,23:60,24:60,25:60,26:54,27:61,28:46,29:48,30:43,31:43,32:53,33:55,34:55,35:57,36:58,37:43,38:50,39:61,40:45,41:37,42:44,43:53,44:43,45:43,46:53,47:57,48:56,49:40,50:59
((0,21)92)105	0.9064520009355156	0.0	0.9064520009355156	0.010756339205466795	1:14,2:38,3:42,4:42,5:52,6:55,7:60,8:56,9:56,10:49,11:64,12:59,13:59,14:55,15:53,16:57,17:37,18:45,19:52,20:51,21:62,22:53,23:39,24:42,25:49,26:41,27:49,28:52,29:44,30:52,31:64,32:53,33:58,34:53,35:53,36:57,37:55,38:38,39:46,40:62,41:57,42:54,43:54,44:62,45:52,46:50,47:61,48:59,49:53,50:50
(((21)0)92)105	0.12478475027064907	1.0	1.1247847502706492	0.003610446784220991	1:6,2:64,3:86,4:81,5:73,6:88,7:79,8:66,9:79,10:74,11:65,12:78,13:80,14:69,15:91,16:84,17:85,18:77,19:77,20:78,21:77,22:71,23:71,24:85,25:79,26:77,27:73,28:85,29:67,30:95,31:82,32:82,33:80,34:86,35:72,36:86,37:92,38:89,39:89,40:81,41:67,42:81,43:65,44:76,45:80,46:79,47:77,48:70,49:75,50:91
(((0)92)21)105	0.20805410748888264	1.0	1.2080541074888826	0.0023809146999005572	1:4,2:52,3:67,4:71,5:70,6:69,7:65,8:50,9:50,10:56,11:60,12:74,13:78,14:67,15:54,16:58,17:58,18:76,19:68,20:54,21:76,22:63,23:55,24:59,25:68,26:79,27:67,28:72,29:72,30:68,31:62,32:63,33:56,34:73,35:63,36:79,37:72,38:60,39:75,40:63,41:66,42:69,43:66,44:54,45:63,46:75,47:64,48:63,49:74,50:69
(0,21,92)105	1.660117815096266	0.0	1.660117815096266	0.00024837047504884177	1:51,2:17,3:13,4:9,5:8,6:4,7:4,8:8,9:6,10:13,11:5,12:5,13:12,14:7,15:7,16:11,17:6,18:10,19:6,20:7,21:3,22:9,23:10,24:8,25:9,26:15,27:3,28:4,29:6,30:7,31:9,32:6,33:10,34:7,35:12,36:6,37:9,38:10,39:10,40:9,41:12,42:3,43:6,44:10,45:6,46:8,47:10,48:11,49:11,50:9
(((0)21)105)92	0.7634320040155177	1.0	1.7634320040155176	0.00014816855900427482	1:9,2:61,3:68,4:64,5:73,6:65,7:75,8:53,9:62,10:58,11:58,12:79,13:74,14:71,15:56,16:68,17:64,18:47,19:69,20:58,21:49,22:82,23:63,24:67,25:64,26:70,27:55,28:54,29:63,30:64,31:60,32:69,33:67,34:58,35:65,36:67,37:45,38:60,39:55,40:76,41:59,42:70,43:69,44:57,45:67,46:68,47:62,48:74,49:64,50:56
((21)0,92)105	0.900750885836998	1.0	1.900750885836998	7.457133087933859e-05	1:16,2:14,3:8,4:5,5:15,6:9,7:8,8:9,9:14,10:5,11:10,12:12,13:11,14:13,15:13,16:11,17:6,18:7,19:9,20:8,21:8,22:12,23:12,24:10,25:6,26:10,27:10,28:15,29:14,30:12,31:13,32:16,33:9,34:7,35:9,36:6,37:10,38:11,39:10,40:6,41:8,42:10,43:6,44:10,45:6,46:6,47:8,48:4,49:10,50:11
((92)0,21)105	0.9616292754766306	1.0	1.9616292754766307	5.5001704770595606e-05	1:26,2:12,3:13,4:9,5:12,6:8,7:8,8:7,9:7,10:7,11:8,12:5,13:8,14:7,15:11,16:5,17:7,18:7,19:3,20:10,21:6,22:10,23:7,24:8,25:5,26:9,27:6,28:9,29:5,30:8,31:4,32:3,33:3,34:7,35:7,36:4,37:6,38:6,39:8,40:10,41:6,42:5,43:5,44:7,45:9,46:7,47:3,48:6,49:8,50:9
(0,(92)21)105	0.9718584857485887	1.0	1.9718584857485886	5.225931378517976e-05	1:16,2:24,3:4,4:8,5:4,6:7,7:3,8:1,9:4,10:5,11:6,12:7,13:7,14:6,15:6,16:5,17:13,18:10,19:4,20:7,21:4,22:4,23:7,24:6,25:4,26:6,27:10,28:5,29:6,30:6,31:3,32:2,33:5,34:5,35:7,36:4,37:8,38:3,39:5,40:7,41:4,42:5,43:6,44:10,45:8,46:5,47:4,48:2,49:4,50:7
((0,92)21)105	1.0462699412675487	1.0	2.046269941267549	3.602311629266767e-05	1:18,2:16,3:14,4:3,5:10,6:2,7:7,8:11,9:10,10:8,11:8,12:5,13:9,14:9,15:10,16:6,17:13,18:13,19:13,20:15,21:7,22:17,23:8,24:7,25:8,26:12,27:12,28:6,29:10,30:12,31:16,32:7,33:7,34:10,35:8,36:10,37:8,38:11,39:11,40:11,41:7,42:10,43:16,44:5,45:5,46:8,47:11,48:11,49:12,50:7
(((92)0)21)105	0.24452500382661146	2.0	2.2445250038266114	1.3368290724250908e-05	1:3,2:8,3:10,4:6,5:8,6:19,7:5,8:14,9:12,10:11,11:5,12:9,13:7,14:11,15:6,16:9,17:10,18:12,19:7,20:10,21:5,22:14,23:8,24:9,25:18,26:12,27:10,28:6,29:7,30:10,31:9,32:8,33:8,34:7,35:6,36:11,37:10,38:14,39:7,40:6,41:6,42:10,43:10,44:8,45:1,46:7,47:8,48:11,49:6,50:6
(((21)92)0)105	0.24672530454721053	2.0	2.2467253045472106	1.3222025469785723e-05	1:10,2:6,3:8,4:5,5:6,6:7,7:10,8:9,9:5,10:6,11:7,12:8,13:6,14:12,15:5,16:3,17:6,18:5,19:3,20:9,21:7,22:5,23:10,24:5,25:4,26:3,27:2,28:4,29:4,30:11,31:6,32:8,33:7,34:1,35:9,36:4,37:10,38:8,39:3,40:3,41:7,42:4,43:4,44:11,45:6,46:5,47:3,48:8,49:6,50:6
(0,(21)105)92	1.4734584181441972	1.0	2.4734584181441974	4.2555263982608095e-06	1:17,2:15,3:3,5:5,6:2,7:3,8:3,9:6,10:2,11:4,12:5,13:4,14:2,15:5,16:4,17:5,18:9,19:7,20:4,21:3,22:5,23:5,24:6,25:1,26:2,27:4,28:3,29:3,30:6,31:7,32:6,33:3,34:10,35:8,36:5,37:6,38:5,39:6,40:9,41:5,42:7,43:3,44:7,45:6,46:8,47:3,48:5,49:8,50:4
((0,21)105)92	1.480536275665537	1.0	2.480536275665537	4.107560005703549e-06	1:22,2:5,3:4,4:2,5:2,6:2,7:1,8:4,9:2,10:3,11:6,12:2,13:3,14:1,15:1,16:4,17:4,18:7,19:3,20:2,21:7,23:2,24:1,25:4,26:5,27:6,28:2,29:5,30:3,31:4,32:4,33:3,34:1,35:8,36:4,37:2,38:3,39:2,40:2,41:3,42:2,43:5,44:4,45:5,46:7,47:9,48:3,49:1
((0)105,21)92	1.540125407231502	1.0	2.540125407231502	3.049212991677224e-06	1:11,2:9,3:6,4:4,5:3,6:7,7:4,8:3,9:5,10:5,11:7,12:5,13:5,14:3,15:7,16:4,17:4,18:4,19:5,20:3,21:4,22:5,23:3,24:4,25:3,26:4,27:4,28:2,29:6,30:4,31:4,32:2,33:5,34:1,35:2,36:6,37:1,38:6,39:3,40:4,41:3,42:10,43:9,44:3,45:2,46:3,47:4,48:2,49:3,50:2
(105,(0)21)92	1.587025513841189	1.0	2.587025513841189	2.4118232307406568e-06	1:17,2:8,3:5,4:4,5:9,6:5,7:4,8:1,9:4,10:2,11:3,12:4,13:2,14:12,15:3,16:2,17:4,18:8,19:7,20:4,21:3,22:6,23:5,24:4,25:7,26:7,27:4,28:3,29:9,30:5,31:5,32:3,33:1,34:2,35:4,36:2,37:4,38:1,39:4,40:6,41:3,42:4,43:8,44:3,45:5,46:1,47:4,48:5,49:2,50:5
(((0)92)105)21	0.8376713368229385	2.0	2.8376713368229387	6.887712085676423e-07	1:6,2:1,3:3,4:3,5:1,6:1,7:3,9:4,10:2,12:3,13:5,16:2,17:1,19:1,20:1,21:1,24:3,25:2,26:1,28:2,29:3,30:1,31:4,32:5,33:1,35:2,36:4,37:3,38:1,39:3,40:2,41:2,42:1,43:2,44:1,46:2,47:2,48:1,49:1,50:2
(((21)0)105)92	0.8411166476764799	2.0	2.84111664767648	6.770076675096458e-07	1:5,2:5,3:3,4:6,5:5,6:2,7:7,8:11,9:4,10:10,11:5,12:4,13:9,14:5,15:7,16:3,17:8,18:7,19:4,20:7,21:2,22:8,23:1,24:2,25:3,26:2,27:6,28:6,29:8,30:8,31:4,32:3,33:4,34:5,35:7,36:3,37:6,38:10,39:6,40:6,41:7,42:4,43:7,44:6,45:5,46:5,47:6,48:12,49:9,50:6
(((0)105)21)92	0.8865717441532245	2.0	2.8865717441532244	5.393728718152367e-07	1:6,3:3,4:1,5:1,7:2,9:1,11:1,12:2,13:1,14:4,15:1,17:2,19:2,21:3,23:6,24:3,25:3,27:1,28:1,29:2,30:1,31:2,33:3,34:1,35:2,36:1,37:1,38:2,39:2,42:2,43:5,44:3,45:1,46:1,47:3,48:1,49:2,50:1
((21,92)0)105	1.1324392036661393	2.0	3.1324392036661393	1.5775919980566615e-07	1:18,2:14,3:11,4:13,5:15,6:6,7:13,8:12,9:11,10:12,11:9,12:7,13:14,14:10,15:11,16:12,17:5,18:9,19:17,20:14,21:8,22:13,23:9,24:9,25:17,26:12,27:14,28:11,29:10,30:6,31:15,32:17,33:13,34:11,35:9,36:11,37:13,38:11,39:7,40:12,41:19,42:8,43:12,44:16,45:18,46:11,47:12,48:9,49:11,50:11
(((92)21)0)105	0.33243885775953175	3.0	3.3324388577595316	5.8036466640062115e-08	1:8,2:45,3:53,4:63,5:67,6:59,7:68,8:74,9:60,10:61,11:64,12:74,13:60,14:67,15:59,16:66,17:84,18:63,19:62,20:64,21:78,22:57,23:56,24:67,25:66,26:67,27:58,28:61,29:61,30:55,31:52,32:66,33:61,34:71,35:58,36:63,37:59,38:58,39:66,40:61,41:72,42:77,43:54,44:69,45:64,46:61,47:78,48:68,49:78,50:58
(0,105,21)92	2.436690813377848	1.0	3.436690813377848	3.446043209518058e-08	1:42,2:8,3:12,4:10,5:5,6:7,7:9,8:8,9:10,10:8,11:12,12:10,13:8,14:8,15:5,16:5,17:10,18:7,19:14,20:6,21:8,22:7,23:9,24:10,25:5,26:8,27:11,28:14,29:9,30:9,31:7,32:6,33:4,34:12,35:5,36:9,37:3,38:5,39:12,40:11,41:6,42:7,43:9,44:9,45:6,46:10,47:10,48:6,49:11,50:8
(0,(92)105)21	1.5797255362878706	2.0	3.579725536287871	1.6854845049680757e-08	1:12,2:2,3:5,4:10,5:5,6:4,7:2,8:9,9:2,10:8,11:6,12:5,14:1,15:7,16:8,17:5,18:5,19:7,20:8,21:5,22:3,23:6,24:3,25:6,26:4,27:3,28:8,29:2,31:1,32:8,33:4,34:3,35:4,36:3,37:2,38:5,39:6,40:6,41:5,42:3,43:2,44:2,45:6,46:4,47:5,48:8,49:4,50:4
((21)0,105)92	1.5980431684148464	2.0	3.598043168414846	1.537972363610523e-08	1:18,2:5,3:4,4:5,5:5,6:7,7:6,8:3,9:10,10:7,11:4,12:3,13:5,14:7,15:7,16:2,17:5,18:5,19:7,20:3,21:6,22:2,23:1,24:6,25:2,26:7,27:4,28:2,29:2,30:7,31:4,32:7,33:2,34:7,35:3,36:5,37:6,38:8,39:3,40:2,41:3,42:4,43:3,44:4,46:3,47:3,48:3,49:5,50:6
((0,92)105)21	1.6136374723892875	2.0	3.6136374723892875	1.4226102408913371e-08	1:16,2:6,3:2,4:4,5:1,6:4,7:5,8:3,9:2,10:1,11:3,12:6,13:4,14:4,15:1,16:5,17:4,18:5,19:4,20:2,21:1,22:5,23:4,24:3,25:5,26:1,27:4,28:4,29:3,30:3,31:7,32:5,33:9,34:6,36:3,37:2,38:3,39:3,40:2,41:3,42:2,43:2,44:2,45:4,46:7,47:4,49:3,50:5
((0,105)21)92	1.6288259436181567	2.0	3.628825943618157	1.3185742323875083e-08	1:7,2:4,3:3,4:5,5:6,6:3,7:3,8:5,9:2,10:4,11:1,12:5,13:7,14:4,15:3,16:3,17:6,18:2,19:3,21:4,22:5,23:3,24:2,25:5,26:1,27:2,28:2,29:5,30:4,31:4,32:9,33:5,34:4,35:5,36:1,37:3,38:1,39:3,40:1,41:5,42:6,43:4,44:6,45:6,46:2,47:1,48:3,49:5,50:3
(0,(105)21)92	1.7439233377584542	2.0	3.743923337758454	7.416069116630663e-09	1:18,2:6,3:3,4:3,5:4,6:4,7:9,8:1,9:5,10:6,12:5,13:11,14:7,15:5,16:4,17:3,18:6,19:2,20:4,21:3,22:1,23:8,24:6,25:6,26:6,27:4,28:3,29:2,30:3,31:3,32:5,33:4,34:1,35:5,36:3,37:4,38:5,39:6,40:3,41:4,42:5,43:3,44:3,45:2,46:8,47:4,48:1,49:4,50:2
((0)105,92)21	1.750303319427807	2.0	3.750303319427807	7.183230698066394e-09	1:22,2:13,4:5,5:2,6:2,7:4,8:3,9:2,10:4,11:4,12:1,13:4,14:3,16:4,17:5,18:5,19:6,20:6,21:2,22:1,23:7,24:6,25:7,26:3,27:7,28:9,29:3,30:6,31:6,32:3,33:3,34:9,35:3,36:9,37:3,38:5,39:2,40:4,41:3,42:7,43:3,44:4,45:6,46:7,47:5,48:3,49:3,50:9
(105,(0)92)21	1.750503319427807	2.0	3.750503319427807	7.176051057786762e-09	1:29,2:14,3:7,4:5,5:4,6:3,7:5,8:1,9:6,10:6,11:5,12:1,13:4,14:3,15:5,16:6,17:4,18:4,19:2,20:4,21:2,22:4,23:5,24:3,25:4,26:2,27:5,28:5,29:4,30:6,31:6,32:4,33:4,34:6,35:5,36:2,37:5,38:6,39:7,40:5,41:3,42:7,43:6,44:2,45:2,46:8,47:4,48:8,49:5,50:6
((105)0,21)92	1.7982360779407063	2.0	3.7982360779407065	5.652429468957052e-09	1:21,2:4,3:2,4:5,5:4,6:6,7:2,8:6,9:2,10:4,11:1,12:3,13:2,14:6,15:4,16:3,17:3,18:3,19:3,20:4,21:6,22:3,23:2,24:3,25:4,26:4,27:2,28:9,29:3,30:6,31:4,32:6,33:4,34:5,35:3,36:6,37:10,38:8,39:3,40:2,41:1,42:4,43:6,44:5,45:5,46:6,47:4,48:3,49:4,50:5
(((21)105)0)92	0.8919840770051907	3.0	3.8919840770051906	3.5372353658134287e-09	1:5,2:4,3:1,4:3,5:3,6:2,7:3,8:1,9:1,10:1,11:1,12:4,13:2,14:1,15:1,16:1,17:2,18:1,22:2,23:3,24:2,25:1,26:3,27:1,28:1,29:3,30:1,31:1,32:1,33:2,34:4,35:2,36:1,37:1,39:1,40:5,43:2,44:1,45:1,46:4,47:2,50:2
(((0)105)92)21	0.9243860048947135	3.0	3.9243860048947132	3.0081817078949376e-09	1:3,2:48,3:51,4:62,5:55,6:59,7:65,8:61,9:71,10:65,11:54,12:63,13:76,14:61,15:60,16:63,17:75,18:66,19:65,20:76,21:67,22:63,23:70,24:69,25:71,26:58,27:79,28:74,29:48,30:62,31:64,32:57,33:53,34:67,35:64,36:64,37:65,38:55,39:57,40:61,41:70,42:71,43:63,44:84,45:68,46:63,47:62,48:77,49:59,50:67
(((21)92)105)0	0.9408844843354767	3.0	3.9408844843354767	2.7699891833644152e-09	1:1,2:1,4:2,5:1,6:2,7:2,8:1,9:1,10:2,11:3,13:2,14:1,16:2,18:4,19:3,20:1,21:4,23:4,24:1,25:1,26:1,27:1,29:2,30:1,35:2,38:3,39:1,40:2,41:1,42:1,43:1,44:2,45:2,46:2,48:2,49:2,50:6
(((105)0)21)92	0.9877845909451636	3.0	3.9877845909451635	2.190966744393898e-09	1:8,2:2,3:4,4:4,5:6,6:1,7:4,9:2,10:1,11:2,12:3,13:3,14:3,15:1,16:1,17:1,18:3,19:1,20:3,21:1,22:3,24:2,25:3,26:2,27:2,28:3,29:2,30:3,31:2,32:1,33:1,34:4,35:1,36:1,37:3,38:3,39:4,40:3,41:6,42:5,44:2,46:3,47:1,48:1,49:4,50:2
(((92)0)105)21	1.035096234039863	3.0	4.035096234039863	1.7294175348263945e-09	1:5,2:2,3:6,4:1,5:1,6:3,7:3,8:4,9:1,10:5,11:5,12:2,13:4,14:2,15:3,16:3,17:8,18:1,19:2,20:3,21:2,24:4,25:2,26:3,27:7,29:2,31:2,32:2,33:2,35:3,36:3,37:2,40:1,41:3,42:2,43:2,44:3,45:3,46:1,47:3,48:2,49:1
(0,105,92)21	2.6271777861423846	2.0	4.627177786142385	8.95800093555093e-11	1:51,2:4,3:10,4:7,5:7,6:3,7:10,8:4,9:8,10:12,11:11,12:8,13:6,14:2,15:8,16:8,17:6,18:9,19:8,20:8,21:8,22:10,23:9,24:5,25:9,26:13,27:10,28:14,29:8,30:9,31:10,32:5,33:8,34:4,35:7,36:9,37:9,38:9,39:9,40:6,41:8,42:12,43:13,44:7,45:11,46:6,47:6,48:7,49:8,50:10
((21,92)105)0	1.6809021036653349	3.0	4.680902103665335	6.847786796100903e-11	1:16,2:2,3:8,4:4,5:3,6:6,7:5,8:6,9:7,10:5,11:3,12:5,13:2,14:2,15:3,16:5,17:6,18:2,19:7,20:5,21:4,22:3,23:1,24:10,25:1,26:4,27:2,28:4,29:5,30:2,31:6,32:4,33:5,34:7,35:3,36:9,37:4,38:2,39:6,40:6,41:5,42:2,43:6,44:4,45:3,47:7,48:4,49:4,50:5
((0,105)92)21	1.6813125256330799	3.0	4.68131252563308	6.833748794130435e-11	1:13,2:5,3:3,4:5,5:1,6:4,7:1,8:2,9:2,10:1,11:2,12:2,13:2,14:5,15:2,16:4,17:5,18:3,19:2,20:6,21:1,22:6,23:1,24:4,25:5,26:1,27:2,28:5,29:1,30:2,31:2,32:3,33:4,34:3,35:4,36:1,37:1,38:3,39:3,40:5,41:2,42:1,43:4,44:1,45:7,46:2,47:2,48:5,49:2,50:2
((92)105,21)0	1.6983017429184954	3.0	4.6983017429184954	6.277220634192134e-11	1:17,2:6,3:7,4:5,5:3,6:4,8:3,9:3,10:1,11:5,12:6,13:4,14:3,15:4,16:5,17:2,18:2,19:5,20:2,21:7,22:4,23:1,24:5,25:7,26:4,27:9,28:2,29:5,30:3,31:5,32:7,33:6,34:3,35:3,36:7,37:7,38:5,39:3,40:4,41:6,42:4,43:4,44:4,45:5,46:3,47:4,48:7,49:2,50:6
((105,21)0)92	1.6985017429184954	3.0	4.698501742918495	6.270946551122332e-11	1:15,2:3,3:4,4:3,5:1,6:5,7:5,8:4,9:6,10:1,11:3,12:4,13:4,14:4,15:5,16:4,17:4,18:2,19:4,20:9,21:2,22:6,23:6,24:5,25:1,26:7,27:6,28:7,29:10,30:5,31:2,32:8,33:5,34:3,35:1,36:3,37:5,38:6,39:6,40:7,42:7,43:2,44:4,45:5,46:3,48:6,49:5,50:2
(0,(105)92)21	1.7628018386733795	3.0	4.762801838673379	4.546814280326271e-11	1:19,2:8,3:8,4:4,5:4,6:10,7:7,8:10,9:6,10:4,11:4,12:3,13:5,14:5,15:7,16:6,17:5,18:10,19:3,20:3,21:6,22:3,23:5,24:5,25:5,26:5,27:7,28:7,29:4,30:3,31:10,32:2,33:10,34:2,35:6,36:1,37:5,38:3,39:4,40:4,41:8,42:3,43:2,44:10,45:3,46:5,47:4,48:2,49:4,50:6
((92)0,105)21	1.7773504335047952	3.0	4.777350433504795	4.227808845459262e-11	1:19,2:6,3:4,4:3,5:5,6:8,7:5,8:2,9:3,10:8,11:4,12:4,13:4,14:2,15:5,16:2,17:4,18:2,19:4,20:6,21:4,22:3,23:8,24:5,25:5,26:2,27:3,28:4,29:2,30:3,31:1,32:3,33:3,34:2,35:3,36:3,37:5,38:4,39:7,40:7,41:4,42:7,43:4,44:3,45:1,46:4,47:3,48:2,49:4,50:5
((21)105,92)0	1.8031503514682297	3.0	4.803150351468229	3.716135430756644e-11	1:25,2:3,3:2,4:6,5:6,6:3,7:3,8:3,9:2,10:3,11:5,12:7,13:1,14:3,15:7,16:3,17:4,18:1,19:6,20:3,21:3,22:5,23:4,24:1,25:1,26:3,27:5,28:6,29:1,30:4,31:5,32:7,33:6,34:4,35:3,36:3,37:5,38:5,39:1,40:2,41:6,42:2,43:3,44:1,45:5,46:7,47:3,48:8,49:7,50:1
(105,(21)92)0	1.8522507587985158	3.0	4.852250758798515	2.9071761909497796e-11	1:22,2:10,3:11,4:5,5:9,6:4,7:2,8:8,9:6,10:3,11:6,12:8,13:3,14:2,15:6,16:5,17:3,18:6,19:6,20:6,21:7,22:6,23:7,24:5,25:3,26:5,28:4,29:8,30:10,31:6,32:5,33:5,34:3,35:3,36:4,37:4,38:5,39:4,40:2,41:5,42:6,43:4,44:1,45:5,46:4,47:3,48:6,49:4,50:2
(((21)105)92)0	0.9141567946227553	4.0	4.914156794622755	2.1332615438707784e-11	1:7,2:2,3:7,4:4,5:6,6:3,7:10,8:4,9:7,10:7,11:4,12:4,13:6,14:6,15:8,16:4,17:2,18:2,19:6,20:4,21:5,22:2,23:4,24:5,25:7,26:2,27:5,28:2,29:3,30:3,31:3,32:5,33:9,34:9,35:8,36:7,37:7,38:7,39:8,40:4,41:3,42:2,43:6,44:2,45:7,46:6,47:6,48:7,49:6,50:2
((105)0,92)21	1.9380540182727395	3.0	4.938054018272739	1.8930057913463376e-11	1:19,2:3,3:1,4:5,5:3,6:9,7:3,8:4,9:4,10:4,11:1,12:9,13:5,14:3,15:5,16:7,17:4,18:3,19:4,20:6,21:3,22:3,23:3,24:3,25:3,26:3,27:2,28:4,29:3,30:4,31:4,32:4,33:6,34:2,35:3,36:7,37:1,38:4,39:4,40:4,41:3,42:5,43:2,44:4,45:2,46:8,47:5,48:5,49:4,50:2
(((92)105)0)21	0.9386841836148776	4.0	4.938684183614877	1.8870506448794874e-11	1:10,2:2,3:1,4:2,5:2,6:1,7:3,8:2,10:2,11:1,12:1,13:2,14:1,15:1,16:1,17:1,18:1,19:1,20:1,21:1,22:2,23:1,24:2,25:2,27:1,28:4,29:1,30:1,31:1,33:2,35:1,36:3,37:1,38:2,39:3,41:1,42:1,43:3,44:3,45:2,47:2,48:1
(((105)21)0)92	0.9622560870935876	4.0	4.9622560870935875	1.677250067099573e-11	1:8,3:4,4:1,5:3,6:1,7:1,8:1,9:2,10:1,11:2,12:1,14:3,15:1,16:1,17:1,18:2,19:3,20:1,21:1,22:1,24:1,26:3,29:2,30:1,31:1,32:2,36:1,38:2,39:2,40:2,41:1,42:2,44:2,49:1
(((92)21)105)0	1.0996381844940735	4.0	5.099638184494074	8.438716245778334e-12	1:9,3:3,4:1,5:1,6:1,7:3,8:3,9:3,10:1,11:1,12:2,13:1,14:2,15:1,16:5,17:2,18:2,19:1,21:1,22:2,24:5,25:1,26:1,27:3,28:2,29:1,30:1,31:2,32:3,33:1,34:1,35:1,37:2,38:3,39:1,40:2,41:3,42:2,43:1,44:2,45:1,47:1,48:1,49:2,50:1
(((105)0)92)21	1.0998381844940734	4.0	5.0998381844940734	8.430281747484597e-12	1:5,2:3,3:4,4:6,5:5,6:4,7:6,8:9,9:5,10:5,11:6,12:4,13:4,14:8,15:3,16:7,17:1,18:9,19:2,20:5,21:3,22:3,23:7,24:3,25:7,26:6,27:2,28:4,29:6,30:2,31:9,32:7,33:2,34:7,35:7,36:4,37:3,38:12,39:6,40:10,41:4,42:5,43:7,44:7,45:5,46:3,47:6,48:4,49:3,50:3
(105,21,92)0	2.7346840621907313	3.0	5.734684062190731	3.5260769169791634e-13	1:44,2:7,3:6,4:5,5:5,6:8,7:11,8:11,9:9,10:9,11:8,12:2,13:6,14:18,15:12,16:15,17:10,18:9,19:9,20:5,21:13,22:13,23:9,24:7,25:3,26:15,27:9,28:8,29:8,30:6,31:5,32:7,33:8,34:15,35:9,36:5,37:8,38:6,39:6,40:7,41:8,42:8,43:8,44:8,45:12,46:12,47:13,48:8,49:8,50:13
((105,21)92)0	1.7377503044484266	4.0	5.737750304448427	3.4724301723179957e-13	1:16,2:7,3:3,4:4,5:3,6:1,7:4,8:3,9:4,10:1,11:3,12:2,13:3,14:3,15:5,16:1,17:3,18:3,19:5,20:2,21:7,22:5,23:3,24:1,25:3,26:2,27:3,28:3,29:4,30:4,31:3,32:4,33:2,34:5,35:5,36:2,37:3,38:4,39:4,40:4,42:1,43:4,44:4,45:3,46:3,47:3,48:3,49:6,50:7
(21,(105)92)0	1.84897110107197	4.0	5.84897110107197	1.9912263467201728e-13	1:19,2:8,3:6,4:4,5:5,6:6,7:5,8:4,9:4,10:6,11:6,12:4,13:5,14:3,15:5,16:6,17:7,18:12,19:4,20:1,21:1,22:8,23:2,24:4,25:4,26:1,27:2,28:9,29:1,30:5,31:3,32:3,33:4,34:2,35:8,36:5,37:5,38:3,39:10,40:4,41:6,42:1,43:5,44:2,45:4,46:2,47:8,48:8,49:3,50:5
((105,92)0)21	1.8500504580779167	4.0	5.8500504580779165	1.9805090716082937e-13	1:13,2:2,3:3,4:4,5:5,6:3,7:2,8:1,9:7,10:6,11:4,12:3,13:2,14:8,15:3,16:2,17:8,18:5,19:5,20:4,21:4,22:5,23:2,24:2,25:10,26:2,27:5,28:4,29:4,30:7,31:4,32:7,33:5,34:5,35:7,36:5,37:6,38:2,39:6,40:5,41:6,42:5,43:4,44:7,45:4,46:3,47:5,48:5,49:3,50:5
(105,(92)21)0	1.9061558504073781	4.0	5.906155850407378	1.4960479884604554e-13	1:22,2:4,3:3,4:3,5:3,6:4,7:4,8:4,9:4,10:6,11:5,12:4,13:5,14:4,15:6,16:4,17:3,18:2,19:3,20:5,21:3,22:4,23:8,24:6,25:3,26:3,27:7,28:3,29:6,30:6,31:1,32:2,33:4,34:3,35:1,36:2,37:5,38:8,39:1,40:1,41:6,42:6,43:7,44:4,45:2,46:4,47:3,48:3,49:5,50:4
(((105)92)0)21	0.9610569012324423	5.0	5.961056901232443	1.1369186937541045e-13	1:6,2:1,4:3,5:1,6:2,7:2,8:1,10:1,11:2,12:1,13:1,14:2,17:2,18:2,21:1,22:1,23:1,24:3,25:2,26:1,27:1,29:1,30:2,31:1,32:2,33:3,35:1,36:1,37:2,39:2,40:1,42:1,43:2,44:2,45:2,46:1,47:1,48:1,50:4
(((92)105)21)0	0.9620560870935876	5.0	5.962056087093588	1.1312528930880805e-13	1:11,2:3,4:2,5:1,6:1,7:3,8:4,10:1,11:2,12:1,13:3,15:1,16:2,17:3,18:2,19:1,20:6,21:4,22:4,25:2,26:2,27:4,28:5,29:1,30:4,31:2,32:2,33:2,34:5,36:1,37:6,38:2,39:1,40:5,41:4,43:2,44:3,45:3,46:3,47:4,48:3,49:3,50:3
((105)21,92)0	1.9699105404890778	4.0	5.969910540489078	1.0876870905563766e-13	1:23,2:10,3:6,4:3,5:5,6:8,7:6,8:5,9:9,10:4,11:4,12:9,13:4,14:5,15:4,16:5,17:4,18:1,19:7,20:7,21:6,22:8,23:4,24:4,25:5,26:5,27:2,28:4,29:4,30:3,31:8,32:3,34:2,35:6,36:6,37:5,38:6,39:6,40:3,41:4,42:2,43:6,44:7,45:6,46:5,47:3,48:4,49:1,50:4
(((105)21)92)0	1.084196641370149	5.0	6.0841966413701485	6.142354238071207e-14	1:9,2:53,3:71,4:62,5:64,6:66,7:67,8:76,9:61,10:65,11:74,12:50,13:62,14:60,15:64,16:69,17:58,18:59,19:69,20:57,21:55,22:58,23:76,24:58,25:54,26:81,27:59,28:69,29:69,30:73,31:74,32:59,33:76,34:70,35:73,36:75,37:75,38:65,39:61,40:57,41:58,42:68,43:67,44:72,45:69,46:71,47:60,48:59,49:52,50:67
((105,92)21)0	1.8748880696984562	5.0	6.874888069698456	1.1786103163270963e-15	1:16,2:4,4:5,5:3,6:5,7:3,8:4,9:1,10:4,11:3,12:2,13:5,14:6,15:2,16:1,17:1,18:2,19:3,20:2,21:7,22:1,23:2,24:6,25:4,26:7,27:4,29:2,30:6,31:2,32:5,33:4,34:3,35:2,36:7,37:6,38:3,39:1,40:3,41:6,43:3,44:4,45:1,46:4,47:8,48:2,49:4,50:3
(((105)92)21)0	1.0489707551653626	6.0	7.048970755165363	4.935765177729597e-16	1:9,2:2,3:2,4:2,5:3,6:2,7:1,8:4,9:1,11:1,12:1,13:1,14:1,15:2,18:1,19:1,20:2,21:2,22:1,24:3,26:1,29:3,30:1,31:2,32:1,33:1,34:3,35:1,36:2,38:2,42:3,43:1,44:1,45:2,46:2,47:2,48:3,49:2,50:1
