# generation count = 50 
#
generation.index	generationHighestFitness	generationMedianFitness	populationHighestFitness	populationMedianFitness
1	0.6187818017205856	7.416069116630663e-09	0.6187818017205856	7.416069116630663e-09
2	0.6187818017205856	0.00014816855900427482	0.6187818017205856	6.887712085676423e-07
3	0.6187818017205856	0.00014816855900427482	0.6187818017205856	1.3222025469785723e-05
4	0.6187818017205856	0.0023809146999005572	0.6187818017205856	5.225931378517976e-05
5	0.6187818017205856	0.00014816855900427482	0.6187818017205856	5.5001704770595606e-05
6	0.6187818017205856	0.0023809146999005572	0.6187818017205856	7.457133087933859e-05
7	0.6187818017205856	0.0023809146999005572	0.6187818017205856	0.00014816855900427482
8	0.6187818017205856	0.0023809146999005572	0.6187818017205856	0.00014816855900427482
9	0.6187818017205856	0.00024837047504884177	0.6187818017205856	0.00014816855900427482
10	0.6187818017205856	0.00024837047504884177	0.6187818017205856	0.00014816855900427482
11	0.6187818017205856	0.00024837047504884177	0.6187818017205856	0.00014816855900427482
12	0.6187818017205856	0.0023809146999005572	0.6187818017205856	0.00014816855900427482
13	0.6187818017205856	0.0023809146999005572	0.6187818017205856	0.00014816855900427482
14	0.6187818017205856	0.0023809146999005572	0.6187818017205856	0.00014816855900427482
15	0.6187818017205856	0.0023809146999005572	0.6187818017205856	0.00014816855900427482
16	0.6187818017205856	0.0023809146999005572	0.6187818017205856	0.00014816855900427482
17	0.6187818017205856	0.0013146425874746995	0.6187818017205856	0.00014816855900427482
18	0.6187818017205856	0.00014816855900427482	0.6187818017205856	0.00014816855900427482
19	0.6187818017205856	0.0023809146999005572	0.6187818017205856	0.00014816855900427482
20	0.6187818017205856	0.0023809146999005572	0.6187818017205856	0.00014816855900427482
21	0.6187818017205856	0.00014816855900427482	0.6187818017205856	0.00014816855900427482
22	0.6187818017205856	0.0023809146999005572	0.6187818017205856	0.00014816855900427482
23	0.6187818017205856	0.00014816855900427482	0.6187818017205856	0.00014816855900427482
24	0.6187818017205856	0.0023809146999005572	0.6187818017205856	0.00014816855900427482
25	0.6187818017205856	0.00014816855900427482	0.6187818017205856	0.00014816855900427482
26	0.6187818017205856	0.0023809146999005572	0.6187818017205856	0.00014816855900427482
27	0.6187818017205856	0.0023809146999005572	0.6187818017205856	0.00014816855900427482
28	0.6187818017205856	0.00014816855900427482	0.6187818017205856	0.00014816855900427482
29	0.6187818017205856	0.0023809146999005572	0.6187818017205856	0.00014816855900427482
30	0.6187818017205856	0.00019826951702655828	0.6187818017205856	0.00014816855900427482
31	0.6187818017205856	0.0023809146999005572	0.6187818017205856	0.00014816855900427482
32	0.6187818017205856	0.00014816855900427482	0.6187818017205856	0.00014816855900427482
33	0.6187818017205856	0.0023809146999005572	0.6187818017205856	0.00014816855900427482
34	0.6187818017205856	0.0023809146999005572	0.6187818017205856	0.00014816855900427482
35	0.6187818017205856	0.0023809146999005572	0.6187818017205856	0.00014816855900427482
36	0.6187818017205856	0.0023809146999005572	0.6187818017205856	0.00014816855900427482
37	0.6187818017205856	0.0023809146999005572	0.6187818017205856	0.00014816855900427482
38	0.6187818017205856	0.00024837047504884177	0.6187818017205856	0.00014816855900427482
39	0.6187818017205856	0.0023809146999005572	0.6187818017205856	0.00014816855900427482
40	0.6187818017205856	0.00024837047504884177	0.6187818017205856	0.00014816855900427482
41	0.6187818017205856	0.0023809146999005572	0.6187818017205856	0.00024837047504884177
42	0.6187818017205856	0.00014816855900427482	0.6187818017205856	0.00024837047504884177
43	0.6187818017205856	0.0023809146999005572	0.6187818017205856	0.00024837047504884177
44	0.6187818017205856	0.0023809146999005572	0.6187818017205856	0.00024837047504884177
45	0.6187818017205856	0.0023809146999005572	0.6187818017205856	0.00024837047504884177
46	0.6187818017205856	0.0023809146999005572	0.6187818017205856	0.00024837047504884177
47	0.6187818017205856	0.0023809146999005572	0.6187818017205856	0.00024837047504884177
48	0.6187818017205856	0.00014816855900427482	0.6187818017205856	0.00024837047504884177
49	0.6187818017205856	0.0023809146999005572	0.6187818017205856	0.00024837047504884177
50	0.6187818017205856	0.00024837047504884177	0.6187818017205856	0.00024837047504884177
############################################################
Topology	MassCost	TopologyCost	Cost	Fitness	appearances(generationID:count)
(((0)21)92)105	0.09600051393997294	0.0	0.09600051393997294	0.6187818017205856	1:5,2:130,3:192,4:193,5:183,6:212,7:195,8:206,9:206,10:209,11:194,12:207,13:207,14:195,15:185,16:197,17:184,18:183,19:214,20:212,21:187,22:196,23:214,24:206,25:178,26:211,27:212,28:178,29:191,30:187,31:227,32:199,33:191,34:223,35:187,36:200,37:214,38:202,39:198,40:204,41:211,42:194,43:211,44:206,45:212,46:219,47:198,48:200,49:211,50:181
(21,(0)92)105	0.7893180266601442	0.0	0.7893180266601442	0.019320469808163012	1:18,2:48,3:12,4:10,5:9,6:9,7:6,8:8,9:12,10:11,11:12,12:7,13:8,14:11,15:8,16:9,17:12,18:6,19:7,20:5,21:8,22:10,23:8,24:11,25:7,26:13,27:6,28:5,29:13,30:11,31:13,32:10,33:7,34:8,35:8,36:6,37:12,38:11,39:12,40:8,41:6,42:5,43:8,44:11,45:4,46:12,47:7,48:12,49:5,50:11
(0,(21)92)105	0.8252665428966349	0.0	0.8252665428966349	0.016141967612671747	1:29,2:71,3:46,4:62,5:52,6:40,7:50,8:45,9:49,10:49,11:62,12:58,13:44,14:52,15:51,16:54,17:52,18:43,19:42,20:49,21:58,22:52,23:39,24:44,25:54,26:42,27:54,28:51,29:45,30:54,31:45,32:42,33:55,34:38,35:55,36:53,37:46,38:50,39:45,40:45,41:45,42:59,43:43,44:43,45:42,46:62,47:70,48:48,49:46,50:54
((0)21,92)105	0.8360181332698311	0.0	0.8360181332698311	0.01529712056977484	1:21,2:67,3:57,4:57,5:53,6:47,7:50,8:39,9:51,10:57,11:50,12:48,13:35,14:52,15:47,16:48,17:45,18:50,19:52,20:51,21:45,22:61,23:43,24:61,25:62,26:55,27:52,28:48,29:45,30:38,31:46,32:55,33:52,34:45,35:49,36:52,37:52,38:35,39:40,40:51,41:40,42:55,43:50,44:44,45:43,46:44,47:42,48:42,49:47,50:43
((0,21)92)105	0.9064520009355156	0.0	0.9064520009355156	0.010756339205466795	1:12,2:47,3:47,4:64,5:54,6:55,7:57,8:45,9:46,10:44,11:47,12:52,13:63,14:60,15:55,16:45,17:50,18:43,19:50,20:55,21:47,22:53,23:52,24:50,25:39,26:60,27:52,28:61,29:62,30:56,31:37,32:41,33:44,34:55,35:70,36:50,37:55,38:46,39:59,40:39,41:60,42:38,43:52,44:49,45:45,46:40,47:55,48:53,49:53,50:61
(((21)0)92)105	0.12478475027064907	1.0	1.1247847502706492	0.003610446784220991	1:5,2:57,3:69,4:71,5:66,6:75,7:74,8:78,9:67,10:71,11:73,12:86,13:87,14:85,15:79,16:83,17:86,18:87,19:68,20:74,21:70,22:78,23:67,24:74,25:73,26:82,27:73,28:81,29:72,30:70,31:75,32:67,33:92,34:83,35:79,36:92,37:62,38:74,39:89,40:83,41:70,42:77,43:80,44:77,45:94,46:69,47:71,48:65,49:74,50:80
(((0)92)21)105	0.20805410748888264	1.0	1.2080541074888826	0.0023809146999005572	1:9,2:46,3:59,4:59,5:66,6:64,7:71,8:80,9:64,10:51,11:59,12:67,13:72,14:53,15:76,16:66,17:71,18:64,19:69,20:75,21:65,22:81,23:55,24:56,25:70,26:52,27:54,28:58,29:77,30:69,31:65,32:68,33:65,34:66,35:66,36:57,37:65,38:69,39:58,40:67,41:72,42:58,43:66,44:80,45:67,46:67,47:69,48:61,49:76,50:65
(0,21,92)105	1.660117815096266	0.0	1.660117815096266	0.00024837047504884177	1:40,2:32,3:10,4:9,5:3,6:6,7:15,8:10,9:9,10:12,11:13,12:10,13:3,14:6,15:14,16:9,17:5,18:10,19:8,20:6,21:13,22:8,23:8,24:9,25:12,26:9,27:13,28:7,29:6,30:15,31:9,32:8,33:10,34:10,35:6,36:8,37:7,38:14,39:5,40:8,41:12,42:6,43:14,44:7,45:7,46:8,47:8,48:12,49:10,50:7
(((0)21)105)92	0.7634320040155177	1.0	1.7634320040155176	0.00014816855900427482	1:7,2:49,3:78,4:58,5:69,6:76,7:64,8:67,9:52,10:64,11:47,12:52,13:62,14:61,15:61,16:67,17:69,18:78,19:63,20:67,21:57,22:70,23:53,24:71,25:64,26:67,27:68,28:76,29:58,30:68,31:67,32:79,33:70,34:71,35:55,36:75,37:73,38:70,39:68,40:63,41:61,42:73,43:66,44:74,45:71,46:55,47:71,48:63,49:71,50:62
((21)0,92)105	0.900750885836998	1.0	1.900750885836998	7.457133087933859e-05	1:20,2:22,3:9,4:8,5:11,6:10,7:10,8:7,9:8,10:12,11:4,12:13,13:9,14:10,15:12,16:9,17:5,18:10,19:9,20:13,21:12,22:6,23:12,24:3,25:10,26:6,27:11,28:10,29:8,30:10,31:9,32:8,33:11,34:13,35:13,36:8,37:8,38:8,39:10,40:9,41:11,42:6,43:7,44:7,45:8,46:8,47:7,48:7,49:8,50:13
((92)0,21)105	0.9616292754766306	1.0	1.9616292754766307	5.5001704770595606e-05	1:24,2:12,3:4,4:16,5:6,6:9,7:1,8:5,9:5,10:6,11:9,12:6,13:1,14:11,15:9,16:6,17:7,18:8,19:6,20:7,21:2,22:7,23:7,24:5,25:7,26:9,27:2,28:8,29:7,30:7,31:7,32:9,33:5,34:6,35:3,36:6,37:14,38:1,39:2,40:11,41:5,42:5,43:9,44:5,45:6,46:4,47:10,48:9,49:8,50:10
(0,(92)21)105	0.9718584857485887	1.0	1.9718584857485886	5.225931378517976e-05	1:24,2:20,3:9,4:6,5:10,6:6,7:2,8:4,9:10,10:4,11:4,12:4,13:5,14:4,15:6,16:6,17:6,18:1,19:6,20:7,21:2,22:4,23:5,24:7,25:8,26:7,27:7,28:11,29:6,30:4,31:2,32:6,33:8,34:4,35:7,36:5,37:4,38:6,39:5,40:9,41:4,42:9,43:2,44:7,45:5,46:6,47:4,48:4,49:6,50:8
((0,92)21)105	1.0462699412675487	1.0	2.046269941267549	3.602311629266767e-05	1:18,2:12,3:12,4:10,5:15,6:10,7:10,8:7,9:11,10:13,11:9,12:13,13:8,14:11,15:9,16:7,17:11,18:9,19:5,20:10,21:10,22:2,23:9,24:7,25:10,26:11,27:11,28:12,29:10,30:8,31:9,32:7,33:5,34:4,35:13,36:12,37:6,38:15,39:10,40:7,41:14,42:15,43:7,44:13,45:8,46:6,47:11,48:13,49:9,50:12
(((92)0)21)105	0.24452500382661146	2.0	2.2445250038266114	1.3368290724250908e-05	1:6,2:11,3:12,4:8,5:8,6:15,7:11,8:7,9:8,10:7,11:5,12:14,13:8,14:7,15:15,16:7,17:9,18:9,19:8,20:6,21:13,22:12,23:8,24:8,25:8,26:6,27:9,28:9,29:13,30:3,31:9,32:11,33:9,34:12,35:11,36:3,37:8,38:9,39:7,40:9,41:8,42:11,43:10,44:5,45:8,46:8,47:3,48:8,49:6,50:8
(((21)92)0)105	0.24672530454721053	2.0	2.2467253045472106	1.3222025469785723e-05	1:7,2:11,3:9,4:3,5:6,6:2,7:5,8:10,9:4,10:11,11:8,12:8,13:7,14:5,15:5,16:6,17:12,18:8,19:6,20:6,21:4,22:4,23:9,24:8,25:8,26:4,27:6,28:4,29:6,30:6,31:10,32:5,33:6,34:6,35:4,36:8,37:6,38:9,39:9,40:5,41:5,42:7,43:13,44:7,45:10,46:6,47:6,48:7,49:2,50:3
(0,(21)105)92	1.4734584181441972	1.0	2.4734584181441974	4.2555263982608095e-06	1:22,2:12,3:8,4:5,5:4,6:2,7:4,8:2,9:5,10:5,11:5,12:7,13:4,14:5,15:4,16:8,18:4,19:6,20:4,21:5,22:6,23:8,24:7,25:9,26:6,27:4,28:4,29:4,30:4,31:2,32:5,33:5,34:3,35:4,36:7,37:4,38:3,39:5,40:6,41:8,42:5,43:6,44:5,45:6,46:7,47:5,48:6,49:1,50:3
((0,21)105)92	1.480536275665537	1.0	2.480536275665537	4.107560005703549e-06	1:12,2:2,3:5,4:5,5:5,6:1,7:4,8:1,9:2,10:2,11:4,12:9,13:3,14:1,15:7,16:4,17:9,18:5,19:4,20:2,21:3,22:4,23:4,24:2,25:5,26:1,27:5,28:4,30:1,31:3,32:3,33:2,34:5,35:2,36:5,37:6,38:1,39:1,40:1,41:2,42:2,43:4,44:2,45:8,46:4,47:1,48:1,50:7
((0)105,21)92	1.540125407231502	1.0	2.540125407231502	3.049212991677224e-06	1:27,2:4,3:2,4:5,5:1,6:2,7:6,8:1,9:6,10:2,11:3,12:4,13:7,14:1,15:2,16:3,17:6,18:5,19:6,20:3,21:5,22:4,23:3,24:2,25:2,26:2,27:5,28:5,29:3,30:4,31:1,32:5,33:3,34:2,35:2,36:4,37:2,38:1,39:4,40:7,42:4,43:2,44:3,45:4,46:4,47:5,48:1,49:2,50:3
(105,(0)21)92	1.587025513841189	1.0	2.587025513841189	2.4118232307406568e-06	1:28,2:9,3:6,4:6,5:6,6:2,7:5,8:7,9:3,10:6,11:4,12:4,13:5,14:2,15:4,16:3,17:4,18:3,19:9,20:5,21:4,22:6,23:4,24:5,25:7,26:8,27:3,28:6,29:2,30:1,31:4,32:4,33:5,34:4,35:2,36:3,37:7,38:8,39:4,40:5,41:3,42:1,43:5,44:5,45:9,46:5,47:5,48:5,49:5,50:3
(((0)92)105)21	0.8376713368229385	2.0	2.8376713368229387	6.887712085676423e-07	1:6,2:2,4:1,5:3,8:1,9:3,10:3,11:1,12:2,13:2,16:2,20:2,21:1,23:3,24:3,25:1,26:3,27:2,28:6,30:3,31:2,33:2,34:1,35:3,36:2,37:3,38:2,39:2,40:3,41:1,42:1,43:1,44:1,45:2,46:2,49:2
(((21)0)105)92	0.8411166476764799	2.0	2.84111664767648	6.770076675096458e-07	1:11,2:4,3:4,4:2,5:2,6:4,7:4,8:4,9:4,10:6,11:3,12:6,13:5,14:3,15:9,16:7,17:4,18:5,19:5,20:2,21:2,22:3,23:7,24:8,25:4,26:2,27:5,28:5,29:6,30:4,31:1,32:9,33:11,34:5,35:6,36:2,37:6,38:5,39:8,40:7,41:3,42:8,43:7,44:5,45:10,46:6,47:7,48:8,49:4,50:4
(((0)105)21)92	0.8865717441532245	2.0	2.8865717441532244	5.393728718152367e-07	1:5,2:1,3:1,4:1,6:2,7:1,8:4,9:2,10:1,11:2,12:1,13:2,14:4,15:1,16:1,17:2,19:2,20:2,21:3,22:1,24:3,25:2,26:2,27:3,28:2,33:3,36:1,38:2,39:1,40:3,41:1,43:2,45:1,46:4,48:2,50:2
((21,92)0)105	1.1324392036661393	2.0	3.1324392036661393	1.5775919980566615e-07	1:20,2:11,3:12,4:8,5:9,6:9,7:15,8:13,9:11,10:11,11:6,12:8,13:12,14:12,15:24,16:9,17:18,18:14,19:9,20:14,21:15,22:14,23:17,24:7,25:9,26:12,27:9,28:13,29:12,30:4,31:9,32:9,33:6,34:9,35:8,36:9,37:13,38:10,39:13,40:12,41:8,42:12,43:6,44:15,45:12,46:13,47:13,48:13,49:12,50:11
(((92)21)0)105	0.33243885775953175	3.0	3.3324388577595316	5.8036466640062115e-08	1:9,2:36,3:66,4:61,5:69,6:56,7:49,8:62,9:67,10:71,11:88,12:55,13:64,14:66,15:64,16:65,17:63,18:76,19:58,20:65,21:73,22:72,23:77,24:75,25:79,26:57,27:66,28:61,29:85,30:77,31:68,32:68,33:81,34:70,35:71,36:59,37:71,38:69,39:73,40:59,41:67,42:55,43:60,44:70,45:67,46:64,47:67,48:78,49:67,50:67
(0,105,21)92	2.436690813377848	1.0	3.436690813377848	3.446043209518058e-08	1:38,2:10,3:8,4:6,5:10,6:6,7:6,8:10,9:5,10:9,11:9,12:1,13:7,14:13,15:6,16:8,17:9,18:5,19:13,20:8,21:8,22:7,23:7,24:4,25:14,26:13,27:8,28:12,29:9,30:6,31:14,32:10,33:6,34:7,35:7,36:12,37:4,38:9,39:11,40:4,41:6,42:12,43:8,44:8,45:10,46:11,47:7,48:7,49:4,50:7
(0,(92)105)21	1.5797255362878706	2.0	3.579725536287871	1.6854845049680757e-08	1:23,2:4,3:3,4:5,5:5,6:5,7:7,8:9,9:3,10:3,11:6,13:1,14:3,15:3,16:2,17:7,18:5,19:2,20:8,21:5,22:1,23:6,24:1,25:9,26:3,27:3,28:5,29:3,30:3,31:2,32:7,33:6,34:3,35:4,36:4,37:3,38:9,39:3,40:7,41:5,42:9,43:5,44:6,45:2,46:6,47:2,48:1,49:7,50:7
((21)0,105)92	1.5980431684148464	2.0	3.598043168414846	1.537972363610523e-08	1:27,2:4,3:7,4:6,5:2,6:4,7:2,8:6,9:3,10:7,11:4,12:4,13:6,14:6,15:4,16:5,18:4,19:5,20:2,21:3,22:6,23:6,24:3,25:2,26:7,27:1,28:4,29:2,30:6,31:6,32:5,33:5,34:3,35:3,36:3,37:3,38:3,39:4,40:7,41:3,42:3,43:4,44:10,45:7,46:3,47:8,48:7,49:4,50:5
((0,92)105)21	1.6136374723892875	2.0	3.6136374723892875	1.4226102408913371e-08	1:8,2:3,3:2,4:4,5:2,6:7,7:8,8:4,9:2,10:3,11:3,12:3,13:3,14:5,16:1,17:1,18:5,19:4,20:2,21:3,22:3,23:1,24:3,25:5,26:3,27:3,28:2,29:3,30:4,31:6,32:2,33:4,34:2,35:2,36:3,37:4,38:4,39:2,40:4,41:4,42:6,43:7,44:4,45:4,47:4,48:7,49:1,50:3
((0,105)21)92	1.6288259436181567	2.0	3.628825943618157	1.3185742323875083e-08	1:10,2:4,3:2,4:3,5:1,6:4,7:6,8:3,9:7,10:2,11:3,12:3,13:2,14:4,15:2,16:6,17:4,18:3,19:6,20:2,21:8,23:10,24:3,25:4,26:1,27:4,28:3,29:3,30:1,31:5,32:7,33:3,34:3,35:6,36:4,37:2,38:2,39:5,40:2,41:2,42:4,43:3,44:8,45:10,46:2,47:3,48:4,49:6,50:6
(0,(105)21)92	1.7439233377584542	2.0	3.743923337758454	7.416069116630663e-09	1:34,2:3,3:1,4:4,5:6,6:5,7:4,8:8,9:1,10:1,11:1,12:3,13:6,14:3,15:5,16:4,17:1,18:5,19:6,20:7,21:4,22:8,23:4,24:4,25:3,26:4,27:7,28:5,29:9,30:3,31:5,32:3,33:3,34:5,35:6,36:4,37:5,38:10,39:4,40:5,41:6,42:4,43:5,44:2,45:8,46:3,47:5,48:2,49:3,50:4
((0)105,92)21	1.750303319427807	2.0	3.750303319427807	7.183230698066394e-09	1:26,2:8,3:7,4:5,5:6,6:11,7:5,8:5,9:5,10:7,11:1,12:10,13:5,14:7,15:4,16:5,17:3,18:3,19:2,20:4,21:4,22:6,23:3,24:2,25:3,26:5,27:2,28:2,29:5,30:3,31:4,32:3,33:3,34:7,35:5,36:2,37:4,38:4,39:7,40:3,41:4,42:3,43:4,44:3,45:6,46:3,47:4,48:4,49:4,50:3
(105,(0)92)21	1.750503319427807	2.0	3.750503319427807	7.176051057786762e-09	1:20,2:6,3:7,4:2,5:5,6:10,7:5,8:8,9:6,10:5,11:4,12:4,13:7,14:1,15:9,16:2,17:3,18:4,19:6,20:5,21:5,22:3,23:4,24:1,25:3,26:2,27:10,28:7,29:7,30:5,31:6,32:4,33:4,34:3,35:2,36:3,37:10,38:3,39:5,40:6,41:3,42:4,43:2,44:4,45:6,46:4,47:3,48:5,49:2,50:7
((105)0,21)92	1.7982360779407063	2.0	3.7982360779407065	5.652429468957052e-09	1:24,2:1,3:2,4:4,5:2,6:4,7:5,8:5,9:5,10:5,11:3,12:5,13:5,14:4,15:5,16:3,17:5,18:8,19:4,20:4,21:6,22:8,23:5,24:3,25:9,26:5,27:3,28:1,29:3,30:7,31:3,32:3,33:4,34:4,35:6,36:4,37:5,38:2,39:8,40:4,41:5,42:4,43:4,44:2,45:3,46:5,47:7,48:3,49:3,50:4
(((21)105)0)92	0.8919840770051907	3.0	3.8919840770051906	3.5372353658134287e-09	1:10,2:1,4:3,5:1,6:3,7:3,8:1,9:1,10:3,13:1,15:1,16:2,17:4,18:3,19:2,20:2,21:1,22:2,23:1,24:3,25:2,26:2,28:4,29:1,31:4,33:1,35:1,36:1,37:1,38:2,39:1,42:2,45:2,46:1,47:3,48:1,49:1,50:3
(((0)105)92)21	0.9243860048947135	3.0	3.9243860048947132	3.0081817078949376e-09	1:5,2:53,3:67,4:56,5:71,6:56,7:63,8:64,9:61,10:62,11:64,12:73,13:62,14:71,15:55,16:71,17:64,18:68,19:75,20:52,21:65,22:51,23:82,24:63,25:60,26:73,27:61,28:58,29:57,30:74,31:67,32:67,33:39,34:60,35:62,36:68,37:59,38:74,39:75,40:69,41:63,42:69,43:62,44:56,45:50,46:67,47:48,48:65,49:67,50:72
(((21)92)105)0	0.9408844843354767	3.0	3.9408844843354767	2.7699891833644152e-09	1:9,2:1,9:1,10:1,11:1,12:1,13:3,14:2,15:1,16:1,17:1,18:1,19:1,20:3,23:3,24:3,27:1,28:3,30:2,31:2,34:1,35:5,37:1,38:1,39:3,41:2,42:3,44:2,45:1,46:5,47:2,48:3,49:3,50:1
(((105)0)21)92	0.9877845909451636	3.0	3.9877845909451635	2.190966744393898e-09	1:7,2:2,3:1,4:1,5:3,6:2,7:1,8:2,9:4,10:3,11:2,12:1,13:2,14:1,15:4,16:2,18:2,19:1,20:2,21:1,22:3,23:3,24:3,25:4,26:2,27:1,28:4,29:2,30:1,31:4,32:4,33:2,34:2,35:3,36:3,37:3,38:3,39:2,40:3,41:4,42:1,43:5,45:3,46:3,47:1,48:5,50:3
(((92)0)105)21	1.035096234039863	3.0	4.035096234039863	1.7294175348263945e-09	1:5,2:4,3:2,4:3,5:3,6:3,7:1,8:1,9:5,10:2,11:4,12:2,13:2,14:4,15:3,16:4,18:2,20:3,21:2,22:2,23:2,24:2,25:2,26:1,27:3,28:2,29:3,30:5,31:3,32:1,33:2,34:3,35:4,36:1,37:1,38:3,39:5,40:3,41:4,42:1,43:2,45:1,47:3,48:1,49:2,50:1
(0,105,92)21	2.6271777861423846	2.0	4.627177786142385	8.95800093555093e-11	1:37,2:7,3:7,4:11,5:9,6:9,7:7,8:6,9:9,10:10,11:10,12:4,13:13,14:8,15:6,16:9,17:7,18:11,19:5,20:9,21:12,22:16,23:8,24:8,25:7,26:9,27:5,28:6,29:8,30:3,31:11,32:13,33:10,34:8,35:8,36:8,37:9,38:7,39:7,40:6,41:7,42:11,43:7,44:11,45:10,46:14,47:4,48:9,49:11,50:8
((21,92)105)0	1.6809021036653349	3.0	4.680902103665335	6.847786796100903e-11	1:13,2:6,3:7,4:1,5:2,6:3,7:2,8:5,9:3,10:4,11:10,12:2,13:1,14:6,15:2,16:6,17:8,18:5,19:5,20:3,21:3,22:2,23:4,24:4,25:9,26:2,27:8,28:3,29:4,30:4,31:7,32:5,33:8,34:9,35:5,36:4,37:4,38:6,39:3,40:6,41:6,42:5,43:5,44:4,45:2,46:5,47:6,48:4,49:4,50:6
((0,105)92)21	1.6813125256330799	3.0	4.68131252563308	6.833748794130435e-11	1:12,2:4,3:4,4:5,5:4,6:5,7:3,8:3,9:2,10:2,11:7,12:2,13:6,14:2,15:3,16:3,17:7,18:3,19:1,20:7,21:4,22:4,24:5,26:1,27:5,28:4,29:4,30:2,31:2,32:2,33:2,34:2,35:5,36:2,37:5,38:1,39:3,40:4,41:10,42:2,43:3,44:8,45:1,46:4,47:4,48:6,49:2,50:4
((92)105,21)0	1.6983017429184954	3.0	4.6983017429184954	6.277220634192134e-11	1:22,2:12,3:5,4:1,5:5,6:3,7:4,8:3,9:3,10:3,11:3,12:7,13:5,14:2,15:5,16:7,17:5,19:5,20:3,21:4,22:4,23:4,24:6,25:2,26:1,27:8,28:5,29:10,30:3,31:4,32:4,33:4,34:7,35:5,36:4,37:3,38:3,39:5,40:5,41:8,42:3,43:3,44:4,45:3,46:5,47:1,48:7,49:7,50:3
((105,21)0)92	1.6985017429184954	3.0	4.698501742918495	6.270946551122332e-11	1:18,2:1,3:5,4:4,5:3,6:4,7:4,8:5,9:6,10:7,11:3,12:5,13:4,14:5,15:8,16:7,17:2,18:7,19:2,20:5,21:3,22:4,23:4,24:6,25:5,26:6,27:8,28:4,29:7,30:8,31:2,32:7,33:3,34:5,36:8,37:4,38:6,39:3,40:9,41:5,42:5,43:5,44:3,45:1,46:5,47:5,48:3,49:3,50:3
(0,(105)92)21	1.7628018386733795	3.0	4.762801838673379	4.546814280326271e-11	1:15,2:15,3:7,4:6,5:4,6:3,7:5,8:5,9:11,10:7,11:3,12:2,13:1,14:3,15:1,16:4,17:3,18:5,19:5,20:6,21:2,22:1,23:4,24:3,25:3,26:3,27:5,28:4,29:9,30:10,31:5,32:8,33:8,34:5,36:3,37:3,38:2,39:2,40:3,41:3,42:5,43:4,44:4,45:2,46:6,47:7,48:3,49:4,50:6
((92)0,105)21	1.7773504335047952	3.0	4.777350433504795	4.227808845459262e-11	1:22,2:2,3:5,4:8,5:6,6:3,7:6,8:1,9:4,10:4,11:4,12:3,13:5,14:4,15:6,16:8,17:5,18:5,19:4,20:4,21:7,22:2,23:4,24:5,25:5,26:6,27:1,28:4,29:4,30:10,31:1,32:4,33:4,34:2,35:1,36:7,37:4,38:5,39:1,40:4,41:7,42:4,43:3,44:3,45:3,46:2,47:6,48:4,49:8,50:3
((21)105,92)0	1.8031503514682297	3.0	4.803150351468229	3.716135430756644e-11	1:19,2:4,3:5,4:4,5:6,6:6,7:4,8:4,9:4,10:4,11:4,12:4,13:2,14:2,15:4,16:5,17:1,18:4,19:2,20:4,21:7,22:3,23:3,24:8,25:3,26:5,27:1,28:3,29:2,30:5,31:2,32:6,33:9,34:5,35:4,36:1,37:6,38:5,39:3,40:3,41:3,42:3,43:4,44:9,45:2,46:5,47:3,48:5,49:6,50:1
(105,(21)92)0	1.8522507587985158	3.0	4.852250758798515	2.9071761909497796e-11	1:27,2:11,3:4,4:4,5:9,6:6,7:8,8:11,9:6,10:3,11:5,12:5,13:5,14:3,15:5,16:3,17:6,18:5,19:5,20:1,21:3,22:1,23:2,24:2,25:3,26:6,27:4,28:8,29:5,30:4,31:3,32:8,33:7,34:1,35:7,36:5,37:3,38:5,39:6,40:2,41:2,42:5,43:5,44:6,45:6,46:5,47:4,48:6,49:5,50:5
(((21)105)92)0	0.9141567946227553	4.0	4.914156794622755	2.1332615438707784e-11	1:4,2:5,3:4,4:7,5:4,6:3,7:3,8:6,9:9,10:3,11:5,12:5,13:5,14:7,15:2,16:2,17:3,18:4,19:3,20:5,21:7,22:1,23:9,24:5,25:6,26:4,27:8,28:4,29:4,30:5,31:4,32:6,33:9,34:8,35:7,36:5,37:7,38:7,39:3,40:7,41:5,42:7,43:3,44:4,45:2,46:5,47:8,48:6,49:6,50:8
((105)0,92)21	1.9380540182727395	3.0	4.938054018272739	1.8930057913463376e-11	1:18,2:6,3:2,4:3,5:5,6:1,7:7,8:7,9:5,10:4,11:5,12:6,13:5,14:2,15:7,16:2,17:3,18:3,19:5,20:2,21:6,22:3,23:5,24:10,25:5,26:4,27:7,28:4,30:9,31:4,32:1,33:5,34:6,35:2,36:5,37:1,38:4,39:4,40:4,41:2,42:5,43:6,44:2,45:4,47:2,48:9,49:5,50:5
(((92)105)0)21	0.9386841836148776	4.0	4.938684183614877	1.8870506448794874e-11	1:7,4:2,5:3,7:1,8:4,9:2,10:1,12:1,13:1,14:3,16:2,18:1,20:3,21:2,22:2,23:1,25:1,26:2,27:1,28:2,29:1,30:1,31:1,32:1,33:1,34:5,37:1,38:2,39:1,40:3,41:2,42:1,43:1,44:1,46:1,47:1,48:2,50:3
(((105)21)0)92	0.9622560870935876	4.0	4.9622560870935875	1.677250067099573e-11	1:11,2:1,3:1,5:1,6:1,7:1,8:1,9:1,10:1,11:3,12:2,13:2,14:1,15:1,16:1,17:1,18:2,19:1,20:1,21:1,23:1,24:3,26:2,27:4,28:3,29:2,30:3,31:2,33:1,34:3,35:3,36:1,37:1,38:3,39:2,40:1,41:2,43:1,44:3,46:1,48:1,49:1,50:3
(((92)21)105)0	1.0996381844940735	4.0	5.099638184494074	8.438716245778334e-12	1:3,2:3,3:5,10:4,11:3,12:2,14:2,15:1,16:2,17:2,18:1,19:1,20:2,22:1,25:1,27:1,28:2,29:1,30:2,32:1,35:2,36:1,37:2,38:2,41:2,43:1,44:2,46:2,47:2,48:3,49:2
(((105)0)92)21	1.0998381844940734	4.0	5.0998381844940734	8.430281747484597e-12	1:4,2:12,3:4,4:5,5:4,6:10,7:6,8:4,9:7,10:4,11:7,12:5,13:7,14:8,15:6,16:7,17:3,18:10,19:3,20:8,21:3,22:6,23:4,24:5,25:1,26:4,27:3,28:8,29:5,30:7,31:5,32:2,33:5,34:3,35:8,36:5,37:2,38:5,39:10,40:6,41:5,42:8,43:10,44:3,45:6,46:3,47:7,48:6,49:4,50:8
(105,21,92)0	2.7346840621907313	3.0	5.734684062190731	3.5260769169791634e-13	1:29,2:7,3:13,4:5,5:5,6:6,7:8,8:11,9:7,10:7,11:9,12:5,13:7,14:13,15:8,16:8,17:12,18:4,19:9,20:11,21:6,22:9,23:9,24:8,25:8,26:3,27:10,28:7,29:11,30:6,31:7,32:9,33:6,34:14,35:4,36:10,37:8,38:2,39:7,40:7,41:9,42:8,43:7,44:12,45:8,46:6,47:5,48:8,49:6,50:8
((105,21)92)0	1.7377503044484266	4.0	5.737750304448427	3.4724301723179957e-13	1:12,2:5,3:5,4:3,5:4,7:2,8:4,9:6,10:1,11:4,12:4,13:1,14:2,15:4,16:4,17:4,18:4,19:3,20:2,21:2,22:2,24:3,25:3,26:3,27:1,28:2,29:8,30:1,31:4,32:6,33:6,34:5,35:2,36:3,37:5,38:2,39:3,40:4,41:4,42:4,43:4,45:4,46:7,47:5,48:3,49:1,50:4
(21,(105)92)0	1.84897110107197	4.0	5.84897110107197	1.9912263467201728e-13	1:24,2:7,3:8,4:10,5:8,6:8,7:6,8:6,9:6,10:1,11:5,12:6,13:7,14:7,15:4,16:4,17:5,18:5,19:6,20:4,21:7,22:4,23:3,24:4,25:3,26:3,27:5,28:2,29:7,30:2,31:3,32:2,33:5,34:4,35:9,36:7,37:5,38:7,39:9,40:3,41:1,42:6,43:7,44:3,45:3,46:2,47:7,48:3,49:5,50:3
((105,92)0)21	1.8500504580779167	4.0	5.8500504580779165	1.9805090716082937e-13	1:7,2:2,3:5,4:4,5:3,6:5,7:5,8:6,9:8,10:7,11:11,12:7,13:13,14:5,15:3,16:7,17:7,18:5,19:5,21:6,22:3,23:6,24:4,25:4,26:5,27:7,28:8,29:4,30:2,31:6,32:4,33:6,34:1,35:7,36:5,37:2,38:5,39:5,40:4,41:3,42:1,43:4,44:5,45:6,46:3,47:5,48:6,49:5,50:4
(105,(92)21)0	1.9061558504073781	4.0	5.906155850407378	1.4960479884604554e-13	1:18,2:5,3:3,4:4,5:2,6:11,7:5,8:5,9:6,10:8,12:5,13:3,14:9,15:5,16:4,17:4,18:5,19:2,20:2,21:2,22:4,23:7,24:4,25:1,26:1,27:3,28:3,29:1,30:3,31:3,32:4,33:1,34:4,35:4,36:5,37:7,38:4,39:3,40:1,41:4,42:5,43:5,44:5,45:4,46:5,47:5,48:6,49:4
(((105)92)0)21	0.9610569012324423	5.0	5.961056901232443	1.1369186937541045e-13	1:4,2:3,3:1,4:4,6:3,7:3,8:3,10:1,12:2,13:1,15:1,16:2,17:4,18:2,19:1,20:1,21:3,22:1,24:1,25:1,26:1,29:1,30:4,31:2,32:2,34:1,35:1,38:2,39:3,40:1,42:2,43:1,46:1,47:1,49:1
(((92)105)21)0	0.9620560870935876	5.0	5.962056087093588	1.1312528930880805e-13	1:5,2:3,3:4,4:2,5:4,6:3,8:3,9:1,10:4,11:1,12:1,14:2,15:2,16:1,17:1,19:1,20:3,21:2,22:3,23:2,24:2,25:2,26:4,27:1,28:2,29:6,30:6,31:1,32:3,34:2,35:5,36:2,37:3,38:2,40:3,41:1,42:2,43:5,44:1,45:3,46:1,47:3,48:3,49:3
((105)21,92)0	1.9699105404890778	4.0	5.969910540489078	1.0876870905563766e-13	1:18,2:11,3:6,4:6,5:4,6:4,7:4,8:5,9:1,10:4,11:3,12:7,13:7,14:5,15:5,16:4,17:5,18:4,19:9,20:2,21:6,22:7,23:2,24:3,25:4,26:9,27:4,28:5,29:5,30:2,31:7,32:5,33:3,34:3,35:6,36:5,37:5,38:3,39:7,40:3,41:4,42:7,43:5,44:3,45:3,46:7,47:3,48:5,49:4,50:3
(((105)21)92)0	1.084196641370149	5.0	6.0841966413701485	6.142354238071207e-14	1:6,2:45,3:48,4:63,5:72,6:65,7:76,8:48,9:73,10:63,11:76,12:55,13:59,14:52,15:57,16:58,17:62,18:59,19:74,20:63,21:78,22:56,23:67,24:65,25:71,26:65,27:55,28:62,29:50,30:71,31:56,32:58,33:62,34:47,35:60,36:60,37:58,38:56,39:43,40:73,41:69,42:65,43:55,44:54,45:62,46:68,47:67,48:57,49:67,50:61
((105,92)21)0	1.8748880696984562	5.0	6.874888069698456	1.1786103163270963e-15	1:8,2:2,3:2,4:6,5:4,6:3,7:3,8:5,9:5,10:1,13:3,14:3,15:4,16:3,17:6,18:7,19:3,20:3,21:3,22:5,23:1,24:6,25:3,26:2,27:3,28:4,29:1,30:3,31:4,32:4,33:4,34:4,35:3,36:3,37:2,38:5,39:2,41:4,42:2,43:4,44:2,45:3,47:4,48:1,49:4,50:4
(((105)92)21)0	1.0489707551653626	6.0	7.048970755165363	4.935765177729597e-16	1:6,2:1,3:2,4:2,5:2,6:1,7:2,9:1,10:1,11:2,12:2,13:2,14:3,15:1,17:2,19:1,21:2,22:2,23:1,25:1,26:1,27:3,28:4,29:2,31:3,32:1,33:1,35:2,36:2,37:1,39:2,41:4,42:3,44:2,46:1,48:1,50:3
