# generation count = 50 
#
generation.index	generationHighestFitness	generationMedianFitness	populationHighestFitness	populationMedianFitness
1	0.6187818017205856	7.176051057786762e-09	0.6187818017205856	7.176051057786762e-09
2	0.6187818017205856	0.00024837047504884177	0.6187818017205856	1.5775919980566615e-07
3	0.6187818017205856	0.00014816855900427482	0.6187818017205856	4.107560005703549e-06
4	0.6187818017205856	0.00014816855900427482	0.6187818017205856	3.602311629266767e-05
5	0.6187818017205856	0.00019826951702655828	0.6187818017205856	5.225931378517976e-05
6	0.6187818017205856	0.0023809146999005572	0.6187818017205856	7.457133087933859e-05
7	0.6187818017205856	0.0023809146999005572	0.6187818017205856	0.00014816855900427482
8	0.6187818017205856	0.0023809146999005572	0.6187818017205856	0.00014816855900427482
9	0.6187818017205856	0.00014816855900427482	0.6187818017205856	0.00014816855900427482
10	0.6187818017205856	0.0023809146999005572	0.6187818017205856	0.00014816855900427482
11	0.6187818017205856	0.0023809146999005572	0.6187818017205856	0.00014816855900427482
12	0.6187818017205856	0.0023809146999005572	0.6187818017205856	0.00014816855900427482
13	0.6187818017205856	0.0023809146999005572	0.6187818017205856	0.00014816855900427482
14	0.6187818017205856	0.00024837047504884177	0.6187818017205856	0.00014816855900427482
15	0.6187818017205856	0.00014816855900427482	0.6187818017205856	0.00014816855900427482
16	0.6187818017205856	0.00014816855900427482	0.6187818017205856	0.00014816855900427482
17	0.6187818017205856	0.00024837047504884177	0.6187818017205856	0.00014816855900427482
18	0.6187818017205856	0.00014816855900427482	0.6187818017205856	0.00014816855900427482
19	0.6187818017205856	0.0023809146999005572	0.6187818017205856	0.00014816855900427482
20	0.6187818017205856	0.0023809146999005572	0.6187818017205856	0.00014816855900427482
21	0.6187818017205856	0.00024837047504884177	0.6187818017205856	0.00014816855900427482
22	0.6187818017205856	0.00014816855900427482	0.6187818017205856	0.00014816855900427482
23	0.6187818017205856	0.00014816855900427482	0.6187818017205856	0.00014816855900427482
24	0.6187818017205856	0.0013146425874746995	0.6187818017205856	0.00014816855900427482
25	0.6187818017205856	0.00024837047504884177	0.6187818017205856	0.00014816855900427482
26	0.6187818017205856	0.00014816855900427482	0.6187818017205856	0.00014816855900427482
27	0.6187818017205856	0.00014816855900427482	0.6187818017205856	0.00014816855900427482
28	0.6187818017205856	0.0023809146999005572	0.6187818017205856	0.00014816855900427482
29	0.6187818017205856	0.00014816855900427482	0.6187818017205856	0.00014816855900427482
30	0.6187818017205856	0.00014816855900427482	0.6187818017205856	0.00014816855900427482
31	0.6187818017205856	0.00014816855900427482	0.6187818017205856	0.00014816855900427482
32	0.6187818017205856	0.0023809146999005572	0.6187818017205856	0.00014816855900427482
33	0.6187818017205856	0.00024837047504884177	0.6187818017205856	0.00014816855900427482
34	0.6187818017205856	0.0023809146999005572	0.6187818017205856	0.00014816855900427482
35	0.6187818017205856	0.00014816855900427482	0.6187818017205856	0.00014816855900427482
36	0.6187818017205856	0.00014816855900427482	0.6187818017205856	0.00014816855900427482
37	0.6187818017205856	0.00014816855900427482	0.6187818017205856	0.00014816855900427482
38	0.6187818017205856	0.00024837047504884177	0.6187818017205856	0.00014816855900427482
39	0.6187818017205856	0.0023809146999005572	0.6187818017205856	0.00014816855900427482
40	0.6187818017205856	0.0023809146999005572	0.6187818017205856	0.00014816855900427482
41	0.6187818017205856	0.00014816855900427482	0.6187818017205856	0.00014816855900427482
42	0.6187818017205856	0.0023809146999005572	0.6187818017205856	0.00014816855900427482
43	0.6187818017205856	0.0023809146999005572	0.6187818017205856	0.00014816855900427482
44	0.6187818017205856	0.0023809146999005572	0.6187818017205856	0.00014816855900427482
45	0.6187818017205856	0.00014816855900427482	0.6187818017205856	0.00014816855900427482
46	0.6187818017205856	0.0023809146999005572	0.6187818017205856	0.00014816855900427482
47	0.6187818017205856	0.00024837047504884177	0.6187818017205856	0.00014816855900427482
48	0.6187818017205856	0.00024837047504884177	0.6187818017205856	0.00014816855900427482
49	0.6187818017205856	0.0023809146999005572	0.6187818017205856	0.00014816855900427482
50	0.6187818017205856	0.0023809146999005572	0.6187818017205856	0.00014816855900427482
############################################################
Topology	MassCost	TopologyCost	Cost	Fitness	appearances(generationID:count)
(((0)21)92)105	0.09600051393997294	0.0	0.09600051393997294	0.6187818017205856	1:5,2:149,3:208,4:202,5:172,6:216,7:209,8:212,9:207,10:217,11:193,12:201,13:191,14:194,15:181,16:190,17:200,18:202,19:195,20:189,21:194,22:204,23:197,24:210,25:205,26:167,27:195,28:212,29:198,30:184,31:204,32:212,33:192,34:214,35:210,36:194,37:185,38:202,39:197,40:207,41:178,42:205,43:197,44:194,45:197,46:188,47:222,48:186,49:208,50:214
(21,(0)92)105	0.7893180266601442	0.0	0.7893180266601442	0.019320469808163012	1:16,2:59,3:5,4:9,5:14,6:10,7:12,8:8,9:9,10:9,11:16,12:10,13:7,14:5,15:9,16:6,17:7,18:7,19:8,20:14,21:9,22:7,23:7,24:9,25:11,26:5,27:5,28:8,29:7,30:5,31:10,32:6,33:8,34:3,35:5,36:9,37:4,38:6,39:10,40:2,41:11,42:9,43:5,44:12,45:5,46:6,47:10,48:13,49:9,50:6
(0,(21)92)105	0.8252665428966349	0.0	0.8252665428966349	0.016141967612671747	1:20,2:46,3:50,4:47,5:50,6:33,7:50,8:48,9:44,10:41,11:54,12:43,13:44,14:44,15:55,16:43,17:51,18:44,19:52,20:45,21:51,22:45,23:44,24:40,25:41,26:34,27:53,28:39,29:39,30:41,31:46,32:45,33:38,34:40,35:55,36:43,37:49,38:52,39:60,40:39,41:35,42:55,43:52,44:41,45:40,46:61,47:50,48:59,49:53,50:48
((0)21,92)105	0.8360181332698311	0.0	0.8360181332698311	0.01529712056977484	1:27,2:70,3:55,4:46,5:45,6:60,7:53,8:49,9:37,10:37,11:38,12:61,13:51,14:55,15:34,16:52,17:46,18:45,19:57,20:44,21:48,22:53,23:49,24:45,25:48,26:60,27:55,28:57,29:42,30:57,31:49,32:43,33:60,34:50,35:38,36:48,37:43,38:58,39:49,40:52,41:50,42:52,43:55,44:58,45:52,46:48,47:46,48:56,49:42,50:52
((0,21)92)105	0.9064520009355156	0.0	0.9064520009355156	0.010756339205466795	1:18,2:56,3:41,4:42,5:58,6:56,7:60,8:39,9:52,10:55,11:60,12:56,13:58,14:53,15:55,16:61,17:59,18:57,19:50,20:46,21:58,22:54,23:60,24:72,25:53,26:60,27:46,28:49,29:58,30:37,31:50,32:55,33:48,34:60,35:49,36:58,37:71,38:48,39:49,40:54,41:62,42:55,43:53,44:51,45:53,46:60,47:54,48:52,49:53,50:49
(((21)0)92)105	0.12478475027064907	1.0	1.1247847502706492	0.003610446784220991	1:4,2:69,3:71,4:74,5:74,6:67,7:72,8:76,9:69,10:69,11:66,12:88,13:91,14:79,15:73,16:75,17:74,18:80,19:76,20:93,21:81,22:69,23:72,24:71,25:76,26:67,27:74,28:80,29:74,30:80,31:65,32:69,33:91,34:92,35:59,36:74,37:85,38:64,39:79,40:83,41:66,42:67,43:68,44:85,45:82,46:92,47:62,48:73,49:81,50:84
(((0)92)21)105	0.20805410748888264	1.0	1.2080541074888826	0.0023809146999005572	1:6,2:45,3:61,4:62,5:72,6:68,7:50,8:71,9:53,10:81,11:75,12:59,13:67,14:68,15:58,16:58,17:62,18:49,19:75,20:71,21:58,22:59,23:57,24:53,25:64,26:74,27:61,28:73,29:67,30:62,31:66,32:76,33:56,34:62,35:65,36:56,37:53,38:65,39:73,40:66,41:66,42:64,43:71,44:68,45:47,46:65,47:52,48:59,49:58,50:56
(0,21,92)105	1.660117815096266	0.0	1.660117815096266	0.00024837047504884177	1:42,2:22,3:7,4:12,5:15,6:8,7:13,8:7,9:10,10:10,11:5,12:13,13:6,14:9,15:6,16:8,17:7,18:12,19:11,20:9,21:7,22:8,23:9,24:8,25:7,26:9,27:8,28:12,29:5,30:13,31:8,32:14,33:9,34:10,35:4,36:14,37:8,38:6,39:7,40:14,41:15,42:13,43:7,44:12,45:6,46:11,47:10,48:8,49:6,50:11
(((0)21)105)92	0.7634320040155177	1.0	1.7634320040155176	0.00014816855900427482	1:2,2:39,3:62,4:61,5:57,6:53,7:67,8:58,9:75,10:51,11:72,12:53,13:58,14:58,15:50,16:74,17:73,18:65,19:68,20:52,21:63,22:69,23:66,24:59,25:60,26:69,27:72,28:71,29:66,30:70,31:71,32:64,33:59,34:63,35:67,36:70,37:71,38:64,39:68,40:74,41:78,42:78,43:61,44:63,45:81,46:59,47:58,48:57,49:58,50:68
((21)0,92)105	0.900750885836998	1.0	1.900750885836998	7.457133087933859e-05	1:17,2:10,3:13,4:3,5:18,6:10,7:6,8:10,9:11,10:12,11:11,12:9,13:7,14:12,15:5,16:11,17:9,18:9,19:10,20:12,21:9,22:10,23:7,24:12,25:7,26:8,27:5,28:8,29:17,30:11,31:6,32:10,33:10,34:4,35:5,36:11,37:9,38:7,39:12,40:6,41:7,42:9,43:13,44:4,45:8,46:6,47:6,48:5,49:9,50:6
((92)0,21)105	0.9616292754766306	1.0	1.9616292754766307	5.5001704770595606e-05	1:27,2:6,3:7,4:7,5:5,6:2,7:6,8:6,9:11,10:4,11:7,12:6,13:11,14:5,15:7,16:8,17:6,18:5,19:2,20:5,21:5,22:8,23:5,24:8,25:4,26:5,27:4,28:8,29:5,30:3,31:6,32:12,33:8,34:5,35:3,36:8,37:6,38:5,39:5,40:5,41:7,42:5,43:3,44:7,45:10,46:9,47:10,48:4,49:6,50:5
(0,(92)21)105	0.9718584857485887	1.0	1.9718584857485886	5.225931378517976e-05	1:21,2:14,3:8,4:8,5:5,6:7,7:3,8:4,9:2,10:5,11:2,12:5,13:3,14:6,15:6,16:6,17:5,18:4,19:5,20:8,21:8,22:4,23:6,24:5,25:6,26:7,27:7,28:6,29:2,30:6,31:9,32:7,33:6,34:6,35:5,36:4,37:4,38:6,39:2,40:3,41:6,42:2,43:6,44:7,45:5,46:4,47:7,48:6,49:6,50:10
((0,92)21)105	1.0462699412675487	1.0	2.046269941267549	3.602311629266767e-05	1:18,2:15,3:10,4:11,5:13,6:12,7:10,8:12,9:13,10:7,11:9,12:11,13:10,14:4,15:17,16:7,17:11,18:10,19:11,20:10,21:12,22:13,23:12,24:9,25:8,26:9,27:9,28:6,29:11,30:15,31:13,32:7,33:9,34:5,35:9,36:12,37:12,38:15,39:11,40:13,41:8,42:15,43:8,44:9,45:13,46:9,47:9,48:12,49:14,50:4
(((92)0)21)105	0.24452500382661146	2.0	2.2445250038266114	1.3368290724250908e-05	1:10,2:8,3:10,4:7,5:8,6:9,7:10,8:6,9:5,10:8,11:9,12:11,13:8,14:7,15:9,16:13,17:5,18:10,19:8,20:9,21:10,22:8,23:8,24:7,25:9,26:16,27:10,28:4,29:15,30:8,31:7,32:11,33:9,34:8,35:7,36:19,37:10,38:12,39:6,40:5,41:8,42:5,43:7,44:10,45:8,46:8,47:3,48:11,49:16,50:4
(((21)92)0)105	0.24672530454721053	2.0	2.2467253045472106	1.3222025469785723e-05	1:7,2:10,3:4,4:6,5:3,6:7,7:8,8:8,9:7,10:10,11:3,12:3,13:7,14:4,15:12,16:1,17:5,18:7,19:3,20:8,21:2,22:6,23:11,24:6,25:5,26:3,27:9,28:3,29:8,30:9,31:7,32:12,33:9,34:5,35:7,36:5,37:2,38:7,39:10,40:5,41:4,42:6,43:8,44:9,45:8,46:4,47:5,48:5,49:4,50:8
(0,(21)105)92	1.4734584181441972	1.0	2.4734584181441974	4.2555263982608095e-06	1:14,2:12,3:3,4:6,5:5,6:8,7:4,8:5,9:5,10:4,11:4,12:8,13:4,14:5,15:4,16:6,17:7,18:2,19:4,20:4,21:5,22:2,23:3,24:2,25:5,26:4,27:3,28:7,29:4,30:5,31:3,32:6,33:7,34:4,35:7,36:6,37:3,38:3,39:6,40:3,41:1,42:4,43:3,44:6,45:5,46:7,48:4,49:9,50:7
((0,21)105)92	1.480536275665537	1.0	2.480536275665537	4.107560005703549e-06	1:15,2:5,3:6,4:2,5:1,6:5,7:2,8:4,9:2,10:4,11:2,12:1,13:1,14:3,15:5,16:2,17:4,18:3,19:2,20:2,21:2,22:4,23:6,24:2,25:3,26:1,27:2,28:2,29:2,30:6,31:4,32:7,33:1,34:4,35:2,36:2,37:3,38:8,39:1,40:2,41:5,42:3,43:3,44:1,45:1,46:5,47:3,48:2,49:4,50:5
((0)105,21)92	1.540125407231502	1.0	2.540125407231502	3.049212991677224e-06	1:18,2:7,3:6,4:1,5:3,6:4,7:7,8:2,9:5,10:2,11:1,12:4,13:3,14:9,15:4,16:1,17:2,18:2,19:3,20:8,21:1,22:4,23:8,24:4,25:6,26:2,27:5,28:2,29:5,30:2,31:4,32:6,33:2,34:5,35:3,36:6,37:5,38:6,39:5,40:7,41:2,42:1,43:1,44:5,45:4,46:3,47:2,48:4,50:5
(105,(0)21)92	1.587025513841189	1.0	2.587025513841189	2.4118232307406568e-06	1:13,2:11,3:7,4:9,5:7,6:5,7:1,8:4,9:9,10:4,11:1,12:5,13:4,14:5,15:5,16:3,17:4,18:5,19:7,20:4,21:7,22:8,23:5,24:5,25:4,26:5,27:5,28:2,29:4,30:6,31:5,32:4,33:4,34:3,35:5,36:9,37:6,38:4,39:6,40:3,41:8,42:2,43:6,44:3,45:1,46:6,47:10,48:6,49:9,50:1
(((0)92)105)21	0.8376713368229385	2.0	2.8376713368229387	6.887712085676423e-07	1:6,2:3,3:2,4:1,5:3,6:2,8:2,9:3,10:3,11:2,13:3,14:3,16:2,17:3,18:2,19:2,20:3,21:1,22:3,24:2,25:1,28:2,29:2,30:4,32:3,33:1,34:3,35:2,36:2,37:2,38:2,39:2,40:3,43:1,44:3,45:4,46:3,47:1,48:2,49:2,50:1
(((21)0)105)92	0.8411166476764799	2.0	2.84111664767648	6.770076675096458e-07	1:5,2:3,3:4,4:7,5:2,6:4,7:3,8:9,9:7,10:8,11:2,12:13,13:8,14:8,15:8,16:4,17:3,18:6,19:2,20:10,21:7,22:6,23:8,24:14,25:7,26:7,27:6,28:6,29:6,30:5,31:5,32:1,33:2,34:8,35:6,36:4,37:3,38:4,39:3,40:9,41:4,42:2,43:5,44:4,45:2,46:3,47:8,48:3,49:2,50:4
(((0)105)21)92	0.8865717441532245	2.0	2.8865717441532244	5.393728718152367e-07	1:9,2:3,3:2,4:4,7:1,8:2,11:2,13:2,16:1,18:2,20:1,21:1,22:3,23:2,24:1,25:2,26:1,27:3,28:1,31:3,32:1,33:1,35:1,36:1,37:1,38:1,40:2,41:2,42:2,43:1,46:1,47:1,49:2,50:1
((21,92)0)105	1.1324392036661393	2.0	3.1324392036661393	1.5775919980566615e-07	1:10,2:21,3:12,4:12,5:6,6:11,7:8,8:10,9:14,10:12,11:12,12:9,13:17,14:12,15:15,16:17,17:14,18:23,19:13,20:18,21:13,22:8,23:8,24:11,25:16,26:20,27:12,28:13,29:11,30:14,31:13,32:10,33:12,34:14,35:16,36:9,37:14,38:12,39:20,40:13,41:7,42:8,43:11,44:11,45:15,46:9,47:19,48:11,49:12,50:10
(((92)21)0)105	0.33243885775953175	3.0	3.3324388577595316	5.8036466640062115e-08	1:8,2:40,3:76,4:69,5:76,6:65,7:69,8:64,9:75,10:78,11:72,12:80,13:61,14:80,15:84,16:64,17:59,18:65,19:63,20:85,21:74,22:56,23:70,24:62,25:72,26:64,27:71,28:67,29:66,30:77,31:65,32:55,33:65,34:47,35:70,36:67,37:60,38:74,39:56,40:64,41:78,42:69,43:72,44:70,45:70,46:72,47:74,48:77,49:61,50:67
(0,105,21)92	2.436690813377848	1.0	3.436690813377848	3.446043209518058e-08	1:46,2:9,3:11,4:8,5:10,6:9,7:6,8:12,9:7,10:8,11:7,12:7,13:9,14:12,15:7,16:9,17:8,18:8,19:10,20:15,21:8,22:8,23:9,24:7,25:6,26:6,27:11,28:6,29:14,30:9,31:13,32:7,33:11,34:3,35:3,36:10,37:7,38:3,39:9,40:5,41:6,42:12,43:14,44:9,45:6,46:14,47:14,48:7,49:12,50:8
(0,(92)105)21	1.5797255362878706	2.0	3.579725536287871	1.6854845049680757e-08	1:16,2:2,3:6,4:4,5:4,6:4,7:3,8:7,9:5,10:7,11:1,12:6,13:4,14:2,15:5,16:4,17:8,18:4,19:2,20:3,21:5,22:5,23:2,24:3,25:3,26:4,27:6,28:4,29:6,30:3,31:3,32:2,33:1,34:3,35:2,36:2,37:4,38:4,40:4,41:7,42:4,43:7,44:6,45:5,46:5,47:5,48:6,49:3,50:3
((21)0,105)92	1.5980431684148464	2.0	3.598043168414846	1.537972363610523e-08	1:19,2:2,3:2,4:3,5:5,6:2,7:2,8:5,9:3,10:4,11:1,12:3,13:7,14:4,15:5,16:3,17:3,18:3,19:5,20:3,21:4,22:4,23:4,24:9,25:5,26:5,27:2,28:6,29:2,30:2,31:2,32:5,33:3,34:5,35:7,36:3,37:6,38:4,39:4,40:4,41:4,42:4,43:5,45:4,46:1,47:5,48:5,49:6,50:9
((0,92)105)21	1.6136374723892875	2.0	3.6136374723892875	1.4226102408913371e-08	1:19,2:4,3:6,4:3,5:4,6:5,7:3,8:5,9:4,10:2,11:2,12:6,13:1,14:1,15:5,16:5,17:3,18:4,19:2,20:3,21:1,22:5,23:3,24:5,25:5,26:1,27:3,28:2,29:4,30:7,31:9,32:2,33:3,34:2,35:2,36:4,37:3,38:3,39:3,40:2,41:2,42:5,43:2,44:3,45:4,46:4,47:2,48:7,49:6,50:4
((0,105)21)92	1.6288259436181567	2.0	3.628825943618157	1.3185742323875083e-08	1:11,2:6,3:4,4:4,5:1,6:6,7:6,8:5,9:3,10:2,11:8,12:2,13:2,14:5,15:4,16:2,17:3,18:5,19:4,20:2,21:3,22:6,23:3,24:7,25:6,26:2,27:4,28:6,29:2,30:2,31:4,33:1,34:5,35:5,36:3,37:3,38:2,39:3,40:2,41:6,42:1,43:2,44:6,45:3,46:3,47:5,48:4,49:1,50:3
(0,(105)21)92	1.7439233377584542	2.0	3.743923337758454	7.416069116630663e-09	1:20,2:3,3:5,4:6,5:2,6:3,7:6,8:3,9:6,10:3,11:3,12:2,13:4,14:4,15:7,16:4,17:3,18:5,20:3,21:8,22:2,23:4,24:4,25:4,26:1,27:5,28:7,29:6,30:4,31:7,32:6,33:5,34:5,35:4,36:3,37:5,38:4,39:3,40:6,41:7,42:7,43:7,44:3,45:4,46:5,47:2,48:5,49:6,50:6
((0)105,92)21	1.750303319427807	2.0	3.750303319427807	7.183230698066394e-09	1:24,2:9,3:4,4:5,5:2,6:3,7:5,8:4,9:5,10:5,11:2,12:4,13:8,14:5,15:3,16:3,18:3,19:4,20:5,21:2,22:4,23:9,24:6,25:5,26:7,27:3,28:6,29:5,30:1,31:7,32:4,33:4,34:4,35:6,36:4,37:7,38:4,39:5,40:3,41:1,42:6,43:5,44:2,45:1,46:4,47:4,48:4,49:8,50:2
(105,(0)92)21	1.750503319427807	2.0	3.750503319427807	7.176051057786762e-09	1:13,2:8,3:5,4:4,5:4,6:1,7:5,8:2,9:5,10:5,11:5,13:6,14:5,15:2,16:4,17:5,18:5,19:10,20:6,21:4,22:4,23:6,24:2,25:6,26:4,27:4,28:3,29:3,30:5,31:5,32:2,33:3,34:7,35:10,36:1,37:6,38:6,39:1,40:3,41:1,42:7,43:3,44:2,45:2,46:3,47:5,48:8,49:5,50:5
((105)0,21)92	1.7982360779407063	2.0	3.7982360779407065	5.652429468957052e-09	1:25,2:5,3:5,4:6,5:3,6:4,7:9,8:3,9:3,10:2,11:5,12:7,13:3,14:5,15:2,16:5,17:3,18:5,19:4,21:7,22:6,23:7,24:7,25:4,26:4,27:4,28:2,29:9,30:5,31:3,32:5,33:7,34:7,35:3,36:3,37:2,38:6,39:6,40:5,41:7,42:5,43:10,44:8,45:5,46:6,47:6,48:2,49:2,50:6
(((21)105)0)92	0.8919840770051907	3.0	3.8919840770051906	3.5372353658134287e-09	1:8,2:6,3:2,5:1,6:1,7:1,9:1,10:1,11:1,12:1,14:2,15:2,16:2,17:2,18:1,19:2,20:1,21:1,22:1,23:2,25:2,27:4,28:1,29:2,30:2,31:1,33:4,34:1,35:3,36:4,37:3,38:1,39:3,41:2,42:3,44:1,45:2,46:2,47:1,49:1,50:3
(((0)105)92)21	0.9243860048947135	3.0	3.9243860048947132	3.0081817078949376e-09	1:5,2:41,3:54,4:74,5:70,6:62,7:51,8:64,9:56,10:67,11:50,12:62,13:54,14:57,15:65,16:59,17:70,18:73,19:61,20:45,21:66,22:71,23:64,24:72,25:63,26:82,27:68,28:50,29:63,30:60,31:74,32:63,33:69,34:66,35:71,36:69,37:64,38:64,39:65,40:58,41:61,42:67,43:54,44:57,45:68,46:60,47:67,48:60,49:71,50:63
(((21)92)105)0	0.9408844843354767	3.0	3.9408844843354767	2.7699891833644152e-09	1:7,4:2,5:2,6:1,7:2,9:3,10:3,12:1,14:2,15:2,16:1,17:2,18:3,19:2,20:5,23:2,27:3,29:1,30:3,32:3,33:2,35:2,37:2,38:1,40:4,42:1,44:2,45:1,46:2,49:1
(((105)0)21)92	0.9877845909451636	3.0	3.9877845909451635	2.190966744393898e-09	1:12,2:3,3:2,4:5,5:4,6:3,7:2,8:3,9:8,10:1,11:6,12:1,13:2,14:3,15:5,16:1,17:3,18:2,19:3,20:1,21:1,22:2,23:2,24:2,25:1,26:2,27:1,29:5,31:1,32:3,33:9,34:2,35:3,36:4,37:5,38:1,39:1,40:2,41:1,42:8,43:1,44:6,45:2,47:2,48:1,50:3
(((92)0)105)21	1.035096234039863	3.0	4.035096234039863	1.7294175348263945e-09	1:9,2:1,3:2,4:3,5:1,6:4,7:3,8:3,11:4,12:1,13:2,15:1,16:4,17:3,18:3,19:2,20:3,21:2,22:3,23:1,25:4,26:1,27:2,28:2,29:1,31:7,32:3,33:1,34:1,35:1,36:2,38:2,39:3,40:3,41:4,42:2,43:3,44:7,45:3,46:2,48:2,49:1,50:2
(0,105,92)21	2.6271777861423846	2.0	4.627177786142385	8.95800093555093e-11	1:48,2:5,3:6,4:6,5:6,6:7,7:8,8:10,9:6,10:9,11:13,12:9,13:9,14:7,15:9,16:7,17:7,18:6,19:14,20:1,21:12,22:9,23:6,24:5,25:10,26:16,27:16,28:6,29:6,30:10,31:14,32:5,33:3,34:7,35:10,36:4,37:14,38:16,39:11,40:10,41:10,42:6,43:11,44:10,45:10,46:10,47:5,48:7,49:6,50:8
((21,92)105)0	1.6809021036653349	3.0	4.680902103665335	6.847786796100903e-11	1:13,2:5,3:4,4:5,5:4,6:6,7:5,8:6,9:5,10:11,11:8,12:6,13:9,14:5,15:3,16:6,17:4,18:3,19:3,20:3,21:4,22:4,23:4,24:5,25:7,26:8,27:3,28:2,29:5,30:3,31:4,32:8,33:5,34:9,35:9,36:5,37:8,38:2,39:5,40:12,41:4,42:2,43:4,44:2,45:5,46:3,47:4,48:7,49:4,50:3
((0,105)92)21	1.6813125256330799	3.0	4.68131252563308	6.833748794130435e-11	1:24,2:5,3:1,4:2,5:4,6:2,7:4,8:1,10:9,11:2,12:1,13:2,14:1,16:4,17:3,18:5,19:6,20:5,21:5,23:4,24:4,25:4,26:3,27:3,28:6,29:6,30:1,32:2,33:2,34:5,35:6,36:3,37:3,38:5,39:1,40:4,41:5,42:4,43:3,44:1,45:2,46:8,47:6,48:5,49:5,50:2
((92)105,21)0	1.6983017429184954	3.0	4.6983017429184954	6.277220634192134e-11	1:21,2:2,3:7,4:2,5:6,6:3,7:5,8:3,9:2,10:8,11:8,12:9,13:6,14:3,15:5,16:5,17:2,18:1,19:5,20:2,21:5,22:7,23:5,24:3,25:3,26:2,27:7,28:7,29:3,30:4,31:2,32:6,33:4,34:7,35:6,36:6,37:3,38:6,39:3,40:6,41:5,42:1,43:3,44:3,45:2,46:2,47:1,48:4,49:8,50:1
((105,21)0)92	1.6985017429184954	3.0	4.698501742918495	6.270946551122332e-11	1:21,2:3,3:3,4:4,5:2,6:4,7:6,8:6,9:5,10:8,11:3,12:4,13:4,14:5,15:4,16:7,17:5,18:4,19:1,20:2,21:8,22:2,23:3,24:3,25:4,26:2,27:5,28:9,29:3,30:6,31:7,32:6,33:3,34:4,35:6,36:5,37:4,38:5,39:7,40:6,41:3,42:4,43:4,44:6,45:4,46:5,47:5,48:9,49:3,50:3
(0,(105)92)21	1.7628018386733795	3.0	4.762801838673379	4.546814280326271e-11	1:19,2:8,3:5,4:5,5:1,6:3,7:6,8:3,9:2,10:4,11:6,12:4,13:7,14:6,15:6,16:5,17:3,18:8,19:5,20:3,21:3,22:4,23:5,24:8,25:3,26:4,27:5,28:4,29:3,30:3,31:3,32:1,33:4,34:10,35:5,36:4,37:6,38:6,39:2,40:3,41:9,42:3,43:6,44:5,45:1,46:4,47:5,48:6,49:3,50:5
((92)0,105)21	1.7773504335047952	3.0	4.777350433504795	4.227808845459262e-11	1:23,2:2,3:2,4:6,5:4,6:8,7:3,8:1,9:6,10:1,11:3,12:6,13:3,14:6,15:3,16:1,17:2,18:3,19:8,20:2,21:3,22:3,23:5,24:3,25:2,26:6,27:6,28:4,29:3,30:3,31:7,32:4,33:6,34:2,35:7,36:1,37:4,38:2,39:8,40:2,41:4,42:2,43:1,44:4,45:8,46:6,47:4,48:4,49:3,50:6
((21)105,92)0	1.8031503514682297	3.0	4.803150351468229	3.716135430756644e-11	1:17,2:5,3:2,4:4,5:5,6:4,7:4,8:5,9:5,10:4,11:4,12:3,13:4,14:7,15:6,16:5,17:6,18:4,19:3,20:6,21:2,22:5,23:7,24:4,25:3,26:6,27:5,28:2,29:4,30:6,31:6,32:3,33:7,34:4,35:7,36:5,37:4,38:7,39:3,40:6,41:2,42:4,43:3,44:3,45:4,46:6,47:5,48:5,49:4,50:7
(105,(21)92)0	1.8522507587985158	3.0	4.852250758798515	2.9071761909497796e-11	1:18,2:7,3:11,4:3,5:6,6:6,7:6,8:7,9:6,10:3,11:3,12:6,13:12,14:4,15:9,16:7,17:2,18:6,19:3,20:4,21:2,22:2,23:5,24:8,25:5,26:4,27:1,28:4,29:7,30:10,31:3,32:2,33:5,34:3,35:5,36:6,37:1,38:2,39:6,40:3,41:4,42:9,43:4,44:5,45:5,46:7,47:3,48:2,49:6,50:5
(((21)105)92)0	0.9141567946227553	4.0	4.914156794622755	2.1332615438707784e-11	1:6,2:2,3:10,4:3,5:5,6:4,7:5,8:3,9:7,10:5,11:8,12:4,13:8,14:6,15:6,16:9,17:2,18:3,19:6,20:5,21:4,22:6,23:3,24:9,25:2,26:3,27:4,28:3,29:3,30:8,31:3,32:5,33:8,34:5,35:1,36:4,37:5,38:2,39:3,40:3,41:6,42:3,43:2,44:2,45:7,46:7,47:6,48:5,49:10,50:3
((105)0,92)21	1.9380540182727395	3.0	4.938054018272739	1.8930057913463376e-11	1:17,2:3,3:6,4:6,5:2,6:5,7:5,8:4,9:3,10:4,11:7,12:3,13:7,14:5,15:3,16:4,17:5,18:3,19:4,20:2,21:3,22:4,23:2,24:6,25:3,26:2,27:4,28:3,29:4,30:4,31:2,32:4,33:7,34:4,35:4,36:4,37:6,38:8,39:5,40:8,41:1,42:3,43:10,44:3,45:7,46:1,47:6,48:8,49:4,50:4
(((92)105)0)21	0.9386841836148776	4.0	4.938684183614877	1.8870506448794874e-11	1:6,3:2,4:1,5:1,6:1,7:3,8:2,9:1,10:1,11:1,12:1,13:1,14:2,15:1,16:1,17:3,18:5,19:2,20:1,21:2,22:1,24:1,26:2,28:2,32:1,34:1,35:1,37:1,39:1,40:1,42:4,43:1,44:4,47:2,49:2
(((105)21)0)92	0.9622560870935876	4.0	4.9622560870935875	1.677250067099573e-11	1:10,2:3,3:1,4:3,5:2,6:2,7:2,8:1,12:1,13:2,15:1,16:3,17:1,18:2,19:1,20:1,21:3,22:1,23:1,24:1,25:2,26:1,27:3,28:4,30:1,31:4,32:2,33:2,34:1,35:3,36:2,37:1,39:1,40:3,42:2,43:2,45:3,46:1,47:1,48:1,49:1
(((92)21)105)0	1.0996381844940735	4.0	5.099638184494074	8.438716245778334e-12	1:5,2:3,3:1,4:1,5:1,6:4,8:1,10:2,11:1,12:1,13:1,14:1,16:1,17:1,18:3,19:2,20:1,22:1,23:1,24:1,25:1,28:1,29:1,30:2,31:1,32:1,33:2,35:1,37:2,38:2,39:3,40:1,42:2,43:2,44:2,45:2,47:1,48:1,49:3,50:2
(((105)0)92)21	1.0998381844940734	4.0	5.0998381844940734	8.430281747484597e-12	1:3,2:7,3:5,4:4,5:6,6:5,7:2,8:4,9:6,10:6,11:8,12:9,13:1,14:4,15:7,16:4,17:9,18:4,19:2,20:4,21:6,22:3,23:6,24:6,25:5,26:4,27:2,28:2,29:5,30:7,31:3,32:7,33:1,34:8,35:4,36:9,37:7,38:4,39:2,40:4,41:13,42:7,43:7,44:6,45:6,46:9,47:6,48:6,49:1,50:5
(105,21,92)0	2.7346840621907313	3.0	5.734684062190731	3.5260769169791634e-13	1:36,2:11,3:6,4:8,5:11,6:4,7:6,8:13,9:10,10:7,11:6,12:5,13:12,14:10,15:7,16:6,17:10,18:9,19:7,20:9,21:8,22:10,23:5,24:11,25:9,26:13,27:7,28:12,29:11,30:7,31:9,32:3,33:8,34:17,35:9,36:13,37:5,38:9,39:19,40:8,41:7,42:6,43:8,44:10,45:5,46:8,47:9,48:12,49:15,50:8
((105,21)92)0	1.7377503044484266	4.0	5.737750304448427	3.4724301723179957e-13	1:11,2:6,3:3,4:2,5:1,6:4,7:2,8:2,9:4,10:2,11:3,12:5,13:2,14:3,15:2,16:2,17:3,18:4,19:1,20:2,21:4,22:1,23:1,24:1,25:5,26:5,27:5,29:3,30:2,31:2,32:3,33:1,34:4,35:2,36:5,37:3,39:1,40:4,41:2,42:1,43:1,44:1,45:1,46:2,47:6,50:1
(21,(105)92)0	1.84897110107197	4.0	5.84897110107197	1.9912263467201728e-13	1:26,2:9,3:5,4:6,5:2,6:1,7:3,8:5,9:6,10:4,11:6,12:7,13:3,14:2,15:3,16:5,17:4,18:5,19:4,20:3,21:6,22:5,23:7,24:4,25:4,26:5,27:2,28:6,29:1,30:5,31:3,32:2,33:5,34:5,35:6,36:4,37:9,38:3,39:1,40:3,41:3,42:5,43:4,44:2,45:12,46:4,47:7,48:4,49:6,50:4
((105,92)0)21	1.8500504580779167	4.0	5.8500504580779165	1.9805090716082937e-13	1:18,2:6,3:7,4:7,5:1,6:4,7:6,8:11,9:6,10:4,11:7,12:3,13:6,14:5,15:9,16:5,17:4,18:5,19:6,20:10,21:3,22:4,23:3,24:2,25:3,26:3,27:3,28:6,29:3,30:5,31:6,32:4,33:8,34:5,35:7,36:4,37:6,38:6,39:5,40:5,41:6,42:4,43:6,44:2,45:5,46:2,47:5,48:4,49:4,50:5
(105,(92)21)0	1.9061558504073781	4.0	5.906155850407378	1.4960479884604554e-13	1:21,2:8,3:5,4:3,5:4,6:5,7:7,8:5,9:1,10:5,11:4,12:3,13:3,14:5,15:6,16:4,17:2,18:4,19:1,20:6,22:7,23:4,24:4,25:7,26:5,27:3,28:4,29:4,30:7,31:4,32:2,33:5,34:4,35:2,36:5,37:1,38:5,39:5,40:4,41:3,42:2,43:5,44:1,45:5,47:3,48:5,49:4,50:3
(((105)92)0)21	0.9610569012324423	5.0	5.961056901232443	1.1369186937541045e-13	1:7,2:2,3:2,4:1,6:1,7:1,9:3,11:1,13:2,14:2,16:1,17:3,19:2,20:3,21:1,22:4,23:4,24:2,25:1,26:2,27:1,28:1,29:1,30:1,31:1,32:1,33:3,35:2,37:2,38:1,40:3,42:1,43:1,44:3,45:2,46:2,47:1,48:2
(((92)105)21)0	0.9620560870935876	5.0	5.962056087093588	1.1312528930880805e-13	1:8,2:5,3:2,4:2,5:1,6:2,7:2,8:1,9:3,11:3,12:1,13:1,14:2,15:2,16:3,17:1,18:2,19:1,21:2,22:4,23:3,24:2,25:2,26:4,28:2,29:4,30:2,31:1,32:3,33:2,34:1,35:1,36:3,37:3,38:2,39:1,40:3,41:6,44:2,45:4,46:3,47:5,48:2,49:1,50:2
((105)21,92)0	1.9699105404890778	4.0	5.969910540489078	1.0876870905563766e-13	1:17,2:9,3:2,4:9,5:6,6:5,7:5,8:3,9:2,10:2,11:6,12:7,13:4,14:6,15:3,16:6,17:8,18:2,19:5,20:7,21:4,22:4,23:1,24:6,25:8,26:7,27:6,28:6,29:7,30:5,31:2,32:10,33:6,34:3,35:5,36:6,37:8,38:4,39:3,40:3,41:6,42:5,43:5,44:4,45:4,46:4,47:1,48:2,49:5,50:4
(((105)21)92)0	1.084196641370149	5.0	6.0841966413701485	6.142354238071207e-14	1:9,2:56,3:59,4:68,5:86,6:77,7:69,8:65,9:71,10:58,11:70,12:45,13:59,14:60,15:84,16:70,17:68,18:66,19:66,20:68,21:63,22:72,23:70,24:58,25:69,26:65,27:69,28:65,29:71,30:66,31:52,32:68,33:67,34:62,35:68,36:58,37:65,38:62,39:57,40:53,41:75,42:50,43:71,44:67,45:66,46:51,47:60,48:65,49:54,50:69
((105,92)21)0	1.8748880696984562	5.0	6.874888069698456	1.1786103163270963e-15	1:15,2:4,3:3,4:3,5:4,6:2,7:5,8:5,9:2,10:1,11:4,12:3,13:6,14:5,15:3,16:6,17:8,18:3,19:4,20:3,21:8,22:2,23:4,24:2,25:3,26:9,28:5,29:4,30:8,31:5,32:3,33:5,34:2,35:1,36:1,37:3,38:4,39:3,40:6,41:8,42:6,43:6,44:5,45:2,46:5,47:3,48:5,49:1,50:5
(((105)92)21)0	1.0489707551653626	6.0	7.048970755165363	4.935765177729597e-16	1:9,2:2,3:2,4:1,5:4,6:1,7:2,8:1,9:4,10:1,11:2,12:2,13:2,14:3,15:1,16:4,17:2,20:2,21:1,22:3,23:3,25:1,26:3,28:1,29:1,30:1,31:1,32:3,33:1,34:1,38:1,39:1,40:1,41:1,42:1,44:2,45:1,48:3,50:2
