# generation count = 50 
#
generation.index	generationHighestFitness	generationMedianFitness	populationHighestFitness	populationMedianFitness
1	0.6187818017205856	7.176051057786762e-09	0.6187818017205856	7.176051057786762e-09
2	0.6187818017205856	0.00014816855900427482	0.6187818017205856	1.5775919980566615e-07
3	0.6187818017205856	0.00024837047504884177	0.6187818017205856	4.107560005703549e-06
4	0.6187818017205856	0.00014816855900427482	0.6187818017205856	3.602311629266767e-05
5	0.6187818017205856	0.00014816855900427482	0.6187818017205856	5.225931378517976e-05
6	0.6187818017205856	0.00014816855900427482	0.6187818017205856	5.5001704770595606e-05
7	0.6187818017205856	0.00024837047504884177	0.6187818017205856	0.00014816855900427482
8	0.6187818017205856	0.00014816855900427482	0.6187818017205856	0.00014816855900427482
9	0.6187818017205856	0.00014816855900427482	0.6187818017205856	0.00014816855900427482
10	0.6187818017205856	0.00014816855900427482	0.6187818017205856	0.00014816855900427482
11	0.6187818017205856	0.0023809146999005572	0.6187818017205856	0.00014816855900427482
12	0.6187818017205856	0.0023809146999005572	0.6187818017205856	0.00014816855900427482
13	0.6187818017205856	0.00014816855900427482	0.6187818017205856	0.00014816855900427482
14	0.6187818017205856	0.0023809146999005572	0.6187818017205856	0.00014816855900427482
15	0.6187818017205856	0.00014816855900427482	0.6187818017205856	0.00014816855900427482
16	0.6187818017205856	0.0023809146999005572	0.6187818017205856	0.00014816855900427482
17	0.6187818017205856	0.0023809146999005572	0.6187818017205856	0.00014816855900427482
18	0.6187818017205856	0.0023809146999005572	0.6187818017205856	0.00014816855900427482
19	0.6187818017205856	0.00014816855900427482	0.6187818017205856	0.00014816855900427482
20	0.6187818017205856	0.0023809146999005572	0.6187818017205856	0.00014816855900427482
21	0.6187818017205856	0.00024837047504884177	0.6187818017205856	0.00014816855900427482
22	0.6187818017205856	0.0023809146999005572	0.6187818017205856	0.00014816855900427482
23	0.6187818017205856	0.00024837047504884177	0.6187818017205856	0.00014816855900427482
24	0.6187818017205856	0.0023809146999005572	0.6187818017205856	0.00014816855900427482
25	0.6187818017205856	0.0023809146999005572	0.6187818017205856	0.00014816855900427482
26	0.6187818017205856	0.00019826951702655828	0.6187818017205856	0.00014816855900427482
27	0.6187818017205856	0.0023809146999005572	0.6187818017205856	0.00014816855900427482
28	0.6187818017205856	0.00024837047504884177	0.6187818017205856	0.00014816855900427482
29	0.6187818017205856	0.0023809146999005572	0.6187818017205856	0.00014816855900427482
30	0.6187818017205856	0.00019826951702655828	0.6187818017205856	0.00014816855900427482
31	0.6187818017205856	0.00024837047504884177	0.6187818017205856	0.00014816855900427482
32	0.6187818017205856	0.0023809146999005572	0.6187818017205856	0.00014816855900427482
33	0.6187818017205856	0.0023809146999005572	0.6187818017205856	0.00014816855900427482
34	0.6187818017205856	0.00014816855900427482	0.6187818017205856	0.00014816855900427482
35	0.6187818017205856	0.0023809146999005572	0.6187818017205856	0.00014816855900427482
36	0.6187818017205856	0.00014816855900427482	0.6187818017205856	0.00014816855900427482
37	0.6187818017205856	0.0023809146999005572	0.6187818017205856	0.00014816855900427482
38	0.6187818017205856	0.0023809146999005572	0.6187818017205856	0.00014816855900427482
39	0.6187818017205856	0.0023809146999005572	0.6187818017205856	0.00014816855900427482
40	0.6187818017205856	0.0023809146999005572	0.6187818017205856	0.00014816855900427482
41	0.6187818017205856	0.0023809146999005572	0.6187818017205856	0.00014816855900427482
42	0.6187818017205856	0.0013146425874746995	0.6187818017205856	0.00014816855900427482
43	0.6187818017205856	0.0023809146999005572	0.6187818017205856	0.00014816855900427482
44	0.6187818017205856	0.0023809146999005572	0.6187818017205856	0.00014816855900427482
45	0.6187818017205856	0.0023809146999005572	0.6187818017205856	0.00024837047504884177
46	0.6187818017205856	0.0023809146999005572	0.6187818017205856	0.00024837047504884177
47	0.6187818017205856	0.0023809146999005572	0.6187818017205856	0.00024837047504884177
48	0.6187818017205856	0.0023809146999005572	0.6187818017205856	0.00024837047504884177
49	0.6187818017205856	0.0023809146999005572	0.6187818017205856	0.00024837047504884177
50	0.6187818017205856	0.00019826951702655828	0.6187818017205856	0.00024837047504884177
############################################################
Topology	MassCost	TopologyCost	Cost	Fitness	appearances(generationID:count)
(((0)21)92)105	0.09600051393997294	0.0	0.09600051393997294	0.6187818017205856	1:6,2:175,3:224,4:221,5:191,6:187,7:196,8:175,9:203,10:210,11:198,12:208,13:196,14:198,15:188,16:216,17:184,18:211,19:169,20:196,21:191,22:214,23:209,24:217,25:214,26:200,27:210,28:197,29:192,30:191,31:200,32:220,33:201,34:210,35:192,36:196,37:211,38:200,39:197,40:192,41:202,42:205,43:199,44:211,45:214,46:188,47:202,48:231,49:195,50:183
(21,(0)92)105	0.7893180266601442	0.0	0.7893180266601442	0.019320469808163012	1:17,2:30,3:7,4:10,6:6,7:10,8:8,9:6,10:4,11:9,12:6,13:9,14:3,15:9,16:6,17:8,18:9,19:13,20:8,21:11,22:9,23:9,24:8,25:13,26:5,27:9,28:6,29:12,30:8,31:6,32:9,33:7,34:10,35:5,36:7,37:5,38:6,39:7,40:7,41:10,42:8,43:5,44:8,45:9,46:4,47:6,48:5,49:13,50:4
(0,(21)92)105	0.8252665428966349	0.0	0.8252665428966349	0.016141967612671747	1:26,2:61,3:53,4:51,5:58,6:41,7:55,8:55,9:46,10:63,11:50,12:39,13:47,14:43,15:42,16:49,17:55,18:54,19:59,20:50,21:39,22:49,23:43,24:48,25:45,26:53,27:55,28:45,29:45,30:38,31:46,32:41,33:54,34:36,35:51,36:47,37:34,38:59,39:49,40:47,41:60,42:48,43:56,44:52,45:56,46:56,47:56,48:45,49:60,50:43
((0)21,92)105	0.8360181332698311	0.0	0.8360181332698311	0.01529712056977484	1:19,2:52,3:43,4:46,5:43,6:58,7:50,8:47,9:42,10:44,11:45,12:49,13:44,14:48,15:39,16:60,17:52,18:46,19:69,20:46,21:45,22:50,23:54,24:42,25:60,26:43,27:36,28:52,29:58,30:53,31:37,32:46,33:54,34:45,35:56,36:45,37:48,38:48,39:51,40:47,41:40,42:46,43:55,44:49,45:51,46:43,47:55,48:46,49:52,50:44
((0,21)92)105	0.9064520009355156	0.0	0.9064520009355156	0.010756339205466795	1:15,2:50,3:42,4:51,5:60,6:41,7:46,8:54,9:54,10:44,11:45,12:64,13:47,14:49,15:54,16:45,17:50,18:61,19:40,20:48,21:56,22:50,23:58,24:45,25:57,26:56,27:48,28:50,29:51,30:60,31:64,32:45,33:47,34:57,35:57,36:45,37:60,38:49,39:57,40:49,41:38,42:46,43:52,44:54,45:43,46:42,47:58,48:50,49:49,50:59
(((21)0)92)105	0.12478475027064907	1.0	1.1247847502706492	0.003610446784220991	1:5,2:59,3:84,4:62,5:74,6:79,7:77,8:63,9:73,10:70,11:85,12:66,13:70,14:86,15:88,16:80,17:81,18:79,19:77,20:100,21:86,22:78,23:58,24:84,25:82,26:80,27:93,28:72,29:82,30:75,31:79,32:87,33:83,34:75,35:85,36:70,37:84,38:84,39:81,40:96,41:84,42:72,43:77,44:69,45:82,46:94,47:76,48:74,49:76,50:80
(((0)92)21)105	0.20805410748888264	1.0	1.2080541074888826	0.0023809146999005572	1:3,2:47,3:44,4:47,5:65,6:64,7:61,8:63,9:64,10:59,11:72,12:72,13:77,14:77,15:67,16:66,17:72,18:66,19:56,20:61,21:64,22:64,23:66,24:59,25:60,26:53,27:57,28:70,29:70,30:71,31:65,32:75,33:64,34:54,35:62,36:65,37:64,38:72,39:61,40:71,41:70,42:75,43:73,44:64,45:62,46:79,47:55,48:55,49:75,50:78
(0,21,92)105	1.660117815096266	0.0	1.660117815096266	0.00024837047504884177	1:34,2:21,3:9,4:8,5:8,6:6,7:13,8:10,9:7,10:5,11:9,12:14,13:4,14:8,15:7,16:10,17:14,18:10,19:10,20:10,21:10,22:9,23:8,24:6,25:10,26:10,27:11,28:10,29:9,30:4,31:9,32:4,33:6,34:8,35:10,36:8,37:4,38:9,39:11,40:10,41:9,42:9,43:6,44:4,45:15,46:11,47:11,48:11,49:10,50:9
(((0)21)105)92	0.7634320040155177	1.0	1.7634320040155176	0.00014816855900427482	1:6,2:55,3:69,4:73,5:59,6:66,7:63,8:70,9:65,10:75,11:70,12:54,13:61,14:66,15:72,16:61,17:75,18:68,19:70,20:75,21:68,22:60,23:66,24:69,25:64,26:55,27:69,28:67,29:73,30:69,31:59,32:51,33:62,34:59,35:66,36:69,37:62,38:46,39:61,40:62,41:62,42:71,43:57,44:59,45:62,46:52,47:67,48:53,49:58,50:58
((21)0,92)105	0.900750885836998	1.0	1.900750885836998	7.457133087933859e-05	1:21,2:7,3:7,4:8,5:9,6:11,7:14,8:11,9:10,10:7,11:7,12:13,13:9,14:12,15:5,16:12,17:8,18:11,19:8,20:9,21:9,22:5,23:7,24:7,25:11,26:10,27:7,28:9,29:8,30:12,31:9,32:5,33:10,34:7,35:7,36:13,37:11,38:12,39:11,40:9,41:13,42:4,43:9,44:6,45:4,46:17,47:6,48:5,49:5,50:5
((92)0,21)105	0.9616292754766306	1.0	1.9616292754766307	5.5001704770595606e-05	1:27,2:16,3:3,4:7,5:8,6:3,7:7,8:9,9:6,10:8,11:5,12:7,13:4,14:9,15:11,16:6,17:6,18:3,19:5,20:5,21:7,22:7,23:5,24:7,25:2,26:7,27:3,28:2,29:5,30:3,31:2,32:7,33:8,34:5,35:10,36:4,37:9,38:6,39:7,40:9,41:6,42:3,43:8,44:7,45:7,46:10,47:5,48:3,49:12,50:5
(0,(92)21)105	0.9718584857485887	1.0	1.9718584857485886	5.225931378517976e-05	1:18,2:15,3:6,4:4,5:3,6:9,7:9,8:3,9:6,10:10,11:8,12:5,13:9,14:5,15:7,16:6,17:11,18:5,19:4,20:8,21:3,22:5,23:4,24:5,25:9,26:6,27:9,28:6,29:3,30:7,31:3,32:8,33:8,34:7,35:4,36:6,37:3,38:8,39:7,40:10,41:3,42:8,43:3,44:5,45:3,46:9,47:6,48:2,49:4,50:1
((0,92)21)105	1.0462699412675487	1.0	2.046269941267549	3.602311629266767e-05	1:22,2:8,3:13,4:14,5:12,6:17,7:5,8:10,9:8,10:10,11:13,12:7,13:6,14:7,15:9,16:9,17:6,18:7,19:8,20:14,21:11,22:12,23:6,24:5,25:6,26:17,27:11,28:8,29:16,30:12,31:10,32:13,33:11,34:14,35:10,36:3,37:8,38:11,39:14,40:15,41:5,42:11,43:7,44:10,45:13,46:13,47:6,48:5,49:10,50:13
(((92)0)21)105	0.24452500382661146	2.0	2.2445250038266114	1.3368290724250908e-05	1:10,2:7,3:9,4:9,5:6,6:11,7:10,8:13,9:11,10:10,11:4,12:4,13:7,14:9,15:5,16:6,17:1,18:5,19:13,20:7,21:6,22:7,23:10,24:5,25:13,26:11,27:12,28:12,29:15,30:11,31:11,32:8,33:8,34:8,35:4,36:10,37:7,38:10,39:7,40:8,41:8,42:3,43:7,44:12,45:4,46:11,47:11,48:9,49:10,50:10
(((21)92)0)105	0.24672530454721053	2.0	2.2467253045472106	1.3222025469785723e-05	1:2,2:10,3:5,4:6,5:5,6:5,7:6,8:7,9:11,10:5,11:5,12:8,13:8,14:3,15:2,16:5,17:3,18:3,19:9,20:4,21:7,22:6,23:7,24:6,25:6,26:7,27:6,28:2,29:5,30:7,31:7,32:3,33:7,34:12,35:6,36:3,37:8,38:2,39:6,40:5,41:4,42:5,43:5,44:4,45:8,46:3,47:5,48:3,49:8,50:7
(0,(21)105)92	1.4734584181441972	1.0	2.4734584181441974	4.2555263982608095e-06	1:20,2:12,3:3,4:2,5:7,6:2,7:7,8:1,9:4,10:4,11:5,12:9,13:7,14:7,15:6,16:4,17:4,18:8,19:5,20:7,21:3,22:5,23:5,24:5,25:6,26:6,27:4,28:7,29:6,30:1,31:6,32:2,33:10,34:5,35:8,36:2,37:4,38:1,39:2,40:9,41:6,42:3,43:5,44:4,45:1,46:10,47:8,48:2,49:2,50:1
((0,21)105)92	1.480536275665537	1.0	2.480536275665537	4.107560005703549e-06	1:16,2:5,3:3,4:5,5:3,6:6,7:4,8:2,9:3,10:1,11:8,12:2,13:5,14:3,15:3,16:4,17:7,18:1,19:3,20:5,21:4,22:4,24:5,25:6,26:4,27:2,28:3,29:1,30:3,31:7,32:2,33:3,34:4,35:2,36:4,37:2,38:3,39:1,40:2,41:1,42:3,43:3,44:4,45:7,46:2,47:4,48:2,49:6,50:2
((0)105,21)92	1.540125407231502	1.0	2.540125407231502	3.049212991677224e-06	1:26,2:7,3:5,4:3,5:5,6:2,7:10,8:4,9:3,10:6,11:3,12:2,13:6,14:5,15:3,16:2,17:1,18:5,19:6,21:2,22:1,23:4,24:7,25:1,26:1,27:7,28:4,30:3,31:2,32:6,33:4,34:7,35:5,36:3,37:4,38:4,39:4,40:4,41:3,42:11,43:5,44:2,46:4,47:4,48:3,49:5,50:5
(105,(0)21)92	1.587025513841189	1.0	2.587025513841189	2.4118232307406568e-06	1:22,2:6,3:3,4:9,5:3,6:2,7:2,8:6,9:2,10:4,11:2,12:4,14:8,15:7,16:2,17:5,18:2,19:5,20:3,21:4,22:3,23:3,24:2,25:4,26:2,27:4,28:4,29:3,30:4,31:3,32:6,33:3,34:3,35:3,36:4,37:3,38:3,39:5,40:3,41:5,42:3,43:4,44:9,45:8,46:5,47:1,48:5,49:6,50:3
(((0)92)105)21	0.8376713368229385	2.0	2.8376713368229387	6.887712085676423e-07	1:5,2:3,3:1,4:2,5:1,6:2,9:1,10:2,11:1,12:2,14:2,15:4,16:2,17:1,19:1,20:2,21:1,22:2,23:4,24:1,26:1,27:1,28:2,29:2,30:3,32:3,33:1,34:1,35:2,36:3,38:1,39:2,41:1,42:1,45:1,46:1,47:5,48:3,49:1,50:1
(((21)0)105)92	0.8411166476764799	2.0	2.84111664767648	6.770076675096458e-07	1:1,2:2,3:3,4:14,5:6,6:6,7:5,8:4,9:4,10:5,11:3,12:9,13:4,14:4,15:6,16:5,17:8,18:5,19:8,20:4,21:7,22:6,23:8,24:6,25:3,26:9,27:4,28:3,29:3,30:10,31:7,32:4,33:3,34:6,35:8,36:4,37:6,38:5,39:8,40:3,41:4,42:4,43:4,44:2,45:7,46:2,47:7,48:8,49:4,50:5
(((0)105)21)92	0.8865717441532245	2.0	2.8865717441532244	5.393728718152367e-07	1:6,2:1,3:1,4:1,5:2,6:1,7:1,8:2,9:2,11:2,12:1,13:2,14:1,15:1,16:1,17:2,18:2,19:2,20:1,21:1,22:2,23:5,24:1,25:3,27:1,28:2,29:2,30:2,31:1,32:1,33:1,34:2,35:3,37:2,40:4,43:2,46:3,47:1,49:3,50:1
((21,92)0)105	1.1324392036661393	2.0	3.1324392036661393	1.5775919980566615e-07	1:21,2:18,3:11,4:12,5:11,6:8,7:20,8:12,9:10,10:16,11:10,12:15,13:13,14:7,15:14,16:12,17:10,18:6,19:17,20:18,21:10,22:10,23:15,24:8,25:13,26:14,27:7,28:17,29:9,30:3,31:14,32:15,33:13,34:11,35:7,36:16,37:15,38:15,39:10,40:14,41:12,42:11,43:16,44:7,45:14,46:9,47:6,48:19,49:13,50:13
(((92)21)0)105	0.33243885775953175	3.0	3.3324388577595316	5.8036466640062115e-08	1:7,2:47,3:72,4:66,5:56,6:72,7:71,8:78,9:70,10:68,11:75,12:64,13:75,14:50,15:67,16:54,17:58,18:67,19:69,20:64,21:79,22:63,23:60,24:69,25:66,26:61,27:66,28:72,29:65,30:58,31:64,32:58,33:58,34:60,35:84,36:74,37:60,38:70,39:70,40:58,41:75,42:79,43:63,44:48,45:68,46:60,47:66,48:49,49:51,50:85
(0,105,21)92	2.436690813377848	1.0	3.436690813377848	3.446043209518058e-08	1:42,2:9,3:10,4:9,5:6,6:4,7:8,8:13,9:10,10:5,11:9,12:4,13:8,14:9,15:6,16:15,17:15,18:7,19:11,20:12,21:11,22:5,23:14,24:2,25:11,26:6,27:6,28:8,29:8,30:11,31:12,32:7,33:5,34:15,35:10,36:8,37:8,38:8,39:4,40:9,41:6,42:8,43:12,44:16,45:6,46:7,47:7,48:9,49:9,50:10
(0,(92)105)21	1.5797255362878706	2.0	3.579725536287871	1.6854845049680757e-08	1:15,2:10,3:4,4:7,5:3,6:2,7:1,8:6,10:2,11:4,12:6,13:6,14:2,15:4,16:4,17:3,18:5,19:3,20:3,21:3,22:4,24:7,25:4,26:3,28:3,29:1,30:3,31:4,32:3,33:7,34:4,35:3,36:3,37:5,38:2,39:1,40:5,41:2,42:7,43:5,44:4,45:5,46:2,47:5,48:3,49:5,50:2
((21)0,105)92	1.5980431684148464	2.0	3.598043168414846	1.537972363610523e-08	1:17,2:3,3:5,4:5,5:3,6:6,7:2,8:3,9:4,10:3,11:3,12:5,13:1,14:6,15:4,16:6,17:5,18:1,19:4,20:4,21:6,22:4,23:8,24:4,25:3,26:3,27:4,28:8,29:2,30:2,31:5,32:2,33:3,34:4,35:2,36:4,37:2,38:3,39:4,40:4,41:1,42:4,43:5,44:7,45:5,46:5,47:3,48:4,49:2,50:2
((0,92)105)21	1.6136374723892875	2.0	3.6136374723892875	1.4226102408913371e-08	1:8,2:5,3:6,4:3,5:2,6:3,7:4,8:4,9:3,10:5,11:3,12:7,13:3,14:4,15:1,16:4,18:5,19:4,20:2,21:3,22:2,23:6,24:4,25:4,26:7,27:8,28:2,29:3,30:3,31:6,32:6,33:2,34:5,35:4,36:4,37:6,38:1,39:4,40:1,41:5,42:4,43:2,44:3,45:3,46:5,47:3,48:3,49:5,50:7
((0,105)21)92	1.6288259436181567	2.0	3.628825943618157	1.3185742323875083e-08	1:14,2:4,3:4,4:6,5:6,6:7,7:2,8:6,9:7,10:4,11:1,12:1,13:4,14:6,15:6,16:3,17:5,18:5,19:3,20:3,21:3,22:5,23:2,24:3,25:2,26:6,27:5,28:2,29:7,30:2,31:3,32:4,33:3,34:7,35:5,36:4,37:3,38:5,39:7,40:2,41:4,42:7,43:2,44:2,45:4,46:3,47:2,48:9,49:8,50:1
(0,(105)21)92	1.7439233377584542	2.0	3.743923337758454	7.416069116630663e-09	1:22,2:4,3:5,4:4,5:3,6:5,7:3,8:5,9:9,10:4,11:5,12:3,13:9,14:6,15:7,16:9,17:5,18:5,19:3,20:4,21:4,22:5,23:2,24:3,25:2,26:3,27:6,28:3,29:6,30:3,31:2,32:3,33:5,34:7,35:3,36:5,37:2,38:3,39:3,40:2,41:5,42:5,43:5,44:5,45:5,46:5,47:6,48:1,49:5,50:7
((0)105,92)21	1.750303319427807	2.0	3.750303319427807	7.183230698066394e-09	1:20,2:8,3:6,4:7,5:6,6:4,7:5,8:8,9:8,10:6,11:6,12:8,13:3,14:3,15:5,16:3,17:4,18:6,19:4,20:5,21:4,22:5,23:8,24:5,25:9,26:3,27:5,28:4,29:4,30:6,31:5,32:4,33:4,34:3,35:5,36:3,37:5,38:6,39:6,40:3,41:4,42:4,43:2,44:3,45:3,46:5,47:5,48:7,49:2,50:5
(105,(0)92)21	1.750503319427807	2.0	3.750503319427807	7.176051057786762e-09	1:20,2:17,3:2,4:6,5:3,6:7,7:3,8:2,9:4,10:6,11:2,12:2,13:2,14:7,15:7,16:8,17:3,18:4,19:3,20:3,21:5,22:3,23:4,24:1,25:5,26:6,27:4,28:5,29:5,30:6,31:6,32:2,33:6,34:1,35:2,36:5,37:4,38:3,39:3,40:2,41:5,42:3,43:5,44:1,45:4,46:2,47:5,48:2,49:5,50:5
((105)0,21)92	1.7982360779407063	2.0	3.7982360779407065	5.652429468957052e-09	1:20,2:2,3:6,4:5,5:3,6:2,7:7,8:4,9:5,10:5,11:4,12:4,13:3,14:4,15:6,16:3,17:2,18:2,19:4,20:6,21:9,22:6,23:3,24:3,25:2,26:5,27:1,28:7,29:1,30:5,31:5,32:6,33:3,34:4,35:6,36:6,37:1,38:6,39:7,40:5,41:4,42:5,43:2,44:3,45:6,46:5,47:4,48:3,49:1,50:5
(((21)105)0)92	0.8919840770051907	3.0	3.8919840770051906	3.5372353658134287e-09	1:10,2:1,3:2,5:5,8:1,9:2,10:3,12:2,13:2,15:3,16:1,17:2,21:2,22:2,23:2,24:1,25:2,28:4,29:2,30:1,31:1,32:3,33:2,35:2,36:4,37:1,39:2,41:2,42:2,43:1,44:2,45:3,46:1,47:3,48:4,49:2
(((0)105)92)21	0.9243860048947135	3.0	3.9243860048947132	3.0081817078949376e-09	1:8,2:49,3:60,4:62,5:66,6:71,7:59,8:77,9:62,10:61,11:66,12:58,13:71,14:63,15:66,16:58,17:72,18:64,19:69,20:56,21:59,22:64,23:58,24:72,25:57,26:64,27:65,28:68,29:48,30:73,31:64,32:68,33:56,34:67,35:55,36:70,37:65,38:63,39:63,40:53,41:59,42:59,43:62,44:64,45:53,46:61,47:54,48:71,49:60,50:64
(((21)92)105)0	0.9408844843354767	3.0	3.9408844843354767	2.7699891833644152e-09	1:5,3:3,4:1,5:1,6:1,7:1,8:1,10:1,12:1,13:2,14:1,15:4,16:2,17:3,18:1,19:2,20:4,21:1,22:2,24:1,25:1,27:2,28:1,29:1,30:1,31:1,32:1,34:1,36:1,38:2,39:2,44:1,45:3,47:1,48:2,49:1
(((105)0)21)92	0.9877845909451636	3.0	3.9877845909451635	2.190966744393898e-09	1:10,2:1,3:3,4:1,5:2,6:2,7:3,8:2,9:1,10:1,11:3,12:3,13:3,14:1,15:2,16:1,17:2,18:5,19:2,20:2,21:1,22:3,23:2,25:2,26:2,28:4,31:2,33:3,34:1,36:3,37:2,38:2,39:1,40:4,41:4,42:2,43:1,44:1,45:2,46:2,47:4,48:4,49:2,50:2
(((92)0)105)21	1.035096234039863	3.0	4.035096234039863	1.7294175348263945e-09	1:8,2:2,4:1,5:3,6:2,7:1,8:2,9:2,10:3,11:2,12:4,13:4,14:1,15:2,16:3,17:2,18:1,19:3,21:1,22:5,23:5,24:3,26:3,28:1,30:2,31:1,32:2,33:2,34:3,35:4,36:1,37:4,38:4,39:4,40:4,41:4,42:1,43:1,45:2,46:5,47:2,48:4,49:7,50:6
(0,105,92)21	2.6271777861423846	2.0	4.627177786142385	8.95800093555093e-11	1:48,2:14,3:11,4:7,5:9,6:11,7:6,8:10,9:14,10:6,11:8,12:6,13:10,14:5,15:8,16:5,17:8,18:9,19:7,20:12,21:7,22:7,23:5,24:10,25:9,26:8,27:8,28:7,29:8,30:13,31:9,32:8,33:12,34:11,35:7,36:10,37:9,38:10,39:5,40:10,41:14,42:9,43:10,44:16,45:9,46:8,47:9,48:10,49:11,50:6
((21,92)105)0	1.6809021036653349	3.0	4.680902103665335	6.847786796100903e-11	1:15,2:2,3:4,4:6,5:13,6:3,7:6,8:4,9:4,10:5,11:3,12:5,13:4,14:4,15:5,16:2,17:3,18:4,19:4,20:5,21:2,22:3,23:2,24:2,25:4,26:6,27:6,28:5,29:6,30:6,31:8,32:4,33:3,34:14,36:11,37:3,38:3,39:4,40:4,41:7,42:3,43:2,44:6,45:4,46:1,47:7,48:6,49:3,50:8
((0,105)92)21	1.6813125256330799	3.0	4.68131252563308	6.833748794130435e-11	1:13,2:5,3:2,4:2,5:3,6:5,7:1,8:1,9:9,10:4,11:3,12:3,13:4,14:1,15:4,16:5,17:4,18:3,19:2,20:5,21:3,22:3,23:1,24:3,25:4,26:1,27:7,28:1,29:1,30:1,31:3,32:1,33:3,34:2,35:2,36:3,37:3,38:3,39:4,40:2,41:5,42:1,43:1,44:3,45:1,46:3,47:1,48:3,49:1,50:8
((92)105,21)0	1.6983017429184954	3.0	4.6983017429184954	6.277220634192134e-11	1:28,2:4,3:2,4:5,5:8,6:3,7:4,8:3,9:4,10:1,11:3,12:4,13:5,14:3,15:5,16:2,17:4,18:2,19:8,20:4,21:1,22:4,23:5,24:4,25:4,26:2,27:2,28:5,29:6,30:2,31:5,32:4,33:1,34:3,35:6,36:2,37:3,38:3,39:3,40:4,41:6,42:2,43:5,44:2,45:4,46:6,47:10,48:8,49:2,50:3
((105,21)0)92	1.6985017429184954	3.0	4.698501742918495	6.270946551122332e-11	1:12,2:2,3:6,4:3,5:4,6:9,7:2,8:3,9:4,10:9,11:3,12:7,13:5,14:2,15:5,16:3,17:6,18:4,19:4,20:5,21:3,22:1,23:10,24:2,25:2,26:4,27:1,28:3,29:6,30:10,31:4,32:7,33:3,34:8,35:3,36:1,37:4,38:3,39:3,40:2,41:4,42:6,43:7,44:5,45:8,46:6,47:3,48:4,49:2,50:4
(0,(105)92)21	1.7628018386733795	3.0	4.762801838673379	4.546814280326271e-11	1:24,2:11,3:5,4:6,5:5,6:5,7:6,8:7,9:5,10:5,11:3,12:5,13:5,14:6,15:4,16:1,17:4,18:3,19:5,20:3,21:7,22:3,23:3,24:5,25:2,26:4,27:5,28:7,29:5,30:2,31:1,32:4,33:8,34:3,35:4,36:5,37:6,38:6,39:11,40:5,41:7,42:3,43:5,44:3,45:5,46:5,47:5,48:2,49:5,50:8
((92)0,105)21	1.7773504335047952	3.0	4.777350433504795	4.227808845459262e-11	1:16,2:6,3:2,4:6,5:4,6:1,7:6,8:5,9:3,10:4,11:4,12:8,13:3,14:5,15:3,16:4,17:6,18:7,19:6,20:4,21:8,22:2,23:11,24:7,25:4,26:5,27:4,28:7,29:5,30:4,31:7,32:8,33:9,34:1,35:3,36:3,37:4,38:5,39:5,40:6,41:7,42:9,43:2,44:10,45:5,46:2,47:3,48:4,49:4,50:5
((21)105,92)0	1.8031503514682297	3.0	4.803150351468229	3.716135430756644e-11	1:17,2:5,3:3,4:5,5:6,6:3,7:3,8:4,9:2,10:6,11:9,12:3,13:3,14:5,15:3,17:6,18:2,19:4,20:1,21:2,22:3,23:3,24:6,25:7,26:6,27:6,28:2,29:3,30:4,31:5,32:3,33:4,34:8,35:4,36:3,37:7,38:4,39:4,40:6,41:3,42:1,44:3,45:1,46:5,47:6,48:6,49:2
(105,(21)92)0	1.8522507587985158	3.0	4.852250758798515	2.9071761909497796e-11	1:25,2:10,3:7,4:5,5:1,6:4,7:3,8:7,9:5,10:5,11:1,12:6,13:7,14:8,15:5,16:2,17:3,18:7,19:6,20:6,21:6,22:5,23:3,24:9,25:5,26:6,27:4,28:3,29:2,30:4,31:5,32:5,33:7,34:3,35:10,36:4,37:2,38:2,39:5,40:10,41:4,42:5,43:7,44:8,45:8,46:7,47:6,48:3,49:1,50:7
(((21)105)92)0	0.9141567946227553	4.0	4.914156794622755	2.1332615438707784e-11	1:7,2:6,3:5,4:4,5:9,6:7,7:3,8:5,9:4,10:8,11:3,12:4,13:10,14:6,15:10,16:10,17:5,18:3,19:7,20:1,21:4,22:5,23:6,24:4,25:6,26:6,27:4,28:4,29:4,30:5,31:10,32:5,33:5,34:8,35:6,36:5,37:6,38:10,39:4,40:6,41:3,42:9,43:8,44:3,45:4,46:5,47:4,48:6,49:11,50:6
((105)0,92)21	1.9380540182727395	3.0	4.938054018272739	1.8930057913463376e-11	1:17,2:1,3:6,4:5,5:7,6:3,7:3,8:4,9:5,10:4,11:6,12:5,13:3,14:3,15:6,16:2,17:7,18:2,19:3,20:4,21:4,22:4,23:1,24:4,25:2,26:4,27:2,28:3,29:2,30:3,31:3,32:7,33:2,34:3,35:1,36:6,37:4,38:7,39:6,40:1,41:2,42:4,43:6,44:4,45:4,46:4,47:5,48:4,49:3,50:2
(((92)105)0)21	0.9386841836148776	4.0	4.938684183614877	1.8870506448794874e-11	1:11,2:1,5:1,7:2,8:2,10:5,12:2,13:2,14:2,16:4,17:1,18:1,19:3,20:1,21:1,22:1,23:3,24:1,25:5,26:3,27:4,29:1,30:1,31:1,32:2,33:1,36:2,38:1,39:2,40:1,41:2,44:1,45:1,46:1,47:4,48:4,49:1,50:1
(((105)21)0)92	0.9622560870935876	4.0	4.9622560870935875	1.677250067099573e-11	1:8,2:1,3:1,5:3,6:2,7:2,8:1,10:1,11:2,12:1,14:2,15:1,16:4,18:1,19:1,21:3,22:4,23:3,24:2,25:1,26:4,27:1,28:1,29:2,30:1,31:1,32:2,33:2,36:1,37:2,38:6,39:2,40:2,41:3,42:4,43:3,44:1,45:1,46:1,48:3,49:2,50:2
(((92)21)105)0	1.0996381844940735	4.0	5.099638184494074	8.438716245778334e-12	1:9,2:2,3:2,4:1,5:2,6:2,7:3,10:3,11:2,12:3,13:4,15:1,16:1,17:1,18:2,19:4,20:1,21:2,22:2,23:2,24:2,27:2,28:3,29:3,30:4,31:2,32:3,33:1,34:2,35:3,36:3,37:2,39:3,40:3,41:1,42:1,43:2,46:1,47:2,48:2,49:3,50:2
(((105)0)92)21	1.0998381844940734	4.0	5.0998381844940734	8.430281747484597e-12	1:4,2:6,3:6,4:5,5:5,6:8,7:4,8:7,9:4,10:8,11:2,12:4,13:6,14:9,15:4,16:4,17:4,18:3,19:4,20:6,21:4,22:4,23:5,24:4,25:3,26:6,27:2,28:7,29:5,30:5,31:4,32:5,33:5,34:7,35:7,36:7,37:4,38:9,39:3,40:7,41:7,42:2,43:4,44:7,45:5,46:5,47:5,48:8,49:6,50:6
(105,21,92)0	2.7346840621907313	3.0	5.734684062190731	3.5260769169791634e-13	1:38,2:13,3:9,4:8,5:12,6:7,7:12,8:6,9:9,10:6,11:9,12:6,13:12,14:7,15:3,16:6,17:11,18:10,19:7,20:3,21:8,22:11,23:4,24:7,25:9,26:15,27:10,28:9,29:12,30:10,31:7,32:7,33:9,34:5,35:7,36:7,37:12,38:6,39:5,40:4,41:14,42:7,43:10,44:10,45:8,46:8,47:6,48:8,49:5,50:8
((105,21)92)0	1.7377503044484266	4.0	5.737750304448427	3.4724301723179957e-13	1:17,2:6,4:2,5:3,6:6,7:3,8:1,9:3,10:4,11:3,12:4,13:3,14:5,15:4,16:3,17:2,18:3,19:3,20:1,21:7,22:3,23:3,24:4,26:2,27:3,28:4,29:8,30:2,31:3,32:5,33:3,34:1,35:1,36:3,37:4,38:6,39:3,40:4,41:4,42:5,43:2,44:3,45:5,46:5,47:3,48:3,49:5,50:1
(21,(105)92)0	1.84897110107197	4.0	5.84897110107197	1.9912263467201728e-13	1:16,2:6,3:8,4:3,5:3,6:3,7:4,8:5,9:3,10:2,11:3,12:3,13:5,14:2,15:3,16:7,17:5,18:7,19:3,20:8,21:5,22:4,23:3,24:4,25:4,26:2,27:3,28:6,29:3,30:6,31:4,32:7,33:2,34:8,35:4,36:6,37:4,38:7,39:1,40:11,41:6,42:5,43:4,44:6,45:4,46:3,47:6,48:5,49:2,50:6
((105,92)0)21	1.8500504580779167	4.0	5.8500504580779165	1.9805090716082937e-13	1:19,2:5,3:4,4:5,5:5,6:10,7:4,8:6,9:5,10:3,11:4,12:3,13:4,14:1,15:4,16:5,17:3,18:5,19:6,20:4,21:5,22:4,23:10,24:3,25:6,26:6,27:5,28:4,29:8,30:3,31:4,32:3,33:8,34:7,35:3,36:5,37:6,38:1,39:4,40:6,41:4,42:4,43:3,44:7,45:4,46:4,47:4,48:7,49:6,50:7
(105,(92)21)0	1.9061558504073781	4.0	5.906155850407378	1.4960479884604554e-13	1:21,2:2,3:4,4:2,5:5,6:6,7:1,8:3,9:3,10:3,11:3,12:3,13:2,14:5,15:3,16:4,17:3,18:3,19:2,20:4,21:2,22:4,23:3,24:10,25:2,26:4,27:4,28:3,29:3,30:7,31:7,32:3,33:7,34:7,35:1,36:4,37:6,38:2,39:5,40:5,41:3,42:5,43:6,44:4,45:1,46:4,47:3,48:3,49:4,50:8
(((105)92)0)21	0.9610569012324423	5.0	5.961056901232443	1.1369186937541045e-13	1:6,2:1,3:3,6:1,8:2,9:1,10:2,11:1,13:1,14:1,15:1,16:3,17:3,18:1,19:1,20:2,23:3,24:2,25:2,26:3,27:1,28:2,29:1,30:1,32:3,35:1,37:5,38:1,39:1,40:1,42:2,44:1,45:1
(((92)105)21)0	0.9620560870935876	5.0	5.962056087093588	1.1312528930880805e-13	1:6,2:2,3:1,5:3,6:4,7:3,8:2,9:6,10:2,12:2,13:4,14:3,15:6,16:2,17:1,18:4,19:1,20:5,21:2,22:2,23:3,25:2,26:3,27:4,29:1,30:5,31:1,32:2,33:4,34:3,35:10,36:8,37:1,38:4,39:5,40:7,42:1,43:4,44:3,45:4,46:2,47:2,48:2,49:3,50:1
((105)21,92)0	1.9699105404890778	4.0	5.969910540489078	1.0876870905563766e-13	1:22,2:3,3:3,4:4,5:2,6:6,7:5,8:8,9:5,10:2,11:2,12:2,13:5,14:6,15:7,16:4,17:3,18:5,19:2,20:2,21:5,22:7,23:3,24:5,25:5,26:4,27:6,28:1,29:4,30:2,31:4,32:5,33:2,34:7,35:4,36:9,37:4,38:4,39:5,40:3,41:3,42:3,43:6,44:5,45:3,46:5,47:4,48:6,49:7,50:6
(((105)21)92)0	1.084196641370149	5.0	6.0841966413701485	6.142354238071207e-14	1:9,2:51,3:64,4:63,5:71,6:64,7:66,8:59,9:68,10:60,11:76,12:69,13:57,14:79,15:65,16:67,17:62,18:60,19:60,20:57,21:71,22:71,23:75,24:64,25:52,26:68,27:66,28:64,29:70,30:68,31:68,32:63,33:67,34:54,35:62,36:69,37:72,38:57,39:64,40:58,41:58,42:67,43:67,44:80,45:58,46:65,47:66,48:74,49:63,50:59
((105,92)21)0	1.8748880696984562	5.0	6.874888069698456	1.1786103163270963e-15	1:12,2:5,3:6,4:5,5:7,6:4,7:5,8:3,9:6,10:2,11:3,12:9,13:3,14:5,15:1,16:5,18:4,19:6,20:4,21:1,22:6,23:1,24:6,25:2,26:3,27:1,28:6,29:5,30:5,31:5,32:2,33:3,34:6,35:2,36:1,37:3,38:6,39:2,40:3,41:3,42:2,43:8,44:7,45:9,46:8,47:5,48:4,49:3,50:4
(((105)92)21)0	1.0489707551653626	6.0	7.048970755165363	4.935765177729597e-16	1:6,2:1,5:2,6:2,7:2,8:1,10:1,11:2,12:1,13:2,14:2,16:2,20:3,21:1,22:1,23:1,24:4,26:3,27:1,28:1,29:3,31:1,32:2,33:2,34:1,35:1,37:2,38:2,39:1,40:1,41:4,43:2,48:1,49:3,50:1
