# generation count = 50 
#
generation.index	generationHighestFitness	generationMedianFitness	populationHighestFitness	populationMedianFitness
1	0.6187818017205856	7.176051057786762e-09	0.6187818017205856	7.176051057786762e-09
2	0.6187818017205856	0.00024837047504884177	0.6187818017205856	1.5775919980566615e-07
3	0.6187818017205856	0.0023809146999005572	0.6187818017205856	8.738775934023267e-06
4	0.6187818017205856	0.00024837047504884177	0.6187818017205856	5.225931378517976e-05
5	0.6187818017205856	0.0023809146999005572	0.6187818017205856	5.5001704770595606e-05
6	0.6187818017205856	0.00024837047504884177	0.6187818017205856	0.00014816855900427482
7	0.6187818017205856	0.00024837047504884177	0.6187818017205856	0.00014816855900427482
8	0.6187818017205856	0.00024837047504884177	0.6187818017205856	0.00014816855900427482
9	0.6187818017205856	0.0023809146999005572	0.6187818017205856	0.00014816855900427482
10	0.6187818017205856	0.00014816855900427482	0.6187818017205856	0.00014816855900427482
11	0.6187818017205856	0.00014816855900427482	0.6187818017205856	0.00014816855900427482
12	0.6187818017205856	0.0023809146999005572	0.6187818017205856	0.00014816855900427482
13	0.6187818017205856	0.00024837047504884177	0.6187818017205856	0.00014816855900427482
14	0.6187818017205856	0.0023809146999005572	0.6187818017205856	0.00014816855900427482
15	0.6187818017205856	0.0023809146999005572	0.6187818017205856	0.00014816855900427482
16	0.6187818017205856	0.00024837047504884177	0.6187818017205856	0.00014816855900427482
17	0.6187818017205856	0.0023809146999005572	0.6187818017205856	0.00014816855900427482
18	0.6187818017205856	0.00024837047504884177	0.6187818017205856	0.00014816855900427482
19	0.6187818017205856	0.00024837047504884177	0.6187818017205856	0.00014816855900427482
20	0.6187818017205856	0.0023809146999005572	0.6187818017205856	0.00014816855900427482
21	0.6187818017205856	0.0023809146999005572	0.6187818017205856	0.00014816855900427482
22	0.6187818017205856	0.0023809146999005572	0.6187818017205856	0.00014816855900427482
23	0.6187818017205856	0.00014816855900427482	0.6187818017205856	0.00014816855900427482
24	0.6187818017205856	0.0023809146999005572	0.6187818017205856	0.00014816855900427482
25	0.6187818017205856	0.00024837047504884177	0.6187818017205856	0.00014816855900427482
26	0.6187818017205856	0.0023809146999005572	0.6187818017205856	0.00014816855900427482
27	0.6187818017205856	0.0023809146999005572	0.6187818017205856	0.00014816855900427482
28	0.6187818017205856	0.0023809146999005572	0.6187818017205856	0.00014816855900427482
29	0.6187818017205856	0.0023809146999005572	0.6187818017205856	0.00014816855900427482
30	0.6187818017205856	0.0023809146999005572	0.6187818017205856	0.00024837047504884177
31	0.6187818017205856	0.00014816855900427482	0.6187818017205856	0.00024837047504884177
32	0.6187818017205856	0.0023809146999005572	0.6187818017205856	0.00024837047504884177
33	0.6187818017205856	0.0023809146999005572	0.6187818017205856	0.00024837047504884177
34	0.6187818017205856	0.0023809146999005572	0.6187818017205856	0.00024837047504884177
35	0.6187818017205856	0.0023809146999005572	0.6187818017205856	0.00024837047504884177
36	0.6187818017205856	0.0023809146999005572	0.6187818017205856	0.00024837047504884177
37	0.6187818017205856	0.0023809146999005572	0.6187818017205856	0.00024837047504884177
38	0.6187818017205856	0.00014816855900427482	0.6187818017205856	0.00024837047504884177
39	0.6187818017205856	0.0023809146999005572	0.6187818017205856	0.00024837047504884177
40	0.6187818017205856	0.0023809146999005572	0.6187818017205856	0.00024837047504884177
41	0.6187818017205856	0.0023809146999005572	0.6187818017205856	0.00024837047504884177
42	0.6187818017205856	0.0023809146999005572	0.6187818017205856	0.00024837047504884177
43	0.6187818017205856	0.00014816855900427482	0.6187818017205856	0.00024837047504884177
44	0.6187818017205856	0.00014816855900427482	0.6187818017205856	0.00024837047504884177
45	0.6187818017205856	0.00014816855900427482	0.6187818017205856	0.00024837047504884177
46	0.6187818017205856	0.0023809146999005572	0.6187818017205856	0.00024837047504884177
47	0.6187818017205856	0.00019826951702655828	0.6187818017205856	0.00024837047504884177
48	0.6187818017205856	0.0023809146999005572	0.6187818017205856	0.00024837047504884177
49	0.6187818017205856	0.00019826951702655828	0.6187818017205856	0.00024837047504884177
50	0.6187818017205856	0.00024837047504884177	0.6187818017205856	0.00024837047504884177
############################################################
Topology	MassCost	TopologyCost	Cost	Fitness	appearances(generationID:count)
(((0)21)92)105	0.09600051393997294	0.0	0.09600051393997294	0.6187818017205856	1:7,2:183,3:195,4:198,5:203,6:185,7:202,8:230,9:195,10:191,11:195,12:209,13:201,14:201,15:211,16:176,17:211,18:175,19:193,20:205,21:213,22:234,23:185,24:177,25:196,26:204,27:218,28:192,29:196,30:217,31:210,32:220,33:211,34:207,35:209,36:197,37:182,38:194,39:214,40:205,41:219,42:210,43:190,44:200,45:204,46:197,47:223,48:237,49:194,50:204
(21,(0)92)105	0.7893180266601442	0.0	0.7893180266601442	0.019320469808163012	1:19,2:30,3:9,4:14,5:9,6:9,7:6,8:4,9:7,10:5,11:6,12:8,13:9,14:3,15:9,16:10,17:5,18:10,19:5,20:8,21:9,22:9,23:5,24:7,25:5,26:8,27:7,28:8,29:7,30:7,31:7,32:11,33:11,34:20,35:8,36:4,37:10,38:6,39:7,40:7,41:8,42:9,43:6,44:11,45:11,46:10,47:10,48:9,49:5,50:7
(0,(21)92)105	0.8252665428966349	0.0	0.8252665428966349	0.016141967612671747	1:24,2:63,3:48,4:34,5:38,6:55,7:44,8:39,9:49,10:56,11:34,12:49,13:42,14:58,15:48,16:40,17:56,18:38,19:66,20:59,21:60,22:37,23:54,24:52,25:56,26:50,27:50,28:48,29:51,30:49,31:43,32:51,33:42,34:40,35:47,36:40,37:55,38:52,39:52,40:38,41:54,42:57,43:50,44:40,45:42,46:49,47:44,48:43,49:49,50:50
((0)21,92)105	0.8360181332698311	0.0	0.8360181332698311	0.01529712056977484	1:20,2:51,3:55,4:54,5:59,6:51,7:47,8:42,9:48,10:43,11:46,12:55,13:64,14:59,15:37,16:53,17:49,18:71,19:44,20:37,21:44,22:53,23:51,24:60,25:43,26:55,27:58,28:52,29:51,30:46,31:43,32:43,33:41,34:47,35:49,36:55,37:57,38:51,39:35,40:65,41:39,42:45,43:40,44:41,45:47,46:50,47:39,48:41,49:58,50:27
((0,21)92)105	0.9064520009355156	0.0	0.9064520009355156	0.010756339205466795	1:17,2:63,3:52,4:46,5:52,6:48,7:51,8:44,9:65,10:52,11:45,12:68,13:34,14:54,15:49,16:52,17:66,18:60,19:46,20:46,21:52,22:45,23:51,24:50,25:56,26:50,27:48,28:64,29:47,30:52,31:55,32:56,33:49,34:42,35:46,36:63,37:61,38:63,39:63,40:62,41:44,42:60,43:35,44:41,45:41,46:45,47:49,48:46,49:46,50:58
(((21)0)92)105	0.12478475027064907	1.0	1.1247847502706492	0.003610446784220991	1:6,2:58,3:70,4:81,5:82,6:67,7:76,8:70,9:83,10:73,11:76,12:59,13:81,14:71,15:80,16:96,17:67,18:79,19:79,20:75,21:67,22:71,23:70,24:84,25:82,26:77,27:84,28:80,29:91,30:69,31:78,32:72,33:83,34:89,35:93,36:77,37:74,38:59,39:69,40:81,41:81,42:75,43:96,44:84,45:64,46:92,47:67,48:72,49:76,50:83
(((0)92)21)105	0.20805410748888264	1.0	1.2080541074888826	0.0023809146999005572	1:7,2:44,3:77,4:68,5:75,6:84,7:68,8:68,9:68,10:65,11:70,12:65,13:61,14:63,15:74,16:71,17:74,18:60,19:61,20:75,21:63,22:75,23:60,24:76,25:61,26:64,27:65,28:61,29:63,30:66,31:54,32:56,33:65,34:64,35:64,36:69,37:78,38:62,39:79,40:77,41:67,42:63,43:62,44:62,45:74,46:63,47:61,48:65,49:57,50:63
(0,21,92)105	1.660117815096266	0.0	1.660117815096266	0.00024837047504884177	1:38,2:12,3:14,4:7,5:9,6:12,7:16,8:7,9:14,10:6,11:12,12:9,13:9,14:8,15:8,16:16,17:8,18:9,19:9,20:9,21:7,22:13,23:11,24:10,25:9,26:6,27:16,28:6,29:10,30:4,31:7,32:8,33:5,34:9,35:11,36:10,37:7,38:10,39:12,40:8,41:10,42:9,43:12,44:11,45:4,46:2,47:7,48:7,49:15,50:12
(((0)21)105)92	0.7634320040155177	1.0	1.7634320040155176	0.00014816855900427482	1:10,2:53,3:66,4:61,5:54,6:63,7:65,8:53,9:50,10:72,11:81,12:64,13:70,14:67,15:67,16:75,17:66,18:77,19:58,20:67,21:66,22:59,23:76,24:77,25:71,26:62,27:59,28:67,29:65,30:70,31:60,32:57,33:49,34:68,35:50,36:69,37:77,38:71,39:66,40:56,41:61,42:58,43:52,44:76,45:75,46:69,47:59,48:52,49:68,50:67
((21)0,92)105	0.900750885836998	1.0	1.900750885836998	7.457133087933859e-05	1:22,2:14,3:9,4:7,5:7,6:10,7:10,8:8,9:11,10:8,11:6,12:10,13:6,14:12,15:10,16:2,17:9,18:7,19:8,20:2,21:6,22:8,23:6,24:8,25:6,26:4,27:9,28:8,29:10,30:10,31:7,32:9,33:10,34:3,35:8,36:11,37:7,38:9,39:9,40:6,41:8,42:13,43:10,44:7,45:7,46:4,47:9,48:10,49:12,50:13
((92)0,21)105	0.9616292754766306	1.0	1.9616292754766307	5.5001704770595606e-05	1:17,2:17,3:10,4:5,5:10,6:6,7:10,8:6,9:7,10:7,11:5,12:6,13:7,14:4,15:7,16:8,17:5,18:7,19:6,20:6,21:8,22:5,23:10,24:5,25:7,26:8,27:4,28:6,29:4,30:9,31:10,32:8,33:10,34:9,35:5,36:5,37:4,38:9,39:7,40:5,41:4,42:7,43:9,44:3,45:6,46:6,47:2,48:11,49:10,50:5
(0,(92)21)105	0.9718584857485887	1.0	1.9718584857485886	5.225931378517976e-05	1:27,2:15,3:5,4:12,5:8,6:5,7:6,8:5,9:5,10:4,11:5,12:5,13:7,14:8,15:9,16:4,17:3,18:9,19:4,20:4,21:1,22:13,23:8,24:3,25:7,26:5,27:8,28:4,29:4,30:2,31:7,32:4,33:7,34:6,35:6,36:8,37:3,38:1,39:4,40:8,41:9,42:5,43:5,44:8,45:7,46:7,47:4,48:8,49:5,50:7
((0,92)21)105	1.0462699412675487	1.0	2.046269941267549	3.602311629266767e-05	1:13,2:8,3:12,4:15,5:8,6:13,7:6,8:15,9:13,10:9,11:14,12:10,13:10,14:14,15:10,16:14,17:7,18:4,19:9,20:9,21:16,22:6,23:14,24:12,25:7,26:9,27:3,28:8,29:10,30:10,31:9,32:10,33:6,34:9,35:11,36:10,37:9,38:12,39:11,40:9,41:5,42:10,43:9,44:12,45:9,46:6,47:10,48:14,49:8,50:12
(((92)0)21)105	0.24452500382661146	2.0	2.2445250038266114	1.3368290724250908e-05	1:9,2:6,3:6,4:5,5:7,6:7,7:10,8:10,9:11,10:13,11:9,12:9,13:13,14:10,15:13,16:10,17:7,18:9,19:17,20:12,21:5,22:10,23:12,24:7,25:9,26:10,27:9,28:17,29:4,30:8,31:11,32:10,33:5,34:4,35:5,36:9,37:13,38:10,39:11,40:14,41:7,42:14,43:14,44:6,45:4,46:14,47:6,48:11,49:14,50:9
(((21)92)0)105	0.24672530454721053	2.0	2.2467253045472106	1.3222025469785723e-05	1:7,2:7,3:5,4:4,5:5,6:7,7:8,8:6,9:6,10:9,11:8,12:6,13:3,14:6,15:3,16:7,17:3,18:7,19:10,20:4,21:8,22:4,23:5,24:5,25:4,26:10,27:7,28:13,29:3,30:5,31:9,32:2,33:8,34:6,35:5,36:6,37:6,38:8,39:4,40:2,41:6,42:5,43:6,44:5,45:10,46:6,47:9,48:7,49:5,50:7
(0,(21)105)92	1.4734584181441972	1.0	2.4734584181441974	4.2555263982608095e-06	1:23,2:9,3:5,4:8,5:4,6:4,7:2,8:9,9:5,10:4,11:6,12:7,13:3,14:3,15:3,16:4,17:4,18:6,19:2,20:2,21:6,22:4,23:6,24:9,25:4,26:4,27:5,28:3,29:9,30:5,31:8,32:2,33:5,34:8,35:5,36:1,37:8,38:5,39:9,40:6,41:4,42:4,43:3,44:6,45:3,46:2,47:4,48:8,49:7,50:2
((0,21)105)92	1.480536275665537	1.0	2.480536275665537	4.107560005703549e-06	1:14,2:2,3:4,4:3,5:5,6:4,7:3,8:5,9:2,10:5,11:5,12:6,13:3,14:3,15:1,16:5,17:5,18:3,19:2,20:2,21:4,22:4,23:2,24:3,25:2,26:3,27:8,28:5,29:1,31:4,32:4,33:3,34:3,35:4,36:3,37:1,38:3,39:5,40:1,41:1,44:6,45:3,46:2,47:3,48:1,49:5,50:2
((0)105,21)92	1.540125407231502	1.0	2.540125407231502	3.049212991677224e-06	1:21,2:5,3:2,4:4,5:3,6:5,7:2,8:8,9:6,10:3,11:5,12:4,13:3,14:5,15:3,16:4,17:4,18:7,19:4,20:5,21:3,22:5,23:1,24:6,25:6,26:1,27:3,28:8,29:4,30:5,31:1,32:4,33:4,34:2,35:2,36:3,37:7,38:6,39:6,40:1,41:3,42:2,43:5,44:4,45:4,46:12,47:5,48:7,49:3
(105,(0)21)92	1.587025513841189	1.0	2.587025513841189	2.4118232307406568e-06	1:16,2:5,3:5,4:3,5:6,6:4,7:3,8:4,9:5,10:7,11:2,12:4,13:8,14:3,15:4,16:3,17:6,18:4,19:10,20:3,21:4,22:1,23:4,24:4,25:5,26:5,27:4,28:4,29:3,30:4,31:9,32:7,33:4,34:6,35:7,36:1,37:2,38:1,39:4,40:6,41:3,42:6,43:5,44:5,45:5,46:4,47:4,48:3,49:5,50:6
(((0)92)105)21	0.8376713368229385	2.0	2.8376713368229387	6.887712085676423e-07	1:6,2:3,3:3,4:1,9:2,10:1,11:1,12:1,14:5,15:1,16:4,18:4,19:1,22:1,23:1,24:2,25:2,26:1,27:2,28:2,29:3,31:1,32:2,33:1,36:4,37:2,39:3,40:1,41:1,42:2,43:1,44:2,48:2,49:2
(((21)0)105)92	0.8411166476764799	2.0	2.84111664767648	6.770076675096458e-07	1:10,2:9,3:1,4:7,5:11,6:4,7:6,8:5,9:4,10:4,11:6,12:5,13:6,14:4,15:6,16:3,17:5,18:5,19:9,20:10,21:3,22:3,23:4,24:4,25:9,26:4,27:6,28:7,29:7,30:6,31:7,32:7,33:8,34:4,35:5,36:5,37:4,38:1,39:2,40:3,41:7,42:2,43:3,44:9,45:6,46:6,47:7,48:8,50:6
(((0)105)21)92	0.8865717441532245	2.0	2.8865717441532244	5.393728718152367e-07	1:5,2:2,3:3,4:1,5:4,6:1,7:2,8:3,9:1,10:3,12:2,13:1,14:2,16:5,17:1,18:1,19:1,21:2,23:2,24:2,26:5,28:1,30:2,32:2,33:2,34:2,35:1,37:4,38:2,39:2,40:2,41:3,42:1,43:2,44:1,45:4,46:1,47:1,48:1,49:1,50:1
((21,92)0)105	1.1324392036661393	2.0	3.1324392036661393	1.5775919980566615e-07	1:17,2:6,3:13,4:16,5:6,6:8,7:10,8:16,9:20,10:15,11:11,12:15,13:14,14:12,15:9,16:14,17:15,18:7,19:12,20:15,21:15,22:10,23:7,24:8,25:12,26:8,27:5,28:18,29:13,30:13,31:12,32:14,33:18,34:12,35:15,36:17,37:10,38:11,39:11,40:16,41:15,42:11,43:13,44:8,45:14,46:13,47:9,48:15,49:9,50:7
(((92)21)0)105	0.33243885775953175	3.0	3.3324388577595316	5.8036466640062115e-08	1:9,2:49,3:57,4:67,5:63,6:68,7:62,8:55,9:59,10:73,11:76,12:54,13:66,14:62,15:60,16:58,17:59,18:60,19:74,20:63,21:63,22:58,23:62,24:62,25:62,26:58,27:54,28:58,29:70,30:67,31:79,32:76,33:67,34:67,35:65,36:59,37:53,38:69,39:55,40:66,41:51,42:63,43:87,44:74,45:75,46:61,47:71,48:56,49:74,50:67
(0,105,21)92	2.436690813377848	1.0	3.436690813377848	3.446043209518058e-08	1:41,2:12,3:7,4:8,5:6,6:6,7:13,8:11,9:8,10:10,11:8,12:10,13:7,14:8,15:2,16:7,17:13,18:9,19:8,20:9,21:10,22:4,23:11,24:8,25:8,26:8,27:10,28:11,29:8,30:12,31:5,32:13,33:12,34:11,35:6,36:15,37:11,38:8,39:8,40:7,41:11,42:7,43:3,44:12,45:8,46:9,47:9,48:6,49:11,50:7
(0,(92)105)21	1.5797255362878706	2.0	3.579725536287871	1.6854845049680757e-08	1:20,2:4,3:4,4:6,5:7,6:4,7:3,8:6,9:2,10:4,11:2,12:4,13:4,14:6,15:8,16:3,17:4,18:5,19:5,20:3,21:4,22:3,23:2,24:11,25:8,26:3,27:6,28:5,29:1,30:3,31:3,32:5,33:6,34:6,35:2,36:5,37:5,38:3,39:2,40:5,41:8,42:1,43:5,44:3,45:4,46:6,47:9,48:3,49:2,50:4
((21)0,105)92	1.5980431684148464	2.0	3.598043168414846	1.537972363610523e-08	1:18,2:1,3:2,4:6,5:4,6:2,7:4,8:4,9:4,10:5,11:5,12:4,13:3,14:3,15:5,16:3,17:5,18:5,19:3,20:3,21:5,22:8,23:4,24:1,25:6,26:9,27:1,28:2,29:3,30:4,31:3,32:4,33:3,34:1,35:4,36:2,37:3,38:4,39:1,40:3,41:3,42:6,43:6,44:2,45:3,46:7,47:3,48:7,49:7,50:3
((0,92)105)21	1.6136374723892875	2.0	3.6136374723892875	1.4226102408913371e-08	1:16,2:3,3:3,4:2,5:5,6:3,7:6,8:4,9:8,10:3,11:5,12:5,13:3,14:3,15:1,16:6,17:8,18:2,19:4,20:3,21:3,22:5,23:1,24:6,25:2,26:5,27:4,28:4,29:5,30:5,31:6,32:4,33:3,34:3,35:1,36:1,37:6,38:6,39:3,40:4,41:3,42:6,43:6,44:5,45:5,46:3,47:5,48:3,49:4,50:6
((0,105)21)92	1.6288259436181567	2.0	3.628825943618157	1.3185742323875083e-08	1:10,2:7,3:4,4:1,5:6,6:1,7:5,8:4,9:3,10:4,11:3,12:2,13:3,14:9,15:4,16:3,17:3,18:7,19:7,20:7,21:3,22:3,23:10,24:3,25:3,26:2,27:6,28:7,29:2,30:4,31:4,32:8,34:5,36:5,37:2,38:2,39:4,40:5,41:9,42:4,43:9,44:1,45:9,46:3,47:4,48:6,49:5,50:3
(0,(105)21)92	1.7439233377584542	2.0	3.743923337758454	7.416069116630663e-09	1:15,2:3,3:2,4:3,5:3,6:3,7:5,8:3,9:3,10:2,11:4,12:3,13:4,14:2,15:2,16:4,17:5,18:4,19:5,20:4,21:3,22:6,23:3,24:2,25:8,26:3,27:4,28:1,29:5,30:4,31:3,32:3,33:7,34:4,35:2,36:5,37:2,38:5,39:5,40:9,41:5,42:6,43:2,44:1,45:5,46:3,47:2,48:8,49:2,50:6
((0)105,92)21	1.750303319427807	2.0	3.750303319427807	7.183230698066394e-09	1:15,2:6,3:2,4:5,5:5,6:2,7:4,8:5,9:3,10:4,11:4,12:6,13:7,14:3,15:4,16:4,17:6,18:1,19:6,20:4,21:6,22:8,23:10,24:4,25:6,26:5,27:3,28:4,29:4,30:6,31:3,32:3,33:1,34:2,35:8,36:4,37:5,38:2,39:4,40:5,41:3,42:5,43:6,44:6,45:13,46:6,47:3,48:6,49:3,50:5
(105,(0)92)21	1.750503319427807	2.0	3.750503319427807	7.176051057786762e-09	1:16,2:8,3:5,4:7,5:8,6:3,7:4,8:4,9:2,10:7,11:6,12:4,13:6,14:5,15:4,16:2,17:8,18:6,19:4,20:3,21:10,22:4,23:5,24:5,25:4,26:6,27:5,28:4,29:3,30:3,31:4,32:2,33:5,34:3,35:5,36:3,37:9,38:6,39:4,40:4,41:6,42:5,43:3,44:5,45:3,46:8,47:2,48:4,49:7,50:6
((105)0,21)92	1.7982360779407063	2.0	3.7982360779407065	5.652429468957052e-09	1:23,2:5,3:4,4:5,5:5,6:5,7:4,8:3,10:7,11:4,12:2,13:5,14:4,15:9,16:3,17:3,18:2,19:9,20:2,21:4,22:6,23:8,24:8,25:8,26:3,27:3,28:7,29:4,30:3,31:7,32:2,33:5,34:6,35:8,36:6,37:6,38:4,39:4,40:6,41:7,43:1,44:3,45:4,46:1,47:7,48:7,49:7,50:3
(((21)105)0)92	0.8919840770051907	3.0	3.8919840770051906	3.5372353658134287e-09	1:8,3:1,5:2,6:3,8:1,9:3,10:3,11:1,12:1,13:3,15:2,17:1,18:1,19:2,20:1,21:1,23:3,24:3,26:1,27:2,28:2,29:3,31:1,33:3,35:2,37:1,38:2,39:1,40:1,41:2,42:1,43:3,45:1,49:1,50:1
(((0)105)92)21	0.9243860048947135	3.0	3.9243860048947132	3.0081817078949376e-09	1:9,2:61,3:66,4:72,5:67,6:63,7:64,8:62,9:66,10:70,11:66,12:60,13:65,14:45,15:70,16:64,17:58,18:66,19:50,20:71,21:66,22:51,23:73,24:61,25:57,26:65,27:62,28:49,29:64,30:72,31:57,32:47,33:71,34:63,35:67,36:67,37:52,38:62,39:69,40:48,41:61,42:55,43:68,44:53,45:62,46:67,47:65,48:72,49:55,50:73
(((21)92)105)0	0.9408844843354767	3.0	3.9408844843354767	2.7699891833644152e-09	1:7,2:4,3:3,4:2,5:2,7:1,8:1,12:3,13:2,14:2,15:1,17:1,18:1,20:2,22:1,23:1,25:1,29:3,31:2,33:3,35:1,36:1,37:5,38:2,39:2,40:1,41:2,42:2,43:3,44:2,45:4,46:2,47:1,50:2
(((105)0)21)92	0.9877845909451636	3.0	3.9877845909451635	2.190966744393898e-09	1:10,2:5,3:3,4:4,5:2,6:3,7:4,8:4,9:3,10:3,11:4,12:3,13:1,14:1,16:1,17:3,18:4,19:3,20:3,21:4,22:2,23:2,24:1,25:4,26:2,27:2,28:7,29:1,30:5,31:4,32:1,33:2,34:2,35:4,36:2,37:2,39:5,40:1,41:2,42:3,43:3,44:5,46:1,47:3,48:3,49:3,50:1
(((92)0)105)21	1.035096234039863	3.0	4.035096234039863	1.7294175348263945e-09	1:8,2:2,3:2,4:2,5:2,6:1,7:3,8:1,9:1,10:2,11:3,12:3,13:2,14:2,15:1,16:2,17:1,18:3,19:3,20:4,21:1,22:2,23:3,24:2,25:2,26:1,27:2,28:5,29:3,30:2,31:4,32:3,33:3,34:7,35:2,36:2,37:1,38:1,39:1,40:1,41:4,43:3,44:2,45:1,46:1,47:5,48:1,49:2,50:1
(0,105,92)21	2.6271777861423846	2.0	4.627177786142385	8.95800093555093e-11	1:23,2:10,3:8,4:7,5:6,6:6,7:9,8:7,9:9,10:12,11:9,12:7,13:10,14:10,15:15,16:10,17:8,18:7,19:10,20:9,21:10,22:5,23:7,24:7,25:7,26:10,27:9,28:5,29:10,30:11,31:7,32:5,33:6,34:11,35:11,36:10,37:6,38:6,39:6,40:4,41:8,42:11,43:9,44:8,45:8,46:8,47:8,48:5,49:4,50:5
((21,92)105)0	1.6809021036653349	3.0	4.680902103665335	6.847786796100903e-11	1:15,2:3,3:5,4:7,5:1,6:5,7:8,8:2,9:2,10:6,11:6,12:5,13:2,14:3,15:6,16:7,17:2,18:7,19:3,20:7,21:3,22:5,23:5,24:4,25:6,26:7,27:4,28:7,29:3,30:7,31:9,32:2,33:4,34:8,35:4,36:1,37:4,38:8,39:2,40:7,42:2,43:4,44:6,45:5,46:5,47:6,48:3,49:4,50:6
((0,105)92)21	1.6813125256330799	3.0	4.68131252563308	6.833748794130435e-11	1:16,2:3,3:3,4:4,5:5,6:2,7:2,8:3,9:6,10:3,11:6,12:4,13:1,14:4,15:3,16:4,17:1,18:2,19:2,20:3,21:4,22:5,23:3,24:6,25:4,26:4,27:2,28:3,29:2,30:2,31:3,32:5,33:2,34:5,35:3,36:1,37:3,38:4,39:7,40:3,41:6,42:4,43:3,44:5,45:2,46:4,47:4,48:2,49:2,50:4
((92)105,21)0	1.6983017429184954	3.0	4.6983017429184954	6.277220634192134e-11	1:30,2:5,3:3,4:3,5:6,6:4,7:1,8:6,9:6,10:6,11:7,12:3,13:10,14:2,15:5,16:3,18:4,19:4,20:8,21:11,22:6,23:1,24:6,25:4,26:6,27:3,28:4,29:1,30:4,31:5,32:3,33:5,34:1,35:4,36:5,37:5,38:1,39:4,40:3,41:6,42:1,43:7,44:5,45:2,46:6,47:5,48:2,49:5,50:3
((105,21)0)92	1.6985017429184954	3.0	4.698501742918495	6.270946551122332e-11	1:16,2:1,3:4,4:7,5:2,6:11,7:3,8:2,9:4,10:6,11:4,12:5,13:4,14:9,15:2,16:2,17:1,18:8,19:3,20:6,21:2,22:5,23:5,24:6,25:1,26:3,27:4,28:3,29:6,30:9,31:6,32:2,33:5,34:7,35:7,36:6,37:3,38:1,39:5,40:4,41:6,42:4,43:2,44:6,45:3,46:5,47:8,48:6,49:2,50:3
(0,(105)92)21	1.7628018386733795	3.0	4.762801838673379	4.546814280326271e-11	1:21,2:5,3:3,4:3,5:5,6:5,7:4,8:12,9:5,10:2,11:6,12:6,13:7,14:2,15:4,16:7,17:3,18:3,19:5,20:2,21:3,22:6,23:4,24:6,25:4,26:4,27:8,28:8,29:9,30:7,31:5,32:4,34:2,35:5,36:2,37:3,38:5,39:5,40:8,41:5,42:7,43:3,44:3,45:9,46:3,47:3,48:3,49:3,50:3
((92)0,105)21	1.7773504335047952	3.0	4.777350433504795	4.227808845459262e-11	1:19,2:1,3:7,4:2,5:5,6:6,7:3,8:3,9:5,10:2,11:4,12:10,13:5,14:5,15:4,16:3,17:5,18:3,19:4,20:4,21:4,22:4,23:3,24:2,25:7,26:4,27:5,28:3,29:4,30:2,31:1,32:1,33:5,34:3,35:2,36:5,37:5,39:4,40:3,41:1,42:3,43:4,44:5,45:5,46:5,47:5,48:3,49:8,50:7
((21)105,92)0	1.8031503514682297	3.0	4.803150351468229	3.716135430756644e-11	1:21,2:3,4:3,5:2,6:4,7:4,8:1,9:8,10:7,11:7,12:4,13:3,14:9,15:4,16:2,17:6,18:3,19:4,20:5,21:1,22:3,23:2,24:4,26:6,27:4,28:7,29:1,30:8,31:5,32:7,33:1,34:2,35:5,36:3,37:5,38:7,39:6,40:9,41:3,42:7,43:2,44:1,45:3,46:3,47:7,48:6,49:3,50:6
(105,(21)92)0	1.8522507587985158	3.0	4.852250758798515	2.9071761909497796e-11	1:28,2:17,3:3,4:7,5:1,6:3,7:4,8:2,9:4,10:4,11:7,12:1,13:5,14:5,15:10,16:5,17:2,18:6,19:6,20:6,21:2,22:8,23:5,24:4,25:1,26:4,27:8,28:2,29:5,30:3,31:4,32:8,33:4,34:3,35:3,36:4,37:4,38:6,39:5,40:4,41:5,42:7,43:3,44:3,45:3,46:3,47:3,48:3,49:4,50:7
(((21)105)92)0	0.9141567946227553	4.0	4.914156794622755	2.1332615438707784e-11	1:4,2:6,3:4,4:3,5:6,6:4,7:4,8:6,9:5,10:8,11:7,12:4,13:4,14:4,15:7,16:6,17:6,18:2,19:7,20:4,21:5,22:5,23:8,24:7,25:11,26:8,27:2,28:4,30:4,31:5,32:7,33:6,34:8,35:6,36:6,37:7,38:4,39:9,40:5,41:8,42:12,43:2,44:11,45:3,46:5,47:5,48:7,49:7,50:5
((105)0,92)21	1.9380540182727395	3.0	4.938054018272739	1.8930057913463376e-11	1:23,2:6,3:7,4:3,5:6,6:4,8:4,9:3,10:2,12:4,13:5,14:5,15:6,16:3,17:5,18:5,19:5,20:5,21:5,22:5,23:4,24:3,25:6,26:5,27:2,28:2,29:3,30:9,31:4,32:7,33:4,34:9,35:4,36:3,37:3,38:7,39:3,40:3,41:7,42:2,43:3,44:10,45:3,46:7,47:5,48:3,49:4,50:3
(((92)105)0)21	0.9386841836148776	4.0	4.938684183614877	1.8870506448794874e-11	1:5,4:2,5:1,6:2,7:3,9:2,10:2,11:2,12:1,13:3,14:1,15:1,17:1,18:3,20:1,21:2,23:2,24:1,26:2,27:2,28:2,29:2,30:1,31:3,32:3,33:1,34:1,35:3,36:2,37:1,38:2,39:1,41:2,42:3,43:2,45:3,46:2,47:2,49:2,50:1
(((105)21)0)92	0.9622560870935876	4.0	4.9622560870935875	1.677250067099573e-11	1:5,3:2,4:1,5:2,6:2,7:1,9:3,10:1,12:1,13:2,14:3,16:1,17:2,20:1,21:3,22:1,23:2,25:3,26:2,27:1,28:1,29:3,31:2,32:2,33:4,34:3,35:1,36:3,37:2,39:2,41:2,42:1,43:1,46:1,47:1,50:3
(((92)21)105)0	1.0996381844940735	4.0	5.099638184494074	8.438716245778334e-12	1:10,3:2,6:3,7:1,8:3,10:2,11:3,13:1,14:2,16:1,17:1,18:2,19:1,22:2,25:1,26:1,27:1,28:1,29:2,31:2,32:2,33:1,35:2,36:1,37:1,39:3,40:2,42:1,43:1,44:2,45:3,46:2,49:1,50:1
(((105)0)92)21	1.0998381844940734	4.0	5.0998381844940734	8.430281747484597e-12	1:8,2:2,3:4,4:4,5:3,6:4,7:5,8:12,9:1,10:4,11:6,12:8,13:6,14:9,15:9,16:3,17:6,18:6,19:7,20:5,21:5,22:8,23:8,24:4,25:5,26:4,27:7,28:8,29:4,30:3,31:9,32:5,33:6,34:5,35:7,36:4,37:7,38:3,39:3,40:5,41:2,42:7,43:5,44:2,45:6,46:6,47:5,48:6,49:9,50:4
(105,21,92)0	2.7346840621907313	3.0	5.734684062190731	3.5260769169791634e-13	1:44,2:8,3:7,4:17,5:6,6:10,7:11,8:6,9:9,10:6,11:4,12:10,13:9,14:7,15:10,16:9,17:8,18:4,19:6,20:4,21:7,22:6,23:8,24:3,25:8,26:5,27:8,28:6,29:11,30:8,31:6,32:7,33:10,34:6,35:5,36:12,37:8,38:6,39:6,40:4,41:3,42:11,43:7,44:11,45:6,46:8,47:7,48:10,49:10,50:10
((105,21)92)0	1.7377503044484266	4.0	5.737750304448427	3.4724301723179957e-13	1:13,2:10,3:4,4:5,5:3,6:4,7:2,8:4,9:2,10:2,11:2,12:2,13:1,14:2,15:2,16:4,17:4,18:4,19:5,20:2,21:5,22:4,23:2,24:2,25:3,26:7,27:2,28:2,29:4,30:4,32:1,34:4,35:4,36:2,37:3,38:7,39:1,40:1,41:1,43:4,44:3,45:4,46:4,47:2,48:3,49:4,50:6
(21,(105)92)0	1.84897110107197	4.0	5.84897110107197	1.9912263467201728e-13	1:13,2:9,3:3,4:4,5:5,6:5,7:4,8:3,9:4,10:2,11:2,12:2,13:6,14:1,15:4,16:8,17:5,18:4,19:7,20:4,21:1,22:3,23:6,24:3,25:3,26:4,27:3,28:6,29:3,30:2,31:3,32:6,33:5,35:6,36:5,37:4,38:9,39:5,40:8,41:4,42:4,43:7,44:4,45:5,46:2,47:5,48:5,49:2,50:2
((105,92)0)21	1.8500504580779167	4.0	5.8500504580779165	1.9805090716082937e-13	1:15,2:6,3:3,4:4,5:3,6:7,7:6,8:3,9:6,10:3,11:3,12:3,13:5,14:6,15:2,16:5,17:4,18:5,19:3,20:4,21:4,22:6,23:7,24:5,25:7,26:4,27:5,28:1,29:8,30:5,31:3,32:3,33:2,34:5,35:6,36:3,37:2,38:9,39:6,40:5,41:8,42:4,43:10,44:4,45:3,46:2,47:5,48:5,49:6,50:5
(105,(92)21)0	1.9061558504073781	4.0	5.906155850407378	1.4960479884604554e-13	1:19,2:5,3:3,4:2,5:4,6:4,7:3,8:2,9:4,10:4,11:5,12:1,13:4,14:4,15:6,16:7,18:7,19:3,20:2,21:4,22:4,23:4,24:1,25:6,26:3,28:6,29:2,30:1,31:6,32:6,33:5,34:4,35:4,36:4,38:10,39:6,40:5,41:4,42:5,43:1,44:5,45:1,46:4,47:4,48:3,49:6,50:4
(((105)92)0)21	0.9610569012324423	5.0	5.961056901232443	1.1369186937541045e-13	1:10,2:1,3:1,4:2,5:2,6:3,7:1,8:2,10:3,11:1,12:2,13:4,14:1,15:1,16:1,17:1,20:1,21:1,22:1,24:2,25:2,26:2,28:2,29:3,30:2,33:1,34:2,35:2,36:2,38:2,41:2,42:1,43:2,44:2,48:2,49:1,50:2
(((92)105)21)0	0.9620560870935876	5.0	5.962056087093588	1.1312528930880805e-13	1:11,2:2,3:2,4:4,5:3,6:2,7:1,8:2,9:1,10:1,11:2,12:4,13:2,14:2,15:2,16:2,17:3,18:1,19:3,20:1,21:4,22:4,23:1,24:2,25:1,26:4,27:4,28:1,29:3,30:2,31:5,32:1,33:6,34:5,35:2,36:2,37:4,38:1,39:1,40:1,41:2,42:2,43:2,44:2,45:5,46:2,47:2,48:2,49:2,50:2
((105)21,92)0	1.9699105404890778	4.0	5.969910540489078	1.0876870905563766e-13	1:25,2:5,3:4,4:2,5:4,6:6,7:9,8:8,9:3,10:4,11:8,12:8,13:3,14:4,15:2,16:2,17:6,18:3,19:2,20:2,21:6,22:3,23:6,24:4,25:5,26:5,27:3,28:6,29:6,30:4,31:4,32:2,33:6,34:5,35:6,36:1,37:2,38:3,39:1,40:1,41:1,42:3,43:4,44:5,45:7,46:8,47:7,48:3,49:3,50:5
(((105)21)92)0	1.084196641370149	5.0	6.0841966413701485	6.142354238071207e-14	1:6,2:51,3:83,4:51,5:60,6:70,7:73,8:78,9:61,10:54,11:56,12:60,13:56,14:65,15:59,16:65,17:60,18:70,19:62,20:69,21:61,22:65,23:61,24:61,25:65,26:64,27:68,28:59,29:63,30:48,31:59,32:73,33:68,34:59,35:57,36:61,37:68,38:75,39:50,40:62,41:71,42:57,43:70,44:72,45:68,46:60,47:77,48:54,49:65,50:62
((105,92)21)0	1.8748880696984562	5.0	6.874888069698456	1.1786103163270963e-15	1:9,2:4,4:6,5:6,7:1,8:4,9:5,10:1,11:3,12:2,13:5,14:4,15:1,16:2,17:5,18:6,19:6,20:3,21:2,22:5,23:2,24:6,25:1,26:6,27:1,28:2,29:4,30:4,31:3,32:6,33:3,34:2,35:7,36:5,37:4,38:1,39:3,40:3,41:6,42:8,43:5,44:3,46:5,47:2,48:3,49:3,50:4
(((105)92)21)0	1.0489707551653626	6.0	7.048970755165363	4.935765177729597e-16	1:11,2:2,3:1,4:3,5:1,6:5,7:2,10:1,11:1,12:3,13:1,14:1,16:2,17:1,19:3,20:5,23:1,24:3,25:1,26:2,27:2,28:1,29:3,30:1,31:4,32:2,33:2,35:1,36:3,37:2,38:1,39:3,40:5,41:1,42:1,43:1,45:2,46:2,47:1,48:1,49:3,50:1
