# generation count = 50 
#
generation.index	generationHighestFitness	generationMedianFitness	populationHighestFitness	populationMedianFitness
1	0.6187818017205856	7.176051057786762e-09	0.6187818017205856	7.176051057786762e-09
2	0.6187818017205856	0.00024837047504884177	0.6187818017205856	5.393728718152367e-07
3	0.6187818017205856	0.0023809146999005572	0.6187818017205856	1.3368290724250908e-05
4	0.6187818017205856	0.0023809146999005572	0.6187818017205856	5.3630509277887683e-05
5	0.6187818017205856	0.00024837047504884177	0.6187818017205856	7.457133087933859e-05
6	0.6187818017205856	0.0023809146999005572	0.6187818017205856	0.00014816855900427482
7	0.6187818017205856	0.00014816855900427482	0.6187818017205856	0.00014816855900427482
8	0.6187818017205856	0.00024837047504884177	0.6187818017205856	0.00014816855900427482
9	0.6187818017205856	0.00014816855900427482	0.6187818017205856	0.00014816855900427482
10	0.6187818017205856	0.00014816855900427482	0.6187818017205856	0.00014816855900427482
11	0.6187818017205856	0.00014816855900427482	0.6187818017205856	0.00014816855900427482
12	0.6187818017205856	0.0023809146999005572	0.6187818017205856	0.00014816855900427482
13	0.6187818017205856	0.00014816855900427482	0.6187818017205856	0.00014816855900427482
14	0.6187818017205856	0.0023809146999005572	0.6187818017205856	0.00014816855900427482
15	0.6187818017205856	0.00024837047504884177	0.6187818017205856	0.00014816855900427482
16	0.6187818017205856	0.0023809146999005572	0.6187818017205856	0.00014816855900427482
17	0.6187818017205856	0.0023809146999005572	0.6187818017205856	0.00014816855900427482
18	0.6187818017205856	0.00014816855900427482	0.6187818017205856	0.00014816855900427482
19	0.6187818017205856	0.00014816855900427482	0.6187818017205856	0.00014816855900427482
20	0.6187818017205856	0.0023809146999005572	0.6187818017205856	0.00014816855900427482
21	0.6187818017205856	0.0023809146999005572	0.6187818017205856	0.00014816855900427482
22	0.6187818017205856	0.0023809146999005572	0.6187818017205856	0.00014816855900427482
23	0.6187818017205856	0.0023809146999005572	0.6187818017205856	0.00014816855900427482
24	0.6187818017205856	0.00024837047504884177	0.6187818017205856	0.00014816855900427482
25	0.6187818017205856	0.0023809146999005572	0.6187818017205856	0.00014816855900427482
26	0.6187818017205856	0.00024837047504884177	0.6187818017205856	0.00014816855900427482
27	0.6187818017205856	0.00024837047504884177	0.6187818017205856	0.00014816855900427482
28	0.6187818017205856	0.00024837047504884177	0.6187818017205856	0.00014816855900427482
29	0.6187818017205856	0.00014816855900427482	0.6187818017205856	0.00014816855900427482
30	0.6187818017205856	0.00014816855900427482	0.6187818017205856	0.00014816855900427482
31	0.6187818017205856	0.0023809146999005572	0.6187818017205856	0.00014816855900427482
32	0.6187818017205856	0.0023809146999005572	0.6187818017205856	0.00014816855900427482
33	0.6187818017205856	0.00014816855900427482	0.6187818017205856	0.00014816855900427482
34	0.6187818017205856	0.00024837047504884177	0.6187818017205856	0.00014816855900427482
35	0.6187818017205856	0.00024837047504884177	0.6187818017205856	0.00014816855900427482
36	0.6187818017205856	0.0023809146999005572	0.6187818017205856	0.00014816855900427482
37	0.6187818017205856	0.0023809146999005572	0.6187818017205856	0.00024837047504884177
38	0.6187818017205856	0.00014816855900427482	0.6187818017205856	0.00024837047504884177
39	0.6187818017205856	0.00014816855900427482	0.6187818017205856	0.00014816855900427482
40	0.6187818017205856	0.00024837047504884177	0.6187818017205856	0.00024837047504884177
41	0.6187818017205856	0.0023809146999005572	0.6187818017205856	0.00024837047504884177
42	0.6187818017205856	0.0023809146999005572	0.6187818017205856	0.00024837047504884177
43	0.6187818017205856	0.0023809146999005572	0.6187818017205856	0.00024837047504884177
44	0.6187818017205856	0.0023809146999005572	0.6187818017205856	0.00024837047504884177
45	0.6187818017205856	0.00024837047504884177	0.6187818017205856	0.00024837047504884177
46	0.6187818017205856	0.00024837047504884177	0.6187818017205856	0.00024837047504884177
47	0.6187818017205856	0.0023809146999005572	0.6187818017205856	0.00024837047504884177
48	0.6187818017205856	0.0023809146999005572	0.6187818017205856	0.00024837047504884177
49	0.6187818017205856	0.00014816855900427482	0.6187818017205856	0.00024837047504884177
50	0.6187818017205856	0.0023809146999005572	0.6187818017205856	0.00024837047504884177
############################################################
Topology	MassCost	TopologyCost	Cost	Fitness	appearances(generationID:count)
(((0)21)92)105	0.09600051393997294	0.0	0.09600051393997294	0.6187818017205856	1:3,2:123,3:213,4:193,5:199,6:215,7:198,8:198,9:218,10:210,11:196,12:222,13:191,14:198,15:204,16:221,17:213,18:205,19:192,20:204,21:189,22:217,23:237,24:207,25:209,26:195,27:192,28:202,29:180,30:198,31:191,32:193,33:172,34:198,35:191,36:181,37:212,38:187,39:211,40:203,41:204,42:206,43:195,44:200,45:186,46:210,47:191,48:204,49:185,50:205
(21,(0)92)105	0.7893180266601442	0.0	0.7893180266601442	0.019320469808163012	1:26,2:63,3:14,4:15,5:9,6:11,7:10,8:7,9:4,10:10,11:7,12:8,13:7,14:9,15:6,16:11,17:12,18:6,19:6,20:5,21:14,22:6,23:8,24:8,25:8,26:11,27:11,28:10,29:9,30:9,31:15,32:10,33:9,34:9,35:7,36:9,37:9,38:5,39:8,40:10,41:7,42:16,43:5,44:10,45:4,46:3,47:13,48:12,49:3,50:7
(0,(21)92)105	0.8252665428966349	0.0	0.8252665428966349	0.016141967612671747	1:18,2:75,3:47,4:54,5:50,6:59,7:60,8:48,9:40,10:40,11:39,12:41,13:47,14:48,15:57,16:52,17:56,18:38,19:40,20:55,21:51,22:49,23:48,24:53,25:42,26:45,27:47,28:45,29:39,30:42,31:50,32:36,33:57,34:54,35:46,36:44,37:50,38:40,39:51,40:49,41:49,42:46,43:40,44:37,45:50,46:36,47:47,48:46,49:36,50:42
((0)21,92)105	0.8360181332698311	0.0	0.8360181332698311	0.01529712056977484	1:16,2:51,3:49,4:41,5:62,6:48,7:41,8:46,9:43,10:47,11:54,12:50,13:45,14:57,15:40,16:53,17:44,18:57,19:52,20:44,21:51,22:55,23:47,24:44,25:65,26:51,27:40,28:46,29:52,30:53,31:73,32:57,33:61,34:46,35:53,36:51,37:53,38:51,39:48,40:39,41:54,42:50,43:52,44:48,45:63,46:46,47:52,48:50,49:53,50:50
((0,21)92)105	0.9064520009355156	0.0	0.9064520009355156	0.010756339205466795	1:14,2:65,3:56,4:69,5:40,6:45,7:58,8:55,9:53,10:55,11:51,12:58,13:49,14:44,15:48,16:54,17:50,18:47,19:46,20:57,21:62,22:49,23:55,24:46,25:57,26:59,27:63,28:51,29:48,30:46,31:61,32:65,33:70,34:39,35:57,36:49,37:58,38:55,39:41,40:60,41:58,42:58,43:39,44:58,45:59,46:57,47:62,48:65,49:47,50:47
(((21)0)92)105	0.12478475027064907	1.0	1.1247847502706492	0.003610446784220991	1:5,2:60,3:86,4:71,5:71,6:83,7:72,8:81,9:66,10:69,11:74,12:79,13:77,14:74,15:81,16:71,17:79,18:71,19:92,20:78,21:74,22:81,23:65,24:82,25:69,26:72,27:77,28:82,29:81,30:77,31:72,32:75,33:73,34:75,35:77,36:92,37:70,38:70,39:72,40:74,41:77,42:96,43:101,44:75,45:80,46:73,47:80,48:77,49:73,50:87
(((0)92)21)105	0.20805410748888264	1.0	1.2080541074888826	0.0023809146999005572	1:6,2:38,3:64,4:63,5:63,6:50,7:55,8:57,9:55,10:56,11:62,12:68,13:61,14:75,15:58,16:47,17:57,18:69,19:60,20:67,21:64,22:61,23:70,24:59,25:68,26:59,27:58,28:60,29:69,30:62,31:65,32:78,33:51,34:76,35:68,36:81,37:73,38:78,39:56,40:54,41:54,42:74,43:73,44:80,45:57,46:70,47:63,48:64,49:69,50:73
(0,21,92)105	1.660117815096266	0.0	1.660117815096266	0.00024837047504884177	1:48,2:37,3:12,4:9,5:9,6:8,7:4,8:11,9:8,10:12,11:9,12:8,13:7,14:13,15:9,16:7,17:11,18:5,19:10,20:11,21:7,22:8,23:4,24:11,25:7,26:9,27:15,28:8,29:7,30:6,31:6,32:9,33:4,34:7,35:7,36:10,37:11,38:10,39:7,40:15,41:15,42:4,43:12,44:8,45:8,46:16,47:7,48:3,49:6,50:9
(((0)21)105)92	0.7634320040155177	1.0	1.7634320040155176	0.00014816855900427482	1:9,2:41,3:58,4:62,5:73,6:57,7:64,8:67,9:69,10:74,11:64,12:64,13:76,14:64,15:57,16:55,17:62,18:63,19:60,20:63,21:59,22:63,23:45,24:65,25:58,26:66,27:68,28:72,29:73,30:75,31:66,32:73,33:62,34:70,35:61,36:65,37:62,38:72,39:71,40:83,41:59,42:78,43:43,44:63,45:64,46:79,47:63,48:55,49:62,50:60
((21)0,92)105	0.900750885836998	1.0	1.900750885836998	7.457133087933859e-05	1:24,2:16,3:11,4:11,5:9,6:8,7:9,8:5,9:10,10:7,11:7,12:5,13:9,14:12,15:15,16:4,17:11,18:14,19:10,20:5,21:7,22:5,23:6,24:3,25:11,26:12,27:8,28:14,29:11,30:7,31:5,32:6,33:5,34:6,35:10,36:9,37:7,38:8,39:7,40:8,41:9,42:7,43:7,44:8,45:8,46:10,47:8,48:11,49:10,50:11
((92)0,21)105	0.9616292754766306	1.0	1.9616292754766307	5.5001704770595606e-05	1:19,2:23,3:12,4:10,5:5,6:5,7:10,8:6,9:6,10:5,11:9,12:5,13:7,14:6,15:9,16:12,17:8,18:5,19:7,20:3,21:9,22:4,23:6,24:8,25:3,26:6,27:10,28:4,29:5,30:5,31:4,32:8,33:10,34:3,35:3,36:7,37:4,38:7,39:11,40:5,41:7,42:7,43:5,44:4,45:8,46:6,47:4,48:6,49:6,50:4
(0,(92)21)105	0.9718584857485887	1.0	1.9718584857485886	5.225931378517976e-05	1:19,2:22,3:6,4:6,5:10,6:5,7:4,8:6,9:6,10:4,11:7,12:7,13:5,14:5,15:7,16:4,17:9,18:6,19:8,20:12,21:8,22:5,23:2,24:2,25:4,27:6,28:2,29:6,30:2,31:6,32:5,33:6,34:1,35:5,36:6,37:5,38:3,39:12,40:7,41:8,42:7,43:7,44:3,45:5,46:5,47:11,48:6,49:11,50:5
((0,92)21)105	1.0462699412675487	1.0	2.046269941267549	3.602311629266767e-05	1:9,2:9,3:12,4:5,5:9,6:7,7:13,8:11,9:7,10:7,11:6,12:6,13:16,14:7,15:8,16:7,17:10,18:11,19:15,20:12,21:11,22:9,23:12,24:9,25:9,26:8,27:5,28:15,29:12,30:10,31:9,32:10,33:13,34:12,35:13,36:10,37:8,38:8,39:8,40:8,41:9,42:8,43:9,44:13,45:11,46:9,47:9,48:10,49:10,50:13
(((92)0)21)105	0.24452500382661146	2.0	2.2445250038266114	1.3368290724250908e-05	1:7,2:7,3:10,4:12,5:7,6:8,7:6,8:10,9:6,10:10,11:2,12:10,13:17,14:12,15:6,16:7,17:8,18:8,19:10,20:5,21:10,22:10,23:10,24:6,25:10,26:8,27:11,28:7,29:12,30:8,31:9,32:5,33:9,34:10,35:8,36:8,37:6,38:9,39:9,40:11,41:7,42:7,43:7,44:9,45:6,46:3,47:5,48:7,49:11,50:12
(((21)92)0)105	0.24672530454721053	2.0	2.2467253045472106	1.3222025469785723e-05	1:6,2:9,3:6,4:4,5:7,6:8,7:4,8:11,9:6,10:6,11:7,12:2,13:6,14:7,15:5,16:6,17:4,18:7,19:3,20:11,21:7,22:6,23:4,24:5,25:8,26:7,27:1,28:7,29:6,30:9,31:2,32:7,33:5,34:11,35:4,36:9,37:1,38:4,39:4,40:5,41:9,42:7,43:4,44:10,45:4,46:5,47:8,48:6,49:4,50:3
(0,(21)105)92	1.4734584181441972	1.0	2.4734584181441974	4.2555263982608095e-06	1:15,2:7,3:1,4:10,5:4,6:9,7:3,8:1,9:5,10:6,11:2,12:8,13:3,14:10,15:6,16:3,17:3,18:3,19:3,20:4,21:5,22:7,23:3,24:3,25:4,26:8,27:4,28:3,29:2,30:5,31:10,32:3,33:3,34:4,35:3,36:2,37:10,38:2,39:2,40:4,41:3,42:3,43:4,44:2,45:6,46:5,47:3,48:5,49:5,50:4
((0,21)105)92	1.480536275665537	1.0	2.480536275665537	4.107560005703549e-06	1:13,2:4,3:5,4:5,5:4,6:2,7:2,8:6,9:2,10:1,11:4,12:2,13:3,14:5,15:3,16:2,17:3,18:2,19:1,20:3,21:4,22:3,23:5,25:4,26:6,27:5,28:3,29:3,31:1,32:3,33:2,34:5,35:3,36:4,37:3,38:6,39:3,40:5,41:1,42:2,43:5,44:3,45:6,46:1,47:4,48:3,49:2,50:5
((0)105,21)92	1.540125407231502	1.0	2.540125407231502	3.049212991677224e-06	1:28,2:14,3:6,4:3,5:6,6:5,7:6,8:3,9:3,11:3,12:6,13:2,14:3,15:5,16:2,17:4,18:4,19:4,20:5,21:3,22:1,23:1,24:5,25:3,26:2,27:4,28:5,29:5,30:2,31:5,32:3,33:2,34:6,35:5,36:2,37:4,38:6,39:3,40:3,41:6,42:2,43:1,44:8,45:3,46:7,47:4,48:4,49:5,50:1
(105,(0)21)92	1.587025513841189	1.0	2.587025513841189	2.4118232307406568e-06	1:24,2:11,3:3,4:7,5:7,6:5,7:7,8:7,9:4,10:8,11:5,12:2,13:6,14:3,15:4,16:4,17:5,18:3,19:11,20:7,21:1,22:8,23:3,24:5,25:8,26:9,27:1,28:4,29:4,30:8,31:4,32:4,33:9,34:6,35:6,36:4,37:4,38:2,39:6,40:5,41:5,42:3,43:9,44:10,45:2,46:9,47:6,48:3,49:7,50:3
(((0)92)105)21	0.8376713368229385	2.0	2.8376713368229387	6.887712085676423e-07	1:5,2:1,3:1,4:1,5:2,8:2,9:2,10:1,11:2,14:2,16:2,17:3,19:1,22:3,23:1,24:2,25:2,30:2,31:2,32:2,34:1,35:2,36:1,37:1,38:2,39:1,40:3,41:1,42:1,43:4,44:1,45:2,47:1,48:2
(((21)0)105)92	0.8411166476764799	2.0	2.84111664767648	6.770076675096458e-07	1:6,3:11,4:4,5:5,6:8,7:6,8:5,9:10,10:7,11:2,12:6,13:4,14:7,15:7,16:2,17:5,18:5,19:4,20:2,21:3,22:5,23:7,24:6,25:5,26:4,27:5,28:6,29:11,30:10,31:2,32:4,33:7,34:6,35:4,36:3,37:4,38:6,39:9,40:4,41:3,42:7,43:7,44:7,45:6,46:6,47:8,48:5,49:8,50:6
(((0)105)21)92	0.8865717441532245	2.0	2.8865717441532244	5.393728718152367e-07	1:4,2:3,3:3,4:2,5:2,6:1,8:6,9:3,10:2,12:1,13:1,14:1,16:3,17:2,18:3,19:2,20:2,22:2,23:1,24:4,25:2,26:2,27:3,28:2,30:1,31:2,32:3,33:1,35:4,37:2,38:2,39:2,40:3,41:5,42:1,43:4,45:1,46:1,47:3,48:2,50:2
((21,92)0)105	1.1324392036661393	2.0	3.1324392036661393	1.5775919980566615e-07	1:13,2:17,3:6,4:13,5:17,6:18,7:15,8:5,9:11,10:14,11:15,12:9,13:13,14:7,15:14,16:17,17:13,18:12,19:10,20:12,21:13,22:8,23:9,24:8,25:10,26:17,27:9,28:16,29:11,30:7,31:20,32:7,33:11,34:10,35:15,36:9,37:7,38:17,39:11,40:12,41:10,42:12,43:13,44:10,45:12,46:22,47:12,48:10,49:11,50:15
(((92)21)0)105	0.33243885775953175	3.0	3.3324388577595316	5.8036466640062115e-08	1:12,2:50,3:58,4:44,5:76,6:66,7:65,8:76,9:69,10:56,11:79,12:57,13:60,14:74,15:65,16:69,17:65,18:60,19:70,20:66,21:71,22:57,23:73,24:65,25:59,26:69,27:71,28:71,29:77,30:70,31:56,32:63,33:63,34:57,35:52,36:72,37:63,38:83,39:66,40:55,41:75,42:46,43:60,44:54,45:70,46:57,47:71,48:68,49:69,50:62
(0,105,21)92	2.436690813377848	1.0	3.436690813377848	3.446043209518058e-08	1:42,2:5,3:9,4:9,5:5,6:3,7:11,8:11,9:9,10:10,11:12,12:8,13:15,14:6,15:9,16:4,17:5,18:8,19:13,20:1,21:10,22:11,23:11,24:5,25:7,26:8,27:9,28:8,29:5,30:10,31:10,32:11,33:10,34:12,35:7,36:17,37:12,38:7,39:10,40:5,41:10,42:8,43:9,44:10,45:5,46:9,47:6,48:8,49:11,50:13
(0,(92)105)21	1.5797255362878706	2.0	3.579725536287871	1.6854845049680757e-08	1:17,2:8,3:4,4:7,5:2,6:1,7:5,8:8,9:6,10:7,11:5,12:1,13:5,14:4,15:5,16:7,17:7,18:9,19:3,20:10,21:3,22:4,23:5,24:6,25:3,26:1,27:5,28:5,29:6,30:3,31:3,32:3,33:4,34:5,36:2,37:3,38:3,40:4,41:4,42:5,43:7,44:3,45:7,46:3,47:4,48:2,50:3
((21)0,105)92	1.5980431684148464	2.0	3.598043168414846	1.537972363610523e-08	1:37,2:5,3:6,4:2,5:2,6:5,7:5,8:1,9:2,10:2,11:3,12:4,13:4,14:3,15:2,16:2,17:4,18:4,19:4,20:4,21:6,22:5,23:2,24:4,25:2,26:4,27:2,28:5,29:4,30:4,31:3,32:3,33:3,34:1,35:5,36:9,37:4,38:4,39:7,40:7,41:5,42:6,43:7,44:4,45:4,46:6,47:10,48:3,49:3,50:5
((0,92)105)21	1.6136374723892875	2.0	3.6136374723892875	1.4226102408913371e-08	1:9,2:6,3:1,4:5,5:3,6:4,7:4,8:4,9:6,10:3,11:8,12:3,13:4,14:8,15:4,16:2,17:3,18:3,19:6,20:4,21:2,22:1,23:4,24:2,25:3,26:2,27:6,28:1,29:6,30:1,31:2,32:2,33:6,34:5,35:2,36:5,37:6,38:8,39:4,40:2,41:7,42:7,43:4,44:6,45:1,46:4,47:2,48:3,49:5,50:4
((0,105)21)92	1.6288259436181567	2.0	3.628825943618157	1.3185742323875083e-08	1:8,2:1,3:2,4:3,5:4,6:4,7:4,8:7,9:3,10:3,11:6,12:3,13:6,14:5,15:4,16:1,17:6,18:4,19:6,20:4,21:1,22:3,23:5,24:3,25:6,27:3,28:3,29:2,30:4,31:8,32:4,33:5,34:2,35:3,36:3,37:1,38:1,39:1,40:3,41:7,42:6,43:2,44:4,45:9,47:4,48:3,49:8,50:3
(0,(105)21)92	1.7439233377584542	2.0	3.743923337758454	7.416069116630663e-09	1:21,2:1,3:5,4:4,5:5,6:5,7:5,8:2,9:5,10:3,11:8,12:6,13:1,14:2,15:3,16:5,17:6,18:3,19:7,20:2,21:5,22:5,23:7,24:6,25:6,26:4,27:5,28:4,29:3,30:4,31:3,32:1,33:4,34:4,35:5,36:2,37:3,38:3,39:9,40:2,41:3,42:4,43:4,44:4,45:5,46:5,47:4,49:5,50:3
((0)105,92)21	1.750303319427807	2.0	3.750303319427807	7.183230698066394e-09	1:14,2:6,3:6,4:3,5:2,6:4,7:4,8:3,9:4,10:3,11:10,12:4,13:4,14:5,15:1,16:3,17:6,18:3,19:3,20:5,21:5,22:3,23:12,24:4,25:8,26:6,27:7,28:3,29:6,30:4,31:4,32:2,33:4,34:5,35:4,36:4,37:7,38:3,39:2,40:8,41:7,42:8,43:3,44:5,45:2,46:8,47:1,48:4,49:5,50:6
(105,(0)92)21	1.750503319427807	2.0	3.750503319427807	7.176051057786762e-09	1:25,2:14,3:4,4:4,5:2,6:5,7:2,8:7,9:6,10:12,11:5,12:2,13:7,14:2,15:7,16:4,17:2,18:6,19:5,20:2,21:5,22:4,23:4,24:8,25:4,26:4,27:2,28:3,29:7,30:4,31:2,32:5,33:3,34:5,35:3,36:3,37:3,38:4,39:1,40:6,41:5,42:2,43:4,44:2,45:8,46:3,47:2,48:1,49:8,50:3
((105)0,21)92	1.7982360779407063	2.0	3.7982360779407065	5.652429468957052e-09	1:17,2:1,3:3,4:1,5:4,6:2,7:3,8:5,9:4,10:3,11:8,12:2,13:5,14:6,15:2,16:4,17:4,18:1,19:4,20:7,21:3,23:3,24:6,25:4,26:3,27:6,28:5,29:4,30:4,31:2,32:2,33:3,34:6,35:2,36:4,37:5,38:6,39:5,40:7,41:3,42:3,43:3,44:6,45:2,46:5,47:3,48:7,49:3,50:6
(((21)105)0)92	0.8919840770051907	3.0	3.8919840770051906	3.5372353658134287e-09	1:8,3:1,5:4,6:1,7:3,8:1,9:1,10:3,11:1,14:1,15:2,16:3,17:2,18:2,19:1,20:1,21:1,22:4,23:1,24:1,25:4,26:1,28:2,29:1,30:2,31:1,33:2,34:3,35:2,36:2,38:2,40:1,41:1,42:1,43:1,44:1,45:1,46:1,47:1,48:4,49:1,50:2
(((0)105)92)21	0.9243860048947135	3.0	3.9243860048947132	3.0081817078949376e-09	1:7,2:39,3:42,4:72,5:66,6:52,7:71,8:61,9:76,10:67,11:67,12:68,13:52,14:58,15:71,16:74,17:48,18:73,19:67,20:66,21:70,22:72,23:59,24:70,25:48,26:64,27:71,28:58,29:58,30:63,31:61,32:65,33:74,34:62,35:72,36:69,37:74,38:64,39:69,40:66,41:53,42:47,43:79,44:67,45:65,46:62,47:56,48:76,49:75,50:66
(((21)92)105)0	0.9408844843354767	3.0	3.9408844843354767	2.7699891833644152e-09	1:6,3:2,4:4,5:2,7:3,8:1,9:1,10:2,11:3,12:2,13:2,14:2,15:1,20:1,21:4,22:1,23:2,24:1,25:1,26:1,27:3,29:1,30:2,32:1,33:3,34:4,36:2,43:2,44:1,45:2,46:2,47:3,48:4,49:1,50:3
(((105)0)21)92	0.9877845909451636	3.0	3.9877845909451635	2.190966744393898e-09	1:8,2:3,3:7,4:2,5:1,6:2,7:4,8:1,9:1,10:2,11:1,12:3,13:4,14:3,16:5,17:3,19:3,21:1,22:3,24:1,25:1,27:1,28:5,29:1,30:2,31:5,32:1,33:1,34:2,35:2,36:1,37:2,39:1,40:4,43:4,45:1,46:2,47:2,48:4,49:2,50:3
(((92)0)105)21	1.035096234039863	3.0	4.035096234039863	1.7294175348263945e-09	1:8,2:1,3:1,4:2,5:2,6:1,7:2,8:1,9:1,10:1,11:2,12:3,13:2,14:3,15:2,16:1,17:1,18:3,19:2,20:5,21:2,22:1,23:3,24:3,25:2,26:2,27:4,28:3,29:3,30:3,31:2,32:2,33:5,35:3,38:3,39:4,42:2,43:4,44:3,45:1,46:2,48:3,49:2,50:3
(0,105,92)21	2.6271777861423846	2.0	4.627177786142385	8.95800093555093e-11	1:40,2:8,3:15,4:9,5:11,6:13,7:16,8:2,9:11,10:8,11:7,12:15,13:8,14:6,15:6,16:14,17:10,18:8,19:6,20:9,21:5,22:14,23:11,24:4,25:9,26:7,27:10,28:8,29:7,30:6,31:10,32:9,33:9,34:10,35:7,36:9,37:12,38:1,39:10,40:4,41:4,42:8,43:12,44:13,45:6,46:8,47:5,48:8,49:10,50:9
((21,92)105)0	1.6809021036653349	3.0	4.680902103665335	6.847786796100903e-11	1:14,3:5,4:3,5:4,6:5,7:2,8:7,9:7,10:5,11:1,12:6,13:3,14:8,15:4,16:5,17:3,18:2,19:5,20:3,21:5,22:1,23:4,24:8,25:7,26:6,27:3,28:4,29:13,30:7,31:4,32:10,33:2,34:7,35:4,36:1,37:3,38:5,39:4,40:6,41:3,42:2,43:6,45:9,46:10,47:6,48:2,49:6,50:5
((0,105)92)21	1.6813125256330799	3.0	4.68131252563308	6.833748794130435e-11	1:13,2:4,4:4,5:4,6:3,7:2,8:3,9:1,10:1,11:1,13:4,14:2,16:3,17:3,18:7,19:5,20:3,21:1,22:5,23:2,24:3,25:2,26:4,27:2,28:3,29:5,30:2,31:2,32:5,33:4,34:4,36:1,37:4,38:2,39:1,40:3,41:3,42:3,43:3,44:3,45:1,46:4,47:4,48:3,49:6,50:3
((92)105,21)0	1.6983017429184954	3.0	4.6983017429184954	6.277220634192134e-11	1:18,2:5,3:6,4:3,5:1,6:7,7:4,8:3,9:4,10:6,11:4,12:2,13:7,14:6,15:3,16:2,17:2,18:3,19:5,20:2,21:4,22:7,23:1,24:4,25:1,26:5,27:3,28:4,29:6,30:7,31:1,32:4,33:2,34:12,35:5,36:6,37:3,38:2,39:2,40:2,41:2,42:4,43:1,44:1,45:3,46:6,47:3,48:3,49:5,50:3
((105,21)0)92	1.6985017429184954	3.0	4.698501742918495	6.270946551122332e-11	1:17,2:4,3:7,4:4,5:6,6:4,7:5,8:5,9:7,10:5,11:4,12:5,13:6,14:4,15:1,16:4,17:8,18:7,19:4,20:8,21:5,23:10,24:6,25:6,26:7,27:2,28:2,29:5,30:5,31:6,32:5,33:6,34:4,35:9,36:7,37:5,38:8,39:5,40:7,41:7,42:1,43:7,44:4,45:6,46:1,47:4,48:6,49:2,50:4
(0,(105)92)21	1.7628018386733795	3.0	4.762801838673379	4.546814280326271e-11	1:13,2:19,3:6,4:5,5:3,6:5,7:6,8:3,9:5,10:3,11:6,12:5,13:7,14:2,15:3,16:7,17:3,18:4,19:1,20:2,21:3,22:5,23:5,24:3,25:5,26:3,27:6,28:4,29:6,30:8,31:4,32:8,33:3,34:3,35:5,36:4,37:3,38:4,39:7,40:4,41:5,42:2,43:3,44:2,45:2,46:4,47:5,48:5,49:2,50:5
((92)0,105)21	1.7773504335047952	3.0	4.777350433504795	4.227808845459262e-11	1:21,2:7,3:3,4:6,5:5,6:3,7:5,8:8,9:5,10:5,11:1,12:1,13:4,14:4,15:6,16:3,17:3,18:6,19:3,20:3,21:7,22:4,23:1,24:7,25:3,26:2,27:4,28:3,29:3,30:5,31:9,32:7,33:4,34:4,35:11,36:3,37:4,38:7,39:2,40:5,41:3,42:4,44:3,45:5,46:3,47:6,48:4,49:6,50:6
((21)105,92)0	1.8031503514682297	3.0	4.803150351468229	3.716135430756644e-11	1:23,2:6,3:4,4:3,5:4,6:7,7:1,8:4,9:8,10:7,11:2,12:3,13:3,14:5,15:7,16:8,17:4,18:4,19:6,20:5,21:2,22:3,23:3,24:4,25:6,26:4,27:3,28:6,29:7,30:6,31:4,32:2,33:1,34:3,35:3,36:5,37:2,38:3,39:2,40:3,41:5,42:5,43:4,44:5,45:4,46:2,47:4,48:3,49:6,50:6
(105,(21)92)0	1.8522507587985158	3.0	4.852250758798515	2.9071761909497796e-11	1:23,2:10,3:6,4:3,5:7,6:4,7:3,8:4,9:2,10:5,11:4,12:7,13:3,14:8,15:1,16:6,17:4,18:8,19:3,21:3,22:4,23:5,24:6,25:6,26:9,27:2,28:6,30:5,31:6,32:4,33:6,34:7,35:5,36:4,37:3,38:6,39:4,40:5,41:5,42:2,43:7,44:4,45:3,46:4,47:8,48:5,49:5,50:2
(((21)105)92)0	0.9141567946227553	4.0	4.914156794622755	2.1332615438707784e-11	1:7,2:4,3:4,4:10,5:5,6:4,7:5,8:5,9:5,10:3,11:4,12:6,13:12,14:3,15:6,16:4,17:5,18:5,19:9,20:5,21:3,22:7,23:1,24:4,25:3,26:5,27:3,28:1,29:4,30:5,31:3,32:3,33:2,34:8,35:9,36:6,37:5,38:6,39:8,40:5,41:7,42:7,43:8,44:6,45:10,46:7,47:8,48:6,49:7,50:6
((105)0,92)21	1.9380540182727395	3.0	4.938054018272739	1.8930057913463376e-11	1:18,2:11,3:5,4:2,5:1,6:4,7:4,8:8,9:4,10:4,11:3,12:5,13:4,14:4,15:5,16:2,17:7,18:2,19:3,20:5,21:2,22:8,23:6,24:4,25:6,26:5,27:5,28:2,29:6,30:4,31:1,32:5,33:4,34:1,35:3,36:10,37:5,38:6,39:9,40:7,41:3,42:5,43:1,44:3,45:6,46:7,47:8,48:2,49:1,50:3
(((92)105)0)21	0.9386841836148776	4.0	4.938684183614877	1.8870506448794874e-11	1:6,2:3,3:2,4:2,5:3,6:5,7:1,11:3,12:2,13:2,14:2,15:1,16:1,17:4,18:2,19:1,20:1,21:1,23:2,24:3,25:1,26:2,27:2,28:2,29:1,30:1,31:3,32:1,33:2,34:2,35:2,36:1,37:1,38:2,39:1,41:1,42:2,44:1,48:1,49:2
(((105)21)0)92	0.9622560870935876	4.0	4.9622560870935875	1.677250067099573e-11	1:7,3:1,4:2,5:1,6:1,7:1,8:4,9:2,10:3,11:3,12:1,13:1,14:1,15:2,16:4,17:1,19:2,22:1,23:1,26:5,27:2,28:2,29:3,30:2,31:2,32:3,36:1,37:2,38:2,39:3,41:2,42:1,43:2,45:1,46:3,47:4,48:1,49:2,50:1
(((92)21)105)0	1.0996381844940735	4.0	5.099638184494074	8.438716245778334e-12	1:10,4:2,5:1,6:2,7:3,8:4,10:2,11:3,12:2,13:2,14:1,16:1,17:1,18:3,20:2,21:1,22:1,23:1,24:1,26:1,27:5,28:3,29:1,31:2,32:1,33:2,35:1,36:2,37:3,38:3,39:2,40:1,41:1,42:2,43:3,44:4,45:1,46:1,47:1,48:1,49:1,50:2
(((105)0)92)21	1.0998381844940734	4.0	5.0998381844940734	8.430281747484597e-12	1:4,2:5,3:3,4:2,5:3,6:2,7:4,8:3,9:5,10:4,11:5,12:6,13:4,14:4,15:10,16:3,17:6,18:7,19:4,20:5,21:4,22:5,23:4,24:3,25:9,26:6,27:6,28:5,29:8,30:3,31:5,32:4,33:6,34:6,35:8,36:3,37:10,38:4,39:8,40:3,41:5,42:7,43:6,44:7,45:4,46:6,47:5,48:9,49:5,50:7
(105,21,92)0	2.7346840621907313	3.0	5.734684062190731	3.5260769169791634e-13	1:50,2:10,3:11,4:6,5:9,6:10,7:5,8:7,9:9,10:10,11:11,12:9,13:8,14:6,15:9,16:8,17:8,18:7,19:5,20:5,21:12,22:7,23:8,24:7,25:14,26:10,27:10,28:11,29:7,30:6,31:9,32:9,33:11,34:4,35:10,36:7,37:3,38:11,39:15,40:3,41:5,42:6,43:8,44:10,45:10,46:5,47:7,48:14,49:7,50:6
((105,21)92)0	1.7377503044484266	4.0	5.737750304448427	3.4724301723179957e-13	1:14,2:2,3:5,4:1,5:3,6:2,7:4,8:3,10:2,11:3,12:3,13:4,14:3,15:3,16:2,17:7,18:6,19:4,20:6,21:2,22:3,23:3,24:3,25:2,26:6,27:2,28:4,29:1,30:4,31:3,32:4,33:6,34:3,35:3,36:2,37:4,38:2,39:5,40:2,41:4,42:2,43:1,44:7,45:3,46:3,47:1,48:3,49:2,50:3
(21,(105)92)0	1.84897110107197	4.0	5.84897110107197	1.9912263467201728e-13	1:26,2:11,3:4,4:4,5:1,6:3,7:5,8:2,9:6,10:5,11:2,12:5,14:2,15:8,16:6,17:2,18:5,19:3,20:4,21:3,22:3,23:8,24:2,25:4,26:3,27:3,28:6,29:4,30:4,31:1,32:10,33:6,34:5,35:4,36:7,37:3,38:7,39:1,40:7,41:5,42:6,43:5,44:5,45:3,46:1,47:6,48:3,49:4,50:2
((105,92)0)21	1.8500504580779167	4.0	5.8500504580779165	1.9805090716082937e-13	1:23,2:2,3:4,4:7,5:3,6:8,7:4,8:3,9:2,10:6,11:3,12:6,13:5,14:5,15:9,16:6,17:5,18:5,19:1,20:5,21:7,22:4,23:9,24:9,25:7,26:7,27:1,28:8,29:1,30:8,31:7,32:3,33:4,34:3,35:7,36:3,37:7,38:5,39:6,40:8,41:6,42:5,43:7,44:5,45:4,46:3,47:4,48:2,49:9,50:5
(105,(92)21)0	1.9061558504073781	4.0	5.906155850407378	1.4960479884604554e-13	1:23,2:4,3:2,4:4,5:5,6:4,7:4,8:2,9:3,10:2,11:3,12:5,13:8,14:2,15:2,16:2,17:6,18:3,19:5,20:10,21:2,22:3,23:4,24:5,25:4,26:6,27:3,28:3,29:6,30:3,31:4,32:6,33:8,34:1,35:4,36:4,37:4,38:5,39:1,40:3,41:6,42:4,43:5,44:4,45:4,46:2,47:3,48:1,49:5,50:3
(((105)92)0)21	0.9610569012324423	5.0	5.961056901232443	1.1369186937541045e-13	1:11,5:1,6:2,8:3,9:1,10:2,12:3,13:3,14:2,16:2,18:4,19:2,21:2,25:3,27:1,28:3,29:1,31:1,32:3,33:3,35:1,36:2,37:1,39:2,40:2,41:4,42:1,44:1,45:1,48:1,49:1,50:3
(((92)105)21)0	0.9620560870935876	5.0	5.962056087093588	1.1312528930880805e-13	1:5,2:3,4:5,5:2,6:2,7:4,8:2,9:7,10:2,11:1,12:1,13:1,14:4,15:1,16:3,18:5,19:2,20:6,21:4,22:2,23:5,24:1,25:2,26:2,27:6,28:3,29:5,30:2,31:5,32:2,34:2,35:6,36:5,37:1,38:4,40:7,41:3,42:1,43:3,44:3,45:5,46:1,47:1,48:4,50:3
((105)21,92)0	1.9699105404890778	4.0	5.969910540489078	1.0876870905563766e-13	1:15,2:5,3:7,4:6,5:3,6:2,7:5,8:3,9:7,10:7,11:8,12:3,13:3,14:4,15:9,16:3,17:4,18:5,19:3,20:3,21:9,22:4,23:4,24:4,25:5,26:6,28:4,29:8,30:6,31:4,32:5,33:4,34:6,35:3,36:3,37:4,38:3,39:4,40:5,41:4,42:7,43:4,44:4,45:3,46:9,47:2,48:6,49:2,50:8
(((105)21)92)0	1.084196641370149	5.0	6.0841966413701485	6.142354238071207e-14	1:5,2:37,3:55,4:67,5:58,6:71,7:65,8:65,9:59,10:69,11:65,12:57,13:74,14:56,15:72,16:66,17:64,18:65,19:71,20:59,21:65,22:65,23:56,24:76,25:65,26:59,27:70,28:57,29:56,30:72,31:54,32:55,33:66,34:70,35:65,36:50,37:54,38:57,39:61,40:64,41:58,42:57,43:61,44:63,45:66,46:58,47:67,48:58,49:77,50:50
((105,92)21)0	1.8748880696984562	5.0	6.874888069698456	1.1786103163270963e-15	1:14,2:2,3:1,4:5,5:2,6:5,7:3,8:3,9:7,10:4,11:6,12:7,14:5,15:4,16:4,17:6,18:1,19:4,20:3,21:5,22:4,23:5,24:6,25:5,26:5,27:5,28:4,29:5,30:4,31:5,32:1,33:5,34:4,35:7,36:2,37:4,38:4,39:5,40:3,41:7,42:7,43:3,44:5,45:6,46:4,47:3,48:2,49:4,50:3
(((105)92)21)0	1.0489707551653626	6.0	7.048970755165363	4.935765177729597e-16	1:4,2:2,3:1,4:3,5:4,6:2,7:1,8:1,9:2,10:2,11:2,12:2,13:1,15:1,16:1,18:3,19:2,20:1,21:2,22:1,23:1,24:1,25:1,27:3,28:2,29:1,30:1,31:3,33:2,34:3,35:4,36:1,37:3,40:1,41:2,42:2,43:1,47:2,48:1,49:1,50:3
