# generation count = 50 
#
generation.index	generationHighestFitness	generationMedianFitness	populationHighestFitness	populationMedianFitness
1	0.6187818017205856	7.416069116630663e-09	0.6187818017205856	7.416069116630663e-09
2	0.6187818017205856	0.00014816855900427482	0.6187818017205856	5.8036466640062115e-08
3	0.6187818017205856	0.0023809146999005572	0.6187818017205856	4.107560005703549e-06
4	0.6187818017205856	0.0023809146999005572	0.6187818017205856	3.602311629266767e-05
5	0.6187818017205856	0.0023809146999005572	0.6187818017205856	5.5001704770595606e-05
6	0.6187818017205856	0.00014816855900427482	0.6187818017205856	7.457133087933859e-05
7	0.6187818017205856	0.0023809146999005572	0.6187818017205856	0.00014816855900427482
8	0.6187818017205856	0.0023809146999005572	0.6187818017205856	0.00014816855900427482
9	0.6187818017205856	0.00024837047504884177	0.6187818017205856	0.00014816855900427482
10	0.6187818017205856	0.0023809146999005572	0.6187818017205856	0.00014816855900427482
11	0.6187818017205856	0.0023809146999005572	0.6187818017205856	0.00014816855900427482
12	0.6187818017205856	0.00024837047504884177	0.6187818017205856	0.00014816855900427482
13	0.6187818017205856	0.0023809146999005572	0.6187818017205856	0.00014816855900427482
14	0.6187818017205856	0.0023809146999005572	0.6187818017205856	0.00014816855900427482
15	0.6187818017205856	0.0023809146999005572	0.6187818017205856	0.00014816855900427482
16	0.6187818017205856	0.0023809146999005572	0.6187818017205856	0.00014816855900427482
17	0.6187818017205856	0.0023809146999005572	0.6187818017205856	0.00014816855900427482
18	0.6187818017205856	0.00014816855900427482	0.6187818017205856	0.00014816855900427482
19	0.6187818017205856	0.00014816855900427482	0.6187818017205856	0.00014816855900427482
20	0.6187818017205856	0.0023809146999005572	0.6187818017205856	0.00014816855900427482
21	0.6187818017205856	0.0023809146999005572	0.6187818017205856	0.00014816855900427482
22	0.6187818017205856	0.0023809146999005572	0.6187818017205856	0.00014816855900427482
23	0.6187818017205856	0.00014816855900427482	0.6187818017205856	0.00014816855900427482
24	0.6187818017205856	0.0023809146999005572	0.6187818017205856	0.00014816855900427482
25	0.6187818017205856	0.00024837047504884177	0.6187818017205856	0.00014816855900427482
26	0.6187818017205856	0.0023809146999005572	0.6187818017205856	0.00014816855900427482
27	0.6187818017205856	0.0023809146999005572	0.6187818017205856	0.00014816855900427482
28	0.6187818017205856	0.00024837047504884177	0.6187818017205856	0.00024837047504884177
29	0.6187818017205856	0.00014816855900427482	0.6187818017205856	0.00014816855900427482
30	0.6187818017205856	0.00014816855900427482	0.6187818017205856	0.00014816855900427482
31	0.6187818017205856	0.00024837047504884177	0.6187818017205856	0.00014816855900427482
32	0.6187818017205856	0.00024837047504884177	0.6187818017205856	0.00014816855900427482
33	0.6187818017205856	0.0023809146999005572	0.6187818017205856	0.00024837047504884177
34	0.6187818017205856	0.00014816855900427482	0.6187818017205856	0.00024837047504884177
35	0.6187818017205856	0.00014816855900427482	0.6187818017205856	0.00014816855900427482
36	0.6187818017205856	0.0023809146999005572	0.6187818017205856	0.00024837047504884177
37	0.6187818017205856	0.00024837047504884177	0.6187818017205856	0.00024837047504884177
38	0.6187818017205856	0.00014816855900427482	0.6187818017205856	0.00024837047504884177
39	0.6187818017205856	0.0013146425874746995	0.6187818017205856	0.00024837047504884177
40	0.6187818017205856	0.00024837047504884177	0.6187818017205856	0.00024837047504884177
41	0.6187818017205856	0.00024837047504884177	0.6187818017205856	0.00024837047504884177
42	0.6187818017205856	0.0023809146999005572	0.6187818017205856	0.00024837047504884177
43	0.6187818017205856	0.00019826951702655828	0.6187818017205856	0.00024837047504884177
44	0.6187818017205856	0.0023809146999005572	0.6187818017205856	0.00024837047504884177
45	0.6187818017205856	0.00014816855900427482	0.6187818017205856	0.00024837047504884177
46	0.6187818017205856	0.0023809146999005572	0.6187818017205856	0.00024837047504884177
47	0.6187818017205856	0.0023809146999005572	0.6187818017205856	0.00024837047504884177
48	0.6187818017205856	0.00024837047504884177	0.6187818017205856	0.00024837047504884177
49	0.6187818017205856	0.0023809146999005572	0.6187818017205856	0.00024837047504884177
50	0.6187818017205856	0.00024837047504884177	0.6187818017205856	0.00024837047504884177
############################################################
Topology	MassCost	TopologyCost	Cost	Fitness	appearances(generationID:count)
(((0)21)92)105	0.09600051393997294	0.0	0.09600051393997294	0.6187818017205856	1:5,2:146,3:209,4:196,5:217,6:205,7:206,8:209,9:227,10:195,11:225,12:177,13:216,14:226,15:208,16:208,17:211,18:175,19:191,20:216,21:207,22:215,23:177,24:219,25:203,26:203,27:209,28:215,29:205,30:203,31:208,32:183,33:209,34:194,35:178,36:216,37:216,38:175,39:203,40:185,41:200,42:208,43:198,44:209,45:205,46:199,47:223,48:199,49:213,50:195
(21,(0)92)105	0.7893180266601442	0.0	0.7893180266601442	0.019320469808163012	1:21,2:33,3:10,4:14,5:11,6:7,7:7,8:8,9:11,10:11,11:11,12:8,13:14,14:8,15:7,16:6,17:6,18:11,19:7,20:10,21:11,22:7,23:8,24:9,25:9,26:11,27:9,28:7,29:5,30:9,31:7,32:11,33:9,34:6,35:7,36:14,37:10,38:8,39:12,40:8,41:7,42:7,43:6,44:13,45:3,46:7,47:9,48:9,49:8,50:7
(0,(21)92)105	0.8252665428966349	0.0	0.8252665428966349	0.016141967612671747	1:15,2:62,3:47,4:58,5:58,6:42,7:46,8:52,9:51,10:41,11:51,12:47,13:48,14:41,15:57,16:43,17:57,18:49,19:47,20:46,21:53,22:49,23:39,24:50,25:51,26:37,27:49,28:57,29:41,30:37,31:50,32:47,33:53,34:49,35:46,36:49,37:51,38:49,39:57,40:49,41:48,42:51,43:40,44:53,45:58,46:55,47:40,48:55,49:51,50:48
((0)21,92)105	0.8360181332698311	0.0	0.8360181332698311	0.01529712056977484	1:22,2:68,3:45,4:45,5:44,6:35,7:60,8:47,9:49,10:51,11:52,12:57,13:42,14:54,15:41,16:51,17:42,18:57,19:50,20:41,21:52,22:37,23:42,24:45,25:41,26:54,27:55,28:51,29:44,30:49,31:46,32:65,33:52,34:45,35:39,36:50,37:37,38:46,39:41,40:50,41:55,42:54,43:43,44:32,45:43,46:58,47:42,48:56,49:60,50:54
((0,21)92)105	0.9064520009355156	0.0	0.9064520009355156	0.010756339205466795	1:12,2:63,3:52,4:51,5:49,6:51,7:52,8:50,9:32,10:61,11:50,12:43,13:53,14:51,15:45,16:52,17:49,18:56,19:52,20:53,21:50,22:59,23:55,24:50,25:39,26:53,27:43,28:47,29:48,30:50,31:49,32:47,33:46,34:45,35:46,36:53,37:50,38:60,39:48,40:52,41:50,42:56,43:49,44:55,45:52,46:49,47:43,48:40,49:49,50:50
(((21)0)92)105	0.12478475027064907	1.0	1.1247847502706492	0.003610446784220991	1:8,2:66,3:84,4:67,5:72,6:76,7:76,8:76,9:68,10:80,11:82,12:88,13:73,14:75,15:89,16:80,17:73,18:71,19:73,20:89,21:95,22:69,23:90,24:81,25:79,26:86,27:75,28:70,29:85,30:70,31:76,32:78,33:75,34:77,35:85,36:78,37:69,38:76,39:76,40:83,41:69,42:82,43:78,44:86,45:74,46:80,47:81,48:85,49:71,50:71
(((0)92)21)105	0.20805410748888264	1.0	1.2080541074888826	0.0023809146999005572	1:8,2:36,3:64,4:73,5:55,6:70,7:61,8:65,9:60,10:72,11:62,12:70,13:73,14:54,15:57,16:67,17:77,18:70,19:59,20:62,21:70,22:69,23:67,24:63,25:77,26:75,27:69,28:49,29:60,30:61,31:57,32:62,33:74,34:78,35:60,36:54,37:65,38:70,39:63,40:71,41:62,42:75,43:74,44:65,45:43,46:78,47:66,48:55,49:64,50:72
(0,21,92)105	1.660117815096266	0.0	1.660117815096266	0.00024837047504884177	1:38,2:22,3:6,4:15,5:13,6:8,7:10,8:8,9:9,10:7,11:6,12:12,13:9,14:5,15:2,16:10,17:13,18:9,19:4,20:8,21:10,22:11,23:12,24:10,25:8,26:7,27:2,28:10,29:7,30:5,31:9,32:8,33:5,34:5,35:12,36:7,37:13,38:7,39:5,40:10,41:12,42:13,43:12,44:13,45:10,46:8,47:5,48:11,49:11,50:9
(((0)21)105)92	0.7634320040155177	1.0	1.7634320040155176	0.00014816855900427482	1:7,2:45,3:58,4:70,5:60,6:59,7:70,8:60,9:57,10:54,11:44,12:54,13:65,14:70,15:72,16:68,17:53,18:52,19:80,20:61,21:62,22:79,23:61,24:76,25:61,26:63,27:57,28:74,29:66,30:62,31:68,32:73,33:51,34:65,35:74,36:60,37:69,38:65,39:68,40:63,41:82,42:58,43:66,44:54,45:64,46:59,47:57,48:62,49:54,50:62
((21)0,92)105	0.900750885836998	1.0	1.900750885836998	7.457133087933859e-05	1:26,2:18,3:4,4:6,5:7,6:7,7:10,8:11,9:13,10:7,11:15,12:10,13:9,14:9,15:7,16:9,17:13,18:10,19:8,20:10,21:5,22:7,23:15,24:11,25:9,26:7,27:14,28:11,29:8,30:5,31:6,32:5,33:6,34:6,35:10,36:11,37:9,38:5,39:11,40:10,41:6,42:10,43:9,44:2,45:14,46:9,47:8,48:10,49:8,50:12
((92)0,21)105	0.9616292754766306	1.0	1.9616292754766307	5.5001704770595606e-05	1:25,2:9,3:10,4:3,5:4,6:3,7:4,8:5,9:4,10:10,11:9,12:5,13:7,14:4,15:3,16:9,17:4,18:10,19:5,20:2,21:11,22:4,23:5,24:5,25:6,26:4,27:6,28:6,29:9,30:9,31:5,32:6,33:6,34:10,35:6,36:7,37:3,38:5,39:6,40:7,41:5,42:4,43:6,44:5,45:2,46:6,47:4,48:5,49:4,50:6
(0,(92)21)105	0.9718584857485887	1.0	1.9718584857485886	5.225931378517976e-05	1:26,2:9,3:3,4:10,5:8,6:9,7:5,8:5,9:4,10:6,11:1,12:5,13:8,14:4,15:6,16:9,17:5,18:6,19:4,20:5,21:9,22:6,23:8,24:6,25:4,26:5,27:6,28:7,29:3,30:7,31:5,32:4,33:5,34:4,35:3,36:7,37:4,38:4,39:6,40:7,41:1,42:10,43:8,44:1,45:6,46:7,47:7,48:4,49:7,50:7
((0,92)21)105	1.0462699412675487	1.0	2.046269941267549	3.602311629266767e-05	1:14,2:12,3:10,4:8,5:11,6:14,7:13,8:6,9:9,10:8,11:8,12:6,13:4,14:9,15:11,16:7,17:11,18:8,19:7,20:6,21:9,22:9,23:11,24:12,25:8,26:12,27:9,28:13,29:12,30:11,31:11,32:15,33:8,34:7,35:12,36:8,37:15,38:8,39:11,40:12,41:12,42:8,43:9,44:6,45:8,46:9,47:14,48:9,49:6,50:10
(((92)0)21)105	0.24452500382661146	2.0	2.2445250038266114	1.3368290724250908e-05	1:10,2:10,3:6,4:9,5:11,6:10,7:6,8:9,9:14,10:9,11:7,12:9,13:13,14:12,15:14,16:11,17:17,18:10,19:10,20:2,21:3,22:2,23:12,24:6,25:8,26:9,27:7,28:6,29:11,30:8,31:11,32:6,33:7,34:8,35:10,36:7,37:4,38:9,39:11,40:10,41:14,42:7,43:8,44:12,45:11,46:3,47:10,48:12,49:9,50:7
(((21)92)0)105	0.24672530454721053	2.0	2.2467253045472106	1.3222025469785723e-05	1:7,2:6,3:4,4:8,5:3,6:8,7:6,8:7,9:2,10:11,11:5,12:4,13:7,14:5,15:7,16:9,17:6,18:8,19:10,20:13,21:6,22:6,23:5,24:3,25:1,26:4,27:7,28:8,29:8,30:4,31:4,32:2,33:14,34:5,35:9,36:6,37:8,38:4,39:4,40:5,41:4,42:9,43:6,44:5,45:3,46:2,47:10,48:5,49:9,50:4
(0,(21)105)92	1.4734584181441972	1.0	2.4734584181441974	4.2555263982608095e-06	1:11,2:5,3:9,4:7,5:7,6:4,7:4,8:5,9:4,10:6,11:5,12:4,13:4,14:5,15:4,16:2,17:5,18:4,19:1,20:4,21:6,22:6,23:6,24:4,25:5,26:2,27:6,28:8,29:6,30:5,31:2,32:2,33:3,34:10,35:9,36:7,37:4,38:6,39:4,40:5,41:9,42:6,43:6,44:4,45:5,46:4,47:7,48:2,49:6,50:4
((0,21)105)92	1.480536275665537	1.0	2.480536275665537	4.107560005703549e-06	1:10,2:8,3:1,4:6,6:2,7:1,8:3,10:1,11:2,12:2,13:5,14:7,15:5,16:3,18:1,19:5,20:2,21:3,22:4,23:1,24:3,25:6,26:3,27:1,28:4,29:3,30:5,31:3,32:4,33:1,34:4,35:5,37:2,39:4,40:4,41:1,42:4,43:2,44:2,45:5,46:2,47:2,48:4,49:6,50:2
((0)105,21)92	1.540125407231502	1.0	2.540125407231502	3.049212991677224e-06	1:22,2:5,3:7,4:6,5:2,6:8,7:7,8:4,9:5,10:2,11:2,12:4,13:5,14:6,15:2,16:4,17:7,18:4,19:5,20:4,21:6,22:7,23:3,25:3,26:4,27:5,28:5,29:3,30:3,31:2,32:2,33:5,34:9,35:7,36:3,37:3,38:5,39:2,40:3,41:1,42:2,43:5,44:5,45:8,46:7,47:6,48:2,49:4,50:7
(105,(0)21)92	1.587025513841189	1.0	2.587025513841189	2.4118232307406568e-06	1:21,2:3,3:11,4:1,5:3,6:6,7:2,8:4,9:5,10:6,11:4,12:7,13:6,14:2,15:3,16:4,17:3,18:7,19:3,20:6,21:5,22:4,23:6,24:6,25:4,26:4,27:3,28:4,29:3,30:5,31:4,32:5,33:4,34:6,35:3,36:3,37:6,38:3,39:3,40:3,41:4,42:5,43:4,44:5,45:7,46:7,47:5,48:4,49:5,50:4
(((0)92)105)21	0.8376713368229385	2.0	2.8376713368229387	6.887712085676423e-07	1:7,2:1,3:3,4:2,5:1,6:3,7:3,8:1,9:1,10:2,11:2,12:2,13:4,15:2,17:1,18:1,19:1,20:2,21:1,23:1,24:3,26:2,27:1,28:1,29:1,30:3,31:2,32:1,33:2,35:1,36:1,37:1,38:1,39:3,41:1,43:1,44:1,45:1,46:2,47:2,48:1,49:3
(((21)0)105)92	0.8411166476764799	2.0	2.84111664767648	6.770076675096458e-07	1:7,2:2,3:3,4:5,5:12,6:6,7:7,8:10,9:6,10:6,11:12,12:6,13:6,14:3,15:6,16:7,17:3,18:6,19:11,20:8,21:4,22:6,23:5,24:6,25:6,26:7,27:8,28:8,29:5,30:7,31:8,32:7,33:3,34:5,35:7,36:7,37:8,38:5,39:7,40:2,41:4,42:5,43:3,44:10,45:6,46:2,47:6,48:5,49:3,50:3
(((0)105)21)92	0.8865717441532245	2.0	2.8865717441532244	5.393728718152367e-07	1:9,3:1,4:2,5:1,7:2,8:2,9:3,10:1,11:3,12:1,13:1,14:1,15:1,16:1,17:4,18:3,20:1,22:3,23:2,24:2,25:2,26:1,28:1,29:1,30:1,31:3,32:2,33:5,34:1,35:2,36:1,37:1,38:2,39:3,40:1,41:2,42:1,44:3,45:1,46:1,47:1,48:1
((21,92)0)105	1.1324392036661393	2.0	3.1324392036661393	1.5775919980566615e-07	1:13,2:9,3:6,4:15,5:11,6:13,7:12,8:12,9:12,10:17,11:15,12:18,13:12,14:15,15:7,16:8,17:12,18:13,19:11,20:20,21:13,22:10,23:14,24:6,25:5,26:13,27:15,28:7,29:19,30:15,31:14,32:15,33:11,34:11,35:16,36:13,37:20,38:13,39:11,40:11,41:12,42:11,43:9,44:9,45:11,46:12,47:12,48:8,49:17,50:10
(((92)21)0)105	0.33243885775953175	3.0	3.3324388577595316	5.8036466640062115e-08	1:11,2:43,3:61,4:62,5:74,6:85,7:54,8:76,9:68,10:77,11:53,12:66,13:54,14:66,15:62,16:53,17:56,18:72,19:70,20:60,21:60,22:60,23:73,24:51,25:63,26:63,27:63,28:66,29:69,30:73,31:74,32:73,33:65,34:63,35:66,36:57,37:59,38:77,39:69,40:64,41:62,42:69,43:72,44:73,45:68,46:78,47:55,48:66,49:55,50:70
(0,105,21)92	2.436690813377848	1.0	3.436690813377848	3.446043209518058e-08	1:48,2:10,3:6,4:8,5:7,6:9,7:8,8:12,9:10,10:8,11:5,12:11,13:12,14:8,15:11,16:11,17:9,18:9,19:12,20:9,21:8,22:7,23:8,24:12,25:6,26:7,27:10,28:5,29:9,30:8,31:12,32:10,33:17,34:11,35:6,36:8,37:15,38:13,39:5,40:9,41:8,42:7,43:12,44:7,45:7,46:8,47:13,48:10,49:8,50:5
(0,(92)105)21	1.5797255362878706	2.0	3.579725536287871	1.6854845049680757e-08	1:20,2:5,3:7,4:6,5:3,6:5,7:6,8:3,9:6,10:3,11:4,12:2,13:5,14:3,15:3,16:4,17:5,18:7,19:4,20:4,21:4,22:2,23:5,24:5,25:5,26:4,27:7,28:4,29:8,30:2,31:2,32:2,33:4,34:1,35:2,36:5,37:4,38:4,39:5,40:4,41:6,42:5,43:5,44:1,45:5,46:7,47:1,48:4,49:3,50:4
((21)0,105)92	1.5980431684148464	2.0	3.598043168414846	1.537972363610523e-08	1:24,2:8,3:5,4:4,5:1,6:8,7:7,8:3,9:3,10:4,11:5,12:9,13:4,14:6,15:1,16:4,17:7,18:3,19:4,20:5,21:5,22:4,23:3,24:4,25:5,26:5,27:3,28:8,29:2,30:2,31:4,32:8,33:9,34:4,35:9,36:5,37:4,38:4,39:4,40:8,41:3,42:7,43:3,44:8,45:1,46:2,47:7,48:5,49:1,50:3
((0,92)105)21	1.6136374723892875	2.0	3.6136374723892875	1.4226102408913371e-08	1:16,2:4,3:3,4:3,5:6,6:8,7:6,8:5,9:4,10:2,11:5,12:2,13:3,14:5,15:4,16:7,17:4,18:4,19:3,21:2,23:6,24:4,25:1,26:5,27:7,28:2,29:3,30:6,31:3,32:3,33:3,34:7,35:3,36:2,37:1,38:4,39:3,40:4,41:1,42:6,43:2,44:3,45:3,46:4,47:7,48:5,49:3,50:4
((0,105)21)92	1.6288259436181567	2.0	3.628825943618157	1.3185742323875083e-08	1:14,2:3,3:2,4:3,5:2,6:4,7:3,8:8,10:2,11:3,12:5,13:3,14:1,15:5,16:8,17:2,18:3,19:5,20:7,21:3,22:5,23:6,24:2,25:4,26:5,27:7,28:10,29:7,30:5,31:5,32:2,33:6,34:6,35:7,36:5,37:2,38:4,39:4,40:5,41:3,42:4,43:3,44:7,45:5,46:4,47:5,48:6,49:3,50:3
(0,(105)21)92	1.7439233377584542	2.0	3.743923337758454	7.416069116630663e-09	1:25,2:3,3:5,4:6,5:4,6:4,7:3,8:3,9:3,10:6,11:5,12:4,13:5,14:4,15:4,16:2,17:2,18:3,19:4,20:8,21:4,22:3,23:5,24:5,25:3,26:5,27:5,28:2,29:7,30:9,31:4,32:4,33:2,34:3,35:4,36:2,37:4,38:12,39:6,40:8,41:6,42:1,43:1,44:3,45:5,46:2,47:2,48:2,49:2,50:6
((0)105,92)21	1.750303319427807	2.0	3.750303319427807	7.183230698066394e-09	1:19,2:19,3:8,4:6,5:2,6:5,7:4,8:2,9:6,10:5,11:5,12:3,13:3,14:6,15:4,16:5,17:8,18:2,19:3,20:4,21:4,22:2,23:7,24:5,25:5,26:2,27:6,28:2,29:4,30:5,31:3,32:6,33:7,34:8,35:4,36:2,37:6,38:3,39:1,40:1,41:10,42:7,43:7,44:3,45:6,46:1,47:3,48:5,49:2,50:8
(105,(0)92)21	1.750503319427807	2.0	3.750503319427807	7.176051057786762e-09	1:28,2:22,3:2,4:6,5:5,6:3,7:5,8:6,9:1,10:3,11:8,12:5,13:3,14:5,15:2,16:6,17:4,18:3,19:5,20:8,21:4,22:8,23:2,24:1,25:6,26:3,27:4,28:8,29:3,30:3,31:5,32:4,33:3,34:7,35:1,36:2,37:4,38:4,39:3,40:3,41:6,42:4,43:1,44:4,45:7,46:7,47:3,48:6,49:9,50:8
((105)0,21)92	1.7982360779407063	2.0	3.7982360779407065	5.652429468957052e-09	1:24,2:3,4:1,5:6,6:5,7:5,8:1,9:1,10:3,11:3,12:3,13:4,14:5,15:6,16:5,17:4,18:6,19:10,20:4,21:6,22:7,23:5,24:3,25:3,26:7,27:6,28:5,29:7,30:5,31:4,32:5,33:3,34:3,35:7,36:8,37:2,38:4,39:1,40:4,41:2,42:4,43:6,44:6,45:6,46:2,47:5,48:3,49:2,50:6
(((21)105)0)92	0.8919840770051907	3.0	3.8919840770051906	3.5372353658134287e-09	1:10,2:1,5:2,7:2,8:1,9:1,10:1,11:3,12:1,13:3,14:2,15:1,16:1,18:2,19:1,20:2,21:1,22:1,24:2,25:2,29:2,30:2,31:2,32:1,35:3,36:3,37:1,38:1,39:2,40:2,43:3,45:1,46:4,47:3,48:1,50:1
(((0)105)92)21	0.9243860048947135	3.0	3.9243860048947132	3.0081817078949376e-09	1:9,2:55,3:72,4:66,5:57,6:71,7:62,8:73,9:66,10:51,11:68,12:75,13:60,14:63,15:73,16:68,17:63,18:75,19:69,20:55,21:53,22:59,23:69,24:57,25:78,26:64,27:60,28:68,29:72,30:70,31:60,32:64,33:70,34:56,35:71,36:64,37:64,38:76,39:69,40:58,41:63,42:45,43:61,44:75,45:58,46:45,47:70,48:62,49:61,50:54
(((21)92)105)0	0.9408844843354767	3.0	3.9408844843354767	2.7699891833644152e-09	1:10,2:2,3:1,4:2,5:2,7:3,8:1,9:3,10:1,11:2,12:1,13:1,14:1,15:1,16:1,17:1,18:1,20:1,22:2,23:1,25:2,26:2,27:1,28:1,29:1,30:1,31:2,32:1,34:1,37:2,38:1,39:1,40:3,41:2,42:1,46:2,47:1,48:1,49:1,50:2
(((105)0)21)92	0.9877845909451636	3.0	3.9877845909451635	2.190966744393898e-09	1:9,2:1,3:3,4:4,5:1,6:5,7:2,8:5,9:3,10:3,11:6,12:5,13:4,14:2,15:1,16:4,17:4,18:1,19:6,20:2,21:3,22:2,23:2,25:1,26:2,27:1,28:6,29:4,30:2,31:2,32:2,33:4,34:1,35:2,36:5,37:1,38:1,39:1,40:2,42:1,43:3,44:1,45:2,46:2,47:3,48:5,50:3
(((92)0)105)21	1.035096234039863	3.0	4.035096234039863	1.7294175348263945e-09	1:6,2:1,3:2,4:6,5:4,7:2,8:3,9:3,10:2,11:2,12:6,13:4,14:1,15:2,16:3,17:1,18:3,19:4,20:2,21:2,22:4,23:1,24:2,25:4,26:2,27:3,28:1,31:2,32:3,33:4,34:4,35:4,36:5,37:2,38:3,39:5,40:1,41:6,42:5,43:2,44:1,45:5,46:1,47:1,48:5,49:3
(0,105,92)21	2.6271777861423846	2.0	4.627177786142385	8.95800093555093e-11	1:40,2:9,3:8,4:3,5:9,6:6,7:8,8:8,9:9,10:6,11:9,12:12,13:6,14:10,15:9,16:6,17:12,18:3,19:8,20:12,21:4,22:6,23:7,24:12,25:12,26:9,27:9,28:8,29:4,30:9,31:7,32:2,33:5,34:8,35:3,36:6,37:7,38:5,39:12,40:6,41:7,42:4,43:8,44:6,45:16,46:8,47:8,48:7,49:10,50:9
((21,92)105)0	1.6809021036653349	3.0	4.680902103665335	6.847786796100903e-11	1:13,2:5,3:5,4:6,5:6,6:2,7:5,8:2,9:5,10:3,11:6,12:3,13:8,14:7,15:5,16:6,17:10,18:6,19:4,20:6,21:5,22:8,24:2,25:4,26:3,27:10,28:9,29:6,30:6,31:7,32:2,33:7,34:4,35:6,36:5,37:6,38:2,39:3,40:7,41:5,42:1,43:4,44:2,45:4,46:7,47:7,48:9,49:5,50:5
((0,105)92)21	1.6813125256330799	3.0	4.68131252563308	6.833748794130435e-11	1:19,2:6,3:8,4:1,5:2,6:5,7:3,8:2,10:4,11:3,12:1,13:4,14:3,15:4,16:4,17:3,18:4,19:4,20:2,21:2,22:2,24:2,25:4,26:5,27:2,28:2,29:4,30:1,31:6,32:2,33:2,34:2,35:1,37:1,38:1,39:3,40:3,41:5,42:1,43:2,44:5,45:4,46:3,49:2,50:6
((92)105,21)0	1.6983017429184954	3.0	4.6983017429184954	6.277220634192134e-11	1:17,2:4,3:2,4:4,5:6,6:2,7:4,8:4,9:2,10:4,11:5,12:3,13:7,14:5,15:7,16:2,17:4,19:1,20:3,21:5,22:3,23:3,24:5,25:6,26:3,27:3,28:9,29:7,30:4,31:5,32:9,33:7,34:4,35:4,36:6,37:3,38:8,39:4,40:7,41:5,42:7,43:1,45:5,46:4,47:2,48:7,49:4,50:3
((105,21)0)92	1.6985017429184954	3.0	4.698501742918495	6.270946551122332e-11	1:12,2:4,3:4,4:4,5:6,6:3,7:4,8:3,9:4,10:6,11:4,12:6,13:4,14:4,15:4,16:6,17:4,18:7,19:6,20:6,21:10,22:5,23:6,24:3,25:3,26:2,27:4,28:4,29:5,30:5,32:5,33:5,34:6,35:4,36:4,37:5,38:7,39:6,40:9,41:3,42:4,43:5,45:1,46:6,47:8,48:3,49:5,50:5
(0,(105)92)21	1.7628018386733795	3.0	4.762801838673379	4.546814280326271e-11	1:15,2:7,3:5,4:5,5:1,6:2,7:7,8:2,9:6,10:5,12:2,14:6,15:4,16:5,17:3,18:5,19:6,20:2,21:4,22:4,23:7,24:6,25:5,26:3,27:8,28:3,29:3,30:4,31:4,32:9,33:5,34:4,35:8,36:1,37:4,38:6,39:5,40:4,41:3,43:1,44:5,45:7,46:1,47:6,48:6,49:7,50:5
((92)0,105)21	1.7773504335047952	3.0	4.777350433504795	4.227808845459262e-11	1:10,2:7,3:4,4:3,5:3,6:4,7:4,8:3,9:6,10:5,11:7,12:3,13:2,14:2,15:5,16:9,17:4,18:3,19:4,20:2,21:1,22:4,23:1,24:6,25:2,27:4,28:5,29:4,30:3,31:6,32:2,33:1,34:2,35:5,36:7,37:6,38:7,39:4,40:3,41:6,42:2,43:4,44:6,45:2,46:5,48:8,49:5,50:2
((21)105,92)0	1.8031503514682297	3.0	4.803150351468229	3.716135430756644e-11	1:16,2:4,3:7,4:3,5:4,6:5,7:6,8:6,9:4,10:3,11:3,12:2,13:2,14:2,15:5,16:5,17:3,18:3,19:2,20:4,21:3,22:6,23:7,24:1,25:4,26:5,27:9,28:2,29:5,30:3,31:3,32:1,33:8,34:2,35:4,36:5,37:5,38:5,39:7,40:3,41:1,42:10,43:5,44:1,45:4,46:5,47:3,48:6,49:2,50:3
(105,(21)92)0	1.8522507587985158	3.0	4.852250758798515	2.9071761909497796e-11	1:16,2:6,3:6,4:1,5:3,6:4,7:2,8:4,9:5,10:3,11:4,12:4,13:1,14:6,15:5,16:4,17:1,18:5,19:4,20:7,21:5,22:2,23:2,24:6,25:3,26:4,27:3,28:3,29:5,30:7,31:7,32:5,33:4,34:5,35:4,36:7,37:5,38:3,39:11,40:4,41:5,42:4,43:4,44:7,46:2,47:4,48:4,49:6,50:5
(((21)105)92)0	0.9141567946227553	4.0	4.914156794622755	2.1332615438707784e-11	1:2,2:3,3:3,4:3,5:1,6:5,7:2,8:6,9:5,10:3,11:3,12:7,13:3,14:7,15:4,16:4,17:6,18:6,19:3,20:5,21:8,22:2,23:3,24:4,25:6,26:4,27:5,28:7,29:5,30:7,31:8,32:6,33:3,34:6,35:3,36:11,37:6,38:3,39:4,40:6,41:4,42:6,43:3,44:6,45:7,46:4,47:7,48:7,49:7,50:8
((105)0,92)21	1.9380540182727395	3.0	4.938054018272739	1.8930057913463376e-11	1:22,2:4,4:5,5:6,6:1,7:6,8:4,9:3,10:4,11:5,12:4,13:6,14:5,15:6,16:1,17:6,18:4,19:5,20:6,21:6,22:7,23:1,24:2,25:6,26:6,27:5,28:6,29:1,30:8,31:2,32:3,33:2,34:4,35:5,36:3,37:2,38:5,39:4,40:6,41:9,42:5,43:3,44:3,45:6,46:3,47:4,49:7,50:6
(((92)105)0)21	0.9386841836148776	4.0	4.938684183614877	1.8870506448794874e-11	1:8,2:3,3:2,6:2,7:3,8:3,9:3,10:1,11:3,13:2,14:1,16:2,17:2,18:3,19:1,20:3,21:1,22:1,24:3,25:1,26:1,27:1,29:1,30:1,31:4,34:1,35:2,36:1,38:1,39:3,41:1,42:2,43:2,45:1,46:1,47:2,48:3,50:2
(((105)21)0)92	0.9622560870935876	4.0	4.9622560870935875	1.677250067099573e-11	1:10,3:1,6:2,7:2,8:1,9:3,10:4,11:3,12:1,15:1,16:1,17:1,18:1,19:2,21:3,22:3,24:1,26:2,29:3,31:3,32:2,33:2,34:2,35:1,37:2,38:2,39:3,40:3,42:1,43:2,44:3,45:1,46:2,47:2,48:3,49:1,50:1
(((92)21)105)0	1.0996381844940735	4.0	5.099638184494074	8.438716245778334e-12	1:6,2:1,3:4,4:3,5:1,6:1,7:3,8:1,9:2,10:2,11:3,13:2,14:1,15:6,16:3,19:1,21:2,22:3,23:7,24:3,26:4,27:3,28:3,29:2,30:4,31:2,32:1,34:1,35:4,36:2,37:2,39:2,40:2,41:1,42:3,44:3,45:3,46:2,48:2,49:1,50:1
(((105)0)92)21	1.0998381844940734	4.0	5.0998381844940734	8.430281747484597e-12	1:5,2:7,3:3,4:6,5:4,6:11,7:5,8:5,9:3,10:6,11:9,12:7,13:4,14:4,15:3,16:2,17:6,18:4,19:4,20:5,21:5,22:6,23:8,24:5,25:9,26:8,27:5,28:4,29:3,30:9,31:2,32:1,33:7,34:5,35:2,36:4,37:5,38:2,39:4,40:7,41:5,42:3,43:6,44:1,45:6,46:7,47:6,48:8,49:9,50:10
(105,21,92)0	2.7346840621907313	3.0	5.734684062190731	3.5260769169791634e-13	1:32,2:9,3:9,4:7,5:16,6:11,7:5,8:9,9:11,10:10,11:10,12:9,13:7,14:12,15:6,16:8,17:6,18:11,19:9,20:6,21:9,22:6,23:7,24:16,25:6,26:6,27:10,28:7,29:8,30:10,31:9,32:6,33:10,34:4,35:8,36:14,37:5,38:8,39:8,40:8,41:11,42:8,43:11,44:13,45:7,46:9,47:7,48:6,49:3,50:6
((105,21)92)0	1.7377503044484266	4.0	5.737750304448427	3.4724301723179957e-13	1:6,2:5,3:3,4:1,5:3,6:3,7:2,8:2,9:3,10:4,11:3,12:4,13:1,14:4,15:5,17:4,18:3,19:1,20:4,21:1,22:1,23:3,24:3,25:8,26:5,27:6,28:2,29:4,30:4,31:3,32:4,33:1,34:2,35:3,36:1,37:1,39:4,40:6,42:4,43:2,44:3,45:1,46:2,47:2,48:1,49:3,50:3
(21,(105)92)0	1.84897110107197	4.0	5.84897110107197	1.9912263467201728e-13	1:18,2:10,3:3,4:6,5:3,6:4,7:7,8:4,9:5,10:4,11:2,12:4,13:2,14:6,15:4,16:4,17:7,18:3,19:4,20:5,21:1,22:6,23:5,24:6,25:3,26:8,27:4,28:3,29:1,30:5,31:7,32:7,33:3,34:6,35:6,36:7,37:5,38:6,39:2,40:5,41:5,42:2,43:6,44:2,45:4,46:1,47:5,48:6,49:6,50:4
((105,92)0)21	1.8500504580779167	4.0	5.8500504580779165	1.9805090716082937e-13	1:22,2:4,3:5,4:2,5:3,6:2,7:8,8:4,9:4,10:7,11:3,12:5,13:4,14:7,15:4,16:5,17:7,18:5,19:6,20:7,21:7,22:6,23:4,24:1,25:3,26:2,27:6,28:4,29:7,30:5,31:1,32:5,33:3,34:5,35:8,36:5,37:5,38:3,39:1,40:6,41:7,42:3,43:4,44:3,45:5,46:4,47:4,48:6,49:1,50:5
(105,(92)21)0	1.9061558504073781	4.0	5.906155850407378	1.4960479884604554e-13	1:23,2:7,3:5,4:8,5:6,6:6,7:8,8:4,9:4,10:7,11:4,13:4,14:1,15:3,16:3,17:4,18:3,19:7,20:5,21:3,22:2,23:5,24:5,25:4,26:3,27:3,28:2,29:4,30:3,31:3,32:3,33:1,34:4,35:4,37:2,38:4,39:7,40:3,41:6,42:8,43:4,44:4,45:6,46:3,47:8,48:6,49:5,50:5
(((105)92)0)21	0.9610569012324423	5.0	5.961056901232443	1.1369186937541045e-13	1:9,2:3,3:1,4:2,5:3,6:4,7:2,8:2,9:1,10:3,11:1,12:1,13:1,14:1,16:2,17:1,18:2,19:2,21:1,22:1,23:2,28:2,29:3,31:1,32:2,33:2,36:2,37:2,38:3,39:1,40:2,41:2,42:3,43:1,45:1,46:2,47:1,48:1,49:3,50:3
(((92)105)21)0	0.9620560870935876	5.0	5.962056087093588	1.1312528930880805e-13	1:4,2:1,3:2,4:3,5:2,8:1,9:2,10:1,11:2,12:3,13:2,15:4,16:2,17:2,18:2,19:3,20:1,21:2,22:6,23:1,24:2,25:4,26:7,27:1,28:3,29:3,30:1,31:2,32:1,33:4,34:4,35:2,36:1,37:2,38:5,39:2,40:3,41:4,42:2,43:1,44:2,45:1,47:5,48:1,49:5,50:1
((105)21,92)0	1.9699105404890778	4.0	5.969910540489078	1.0876870905563766e-13	1:25,2:10,3:7,4:2,5:3,6:1,7:3,8:4,9:8,10:7,11:2,12:8,13:6,14:5,15:5,16:2,17:4,18:4,19:3,20:4,21:2,22:4,23:3,24:3,25:9,26:4,27:2,28:5,29:4,30:1,31:5,32:2,33:5,34:6,35:2,36:6,37:5,38:2,39:3,40:7,41:3,42:3,43:4,44:10,45:5,46:7,47:6,48:4,49:8,50:4
(((105)21)92)0	1.084196641370149	5.0	6.0841966413701485	6.142354238071207e-14	1:7,2:56,3:68,4:56,5:67,6:50,7:57,8:47,9:71,10:59,11:52,12:66,13:65,14:52,15:60,16:62,17:57,18:71,19:61,20:57,21:51,22:61,23:73,24:71,25:72,26:59,27:55,28:46,29:54,30:66,31:66,32:73,33:60,34:82,35:68,36:64,37:69,38:73,39:53,40:60,41:59,42:59,43:85,44:68,45:78,46:71,47:55,48:63,49:71,50:72
((105,92)21)0	1.8748880696984562	5.0	6.874888069698456	1.1786103163270963e-15	1:17,2:5,3:3,4:5,5:4,6:4,7:2,8:3,9:4,10:1,11:3,12:7,13:4,14:4,15:4,16:1,17:1,18:5,19:5,20:5,21:7,22:8,23:7,25:2,26:4,27:2,28:1,29:3,30:6,31:3,32:8,33:1,34:4,35:7,36:2,37:3,38:1,39:4,40:2,41:4,42:2,43:9,44:3,45:6,46:3,47:7,48:2,49:2,50:4
(((105)92)21)0	1.0489707551653626	6.0	7.048970755165363	4.935765177729597e-16	1:9,2:2,3:2,4:1,5:2,6:2,8:5,9:3,10:3,11:1,12:1,13:1,14:1,15:1,16:1,18:2,20:1,21:2,22:2,24:3,25:1,26:1,27:1,28:3,30:1,32:1,33:1,34:2,36:1,37:3,38:1,39:2,40:1,42:1,44:2,46:3,47:2,48:1,49:1,50:1
