# generation count = 50 
#
generation.index	generationHighestFitness	generationMedianFitness	populationHighestFitness	populationMedianFitness
1	0.6187818017205856	5.652429468957052e-09	0.6187818017205856	5.652429468957052e-09
2	0.6187818017205856	0.0023809146999005572	0.6187818017205856	1.5775919980566615e-07
3	0.6187818017205856	0.0023809146999005572	0.6187818017205856	4.2555263982608095e-06
4	0.6187818017205856	0.00014816855900427482	0.6187818017205856	3.602311629266767e-05
5	0.6187818017205856	0.0023809146999005572	0.6187818017205856	5.5001704770595606e-05
6	0.6187818017205856	0.0023809146999005572	0.6187818017205856	0.00014816855900427482
7	0.6187818017205856	0.0023809146999005572	0.6187818017205856	0.00014816855900427482
8	0.6187818017205856	0.00024837047504884177	0.6187818017205856	0.00014816855900427482
9	0.6187818017205856	0.0013146425874746995	0.6187818017205856	0.00014816855900427482
10	0.6187818017205856	0.0023809146999005572	0.6187818017205856	0.00014816855900427482
11	0.6187818017205856	0.0023809146999005572	0.6187818017205856	0.00014816855900427482
12	0.6187818017205856	0.0023809146999005572	0.6187818017205856	0.00014816855900427482
13	0.6187818017205856	0.0023809146999005572	0.6187818017205856	0.00014816855900427482
14	0.6187818017205856	0.00024837047504884177	0.6187818017205856	0.00014816855900427482
15	0.6187818017205856	0.0023809146999005572	0.6187818017205856	0.00014816855900427482
16	0.6187818017205856	0.0023809146999005572	0.6187818017205856	0.00014816855900427482
17	0.6187818017205856	0.00014816855900427482	0.6187818017205856	0.00014816855900427482
18	0.6187818017205856	0.0023809146999005572	0.6187818017205856	0.00014816855900427482
19	0.6187818017205856	0.00014816855900427482	0.6187818017205856	0.00014816855900427482
20	0.6187818017205856	0.0023809146999005572	0.6187818017205856	0.00014816855900427482
21	0.6187818017205856	0.0013146425874746995	0.6187818017205856	0.00014816855900427482
22	0.6187818017205856	0.0023809146999005572	0.6187818017205856	0.00014816855900427482
23	0.6187818017205856	0.0023809146999005572	0.6187818017205856	0.00014816855900427482
24	0.6187818017205856	0.0023809146999005572	0.6187818017205856	0.00014816855900427482
25	0.6187818017205856	0.0023809146999005572	0.6187818017205856	0.00014816855900427482
26	0.6187818017205856	0.00014816855900427482	0.6187818017205856	0.00014816855900427482
27	0.6187818017205856	0.0023809146999005572	0.6187818017205856	0.00014816855900427482
28	0.6187818017205856	0.0023809146999005572	0.6187818017205856	0.00024837047504884177
29	0.6187818017205856	0.0023809146999005572	0.6187818017205856	0.00024837047504884177
30	0.6187818017205856	0.00024837047504884177	0.6187818017205856	0.00024837047504884177
31	0.6187818017205856	0.00024837047504884177	0.6187818017205856	0.00024837047504884177
32	0.6187818017205856	0.00014816855900427482	0.6187818017205856	0.00024837047504884177
33	0.6187818017205856	0.0023809146999005572	0.6187818017205856	0.00024837047504884177
34	0.6187818017205856	0.00024837047504884177	0.6187818017205856	0.00024837047504884177
35	0.6187818017205856	0.00024837047504884177	0.6187818017205856	0.00024837047504884177
36	0.6187818017205856	0.0023809146999005572	0.6187818017205856	0.00024837047504884177
37	0.6187818017205856	0.0023809146999005572	0.6187818017205856	0.00024837047504884177
38	0.6187818017205856	0.0023809146999005572	0.6187818017205856	0.00024837047504884177
39	0.6187818017205856	0.00024837047504884177	0.6187818017205856	0.00024837047504884177
40	0.6187818017205856	0.00014816855900427482	0.6187818017205856	0.00024837047504884177
41	0.6187818017205856	0.00014816855900427482	0.6187818017205856	0.00024837047504884177
42	0.6187818017205856	0.0023809146999005572	0.6187818017205856	0.00024837047504884177
43	0.6187818017205856	0.0023809146999005572	0.6187818017205856	0.00024837047504884177
44	0.6187818017205856	0.00024837047504884177	0.6187818017205856	0.00024837047504884177
45	0.6187818017205856	0.0023809146999005572	0.6187818017205856	0.00024837047504884177
46	0.6187818017205856	0.0023809146999005572	0.6187818017205856	0.00024837047504884177
47	0.6187818017205856	0.0023809146999005572	0.6187818017205856	0.00024837047504884177
48	0.6187818017205856	0.00024837047504884177	0.6187818017205856	0.00024837047504884177
49	0.6187818017205856	0.0023809146999005572	0.6187818017205856	0.00024837047504884177
50	0.6187818017205856	0.0023809146999005572	0.6187818017205856	0.00024837047504884177
############################################################
Topology	MassCost	TopologyCost	Cost	Fitness	appearances(generationID:count)
(((0)21)92)105	0.09600051393997294	0.0	0.09600051393997294	0.6187818017205856	1:11,2:205,3:201,4:218,5:193,6:222,7:224,8:196,9:203,10:206,11:206,12:208,13:202,14:212,15:214,16:202,17:213,18:183,19:208,20:190,21:197,22:205,23:188,24:204,25:192,26:222,27:199,28:216,29:199,30:193,31:213,32:192,33:188,34:201,35:191,36:215,37:216,38:202,39:193,40:195,41:192,42:209,43:197,44:200,45:210,46:217,47:210,48:196,49:201,50:193
(21,(0)92)105	0.7893180266601442	0.0	0.7893180266601442	0.019320469808163012	1:11,2:17,3:7,4:8,5:11,6:5,7:7,8:11,9:10,10:9,11:13,12:3,13:10,14:5,15:11,16:8,17:10,18:11,19:10,20:5,21:6,22:11,23:9,24:11,25:8,26:12,27:7,28:10,29:8,30:8,31:9,32:7,33:9,34:10,35:7,36:8,37:9,38:6,39:13,40:8,41:5,42:3,43:10,44:14,45:12,46:11,47:8,48:7,49:6,50:8
(0,(21)92)105	0.8252665428966349	0.0	0.8252665428966349	0.016141967612671747	1:16,2:58,3:49,4:52,5:53,6:60,7:60,8:56,9:62,10:52,11:38,12:57,13:42,14:40,15:47,16:46,17:39,18:65,19:59,20:49,21:56,22:43,23:53,24:50,25:52,26:47,27:52,28:49,29:47,30:44,31:47,32:47,33:41,34:46,35:39,36:45,37:58,38:46,39:55,40:51,41:44,42:40,43:55,44:39,45:48,46:46,47:50,48:43,49:46,50:51
((0)21,92)105	0.8360181332698311	0.0	0.8360181332698311	0.01529712056977484	1:18,2:60,3:42,4:38,5:52,6:41,7:49,8:41,9:45,10:42,11:48,12:39,13:47,14:44,15:52,16:53,17:40,18:55,19:53,20:64,21:51,22:47,23:51,24:45,25:48,26:45,27:51,28:50,29:51,30:57,31:45,32:59,33:42,34:46,35:65,36:46,37:54,38:57,39:56,40:46,41:44,42:53,43:49,44:46,45:49,46:61,47:62,48:51,49:57,50:44
((0,21)92)105	0.9064520009355156	0.0	0.9064520009355156	0.010756339205466795	1:16,2:42,3:43,4:33,5:52,6:45,7:56,8:44,9:45,10:48,11:48,12:54,13:61,14:51,15:44,16:52,17:44,18:52,19:43,20:61,21:56,22:58,23:48,24:44,25:48,26:37,27:54,28:54,29:47,30:50,31:54,32:45,33:58,34:50,35:42,36:49,37:51,38:61,39:41,40:45,41:42,42:60,43:60,44:60,45:56,46:58,47:47,48:58,49:49,50:60
(((21)0)92)105	0.12478475027064907	1.0	1.1247847502706492	0.003610446784220991	1:4,2:72,3:93,4:69,5:70,6:73,7:78,8:82,9:82,10:83,11:99,12:71,13:80,14:71,15:89,16:78,17:84,18:71,19:54,20:89,21:74,22:81,23:85,24:79,25:71,26:77,27:70,28:67,29:85,30:70,31:66,32:60,33:89,34:81,35:93,36:82,37:82,38:75,39:73,40:80,41:81,42:89,43:75,44:74,45:71,46:62,47:83,48:72,49:79,50:75
(((0)92)21)105	0.20805410748888264	1.0	1.2080541074888826	0.0023809146999005572	1:9,2:59,3:66,4:63,5:74,6:71,7:59,8:68,9:53,10:68,11:68,12:71,13:71,14:71,15:71,16:69,17:57,18:73,19:67,20:54,21:60,22:64,23:75,24:68,25:82,26:45,27:70,28:76,29:73,30:69,31:65,32:72,33:76,34:65,35:61,36:67,37:63,38:64,39:66,40:63,41:82,42:59,43:63,44:63,45:61,46:59,47:57,48:72,49:68,50:74
(0,21,92)105	1.660117815096266	0.0	1.660117815096266	0.00024837047504884177	1:35,2:10,3:14,4:10,5:9,6:8,7:6,8:7,9:7,10:6,11:8,12:13,13:12,14:8,15:8,16:12,17:6,18:4,19:5,20:7,21:11,22:11,23:10,24:6,25:13,26:7,27:7,28:16,29:9,30:11,31:8,32:14,33:9,34:10,35:7,36:10,37:10,38:16,39:15,40:8,41:7,42:9,43:8,44:13,45:8,46:10,47:7,48:12,49:10,50:10
(((0)21)105)92	0.7634320040155177	1.0	1.7634320040155176	0.00014816855900427482	1:9,2:59,3:70,4:71,5:68,6:56,7:40,8:66,9:67,10:58,11:64,12:63,13:62,14:57,15:54,16:58,17:63,18:64,19:51,20:63,21:75,22:50,23:61,24:65,25:73,26:74,27:63,28:57,29:62,30:72,31:62,32:59,33:61,34:69,35:61,36:60,37:45,38:67,39:62,40:68,41:56,42:69,43:65,44:83,45:71,46:68,47:55,48:67,49:53,50:71
((21)0,92)105	0.900750885836998	1.0	1.900750885836998	7.457133087933859e-05	1:15,2:11,3:4,4:8,5:10,6:11,7:8,8:9,9:4,10:14,11:8,12:8,13:11,14:11,15:13,16:13,17:6,18:11,19:5,20:11,21:9,22:7,23:4,24:14,25:12,26:13,27:9,28:12,29:8,30:6,31:10,32:8,33:7,34:13,35:11,36:9,37:7,38:10,39:8,40:13,41:4,42:4,43:10,44:3,45:10,46:13,47:6,48:11,49:3,50:12
((92)0,21)105	0.9616292754766306	1.0	1.9616292754766307	5.5001704770595606e-05	1:18,2:1,3:8,4:13,5:11,6:8,7:11,8:7,9:4,10:7,11:5,12:6,13:5,14:8,15:7,16:2,17:12,18:6,19:6,20:8,21:10,22:6,23:6,24:10,25:9,26:6,27:6,28:5,29:4,30:6,31:4,32:10,33:10,34:5,35:8,36:10,37:4,38:6,39:7,40:4,41:2,42:4,43:2,44:10,45:9,46:3,47:6,48:8,49:8,50:3
(0,(92)21)105	0.9718584857485887	1.0	1.9718584857485886	5.225931378517976e-05	1:21,2:10,3:4,4:7,5:6,6:7,7:5,8:4,9:5,10:5,11:4,12:7,13:2,14:9,15:5,16:7,17:5,18:7,19:7,20:4,21:4,22:5,23:4,24:3,25:1,26:5,27:10,28:4,29:8,30:2,31:8,32:5,33:5,34:9,35:7,36:10,37:4,38:10,39:5,40:4,41:3,42:8,43:8,44:6,45:4,46:7,47:6,48:8,49:9,50:8
((0,92)21)105	1.0462699412675487	1.0	2.046269941267549	3.602311629266767e-05	1:20,2:17,3:12,4:9,5:13,6:12,7:11,8:15,9:7,10:10,11:14,12:9,13:6,14:6,15:14,16:7,17:7,18:7,19:7,20:11,21:11,22:12,23:8,24:5,25:4,26:8,27:9,28:12,29:8,30:8,31:5,32:12,33:7,34:9,35:14,36:11,37:9,38:14,39:13,40:11,41:8,42:8,43:6,44:13,45:13,46:13,47:13,48:8,49:8,50:8
(((92)0)21)105	0.24452500382661146	2.0	2.2445250038266114	1.3368290724250908e-05	1:7,2:5,3:10,4:9,5:13,6:9,7:6,8:11,9:8,10:9,11:9,12:9,13:16,14:4,15:7,16:10,17:13,18:13,19:6,20:6,21:7,22:6,23:10,24:8,25:5,26:12,27:10,28:5,29:10,30:10,31:9,32:15,33:13,34:9,35:7,36:10,37:6,38:7,39:12,40:7,41:10,42:14,43:6,44:8,45:11,46:10,47:8,48:6,49:6,50:13
(((21)92)0)105	0.24672530454721053	2.0	2.2467253045472106	1.3222025469785723e-05	1:3,2:5,3:7,4:12,5:4,6:4,7:10,8:6,9:6,10:8,11:6,12:5,13:7,14:7,15:5,16:3,17:4,18:10,19:8,20:2,21:7,22:9,23:5,24:7,25:5,26:11,27:6,28:6,29:7,30:4,31:9,32:4,33:3,34:7,35:4,36:7,37:8,38:9,39:4,40:3,41:3,42:5,43:4,44:4,45:6,46:7,47:8,48:5,49:4,50:7
(0,(21)105)92	1.4734584181441972	1.0	2.4734584181441974	4.2555263982608095e-06	1:26,2:6,3:3,4:7,5:4,6:6,7:4,8:2,9:7,10:3,12:3,13:6,14:4,15:7,16:2,17:2,18:5,19:6,20:5,21:3,22:5,23:3,24:3,25:3,26:3,27:5,28:2,29:8,30:4,31:6,32:5,33:1,34:2,35:2,36:1,37:8,38:3,39:4,40:5,41:6,42:4,43:9,44:6,45:6,46:7,47:5,48:3,49:3,50:3
((0,21)105)92	1.480536275665537	1.0	2.480536275665537	4.107560005703549e-06	1:10,2:3,3:4,4:1,5:3,6:4,7:3,9:2,11:3,12:5,13:3,14:1,15:2,16:1,17:3,18:4,19:4,20:2,21:3,22:8,23:2,24:3,25:3,26:2,27:2,28:4,29:4,30:2,32:2,33:2,34:1,35:3,36:2,37:3,38:2,39:3,40:2,41:6,42:3,43:3,44:2,45:4,47:5,48:3,49:5,50:1
((0)105,21)92	1.540125407231502	1.0	2.540125407231502	3.049212991677224e-06	1:18,2:7,3:3,4:6,5:2,6:7,7:1,8:2,9:7,10:3,11:4,12:9,13:3,14:4,15:5,16:2,17:5,18:3,19:7,20:2,21:3,22:2,23:3,24:4,25:3,26:5,27:2,28:3,29:4,30:4,31:5,32:7,33:2,34:1,35:5,36:2,37:4,38:5,39:2,40:4,41:7,42:7,43:2,44:5,45:4,46:8,47:5,48:4,49:4,50:2
(105,(0)21)92	1.587025513841189	1.0	2.587025513841189	2.4118232307406568e-06	1:23,2:6,3:4,4:4,5:4,6:4,7:6,8:2,9:1,10:3,11:6,12:7,13:5,14:6,15:3,16:7,17:9,18:2,19:5,20:5,21:9,22:4,23:1,25:4,26:6,27:6,28:3,29:7,30:9,31:2,32:2,33:3,34:2,35:2,37:3,38:3,39:6,40:8,41:5,42:1,43:1,44:5,45:3,46:3,47:3,48:5,49:4,50:5
(((0)92)105)21	0.8376713368229385	2.0	2.8376713368229387	6.887712085676423e-07	1:6,3:3,4:3,5:1,6:1,7:1,8:1,10:2,11:1,12:2,13:1,14:6,17:1,19:1,20:2,22:1,25:1,29:5,30:2,31:1,32:2,34:3,35:5,36:2,37:2,38:1,39:2,40:1,41:4,44:3,45:1,46:2,47:2,48:1,49:2
(((21)0)105)92	0.8411166476764799	2.0	2.84111664767648	6.770076675096458e-07	1:9,2:6,3:3,4:5,5:7,6:7,7:2,8:4,9:6,10:5,11:4,12:4,13:6,14:4,15:8,16:6,17:4,18:5,19:5,20:5,21:6,22:6,23:10,24:3,25:6,26:9,27:6,28:6,29:3,30:8,31:6,32:5,33:4,34:8,35:8,36:2,37:6,38:4,39:4,40:3,41:4,42:3,43:7,44:6,45:5,46:1,47:11,48:5,49:4,50:7
(((0)105)21)92	0.8865717441532245	2.0	2.8865717441532244	5.393728718152367e-07	1:6,2:2,3:4,4:2,5:2,6:2,8:1,9:3,11:1,15:2,16:1,18:4,19:1,20:1,22:4,23:1,24:2,25:5,27:2,28:1,29:1,30:3,31:1,32:2,33:1,34:1,36:2,37:1,38:1,39:2,40:1,41:2,42:1,44:1,46:3,47:2,49:5
((21,92)0)105	1.1324392036661393	2.0	3.1324392036661393	1.5775919980566615e-07	1:17,2:12,3:13,4:6,5:11,6:4,7:6,8:12,9:13,10:6,11:10,12:14,13:13,14:11,15:8,16:16,17:14,18:13,19:13,20:13,21:8,22:13,23:13,24:10,25:14,26:14,27:18,28:6,29:13,30:11,31:14,32:9,33:10,34:10,35:16,36:7,37:13,38:7,39:16,40:18,41:17,42:13,43:12,44:7,45:19,46:13,47:8,48:9,49:13,50:9
(((92)21)0)105	0.33243885775953175	3.0	3.3324388577595316	5.8036466640062115e-08	1:4,2:54,3:71,4:65,5:82,6:61,7:55,8:77,9:64,10:64,11:55,12:56,13:64,14:61,15:52,16:70,17:69,18:60,19:78,20:51,21:66,22:67,23:70,24:62,25:64,26:72,27:69,28:59,29:66,30:71,31:69,32:59,33:58,34:58,35:52,36:51,37:68,38:58,39:65,40:59,41:75,42:57,43:58,44:55,45:58,46:59,47:66,48:76,49:76,50:81
(0,105,21)92	2.436690813377848	1.0	3.436690813377848	3.446043209518058e-08	1:38,2:13,3:7,4:4,5:4,6:13,7:8,8:11,9:9,10:8,11:5,12:10,13:10,14:8,15:14,16:12,17:10,18:7,19:9,20:9,21:8,22:11,23:11,24:8,25:5,26:8,27:11,28:7,29:8,30:4,31:5,32:10,33:15,34:13,35:7,36:10,37:6,38:10,39:6,40:5,41:14,42:6,43:11,44:11,45:7,46:9,47:5,48:10,49:9,50:5
(0,(92)105)21	1.5797255362878706	2.0	3.579725536287871	1.6854845049680757e-08	1:19,3:4,4:1,5:8,6:4,7:4,8:6,9:8,10:3,11:2,12:3,13:2,14:6,15:3,16:4,17:7,18:1,19:3,20:5,21:3,22:2,23:7,24:4,25:7,26:3,27:3,28:6,29:2,30:5,31:3,32:5,33:9,34:3,35:4,36:2,37:3,38:3,39:3,40:3,41:2,42:1,43:4,44:4,45:2,46:2,47:4,48:3,49:7,50:3
((21)0,105)92	1.5980431684148464	2.0	3.598043168414846	1.537972363610523e-08	1:27,2:3,3:5,4:5,5:5,6:7,7:5,8:1,9:2,10:6,11:5,12:7,13:5,14:4,15:4,16:5,17:9,18:3,19:5,20:7,21:7,22:7,23:1,24:4,25:3,26:5,27:6,28:1,29:2,30:4,31:6,32:2,33:4,34:2,35:3,36:2,37:4,38:2,39:2,40:2,41:4,42:3,43:2,44:7,45:2,46:2,47:2,48:3,49:5,50:7
((0,92)105)21	1.6136374723892875	2.0	3.6136374723892875	1.4226102408913371e-08	1:14,2:4,3:3,4:6,5:3,6:2,7:2,8:6,9:3,10:6,11:4,12:2,13:2,14:2,15:1,16:5,17:4,18:8,19:1,20:2,21:5,22:3,23:5,24:3,25:4,26:3,27:3,28:5,29:1,30:4,31:2,32:3,33:3,34:2,35:3,36:4,37:1,38:2,39:4,40:2,41:6,42:2,43:2,44:7,45:3,46:5,47:4,48:1,49:5,50:7
((0,105)21)92	1.6288259436181567	2.0	3.628825943618157	1.3185742323875083e-08	1:14,2:3,3:3,4:2,5:5,6:4,7:6,8:6,9:2,10:5,11:5,12:2,13:2,14:7,15:3,16:2,17:1,18:2,19:3,20:3,21:4,22:4,23:3,24:3,25:1,26:5,27:2,28:1,29:2,30:3,31:2,32:1,33:4,34:3,35:3,36:6,37:2,38:5,39:4,40:5,41:1,42:5,43:2,44:4,45:9,46:4,47:3,48:7,49:4,50:3
(0,(105)21)92	1.7439233377584542	2.0	3.743923337758454	7.416069116630663e-09	1:16,2:5,3:5,4:5,5:5,6:3,7:7,8:4,9:3,10:1,11:4,12:2,13:5,14:3,16:2,17:6,18:3,19:5,20:4,21:6,22:3,23:2,24:1,25:4,26:2,27:1,28:2,29:3,30:3,31:4,32:5,33:3,34:5,35:5,36:5,37:4,38:8,39:2,40:10,41:7,42:3,43:8,44:3,45:4,46:8,47:8,48:1,49:4,50:2
((0)105,92)21	1.750303319427807	2.0	3.750303319427807	7.183230698066394e-09	1:15,2:8,3:5,4:3,5:8,6:3,7:3,8:2,9:1,10:8,11:6,12:7,13:3,14:6,15:4,16:5,17:3,18:3,19:3,20:5,21:2,22:2,23:7,24:8,25:2,26:6,27:7,28:5,29:2,30:8,31:3,32:6,33:4,34:4,35:7,36:2,37:6,38:2,39:4,40:4,41:3,42:7,43:6,44:7,45:3,46:3,47:2,48:4,49:5,50:4
(105,(0)92)21	1.750503319427807	2.0	3.750503319427807	7.176051057786762e-09	1:19,2:5,3:7,4:6,5:5,6:6,7:7,8:7,9:6,10:9,11:3,12:2,13:7,14:4,15:5,16:1,17:3,18:6,19:2,20:3,21:6,22:7,23:6,24:1,25:7,26:6,27:5,28:5,29:1,30:4,31:2,32:1,33:3,34:4,35:4,36:5,37:4,38:3,39:5,40:4,41:7,43:2,44:5,45:5,46:4,47:3,48:3,49:1,50:1
((105)0,21)92	1.7982360779407063	2.0	3.7982360779407065	5.652429468957052e-09	1:22,2:5,3:2,4:7,5:2,6:5,7:4,8:4,9:2,10:5,11:5,12:7,13:4,14:5,15:4,16:4,17:5,18:5,19:3,20:4,21:1,22:4,23:5,25:6,26:2,27:2,28:3,29:4,30:2,31:3,32:4,33:5,34:1,35:4,36:2,37:3,38:3,39:6,40:4,41:5,42:8,43:9,44:3,45:4,46:5,47:6,48:5,49:2,50:1
(((21)105)0)92	0.8919840770051907	3.0	3.8919840770051906	3.5372353658134287e-09	1:5,2:1,5:4,7:1,8:3,9:1,10:4,11:1,12:2,14:1,15:2,16:1,17:1,18:3,19:2,21:3,22:1,23:1,24:1,25:1,26:1,27:2,30:1,31:1,33:2,34:2,35:1,36:2,37:2,40:1,42:1,43:2,44:1,45:1,46:1,47:1,48:1
(((0)105)92)21	0.9243860048947135	3.0	3.9243860048947132	3.0081817078949376e-09	1:11,2:70,3:50,4:63,5:48,6:67,7:57,8:63,9:74,10:75,11:58,12:62,13:65,14:70,15:67,16:70,17:73,18:60,19:69,20:69,21:61,22:60,23:46,24:76,25:60,26:70,27:62,28:60,29:56,30:60,31:57,32:78,33:68,34:64,35:61,36:66,37:60,38:63,39:49,40:66,41:71,42:65,43:72,44:65,45:65,46:59,47:54,48:55,49:63,50:66
(((21)92)105)0	0.9408844843354767	3.0	3.9408844843354767	2.7699891833644152e-09	1:5,2:1,3:3,4:2,5:1,6:2,7:1,9:1,10:2,11:3,12:1,13:1,14:3,15:1,16:3,17:1,18:1,19:1,20:4,21:2,22:1,23:1,24:3,25:3,26:1,27:1,28:1,29:1,30:1,31:4,32:1,33:1,35:1,36:1,37:1,38:2,39:2,40:1,41:2,44:1,45:7,47:1,48:1
(((105)0)21)92	0.9877845909451636	3.0	3.9877845909451635	2.190966744393898e-09	1:5,2:5,3:2,5:2,6:1,7:3,8:3,9:4,10:1,11:3,12:2,13:2,14:4,15:2,16:1,17:6,18:6,19:3,20:1,21:3,22:2,23:4,24:2,25:3,26:4,27:1,28:3,29:1,30:4,31:4,32:2,33:2,34:5,35:4,36:2,37:2,38:2,40:3,41:1,42:1,43:1,45:1,47:4,48:1,49:4,50:2
(((92)0)105)21	1.035096234039863	3.0	4.035096234039863	1.7294175348263945e-09	1:8,2:3,4:2,5:4,7:3,8:1,9:4,10:4,11:2,12:4,13:2,15:1,17:2,18:1,19:3,20:3,21:1,22:1,23:2,24:5,25:1,26:6,27:3,28:2,29:2,30:1,31:6,32:1,33:5,34:5,35:2,36:1,38:2,39:3,40:3,41:3,42:3,43:3,44:2,45:2,46:1,47:1,48:4,49:2,50:5
(0,105,92)21	2.6271777861423846	2.0	4.627177786142385	8.95800093555093e-11	1:37,2:6,3:10,4:6,5:7,6:11,7:11,8:5,9:14,10:11,11:8,12:7,13:8,14:9,15:9,16:10,17:12,18:6,19:7,20:13,21:10,22:9,23:7,24:9,25:8,26:9,27:9,28:7,29:7,30:9,31:12,32:6,33:7,34:12,35:10,36:11,37:6,38:5,39:16,40:6,41:6,42:10,43:7,44:6,45:8,46:13,47:11,48:7,49:7,50:7
((21,92)105)0	1.6809021036653349	3.0	4.680902103665335	6.847786796100903e-11	1:13,2:1,3:3,4:5,5:1,6:3,7:4,8:7,9:2,10:4,11:8,12:6,13:8,14:6,15:5,16:2,17:5,18:5,19:5,20:3,21:6,22:5,23:5,24:8,25:1,26:1,27:5,28:8,29:6,30:9,31:2,32:7,33:2,34:4,35:4,36:4,37:8,38:4,39:3,40:6,41:7,42:7,43:3,44:5,45:4,46:4,47:7,48:4,49:6,50:6
((0,105)92)21	1.6813125256330799	3.0	4.68131252563308	6.833748794130435e-11	1:18,2:2,3:4,4:5,5:1,6:5,7:3,8:4,9:1,10:6,11:2,12:4,13:4,14:2,15:3,16:5,17:3,18:5,19:5,20:3,21:6,22:4,23:4,24:5,25:2,26:3,27:3,28:3,29:4,30:5,31:2,32:2,33:3,34:1,35:5,36:3,37:3,38:1,39:1,40:5,41:2,42:5,43:6,44:3,45:4,46:2,47:2,48:3,49:6,50:5
((92)105,21)0	1.6983017429184954	3.0	4.6983017429184954	6.277220634192134e-11	1:14,2:4,3:1,4:5,5:2,6:3,7:5,8:3,9:3,10:4,11:4,12:3,13:5,14:7,15:4,16:4,17:3,18:5,19:7,20:5,21:2,22:2,23:1,24:3,25:3,26:6,27:6,28:2,29:6,30:3,31:2,32:9,33:6,34:6,35:7,36:7,37:7,38:4,39:1,40:4,41:4,42:4,43:5,44:5,45:6,46:3,47:6,48:2,49:6,50:2
((105,21)0)92	1.6985017429184954	3.0	4.698501742918495	6.270946551122332e-11	1:9,2:5,3:6,4:3,5:5,6:8,7:5,8:2,9:7,10:8,11:5,12:8,13:6,14:5,15:4,16:2,17:5,18:6,19:8,21:8,22:4,23:5,24:7,25:6,26:5,27:2,28:9,29:5,30:4,31:8,32:3,33:4,34:6,35:5,36:6,37:2,38:7,39:2,40:2,41:6,42:6,43:2,44:4,45:5,46:5,47:7,48:3,49:6,50:4
(0,(105)92)21	1.7628018386733795	3.0	4.762801838673379	4.546814280326271e-11	1:30,2:3,3:4,4:7,5:3,6:4,7:4,8:2,9:4,10:1,11:5,12:5,13:5,14:5,15:3,16:5,17:7,18:6,19:2,20:6,21:9,22:7,23:4,24:4,25:7,26:6,27:3,28:4,29:2,30:1,31:7,32:3,33:1,34:3,35:5,36:5,37:2,38:4,39:5,40:2,42:8,43:5,44:2,45:6,46:4,47:7,48:3,49:3,50:9
((92)0,105)21	1.7773504335047952	3.0	4.777350433504795	4.227808845459262e-11	1:18,2:7,3:7,4:5,5:9,6:3,7:3,8:1,9:3,10:3,11:2,13:6,14:4,15:5,16:3,17:1,18:4,19:6,20:4,21:1,22:5,23:4,24:4,25:2,26:1,27:2,28:9,29:4,30:4,31:6,32:4,33:5,34:4,35:7,36:3,37:4,38:7,39:5,40:2,41:2,42:8,43:5,44:3,45:4,46:2,47:6,48:4,50:5
((21)105,92)0	1.8031503514682297	3.0	4.803150351468229	3.716135430756644e-11	1:23,2:1,3:5,4:4,5:5,6:3,7:2,8:9,9:8,10:6,11:7,12:5,13:5,14:3,15:2,16:4,17:1,18:8,19:2,20:2,21:4,22:2,23:4,24:11,25:4,26:5,27:6,28:5,29:3,30:5,31:4,32:2,33:8,34:3,35:3,36:3,37:6,38:6,39:3,40:1,41:1,42:6,43:3,44:3,45:5,46:4,47:8,48:3,49:1,50:2
(105,(21)92)0	1.8522507587985158	3.0	4.852250758798515	2.9071761909497796e-11	1:22,2:10,3:2,4:4,5:4,6:3,7:7,8:3,9:3,11:8,12:7,13:5,14:5,15:5,16:3,17:4,18:5,19:6,20:2,21:8,22:2,23:6,24:3,25:3,26:5,27:4,28:6,29:6,30:3,31:5,32:4,33:5,34:11,35:5,36:5,37:4,38:3,39:7,40:6,41:9,42:3,43:8,44:3,45:3,46:3,47:6,48:4,49:4,50:3
(((21)105)92)0	0.9141567946227553	4.0	4.914156794622755	2.1332615438707784e-11	1:1,2:2,3:6,4:8,5:6,6:1,7:9,8:7,9:4,10:3,11:6,12:14,13:7,14:7,15:3,16:10,17:10,18:5,19:4,20:6,21:3,22:6,23:9,24:4,25:5,26:4,27:3,28:7,29:5,30:3,31:11,32:3,33:5,34:9,35:5,36:5,37:8,38:5,39:4,40:8,41:8,42:5,43:9,44:9,45:6,46:2,47:7,48:7,49:4,50:3
((105)0,92)21	1.9380540182727395	3.0	4.938054018272739	1.8930057913463376e-11	1:31,2:3,3:6,4:1,5:1,6:1,7:5,8:6,9:5,10:5,11:2,12:5,13:4,14:2,15:4,16:7,17:4,18:4,19:10,20:4,21:2,22:6,23:4,24:7,25:3,26:7,27:7,28:2,29:5,30:5,31:4,32:4,33:6,34:8,35:4,36:10,37:6,38:1,39:3,40:7,41:6,42:2,43:7,45:3,46:5,47:3,48:7,49:8,50:5
(((92)105)0)21	0.9386841836148776	4.0	4.938684183614877	1.8870506448794874e-11	1:6,2:3,3:1,5:4,6:1,7:3,8:3,9:2,10:1,11:3,12:1,13:1,16:1,17:1,18:1,21:2,23:2,24:1,25:1,26:2,27:1,28:2,29:1,30:1,31:3,33:2,34:3,35:1,36:2,37:3,38:1,39:1,40:2,42:1,44:1,45:2,47:3,48:2,49:1,50:4
(((105)21)0)92	0.9622560870935876	4.0	4.9622560870935875	1.677250067099573e-11	1:9,2:2,3:1,5:1,6:1,7:1,8:1,9:1,10:3,11:1,12:1,13:2,14:1,15:3,16:1,18:1,19:1,21:1,22:2,23:4,24:6,25:2,26:1,27:2,28:1,30:4,31:1,32:3,33:1,34:2,35:1,38:2,39:3,40:2,41:2,43:2,44:1,45:3,46:1,48:1,50:1
(((92)21)105)0	1.0996381844940735	4.0	5.099638184494074	8.438716245778334e-12	1:10,2:2,3:2,4:2,5:2,6:2,7:4,8:2,9:1,10:3,11:2,12:1,13:1,14:1,16:2,18:1,19:2,20:3,22:1,23:1,24:1,25:3,27:1,28:1,30:1,32:3,33:1,34:1,35:1,36:4,37:1,38:3,39:2,40:2,41:3,43:1,44:1,45:2,46:1,48:1,49:1
(((105)0)92)21	1.0998381844940734	4.0	5.0998381844940734	8.430281747484597e-12	1:7,2:6,3:3,4:4,5:8,6:6,7:7,8:8,9:6,10:4,11:7,12:4,13:5,14:4,15:4,16:4,17:6,18:2,19:10,20:7,21:7,22:7,23:5,24:4,25:8,26:4,27:3,28:5,29:7,30:8,31:2,32:5,33:5,34:3,35:9,36:9,37:7,38:5,39:7,40:10,41:8,42:6,43:4,44:4,45:5,46:4,47:5,48:6,49:7,50:5
(105,21,92)0	2.7346840621907313	3.0	5.734684062190731	3.5260769169791634e-13	1:43,2:10,3:10,4:6,5:8,6:6,7:10,8:7,9:13,10:6,11:6,12:7,13:3,14:7,15:13,16:5,17:7,18:4,19:9,20:11,21:6,22:11,23:6,24:5,25:11,26:6,27:5,28:7,29:8,30:9,31:9,32:5,33:6,34:11,35:10,36:10,37:8,38:7,39:8,40:15,41:9,42:16,43:9,44:5,45:5,46:9,47:5,48:11,49:10,50:11
((105,21)92)0	1.7377503044484266	4.0	5.737750304448427	3.4724301723179957e-13	1:17,2:2,3:2,4:3,5:4,6:6,7:2,8:5,9:3,10:3,11:1,12:5,13:2,14:3,15:2,16:6,17:3,18:5,19:2,20:3,21:4,22:4,23:5,24:3,25:5,26:3,27:3,29:5,31:4,32:4,33:4,34:4,36:6,37:3,38:5,40:4,41:2,42:1,44:5,45:3,46:2,47:2,48:4,49:2,50:2
(21,(105)92)0	1.84897110107197	4.0	5.84897110107197	1.9912263467201728e-13	1:24,2:5,3:5,4:7,5:1,6:6,7:4,8:6,9:3,10:8,11:4,12:2,13:6,14:4,15:3,16:3,17:6,18:4,19:3,20:5,21:6,22:3,23:4,24:5,25:4,26:3,27:2,28:4,29:6,30:5,31:4,32:7,33:6,34:6,35:3,36:2,37:1,38:2,39:4,40:6,41:7,42:4,43:5,44:5,45:6,46:3,47:5,48:6,49:5,50:5
((105,92)0)21	1.8500504580779167	4.0	5.8500504580779165	1.9805090716082937e-13	1:14,2:4,3:2,4:5,5:4,6:5,7:4,8:6,9:6,10:2,11:7,12:7,13:6,14:10,15:5,16:8,17:5,18:3,19:8,20:3,21:6,22:6,23:5,24:5,25:5,26:9,27:5,28:7,29:4,30:5,31:6,32:4,33:8,34:4,35:3,36:3,37:4,38:6,39:6,40:7,41:5,42:3,43:2,44:6,45:4,46:1,47:5,48:6,49:5,50:3
(105,(92)21)0	1.9061558504073781	4.0	5.906155850407378	1.4960479884604554e-13	1:28,2:5,3:5,4:1,5:4,6:6,7:3,8:4,9:3,10:3,11:3,12:1,13:3,14:5,15:6,16:2,17:2,18:3,19:3,20:4,21:2,22:7,23:9,24:3,25:4,26:4,27:3,28:4,29:3,30:5,31:7,32:7,33:4,34:6,35:7,36:1,37:8,38:3,39:1,40:8,42:6,43:5,44:6,45:3,46:7,47:2,48:3,49:6,50:3
(((105)92)0)21	0.9610569012324423	5.0	5.961056901232443	1.1369186937541045e-13	1:11,2:2,3:1,4:2,5:3,6:1,7:2,8:3,11:3,13:1,14:2,15:2,16:1,17:1,18:4,19:1,20:5,21:2,23:1,24:2,25:1,26:1,27:1,28:2,29:4,30:2,31:2,33:2,35:1,36:5,37:1,38:4,39:3,40:2,41:1,42:1,43:3,44:1,45:1,46:1,48:1,49:1,50:2
(((92)105)21)0	0.9620560870935876	5.0	5.962056087093588	1.1312528930880805e-13	1:8,2:4,3:3,4:6,5:5,6:2,7:6,8:4,9:1,10:6,11:1,12:4,14:4,15:2,16:3,17:1,18:2,19:2,20:3,21:3,23:2,24:1,25:2,26:1,27:3,28:2,29:3,30:3,31:3,32:1,33:2,34:1,35:5,36:2,37:3,38:3,39:3,40:1,42:2,43:3,44:6,45:2,48:3,49:2,50:1
((105)21,92)0	1.9699105404890778	4.0	5.969910540489078	1.0876870905563766e-13	1:23,2:6,3:7,4:6,5:5,6:3,7:6,8:9,9:9,10:5,11:4,12:4,14:5,15:5,16:9,17:7,18:2,19:6,20:1,21:2,22:4,23:7,24:3,25:7,26:4,27:4,28:7,29:5,30:6,31:7,32:3,33:2,34:6,35:4,36:7,37:11,38:7,39:5,40:3,41:7,42:4,43:5,44:8,45:1,46:9,47:6,48:3,49:6,50:6
(((105)21)92)0	1.084196641370149	5.0	6.0841966413701485	6.142354238071207e-14	1:8,2:49,3:64,4:72,5:42,6:56,7:66,8:49,9:62,10:53,11:66,12:57,13:57,14:71,15:60,16:55,17:62,18:61,19:67,20:74,21:48,22:66,23:68,24:64,25:63,26:49,27:72,28:66,29:74,30:67,31:66,32:81,33:72,34:50,35:72,36:64,37:62,38:61,39:88,40:60,41:68,42:61,43:62,44:57,45:54,46:64,47:63,48:67,49:65,50:48
((105,92)21)0	1.8748880696984562	5.0	6.874888069698456	1.1786103163270963e-15	1:17,2:3,3:5,4:7,5:4,6:5,7:2,8:3,9:3,10:4,11:5,12:5,13:4,14:3,15:7,16:5,17:2,18:6,19:1,20:3,21:5,22:1,23:5,24:4,25:5,26:3,27:2,28:4,29:3,30:5,31:2,32:6,33:4,34:6,35:2,36:3,38:2,39:2,40:7,41:1,42:3,43:4,44:4,45:1,46:6,47:3,48:5,49:4,50:4
(((105)92)21)0	1.0489707551653626	6.0	7.048970755165363	4.935765177729597e-16	1:9,3:1,4:1,5:2,6:4,7:3,9:2,11:2,12:1,13:1,14:1,15:2,17:1,18:5,19:2,20:1,21:3,22:3,23:2,24:3,25:2,26:4,27:1,28:2,29:2,31:1,32:3,33:2,34:1,35:2,36:2,38:1,40:2,41:1,43:1,44:1,46:1,48:5,50:3
