# generation count = 50 
#
generation.index	generationHighestFitness	generationMedianFitness	populationHighestFitness	populationMedianFitness
1	0.6187818017205856	7.183230698066394e-09	0.6187818017205856	7.183230698066394e-09
2	0.6187818017205856	0.00014816855900427482	0.6187818017205856	1.5775919980566615e-07
3	0.6187818017205856	0.0023809146999005572	0.6187818017205856	4.2555263982608095e-06
4	0.6187818017205856	0.0023809146999005572	0.6187818017205856	5.225931378517976e-05
5	0.6187818017205856	0.00014816855900427482	0.6187818017205856	5.5001704770595606e-05
6	0.6187818017205856	0.0023809146999005572	0.6187818017205856	7.457133087933859e-05
7	0.6187818017205856	0.00024837047504884177	0.6187818017205856	0.00014816855900427482
8	0.6187818017205856	0.0023809146999005572	0.6187818017205856	0.00014816855900427482
9	0.6187818017205856	0.0023809146999005572	0.6187818017205856	0.00014816855900427482
10	0.6187818017205856	0.0013146425874746995	0.6187818017205856	0.00014816855900427482
11	0.6187818017205856	0.00024837047504884177	0.6187818017205856	0.00014816855900427482
12	0.6187818017205856	0.0013146425874746995	0.6187818017205856	0.00014816855900427482
13	0.6187818017205856	0.00024837047504884177	0.6187818017205856	0.00014816855900427482
14	0.6187818017205856	0.00024837047504884177	0.6187818017205856	0.00014816855900427482
15	0.6187818017205856	0.0023809146999005572	0.6187818017205856	0.00014816855900427482
16	0.6187818017205856	0.0023809146999005572	0.6187818017205856	0.00014816855900427482
17	0.6187818017205856	0.0023809146999005572	0.6187818017205856	0.00014816855900427482
18	0.6187818017205856	0.0023809146999005572	0.6187818017205856	0.00014816855900427482
19	0.6187818017205856	0.0023809146999005572	0.6187818017205856	0.00014816855900427482
20	0.6187818017205856	0.0023809146999005572	0.6187818017205856	0.00014816855900427482
21	0.6187818017205856	0.00024837047504884177	0.6187818017205856	0.00014816855900427482
22	0.6187818017205856	0.0023809146999005572	0.6187818017205856	0.00014816855900427482
23	0.6187818017205856	0.0023809146999005572	0.6187818017205856	0.00014816855900427482
24	0.6187818017205856	0.0023809146999005572	0.6187818017205856	0.00014816855900427482
25	0.6187818017205856	0.00024837047504884177	0.6187818017205856	0.00014816855900427482
26	0.6187818017205856	0.00019826951702655828	0.6187818017205856	0.00014816855900427482
27	0.6187818017205856	0.00014816855900427482	0.6187818017205856	0.00014816855900427482
28	0.6187818017205856	0.00024837047504884177	0.6187818017205856	0.00014816855900427482
29	0.6187818017205856	0.00014816855900427482	0.6187818017205856	0.00014816855900427482
30	0.6187818017205856	0.0023809146999005572	0.6187818017205856	0.00014816855900427482
31	0.6187818017205856	0.0023809146999005572	0.6187818017205856	0.00014816855900427482
32	0.6187818017205856	0.00024837047504884177	0.6187818017205856	0.00014816855900427482
33	0.6187818017205856	0.0023809146999005572	0.6187818017205856	0.00014816855900427482
34	0.6187818017205856	0.00014816855900427482	0.6187818017205856	0.00014816855900427482
35	0.6187818017205856	0.0023809146999005572	0.6187818017205856	0.00014816855900427482
36	0.6187818017205856	0.0023809146999005572	0.6187818017205856	0.00024837047504884177
37	0.6187818017205856	0.00014816855900427482	0.6187818017205856	0.00024837047504884177
38	0.6187818017205856	0.00014816855900427482	0.6187818017205856	0.00024837047504884177
39	0.6187818017205856	0.00024837047504884177	0.6187818017205856	0.00024837047504884177
40	0.6187818017205856	0.0023809146999005572	0.6187818017205856	0.00024837047504884177
41	0.6187818017205856	0.00014816855900427482	0.6187818017205856	0.00024837047504884177
42	0.6187818017205856	0.00019826951702655828	0.6187818017205856	0.00024837047504884177
43	0.6187818017205856	0.00014816855900427482	0.6187818017205856	0.00024837047504884177
44	0.6187818017205856	0.0023809146999005572	0.6187818017205856	0.00024837047504884177
45	0.6187818017205856	0.0023809146999005572	0.6187818017205856	0.00024837047504884177
46	0.6187818017205856	0.0023809146999005572	0.6187818017205856	0.00024837047504884177
47	0.6187818017205856	0.0023809146999005572	0.6187818017205856	0.00024837047504884177
48	0.6187818017205856	0.0023809146999005572	0.6187818017205856	0.00024837047504884177
49	0.6187818017205856	0.0023809146999005572	0.6187818017205856	0.00024837047504884177
50	0.6187818017205856	0.00024837047504884177	0.6187818017205856	0.00024837047504884177
############################################################
Topology	MassCost	TopologyCost	Cost	Fitness	appearances(generationID:count)
(((0)21)92)105	0.09600051393997294	0.0	0.09600051393997294	0.6187818017205856	1:7,2:165,3:194,4:211,5:196,6:197,7:198,8:232,9:186,10:187,11:215,12:201,13:189,14:210,15:191,16:199,17:211,18:187,19:229,20:227,21:194,22:196,23:200,24:168,25:222,26:187,27:191,28:193,29:196,30:216,31:181,32:196,33:208,34:181,35:217,36:196,37:195,38:175,39:202,40:185,41:205,42:205,43:188,44:201,45:214,46:192,47:210,48:216,49:212,50:190
(21,(0)92)105	0.7893180266601442	0.0	0.7893180266601442	0.019320469808163012	1:22,2:46,3:11,4:4,5:13,6:11,7:8,8:6,9:7,10:7,11:7,12:14,13:6,14:9,15:7,16:7,17:2,18:4,19:5,20:8,21:7,22:7,23:8,24:8,25:8,26:6,27:8,28:8,29:13,30:4,31:11,32:7,33:12,34:9,35:7,36:10,37:5,38:7,39:10,40:10,41:5,42:12,43:5,44:8,45:4,46:7,47:9,48:8,49:4,50:6
(0,(21)92)105	0.8252665428966349	0.0	0.8252665428966349	0.016141967612671747	1:9,2:43,3:43,4:56,5:49,6:42,7:52,8:51,9:66,10:52,11:56,12:45,13:57,14:44,15:40,16:48,17:58,18:53,19:32,20:40,21:67,22:51,23:52,24:59,25:50,26:48,27:44,28:59,29:54,30:44,31:52,32:52,33:44,34:44,35:59,36:45,37:50,38:53,39:45,40:58,41:41,42:51,43:55,44:49,45:53,46:56,47:36,48:45,49:52,50:38
((0)21,92)105	0.8360181332698311	0.0	0.8360181332698311	0.01529712056977484	1:20,2:54,3:50,4:41,5:46,6:48,7:57,8:46,9:63,10:56,11:51,12:44,13:51,14:51,15:50,16:48,17:52,18:53,19:43,20:42,21:45,22:56,23:51,24:56,25:39,26:56,27:47,28:43,29:40,30:40,31:60,32:50,33:64,34:44,35:48,36:56,37:50,38:56,39:57,40:52,41:38,42:48,43:45,44:52,45:48,46:46,47:53,48:52,49:50,50:49
((0,21)92)105	0.9064520009355156	0.0	0.9064520009355156	0.010756339205466795	1:11,2:54,3:45,4:48,5:50,6:52,7:52,8:53,9:44,10:45,11:38,12:55,13:36,14:52,15:48,16:62,17:59,18:59,19:51,20:56,21:48,22:64,23:47,24:64,25:41,26:45,27:51,28:44,29:46,30:57,31:59,32:44,33:49,34:52,35:54,36:51,37:53,38:44,39:54,40:57,41:44,42:38,43:52,44:59,45:67,46:49,47:58,48:51,49:43,50:64
(((21)0)92)105	0.12478475027064907	1.0	1.1247847502706492	0.003610446784220991	1:10,2:70,3:85,4:74,5:66,6:93,7:67,8:69,9:72,10:83,11:65,12:89,13:80,14:61,15:83,16:86,17:67,18:88,19:74,20:69,21:83,22:80,23:74,24:98,25:77,26:84,27:70,28:83,29:76,30:81,31:80,32:88,33:65,34:83,35:79,36:77,37:71,38:85,39:76,40:82,41:80,42:69,43:73,44:78,45:83,46:88,47:83,48:79,49:78,50:85
(((0)92)21)105	0.20805410748888264	1.0	1.2080541074888826	0.0023809146999005572	1:4,2:48,3:75,4:74,5:53,6:70,7:60,8:76,9:63,10:70,11:63,12:52,13:75,14:72,15:82,16:71,17:71,18:61,19:72,20:71,21:55,22:57,23:69,24:56,25:62,26:66,27:69,28:67,29:60,30:61,31:62,32:62,33:67,34:68,35:57,36:66,37:67,38:66,39:51,40:70,41:72,42:66,43:74,44:67,45:67,46:66,47:60,48:71,49:67,50:63
(0,21,92)105	1.660117815096266	0.0	1.660117815096266	0.00024837047504884177	1:38,2:17,3:13,4:9,5:7,6:7,7:13,8:7,9:9,10:8,11:9,12:10,13:11,14:7,15:4,16:10,17:14,18:13,19:11,20:6,21:9,22:7,23:8,24:15,25:9,26:8,27:15,28:4,29:10,30:10,31:8,32:7,33:11,34:6,35:12,36:11,37:7,38:13,39:11,40:14,41:13,42:11,43:6,44:4,45:5,46:13,47:14,48:10,49:7,50:13
(((0)21)105)92	0.7634320040155177	1.0	1.7634320040155176	0.00014816855900427482	1:9,2:58,3:59,4:67,5:73,6:56,7:76,8:62,9:72,10:51,11:61,12:78,13:75,14:68,15:66,16:66,17:77,18:57,19:52,20:53,21:56,22:62,23:70,24:56,25:58,26:67,27:67,28:74,29:68,30:57,31:60,32:52,33:58,34:54,35:59,36:70,37:61,38:55,39:69,40:57,41:52,42:59,43:60,44:48,45:67,46:70,47:60,48:64,49:69,50:50
((21)0,92)105	0.900750885836998	1.0	1.900750885836998	7.457133087933859e-05	1:25,2:13,3:10,4:10,5:11,6:8,7:8,8:5,9:10,10:8,11:3,12:8,13:10,14:9,15:10,16:7,17:5,18:10,19:6,20:11,21:10,22:10,23:13,24:7,25:8,26:5,27:11,28:8,29:6,30:11,31:8,32:14,33:9,34:12,35:11,36:12,37:13,38:6,39:6,40:9,41:10,42:7,43:5,44:12,45:6,46:4,47:6,48:10,49:11,50:6
((92)0,21)105	0.9616292754766306	1.0	1.9616292754766307	5.5001704770595606e-05	1:18,2:13,3:8,4:4,5:6,6:1,7:7,8:9,9:6,10:5,11:7,12:10,13:5,14:6,15:8,16:5,17:11,18:9,19:3,20:7,21:9,22:6,23:3,24:8,25:4,26:8,27:5,28:8,29:7,30:5,31:8,32:7,33:4,34:6,35:10,36:6,37:5,38:6,39:6,40:7,41:11,42:2,43:5,44:6,45:7,46:9,47:5,48:4,49:5,50:6
(0,(92)21)105	0.9718584857485887	1.0	1.9718584857485886	5.225931378517976e-05	1:34,2:10,3:8,4:6,5:8,6:5,7:2,8:5,9:6,10:6,11:5,12:7,13:3,14:2,15:5,16:7,17:5,18:6,19:4,20:5,21:10,22:5,23:3,24:11,25:9,26:5,27:7,28:5,29:3,30:4,31:1,32:5,33:8,34:5,35:5,36:2,37:3,38:10,39:12,40:6,41:3,42:5,43:6,44:8,45:7,46:5,47:4,48:3,50:8
((0,92)21)105	1.0462699412675487	1.0	2.046269941267549	3.602311629266767e-05	1:24,2:14,3:10,4:13,5:13,6:7,7:13,8:5,9:12,10:15,11:14,12:11,13:8,14:10,15:4,16:10,17:8,18:10,19:9,20:7,21:9,22:10,23:8,24:8,25:10,26:7,27:12,28:14,29:11,30:12,31:5,32:11,33:6,34:10,35:13,36:8,37:9,38:8,39:8,40:11,41:10,42:10,43:9,44:15,45:7,46:10,47:17,48:6,49:10,50:13
(((92)0)21)105	0.24452500382661146	2.0	2.2445250038266114	1.3368290724250908e-05	1:8,2:7,3:12,4:7,5:10,6:4,7:5,8:8,9:7,10:15,11:11,12:4,13:9,14:5,15:11,16:8,17:7,18:7,19:10,20:15,21:5,22:9,23:9,24:9,25:5,26:11,27:4,28:6,29:4,30:16,31:10,32:8,33:7,34:6,35:4,36:9,37:8,38:10,39:12,40:14,41:13,42:9,43:10,44:3,45:2,46:9,47:6,48:9,49:9,50:11
(((21)92)0)105	0.24672530454721053	2.0	2.2467253045472106	1.3222025469785723e-05	1:7,2:6,3:8,4:5,5:6,6:7,7:8,8:7,9:6,10:2,11:6,12:4,13:3,14:10,15:5,16:12,17:2,18:5,19:10,20:7,21:7,22:7,23:3,24:4,25:6,26:6,27:9,28:7,29:12,30:7,31:12,32:9,33:5,34:9,35:5,36:4,37:8,38:2,39:6,40:7,41:7,42:7,43:8,44:5,45:4,46:6,47:6,48:7,49:3,50:4
(0,(21)105)92	1.4734584181441972	1.0	2.4734584181441974	4.2555263982608095e-06	1:18,2:2,3:4,4:6,5:9,6:8,7:5,8:2,9:3,10:6,11:3,12:2,13:5,14:4,15:6,16:6,17:5,18:6,19:1,20:8,21:2,22:4,23:7,24:3,25:3,26:9,27:3,28:3,29:3,30:4,31:1,32:3,33:3,34:9,35:2,36:4,37:5,38:6,39:5,40:8,41:4,42:6,43:6,44:3,45:3,46:1,47:7,48:1,49:3,50:6
((0,21)105)92	1.480536275665537	1.0	2.480536275665537	4.107560005703549e-06	1:12,2:3,3:4,4:4,5:1,6:4,7:4,8:2,9:3,10:3,11:5,12:4,13:3,14:7,15:3,16:3,17:2,18:4,19:3,20:1,22:2,23:3,24:3,25:1,26:2,27:4,28:2,29:4,31:3,32:3,34:5,35:2,36:7,37:4,38:2,39:5,40:3,41:4,42:1,43:2,44:2,45:1,46:4,47:7,48:5,49:3,50:1
((0)105,21)92	1.540125407231502	1.0	2.540125407231502	3.049212991677224e-06	1:22,2:9,3:6,4:2,5:8,6:5,7:3,8:5,9:8,10:5,11:3,12:6,13:3,14:5,15:5,16:5,17:2,18:4,19:3,20:2,21:3,22:2,23:2,24:5,25:3,26:1,27:3,28:4,29:3,30:1,31:4,32:7,33:2,34:2,35:5,36:3,37:3,38:5,39:2,40:5,41:9,42:4,43:5,44:2,45:10,46:2,47:4,48:1,49:7,50:6
(105,(0)21)92	1.587025513841189	1.0	2.587025513841189	2.4118232307406568e-06	1:20,2:10,3:8,4:2,5:7,6:2,7:4,8:2,9:3,10:1,11:4,12:6,13:1,14:5,15:2,16:3,17:2,18:3,19:2,20:4,21:8,22:4,23:3,24:7,25:4,26:3,27:6,28:5,29:4,30:2,31:9,32:2,33:6,34:5,35:2,36:3,37:2,38:5,39:5,40:5,41:4,42:4,43:6,44:6,45:4,46:5,47:7,48:6,49:3,50:3
(((0)92)105)21	0.8376713368229385	2.0	2.8376713368229387	6.887712085676423e-07	1:3,2:1,4:1,5:1,6:1,7:2,8:1,10:4,11:2,13:1,15:3,17:1,18:1,19:5,20:1,22:3,23:1,24:4,26:1,28:1,29:2,30:2,31:1,32:1,33:2,34:4,35:4,37:6,38:2,39:1,42:2,43:2,44:3,45:4,46:3,47:1,49:1,50:3
(((21)0)105)92	0.8411166476764799	2.0	2.84111664767648	6.770076675096458e-07	1:9,2:2,3:7,4:11,5:4,6:5,7:7,8:5,9:3,10:7,11:6,12:3,13:12,14:6,15:7,16:3,17:5,18:8,19:1,20:5,21:6,22:5,23:9,24:4,25:4,26:6,27:7,28:3,29:5,30:4,31:4,32:5,33:7,34:6,35:5,36:5,37:7,38:5,39:5,40:11,41:5,42:6,43:4,44:5,45:6,46:7,47:3,48:5,49:7,50:5
(((0)105)21)92	0.8865717441532245	2.0	2.8865717441532244	5.393728718152367e-07	1:6,2:1,3:1,4:2,7:2,8:1,10:1,11:1,13:4,14:4,15:1,16:2,18:5,19:2,20:3,21:2,22:2,23:2,25:2,28:1,29:1,30:2,31:1,32:1,38:2,40:1,41:1,42:2,43:1,45:2,46:1,48:3,49:1,50:2
((21,92)0)105	1.1324392036661393	2.0	3.1324392036661393	1.5775919980566615e-07	1:14,2:7,3:15,4:11,5:11,6:10,7:13,8:13,9:7,10:10,11:9,12:15,13:9,14:14,15:14,16:12,17:12,18:15,19:11,20:10,21:18,22:16,23:14,24:10,25:15,26:19,27:13,28:16,29:17,30:10,31:13,32:16,33:15,34:10,35:8,36:13,37:12,38:14,39:11,40:7,41:14,42:13,43:14,44:16,45:9,46:11,47:11,48:9,49:13,50:14
(((92)21)0)105	0.33243885775953175	3.0	3.3324388577595316	5.8036466640062115e-08	1:5,2:67,3:56,4:63,5:70,6:77,7:53,8:50,9:76,10:60,11:67,12:58,13:63,14:61,15:78,16:61,17:69,18:56,19:69,20:70,21:82,22:61,23:57,24:80,25:56,26:65,27:68,28:72,29:71,30:67,31:67,32:75,33:71,34:77,35:56,36:63,37:63,38:80,39:76,40:61,41:68,42:63,43:69,44:64,45:59,46:65,47:63,48:73,49:60,50:66
(0,105,21)92	2.436690813377848	1.0	3.436690813377848	3.446043209518058e-08	1:53,2:7,3:9,4:6,5:4,6:14,7:12,8:16,9:7,10:6,11:9,12:9,13:5,14:6,15:10,16:12,17:9,18:4,19:14,20:9,21:9,22:13,23:6,24:8,25:6,26:13,27:11,28:9,29:10,30:8,31:8,32:9,33:8,34:9,35:4,36:9,37:12,38:9,39:12,40:4,41:6,42:7,43:13,44:6,45:6,46:13,47:13,48:10,49:7,50:4
(0,(92)105)21	1.5797255362878706	2.0	3.579725536287871	1.6854845049680757e-08	1:23,2:5,3:5,4:1,5:6,6:4,7:5,8:9,9:2,10:1,11:4,12:7,13:3,14:3,15:2,16:6,17:4,18:1,19:6,20:5,21:2,22:6,23:5,24:8,25:6,26:3,27:1,28:3,29:2,30:1,31:4,32:2,33:2,34:6,35:5,36:5,37:2,39:10,40:6,41:5,42:5,43:5,44:3,45:4,46:5,47:5,48:2,49:10,50:2
((21)0,105)92	1.5980431684148464	2.0	3.598043168414846	1.537972363610523e-08	1:21,2:2,3:6,4:5,5:2,6:8,7:5,8:4,9:2,10:4,11:4,12:2,13:5,14:5,15:1,16:6,17:4,18:7,19:3,20:8,21:5,22:2,23:2,24:1,25:3,26:1,27:1,28:2,29:8,30:4,31:5,32:2,33:2,34:6,35:7,36:5,37:7,38:5,39:1,40:4,41:4,42:5,43:1,44:2,45:7,46:2,47:4,48:4,49:3,50:4
((0,92)105)21	1.6136374723892875	2.0	3.6136374723892875	1.4226102408913371e-08	1:10,2:5,3:4,4:5,5:4,6:3,7:7,8:2,9:5,10:5,11:3,12:4,13:3,14:4,15:5,16:3,17:6,18:4,19:2,20:8,21:4,22:4,23:4,24:3,25:3,26:2,27:4,28:3,29:2,30:1,31:7,32:4,33:2,34:2,35:3,36:5,37:8,38:5,39:3,40:3,41:3,42:5,43:4,44:6,45:3,46:2,47:1,48:3,49:2,50:3
((0,105)21)92	1.6288259436181567	2.0	3.628825943618157	1.3185742323875083e-08	1:10,2:4,3:3,4:3,5:4,6:1,7:3,8:1,9:4,10:7,11:3,12:4,13:1,14:7,15:4,16:7,17:5,18:6,19:5,20:5,21:3,22:3,23:4,24:3,25:3,26:6,27:8,28:3,29:2,30:6,31:3,32:4,33:3,34:7,35:6,37:3,38:4,39:2,40:1,41:6,42:3,43:6,44:5,45:4,46:5,47:2,48:9,49:5,50:4
(0,(105)21)92	1.7439233377584542	2.0	3.743923337758454	7.416069116630663e-09	1:15,2:7,3:6,4:3,5:5,6:6,7:3,8:5,9:8,10:2,11:3,12:3,13:4,14:4,15:4,16:3,17:3,18:3,19:4,20:5,21:4,22:5,23:4,24:6,25:8,26:4,27:4,28:3,29:4,30:7,31:4,32:4,33:6,34:5,35:5,36:7,37:6,38:5,39:5,40:3,41:2,42:6,43:5,44:5,45:9,47:7,48:5,49:1,50:2
((0)105,92)21	1.750303319427807	2.0	3.750303319427807	7.183230698066394e-09	1:19,2:6,3:8,4:9,5:6,6:6,7:5,8:6,9:5,10:7,11:5,12:5,13:4,14:3,15:6,16:7,17:7,18:3,19:3,20:6,21:3,22:6,23:7,24:7,25:4,26:9,27:3,28:5,29:2,30:5,31:7,32:7,33:6,34:3,35:5,36:6,37:2,38:1,39:3,40:9,41:5,42:4,43:2,44:4,45:3,46:1,47:3,48:3,49:2,50:8
(105,(0)92)21	1.750503319427807	2.0	3.750503319427807	7.176051057786762e-09	1:27,2:9,3:3,4:4,5:7,6:5,7:3,8:7,9:4,10:4,11:2,12:3,13:6,14:3,15:5,16:1,17:4,18:6,19:2,20:6,21:2,22:4,23:5,24:3,25:3,26:5,27:5,28:2,30:4,31:3,32:7,33:4,34:5,35:3,36:6,37:3,38:3,39:4,40:5,41:4,42:1,43:3,44:2,45:4,47:4,48:7,49:5,50:4
((105)0,21)92	1.7982360779407063	2.0	3.7982360779407065	5.652429468957052e-09	1:29,2:2,3:6,4:2,5:4,6:3,7:3,8:1,9:4,11:4,12:3,13:6,14:5,15:6,16:6,17:5,18:4,19:2,20:4,21:4,23:5,24:3,25:11,26:6,27:3,28:3,29:6,30:2,31:1,32:4,33:5,34:5,36:7,37:1,38:1,39:3,40:4,41:5,42:5,43:2,44:7,45:5,46:3,47:5,48:3,49:6,50:4
(((21)105)0)92	0.8919840770051907	3.0	3.8919840770051906	3.5372353658134287e-09	1:5,2:6,4:1,5:3,6:3,8:1,9:1,11:4,12:2,13:2,14:1,15:1,16:4,17:1,18:4,20:1,24:1,26:1,28:4,30:1,31:3,32:3,33:3,36:1,37:1,39:2,42:1,43:1,44:1,45:2,46:2,47:1,48:1,49:1,50:1
(((0)105)92)21	0.9243860048947135	3.0	3.9243860048947132	3.0081817078949376e-09	1:7,2:50,3:65,4:52,5:64,6:63,7:68,8:68,9:54,10:76,11:73,12:77,13:72,14:62,15:65,16:66,17:47,18:80,19:58,20:67,21:63,22:67,23:65,24:70,25:67,26:56,27:70,28:62,29:64,30:63,31:67,32:68,33:71,34:79,35:57,36:60,37:74,38:81,39:66,40:74,41:65,42:85,43:67,44:54,45:64,46:68,47:53,48:69,49:79,50:54
(((21)92)105)0	0.9408844843354767	3.0	3.9408844843354767	2.7699891833644152e-09	1:9,2:1,3:1,4:4,5:1,6:1,8:1,10:1,11:2,12:1,13:1,14:2,15:2,17:3,18:1,19:3,20:3,23:3,24:1,25:2,26:3,27:1,28:3,30:1,31:1,34:1,35:1,36:1,37:2,39:2,40:2,41:3,42:1,43:3,44:1,45:2,47:1,48:1,49:3
(((105)0)21)92	0.9877845909451636	3.0	3.9877845909451635	2.190966744393898e-09	1:9,2:3,4:1,5:1,6:1,7:3,9:6,11:2,12:6,13:4,15:2,17:2,18:4,19:3,20:4,21:1,23:2,24:4,25:3,26:3,27:3,28:2,29:2,30:6,32:2,33:2,34:4,35:2,36:4,37:2,38:2,40:5,41:3,42:3,43:1,44:3,45:4,46:2,47:4,49:3,50:4
(((92)0)105)21	1.035096234039863	3.0	4.035096234039863	1.7294175348263945e-09	1:3,2:3,4:2,5:2,6:2,7:1,8:1,9:3,10:1,11:2,12:2,13:2,14:3,15:1,16:4,17:2,19:1,20:3,21:3,22:5,23:6,24:3,25:1,26:1,27:4,28:3,29:2,30:2,32:4,33:1,35:4,36:3,37:3,38:1,39:5,40:4,41:3,42:4,43:5,44:4,45:4,46:4,47:2,48:4,49:2
(0,105,92)21	2.6271777861423846	2.0	4.627177786142385	8.95800093555093e-11	1:40,2:13,3:7,4:11,5:6,6:6,7:3,8:7,9:7,10:5,11:4,12:5,13:10,14:6,15:16,16:9,17:9,18:4,19:6,20:6,21:8,22:9,23:9,24:11,25:8,26:9,27:12,28:7,29:10,30:13,31:12,32:12,33:5,34:10,35:18,36:13,37:5,38:5,39:7,40:3,41:6,42:3,43:9,44:5,45:8,46:7,47:4,48:6,49:8,50:8
((21,92)105)0	1.6809021036653349	3.0	4.680902103665335	6.847786796100903e-11	1:13,2:6,3:4,4:2,5:7,6:3,7:4,8:5,9:6,10:8,11:4,12:8,13:7,14:4,15:4,16:2,17:3,18:7,19:6,20:4,21:8,22:4,23:4,24:3,25:7,26:7,27:3,28:7,29:3,30:10,31:9,32:1,33:5,34:3,35:6,36:3,37:2,38:5,39:5,40:6,41:4,42:6,43:6,44:12,45:2,46:7,47:7,48:6,49:4,50:5
((0,105)92)21	1.6813125256330799	3.0	4.68131252563308	6.833748794130435e-11	1:16,2:6,3:5,4:1,5:3,6:1,7:3,8:2,9:4,10:8,11:5,12:4,13:2,14:3,15:1,16:5,17:2,18:3,19:4,20:4,21:3,22:5,23:4,24:4,25:2,26:1,27:4,28:5,29:4,30:6,31:3,32:4,33:7,34:3,35:3,36:2,37:2,38:2,39:4,40:5,41:6,42:5,43:5,44:2,45:2,46:4,47:2,48:4,49:4,50:4
((92)105,21)0	1.6983017429184954	3.0	4.6983017429184954	6.277220634192134e-11	1:15,2:5,3:3,4:5,5:3,6:4,7:2,8:4,9:1,10:7,11:8,12:2,13:4,14:6,15:5,16:4,17:1,18:3,19:6,20:3,21:2,22:2,23:5,24:2,25:3,26:1,27:9,28:3,29:5,30:7,31:4,32:2,33:5,34:2,35:1,36:2,37:6,38:8,39:4,40:1,41:4,42:3,43:5,44:4,45:3,46:4,47:3,49:1,50:4
((105,21)0)92	1.6985017429184954	3.0	4.698501742918495	6.270946551122332e-11	1:17,2:3,3:3,4:5,5:3,6:4,7:5,8:2,9:3,10:4,11:5,12:4,13:2,14:4,15:4,16:3,17:4,18:4,19:5,20:5,21:2,22:4,23:4,24:6,25:3,26:4,27:1,28:8,29:6,30:4,31:6,32:4,33:5,34:5,35:6,36:8,37:4,39:5,40:5,41:3,42:11,43:3,44:4,45:5,46:2,47:4,48:4,49:3,50:3
(0,(105)92)21	1.7628018386733795	3.0	4.762801838673379	4.546814280326271e-11	1:20,2:2,3:2,4:2,5:5,6:5,7:3,8:7,9:3,10:7,11:8,12:7,13:2,14:4,15:1,16:3,17:3,19:6,20:3,21:5,22:5,23:5,24:1,25:5,26:3,27:5,28:3,29:8,30:5,31:3,32:4,33:3,34:7,35:4,36:4,37:4,38:13,39:7,40:2,41:8,42:5,43:4,44:2,45:6,46:3,47:5,48:7,49:8,50:6
((92)0,105)21	1.7773504335047952	3.0	4.777350433504795	4.227808845459262e-11	1:15,2:6,3:6,4:4,5:3,6:6,7:5,8:6,9:6,10:5,11:6,12:2,13:3,14:10,15:7,16:5,17:2,18:1,19:8,21:6,22:2,23:6,24:6,25:4,26:3,27:5,28:5,29:7,30:7,31:6,32:3,33:2,34:4,35:3,36:1,37:7,38:1,39:6,40:3,41:7,42:3,43:6,44:9,45:2,46:5,47:4,48:4,49:5,50:5
((21)105,92)0	1.8031503514682297	3.0	4.803150351468229	3.716135430756644e-11	1:19,2:4,4:9,5:3,6:8,7:3,8:5,9:3,10:4,11:2,12:3,13:4,14:5,15:4,16:2,17:5,18:9,19:5,20:1,21:4,22:3,23:4,24:4,25:4,26:4,27:5,28:5,29:5,30:3,31:3,32:5,33:5,34:5,35:6,36:5,37:3,38:9,39:2,40:5,41:4,42:3,43:7,44:5,45:6,46:2,47:4,48:4,49:3,50:5
(105,(21)92)0	1.8522507587985158	3.0	4.852250758798515	2.9071761909497796e-11	1:22,2:3,3:7,4:5,5:6,6:2,7:1,8:3,9:1,10:8,11:6,12:2,13:8,14:2,15:10,16:5,17:5,18:7,19:8,20:2,21:7,22:5,23:3,24:4,25:2,26:3,27:4,28:6,29:3,30:2,31:3,32:10,33:5,34:11,35:7,36:4,37:6,38:2,39:4,40:4,41:7,42:2,43:8,44:6,45:2,46:7,47:5,48:3,49:2,50:4
(((21)105)92)0	0.9141567946227553	4.0	4.914156794622755	2.1332615438707784e-11	1:12,2:5,3:2,4:6,5:9,6:4,7:11,8:5,9:7,10:5,11:8,12:5,13:3,14:8,15:5,16:3,17:6,18:5,19:4,20:5,21:4,22:7,23:4,24:6,25:4,26:4,27:3,28:4,29:3,30:5,31:4,32:5,33:8,34:1,35:3,36:5,37:6,38:6,39:6,40:4,41:8,42:6,43:5,44:5,45:4,46:4,47:4,48:4,49:8,50:5
((105)0,92)21	1.9380540182727395	3.0	4.938054018272739	1.8930057913463376e-11	1:11,2:7,3:2,4:2,5:2,6:4,7:3,8:4,9:7,10:3,11:4,12:3,13:4,14:7,15:4,16:5,17:6,18:3,19:6,20:4,21:7,22:5,23:2,24:3,25:5,26:4,27:9,28:6,29:5,30:5,31:7,32:2,33:3,34:4,35:7,36:3,37:5,38:9,39:5,40:5,41:8,42:4,43:5,44:7,45:2,46:6,47:3,48:7,49:1,50:5
(((92)105)0)21	0.9386841836148776	4.0	4.938684183614877	1.8870506448794874e-11	1:3,2:2,3:2,4:1,7:1,8:3,9:2,12:2,13:1,14:1,15:3,17:5,21:2,22:3,23:1,25:2,26:3,27:1,28:2,30:1,31:1,33:3,34:2,35:5,36:2,37:2,38:1,39:2,40:1,41:1,42:1,43:3,44:3,45:1,46:1,47:1,48:4,49:3
(((105)21)0)92	0.9622560870935876	4.0	4.9622560870935875	1.677250067099573e-11	1:3,2:2,3:3,4:1,6:2,7:1,8:2,9:1,10:1,11:4,13:2,14:1,15:1,17:1,18:1,19:1,20:1,21:2,22:3,23:1,24:1,25:1,26:1,27:1,28:2,29:1,30:1,32:7,33:2,35:1,36:2,37:2,38:3,39:1,40:1,42:1,43:2,44:2,46:3,47:2,49:2,50:2
(((92)21)105)0	1.0996381844940735	4.0	5.099638184494074	8.438716245778334e-12	1:11,2:2,3:1,5:1,6:1,10:2,13:1,14:1,15:3,16:2,18:3,19:2,21:1,22:1,23:1,24:1,25:2,26:1,27:2,28:1,29:1,30:1,31:1,32:1,33:2,34:1,36:1,38:2,39:1,41:1,43:1,45:2,46:2,47:2,48:5,49:1,50:1
(((105)0)92)21	1.0998381844940734	4.0	5.0998381844940734	8.430281747484597e-12	1:3,2:4,3:5,4:7,5:9,6:2,7:11,8:5,9:6,10:4,11:7,12:4,13:6,14:3,15:4,16:9,17:2,18:8,19:4,20:9,21:4,22:4,23:4,24:8,25:4,26:8,27:7,28:3,29:9,30:7,31:6,32:7,33:5,34:6,35:6,36:9,37:7,38:3,39:3,40:2,41:4,42:10,43:6,44:5,45:7,46:1,47:5,48:2,49:5,50:7
(105,21,92)0	2.7346840621907313	3.0	5.734684062190731	3.5260769169791634e-13	1:47,2:8,3:10,4:13,5:13,6:6,7:8,8:7,9:11,10:5,11:6,12:11,13:8,14:6,15:7,16:8,17:8,18:10,19:8,20:10,21:5,22:8,23:10,24:4,25:10,26:8,27:6,28:5,29:8,30:5,31:10,32:5,33:5,34:9,35:6,36:13,37:7,38:6,39:4,40:7,41:6,42:10,43:5,44:8,45:5,46:9,47:10,48:6,49:12,50:8
((105,21)92)0	1.7377503044484266	4.0	5.737750304448427	3.4724301723179957e-13	1:15,3:4,4:2,5:2,7:2,8:2,9:8,10:1,11:6,12:1,13:3,14:2,15:1,16:4,18:3,19:3,20:3,21:5,22:1,23:2,24:1,25:6,26:2,27:2,28:2,29:3,30:3,31:2,32:2,33:2,34:3,35:7,36:2,37:2,38:2,39:5,40:1,42:6,43:3,44:4,45:3,46:4,47:3,48:1,49:2,50:7
(21,(105)92)0	1.84897110107197	4.0	5.84897110107197	1.9912263467201728e-13	1:22,2:10,3:6,4:4,5:4,6:8,7:6,8:7,9:3,10:5,11:3,12:4,13:3,14:2,15:4,16:3,17:5,18:4,19:5,20:5,21:2,22:5,23:4,24:7,25:9,26:9,27:3,28:7,29:5,30:5,31:5,32:4,33:9,34:5,35:9,36:4,37:8,38:3,39:6,40:3,41:4,42:6,43:7,44:5,45:3,46:3,47:5,48:4,49:11,50:5
((105,92)0)21	1.8500504580779167	4.0	5.8500504580779165	1.9805090716082937e-13	1:18,2:7,3:5,4:3,5:5,6:3,7:6,8:3,9:5,10:9,11:4,12:8,13:5,14:5,15:3,16:3,17:4,18:5,19:13,20:5,21:4,22:4,23:3,24:4,25:5,26:5,27:3,28:4,29:1,30:6,31:3,32:5,33:4,34:5,35:4,36:10,37:4,38:2,39:6,40:5,41:5,42:4,43:9,44:1,45:5,46:3,47:9,48:6,49:3,50:7
(105,(92)21)0	1.9061558504073781	4.0	5.906155850407378	1.4960479884604554e-13	1:29,2:3,3:4,4:4,5:4,6:2,7:7,8:6,9:4,10:6,11:4,12:1,13:6,14:5,15:5,16:3,17:5,18:3,19:2,20:5,21:4,22:7,23:4,24:1,25:5,26:5,27:5,28:5,29:5,30:4,31:4,32:4,33:3,34:4,35:5,36:2,37:3,38:2,39:2,40:3,41:3,42:2,43:4,44:7,45:3,46:2,47:4,48:1,49:7,50:4
(((105)92)0)21	0.9610569012324423	5.0	5.961056901232443	1.1369186937541045e-13	1:5,2:3,3:2,4:1,5:3,6:3,8:2,9:2,10:2,11:1,12:1,13:1,14:5,15:1,16:1,18:2,21:2,22:3,24:1,25:2,28:3,29:1,30:5,31:1,32:1,33:2,34:1,35:3,37:2,39:1,40:2,42:2,43:4,44:1,45:2,46:2,47:3,48:1,49:1
(((92)105)21)0	0.9620560870935876	5.0	5.962056087093588	1.1312528930880805e-13	1:7,2:4,3:4,4:3,5:3,6:2,7:2,8:3,9:6,11:2,12:1,13:6,14:2,16:1,17:1,18:1,19:3,20:1,21:2,22:3,23:2,24:3,25:2,26:1,28:4,29:2,30:2,31:2,32:2,33:4,34:1,35:1,36:2,37:2,38:3,39:2,40:3,41:1,42:2,43:3,44:2,45:6,46:2,48:4,49:3,50:5
((105)21,92)0	1.9699105404890778	4.0	5.969910540489078	1.0876870905563766e-13	1:15,2:9,3:3,4:5,5:3,6:6,7:3,8:2,9:2,10:2,11:3,12:5,13:1,14:7,15:4,16:3,17:5,18:3,19:4,20:8,21:5,22:5,23:1,24:3,25:3,26:3,27:3,28:4,29:9,30:3,31:3,32:3,33:3,35:4,36:4,37:7,38:7,39:4,40:3,41:8,42:6,43:3,44:2,46:6,47:5,48:3,49:1,50:8
(((105)21)92)0	1.084196641370149	5.0	6.0841966413701485	6.142354238071207e-14	1:6,2:54,3:57,4:69,5:68,6:70,7:65,8:62,9:60,10:71,11:64,12:53,13:68,14:65,15:54,16:46,17:63,18:54,19:73,20:49,21:63,22:56,23:76,24:45,25:80,26:76,27:67,28:54,29:72,30:58,31:63,32:56,33:60,34:63,35:55,36:56,37:65,38:66,39:54,40:57,41:70,42:59,43:55,44:76,45:58,46:72,47:67,48:53,49:50,50:85
((105,92)21)0	1.8748880696984562	5.0	6.874888069698456	1.1786103163270963e-15	1:15,3:1,4:3,5:3,6:7,7:6,8:1,9:3,10:5,11:2,12:8,13:1,14:2,15:2,16:4,17:6,18:6,19:1,20:5,21:4,22:3,23:6,24:7,25:3,26:5,27:7,28:6,29:3,30:2,31:5,32:6,33:1,34:5,35:2,36:1,37:4,38:5,39:1,40:5,41:2,42:3,43:3,44:4,45:2,46:3,47:2,48:2,49:3,50:1
(((105)92)21)0	1.0489707551653626	6.0	7.048970755165363	4.935765177729597e-16	1:6,2:2,3:4,4:3,5:1,6:1,7:2,8:1,9:2,10:2,11:3,12:2,13:2,14:4,16:1,19:3,21:1,22:2,23:1,25:3,26:2,27:1,28:2,29:1,30:2,31:1,33:4,34:1,35:2,36:2,37:2,38:1,41:3,42:2,43:1,45:1,47:2,49:2
