Topology	MassCost	TopologyCost	Cost	Fitness	#(Runs)
(((0)21)92)105	0.0960	0.0000	0.0960	0.6188	10
(21,(0)92)105	0.7893	0.0000	0.7893	0.0193	10
(0,(21)92)105	0.8253	0.0000	0.8253	0.0161	10
((0)21,92)105	0.8360	0.0000	0.8360	0.0153	10
((0,21)92)105	0.9065	0.0000	0.9065	0.0108	10
(((21)0)92)105	0.1248	1.0000	1.1248	0.0036	10
(((0)92)21)105	0.2081	1.0000	1.2081	0.0024	10
(0,21,92)105	1.6601	0.0000	1.6601	0.0002	10
(((0)21)105)92	0.7634	1.0000	1.7634	0.0001	10
((21)0,92)105	0.9008	1.0000	1.9008	0.0001	10
((92)0,21)105	0.9616	1.0000	1.9616	0.0001	10
(0,(92)21)105	0.9719	1.0000	1.9719	0.0001	10
((0,92)21)105	1.0463	1.0000	2.0463	0.0000	10
(((92)0)21)105	0.2445	2.0000	2.2445	0.0000	10
(((21)92)0)105	0.2467	2.0000	2.2467	0.0000	10
(0,(21)105)92	1.4735	1.0000	2.4735	0.0000	10
((0,21)105)92	1.4805	1.0000	2.4805	0.0000	10
((0)105,21)92	1.5401	1.0000	2.5401	0.0000	10
(105,(0)21)92	1.5870	1.0000	2.5870	0.0000	10
(((0)92)105)21	0.8377	2.0000	2.8377	0.0000	10
(((21)0)105)92	0.8411	2.0000	2.8411	0.0000	10
(((0)105)21)92	0.8866	2.0000	2.8866	0.0000	10
((21,92)0)105	1.1324	2.0000	3.1324	0.0000	10
(((92)21)0)105	0.3324	3.0000	3.3324	0.0000	10
(0,105,21)92	2.4367	1.0000	3.4367	0.0000	10
(0,(92)105)21	1.5797	2.0000	3.5797	0.0000	10
((21)0,105)92	1.5980	2.0000	3.5980	0.0000	10
((0,92)105)21	1.6136	2.0000	3.6136	0.0000	10
((0,105)21)92	1.6288	2.0000	3.6288	0.0000	10
(0,(105)21)92	1.7439	2.0000	3.7439	0.0000	10
((0)105,92)21	1.7503	2.0000	3.7503	0.0000	10
(105,(0)92)21	1.7505	2.0000	3.7505	0.0000	10
((105)0,21)92	1.7982	2.0000	3.7982	0.0000	10
(((21)105)0)92	0.8920	3.0000	3.8920	0.0000	10
(((0)105)92)21	0.9244	3.0000	3.9244	0.0000	10
(((21)92)105)0	0.9409	3.0000	3.9409	0.0000	10
(((105)0)21)92	0.9878	3.0000	3.9878	0.0000	10
(((92)0)105)21	1.0351	3.0000	4.0351	0.0000	10
(0,105,92)21	2.6272	2.0000	4.6272	0.0000	10
((21,92)105)0	1.6809	3.0000	4.6809	0.0000	10
((0,105)92)21	1.6813	3.0000	4.6813	0.0000	10
((92)105,21)0	1.6983	3.0000	4.6983	0.0000	10
((105,21)0)92	1.6985	3.0000	4.6985	0.0000	10
(0,(105)92)21	1.7628	3.0000	4.7628	0.0000	10
((92)0,105)21	1.7774	3.0000	4.7774	0.0000	10
((21)105,92)0	1.8032	3.0000	4.8032	0.0000	10
(105,(21)92)0	1.8523	3.0000	4.8523	0.0000	10
(((21)105)92)0	0.9142	4.0000	4.9142	0.0000	10
((105)0,92)21	1.9381	3.0000	4.9381	0.0000	10
(((92)105)0)21	0.9387	4.0000	4.9387	0.0000	10
(((105)21)0)92	0.9623	4.0000	4.9623	0.0000	10
(((92)21)105)0	1.0996	4.0000	5.0996	0.0000	10
(((105)0)92)21	1.0998	4.0000	5.0998	0.0000	10
(105,21,92)0	2.7347	3.0000	5.7347	0.0000	10
((105,21)92)0	1.7378	4.0000	5.7378	0.0000	10
(21,(105)92)0	1.8490	4.0000	5.8490	0.0000	10
((105,92)0)21	1.8501	4.0000	5.8501	0.0000	10
(105,(92)21)0	1.9062	4.0000	5.9062	0.0000	10
(((105)92)0)21	0.9611	5.0000	5.9611	0.0000	10
(((92)105)21)0	0.9621	5.0000	5.9621	0.0000	10
((105)21,92)0	1.9699	4.0000	5.9699	0.0000	10
(((105)21)92)0	1.0842	5.0000	6.0842	0.0000	10
((105,92)21)0	1.8749	5.0000	6.8749	0.0000	10
(((105)92)21)0	1.0490	6.0000	7.0490	0.0000	10
