# generation count = 50 
#
generation.index	generationHighestFitness	generationMedianFitness	populationHighestFitness	populationMedianFitness
1	0.6187818017205856	7.176051057786762e-09	0.6187818017205856	7.176051057786762e-09
2	0.6187818017205856	0.00024837047504884177	0.6187818017205856	5.8036466640062115e-08
3	0.6187818017205856	0.00024837047504884177	0.6187818017205856	4.2555263982608095e-06
4	0.6187818017205856	0.0023809146999005572	0.6187818017205856	5.225931378517976e-05
5	0.6187818017205856	0.0023809146999005572	0.6187818017205856	7.457133087933859e-05
6	0.6187818017205856	0.00014816855900427482	0.6187818017205856	0.00014816855900427482
7	0.6187818017205856	0.0023809146999005572	0.6187818017205856	0.00014816855900427482
8	0.6187818017205856	0.0023809146999005572	0.6187818017205856	0.00014816855900427482
9	0.6187818017205856	0.00024837047504884177	0.6187818017205856	0.00014816855900427482
10	0.6187818017205856	0.0023809146999005572	0.6187818017205856	0.00014816855900427482
11	0.6187818017205856	0.00024837047504884177	0.6187818017205856	0.00014816855900427482
12	0.6187818017205856	0.00024837047504884177	0.6187818017205856	0.00014816855900427482
13	0.6187818017205856	0.00024837047504884177	0.6187818017205856	0.00014816855900427482
14	0.6187818017205856	0.0023809146999005572	0.6187818017205856	0.00014816855900427482
15	0.6187818017205856	0.0023809146999005572	0.6187818017205856	0.00014816855900427482
16	0.6187818017205856	0.0023809146999005572	0.6187818017205856	0.00014816855900427482
17	0.6187818017205856	0.00024837047504884177	0.6187818017205856	0.00014816855900427482
18	0.6187818017205856	0.0023809146999005572	0.6187818017205856	0.00014816855900427482
19	0.6187818017205856	0.0023809146999005572	0.6187818017205856	0.00014816855900427482
20	0.6187818017205856	0.00014816855900427482	0.6187818017205856	0.00014816855900427482
21	0.6187818017205856	0.00014816855900427482	0.6187818017205856	0.00014816855900427482
22	0.6187818017205856	0.0023809146999005572	0.6187818017205856	0.00014816855900427482
23	0.6187818017205856	0.0023809146999005572	0.6187818017205856	0.00014816855900427482
24	0.6187818017205856	0.00024837047504884177	0.6187818017205856	0.00014816855900427482
25	0.6187818017205856	0.00014816855900427482	0.6187818017205856	0.00014816855900427482
26	0.6187818017205856	0.0023809146999005572	0.6187818017205856	0.00014816855900427482
27	0.6187818017205856	0.0023809146999005572	0.6187818017205856	0.00014816855900427482
28	0.6187818017205856	0.0023809146999005572	0.6187818017205856	0.00014816855900427482
29	0.6187818017205856	0.0023809146999005572	0.6187818017205856	0.00014816855900427482
30	0.6187818017205856	0.0023809146999005572	0.6187818017205856	0.00014816855900427482
31	0.6187818017205856	0.0023809146999005572	0.6187818017205856	0.00024837047504884177
32	0.6187818017205856	0.0023809146999005572	0.6187818017205856	0.00024837047504884177
33	0.6187818017205856	0.0023809146999005572	0.6187818017205856	0.00024837047504884177
34	0.6187818017205856	0.00014816855900427482	0.6187818017205856	0.00024837047504884177
35	0.6187818017205856	0.0023809146999005572	0.6187818017205856	0.00024837047504884177
36	0.6187818017205856	0.00024837047504884177	0.6187818017205856	0.00024837047504884177
37	0.6187818017205856	0.00014816855900427482	0.6187818017205856	0.00024837047504884177
38	0.6187818017205856	0.0023809146999005572	0.6187818017205856	0.00024837047504884177
39	0.6187818017205856	0.0023809146999005572	0.6187818017205856	0.00024837047504884177
40	0.6187818017205856	0.00024837047504884177	0.6187818017205856	0.00024837047504884177
41	0.6187818017205856	0.00014816855900427482	0.6187818017205856	0.00024837047504884177
42	0.6187818017205856	0.0023809146999005572	0.6187818017205856	0.00024837047504884177
43	0.6187818017205856	0.0023809146999005572	0.6187818017205856	0.00024837047504884177
44	0.6187818017205856	0.0023809146999005572	0.6187818017205856	0.00024837047504884177
45	0.6187818017205856	0.00014816855900427482	0.6187818017205856	0.00024837047504884177
46	0.6187818017205856	0.0013146425874746995	0.6187818017205856	0.00024837047504884177
47	0.6187818017205856	0.00024837047504884177	0.6187818017205856	0.00024837047504884177
48	0.6187818017205856	0.00024837047504884177	0.6187818017205856	0.00024837047504884177
49	0.6187818017205856	0.00014816855900427482	0.6187818017205856	0.00024837047504884177
50	0.6187818017205856	0.0023809146999005572	0.6187818017205856	0.00024837047504884177
############################################################
Topology	MassCost	TopologyCost	Cost	Fitness	appearances(generationID:count)
(((0)21)92)105	0.09600051393997294	0.0	0.09600051393997294	0.6187818017205856	1:7,2:170,3:188,4:213,5:213,6:197,7:199,8:214,9:195,10:202,11:202,12:218,13:213,14:206,15:198,16:206,17:207,18:212,19:203,20:208,21:189,22:189,23:204,24:216,25:201,26:221,27:218,28:215,29:220,30:206,31:221,32:193,33:213,34:194,35:208,36:202,37:195,38:198,39:207,40:198,41:204,42:203,43:208,44:204,45:200,46:203,47:207,48:201,49:179,50:209
(21,(0)92)105	0.7893180266601442	0.0	0.7893180266601442	0.019320469808163012	1:10,2:21,3:11,4:10,5:9,6:7,7:12,8:14,9:2,10:10,11:13,12:8,13:5,14:12,15:8,16:10,17:7,18:5,19:9,20:6,21:14,22:7,23:12,24:7,25:4,26:11,27:6,28:15,29:8,30:7,31:11,32:7,33:9,34:4,35:11,36:12,37:9,38:12,39:14,40:5,41:5,42:8,43:16,44:6,45:11,46:7,47:6,48:9,49:7,50:7
(0,(21)92)105	0.8252665428966349	0.0	0.8252665428966349	0.016141967612671747	1:20,2:65,3:49,4:58,5:48,6:44,7:41,8:38,9:40,10:47,11:40,12:42,13:47,14:55,15:52,16:53,17:44,18:57,19:48,20:47,21:50,22:56,23:53,24:42,25:56,26:45,27:51,28:36,29:55,30:55,31:43,32:53,33:53,34:49,35:53,36:57,37:49,38:42,39:53,40:47,41:41,42:42,43:36,44:43,45:39,46:52,47:49,48:54,49:62,50:68
((0)21,92)105	0.8360181332698311	0.0	0.8360181332698311	0.01529712056977484	1:21,2:60,3:61,4:45,5:44,6:46,7:51,8:52,9:48,10:57,11:55,12:43,13:46,14:53,15:48,16:50,17:40,18:54,19:42,20:46,21:41,22:43,23:52,24:48,25:40,26:48,27:36,28:45,29:37,30:39,31:44,32:56,33:49,34:40,35:48,36:42,37:54,38:39,39:43,40:55,41:62,42:44,43:53,44:51,45:46,46:60,47:38,48:46,49:48,50:45
((0,21)92)105	0.9064520009355156	0.0	0.9064520009355156	0.010756339205466795	1:17,2:56,3:61,4:49,5:68,6:48,7:69,8:49,9:52,10:43,11:52,12:42,13:53,14:46,15:50,16:48,17:51,18:57,19:45,20:39,21:44,22:56,23:50,24:50,25:59,26:34,27:50,28:48,29:46,30:48,31:51,32:42,33:46,34:48,35:46,36:60,37:50,38:59,39:55,40:56,41:54,42:58,43:63,44:65,45:45,46:52,47:58,48:51,49:43,50:42
(((21)0)92)105	0.12478475027064907	1.0	1.1247847502706492	0.003610446784220991	1:3,2:74,3:59,4:70,5:76,6:78,7:66,8:94,9:86,10:93,11:80,12:63,13:75,14:69,15:86,16:70,17:73,18:91,19:100,20:79,21:78,22:94,23:75,24:66,25:56,26:80,27:90,28:84,29:76,30:88,31:95,32:85,33:80,34:77,35:73,36:67,37:68,38:88,39:84,40:82,41:66,42:87,43:65,44:72,45:68,46:73,47:73,48:73,49:83,50:75
(((0)92)21)105	0.20805410748888264	1.0	1.2080541074888826	0.0023809146999005572	1:2,2:43,3:68,4:65,5:59,6:63,7:65,8:65,9:71,10:74,11:52,12:72,13:54,14:64,15:63,16:73,17:74,18:57,19:56,20:60,21:71,22:74,23:58,24:65,25:69,26:76,27:60,28:61,29:61,30:64,31:60,32:70,33:64,34:65,35:72,36:54,37:56,38:67,39:62,40:56,41:60,42:67,43:70,44:69,45:62,46:53,47:64,48:62,49:58,50:74
(0,21,92)105	1.660117815096266	0.0	1.660117815096266	0.00024837047504884177	1:50,2:32,3:11,4:4,5:12,6:4,7:10,8:11,9:9,10:9,11:11,12:15,13:9,14:8,15:6,16:6,17:5,18:9,19:10,20:10,21:10,22:6,23:6,24:11,25:5,26:5,27:11,28:7,29:3,30:9,31:8,32:4,33:4,34:13,35:14,36:12,37:11,38:8,39:5,40:14,41:4,42:6,43:11,44:6,45:13,46:11,47:13,48:6,49:11,50:11
(((0)21)105)92	0.7634320040155177	1.0	1.7634320040155176	0.00014816855900427482	1:4,2:66,3:63,4:66,5:69,6:71,7:60,8:70,9:68,10:56,11:64,12:55,13:65,14:70,15:62,16:57,17:58,18:68,19:62,20:81,21:68,22:61,23:63,24:71,25:74,26:55,27:71,28:72,29:60,30:66,31:55,32:70,33:64,34:68,35:54,36:62,37:59,38:62,39:74,40:74,41:67,42:59,43:61,44:64,45:65,46:76,47:64,48:70,49:59,50:58
((21)0,92)105	0.900750885836998	1.0	1.900750885836998	7.457133087933859e-05	1:18,2:11,3:15,4:7,5:8,6:11,7:6,8:5,9:12,10:7,11:13,12:8,13:5,14:4,15:6,16:7,17:12,18:7,19:6,20:12,21:11,22:7,23:11,24:9,25:6,26:10,27:12,28:6,29:8,30:14,31:8,32:10,33:6,34:9,35:9,36:8,37:9,38:10,39:9,40:7,41:9,42:9,43:7,44:8,45:13,46:10,47:11,48:11,49:11,50:6
((92)0,21)105	0.9616292754766306	1.0	1.9616292754766307	5.5001704770595606e-05	1:15,2:8,3:5,4:5,5:6,6:7,7:8,8:8,9:10,10:5,11:8,12:9,13:4,14:9,15:10,16:8,17:6,18:6,19:2,20:5,21:5,22:8,23:4,24:4,25:12,26:6,27:4,28:6,29:2,30:8,31:6,32:4,33:7,34:7,35:10,36:3,37:4,38:7,39:6,40:7,41:7,42:10,43:5,44:6,45:6,46:3,47:4,48:3,49:14,50:4
(0,(92)21)105	0.9718584857485887	1.0	1.9718584857485886	5.225931378517976e-05	1:20,2:9,3:6,4:12,5:7,6:4,7:4,8:5,9:10,10:5,11:7,12:9,13:7,14:5,15:3,16:3,17:3,18:6,19:8,20:5,21:7,22:7,23:7,24:10,25:6,26:9,27:4,28:3,29:6,30:5,31:6,32:3,33:6,34:6,35:5,36:10,37:6,38:7,39:5,40:7,41:4,42:5,43:2,44:10,45:3,46:6,47:6,48:4,49:5,50:4
((0,92)21)105	1.0462699412675487	1.0	2.046269941267549	3.602311629266767e-05	1:15,2:13,3:11,4:7,5:12,6:10,7:6,8:7,9:4,10:10,11:11,12:8,13:9,14:8,15:6,16:11,17:9,18:8,19:9,20:9,21:14,22:8,23:10,24:12,25:13,26:9,27:7,28:3,29:7,30:14,31:10,32:15,33:11,34:6,35:9,36:7,37:9,38:10,39:14,40:9,41:11,42:5,43:5,44:6,45:13,46:9,47:11,48:11,49:13,50:8
(((92)0)21)105	0.24452500382661146	2.0	2.2445250038266114	1.3368290724250908e-05	1:6,2:7,3:10,4:14,5:13,6:7,7:9,8:5,9:8,10:11,11:13,12:10,13:6,14:8,15:7,16:6,17:7,18:7,19:6,20:8,21:7,22:6,23:6,24:5,25:4,26:8,27:6,28:6,29:8,30:10,31:11,32:11,33:11,34:10,35:6,36:8,37:13,38:9,39:14,40:7,41:7,42:8,43:7,44:17,45:6,46:7,47:4,48:6,49:17,50:10
(((21)92)0)105	0.24672530454721053	2.0	2.2467253045472106	1.3222025469785723e-05	1:4,2:6,3:7,4:6,5:4,6:7,7:7,8:4,9:8,10:6,11:10,12:4,13:9,14:5,15:6,16:6,17:7,18:6,19:6,20:4,21:9,22:6,23:7,24:7,25:6,26:5,27:4,28:4,29:9,30:6,31:6,32:5,33:5,34:6,35:12,36:7,37:7,38:5,39:8,40:7,41:10,42:6,43:3,44:11,45:7,46:6,47:6,48:2,49:8,50:6
(0,(21)105)92	1.4734584181441972	1.0	2.4734584181441974	4.2555263982608095e-06	1:19,2:6,3:6,4:3,5:4,6:4,7:3,8:4,9:7,10:8,11:3,12:6,13:7,14:2,15:4,16:10,17:5,18:7,19:4,20:2,21:4,22:7,23:2,24:4,25:5,26:5,27:9,28:7,29:8,30:3,31:8,32:7,33:2,34:2,35:10,36:2,37:4,38:3,39:11,40:6,41:7,42:7,43:5,44:7,45:2,46:4,47:6,48:9,49:4,50:1
((0,21)105)92	1.480536275665537	1.0	2.480536275665537	4.107560005703549e-06	1:10,2:2,3:7,4:3,5:5,6:4,7:2,8:3,9:2,10:3,11:3,12:1,13:2,14:3,16:2,17:2,18:2,19:3,20:3,21:3,22:1,23:3,24:2,25:3,26:5,27:2,28:1,29:6,30:2,31:1,32:4,33:5,34:6,35:3,36:1,37:2,38:3,39:1,40:4,41:4,42:1,43:3,44:1,45:1,46:3,47:4,48:2,50:5
((0)105,21)92	1.540125407231502	1.0	2.540125407231502	3.049212991677224e-06	1:21,2:6,3:6,4:4,5:5,6:4,8:4,9:2,10:4,11:3,12:6,13:5,14:3,15:6,16:5,17:4,18:3,19:2,20:3,21:5,22:2,23:4,24:4,25:4,26:2,27:4,28:3,29:9,30:5,31:3,32:3,33:4,34:2,35:5,36:6,37:3,38:10,39:4,40:3,41:3,42:2,43:4,44:3,45:3,46:6,47:7,48:5,49:2,50:4
(105,(0)21)92	1.587025513841189	1.0	2.587025513841189	2.4118232307406568e-06	1:15,2:11,3:5,4:6,5:6,6:8,7:4,8:5,9:6,10:4,11:7,12:7,13:4,14:10,15:8,16:5,17:8,18:1,19:4,20:5,21:1,22:3,23:3,24:5,25:4,26:4,27:5,28:5,29:2,30:2,31:4,32:3,33:3,34:5,35:3,36:3,37:3,38:5,39:2,40:3,41:3,42:6,43:3,44:1,45:2,46:2,47:6,48:1,49:7,50:4
(((0)92)105)21	0.8376713368229385	2.0	2.8376713368229387	6.887712085676423e-07	1:3,4:1,7:1,9:3,10:3,11:3,12:1,15:3,16:3,17:1,19:2,21:2,22:3,23:2,25:1,27:1,28:2,30:1,31:3,32:1,33:1,34:1,35:1,38:1,39:1,40:3,41:1,43:4,44:1,45:2,47:2,48:1,49:4,50:4
(((21)0)105)92	0.8411166476764799	2.0	2.84111664767648	6.770076675096458e-07	1:8,2:7,3:4,4:7,5:5,6:9,7:10,8:6,9:4,10:5,11:4,12:4,13:6,14:4,15:4,16:7,17:7,18:3,19:6,20:1,21:4,22:6,23:4,24:8,25:8,26:6,27:7,28:4,29:5,30:3,31:5,32:7,33:8,34:3,35:5,36:5,37:4,38:4,39:4,40:6,41:7,42:3,43:7,44:6,45:5,46:9,47:6,48:6,49:4,50:8
(((0)105)21)92	0.8865717441532245	2.0	2.8865717441532244	5.393728718152367e-07	1:5,2:1,3:1,4:1,5:2,6:1,7:2,8:1,9:1,11:3,12:3,14:3,15:1,17:2,18:1,19:3,20:2,21:4,22:4,23:1,25:1,26:2,27:2,28:2,30:2,31:1,32:4,33:2,34:1,37:1,38:1,40:2,41:1,42:1,44:2,45:1,46:2,47:3,48:1,49:1,50:1
((21,92)0)105	1.1324392036661393	2.0	3.1324392036661393	1.5775919980566615e-07	1:16,2:13,3:11,4:10,5:7,6:11,7:14,8:9,9:21,10:16,11:16,12:11,13:11,14:11,15:9,16:14,17:11,18:14,19:15,20:17,21:4,22:13,23:9,24:14,25:10,26:9,27:12,28:21,29:7,30:17,31:10,32:8,33:10,34:11,35:8,36:14,37:21,38:8,39:7,40:12,41:14,42:12,43:9,44:18,45:13,46:10,47:16,48:18,49:11,50:8
(((92)21)0)105	0.33243885775953175	3.0	3.3324388577595316	5.8036466640062115e-08	1:6,2:51,3:55,4:54,5:50,6:57,7:64,8:68,9:49,10:60,11:67,12:68,13:63,14:60,15:84,16:75,17:82,18:49,19:63,20:72,21:63,22:59,23:61,24:69,25:65,26:62,27:59,28:63,29:59,30:56,31:59,32:71,33:72,34:68,35:76,36:73,37:75,38:63,39:45,40:60,41:72,42:77,43:72,44:48,45:82,46:57,47:77,48:60,49:58,50:66
(0,105,21)92	2.436690813377848	1.0	3.436690813377848	3.446043209518058e-08	1:46,2:10,3:14,4:4,5:5,6:6,7:10,8:9,9:12,10:7,11:9,12:10,13:9,14:10,15:5,16:11,17:6,18:5,19:8,20:5,21:7,22:9,23:8,24:12,25:8,26:5,27:10,28:14,29:5,30:7,31:7,32:8,33:6,34:13,35:3,36:11,37:4,38:9,39:7,40:10,41:9,42:15,43:13,44:7,45:5,46:11,47:9,48:12,49:6,50:11
(0,(92)105)21	1.5797255362878706	2.0	3.579725536287871	1.6854845049680757e-08	1:15,2:4,3:2,4:4,5:6,6:3,7:3,8:5,10:2,11:6,12:4,13:6,14:1,15:4,16:3,17:1,18:4,19:7,20:3,21:1,22:6,23:5,24:4,25:3,26:3,27:4,28:5,29:5,30:8,31:5,32:3,33:3,34:2,35:5,36:3,37:8,38:4,39:4,40:3,41:4,42:4,43:2,44:9,45:1,46:3,47:5,48:3,49:6,50:3
((21)0,105)92	1.5980431684148464	2.0	3.598043168414846	1.537972363610523e-08	1:19,2:5,3:2,4:3,5:6,6:4,7:3,8:6,9:3,10:7,11:2,12:4,13:1,14:4,15:5,16:3,17:4,18:1,19:1,20:3,21:3,22:4,23:4,24:3,25:4,26:8,27:3,29:4,30:4,31:7,32:5,33:3,34:1,35:4,36:7,37:4,38:4,39:3,40:5,41:1,42:5,43:9,44:1,45:2,46:4,47:2,48:5,49:5,50:3
((0,92)105)21	1.6136374723892875	2.0	3.6136374723892875	1.4226102408913371e-08	1:14,2:9,3:3,4:1,5:7,6:2,7:4,8:4,9:3,10:5,11:4,12:4,13:5,14:1,15:1,16:4,17:4,18:6,19:3,20:4,21:6,22:4,23:9,24:2,25:7,26:3,27:4,28:6,29:3,30:4,31:1,32:3,33:4,34:8,36:4,37:5,38:4,39:6,40:3,41:1,42:3,43:1,44:3,45:4,46:3,47:4,48:2,49:3,50:2
((0,105)21)92	1.6288259436181567	2.0	3.628825943618157	1.3185742323875083e-08	1:16,2:4,3:6,4:5,5:2,6:3,7:3,8:3,9:1,10:1,11:4,12:6,13:2,14:3,15:10,16:6,17:2,18:4,19:4,20:2,21:1,22:5,23:2,24:7,25:3,26:5,27:4,28:1,29:3,30:2,31:5,32:2,33:5,34:6,35:3,36:3,37:3,38:3,39:3,40:3,41:3,42:8,44:3,45:2,46:2,47:7,48:6,49:3,50:2
(0,(105)21)92	1.7439233377584542	2.0	3.743923337758454	7.416069116630663e-09	1:28,2:2,3:3,4:2,5:8,6:6,7:2,8:2,9:5,10:4,11:1,12:3,13:5,14:4,15:7,16:5,17:4,18:4,19:6,20:4,21:2,22:1,23:5,24:3,25:4,26:5,27:4,28:8,29:9,30:3,31:9,32:2,33:1,34:2,35:2,36:4,37:6,38:6,39:4,40:4,42:6,43:6,44:7,46:2,47:2,48:1,49:5,50:2
((0)105,92)21	1.750303319427807	2.0	3.750303319427807	7.183230698066394e-09	1:27,2:6,3:4,4:3,5:3,6:5,7:5,8:5,9:11,10:3,11:4,12:3,13:6,14:4,16:4,17:3,18:8,19:6,20:4,21:2,22:5,23:6,24:4,25:4,26:4,27:5,28:6,29:6,30:4,31:9,32:4,33:4,34:7,35:6,36:8,37:9,38:2,39:5,40:4,41:7,42:6,43:3,44:2,45:5,46:4,47:4,48:3,49:2,50:3
(105,(0)92)21	1.750503319427807	2.0	3.750503319427807	7.176051057786762e-09	1:25,2:6,3:1,4:4,5:6,6:1,7:4,8:4,9:5,10:5,11:3,12:7,13:5,14:2,15:7,16:2,17:6,19:11,20:4,21:2,22:3,23:5,24:3,25:5,26:2,27:4,28:5,29:5,30:4,31:4,32:2,33:4,34:3,35:4,36:6,37:5,38:6,39:2,40:5,41:3,42:4,43:2,44:4,45:7,46:6,47:7,48:3,49:7,50:5
((105)0,21)92	1.7982360779407063	2.0	3.7982360779407065	5.652429468957052e-09	1:25,2:3,3:3,4:5,5:6,6:3,7:2,8:5,9:5,10:5,11:1,12:7,13:7,14:5,15:3,16:8,17:4,18:3,19:6,20:6,21:3,22:3,23:7,24:6,25:2,26:5,27:5,28:4,29:7,30:1,31:3,32:5,33:6,34:4,35:9,36:6,37:5,38:3,39:4,40:3,41:2,42:5,43:3,44:5,45:3,46:6,47:5,48:5,49:4,50:5
(((21)105)0)92	0.8919840770051907	3.0	3.8919840770051906	3.5372353658134287e-09	1:6,2:1,3:1,4:4,5:1,6:4,7:1,9:2,10:1,12:1,14:4,15:2,16:2,17:5,18:1,20:1,21:4,22:3,23:1,24:2,25:2,26:3,27:1,28:2,29:3,32:2,33:4,34:2,35:2,36:3,37:1,38:1,39:1,40:1,41:1,42:3,43:2,44:2,46:2,47:3,48:1,49:1,50:2
(((0)105)92)21	0.9243860048947135	3.0	3.9243860048947132	3.0081817078949376e-09	1:7,2:47,3:68,4:52,5:62,6:65,7:64,8:42,9:74,10:58,11:74,12:62,13:69,14:65,15:61,16:51,17:58,18:53,19:65,20:73,21:72,22:70,23:67,24:62,25:68,26:65,27:63,28:62,29:74,30:60,31:67,32:55,33:58,34:69,35:70,36:55,37:77,38:75,39:63,40:78,41:61,42:62,43:81,44:71,45:72,46:68,47:56,48:71,49:65,50:61
(((21)92)105)0	0.9408844843354767	3.0	3.9408844843354767	2.7699891833644152e-09	1:6,2:3,3:2,4:2,5:1,6:3,7:1,8:1,9:2,10:1,11:2,12:2,14:2,15:3,16:2,17:3,18:2,21:2,22:2,23:3,24:1,25:3,26:3,27:1,28:4,29:3,30:3,31:2,33:4,34:3,35:3,38:2,39:2,43:1,44:1,45:2,46:1,48:2
(((105)0)21)92	0.9877845909451636	3.0	3.9877845909451635	2.190966744393898e-09	1:3,2:3,3:2,4:3,5:4,6:4,9:1,10:1,11:3,12:2,13:2,14:3,15:2,17:1,18:1,19:2,20:1,21:3,22:4,23:3,24:3,25:3,26:2,27:3,28:1,29:1,30:1,31:5,32:2,33:2,34:2,36:2,37:1,38:2,39:1,40:2,41:4,42:4,44:2,45:5,46:2,47:2,48:2,49:4,50:3
(((92)0)105)21	1.035096234039863	3.0	4.035096234039863	1.7294175348263945e-09	1:7,2:3,3:3,4:4,5:1,6:2,7:3,8:5,9:2,10:4,11:1,12:3,13:5,14:4,16:2,17:1,18:1,19:1,20:3,21:4,22:5,24:2,25:1,26:2,27:2,28:3,29:2,30:3,31:3,32:2,33:3,34:2,35:3,37:1,38:3,39:2,41:1,42:1,43:3,44:3,45:3,46:2,47:2,48:5,49:4,50:2
(0,105,92)21	2.6271777861423846	2.0	4.627177786142385	8.95800093555093e-11	1:40,2:9,3:15,4:17,5:5,6:13,7:8,8:6,9:6,10:2,11:10,12:6,13:10,14:9,15:10,16:4,17:3,18:18,19:12,20:13,21:7,22:8,23:8,24:11,25:7,26:11,27:7,28:8,29:9,30:8,31:8,32:9,33:11,34:12,35:3,36:7,37:8,38:9,39:7,40:13,41:12,42:10,43:5,44:7,45:10,46:6,47:11,48:9,49:6,50:8
((21,92)105)0	1.6809021036653349	3.0	4.680902103665335	6.847786796100903e-11	1:17,2:7,3:5,4:3,5:6,6:4,7:3,8:4,9:3,10:8,11:4,12:7,13:6,14:3,15:4,16:7,17:6,18:6,19:4,20:3,21:10,22:7,23:4,24:5,25:6,26:6,27:3,28:5,29:3,30:2,31:2,32:5,33:4,34:4,35:2,36:2,37:2,39:4,40:3,41:2,42:4,43:6,44:6,45:3,46:7,47:5,48:5,49:7,50:1
((0,105)92)21	1.6813125256330799	3.0	4.68131252563308	6.833748794130435e-11	1:12,2:3,3:5,4:2,5:1,6:5,7:3,8:3,9:1,10:3,11:3,12:3,13:1,14:1,15:2,16:4,17:4,18:4,19:5,20:7,21:4,22:3,23:2,24:5,25:3,26:2,27:2,28:4,29:4,30:1,32:1,33:1,34:3,35:3,36:5,37:3,38:4,39:2,40:5,41:2,42:9,43:5,44:1,45:3,46:3,47:2,48:1,49:3,50:3
((92)105,21)0	1.6983017429184954	3.0	4.6983017429184954	6.277220634192134e-11	1:26,2:8,3:4,4:2,5:5,6:1,7:4,8:8,9:5,10:6,11:6,12:3,13:2,14:4,15:2,16:7,17:3,18:5,19:2,20:3,21:4,22:2,23:4,24:4,25:7,26:5,27:1,28:3,29:5,30:1,31:1,32:4,33:4,35:3,36:3,37:1,38:5,39:3,40:5,41:6,42:4,43:5,44:6,45:5,46:4,48:4,49:5,50:5
((105,21)0)92	1.6985017429184954	3.0	4.698501742918495	6.270946551122332e-11	1:9,2:1,3:5,4:2,5:4,6:7,7:9,8:5,9:6,10:4,11:5,12:4,13:6,14:1,15:9,16:4,17:3,18:4,19:6,20:4,21:6,22:4,23:2,24:4,25:6,26:10,27:4,29:4,30:8,31:1,32:5,33:2,34:5,35:8,36:3,37:4,38:8,39:3,40:1,41:5,42:3,43:5,44:6,45:8,46:2,47:1,48:8,49:4,50:4
(0,(105)92)21	1.7628018386733795	3.0	4.762801838673379	4.546814280326271e-11	1:22,2:10,3:6,4:5,5:3,6:2,7:3,8:4,9:4,10:6,11:5,12:7,13:9,14:6,15:5,16:3,17:4,18:3,19:3,20:6,21:10,22:7,23:3,24:5,25:5,26:8,27:2,28:7,29:3,30:3,31:7,32:4,33:6,34:5,35:8,36:3,37:9,38:6,39:4,40:2,41:5,42:1,43:4,44:2,45:7,46:2,47:7,48:5,49:5,50:5
((92)0,105)21	1.7773504335047952	3.0	4.777350433504795	4.227808845459262e-11	1:23,2:4,3:2,4:8,5:5,6:1,7:4,8:5,9:3,10:4,11:2,12:1,13:4,14:4,15:6,16:8,17:5,18:5,19:6,20:2,21:3,22:4,23:2,24:6,25:5,26:2,27:2,28:4,29:5,30:3,31:5,32:6,34:3,35:1,36:4,37:3,38:2,39:5,40:4,41:10,42:2,43:5,44:2,45:3,46:7,47:5,48:4,49:2,50:5
((21)105,92)0	1.8031503514682297	3.0	4.803150351468229	3.716135430756644e-11	1:21,2:4,3:5,4:4,5:8,6:4,7:7,8:5,9:4,10:4,11:6,12:2,13:5,14:1,15:7,16:2,17:5,18:5,19:2,20:2,21:7,22:4,23:3,24:3,25:6,27:7,28:5,29:4,30:5,31:2,32:3,33:1,34:4,35:7,36:4,37:6,39:3,40:2,41:11,42:2,43:1,44:4,45:5,46:4,47:3,48:3,49:8,50:5
(105,(21)92)0	1.8522507587985158	3.0	4.852250758798515	2.9071761909497796e-11	1:15,2:7,3:5,4:4,5:5,6:7,7:3,8:7,9:3,10:6,11:2,12:6,13:6,14:7,15:4,16:3,17:9,18:3,19:8,20:4,21:1,22:4,23:6,24:4,25:5,26:10,27:4,28:3,29:2,30:5,31:3,32:4,33:2,34:6,35:4,36:4,37:3,38:6,39:2,40:5,41:2,42:7,43:4,44:8,45:4,46:6,47:5,48:6,49:6,50:7
(((21)105)92)0	0.9141567946227553	4.0	4.914156794622755	2.1332615438707784e-11	1:7,2:4,3:9,4:8,5:6,6:7,7:1,8:4,9:3,10:4,11:5,12:5,13:3,14:1,15:9,16:3,17:7,18:4,19:5,20:7,21:9,22:5,23:4,24:6,25:6,26:7,27:6,28:7,29:4,30:5,31:6,32:5,33:6,34:7,35:3,36:13,37:5,38:2,39:4,40:3,42:1,43:1,44:3,45:7,46:5,47:5,48:4,49:7,50:12
((105)0,92)21	1.9380540182727395	3.0	4.938054018272739	1.8930057913463376e-11	1:30,2:4,3:3,4:5,5:2,6:1,7:5,8:4,9:9,10:4,11:4,12:1,13:3,14:7,15:6,16:3,17:5,18:6,19:6,20:2,21:3,22:3,23:5,24:4,25:6,26:4,27:4,28:1,29:4,30:3,31:3,32:5,33:10,34:5,35:3,36:2,37:4,38:5,39:5,40:5,41:6,42:4,43:3,44:1,45:3,46:4,48:8,49:4,50:6
(((92)105)0)21	0.9386841836148776	4.0	4.938684183614877	1.8870506448794874e-11	1:14,3:2,5:1,6:7,8:1,9:3,10:2,11:1,14:2,15:1,16:1,17:1,18:2,19:1,20:2,22:1,23:4,24:4,25:2,26:1,28:1,29:1,30:3,31:1,32:1,36:3,37:1,38:4,39:2,40:1,43:1,44:3,45:2,46:1,49:1,50:1
(((105)21)0)92	0.9622560870935876	4.0	4.9622560870935875	1.677250067099573e-11	1:7,3:1,4:2,6:1,7:3,8:1,9:1,12:1,13:1,14:3,15:1,16:1,18:1,20:4,21:3,22:2,23:3,24:1,26:1,28:1,30:1,31:2,33:2,34:2,35:3,36:2,37:1,38:1,39:1,40:1,41:3,42:1,43:2,46:1,47:2,50:1
(((92)21)105)0	1.0996381844940735	4.0	5.099638184494074	8.438716245778334e-12	1:8,2:1,3:2,4:1,5:2,6:1,7:1,8:1,9:1,10:1,11:3,12:1,13:2,15:2,16:3,17:1,18:1,19:2,20:1,21:1,23:4,24:2,25:1,26:1,27:1,28:2,29:2,30:1,31:2,32:2,33:1,34:3,35:3,36:1,38:2,39:2,40:2,41:3,42:1,44:1,45:2,46:1,47:1,48:2,50:2
(((105)0)92)21	1.0998381844940734	4.0	5.0998381844940734	8.430281747484597e-12	1:8,2:6,3:6,4:4,5:5,6:4,7:3,8:3,9:6,10:1,11:3,12:6,13:8,14:7,15:2,16:3,17:5,18:6,19:5,20:4,21:3,22:7,23:5,24:12,25:2,26:4,27:2,28:1,29:3,30:9,31:3,32:9,33:8,34:3,35:8,36:4,37:5,38:5,39:6,40:3,41:2,42:3,43:8,44:4,45:7,46:5,47:4,48:9,49:7,50:6
(105,21,92)0	2.7346840621907313	3.0	5.734684062190731	3.5260769169791634e-13	1:37,2:10,3:7,4:9,5:4,6:4,7:11,8:9,9:5,10:7,11:3,12:6,13:3,14:10,15:8,16:13,17:9,18:14,19:10,20:6,21:14,22:8,23:12,24:5,25:8,26:3,27:9,28:7,29:13,30:7,31:6,32:10,33:9,34:13,35:7,36:11,37:12,38:10,39:8,40:9,41:6,42:5,43:10,44:6,45:12,46:6,47:9,48:6,49:10,50:7
((105,21)92)0	1.7377503044484266	4.0	5.737750304448427	3.4724301723179957e-13	1:14,2:11,3:6,4:3,5:1,6:3,7:5,8:2,9:3,10:1,11:3,12:3,13:1,14:1,16:1,17:4,18:4,19:3,20:3,21:3,22:1,23:2,25:4,26:4,27:6,28:3,29:3,30:5,31:5,32:2,33:2,34:2,35:5,36:3,37:3,38:1,39:1,40:2,41:3,42:3,43:4,44:2,45:1,46:2,47:5,48:4,49:4,50:6
(21,(105)92)0	1.84897110107197	4.0	5.84897110107197	1.9912263467201728e-13	1:25,2:4,3:3,4:5,5:2,6:7,7:5,8:2,9:6,10:7,11:2,12:3,13:8,14:7,15:2,16:4,17:8,18:9,19:3,20:2,21:3,22:5,23:2,24:3,25:4,26:2,27:6,28:7,29:4,30:6,31:6,32:2,33:3,34:2,35:2,36:5,37:3,38:2,39:5,40:4,41:4,42:1,43:8,44:3,45:4,46:4,47:5,48:2,49:5,50:2
((105,92)0)21	1.8500504580779167	4.0	5.8500504580779165	1.9805090716082937e-13	1:11,2:5,4:5,5:3,6:4,7:7,8:2,9:6,10:5,11:4,12:10,13:6,14:4,15:5,16:5,17:5,18:5,19:4,20:3,21:4,22:4,23:2,24:7,25:4,26:5,27:4,28:6,29:7,30:1,31:5,32:7,33:4,34:5,35:4,36:6,37:2,38:6,39:1,40:3,41:9,42:4,43:2,44:11,45:4,46:8,47:1,48:4,49:3,50:4
(105,(92)21)0	1.9061558504073781	4.0	5.906155850407378	1.4960479884604554e-13	1:21,2:6,3:8,4:6,5:4,6:6,7:5,8:4,9:7,10:4,11:3,12:5,13:5,14:2,15:4,16:2,17:2,18:3,19:6,20:1,21:1,22:1,24:3,25:6,26:4,27:2,28:2,29:6,30:8,31:5,32:7,33:7,34:5,35:3,36:2,37:3,38:2,39:4,40:4,41:5,42:6,43:5,44:4,45:3,46:4,47:2,48:5,49:2,50:10
(((105)92)0)21	0.9610569012324423	5.0	5.961056901232443	1.1369186937541045e-13	1:8,2:1,3:1,5:1,6:3,7:2,8:3,11:1,12:1,13:1,14:2,15:4,18:1,20:3,21:1,22:2,24:5,25:2,26:1,27:2,28:4,29:2,31:1,32:1,33:2,35:1,36:1,37:2,38:1,39:2,40:2,41:3,43:1,44:1,45:2,46:1,47:1,48:2,49:1,50:1
(((92)105)21)0	0.9620560870935876	5.0	5.962056087093588	1.1312528930880805e-13	1:7,2:2,3:3,4:4,5:1,6:5,7:4,8:4,9:3,10:3,11:1,12:2,13:3,14:6,15:2,17:3,18:3,19:3,20:2,21:3,23:2,24:2,25:3,26:1,27:2,28:2,29:3,30:6,31:4,32:1,33:2,34:4,35:1,37:5,38:1,39:3,40:5,41:2,42:2,43:2,44:3,45:2,46:2,47:3,48:2,49:4,50:4
((105)21,92)0	1.9699105404890778	4.0	5.969910540489078	1.0876870905563766e-13	1:30,2:7,3:5,4:3,5:2,6:8,7:9,8:7,9:5,10:7,11:3,12:7,13:5,14:2,15:4,16:9,17:7,18:6,19:2,20:5,21:9,22:3,23:5,24:6,25:5,26:11,27:9,28:2,29:2,30:3,31:4,32:2,33:4,34:4,35:5,36:5,37:5,38:8,39:6,40:4,41:9,42:5,43:3,44:5,45:2,46:5,47:4,48:4,49:4,50:7
(((105)21)92)0	1.084196641370149	5.0	6.0841966413701485	6.142354238071207e-14	1:9,2:36,3:51,4:74,5:72,6:76,7:74,8:70,9:56,10:59,11:63,12:76,13:67,14:74,15:52,16:65,17:69,18:56,19:66,20:69,21:69,22:62,23:82,24:48,25:62,26:62,27:60,28:68,29:70,30:66,31:60,32:67,33:63,34:73,35:55,36:73,37:59,38:60,39:76,40:60,41:64,42:63,43:61,44:59,45:76,46:65,47:66,48:62,49:73,50:52
((105,92)21)0	1.8748880696984562	5.0	6.874888069698456	1.1786103163270963e-15	1:9,2:5,3:6,4:6,5:2,6:4,7:2,8:4,9:5,10:9,11:4,12:2,13:5,14:4,15:6,16:5,17:3,18:3,19:2,20:3,21:1,22:3,24:2,25:3,26:3,27:6,28:3,29:3,30:5,31:1,32:3,33:4,34:4,35:2,36:2,37:8,38:4,39:4,41:5,42:4,43:1,44:3,45:4,46:6,47:3,48:7,49:2,50:4
(((105)92)21)0	1.0489707551653626	6.0	7.048970755165363	4.935765177729597e-16	1:11,2:1,3:1,4:2,6:2,7:1,9:2,10:1,12:1,13:3,14:2,15:3,16:2,17:2,20:2,21:1,23:2,25:3,27:5,28:4,29:2,30:1,31:1,32:4,34:1,35:1,36:5,37:2,38:1,39:2,40:1,41:1,42:3,43:3,44:4,45:2,46:2,47:1,48:1,49:3
