# generation count = 50 
#
generation.index	generationHighestFitness	generationMedianFitness	populationHighestFitness	populationMedianFitness
1	0.6187818017205856	7.183230698066394e-09	0.6187818017205856	7.183230698066394e-09
2	0.6187818017205856	0.00014816855900427482	0.6187818017205856	1.5775919980566615e-07
3	0.6187818017205856	0.00014816855900427482	0.6187818017205856	4.107560005703549e-06
4	0.6187818017205856	0.0023809146999005572	0.6187818017205856	3.602311629266767e-05
5	0.6187818017205856	0.00024837047504884177	0.6187818017205856	5.5001704770595606e-05
6	0.6187818017205856	0.0023809146999005572	0.6187818017205856	0.00014816855900427482
7	0.6187818017205856	0.00024837047504884177	0.6187818017205856	0.00014816855900427482
8	0.6187818017205856	0.00014816855900427482	0.6187818017205856	0.00014816855900427482
9	0.6187818017205856	0.0023809146999005572	0.6187818017205856	0.00014816855900427482
10	0.6187818017205856	0.00024837047504884177	0.6187818017205856	0.00014816855900427482
11	0.6187818017205856	0.0023809146999005572	0.6187818017205856	0.00014816855900427482
12	0.6187818017205856	0.00014816855900427482	0.6187818017205856	0.00014816855900427482
13	0.6187818017205856	0.0013146425874746995	0.6187818017205856	0.00014816855900427482
14	0.6187818017205856	0.00024837047504884177	0.6187818017205856	0.00014816855900427482
15	0.6187818017205856	0.00024837047504884177	0.6187818017205856	0.00014816855900427482
16	0.6187818017205856	0.00024837047504884177	0.6187818017205856	0.00014816855900427482
17	0.6187818017205856	0.0023809146999005572	0.6187818017205856	0.00014816855900427482
18	0.6187818017205856	0.00024837047504884177	0.6187818017205856	0.00014816855900427482
19	0.6187818017205856	0.00024837047504884177	0.6187818017205856	0.00014816855900427482
20	0.6187818017205856	0.00024837047504884177	0.6187818017205856	0.00014816855900427482
21	0.6187818017205856	0.00014816855900427482	0.6187818017205856	0.00014816855900427482
22	0.6187818017205856	0.00024837047504884177	0.6187818017205856	0.00014816855900427482
23	0.6187818017205856	0.00014816855900427482	0.6187818017205856	0.00014816855900427482
24	0.6187818017205856	0.0023809146999005572	0.6187818017205856	0.00014816855900427482
25	0.6187818017205856	0.0023809146999005572	0.6187818017205856	0.00014816855900427482
26	0.6187818017205856	0.00014816855900427482	0.6187818017205856	0.00014816855900427482
27	0.6187818017205856	0.0023809146999005572	0.6187818017205856	0.00014816855900427482
28	0.6187818017205856	0.0023809146999005572	0.6187818017205856	0.00014816855900427482
29	0.6187818017205856	0.0023809146999005572	0.6187818017205856	0.00014816855900427482
30	0.6187818017205856	0.0023809146999005572	0.6187818017205856	0.00014816855900427482
31	0.6187818017205856	0.00024837047504884177	0.6187818017205856	0.00014816855900427482
32	0.6187818017205856	0.0023809146999005572	0.6187818017205856	0.00014816855900427482
33	0.6187818017205856	0.0023809146999005572	0.6187818017205856	0.00014816855900427482
34	0.6187818017205856	0.0023809146999005572	0.6187818017205856	0.00014816855900427482
35	0.6187818017205856	0.00024837047504884177	0.6187818017205856	0.00014816855900427482
36	0.6187818017205856	0.0023809146999005572	0.6187818017205856	0.00014816855900427482
37	0.6187818017205856	0.00014816855900427482	0.6187818017205856	0.00014816855900427482
38	0.6187818017205856	0.0023809146999005572	0.6187818017205856	0.00014816855900427482
39	0.6187818017205856	0.0013146425874746995	0.6187818017205856	0.00024837047504884177
40	0.6187818017205856	0.0023809146999005572	0.6187818017205856	0.00024837047504884177
41	0.6187818017205856	0.00014816855900427482	0.6187818017205856	0.00024837047504884177
42	0.6187818017205856	0.00024837047504884177	0.6187818017205856	0.00024837047504884177
43	0.6187818017205856	0.0023809146999005572	0.6187818017205856	0.00024837047504884177
44	0.6187818017205856	0.0023809146999005572	0.6187818017205856	0.00024837047504884177
45	0.6187818017205856	0.0023809146999005572	0.6187818017205856	0.00024837047504884177
46	0.6187818017205856	0.0023809146999005572	0.6187818017205856	0.00024837047504884177
47	0.6187818017205856	0.0023809146999005572	0.6187818017205856	0.00024837047504884177
48	0.6187818017205856	0.0023809146999005572	0.6187818017205856	0.00024837047504884177
49	0.6187818017205856	0.0023809146999005572	0.6187818017205856	0.00024837047504884177
50	0.6187818017205856	0.00014816855900427482	0.6187818017205856	0.00024837047504884177
############################################################
Topology	MassCost	TopologyCost	Cost	Fitness	appearances(generationID:count)
(((0)21)92)105	0.09600051393997294	0.0	0.09600051393997294	0.6187818017205856	1:10,2:196,3:200,4:182,5:186,6:217,7:200,8:206,9:189,10:206,11:202,12:190,13:223,14:219,15:206,16:189,17:199,18:189,19:200,20:199,21:205,22:182,23:187,24:202,25:205,26:210,27:194,28:189,29:208,30:198,31:197,32:205,33:205,34:216,35:208,36:198,37:189,38:207,39:187,40:203,41:207,42:198,43:191,44:190,45:193,46:217,47:198,48:216,49:216,50:194
(21,(0)92)105	0.7893180266601442	0.0	0.7893180266601442	0.019320469808163012	1:15,2:22,3:11,4:13,5:9,6:12,7:10,8:8,9:5,10:9,11:9,12:9,13:6,14:3,15:9,16:5,17:8,18:6,19:8,20:6,21:7,22:13,23:3,24:6,25:7,26:8,27:6,28:12,29:6,30:4,31:8,32:13,33:6,34:4,35:5,36:5,37:4,38:6,39:13,40:9,41:7,42:7,43:8,44:11,45:6,46:5,47:10,48:10,49:10,50:6
(0,(21)92)105	0.8252665428966349	0.0	0.8252665428966349	0.016141967612671747	1:26,2:58,3:50,4:38,5:37,6:46,7:46,8:40,9:39,10:44,11:54,12:53,13:30,14:44,15:41,16:56,17:34,18:50,19:53,20:41,21:50,22:54,23:44,24:52,25:49,26:52,27:49,28:70,29:51,30:44,31:36,32:47,33:56,34:45,35:46,36:46,37:44,38:47,39:58,40:57,41:47,42:52,43:35,44:50,45:54,46:33,47:48,48:48,49:32,50:55
((0)21,92)105	0.8360181332698311	0.0	0.8360181332698311	0.01529712056977484	1:29,2:54,3:38,4:59,5:68,6:52,7:48,8:53,9:52,10:48,11:49,12:51,13:46,14:46,15:43,16:44,17:46,18:48,19:48,20:57,21:48,22:47,23:41,24:49,25:49,26:37,27:58,28:54,29:47,30:47,31:49,32:53,33:54,34:51,35:51,36:57,37:48,38:39,39:67,40:45,41:38,42:49,43:50,44:49,45:46,46:46,47:41,48:50,49:49,50:53
((0,21)92)105	0.9064520009355156	0.0	0.9064520009355156	0.010756339205466795	1:10,2:45,3:45,4:53,5:48,6:64,7:52,8:41,9:67,10:42,11:57,12:43,13:58,14:37,15:56,16:45,17:68,18:43,19:58,20:59,21:42,22:56,23:49,24:55,25:57,26:44,27:59,28:43,29:51,30:53,31:58,32:51,33:61,34:50,35:48,36:61,37:45,38:62,39:44,40:59,41:48,42:52,43:59,44:44,45:48,46:58,47:65,48:49,49:40,50:46
(((21)0)92)105	0.12478475027064907	1.0	1.1247847502706492	0.003610446784220991	1:5,2:60,3:69,4:81,5:74,6:77,7:75,8:65,9:98,10:83,11:83,12:80,13:75,14:75,15:61,16:91,17:87,18:81,19:78,20:73,21:72,22:72,23:92,24:78,25:73,26:83,27:75,28:86,29:75,30:92,31:80,32:60,33:72,34:78,35:63,36:83,37:77,38:90,39:71,40:87,41:69,42:66,43:70,44:88,45:75,46:77,47:81,48:67,49:80,50:74
(((0)92)21)105	0.20805410748888264	1.0	1.2080541074888826	0.0023809146999005572	1:7,2:48,3:73,4:79,5:67,6:66,7:65,8:63,9:55,10:65,11:64,12:57,13:62,14:68,15:77,16:66,17:64,18:78,19:50,20:61,21:61,22:74,23:73,24:65,25:69,26:57,27:77,28:57,29:69,30:70,31:64,32:79,33:64,34:67,35:73,36:73,37:72,38:68,39:60,40:62,41:65,42:74,43:89,44:75,45:85,46:69,47:67,48:75,49:80,50:62
(0,21,92)105	1.660117815096266	0.0	1.660117815096266	0.00024837047504884177	1:49,2:12,3:8,4:4,5:17,6:11,7:7,8:14,9:12,10:5,11:11,12:5,13:6,14:10,15:10,16:11,17:4,18:7,19:15,20:8,21:9,22:6,23:9,24:9,25:5,26:4,27:12,28:9,29:5,30:6,31:12,32:12,33:10,34:8,35:11,36:10,37:12,38:4,39:11,40:13,41:11,42:9,43:12,44:16,45:9,46:12,47:9,48:9,49:11,50:9
(((0)21)105)92	0.7634320040155177	1.0	1.7634320040155176	0.00014816855900427482	1:4,2:48,3:69,4:72,5:54,6:59,7:58,8:66,9:66,10:61,11:58,12:74,13:66,14:70,15:59,16:55,17:68,18:69,19:64,20:62,21:58,22:65,23:79,24:58,25:71,26:66,27:64,28:52,29:57,30:65,31:67,32:54,33:68,34:70,35:67,36:53,37:62,38:40,39:72,40:58,41:66,42:65,43:64,44:54,45:71,46:70,47:69,48:49,49:57,50:72
((21)0,92)105	0.900750885836998	1.0	1.900750885836998	7.457133087933859e-05	1:25,2:11,3:15,4:8,5:3,6:9,7:9,8:8,9:6,10:9,11:8,12:12,13:10,14:11,15:8,16:13,17:7,18:6,19:15,20:9,21:11,22:12,23:7,24:5,25:11,26:12,27:10,28:5,29:10,30:10,31:4,32:14,33:10,34:4,35:12,36:9,37:11,38:11,39:5,40:8,41:10,42:5,43:10,44:9,45:9,46:11,47:9,48:7,49:4,50:13
((92)0,21)105	0.9616292754766306	1.0	1.9616292754766307	5.5001704770595606e-05	1:18,2:9,3:7,4:6,5:4,6:2,7:10,8:9,9:6,10:4,11:4,12:5,13:8,14:7,15:6,16:5,17:9,18:6,19:10,20:3,21:7,22:5,23:3,24:7,25:6,26:6,27:6,28:4,29:8,30:3,31:4,32:6,33:3,34:8,35:6,36:8,37:4,38:4,39:8,40:6,41:4,42:3,43:6,44:9,45:9,46:4,47:2,48:9,49:9,50:4
(0,(92)21)105	0.9718584857485887	1.0	1.9718584857485886	5.225931378517976e-05	1:17,2:9,3:5,4:4,5:8,6:2,7:8,8:5,9:3,10:11,11:8,12:8,13:6,14:7,15:9,16:12,17:7,18:6,19:9,20:6,21:5,22:9,23:7,24:6,25:8,26:8,27:4,28:8,29:8,30:5,31:12,32:7,33:5,34:2,35:8,36:4,37:7,38:7,39:7,40:3,41:1,42:6,43:8,44:13,45:5,46:8,47:8,48:4,49:6,50:4
((0,92)21)105	1.0462699412675487	1.0	2.046269941267549	3.602311629266767e-05	1:13,2:12,3:6,4:5,5:11,6:11,7:10,8:7,9:8,10:11,11:8,12:10,13:8,14:6,15:11,16:15,17:10,18:11,19:12,20:11,21:6,22:15,23:14,24:9,25:7,26:2,27:8,28:11,29:11,30:7,31:14,32:12,33:5,34:7,35:8,36:13,37:8,38:2,39:16,40:3,41:13,42:6,43:9,44:11,45:7,46:8,47:11,48:5,49:10,50:10
(((92)0)21)105	0.24452500382661146	2.0	2.2445250038266114	1.3368290724250908e-05	1:6,2:13,3:11,4:14,5:6,6:13,7:12,8:13,9:9,10:6,11:14,12:11,13:12,14:6,15:14,16:9,17:4,18:12,19:6,20:15,21:8,22:7,23:11,24:11,25:6,26:9,27:6,28:10,29:14,30:12,31:12,32:11,33:5,34:7,35:12,36:1,37:14,38:8,39:8,40:9,41:14,42:13,43:9,44:11,45:11,46:4,47:11,48:8,49:8,50:9
(((21)92)0)105	0.24672530454721053	2.0	2.2467253045472106	1.3222025469785723e-05	1:6,2:1,3:3,4:8,5:6,6:3,7:6,8:2,9:3,10:3,11:4,12:9,13:7,14:3,15:3,16:4,17:11,18:12,19:9,20:5,21:4,22:9,23:7,24:4,25:6,26:7,27:7,28:4,29:5,30:3,31:9,32:6,33:5,34:9,35:4,36:9,37:7,38:8,39:5,40:8,41:5,42:6,43:5,44:7,45:3,46:11,47:7,48:8,49:6,50:5
(0,(21)105)92	1.4734584181441972	1.0	2.4734584181441974	4.2555263982608095e-06	1:21,2:7,3:7,4:1,5:6,6:2,7:3,8:6,9:5,10:7,11:5,12:3,13:5,14:11,15:8,16:4,17:3,18:6,19:10,20:5,21:9,22:6,23:4,24:6,25:5,26:2,27:9,28:3,29:3,30:5,31:3,32:5,33:4,34:3,36:3,37:4,38:6,39:7,40:3,41:3,42:3,43:8,44:4,45:7,46:2,47:3,48:5,49:6,50:3
((0,21)105)92	1.480536275665537	1.0	2.480536275665537	4.107560005703549e-06	1:17,2:6,3:2,4:5,5:2,7:4,8:2,9:6,10:1,11:2,12:1,13:5,14:4,15:5,16:3,17:3,18:4,19:2,20:5,21:9,22:3,23:4,24:3,25:4,26:2,27:2,28:3,29:3,30:5,31:4,32:3,33:4,34:4,35:5,36:4,37:4,38:2,39:1,40:5,41:6,42:7,43:5,44:5,45:3,46:3,47:6,48:6,49:6,50:6
((0)105,21)92	1.540125407231502	1.0	2.540125407231502	3.049212991677224e-06	1:20,2:11,3:2,4:5,5:9,6:2,7:2,8:9,9:4,10:4,11:2,12:2,13:3,14:2,15:3,16:4,17:6,18:4,19:7,20:9,21:7,22:3,23:4,24:2,25:4,26:4,27:8,28:2,29:4,30:6,31:9,32:4,33:4,34:4,35:6,36:3,37:6,38:6,39:8,40:6,41:4,43:11,44:4,45:4,46:2,47:1,49:1,50:2
(105,(0)21)92	1.587025513841189	1.0	2.587025513841189	2.4118232307406568e-06	1:19,2:8,3:5,4:6,5:5,6:5,7:5,8:2,9:9,10:6,11:4,12:5,13:4,14:5,15:5,16:3,17:7,18:4,19:5,20:6,21:4,22:3,23:4,24:11,25:6,26:5,27:6,28:6,29:2,30:4,31:9,32:2,33:5,34:9,35:3,36:5,37:5,38:3,39:9,40:2,41:4,42:6,43:2,44:2,45:7,46:4,47:7,48:1,49:5,50:3
(((0)92)105)21	0.8376713368229385	2.0	2.8376713368229387	6.887712085676423e-07	1:13,2:2,3:1,4:2,6:1,7:2,9:3,10:3,12:1,14:1,15:1,22:2,23:1,24:2,25:1,26:3,29:2,30:3,31:2,32:3,34:1,35:1,36:1,37:3,39:3,41:2,42:3,43:2,44:1,46:1,47:1,49:1,50:1
(((21)0)105)92	0.8411166476764799	2.0	2.84111664767648	6.770076675096458e-07	1:5,2:1,3:12,4:2,5:2,6:3,7:5,8:1,9:3,10:15,11:4,12:3,13:6,14:7,15:4,16:5,17:5,18:5,19:7,20:5,21:3,22:7,23:7,24:4,25:4,26:5,27:6,28:4,29:6,30:4,31:5,32:6,33:1,34:6,35:4,36:3,37:9,38:6,39:5,40:5,41:7,42:3,43:7,44:4,45:4,46:5,47:7,48:3,49:7,50:6
(((0)105)21)92	0.8865717441532245	2.0	2.8865717441532244	5.393728718152367e-07	1:10,2:3,3:1,5:1,6:2,7:1,8:5,9:1,10:1,11:1,12:2,14:4,15:3,16:2,19:1,20:2,21:3,24:1,26:1,27:3,28:1,30:1,32:1,33:2,34:1,35:1,36:3,41:2,42:2,43:1,44:1,45:1,47:2,48:2,49:2,50:4
((21,92)0)105	1.1324392036661393	2.0	3.1324392036661393	1.5775919980566615e-07	1:10,2:17,3:9,4:12,5:12,6:17,7:21,8:12,9:8,10:11,11:12,12:13,13:16,14:12,15:10,16:14,17:18,18:17,19:20,20:10,21:8,22:10,23:12,24:9,25:13,26:13,27:10,28:15,29:16,30:12,31:9,32:18,33:15,34:9,35:15,36:15,37:16,38:10,39:9,40:11,41:5,42:5,43:11,44:8,45:10,46:13,47:12,48:12,49:14,50:12
(((92)21)0)105	0.33243885775953175	3.0	3.3324388577595316	5.8036466640062115e-08	1:10,2:48,3:75,4:74,5:80,6:68,7:58,8:84,9:81,10:63,11:72,12:77,13:72,14:79,15:72,16:61,17:62,18:61,19:64,20:67,21:82,22:64,23:63,24:78,25:67,26:72,27:57,28:78,29:62,30:55,31:72,32:58,33:71,34:61,35:67,36:71,37:64,38:75,39:67,40:58,41:62,42:70,43:58,44:71,45:63,46:79,47:61,48:72,49:56,50:73
(0,105,21)92	2.436690813377848	1.0	3.436690813377848	3.446043209518058e-08	1:39,2:7,3:12,4:12,5:7,6:12,7:11,8:6,9:9,10:6,11:10,12:9,13:6,14:7,15:9,16:8,17:6,18:10,19:8,20:10,21:7,22:8,23:5,24:9,25:8,26:14,27:9,28:4,29:12,30:9,31:8,32:9,33:7,34:8,35:13,36:8,37:11,38:6,39:7,40:9,41:11,42:8,43:7,44:12,45:14,46:11,47:10,48:17,49:18,50:9
(0,(92)105)21	1.5797255362878706	2.0	3.579725536287871	1.6854845049680757e-08	1:14,2:8,3:6,4:6,5:7,6:4,7:10,8:4,9:3,10:4,11:8,12:1,13:5,14:2,15:9,16:3,17:6,18:3,19:4,20:1,21:1,22:3,23:6,24:5,25:4,26:6,27:3,28:5,29:2,30:2,31:7,32:6,33:2,34:5,35:3,36:2,37:3,38:3,39:8,40:3,41:3,42:6,43:3,44:2,45:2,46:3,47:3,48:6,49:5,50:3
((21)0,105)92	1.5980431684148464	2.0	3.598043168414846	1.537972363610523e-08	1:23,2:5,3:3,4:5,5:4,6:5,7:4,8:3,9:1,10:5,11:3,12:11,13:9,14:3,15:1,16:4,17:8,18:2,19:9,20:2,21:4,22:3,23:4,24:5,25:3,26:8,28:5,29:1,30:5,31:10,32:3,33:8,34:3,35:5,36:5,37:4,38:4,39:8,40:4,41:3,42:8,43:3,44:3,45:7,46:3,47:6,48:4,49:1,50:2
((0,92)105)21	1.6136374723892875	2.0	3.6136374723892875	1.4226102408913371e-08	1:14,2:5,3:3,4:9,5:3,7:2,8:3,9:3,10:4,11:2,13:2,14:5,15:5,16:1,17:7,18:1,20:3,21:6,22:4,23:3,24:3,25:3,26:7,27:5,28:8,29:3,30:5,31:2,32:3,33:4,34:1,35:4,36:3,37:8,38:3,39:4,40:6,41:2,42:4,43:2,44:1,45:1,46:7,47:1,48:1,49:3,50:3
((0,105)21)92	1.6288259436181567	2.0	3.628825943618157	1.3185742323875083e-08	1:18,2:3,3:8,4:5,5:3,6:4,7:3,8:3,9:6,10:2,11:4,12:1,13:7,14:4,15:4,16:1,17:4,18:2,19:5,20:3,21:6,22:2,23:8,24:3,25:3,26:7,27:3,28:3,29:3,30:5,31:8,32:4,33:3,34:3,35:3,36:3,37:3,38:4,39:6,40:6,41:3,42:1,43:3,44:4,45:2,46:3,47:3,48:5,49:4,50:1
(0,(105)21)92	1.7439233377584542	2.0	3.743923337758454	7.416069116630663e-09	1:17,2:3,3:3,4:4,5:3,6:3,7:8,8:6,9:3,10:3,11:3,12:3,13:4,14:3,15:2,16:7,17:4,18:2,19:5,20:4,21:2,22:2,23:8,24:2,25:4,26:5,27:5,28:3,29:7,30:2,31:4,32:2,33:4,34:6,35:4,36:2,37:4,38:6,39:3,40:6,41:5,42:4,43:5,44:2,45:4,46:4,47:4,48:6,49:4,50:3
((0)105,92)21	1.750303319427807	2.0	3.750303319427807	7.183230698066394e-09	1:22,2:4,3:5,4:2,5:9,6:4,7:2,8:6,9:3,10:2,11:1,12:6,13:2,14:5,15:2,16:6,17:2,18:1,19:4,20:7,21:4,22:2,23:6,24:6,25:3,26:4,27:4,28:3,30:6,31:3,33:3,34:2,35:1,36:3,37:3,38:5,39:2,40:2,41:5,42:4,43:7,44:7,45:4,46:7,47:4,48:4,49:4,50:3
(105,(0)92)21	1.750503319427807	2.0	3.750503319427807	7.176051057786762e-09	1:22,2:5,3:3,4:4,5:2,6:4,7:3,8:3,9:6,11:5,12:6,13:2,14:6,15:5,16:3,17:8,18:9,19:5,20:4,21:9,22:5,23:3,24:5,25:2,26:3,27:2,28:6,29:3,30:1,31:5,32:3,33:6,34:3,35:4,36:3,37:5,38:3,39:3,40:5,41:6,42:4,43:2,44:5,45:3,46:2,47:5,48:7,49:5,50:9
((105)0,21)92	1.7982360779407063	2.0	3.7982360779407065	5.652429468957052e-09	1:21,2:7,3:3,4:3,5:1,6:3,7:4,8:6,9:5,10:3,11:1,12:3,13:6,14:5,15:5,16:4,17:5,18:5,19:3,20:8,22:4,23:5,24:2,25:7,26:6,27:1,28:7,29:5,31:3,32:4,33:2,34:6,35:4,36:3,37:3,38:2,39:3,40:2,41:1,42:3,43:5,44:2,45:4,46:4,47:5,48:5,49:3,50:6
(((21)105)0)92	0.8919840770051907	3.0	3.8919840770051906	3.5372353658134287e-09	1:7,2:2,3:1,5:3,6:2,8:2,11:1,12:1,16:3,17:1,18:1,20:1,21:1,22:3,23:2,24:1,28:1,29:4,30:2,31:2,32:2,33:2,35:2,38:4,39:2,40:1,41:2,43:3,44:1,46:1,48:1,49:1,50:3
(((0)105)92)21	0.9243860048947135	3.0	3.9243860048947132	3.0081817078949376e-09	1:9,2:58,3:60,4:66,5:72,6:53,7:63,8:62,9:47,10:75,11:54,12:65,13:55,14:55,15:68,16:74,17:51,18:69,19:53,20:67,21:70,22:55,23:56,24:51,25:61,26:64,27:51,28:62,29:50,30:69,31:59,32:60,33:62,34:71,35:62,36:61,37:69,38:58,39:62,40:68,41:70,42:75,43:63,44:63,45:63,46:59,47:60,48:58,49:65,50:65
(((21)92)105)0	0.9408844843354767	3.0	3.9408844843354767	2.7699891833644152e-09	1:9,2:2,3:1,5:3,6:1,7:1,8:1,10:1,11:3,13:4,14:2,15:3,16:1,17:1,18:1,19:1,21:1,22:1,23:1,24:2,25:1,27:3,30:1,33:1,35:1,37:1,38:1,39:1,41:1,42:2,43:2,45:3,46:1,48:3,49:3,50:3
(((105)0)21)92	0.9877845909451636	3.0	3.9877845909451635	2.190966744393898e-09	1:5,3:2,4:2,5:4,6:3,7:2,8:1,9:3,10:1,11:5,12:6,13:3,14:3,15:2,16:1,17:3,18:4,19:2,20:2,21:1,22:2,23:4,24:2,25:3,26:5,28:3,29:2,30:1,32:2,33:1,34:2,35:2,36:2,37:1,38:3,39:5,40:2,41:3,42:2,43:1,44:2,45:4,46:3,47:2,48:2,49:6,50:3
(((92)0)105)21	1.035096234039863	3.0	4.035096234039863	1.7294175348263945e-09	1:6,2:3,3:2,4:3,5:2,6:2,7:4,8:2,9:1,10:2,11:3,12:2,13:4,14:2,15:2,17:1,18:3,20:1,21:2,22:3,23:1,24:3,25:2,26:2,27:2,28:1,29:4,30:1,33:2,34:3,35:2,36:4,37:1,38:2,39:1,40:4,42:1,43:1,44:1,45:2,46:2,47:1,48:1,49:2,50:4
(0,105,92)21	2.6271777861423846	2.0	4.627177786142385	8.95800093555093e-11	1:34,2:8,3:7,4:8,5:12,6:9,7:10,8:12,9:6,10:10,11:7,12:10,13:10,14:9,15:9,16:6,17:10,18:12,19:3,20:5,21:10,22:10,23:6,24:10,25:12,26:8,27:7,28:9,29:13,30:19,31:6,32:9,33:9,34:7,35:6,36:12,37:11,38:9,39:6,40:8,41:8,42:11,43:9,44:9,45:5,46:6,47:12,48:14,49:2,50:12
((21,92)105)0	1.6809021036653349	3.0	4.680902103665335	6.847786796100903e-11	1:11,2:5,3:7,4:2,5:4,6:5,7:6,8:2,9:5,10:10,11:6,12:2,13:3,14:2,15:3,16:5,17:8,18:3,19:2,20:9,21:5,22:6,23:4,24:6,25:8,26:9,27:8,28:3,29:5,30:1,31:8,32:7,33:4,34:4,35:6,37:7,38:6,39:2,40:2,41:7,42:6,43:1,44:5,45:3,46:8,47:4,48:3,49:5,50:8
((0,105)92)21	1.6813125256330799	3.0	4.68131252563308	6.833748794130435e-11	1:11,2:3,3:1,4:3,5:2,6:4,8:3,10:5,11:4,12:4,13:2,14:4,15:1,16:3,17:5,18:1,19:4,20:3,21:5,22:7,23:5,24:9,25:3,26:4,27:4,28:2,29:1,30:4,31:1,32:2,33:1,34:4,35:3,36:3,37:1,38:8,39:2,40:4,41:2,42:5,43:1,44:4,45:3,47:3,48:3,49:1,50:4
((92)105,21)0	1.6983017429184954	3.0	4.6983017429184954	6.277220634192134e-11	1:26,2:5,3:7,4:3,5:4,6:5,7:8,8:2,9:3,10:4,11:4,12:3,13:4,14:2,15:3,16:3,17:1,18:5,19:8,20:7,21:6,22:4,23:3,24:4,25:6,26:6,27:3,28:1,29:8,30:6,31:3,32:6,33:2,34:6,35:1,36:8,37:4,38:4,39:2,40:6,41:3,42:2,43:5,44:1,45:2,46:2,47:4,48:6,49:7,50:1
((105,21)0)92	1.6985017429184954	3.0	4.698501742918495	6.270946551122332e-11	1:15,2:5,3:6,4:4,5:3,6:4,7:7,8:5,9:7,10:4,11:4,12:3,13:6,14:5,15:6,16:5,17:3,18:4,19:5,20:2,21:8,22:4,23:3,24:6,25:4,26:4,27:5,28:5,29:1,30:6,31:9,32:4,33:4,34:5,35:3,36:5,37:2,38:8,39:5,40:2,41:4,42:6,43:5,44:4,45:5,46:3,47:3,48:6,49:3,50:1
(0,(105)92)21	1.7628018386733795	3.0	4.762801838673379	4.546814280326271e-11	1:28,2:10,3:3,4:1,5:4,6:6,7:3,8:6,9:4,10:5,11:3,12:3,13:3,14:4,15:4,16:9,17:3,18:10,19:4,20:3,21:6,22:2,23:5,24:4,25:4,26:6,27:7,28:5,29:6,30:5,31:3,32:1,33:4,34:5,35:4,36:2,37:3,38:9,39:5,40:3,41:6,42:1,43:4,44:4,45:7,46:8,47:3,48:4,49:1,50:4
((92)0,105)21	1.7773504335047952	3.0	4.777350433504795	4.227808845459262e-11	1:14,2:5,3:6,4:7,5:3,6:3,7:7,8:5,9:6,10:4,11:5,12:4,13:3,14:4,15:3,16:4,17:2,18:4,19:5,20:3,21:2,22:4,23:2,24:6,25:7,26:5,27:4,28:1,29:5,30:4,31:3,32:6,33:4,34:6,35:6,36:6,37:6,38:4,39:2,40:3,41:6,42:3,43:2,44:4,45:5,46:4,47:5,48:7,49:5,50:2
((21)105,92)0	1.8031503514682297	3.0	4.803150351468229	3.716135430756644e-11	1:18,2:5,3:6,4:4,5:4,6:10,7:5,8:6,9:5,10:6,11:5,12:3,13:7,14:2,15:4,16:8,17:5,18:2,20:4,21:4,22:2,23:5,24:3,25:1,26:1,27:2,28:7,29:5,30:8,31:6,32:6,33:3,34:6,35:6,36:4,37:3,38:3,39:4,40:3,41:3,42:4,43:4,44:5,45:3,46:4,47:7,48:6,49:3,50:6
(105,(21)92)0	1.8522507587985158	3.0	4.852250758798515	2.9071761909497796e-11	1:16,2:10,3:4,4:3,5:11,6:3,7:3,8:6,9:4,10:5,11:1,12:4,13:3,14:3,15:4,16:3,17:1,18:10,19:4,20:3,21:2,22:6,23:5,24:3,25:9,26:3,27:7,28:7,29:9,30:6,31:2,32:4,33:7,34:4,35:5,36:4,38:5,39:6,40:5,41:3,42:5,43:3,44:8,45:6,46:6,47:6,48:7,49:7,50:6
(((21)105)92)0	0.9141567946227553	4.0	4.914156794622755	2.1332615438707784e-11	1:12,2:2,3:5,4:1,5:2,6:3,7:4,8:6,9:6,10:7,11:7,12:3,13:9,14:4,15:7,16:10,17:3,18:5,19:6,20:5,21:8,22:4,23:5,24:3,25:3,26:7,27:4,28:10,29:3,30:6,31:2,32:5,33:3,34:3,35:6,36:4,37:6,38:8,39:2,40:2,41:4,42:5,43:5,44:6,45:8,46:3,47:7,48:1,49:5,50:3
((105)0,92)21	1.9380540182727395	3.0	4.938054018272739	1.8930057913463376e-11	1:20,2:4,3:7,4:3,5:2,6:4,7:3,8:3,9:2,10:3,11:4,12:3,13:5,14:1,15:2,16:4,17:6,18:4,19:5,20:4,21:5,22:7,23:1,24:4,25:3,27:4,28:7,29:3,30:3,31:1,32:1,33:4,34:5,35:5,36:6,37:5,38:1,39:6,40:6,41:5,42:5,43:3,44:1,45:4,46:6,47:3,48:1,49:2,50:2
(((92)105)0)21	0.9386841836148776	4.0	4.938684183614877	1.8870506448794874e-11	1:7,2:3,5:2,6:4,8:1,10:3,11:3,12:4,14:1,15:2,17:3,20:4,21:1,22:3,24:2,25:2,26:2,27:3,28:2,30:1,34:2,36:2,37:2,38:1,39:2,41:4,42:1,43:3,44:1,45:3,46:1,47:2,48:1,49:2,50:3
(((105)21)0)92	0.9622560870935876	4.0	4.9622560870935875	1.677250067099573e-11	1:7,2:1,3:1,4:2,5:4,6:2,8:1,9:1,10:2,11:3,12:1,13:1,14:3,15:2,16:2,20:1,21:3,22:2,24:3,25:1,26:1,27:3,28:2,29:2,31:2,33:3,34:3,36:1,38:1,40:2,41:1,42:2,43:1,45:2,46:1,47:1,48:3,49:4
(((92)21)105)0	1.0996381844940735	4.0	5.099638184494074	8.438716245778334e-12	1:11,2:2,3:1,4:1,5:3,6:2,8:3,10:1,11:1,12:2,13:2,14:3,15:3,18:2,20:3,21:3,23:2,24:1,25:3,27:2,28:1,30:2,31:1,32:2,34:1,38:2,39:1,43:1,44:1,46:2,48:2,49:1
(((105)0)92)21	1.0998381844940734	4.0	5.0998381844940734	8.430281747484597e-12	1:7,2:7,3:5,4:7,5:3,6:7,7:9,8:3,9:6,10:2,11:8,12:6,13:5,14:3,15:4,16:4,17:7,18:6,19:8,20:8,21:2,22:4,23:4,24:4,25:7,26:5,27:2,28:7,29:5,30:8,31:6,32:3,33:5,34:8,35:5,36:4,37:3,38:7,39:8,40:5,41:7,42:5,43:8,44:6,45:6,46:3,47:3,48:2,49:7,50:3
(105,21,92)0	2.7346840621907313	3.0	5.734684062190731	3.5260769169791634e-13	1:43,2:7,3:10,4:6,5:7,6:7,7:9,8:8,9:7,10:6,11:10,12:13,13:7,14:11,15:10,16:11,17:6,18:5,19:5,20:1,21:11,22:12,23:4,24:3,25:6,26:7,27:9,28:12,29:6,30:8,31:12,32:12,33:8,34:8,35:10,36:6,37:11,38:13,39:5,40:12,41:9,42:7,43:10,44:11,45:8,46:9,47:15,48:8,49:8,50:12
((105,21)92)0	1.7377503044484266	4.0	5.737750304448427	3.4724301723179957e-13	1:15,3:4,4:2,5:1,6:3,7:1,8:4,9:2,10:3,11:4,12:3,13:4,14:3,15:9,16:3,17:6,18:2,19:2,20:2,22:6,23:4,24:3,25:2,26:5,27:5,28:1,29:3,30:5,31:4,32:2,33:3,34:3,35:1,36:5,37:3,38:4,39:3,40:4,41:1,42:3,43:2,44:1,45:1,46:1,47:2,48:5,49:3,50:2
(21,(105)92)0	1.84897110107197	4.0	5.84897110107197	1.9912263467201728e-13	1:24,2:8,3:3,4:3,5:3,6:4,7:5,8:6,9:7,10:5,11:6,12:2,13:1,14:5,15:6,16:5,17:5,18:2,19:4,20:6,21:3,22:5,23:3,24:3,25:6,26:4,27:1,28:7,29:6,30:5,31:2,32:7,33:4,34:4,35:2,36:2,37:7,38:3,39:5,40:5,41:6,42:4,43:5,44:1,45:7,46:3,47:6,48:4,49:9,50:2
((105,92)0)21	1.8500504580779167	4.0	5.8500504580779165	1.9805090716082937e-13	1:11,2:2,3:4,4:8,5:7,6:4,7:5,8:1,9:11,10:3,11:3,12:3,13:3,14:7,15:4,16:6,17:3,18:2,19:3,20:4,21:3,22:5,23:6,24:6,25:2,26:2,27:5,28:2,29:7,30:3,31:3,32:4,33:4,34:8,35:5,36:4,37:9,38:6,40:3,41:4,42:6,43:4,44:4,45:5,46:4,47:8,48:3,49:3,50:7
(105,(92)21)0	1.9061558504073781	4.0	5.906155850407378	1.4960479884604554e-13	1:20,2:3,3:4,4:7,5:7,6:8,7:6,8:2,9:3,10:3,11:3,12:5,13:1,14:6,15:2,16:2,17:5,18:7,19:4,20:5,21:4,22:4,23:6,24:5,25:2,26:1,27:7,28:2,29:8,30:2,31:2,32:4,33:3,34:5,35:7,36:2,37:3,38:6,39:3,40:7,41:5,42:4,43:6,44:2,45:6,46:6,47:1,48:3,49:4,50:3
(((105)92)0)21	0.9610569012324423	5.0	5.961056901232443	1.1369186937541045e-13	1:8,2:2,3:1,4:1,5:2,6:1,7:1,8:3,9:3,10:3,11:3,12:4,13:1,14:3,15:1,16:1,17:1,19:2,20:2,21:1,23:3,25:2,26:2,27:2,29:1,31:1,32:5,33:2,34:3,38:2,39:1,40:1,41:3,42:1,43:1,44:1,45:1,46:1,47:1,48:3,50:2
(((92)105)21)0	0.9620560870935876	5.0	5.962056087093588	1.1312528930880805e-13	1:7,2:2,3:3,4:1,6:3,7:2,8:3,10:3,11:2,12:4,13:1,14:1,16:2,17:2,18:2,19:7,20:2,21:2,22:3,23:5,24:5,27:6,28:3,29:4,30:2,31:3,32:2,33:3,34:2,35:3,36:3,37:2,38:2,39:1,40:1,41:4,42:4,43:1,44:3,45:1,46:3,47:2,48:2,49:4,50:6
((105)21,92)0	1.9699105404890778	4.0	5.969910540489078	1.0876870905563766e-13	1:20,2:12,3:4,4:7,5:4,6:5,7:4,8:2,9:9,10:4,11:3,12:5,13:10,14:4,15:2,16:5,17:8,18:5,19:3,20:3,21:5,22:3,23:6,24:3,25:7,26:4,27:2,28:5,29:2,30:4,31:6,32:2,33:7,34:6,35:4,36:8,37:3,38:3,39:5,40:4,41:2,42:7,43:4,44:7,45:3,46:4,47:6,48:4,49:6,50:2
(((105)21)92)0	1.084196641370149	5.0	6.0841966413701485	6.142354238071207e-14	1:6,2:71,3:62,4:60,5:65,6:46,7:66,8:72,9:73,10:67,11:56,12:61,13:57,14:65,15:62,16:62,17:64,18:63,19:64,20:69,21:62,22:69,23:73,24:62,25:60,26:67,27:71,28:59,29:73,30:61,31:60,32:72,33:65,34:50,35:69,36:68,37:73,38:64,39:63,40:68,41:86,42:68,43:70,44:65,45:61,46:52,47:53,48:63,49:59,50:61
((105,92)21)0	1.8748880696984562	5.0	6.874888069698456	1.1786103163270963e-15	1:15,2:3,3:2,4:1,5:1,6:2,7:1,8:5,9:2,10:4,11:5,12:7,13:7,14:4,15:4,16:3,17:5,18:3,19:1,20:5,21:5,22:3,23:3,24:8,25:3,26:3,27:3,28:3,29:3,30:4,31:3,32:4,33:6,34:5,35:7,36:3,37:4,38:6,39:1,40:5,41:2,42:2,43:4,44:2,45:2,46:3,47:2,48:4,49:7,50:4
(((105)92)21)0	1.0489707551653626	6.0	7.048970755165363	4.935765177729597e-16	1:3,2:2,3:1,4:1,5:2,6:2,7:1,8:1,10:2,11:2,13:2,14:2,15:2,16:2,17:1,18:3,19:1,21:2,22:4,24:3,26:1,29:2,30:4,31:1,32:2,35:2,36:1,37:1,39:4,40:1,42:1,43:1,44:2,46:5,47:1,49:2,50:1
