# generation count = 50 
#
generation.index	generationHighestFitness	generationMedianFitness	populationHighestFitness	populationMedianFitness
1	0.6187818017205856	7.176051057786762e-09	0.6187818017205856	7.176051057786762e-09
2	0.6187818017205856	0.00019826951702655828	0.6187818017205856	1.5775919980566615e-07
3	0.6187818017205856	0.0023809146999005572	0.6187818017205856	4.2555263982608095e-06
4	0.6187818017205856	0.0023809146999005572	0.6187818017205856	5.225931378517976e-05
5	0.6187818017205856	0.00014816855900427482	0.6187818017205856	5.5001704770595606e-05
6	0.6187818017205856	0.0023809146999005572	0.6187818017205856	7.457133087933859e-05
7	0.6187818017205856	0.00024837047504884177	0.6187818017205856	0.00014816855900427482
8	0.6187818017205856	0.0023809146999005572	0.6187818017205856	0.00014816855900427482
9	0.6187818017205856	0.0013146425874746995	0.6187818017205856	0.00014816855900427482
10	0.6187818017205856	0.00024837047504884177	0.6187818017205856	0.00014816855900427482
11	0.6187818017205856	0.0023809146999005572	0.6187818017205856	0.00014816855900427482
12	0.6187818017205856	0.00024837047504884177	0.6187818017205856	0.00014816855900427482
13	0.6187818017205856	0.0023809146999005572	0.6187818017205856	0.00014816855900427482
14	0.6187818017205856	0.0023809146999005572	0.6187818017205856	0.00014816855900427482
15	0.6187818017205856	0.00024837047504884177	0.6187818017205856	0.00014816855900427482
16	0.6187818017205856	0.0023809146999005572	0.6187818017205856	0.00014816855900427482
17	0.6187818017205856	0.00024837047504884177	0.6187818017205856	0.00014816855900427482
18	0.6187818017205856	0.00024837047504884177	0.6187818017205856	0.00014816855900427482
19	0.6187818017205856	0.0023809146999005572	0.6187818017205856	0.00014816855900427482
20	0.6187818017205856	0.0023809146999005572	0.6187818017205856	0.00014816855900427482
21	0.6187818017205856	0.0023809146999005572	0.6187818017205856	0.00014816855900427482
22	0.6187818017205856	0.00019826951702655828	0.6187818017205856	0.00014816855900427482
23	0.6187818017205856	0.0023809146999005572	0.6187818017205856	0.00014816855900427482
24	0.6187818017205856	0.00024837047504884177	0.6187818017205856	0.00014816855900427482
25	0.6187818017205856	0.00024837047504884177	0.6187818017205856	0.00014816855900427482
26	0.6187818017205856	0.0023809146999005572	0.6187818017205856	0.00014816855900427482
27	0.6187818017205856	0.00024837047504884177	0.6187818017205856	0.00014816855900427482
28	0.6187818017205856	0.00014816855900427482	0.6187818017205856	0.00014816855900427482
29	0.6187818017205856	0.00014816855900427482	0.6187818017205856	0.00014816855900427482
30	0.6187818017205856	0.00014816855900427482	0.6187818017205856	0.00014816855900427482
31	0.6187818017205856	0.0023809146999005572	0.6187818017205856	0.00014816855900427482
32	0.6187818017205856	0.0023809146999005572	0.6187818017205856	0.00014816855900427482
33	0.6187818017205856	0.00014816855900427482	0.6187818017205856	0.00014816855900427482
34	0.6187818017205856	0.0023809146999005572	0.6187818017205856	0.00014816855900427482
35	0.6187818017205856	0.0023809146999005572	0.6187818017205856	0.00014816855900427482
36	0.6187818017205856	0.00014816855900427482	0.6187818017205856	0.00014816855900427482
37	0.6187818017205856	0.0023809146999005572	0.6187818017205856	0.00024837047504884177
38	0.6187818017205856	0.0023809146999005572	0.6187818017205856	0.00024837047504884177
39	0.6187818017205856	0.00014816855900427482	0.6187818017205856	0.00024837047504884177
40	0.6187818017205856	0.00024837047504884177	0.6187818017205856	0.00024837047504884177
41	0.6187818017205856	0.00024837047504884177	0.6187818017205856	0.00024837047504884177
42	0.6187818017205856	0.0023809146999005572	0.6187818017205856	0.00024837047504884177
43	0.6187818017205856	0.00014816855900427482	0.6187818017205856	0.00024837047504884177
44	0.6187818017205856	0.0023809146999005572	0.6187818017205856	0.00024837047504884177
45	0.6187818017205856	0.0023809146999005572	0.6187818017205856	0.00024837047504884177
46	0.6187818017205856	0.00024837047504884177	0.6187818017205856	0.00024837047504884177
47	0.6187818017205856	0.00014816855900427482	0.6187818017205856	0.00024837047504884177
48	0.6187818017205856	0.0023809146999005572	0.6187818017205856	0.00024837047504884177
49	0.6187818017205856	0.00014816855900427482	0.6187818017205856	0.00024837047504884177
50	0.6187818017205856	0.0023809146999005572	0.6187818017205856	0.00024837047504884177
############################################################
Topology	MassCost	TopologyCost	Cost	Fitness	appearances(generationID:count)
(((0)21)92)105	0.09600051393997294	0.0	0.09600051393997294	0.6187818017205856	1:6,2:150,3:214,4:208,5:206,6:205,7:208,8:198,9:197,10:206,11:197,12:207,13:225,14:219,15:205,16:192,17:185,18:193,19:212,20:191,21:200,22:189,23:193,24:182,25:201,26:216,27:207,28:186,29:191,30:189,31:196,32:208,33:190,34:223,35:213,36:199,37:245,38:225,39:205,40:185,41:178,42:213,43:177,44:206,45:214,46:183,47:197,48:204,49:193,50:197
(21,(0)92)105	0.7893180266601442	0.0	0.7893180266601442	0.019320469808163012	1:20,2:28,3:9,4:10,5:7,6:10,7:7,8:9,9:12,10:10,11:10,12:11,13:8,14:6,15:7,16:10,17:8,18:11,19:11,20:12,21:10,22:11,23:5,24:9,25:9,26:8,27:10,28:8,29:7,30:7,31:8,32:7,33:5,34:8,35:8,36:10,37:11,38:9,39:6,40:12,41:8,42:9,43:7,44:9,45:11,46:6,47:8,48:4,49:9,50:6
(0,(21)92)105	0.8252665428966349	0.0	0.8252665428966349	0.016141967612671747	1:19,2:62,3:47,4:59,5:42,6:61,7:37,8:57,9:31,10:50,11:47,12:50,13:44,14:51,15:51,16:43,17:42,18:41,19:45,20:53,21:57,22:58,23:59,24:48,25:47,26:51,27:50,28:43,29:50,30:33,31:58,32:46,33:52,34:47,35:57,36:51,37:39,38:48,39:45,40:47,41:63,42:39,43:34,44:45,45:59,46:49,47:46,48:52,49:49,50:44
((0)21,92)105	0.8360181332698311	0.0	0.8360181332698311	0.01529712056977484	1:26,2:64,3:49,4:50,5:39,6:52,7:46,8:50,9:44,10:51,11:51,12:42,13:48,14:51,15:48,16:49,17:47,18:53,19:53,20:44,21:41,22:53,23:42,24:37,25:48,26:54,27:38,28:50,29:45,30:49,31:45,32:43,33:43,34:52,35:49,36:34,37:49,38:45,39:35,40:52,41:53,42:53,43:48,44:51,45:46,46:55,47:41,48:51,49:30,50:50
((0,21)92)105	0.9064520009355156	0.0	0.9064520009355156	0.010756339205466795	1:15,2:51,3:47,4:48,5:54,6:50,7:45,8:64,9:58,10:45,11:54,12:58,13:59,14:53,15:54,16:46,17:59,18:41,19:44,20:54,21:51,22:57,23:41,24:65,25:45,26:52,27:55,28:57,29:55,30:54,31:49,32:50,33:54,34:37,35:46,36:50,37:58,38:60,39:54,40:48,41:47,42:56,43:50,44:55,45:52,46:65,47:61,48:58,49:52,50:53
(((21)0)92)105	0.12478475027064907	1.0	1.1247847502706492	0.003610446784220991	1:9,2:67,3:64,4:70,5:62,6:61,7:91,8:76,9:99,10:71,11:95,12:72,13:86,14:76,15:76,16:96,17:86,18:78,19:79,20:84,21:79,22:71,23:90,24:87,25:83,26:70,27:72,28:65,29:81,30:85,31:67,32:83,33:73,34:68,35:94,36:77,37:83,38:81,39:73,40:74,41:72,42:83,43:82,44:74,45:77,46:69,47:61,48:90,49:88,50:93
(((0)92)21)105	0.20805410748888264	1.0	1.2080541074888826	0.0023809146999005572	1:4,2:60,3:71,4:59,5:60,6:63,7:61,8:65,9:59,10:63,11:65,12:55,13:62,14:65,15:52,16:70,17:63,18:76,19:71,20:71,21:74,22:53,23:75,24:70,25:65,26:66,27:67,28:61,29:52,30:70,31:82,32:64,33:70,34:69,35:55,36:67,37:65,38:62,39:67,40:74,41:73,42:53,43:79,44:74,45:67,46:67,47:65,48:68,49:63,50:59
(0,21,92)105	1.660117815096266	0.0	1.660117815096266	0.00024837047504884177	1:31,2:18,3:9,4:15,5:10,6:7,7:11,8:13,9:4,10:7,11:9,12:7,13:6,14:11,15:9,16:8,17:11,18:9,19:9,20:14,21:6,22:8,23:12,24:12,25:10,26:5,27:12,28:6,29:7,30:9,31:14,32:12,33:9,34:13,35:3,36:5,37:4,38:3,39:11,40:9,41:11,42:7,43:4,44:7,45:10,46:9,47:9,48:12,49:10,50:7
(((0)21)105)92	0.7634320040155177	1.0	1.7634320040155176	0.00014816855900427482	1:4,2:46,3:70,4:58,5:56,6:61,7:62,8:58,9:62,10:68,11:51,12:60,13:50,14:56,15:68,16:68,17:69,18:68,19:66,20:68,21:59,22:63,23:63,24:65,25:70,26:57,27:65,28:76,29:73,30:60,31:69,32:66,33:73,34:61,35:38,36:69,37:47,38:72,39:66,40:60,41:71,42:53,43:71,44:63,45:55,46:68,47:52,48:64,49:64,50:83
((21)0,92)105	0.900750885836998	1.0	1.900750885836998	7.457133087933859e-05	1:16,2:21,3:10,4:14,5:15,6:12,7:7,8:6,9:9,10:8,11:11,12:8,13:10,14:11,15:9,16:6,17:8,18:5,19:5,20:10,21:8,22:8,23:8,24:9,25:7,26:6,27:6,28:10,29:7,30:15,31:8,32:8,33:12,34:11,35:10,36:7,37:8,38:6,39:12,40:8,41:11,42:8,43:11,44:10,45:7,46:7,47:11,48:5,49:7,50:11
((92)0,21)105	0.9616292754766306	1.0	1.9616292754766307	5.5001704770595606e-05	1:17,2:16,3:7,4:6,5:6,6:7,7:9,8:12,9:11,10:4,11:2,12:7,13:4,14:9,15:6,16:7,17:7,18:5,19:5,20:9,21:10,22:7,23:8,24:8,25:2,26:6,27:7,28:12,29:7,30:13,31:8,32:8,33:8,34:8,35:6,36:7,37:5,38:3,39:5,40:5,41:5,42:6,43:5,44:6,45:5,46:5,47:6,48:8,49:4,50:5
(0,(92)21)105	0.9718584857485887	1.0	1.9718584857485886	5.225931378517976e-05	1:22,2:15,3:14,4:9,5:4,6:7,7:7,8:8,9:5,10:3,11:6,12:2,13:6,14:6,15:6,16:10,17:6,18:10,19:4,20:8,21:11,22:5,23:5,24:4,25:8,26:5,27:11,28:4,29:4,30:5,31:6,32:7,33:9,34:3,35:7,36:8,37:5,38:7,39:7,40:2,41:4,42:5,43:4,44:4,45:8,46:5,47:6,48:2,49:2,50:5
((0,92)21)105	1.0462699412675487	1.0	2.046269941267549	3.602311629266767e-05	1:14,2:14,3:15,4:14,5:16,6:7,7:13,8:8,9:9,10:6,11:8,12:13,13:7,14:6,15:16,16:6,17:9,18:5,19:10,20:9,21:9,22:13,23:7,24:9,25:6,26:11,27:8,28:16,29:11,30:9,31:8,32:9,33:14,34:10,35:10,36:6,37:13,38:4,39:6,40:13,41:11,42:15,43:16,44:10,45:11,46:15,47:11,48:10,49:4,50:9
(((92)0)21)105	0.24452500382661146	2.0	2.2445250038266114	1.3368290724250908e-05	1:4,2:13,3:8,4:4,5:13,6:8,7:11,8:5,9:9,10:9,11:9,12:3,13:9,14:12,15:14,16:13,17:8,18:6,19:9,20:5,21:8,22:12,23:7,24:5,25:10,26:8,27:4,28:8,29:9,30:8,31:10,32:10,33:10,34:8,35:8,36:10,37:7,38:9,39:8,40:8,41:12,42:15,43:6,44:8,45:8,46:8,47:12,48:8,49:10,50:9
(((21)92)0)105	0.24672530454721053	2.0	2.2467253045472106	1.3222025469785723e-05	1:8,2:6,3:5,4:7,5:5,6:3,7:3,8:6,9:7,10:7,11:9,12:7,13:5,14:7,15:3,16:7,17:5,18:5,19:3,20:9,21:5,22:10,23:4,24:7,25:6,26:8,27:3,28:13,29:8,30:2,31:10,32:5,33:6,34:6,35:11,36:10,37:5,38:7,39:6,40:6,41:4,42:9,43:8,44:7,45:4,46:5,47:5,48:8,49:9,50:5
(0,(21)105)92	1.4734584181441972	1.0	2.4734584181441974	4.2555263982608095e-06	1:20,2:7,4:5,5:3,6:1,7:2,8:3,9:5,10:1,11:1,12:7,13:7,14:2,15:3,16:4,17:4,18:8,19:4,20:4,21:3,22:2,23:6,24:2,25:4,26:5,27:4,28:6,29:8,30:1,31:3,32:3,33:5,34:3,35:5,36:4,37:9,38:1,39:6,40:1,41:3,42:5,43:6,44:6,45:4,46:5,47:3,48:4,49:5,50:7
((0,21)105)92	1.480536275665537	1.0	2.480536275665537	4.107560005703549e-06	1:12,2:6,3:4,4:3,5:1,6:5,7:2,8:1,9:1,10:2,11:4,12:8,13:4,14:4,15:3,16:6,17:2,18:3,19:1,20:3,21:1,22:3,23:3,24:2,25:2,26:2,27:4,28:4,29:2,30:1,31:3,32:6,33:2,34:5,35:3,36:3,37:2,38:3,39:3,40:3,42:1,43:5,44:6,45:1,46:3,47:3,48:2,49:4,50:3
((0)105,21)92	1.540125407231502	1.0	2.540125407231502	3.049212991677224e-06	1:21,2:11,3:5,4:4,5:5,6:5,7:2,8:2,9:4,10:6,11:5,12:6,13:5,14:4,15:4,16:5,17:5,18:11,19:2,20:6,21:6,22:6,23:5,24:3,25:3,26:4,27:2,28:3,29:2,30:7,31:4,32:6,33:5,34:4,35:3,36:3,37:3,38:2,39:2,40:6,41:7,42:2,43:6,44:6,45:7,46:4,47:4,48:8,49:2,50:4
(105,(0)21)92	1.587025513841189	1.0	2.587025513841189	2.4118232307406568e-06	1:21,2:10,3:7,4:5,5:4,6:11,7:3,8:7,9:6,10:9,12:4,14:3,15:10,16:4,17:6,18:3,19:2,20:1,21:4,22:5,23:5,24:10,25:4,26:3,27:1,28:5,29:6,30:4,31:4,32:8,33:3,34:3,35:4,36:5,37:1,38:3,39:4,40:7,41:2,42:4,43:2,44:3,45:5,46:3,47:7,48:3,49:5,50:3
(((0)92)105)21	0.8376713368229385	2.0	2.8376713368229387	6.887712085676423e-07	1:13,2:1,3:3,4:1,5:2,6:2,7:5,8:5,9:2,10:2,11:2,12:2,13:2,15:2,16:2,18:1,20:1,23:2,24:2,25:1,26:2,27:2,28:3,30:2,32:2,33:2,34:1,35:1,36:1,37:1,39:1,40:2,43:2,44:1,45:2,46:3,47:1,48:2,49:1,50:2
(((21)0)105)92	0.8411166476764799	2.0	2.84111664767648	6.770076675096458e-07	1:4,2:8,3:2,4:2,5:5,6:4,7:4,8:6,9:6,10:6,11:4,12:3,13:4,14:7,15:3,16:2,17:4,18:3,19:6,20:7,21:5,22:6,23:8,24:2,25:3,26:5,27:3,28:6,29:7,30:6,31:3,32:5,33:4,34:8,35:3,36:6,37:9,38:4,39:7,40:3,41:5,42:6,43:1,44:3,45:7,46:5,47:6,48:3,49:4,50:8
(((0)105)21)92	0.8865717441532245	2.0	2.8865717441532244	5.393728718152367e-07	1:8,2:1,4:1,6:2,8:4,9:2,12:2,14:3,15:3,16:3,17:2,18:2,19:3,21:2,22:4,23:2,24:3,25:1,26:4,27:1,31:1,32:2,33:1,34:1,36:5,39:2,42:4,43:1,44:1,45:1,46:1,48:3,49:2,50:1
((21,92)0)105	1.1324392036661393	2.0	3.1324392036661393	1.5775919980566615e-07	1:15,2:13,3:6,4:13,5:16,6:11,7:18,8:14,9:5,10:10,11:11,12:12,13:10,14:16,15:12,16:16,17:14,18:16,19:13,20:17,21:10,22:11,23:6,24:19,25:5,26:16,27:14,28:8,29:11,30:11,31:11,32:8,33:11,34:12,35:8,36:13,37:7,38:19,39:12,40:7,41:10,42:9,43:13,44:5,45:10,46:15,47:18,48:10,49:8,50:12
(((92)21)0)105	0.33243885775953175	3.0	3.3324388577595316	5.8036466640062115e-08	1:7,2:40,3:63,4:76,5:84,6:53,7:70,8:55,9:71,10:69,11:62,12:76,13:61,14:59,15:67,16:53,17:66,18:68,19:68,20:54,21:55,22:73,23:62,24:65,25:76,26:51,27:69,28:63,29:58,30:76,31:60,32:77,33:63,34:68,35:70,36:57,37:51,38:50,39:59,40:75,41:81,42:67,43:73,44:61,45:63,46:62,47:74,48:46,49:75,50:57
(0,105,21)92	2.436690813377848	1.0	3.436690813377848	3.446043209518058e-08	1:33,2:6,3:10,4:6,5:11,6:10,7:11,8:4,9:9,10:7,11:10,12:6,13:8,14:8,15:10,16:6,17:8,18:1,19:4,20:6,21:7,22:7,23:8,24:9,25:4,26:10,27:10,28:6,29:9,30:10,31:3,32:10,33:7,34:7,35:10,36:8,37:10,38:10,39:10,40:14,41:8,42:5,43:9,44:7,45:3,46:7,47:12,48:10,49:7,50:10
(0,(92)105)21	1.5797255362878706	2.0	3.579725536287871	1.6854845049680757e-08	1:21,2:4,3:2,4:3,5:6,6:3,7:2,8:2,9:7,10:6,11:5,12:7,13:4,14:2,15:4,16:3,17:2,18:2,19:4,20:3,21:8,22:4,23:3,24:5,25:3,26:5,27:7,28:2,29:3,30:6,31:5,32:5,33:4,34:3,35:2,36:2,37:3,38:2,39:4,40:2,41:8,42:5,43:5,44:4,45:3,46:6,47:1,48:4,49:5,50:1
((21)0,105)92	1.5980431684148464	2.0	3.598043168414846	1.537972363610523e-08	1:21,2:6,3:8,4:5,5:10,6:3,7:6,8:2,9:5,10:2,11:4,12:6,13:7,14:3,15:2,16:3,17:4,18:2,19:3,20:5,21:5,22:5,23:5,24:6,25:3,26:7,27:5,29:3,30:7,31:4,32:4,33:3,34:4,35:6,36:4,37:4,38:4,39:3,40:5,41:2,42:6,43:7,44:2,45:6,46:4,47:2,48:11,49:2,50:4
((0,92)105)21	1.6136374723892875	2.0	3.6136374723892875	1.4226102408913371e-08	1:13,2:6,3:4,4:2,5:2,6:5,7:3,8:2,9:3,10:8,11:5,12:3,13:6,14:2,15:1,16:3,17:3,18:3,19:2,20:2,21:4,22:6,23:7,24:3,25:2,26:3,27:1,28:11,29:5,30:1,31:4,32:1,33:2,34:5,35:3,36:1,37:4,38:7,39:8,40:7,41:6,42:1,43:3,44:4,45:5,46:3,47:5,48:3,49:7,50:2
((0,105)21)92	1.6288259436181567	2.0	3.628825943618157	1.3185742323875083e-08	1:17,2:5,3:4,4:7,5:3,6:8,7:2,8:2,9:2,10:4,11:4,12:3,13:2,14:6,16:5,17:4,18:4,19:5,20:6,22:3,23:3,24:7,25:3,26:3,28:5,29:5,30:2,31:6,32:5,33:8,34:5,35:3,36:4,37:2,38:6,39:4,40:1,41:2,42:3,43:3,44:4,45:3,46:1,47:3,48:3,49:3,50:1
(0,(105)21)92	1.7439233377584542	2.0	3.743923337758454	7.416069116630663e-09	1:15,2:6,3:3,4:2,5:2,6:3,7:1,8:6,9:8,10:5,11:3,12:7,13:3,14:4,15:5,16:6,17:5,18:1,19:3,20:7,21:1,22:7,23:5,24:1,25:5,26:5,27:4,28:3,29:5,30:3,31:3,32:4,33:6,34:8,35:4,36:2,37:7,38:6,39:5,40:4,41:3,42:3,43:4,44:4,45:6,46:2,47:8,48:2,49:5,50:5
((0)105,92)21	1.750303319427807	2.0	3.750303319427807	7.183230698066394e-09	1:22,2:12,3:6,4:7,5:4,6:2,7:7,8:4,9:5,10:6,11:6,12:4,13:6,14:5,15:6,16:3,17:6,18:7,19:4,20:4,21:6,22:4,23:1,24:5,25:4,26:3,27:4,28:6,29:5,30:5,31:3,32:6,33:4,34:3,35:5,36:4,37:2,38:4,39:7,40:4,41:7,42:6,43:6,44:5,45:6,46:5,47:1,48:9,49:3,50:7
(105,(0)92)21	1.750503319427807	2.0	3.750503319427807	7.176051057786762e-09	1:24,2:9,3:7,4:1,5:2,6:3,7:5,8:1,9:2,10:3,11:5,12:2,13:6,14:6,15:2,16:8,17:4,18:4,19:6,20:2,21:8,22:3,23:5,24:3,26:3,27:5,28:5,29:4,30:5,31:6,32:4,33:6,34:6,35:3,36:6,37:4,38:4,39:5,40:3,41:6,42:5,43:4,44:5,45:5,46:5,47:5,48:6,49:8,50:6
((105)0,21)92	1.7982360779407063	2.0	3.7982360779407065	5.652429468957052e-09	1:21,2:4,3:2,4:5,5:4,6:4,7:4,8:2,9:3,10:5,11:4,12:6,13:6,14:3,15:5,16:5,17:5,18:7,19:12,20:8,21:3,22:2,23:7,24:5,25:5,26:8,27:6,28:5,29:2,30:1,31:4,32:3,33:3,34:4,35:2,36:3,37:5,38:3,39:4,40:1,41:4,42:6,43:5,44:4,45:2,46:7,47:5,48:2,49:5,50:7
(((21)105)0)92	0.8919840770051907	3.0	3.8919840770051906	3.5372353658134287e-09	1:8,2:1,3:3,4:1,5:1,6:5,7:1,8:3,9:1,10:1,11:3,12:1,13:2,14:2,15:1,16:1,17:1,18:4,19:2,21:1,22:1,23:2,24:1,25:1,26:2,29:1,30:1,31:3,33:2,35:5,37:3,38:3,39:1,40:1,41:2,42:2,44:1,46:1,48:1,49:1,50:2
(((0)105)92)21	0.9243860048947135	3.0	3.9243860048947132	3.0081817078949376e-09	1:7,2:38,3:52,4:62,5:66,6:71,7:66,8:67,9:64,10:66,11:66,12:69,13:63,14:76,15:58,16:59,17:61,18:66,19:54,20:66,21:52,22:63,23:71,24:70,25:71,26:75,27:67,28:65,29:73,30:69,31:65,32:54,33:56,34:58,35:66,36:62,37:64,38:48,39:69,40:73,41:65,42:65,43:83,44:72,45:57,46:66,47:69,48:82,49:81,50:49
(((21)92)105)0	0.9408844843354767	3.0	3.9408844843354767	2.7699891833644152e-09	1:6,2:3,3:2,4:3,5:3,6:2,7:3,9:2,11:1,12:1,13:1,14:1,15:2,17:1,18:2,19:2,20:1,21:2,22:1,24:1,25:3,26:2,27:1,28:1,29:4,30:2,31:2,34:3,36:1,37:1,39:2,40:2,41:1,43:1,44:3,45:2,47:1,48:1,49:1,50:2
(((105)0)21)92	0.9877845909451636	3.0	3.9877845909451635	2.190966744393898e-09	1:10,2:3,4:1,5:4,6:2,8:3,9:1,10:5,11:4,12:3,13:2,14:1,16:8,17:1,18:3,19:3,20:2,21:1,22:3,23:2,24:3,25:3,26:2,27:1,28:4,29:4,30:3,31:2,32:4,33:4,34:2,35:7,36:4,37:3,39:4,40:3,41:2,42:4,43:2,44:2,45:4,46:5,48:1,49:3,50:2
(((92)0)105)21	1.035096234039863	3.0	4.035096234039863	1.7294175348263945e-09	1:4,2:1,3:2,4:1,5:4,6:1,7:1,8:3,9:2,10:1,11:1,12:1,13:2,14:1,16:3,17:1,18:3,19:2,20:3,21:1,22:5,23:4,24:3,25:2,26:3,27:3,28:3,29:3,30:3,31:1,32:4,33:2,34:3,35:2,36:8,38:4,39:4,40:2,41:5,42:2,43:4,44:2,45:4,46:4,47:3,48:1,49:3,50:6
(0,105,92)21	2.6271777861423846	2.0	4.627177786142385	8.95800093555093e-11	1:42,2:9,3:7,4:12,5:10,6:7,7:12,8:4,9:7,10:8,11:7,12:10,13:8,14:12,15:10,16:9,17:5,18:12,19:14,20:6,21:6,22:6,23:6,24:10,25:4,26:9,27:9,28:8,29:8,30:5,31:8,32:6,33:11,34:7,35:10,36:19,37:9,38:7,39:5,40:8,41:5,42:14,43:12,44:8,45:7,46:7,47:9,48:10,49:13,50:8
((21,92)105)0	1.6809021036653349	3.0	4.680902103665335	6.847786796100903e-11	1:16,2:7,3:4,4:3,5:4,6:2,7:5,8:10,9:4,10:5,11:2,12:4,13:7,14:5,15:3,16:6,17:4,18:8,19:3,20:7,21:1,22:2,23:5,24:3,25:6,26:5,27:6,28:6,29:4,30:3,31:5,32:9,33:3,34:6,35:4,36:2,37:9,38:6,39:8,40:4,41:2,42:1,43:2,44:7,45:8,46:4,47:7,48:6,49:5,50:8
((0,105)92)21	1.6813125256330799	3.0	4.68131252563308	6.833748794130435e-11	1:15,2:6,3:4,4:5,5:1,6:4,7:4,8:4,9:5,10:6,11:4,12:1,13:3,14:6,15:3,16:3,17:4,18:3,19:1,21:2,22:5,24:3,25:4,26:3,27:1,28:4,29:7,30:7,31:1,32:2,33:3,34:3,35:3,36:2,38:6,39:3,40:6,41:4,42:3,44:2,45:4,46:3,47:5,48:1,49:4,50:3
((92)105,21)0	1.6983017429184954	3.0	4.6983017429184954	6.277220634192134e-11	1:17,2:3,3:6,4:3,5:6,6:4,7:2,8:4,9:1,10:2,11:3,12:1,13:3,14:6,15:3,16:5,17:3,18:4,19:6,20:2,21:8,22:3,23:3,24:4,25:6,26:4,27:3,28:4,29:5,30:5,31:1,32:3,33:4,34:5,35:4,36:6,37:1,38:2,40:2,41:7,42:1,43:3,44:9,45:3,46:2,47:1,48:3,49:1,50:3
((105,21)0)92	1.6985017429184954	3.0	4.698501742918495	6.270946551122332e-11	1:14,2:5,3:5,4:5,5:7,6:6,7:6,8:7,9:6,10:6,11:2,12:4,13:5,14:4,15:8,16:6,17:4,18:2,19:5,20:5,21:5,22:2,23:5,24:1,25:3,26:5,27:4,28:5,29:6,30:6,31:4,32:4,33:3,34:6,35:6,36:7,37:3,38:5,39:4,40:7,41:2,42:7,43:4,44:2,45:3,46:6,47:6,48:6,49:4,50:6
(0,(105)92)21	1.7628018386733795	3.0	4.762801838673379	4.546814280326271e-11	1:32,2:9,3:4,4:1,5:3,6:2,7:7,8:3,9:6,10:3,11:9,12:2,13:7,14:5,15:4,16:5,17:7,18:1,19:3,20:3,21:10,22:3,23:5,25:4,26:4,27:7,28:6,29:4,30:3,31:7,32:5,33:2,34:2,35:6,36:4,38:9,39:5,40:5,41:2,42:6,43:3,44:5,45:4,46:4,47:5,48:6,49:3,50:4
((92)0,105)21	1.7773504335047952	3.0	4.777350433504795	4.227808845459262e-11	1:14,2:2,3:1,4:3,5:4,6:5,7:5,8:4,9:8,10:6,11:2,12:4,13:6,14:5,15:5,16:1,17:2,18:3,19:3,20:5,21:6,22:8,23:5,24:1,25:10,26:2,27:7,28:5,29:3,30:3,31:6,32:3,33:4,34:6,35:6,36:7,37:3,38:4,39:6,40:6,41:6,42:4,43:5,44:3,45:9,46:4,47:4,48:4,49:8,50:1
((21)105,92)0	1.8031503514682297	3.0	4.803150351468229	3.716135430756644e-11	1:16,2:4,3:4,4:8,6:6,7:6,8:5,9:5,10:6,11:7,12:5,13:4,14:3,15:5,16:5,17:4,18:3,19:6,20:2,21:1,22:4,23:5,24:2,25:4,26:3,27:4,28:1,29:2,30:7,31:6,32:1,33:7,34:6,35:1,36:4,37:5,38:4,39:5,40:8,41:4,42:4,43:5,44:5,45:4,46:4,47:8,48:1,49:2,50:4
(105,(21)92)0	1.8522507587985158	3.0	4.852250758798515	2.9071761909497796e-11	1:24,2:2,3:5,4:3,5:6,6:12,7:3,8:4,9:4,10:7,11:5,12:9,13:7,14:3,15:4,16:3,17:9,18:5,19:5,20:6,21:6,22:6,23:3,24:4,25:4,26:3,27:5,28:4,29:5,30:7,31:2,32:6,33:2,34:9,35:8,36:3,37:6,38:2,39:4,40:2,41:9,42:3,43:6,44:3,45:7,46:1,47:5,48:5,49:5,50:5
(((21)105)92)0	0.9141567946227553	4.0	4.914156794622755	2.1332615438707784e-11	1:13,2:4,3:7,4:7,5:7,6:7,7:2,8:6,9:7,10:3,11:4,12:5,13:3,14:5,15:6,16:4,17:9,18:5,19:5,20:3,21:8,22:6,23:7,24:6,25:4,26:5,27:6,28:5,29:4,30:3,31:9,32:4,33:5,34:4,35:4,36:5,37:10,38:9,39:5,40:3,41:4,42:3,43:6,44:7,45:10,46:7,47:11,48:9,49:10,50:4
((105)0,92)21	1.9380540182727395	3.0	4.938054018272739	1.8930057913463376e-11	1:23,2:4,3:7,4:5,5:3,6:7,7:5,8:2,9:5,10:9,11:6,12:5,13:2,14:1,15:6,16:7,17:3,18:5,19:2,20:4,21:5,22:1,23:2,24:4,25:5,26:1,27:3,28:2,29:5,30:3,31:1,32:4,33:4,34:5,35:8,36:3,37:7,38:2,39:4,40:6,41:5,42:6,43:6,44:3,46:5,47:3,48:6,49:4,50:4
(((92)105)0)21	0.9386841836148776	4.0	4.938684183614877	1.8870506448794874e-11	1:5,2:1,3:1,4:2,6:1,7:2,8:1,10:1,11:1,12:2,13:3,15:2,16:1,17:2,18:1,19:1,20:1,21:2,22:2,23:3,25:4,26:1,27:2,28:1,29:2,30:2,31:3,32:1,33:1,34:2,35:2,36:3,37:4,38:1,39:2,40:2,41:1,45:2,46:4,47:1,48:2,50:1
(((105)21)0)92	0.9622560870935876	4.0	4.9622560870935875	1.677250067099573e-11	1:9,2:1,3:4,5:2,7:3,8:2,9:2,10:4,11:5,12:2,15:1,16:2,18:3,19:1,20:2,23:2,24:2,25:1,26:2,27:1,28:1,29:1,31:2,32:1,34:1,35:1,36:3,37:3,38:1,39:1,41:2,42:1,44:1,46:2,47:1,48:1,49:1,50:4
(((92)21)105)0	1.0996381844940735	4.0	5.099638184494074	8.438716245778334e-12	1:8,3:1,4:1,6:1,7:3,9:1,10:1,12:1,13:1,14:1,15:1,17:1,19:1,20:1,21:2,23:2,24:1,25:2,26:2,27:1,28:1,30:3,31:1,32:1,35:1,36:1,37:4,39:1,40:1,41:2,42:2,44:1,47:1,49:2,50:1
(((105)0)92)21	1.0998381844940734	4.0	5.0998381844940734	8.430281747484597e-12	1:3,2:1,3:4,4:2,5:6,6:8,7:5,8:6,9:2,10:3,11:4,12:2,13:7,14:2,15:10,16:1,17:5,18:6,19:6,20:5,21:6,22:7,23:10,24:3,25:3,26:1,27:6,28:9,29:6,30:9,31:5,32:6,33:4,34:7,35:5,36:4,37:5,38:8,39:3,40:6,41:9,42:7,43:6,44:4,45:7,46:5,47:5,48:4,49:2,50:7
(105,21,92)0	2.7346840621907313	3.0	5.734684062190731	3.5260769169791634e-13	1:44,2:12,3:8,4:6,5:18,6:6,7:5,8:8,9:13,10:8,11:4,12:6,13:9,14:4,15:6,16:7,17:13,18:6,19:10,20:11,21:7,22:11,23:10,24:10,25:13,26:8,27:7,28:12,29:4,30:11,31:6,32:10,33:6,34:6,35:9,36:6,37:8,38:11,39:9,40:9,41:10,42:12,43:9,44:8,45:6,46:14,47:7,48:5,49:12,50:4
((105,21)92)0	1.7377503044484266	4.0	5.737750304448427	3.4724301723179957e-13	1:14,2:3,3:2,4:1,5:2,6:2,7:4,8:3,9:4,10:2,11:4,12:3,14:7,15:4,16:2,17:1,18:6,19:3,20:3,21:2,22:1,23:1,24:4,25:2,26:4,27:4,28:1,29:3,30:2,31:4,32:6,33:3,34:2,35:5,36:1,37:3,38:1,39:5,40:5,42:2,43:2,44:3,45:1,46:2,47:1,48:2,49:3,50:3
(21,(105)92)0	1.84897110107197	4.0	5.84897110107197	1.9912263467201728e-13	1:21,2:13,3:3,4:2,5:1,6:3,7:5,8:3,9:4,10:5,11:3,12:6,13:4,14:2,15:2,16:6,17:6,18:1,19:5,20:6,21:4,22:3,23:3,24:3,25:6,26:9,27:4,28:1,29:1,30:4,31:5,32:2,33:6,34:1,35:4,36:2,37:1,38:4,39:7,40:1,41:6,42:6,43:7,44:5,45:3,46:6,47:8,48:1,49:8,50:3
((105,92)0)21	1.8500504580779167	4.0	5.8500504580779165	1.9805090716082937e-13	1:7,2:6,3:4,4:7,5:4,6:5,7:7,8:5,9:4,10:6,11:9,12:6,13:5,14:1,15:6,16:9,17:5,18:4,19:8,20:5,21:5,22:4,23:5,24:7,25:9,26:6,27:5,28:6,29:5,30:6,31:5,32:7,33:6,34:5,35:1,36:6,37:4,38:11,39:5,40:3,42:3,43:1,44:3,45:3,46:4,47:3,48:3,49:4,50:5
(105,(92)21)0	1.9061558504073781	4.0	5.906155850407378	1.4960479884604554e-13	1:31,2:6,3:3,4:4,5:1,6:2,7:1,8:6,9:3,10:5,11:3,12:2,13:4,14:3,15:4,16:5,17:2,18:3,19:2,20:4,21:5,22:3,23:5,24:4,25:6,26:5,27:6,28:4,29:4,30:2,31:6,32:8,33:5,34:3,35:7,36:7,37:3,38:2,39:5,40:4,41:2,42:3,43:3,44:7,45:7,46:4,47:5,48:6,49:6,50:6
(((105)92)0)21	0.9610569012324423	5.0	5.961056901232443	1.1369186937541045e-13	1:8,2:3,4:1,5:1,6:1,7:2,8:5,11:2,12:3,14:2,15:2,16:2,17:1,18:2,20:1,21:2,22:2,23:3,25:4,27:2,29:2,31:1,32:2,33:3,34:1,36:1,37:1,38:1,39:1,40:1,41:2,42:1,43:1,44:2,45:1,49:2,50:3
(((92)105)21)0	0.9620560870935876	5.0	5.962056087093588	1.1312528930880805e-13	1:9,2:3,3:2,5:3,6:1,7:1,8:2,9:1,10:1,11:7,12:3,14:5,15:3,16:5,17:1,18:4,19:3,20:1,21:2,22:3,23:3,24:6,25:1,26:2,27:1,29:2,30:1,31:1,32:2,33:2,34:4,35:3,36:3,37:1,38:1,39:4,40:3,41:4,42:3,43:4,45:6,46:2,47:3,48:1,49:1
((105)21,92)0	1.9699105404890778	4.0	5.969910540489078	1.0876870905563766e-13	1:31,2:13,3:7,4:4,5:4,6:3,7:2,8:10,9:6,10:3,11:4,12:3,13:5,14:6,15:7,16:3,17:8,18:6,19:5,20:5,21:4,22:6,23:2,24:4,25:4,26:4,27:5,28:6,29:11,30:2,31:7,32:3,33:6,34:5,35:6,36:2,37:3,38:2,39:4,40:7,41:5,42:3,43:2,44:5,45:4,46:5,47:3,48:2,49:6,50:1
(((105)21)92)0	1.084196641370149	5.0	6.0841966413701485	6.142354238071207e-14	1:6,2:50,3:65,4:66,5:66,6:71,7:64,8:60,9:65,10:63,11:62,12:64,13:60,14:49,15:59,16:61,17:74,18:72,19:67,20:59,21:78,22:62,23:60,24:64,25:60,26:60,27:67,28:73,29:72,30:66,31:65,32:53,33:72,34:62,35:61,36:77,37:58,38:70,39:71,40:69,41:55,42:68,43:61,44:63,45:54,46:66,47:72,48:52,49:55,50:71
((105,92)21)0	1.8748880696984562	5.0	6.874888069698456	1.1786103163270963e-15	1:16,2:1,3:5,4:2,5:3,6:4,7:3,8:2,9:4,10:2,11:6,12:4,13:6,14:4,15:6,16:2,17:2,18:3,19:1,20:4,21:9,22:6,23:4,24:7,25:6,26:6,27:4,28:5,29:5,30:4,31:1,32:3,33:5,34:1,35:5,36:5,37:9,38:3,40:3,42:2,43:4,44:2,45:6,46:3,47:3,48:2,49:5,50:3
(((105)92)21)0	1.0489707551653626	6.0	7.048970755165363	4.935765177729597e-16	1:4,3:3,5:1,8:1,9:1,10:3,11:1,12:2,13:1,14:2,15:3,16:1,17:3,18:2,19:3,21:1,22:2,27:1,28:1,29:2,30:2,32:1,33:2,34:1,36:1,37:1,38:4,39:1,43:1,44:2,45:1,46:3,47:1,48:1,50:1
