# generation count = 50 
#
generation.index	generationHighestFitness	generationMedianFitness	populationHighestFitness	populationMedianFitness
1	0.6187818017205856	7.176051057786762e-09	0.6187818017205856	7.176051057786762e-09
2	0.6187818017205856	0.00024837047504884177	0.6187818017205856	1.5775919980566615e-07
3	0.6187818017205856	0.0023809146999005572	0.6187818017205856	4.2555263982608095e-06
4	0.6187818017205856	0.00024837047504884177	0.6187818017205856	3.602311629266767e-05
5	0.6187818017205856	0.0023809146999005572	0.6187818017205856	5.5001704770595606e-05
6	0.6187818017205856	0.0023809146999005572	0.6187818017205856	7.457133087933859e-05
7	0.6187818017205856	0.00014816855900427482	0.6187818017205856	0.00014816855900427482
8	0.6187818017205856	0.00014816855900427482	0.6187818017205856	0.00014816855900427482
9	0.6187818017205856	0.00014816855900427482	0.6187818017205856	0.00014816855900427482
10	0.6187818017205856	0.0023809146999005572	0.6187818017205856	0.00014816855900427482
11	0.6187818017205856	0.0023809146999005572	0.6187818017205856	0.00014816855900427482
12	0.6187818017205856	0.0023809146999005572	0.6187818017205856	0.00014816855900427482
13	0.6187818017205856	0.00014816855900427482	0.6187818017205856	0.00014816855900427482
14	0.6187818017205856	0.00014816855900427482	0.6187818017205856	0.00014816855900427482
15	0.6187818017205856	0.0023809146999005572	0.6187818017205856	0.00014816855900427482
16	0.6187818017205856	0.00024837047504884177	0.6187818017205856	0.00014816855900427482
17	0.6187818017205856	0.0023809146999005572	0.6187818017205856	0.00014816855900427482
18	0.6187818017205856	0.0023809146999005572	0.6187818017205856	0.00014816855900427482
19	0.6187818017205856	0.00014816855900427482	0.6187818017205856	0.00014816855900427482
20	0.6187818017205856	0.0023809146999005572	0.6187818017205856	0.00014816855900427482
21	0.6187818017205856	0.00024837047504884177	0.6187818017205856	0.00014816855900427482
22	0.6187818017205856	0.0023809146999005572	0.6187818017205856	0.00014816855900427482
23	0.6187818017205856	0.0023809146999005572	0.6187818017205856	0.00014816855900427482
24	0.6187818017205856	0.0023809146999005572	0.6187818017205856	0.00014816855900427482
25	0.6187818017205856	0.0023809146999005572	0.6187818017205856	0.00014816855900427482
26	0.6187818017205856	0.0023809146999005572	0.6187818017205856	0.00014816855900427482
27	0.6187818017205856	0.0023809146999005572	0.6187818017205856	0.00014816855900427482
28	0.6187818017205856	0.00019826951702655828	0.6187818017205856	0.00014816855900427482
29	0.6187818017205856	0.00024837047504884177	0.6187818017205856	0.00014816855900427482
30	0.6187818017205856	0.00024837047504884177	0.6187818017205856	0.00014816855900427482
31	0.6187818017205856	0.00014816855900427482	0.6187818017205856	0.00014816855900427482
32	0.6187818017205856	0.00024837047504884177	0.6187818017205856	0.00014816855900427482
33	0.6187818017205856	0.0023809146999005572	0.6187818017205856	0.00024837047504884177
34	0.6187818017205856	0.0023809146999005572	0.6187818017205856	0.00024837047504884177
35	0.6187818017205856	0.00014816855900427482	0.6187818017205856	0.00024837047504884177
36	0.6187818017205856	0.00014816855900427482	0.6187818017205856	0.00024837047504884177
37	0.6187818017205856	0.00024837047504884177	0.6187818017205856	0.00024837047504884177
38	0.6187818017205856	0.00014816855900427482	0.6187818017205856	0.00024837047504884177
39	0.6187818017205856	0.00024837047504884177	0.6187818017205856	0.00024837047504884177
40	0.6187818017205856	0.0023809146999005572	0.6187818017205856	0.00024837047504884177
41	0.6187818017205856	0.00014816855900427482	0.6187818017205856	0.00024837047504884177
42	0.6187818017205856	0.00014816855900427482	0.6187818017205856	0.00024837047504884177
43	0.6187818017205856	0.00014816855900427482	0.6187818017205856	0.00014816855900427482
44	0.6187818017205856	0.00014816855900427482	0.6187818017205856	0.00014816855900427482
45	0.6187818017205856	0.0023809146999005572	0.6187818017205856	0.00024837047504884177
46	0.6187818017205856	0.00024837047504884177	0.6187818017205856	0.00024837047504884177
47	0.6187818017205856	0.00014816855900427482	0.6187818017205856	0.00024837047504884177
48	0.6187818017205856	0.00014816855900427482	0.6187818017205856	0.00024837047504884177
49	0.6187818017205856	0.0023809146999005572	0.6187818017205856	0.00024837047504884177
50	0.6187818017205856	0.0023809146999005572	0.6187818017205856	0.00024837047504884177
############################################################
Topology	MassCost	TopologyCost	Cost	Fitness	appearances(generationID:count)
(((0)21)92)105	0.09600051393997294	0.0	0.09600051393997294	0.6187818017205856	1:5,2:140,3:203,4:201,5:201,6:195,7:208,8:187,9:196,10:213,11:214,12:202,13:192,14:205,15:183,16:205,17:201,18:208,19:202,20:223,21:191,22:191,23:213,24:197,25:208,26:192,27:200,28:195,29:199,30:200,31:212,32:214,33:223,34:198,35:198,36:196,37:204,38:197,39:172,40:213,41:203,42:189,43:194,44:208,45:189,46:214,47:198,48:186,49:222,50:207
(21,(0)92)105	0.7893180266601442	0.0	0.7893180266601442	0.019320469808163012	1:19,2:59,3:9,4:14,5:11,6:7,7:7,8:10,9:5,10:6,11:15,12:9,13:8,14:10,15:9,16:5,17:9,18:4,19:8,20:7,21:8,22:6,23:6,24:11,25:6,26:17,27:14,28:13,29:5,30:6,31:9,32:7,33:6,34:5,35:13,36:12,37:10,38:10,39:8,40:7,41:7,42:13,43:11,44:9,45:9,46:5,47:14,48:6,49:7,50:9
(0,(21)92)105	0.8252665428966349	0.0	0.8252665428966349	0.016141967612671747	1:19,2:75,3:52,4:48,5:42,6:46,7:36,8:41,9:47,10:54,11:46,12:40,13:40,14:40,15:45,16:41,17:44,18:65,19:32,20:43,21:52,22:49,23:44,24:55,25:51,26:60,27:46,28:50,29:44,30:48,31:45,32:39,33:60,34:50,35:52,36:52,37:37,38:42,39:52,40:44,41:38,42:36,43:43,44:41,45:50,46:51,47:51,48:51,49:49,50:43
((0)21,92)105	0.8360181332698311	0.0	0.8360181332698311	0.01529712056977484	1:23,2:71,3:57,4:48,5:51,6:45,7:45,8:53,9:58,10:55,11:53,12:50,13:43,14:56,15:54,16:47,17:45,18:54,19:45,20:49,21:56,22:49,23:49,24:51,25:57,26:44,27:58,28:43,29:43,30:41,31:52,32:42,33:54,34:57,35:47,36:44,37:48,38:45,39:57,40:46,41:51,42:44,43:37,44:53,45:57,46:44,47:42,48:50,49:51,50:55
((0,21)92)105	0.9064520009355156	0.0	0.9064520009355156	0.010756339205466795	1:12,2:54,3:52,4:45,5:55,6:64,7:49,8:65,9:45,10:49,11:44,12:42,13:50,14:38,15:53,16:63,17:52,18:41,19:52,20:57,21:48,22:65,23:51,24:40,25:46,26:51,27:54,28:47,29:64,30:63,31:33,32:47,33:46,34:49,35:45,36:41,37:52,38:46,39:48,40:66,41:45,42:47,43:61,44:49,45:64,46:43,47:52,48:48,49:53,50:61
(((21)0)92)105	0.12478475027064907	1.0	1.1247847502706492	0.003610446784220991	1:8,2:58,3:76,4:85,5:84,6:83,7:75,8:76,9:76,10:76,11:78,12:93,13:81,14:68,15:92,16:79,17:96,18:67,19:73,20:83,21:70,22:87,23:83,24:79,25:70,26:87,27:81,28:85,29:79,30:66,31:85,32:72,33:82,34:71,35:61,36:69,37:78,38:86,39:79,40:74,41:72,42:72,43:77,44:80,45:73,46:70,47:72,48:88,49:71,50:70
(((0)92)21)105	0.20805410748888264	1.0	1.2080541074888826	0.0023809146999005572	1:10,2:35,3:60,4:56,5:71,6:71,7:66,8:57,9:64,10:65,11:52,12:69,13:69,14:63,15:74,16:57,17:79,18:69,19:60,20:58,21:68,22:68,23:76,24:90,25:81,26:65,27:62,28:59,29:65,30:66,31:55,32:75,33:65,34:80,35:61,36:65,37:63,38:61,39:77,40:63,41:72,42:60,43:59,44:48,45:69,46:69,47:55,48:60,49:67,50:56
(0,21,92)105	1.660117815096266	0.0	1.660117815096266	0.00024837047504884177	1:42,2:20,3:7,4:11,5:9,6:9,7:6,8:8,9:8,10:11,11:7,12:8,13:11,14:7,15:12,16:8,17:5,18:6,19:10,20:7,21:9,22:4,23:6,24:10,25:11,26:3,27:4,28:8,29:9,30:16,31:8,32:5,33:8,34:9,35:9,36:8,37:10,38:11,39:14,40:5,41:6,42:4,43:9,44:7,45:7,46:10,47:7,48:9,49:14,50:4
(((0)21)105)92	0.7634320040155177	1.0	1.7634320040155176	0.00014816855900427482	1:7,2:51,3:56,4:48,5:54,6:47,7:66,8:68,9:68,10:44,11:64,12:65,13:68,14:65,15:52,16:62,17:63,18:58,19:62,20:63,21:63,22:53,23:46,24:58,25:47,26:53,27:64,28:71,29:64,30:73,31:71,32:68,33:43,34:67,35:64,36:84,37:78,38:69,39:60,40:55,41:62,42:70,43:73,44:77,45:63,46:68,47:67,48:56,49:69,50:53
((21)0,92)105	0.900750885836998	1.0	1.900750885836998	7.457133087933859e-05	1:19,2:11,3:12,4:8,5:9,6:3,7:9,8:13,9:8,10:7,11:13,12:12,13:8,14:11,15:9,16:9,17:10,18:9,19:7,20:5,21:9,22:12,23:7,24:6,25:10,26:5,27:8,28:7,29:15,30:13,31:7,32:8,33:8,34:11,35:13,36:8,37:8,38:9,39:5,40:10,41:7,42:6,43:9,44:12,45:5,46:10,47:9,48:8,49:8,50:13
((92)0,21)105	0.9616292754766306	1.0	1.9616292754766307	5.5001704770595606e-05	1:19,2:15,3:8,4:7,5:3,6:4,7:7,8:14,9:8,10:7,11:8,12:6,13:9,14:7,15:9,16:9,17:4,18:7,19:13,20:5,21:8,22:5,23:6,24:6,25:2,26:8,27:6,28:13,29:8,30:6,31:8,32:7,33:4,34:4,35:3,36:5,37:6,38:11,39:7,40:8,41:11,42:9,43:7,44:4,45:4,46:6,47:6,48:9,49:9,50:7
(0,(92)21)105	0.9718584857485887	1.0	1.9718584857485886	5.225931378517976e-05	1:19,2:12,3:7,4:5,5:8,6:10,7:1,8:5,9:12,10:8,11:9,12:5,13:5,14:6,15:5,16:12,17:9,18:7,19:4,20:5,21:4,22:9,23:8,24:4,25:7,26:7,27:7,28:4,29:6,30:4,31:5,32:4,33:9,34:6,35:8,36:5,37:7,38:3,39:8,40:9,41:6,42:4,43:4,44:4,45:7,46:4,47:5,48:8,49:5,50:6
((0,92)21)105	1.0462699412675487	1.0	2.046269941267549	3.602311629266767e-05	1:19,2:12,3:9,4:9,5:5,6:17,7:7,8:11,9:9,10:7,11:12,12:16,13:8,14:13,15:12,16:9,17:11,18:11,19:14,20:7,21:11,22:12,23:14,24:10,25:5,26:14,27:9,28:5,29:9,30:14,31:11,32:9,33:8,34:6,35:5,36:7,37:6,38:13,39:6,40:12,41:9,42:14,43:7,44:12,45:12,46:12,47:8,48:13,49:15,50:10
(((92)0)21)105	0.24452500382661146	2.0	2.2445250038266114	1.3368290724250908e-05	1:5,2:10,3:8,4:12,5:7,6:12,7:6,8:10,9:8,10:6,11:7,12:13,13:8,14:11,15:10,16:13,17:6,18:10,19:14,20:10,21:5,22:8,23:15,24:7,25:8,26:11,27:10,28:5,29:8,30:11,31:10,32:6,33:7,34:5,35:7,36:10,37:14,38:16,39:12,40:10,41:9,42:7,43:10,44:11,45:7,46:9,47:6,48:10,49:7,50:6
(((21)92)0)105	0.24672530454721053	2.0	2.2467253045472106	1.3222025469785723e-05	1:6,2:9,3:3,4:10,5:6,6:8,7:11,8:6,9:4,10:4,11:6,12:8,13:6,14:7,15:3,16:4,17:7,18:5,19:6,20:7,21:6,22:5,23:5,24:7,25:7,26:7,27:5,28:5,29:2,30:6,31:5,32:5,33:3,34:7,35:6,36:7,37:11,38:5,39:10,40:11,41:7,42:10,43:6,44:6,45:8,46:4,47:5,48:3,49:7,50:10
(0,(21)105)92	1.4734584181441972	1.0	2.4734584181441974	4.2555263982608095e-06	1:27,2:9,3:9,4:6,5:6,6:8,7:7,8:4,10:4,11:4,12:5,13:2,14:3,15:11,16:3,17:2,18:3,19:5,20:5,21:5,22:4,23:9,24:5,25:5,26:4,27:5,28:5,29:4,30:2,31:3,32:7,33:4,34:6,35:5,36:3,37:7,38:8,39:1,40:4,41:4,42:8,43:6,44:7,45:8,46:8,47:3,48:12,49:5,50:4
((0,21)105)92	1.480536275665537	1.0	2.480536275665537	4.107560005703549e-06	1:10,2:6,3:3,4:4,5:3,6:2,7:3,8:4,9:4,10:2,11:5,12:2,13:5,14:2,15:3,16:5,17:2,18:4,19:4,20:1,21:5,22:4,24:3,25:5,26:1,27:2,28:4,29:1,30:3,31:3,32:8,33:4,34:4,35:4,36:4,37:3,38:7,39:2,40:5,41:1,42:2,43:4,44:1,45:2,47:4,48:2,49:4,50:1
((0)105,21)92	1.540125407231502	1.0	2.540125407231502	3.049212991677224e-06	1:22,2:13,3:5,4:9,5:4,6:5,7:2,8:6,9:8,10:6,11:3,12:4,13:5,14:3,15:3,16:2,17:4,18:7,19:4,20:2,21:3,22:2,23:5,24:3,25:4,26:6,27:3,28:3,29:4,30:6,31:2,32:2,33:5,34:4,35:2,36:5,37:6,38:3,39:3,40:2,41:3,42:5,43:1,44:5,45:7,46:3,47:4,48:3,49:2,50:4
(105,(0)21)92	1.587025513841189	1.0	2.587025513841189	2.4118232307406568e-06	1:14,2:6,3:3,4:3,5:3,6:6,7:4,8:3,9:3,10:5,11:5,12:5,13:5,14:5,15:7,16:6,17:3,18:8,19:2,20:9,21:6,22:5,23:2,24:2,25:4,26:7,27:5,28:2,29:5,30:11,31:7,32:2,33:4,34:3,35:6,36:4,37:5,38:8,39:6,40:2,41:1,42:8,43:8,44:5,45:7,46:11,47:10,48:5,49:2,50:4
(((0)92)105)21	0.8376713368229385	2.0	2.8376713368229387	6.887712085676423e-07	1:3,2:3,3:1,4:4,5:2,6:1,7:1,8:1,11:1,12:3,13:1,14:1,16:1,17:3,18:2,19:1,20:3,22:3,23:5,24:1,25:2,26:1,27:1,30:1,31:1,33:1,34:1,35:1,36:4,37:3,41:1,42:2,43:2,44:1,45:2,46:2,48:1,49:2,50:3
(((21)0)105)92	0.8411166476764799	2.0	2.84111664767648	6.770076675096458e-07	1:6,2:4,3:7,4:5,5:5,6:7,7:12,8:6,9:2,10:4,11:4,12:7,13:6,14:4,15:5,16:3,17:4,18:1,19:10,20:9,21:6,22:4,23:10,24:5,25:4,26:5,27:8,28:4,29:4,30:4,31:7,32:4,33:7,34:6,35:6,36:7,37:7,38:3,39:10,40:10,41:5,42:6,43:4,44:8,45:7,46:7,47:5,48:7,49:4,50:7
(((0)105)21)92	0.8865717441532245	2.0	2.8865717441532244	5.393728718152367e-07	1:7,2:2,3:2,4:2,6:3,7:1,8:1,9:1,10:1,11:1,12:2,13:1,14:3,15:1,19:4,20:1,22:2,23:1,24:2,25:1,26:3,30:1,31:4,32:1,33:4,35:1,37:2,38:2,39:2,40:1,41:1,42:1,43:2,44:1,45:3,47:5,48:2,50:1
((21,92)0)105	1.1324392036661393	2.0	3.1324392036661393	1.5775919980566615e-07	1:14,2:14,3:11,4:14,5:7,6:13,7:9,8:17,9:16,10:13,11:11,12:12,13:14,14:15,15:13,16:11,17:19,18:6,19:9,20:8,21:17,22:4,23:8,24:12,25:10,26:8,27:8,28:9,29:9,30:17,31:9,32:13,33:16,34:12,35:10,36:9,37:5,38:11,39:8,40:5,41:13,42:14,43:9,44:13,45:10,46:12,47:17,48:13,49:8,50:9
(((92)21)0)105	0.33243885775953175	3.0	3.3324388577595316	5.8036466640062115e-08	1:4,2:49,3:70,4:59,5:67,6:64,7:72,8:49,9:71,10:67,11:64,12:61,13:64,14:74,15:67,16:68,17:59,18:68,19:74,20:66,21:62,22:69,23:59,24:62,25:77,26:65,27:65,28:65,29:68,30:58,31:56,32:81,33:57,34:65,35:85,36:68,37:52,38:55,39:76,40:53,41:67,42:72,43:74,44:72,45:66,46:52,47:63,48:67,49:55,50:66
(0,105,21)92	2.436690813377848	1.0	3.436690813377848	3.446043209518058e-08	1:42,2:6,3:7,4:7,5:9,6:5,7:10,8:4,9:8,10:8,11:11,12:8,13:12,14:7,15:6,16:10,17:10,18:8,19:10,20:5,21:10,22:14,23:3,24:13,25:9,26:12,27:11,28:10,29:7,30:11,31:14,32:4,33:10,34:9,35:13,36:8,37:5,38:12,39:14,40:7,41:9,42:5,43:7,44:7,45:9,46:7,47:5,48:7,49:8,50:12
(0,(92)105)21	1.5797255362878706	2.0	3.579725536287871	1.6854845049680757e-08	1:20,2:4,3:6,4:3,5:6,6:2,7:3,8:3,9:5,10:6,11:5,12:2,13:3,14:3,15:6,16:3,17:3,18:7,19:3,20:2,22:4,23:8,24:2,25:3,26:4,27:5,28:4,29:10,30:1,31:7,32:5,33:5,34:7,35:7,36:3,37:1,38:4,39:7,40:2,41:5,42:3,43:2,44:2,46:6,47:3,48:3,49:9,50:4
((21)0,105)92	1.5980431684148464	2.0	3.598043168414846	1.537972363610523e-08	1:18,2:10,3:6,4:2,5:6,6:4,7:8,8:3,9:1,10:2,11:5,12:5,13:5,14:5,15:3,16:1,17:2,18:5,19:8,20:4,21:5,22:6,23:1,24:10,25:5,26:5,27:1,28:4,29:5,31:4,32:9,33:4,34:3,35:4,36:6,37:4,38:7,39:5,40:5,41:3,42:1,43:4,44:3,45:7,46:1,47:6,48:3,49:2,50:5
((0,92)105)21	1.6136374723892875	2.0	3.6136374723892875	1.4226102408913371e-08	1:16,2:1,3:1,4:5,5:5,6:5,7:6,8:3,9:5,10:4,11:3,12:3,13:3,14:3,15:3,16:9,17:4,18:3,19:3,20:1,21:3,22:5,23:4,24:2,25:1,26:2,27:6,28:2,29:7,30:2,31:5,32:3,33:5,34:5,35:2,37:7,38:7,39:3,40:4,41:3,42:6,43:4,45:5,46:3,47:3,48:3,49:1,50:5
((0,105)21)92	1.6288259436181567	2.0	3.628825943618157	1.3185742323875083e-08	1:15,2:3,3:2,4:2,5:4,6:6,7:3,8:6,9:6,10:5,11:2,12:7,13:2,14:2,15:4,16:6,18:4,19:3,20:3,21:4,22:1,23:4,24:3,25:5,26:3,27:5,28:4,29:4,31:4,32:1,33:2,34:1,35:4,36:2,37:2,38:1,39:7,40:2,41:3,42:2,43:4,44:4,45:6,46:3,47:3,48:3,49:6,50:2
(0,(105)21)92	1.7439233377584542	2.0	3.743923337758454	7.416069116630663e-09	1:17,2:8,3:4,4:4,5:3,6:3,7:5,8:5,9:3,10:4,11:4,12:5,13:3,14:3,15:4,16:9,17:4,18:6,19:5,20:3,21:7,22:2,23:4,24:2,25:5,26:7,27:4,28:4,29:4,30:9,31:7,32:5,33:5,34:4,35:3,36:4,37:7,38:3,39:2,40:7,41:9,42:2,43:3,44:4,45:3,46:1,47:1,48:6,49:6,50:5
((0)105,92)21	1.750303319427807	2.0	3.750303319427807	7.183230698066394e-09	1:13,2:8,3:2,4:4,5:3,6:4,7:6,8:6,9:7,10:4,11:7,12:4,13:8,14:8,15:5,16:3,17:7,18:3,19:5,20:6,21:1,22:4,23:2,24:6,25:4,26:6,28:5,29:5,30:4,31:6,32:2,33:3,34:4,35:6,36:5,37:6,38:6,39:4,40:4,41:4,42:8,43:5,44:6,45:3,46:10,47:4,48:2,49:6,50:5
(105,(0)92)21	1.750503319427807	2.0	3.750503319427807	7.176051057786762e-09	1:23,2:11,3:4,4:9,5:7,6:3,7:4,8:6,9:7,10:2,11:1,12:3,13:3,14:2,15:4,16:3,17:6,18:6,19:8,20:7,21:5,22:6,23:6,24:3,25:4,26:4,27:4,28:4,29:5,30:2,31:5,32:7,33:3,34:1,35:2,36:5,37:6,38:5,39:4,40:5,41:4,42:2,43:7,44:1,45:2,46:5,47:5,48:3,49:3,50:4
((105)0,21)92	1.7982360779407063	2.0	3.7982360779407065	5.652429468957052e-09	1:23,2:6,3:5,4:4,5:3,6:5,7:6,8:7,9:3,10:7,11:5,12:4,13:3,14:6,15:6,16:6,17:3,18:3,19:6,20:3,21:2,22:3,23:5,24:8,25:5,26:3,27:7,28:1,29:10,30:1,31:1,32:5,33:5,34:3,35:5,36:3,37:3,38:6,39:7,40:2,41:5,42:3,43:4,44:4,45:6,46:2,47:1,48:6,49:3,50:2
(((21)105)0)92	0.8919840770051907	3.0	3.8919840770051906	3.5372353658134287e-09	1:8,2:1,3:2,4:5,5:2,7:1,8:1,9:1,10:2,11:3,13:4,14:2,15:3,16:1,17:1,18:1,20:2,21:1,22:1,23:3,24:3,25:2,26:3,27:2,29:2,30:2,31:3,32:1,34:1,35:3,36:1,37:1,39:1,40:1,41:2,42:3,43:1,44:1,45:3,46:2,47:4,48:2,49:4,50:2
(((0)105)92)21	0.9243860048947135	3.0	3.9243860048947132	3.0081817078949376e-09	1:9,2:45,3:68,4:74,5:56,6:73,7:62,8:61,9:63,10:59,11:72,12:60,13:61,14:64,15:70,16:60,17:66,18:58,19:72,20:61,21:64,22:69,23:54,24:53,25:68,26:67,27:54,28:82,29:64,30:65,31:63,32:72,33:67,34:74,35:60,36:71,37:66,38:63,39:60,40:64,41:61,42:74,43:63,44:65,45:69,46:63,47:65,48:78,49:66,50:58
(((21)92)105)0	0.9408844843354767	3.0	3.9408844843354767	2.7699891833644152e-09	1:6,3:1,4:1,5:3,6:1,7:3,8:1,9:1,10:1,11:1,12:2,13:1,15:1,16:4,17:1,18:3,19:2,20:3,23:2,24:2,25:2,28:1,29:2,31:1,32:1,33:1,34:3,35:2,36:1,37:1,39:1,40:3,41:2,43:2,44:2,45:2,47:3,48:1,49:2
(((105)0)21)92	0.9877845909451636	3.0	3.9877845909451635	2.190966744393898e-09	1:7,2:3,3:4,5:3,6:4,7:1,8:5,9:1,10:1,11:3,12:1,13:4,14:1,16:3,18:1,19:2,20:2,21:2,22:4,23:2,24:2,25:1,26:1,27:5,28:4,29:1,30:1,31:3,32:3,33:3,34:4,35:1,36:5,37:1,38:1,39:3,40:5,41:1,42:3,43:1,44:4,47:2,48:4,49:2,50:4
(((92)0)105)21	1.035096234039863	3.0	4.035096234039863	1.7294175348263945e-09	1:6,2:2,3:2,4:1,5:8,6:2,7:5,8:5,11:1,12:1,13:1,14:3,15:3,16:4,17:1,18:1,19:2,21:3,22:2,23:3,24:2,25:5,26:3,27:2,28:1,29:4,30:2,31:3,32:3,34:4,35:3,36:2,37:3,38:1,39:4,40:2,41:4,42:4,43:4,44:2,45:2,46:1,48:1,49:3,50:1
(0,105,92)21	2.6271777861423846	2.0	4.627177786142385	8.95800093555093e-11	1:35,2:4,3:6,4:9,5:10,6:7,7:11,8:7,9:9,10:10,11:7,12:10,13:13,14:14,15:8,16:7,17:5,18:10,19:3,20:7,21:5,22:7,23:10,24:9,25:9,26:8,27:13,28:12,29:8,30:7,31:9,32:10,33:6,34:11,35:5,36:6,37:14,38:6,39:6,40:5,41:10,42:17,43:3,44:6,45:15,46:5,47:8,48:9,49:6,50:8
((21,92)105)0	1.6809021036653349	3.0	4.680902103665335	6.847786796100903e-11	1:11,2:6,3:4,4:2,5:1,6:5,7:2,8:7,9:4,10:5,11:5,12:3,13:10,14:5,15:1,16:5,17:7,18:3,19:4,20:6,21:5,22:6,23:6,24:4,25:3,26:2,27:6,28:3,29:4,30:7,31:5,32:5,33:8,34:12,35:7,36:8,37:2,38:5,39:4,40:3,41:6,42:4,43:5,44:5,45:1,46:3,47:2,48:3,49:3,50:5
((0,105)92)21	1.6813125256330799	3.0	4.68131252563308	6.833748794130435e-11	1:16,2:9,3:6,4:4,5:2,6:4,7:10,8:1,9:10,10:6,11:1,12:4,13:3,14:1,15:4,16:2,17:4,18:4,19:3,20:12,21:6,22:4,23:3,24:3,25:3,26:6,27:3,28:1,29:6,30:2,31:1,32:4,33:3,34:2,35:2,36:1,37:10,38:5,39:3,40:2,41:4,42:2,43:4,44:3,45:1,46:4,47:1,48:2,49:3,50:4
((92)105,21)0	1.6983017429184954	3.0	4.6983017429184954	6.277220634192134e-11	1:29,2:5,3:5,4:7,5:4,6:5,7:4,8:2,9:8,10:5,11:1,12:4,13:5,14:1,15:2,16:3,17:4,18:6,19:3,20:9,22:6,23:3,24:2,25:4,26:2,27:4,28:4,29:6,30:8,31:8,32:2,33:2,34:4,35:6,36:4,37:5,38:3,39:1,40:5,41:3,42:2,43:1,44:8,45:5,46:2,47:4,48:4,49:2,50:6
((105,21)0)92	1.6985017429184954	3.0	4.698501742918495	6.270946551122332e-11	1:13,2:3,3:6,4:3,5:1,6:5,7:5,8:5,9:4,10:3,11:4,12:3,13:5,14:3,15:9,16:5,17:3,18:6,19:1,20:3,21:2,22:1,23:7,24:3,25:1,26:7,27:6,28:7,29:2,30:7,31:3,32:8,33:9,34:5,35:4,36:4,37:4,38:4,39:8,40:5,41:4,42:5,43:5,44:3,45:7,46:8,47:2,48:4,49:5,50:6
(0,(105)92)21	1.7628018386733795	3.0	4.762801838673379	4.546814280326271e-11	1:21,2:9,3:6,4:3,5:8,6:3,7:3,8:8,9:5,10:4,11:2,13:6,14:5,15:4,16:5,17:2,18:1,19:6,21:2,22:4,23:5,24:4,25:5,26:5,27:2,28:4,29:1,30:7,31:3,32:4,33:3,34:1,35:4,36:6,37:3,38:3,39:5,40:6,41:3,42:4,43:7,44:4,45:5,46:8,47:9,48:5,49:1,50:5
((92)0,105)21	1.7773504335047952	3.0	4.777350433504795	4.227808845459262e-11	1:17,2:3,3:1,4:6,5:4,6:7,7:4,8:6,9:5,10:1,11:4,12:8,13:1,14:4,15:2,16:1,17:2,18:3,19:2,20:7,21:1,22:4,23:5,24:5,25:6,26:6,27:3,28:1,29:5,30:8,31:1,32:4,33:4,34:1,35:3,36:4,37:6,38:1,39:5,40:5,41:6,42:5,43:3,44:5,45:5,46:8,47:6,48:6,49:6,50:6
((21)105,92)0	1.8031503514682297	3.0	4.803150351468229	3.716135430756644e-11	1:25,2:5,3:3,4:2,5:2,6:2,7:3,8:4,9:4,10:5,11:5,12:6,14:3,15:5,16:1,17:5,18:3,19:8,20:3,21:7,22:1,23:5,24:4,25:7,26:1,27:3,28:2,29:5,30:2,31:4,32:8,33:2,34:2,35:6,36:6,37:8,39:2,40:4,41:5,42:6,43:5,44:8,45:5,46:4,47:4,48:3,49:4,50:5
(105,(21)92)0	1.8522507587985158	3.0	4.852250758798515	2.9071761909497796e-11	1:27,2:9,3:6,4:4,5:8,6:3,7:7,8:4,9:3,10:6,11:4,12:1,13:3,14:6,15:4,16:2,17:4,18:3,19:5,20:3,21:2,22:5,23:3,24:3,25:5,26:4,27:7,28:10,29:1,30:9,31:6,32:3,33:1,34:3,35:7,36:6,37:3,38:4,39:4,41:5,42:4,43:4,44:4,45:7,46:7,47:6,48:3,49:6,50:4
(((21)105)92)0	0.9141567946227553	4.0	4.914156794622755	2.1332615438707784e-11	1:6,2:8,3:6,4:3,5:8,6:3,7:3,8:6,9:6,10:4,11:3,12:5,13:5,14:5,15:3,16:9,17:5,18:6,19:10,20:4,21:6,22:6,23:5,24:7,25:3,26:5,27:9,28:4,30:4,31:1,32:4,33:5,34:6,35:8,36:4,37:9,38:6,39:3,40:3,41:11,42:5,43:6,44:1,45:5,46:3,47:11,48:7,49:3,50:7
((105)0,92)21	1.9380540182727395	3.0	4.938054018272739	1.8930057913463376e-11	1:25,2:2,3:5,4:4,5:2,6:6,7:5,8:2,9:2,10:6,11:3,12:1,13:9,14:7,15:2,16:6,17:5,18:1,19:2,20:4,21:5,22:4,23:7,24:2,25:7,26:6,27:3,28:3,29:6,30:4,31:5,32:5,33:1,34:4,35:1,36:6,37:1,38:4,39:7,40:7,41:9,42:4,43:7,44:3,45:3,46:7,47:9,48:4,49:4,50:5
(((92)105)0)21	0.9386841836148776	4.0	4.938684183614877	1.8870506448794874e-11	1:7,2:2,3:1,5:4,6:1,7:1,8:2,9:2,10:2,11:1,13:3,15:2,16:2,18:2,19:1,20:1,21:4,23:2,24:1,25:1,27:2,28:3,29:1,30:1,32:2,33:2,34:1,36:1,37:1,41:2,42:1,43:1,44:4,45:1,47:1,48:2,50:1
(((105)21)0)92	0.9622560870935876	4.0	4.9622560870935875	1.677250067099573e-11	1:8,2:2,3:1,4:2,6:1,7:1,8:2,9:2,11:1,13:1,14:2,15:2,16:1,19:2,21:1,23:2,24:2,25:1,27:1,28:3,29:1,33:2,35:2,36:2,37:3,39:1,40:1,42:2,43:2,44:1,46:1,48:2,49:1,50:1
(((92)21)105)0	1.0996381844940735	4.0	5.099638184494074	8.438716245778334e-12	1:5,2:2,3:1,4:1,5:1,6:2,7:4,8:4,9:2,11:2,12:2,13:1,14:1,15:1,16:3,17:5,18:1,19:1,20:2,21:5,22:3,25:1,26:2,27:2,28:4,29:2,30:1,31:2,33:3,35:1,36:3,38:2,40:1,41:2,42:2,43:2,45:1,47:2,49:2,50:2
(((105)0)92)21	1.0998381844940734	4.0	5.0998381844940734	8.430281747484597e-12	1:7,2:2,3:8,4:3,5:5,6:8,7:4,8:7,9:5,10:6,11:5,12:4,13:2,14:6,15:5,16:6,17:3,18:3,19:6,20:3,21:8,22:6,23:5,24:3,25:6,26:9,27:3,28:4,29:7,30:5,31:5,32:5,33:3,34:5,35:4,36:6,37:4,38:8,39:6,40:4,41:2,42:4,43:3,44:2,45:2,46:4,47:4,48:5,49:5,50:8
(105,21,92)0	2.7346840621907313	3.0	5.734684062190731	3.5260769169791634e-13	1:41,2:10,3:5,4:10,5:7,6:6,7:7,8:7,9:6,10:12,11:9,12:14,13:10,14:8,15:4,16:2,17:6,18:2,19:11,20:10,21:9,22:13,23:6,24:5,25:6,26:7,27:10,28:14,29:8,30:5,31:8,32:7,33:12,34:8,35:9,36:9,37:3,38:8,39:8,40:11,41:11,42:11,43:12,44:9,45:3,46:9,47:8,48:7,49:4,50:5
((105,21)92)0	1.7377503044484266	4.0	5.737750304448427	3.4724301723179957e-13	1:17,2:4,3:5,4:5,5:3,6:3,7:5,8:5,9:1,10:4,11:1,12:4,13:7,14:4,15:5,16:4,17:5,18:5,19:2,20:2,21:4,22:2,23:3,24:4,25:2,26:1,27:7,28:1,29:4,30:3,31:2,32:4,33:2,34:2,35:1,36:2,37:3,38:1,39:4,40:2,41:6,42:3,43:2,44:2,46:6,47:4,48:3,50:4
(21,(105)92)0	1.84897110107197	4.0	5.84897110107197	1.9912263467201728e-13	1:19,2:10,3:7,4:9,5:7,6:4,7:4,8:3,9:4,10:8,11:1,12:3,13:3,14:6,15:4,16:9,17:5,18:7,19:3,20:7,21:4,22:3,23:4,24:4,25:2,26:3,27:9,28:4,29:4,30:4,31:2,32:5,33:5,34:2,35:6,36:6,37:4,38:4,39:5,40:6,41:1,42:5,43:5,44:6,45:5,46:5,47:6,48:4,49:3,50:5
((105,92)0)21	1.8500504580779167	4.0	5.8500504580779165	1.9805090716082937e-13	1:13,2:2,3:4,4:2,5:5,6:4,7:4,8:7,9:6,10:6,11:7,12:5,13:5,14:1,15:3,16:2,17:4,18:9,19:5,20:5,21:7,22:6,23:2,24:3,25:4,26:6,27:1,28:8,29:6,30:3,31:7,32:4,33:4,34:1,35:2,36:4,37:4,38:7,39:7,40:6,41:5,42:3,43:5,44:6,45:3,46:6,47:2,48:9,49:2,50:8
(105,(92)21)0	1.9061558504073781	4.0	5.906155850407378	1.4960479884604554e-13	1:30,2:1,3:4,4:3,5:5,6:5,7:4,8:2,9:4,10:5,11:6,13:1,14:3,15:4,16:3,17:10,18:3,19:2,20:4,21:8,22:4,23:4,24:6,25:3,26:4,27:7,28:3,29:5,30:2,31:4,32:3,33:2,34:5,35:5,36:4,37:5,38:6,39:2,40:3,41:4,42:6,43:6,44:3,45:6,46:2,47:5,48:4,49:4,50:6
(((105)92)0)21	0.9610569012324423	5.0	5.961056901232443	1.1369186937541045e-13	1:6,2:1,3:1,4:4,6:1,7:1,8:2,9:1,10:1,11:1,12:2,13:1,14:4,15:1,16:1,17:1,18:2,19:1,20:1,22:1,23:2,24:5,25:1,26:2,27:1,28:1,29:3,31:3,33:2,34:2,35:1,38:1,42:1,43:4,46:1,49:2,50:1
(((92)105)21)0	0.9620560870935876	5.0	5.962056087093588	1.1312528930880805e-13	1:4,3:6,4:3,5:1,6:3,7:4,8:2,9:1,10:2,11:3,12:3,13:2,14:7,15:1,16:1,17:2,18:1,19:6,20:4,21:3,22:3,23:2,24:4,25:2,26:2,27:2,28:2,29:2,30:2,31:2,32:1,33:2,35:5,36:3,37:3,38:2,39:5,40:3,41:2,42:3,43:2,44:3,45:2,47:4,48:5,49:1,50:5
((105)21,92)0	1.9699105404890778	4.0	5.969910540489078	1.0876870905563766e-13	1:21,2:9,3:10,4:5,5:5,6:4,7:3,8:5,9:4,10:4,11:4,12:3,13:3,14:3,15:6,16:3,17:5,18:3,19:5,20:6,21:4,22:7,23:6,24:3,25:7,27:5,28:1,29:5,30:5,31:6,32:3,33:3,34:6,35:7,36:5,37:4,38:4,39:4,40:3,41:4,42:5,43:4,44:3,45:7,46:6,47:3,48:3,49:8,50:4
(((105)21)92)0	1.084196641370149	5.0	6.0841966413701485	6.142354238071207e-14	1:8,2:41,3:48,4:65,5:68,6:56,7:59,8:64,9:63,10:75,11:64,12:65,13:76,14:69,15:65,16:68,17:59,18:80,19:56,20:57,21:76,22:60,23:73,24:72,25:59,26:66,27:54,28:71,29:58,30:60,31:76,32:56,33:63,34:61,35:71,36:64,37:57,38:72,39:57,40:76,41:70,42:76,43:69,44:66,45:55,46:75,47:80,48:61,49:62,50:67
((105,92)21)0	1.8748880696984562	5.0	6.874888069698456	1.1786103163270963e-15	1:20,2:3,4:5,5:7,6:4,7:5,8:4,9:3,10:1,11:6,12:5,13:1,14:6,15:2,16:5,17:3,18:5,19:6,20:5,21:5,22:1,23:1,24:3,25:5,26:2,27:5,28:2,29:2,30:4,31:2,32:4,33:8,34:3,35:4,37:7,38:6,39:4,40:5,41:4,42:1,43:3,44:2,45:1,46:6,47:4,48:3,49:3,50:4
(((105)92)21)0	1.0489707551653626	6.0	7.048970755165363	4.935765177729597e-16	1:7,2:2,3:1,4:2,5:1,6:1,7:4,8:1,9:4,11:1,12:1,13:2,15:1,17:1,18:2,19:2,21:2,22:2,24:2,27:1,29:3,30:4,31:1,32:2,33:2,34:4,35:2,36:3,37:2,38:1,39:4,40:6,41:5,43:2,44:4,45:2,46:2,47:2,48:3,49:3
