# generation count = 50 
#
generation.index	generationHighestFitness	generationMedianFitness	populationHighestFitness	populationMedianFitness
1	0.6187818017205856	7.416069116630663e-09	0.6187818017205856	7.416069116630663e-09
2	0.6187818017205856	0.00014816855900427482	0.6187818017205856	6.82889438038644e-07
3	0.6187818017205856	0.0023809146999005572	0.6187818017205856	4.2555263982608095e-06
4	0.6187818017205856	0.00014816855900427482	0.6187818017205856	3.602311629266767e-05
5	0.6187818017205856	0.00024837047504884177	0.6187818017205856	5.5001704770595606e-05
6	0.6187818017205856	0.00024837047504884177	0.6187818017205856	7.457133087933859e-05
7	0.6187818017205856	0.0023809146999005572	0.6187818017205856	0.00014816855900427482
8	0.6187818017205856	0.0023809146999005572	0.6187818017205856	0.00014816855900427482
9	0.6187818017205856	0.00024837047504884177	0.6187818017205856	0.00014816855900427482
10	0.6187818017205856	0.0023809146999005572	0.6187818017205856	0.00014816855900427482
11	0.6187818017205856	0.0023809146999005572	0.6187818017205856	0.00014816855900427482
12	0.6187818017205856	0.00014816855900427482	0.6187818017205856	0.00014816855900427482
13	0.6187818017205856	0.00024837047504884177	0.6187818017205856	0.00014816855900427482
14	0.6187818017205856	0.00014816855900427482	0.6187818017205856	0.00014816855900427482
15	0.6187818017205856	0.0023809146999005572	0.6187818017205856	0.00014816855900427482
16	0.6187818017205856	0.00024837047504884177	0.6187818017205856	0.00014816855900427482
17	0.6187818017205856	0.00024837047504884177	0.6187818017205856	0.00014816855900427482
18	0.6187818017205856	0.00024837047504884177	0.6187818017205856	0.00014816855900427482
19	0.6187818017205856	0.00019826951702655828	0.6187818017205856	0.00014816855900427482
20	0.6187818017205856	0.00024837047504884177	0.6187818017205856	0.00014816855900427482
21	0.6187818017205856	0.00014816855900427482	0.6187818017205856	0.00014816855900427482
22	0.6187818017205856	0.0023809146999005572	0.6187818017205856	0.00014816855900427482
23	0.6187818017205856	0.00014816855900427482	0.6187818017205856	0.00014816855900427482
24	0.6187818017205856	0.0023809146999005572	0.6187818017205856	0.00014816855900427482
25	0.6187818017205856	0.0023809146999005572	0.6187818017205856	0.00014816855900427482
26	0.6187818017205856	0.00024837047504884177	0.6187818017205856	0.00014816855900427482
27	0.6187818017205856	0.00014816855900427482	0.6187818017205856	0.00014816855900427482
28	0.6187818017205856	0.0023809146999005572	0.6187818017205856	0.00014816855900427482
29	0.6187818017205856	0.00014816855900427482	0.6187818017205856	0.00014816855900427482
30	0.6187818017205856	0.00024837047504884177	0.6187818017205856	0.00014816855900427482
31	0.6187818017205856	0.00014816855900427482	0.6187818017205856	0.00014816855900427482
32	0.6187818017205856	0.0023809146999005572	0.6187818017205856	0.00014816855900427482
33	0.6187818017205856	0.0023809146999005572	0.6187818017205856	0.00014816855900427482
34	0.6187818017205856	0.0023809146999005572	0.6187818017205856	0.00014816855900427482
35	0.6187818017205856	0.00014816855900427482	0.6187818017205856	0.00014816855900427482
36	0.6187818017205856	0.0023809146999005572	0.6187818017205856	0.00014816855900427482
37	0.6187818017205856	0.0023809146999005572	0.6187818017205856	0.00014816855900427482
38	0.6187818017205856	0.00019826951702655828	0.6187818017205856	0.00014816855900427482
39	0.6187818017205856	0.0023809146999005572	0.6187818017205856	0.00014816855900427482
40	0.6187818017205856	0.00024837047504884177	0.6187818017205856	0.00014816855900427482
41	0.6187818017205856	0.00014816855900427482	0.6187818017205856	0.00014816855900427482
42	0.6187818017205856	0.0023809146999005572	0.6187818017205856	0.00014816855900427482
43	0.6187818017205856	0.00024837047504884177	0.6187818017205856	0.00014816855900427482
44	0.6187818017205856	0.00014816855900427482	0.6187818017205856	0.00014816855900427482
45	0.6187818017205856	0.0013146425874746995	0.6187818017205856	0.00014816855900427482
46	0.6187818017205856	0.00024837047504884177	0.6187818017205856	0.00014816855900427482
47	0.6187818017205856	0.0023809146999005572	0.6187818017205856	0.00024837047504884177
48	0.6187818017205856	0.0023809146999005572	0.6187818017205856	0.00024837047504884177
49	0.6187818017205856	0.00024837047504884177	0.6187818017205856	0.00024837047504884177
50	0.6187818017205856	0.0023809146999005572	0.6187818017205856	0.00024837047504884177
############################################################
Topology	MassCost	TopologyCost	Cost	Fitness	appearances(generationID:count)
(((0)21)92)105	0.09600051393997294	0.0	0.09600051393997294	0.6187818017205856	1:5,2:129,3:195,4:190,5:210,6:190,7:220,8:204,9:219,10:185,11:206,12:205,13:185,14:184,15:196,16:198,17:197,18:194,19:185,20:226,21:174,22:228,23:190,24:189,25:207,26:195,27:193,28:219,29:202,30:201,31:181,32:191,33:220,34:204,35:191,36:197,37:197,38:197,39:209,40:208,41:207,42:222,43:202,44:201,45:201,46:201,47:219,48:207,49:198,50:218
(21,(0)92)105	0.7893180266601442	0.0	0.7893180266601442	0.019320469808163012	1:27,2:38,3:15,4:15,5:13,6:7,7:8,8:12,9:8,10:10,11:7,12:8,13:6,14:5,15:6,16:6,17:7,18:4,19:15,20:6,21:6,22:6,23:8,24:6,25:9,26:4,27:9,28:12,29:9,30:10,31:7,32:10,33:11,34:11,35:6,36:9,37:6,38:8,39:6,40:9,41:9,42:7,43:5,44:5,45:7,46:6,47:5,48:7,49:8,50:10
(0,(21)92)105	0.8252665428966349	0.0	0.8252665428966349	0.016141967612671747	1:28,2:69,3:48,4:52,5:54,6:46,7:47,8:47,9:42,10:49,11:53,12:47,13:49,14:42,15:50,16:49,17:50,18:47,19:39,20:30,21:51,22:46,23:40,24:55,25:52,26:49,27:42,28:55,29:37,30:53,31:35,32:41,33:61,34:42,35:41,36:35,37:50,38:53,39:54,40:49,41:53,42:51,43:60,44:52,45:54,46:52,47:44,48:47,49:53,50:56
((0)21,92)105	0.8360181332698311	0.0	0.8360181332698311	0.01529712056977484	1:16,2:55,3:56,4:35,5:33,6:45,7:50,8:49,9:55,10:53,11:57,12:38,13:44,14:51,15:56,16:46,17:47,18:58,19:47,20:48,21:47,22:50,23:53,24:36,25:57,26:54,27:42,28:35,29:47,30:41,31:44,32:54,33:53,34:52,35:36,36:63,37:58,38:50,39:56,40:50,41:45,42:58,43:50,44:50,45:47,46:34,47:44,48:44,49:45,50:51
((0,21)92)105	0.9064520009355156	0.0	0.9064520009355156	0.010756339205466795	1:21,2:55,3:61,4:49,5:45,6:52,7:51,8:46,9:52,10:53,11:57,12:59,13:54,14:63,15:56,16:50,17:51,18:45,19:47,20:48,21:57,22:50,23:60,24:58,25:44,26:42,27:60,28:41,29:45,30:45,31:64,32:56,33:40,34:47,35:56,36:55,37:63,38:50,39:60,40:49,41:46,42:36,43:55,44:49,45:57,46:56,47:55,48:50,49:62,50:58
(((21)0)92)105	0.12478475027064907	1.0	1.1247847502706492	0.003610446784220991	1:6,2:53,3:78,4:84,5:80,6:87,7:72,8:87,9:65,10:79,11:82,12:75,13:88,14:93,15:81,16:81,17:79,18:73,19:86,20:77,21:84,22:72,23:64,24:88,25:78,26:87,27:70,28:90,29:78,30:81,31:80,32:87,33:80,34:88,35:71,36:89,37:78,38:70,39:70,40:68,41:86,42:83,43:66,44:67,45:74,46:81,47:72,48:86,49:75,50:75
(((0)92)21)105	0.20805410748888264	1.0	1.2080541074888826	0.0023809146999005572	1:4,2:48,3:60,4:61,5:64,6:71,7:64,8:59,9:55,10:74,11:67,12:57,13:64,14:50,15:68,16:66,17:66,18:71,19:70,20:61,21:68,22:58,23:66,24:72,25:61,26:62,27:73,28:67,29:70,30:65,31:67,32:62,33:55,34:64,35:69,36:68,37:71,38:65,39:58,40:65,41:38,42:67,43:57,44:63,45:60,46:68,47:70,48:70,49:58,50:56
(0,21,92)105	1.660117815096266	0.0	1.660117815096266	0.00024837047504884177	1:50,2:22,3:7,4:6,5:3,6:10,7:2,8:11,9:15,10:10,11:12,12:8,13:13,14:8,15:8,16:6,17:9,18:12,19:11,20:9,21:10,22:6,23:13,24:6,25:16,26:13,27:3,28:9,29:9,30:10,31:7,32:9,33:10,34:10,35:11,36:13,37:5,38:7,39:7,40:6,41:13,42:6,43:11,44:6,45:6,46:11,47:8,48:9,49:8,50:12
(((0)21)105)92	0.7634320040155177	1.0	1.7634320040155176	0.00014816855900427482	1:11,2:50,3:56,4:75,5:78,6:54,7:67,8:73,9:63,10:56,11:62,12:62,13:85,14:77,15:55,16:71,17:71,18:75,19:64,20:77,21:67,22:69,23:67,24:65,25:55,26:58,27:71,28:52,29:60,30:51,31:61,32:65,33:70,34:61,35:67,36:59,37:73,38:93,39:50,40:74,41:68,42:58,43:71,44:73,45:73,46:59,47:64,48:65,49:51,50:62
((21)0,92)105	0.900750885836998	1.0	1.900750885836998	7.457133087933859e-05	1:24,2:15,3:11,4:8,5:13,6:6,7:10,8:10,9:9,10:14,11:2,12:4,13:6,14:12,15:11,16:4,17:9,18:5,19:9,20:16,21:9,22:7,23:9,24:7,25:13,26:6,27:11,28:14,29:11,30:11,31:6,32:3,33:14,34:7,35:9,36:12,37:6,38:8,39:8,40:11,41:11,42:3,43:13,44:9,45:6,46:11,47:6,48:8,49:12,50:9
((92)0,21)105	0.9616292754766306	1.0	1.9616292754766307	5.5001704770595606e-05	1:19,2:22,3:5,4:8,5:10,6:6,7:8,8:3,9:9,10:6,11:2,12:3,13:6,14:3,15:5,16:6,17:6,18:6,19:5,20:6,21:10,22:7,23:8,24:10,25:8,26:7,27:9,28:6,29:2,30:10,31:8,32:5,33:7,34:9,35:9,36:7,37:5,38:5,39:7,40:6,41:3,42:6,43:1,44:4,45:7,46:5,47:10,48:8,49:11,50:7
(0,(92)21)105	0.9718584857485887	1.0	1.9718584857485886	5.225931378517976e-05	1:22,2:19,3:6,4:8,5:5,6:2,7:4,8:7,9:10,10:5,11:4,12:6,13:10,14:8,15:9,16:4,17:5,18:4,19:2,20:9,21:3,22:4,23:8,24:8,25:4,26:8,27:4,28:9,29:7,30:8,31:9,32:3,33:5,34:9,35:4,36:3,37:5,38:14,39:5,40:9,41:5,42:3,43:6,44:3,45:6,46:9,47:4,48:1,49:6,50:3
((0,92)21)105	1.0462699412675487	1.0	2.046269941267549	3.602311629266767e-05	1:15,2:9,3:13,4:6,5:5,6:13,7:12,8:18,9:16,10:12,11:9,12:17,13:7,14:9,15:13,16:8,17:14,18:7,19:10,20:8,21:12,22:9,23:5,24:4,25:15,26:8,27:11,28:9,29:6,30:16,31:6,32:12,33:5,34:11,35:9,36:9,37:11,38:10,39:10,40:13,41:15,42:10,43:11,44:12,45:14,46:9,47:6,48:8,49:7,50:6
(((92)0)21)105	0.24452500382661146	2.0	2.2445250038266114	1.3368290724250908e-05	1:11,2:9,3:3,4:15,5:9,6:7,7:12,8:5,9:7,10:11,11:10,12:11,13:11,14:10,15:7,16:5,17:11,18:9,19:11,20:6,21:10,22:7,23:7,24:6,25:1,26:10,27:7,28:13,29:11,30:17,31:14,32:13,33:6,34:13,35:7,36:11,37:14,38:10,39:5,40:6,41:4,42:14,43:10,44:11,45:8,46:11,47:7,48:13,49:8,50:14
(((21)92)0)105	0.24672530454721053	2.0	2.2467253045472106	1.3222025469785723e-05	1:2,2:10,3:5,4:8,5:7,6:8,7:4,8:5,9:7,10:9,11:4,12:5,13:3,14:8,15:3,16:2,17:8,18:4,19:9,20:10,21:6,22:5,23:10,24:3,25:12,26:7,27:6,28:3,29:5,30:4,31:3,32:4,33:4,34:2,35:7,36:5,37:4,38:6,39:8,40:10,41:6,42:3,43:6,44:6,45:5,46:7,47:4,48:3,49:2,50:9
(0,(21)105)92	1.4734584181441972	1.0	2.4734584181441974	4.2555263982608095e-06	1:27,2:13,3:7,4:3,5:4,6:3,7:4,8:4,9:4,10:4,11:7,12:2,13:1,14:1,15:6,16:6,17:4,18:4,19:6,20:1,21:8,22:3,23:4,24:2,25:4,26:4,27:3,28:4,29:2,30:5,31:2,32:6,33:8,34:7,35:6,36:6,37:6,38:5,39:9,40:3,41:4,42:3,43:7,44:6,45:5,46:4,47:6,48:6,49:3,50:4
((0,21)105)92	1.480536275665537	1.0	2.480536275665537	4.107560005703549e-06	1:13,2:4,3:2,4:4,5:6,6:2,7:1,8:4,9:3,10:5,11:2,12:1,13:2,14:4,15:4,16:1,17:2,18:2,19:6,20:1,22:2,23:2,24:1,25:4,26:2,27:3,28:2,29:3,30:4,31:1,32:2,33:5,34:3,35:7,36:2,37:1,38:2,39:1,40:1,41:6,42:4,43:3,44:2,45:4,46:1,47:4,48:4,49:2,50:3
((0)105,21)92	1.540125407231502	1.0	2.540125407231502	3.049212991677224e-06	1:19,2:17,3:11,4:6,6:6,7:5,8:3,9:2,10:4,11:2,12:4,13:2,14:7,15:3,16:5,17:6,18:6,19:3,20:2,21:6,22:4,23:2,24:6,25:5,26:3,27:1,28:6,29:5,30:6,31:2,32:3,33:2,34:5,35:4,36:3,37:7,38:4,39:9,40:6,41:5,42:3,43:3,44:3,45:2,46:4,47:6,48:4,49:3,50:3
(105,(0)21)92	1.587025513841189	1.0	2.587025513841189	2.4118232307406568e-06	1:26,2:11,3:4,4:5,5:4,6:3,7:5,8:7,9:3,10:3,11:5,12:6,13:2,14:4,15:4,16:5,17:6,18:1,19:4,20:5,21:4,22:4,23:5,24:8,25:7,26:2,27:4,28:2,29:11,30:4,31:7,32:4,33:3,34:8,35:4,36:4,37:7,38:4,39:4,40:3,41:6,42:3,43:8,44:5,45:3,46:6,47:6,48:2,49:11,50:3
(((0)92)105)21	0.8376713368229385	2.0	2.8376713368229387	6.887712085676423e-07	1:5,2:1,3:1,5:1,6:1,8:2,9:3,10:1,11:2,12:2,13:1,14:3,15:4,16:1,17:1,20:3,22:2,24:1,25:1,26:1,27:1,28:2,29:2,30:2,31:2,32:1,33:1,34:4,36:3,37:1,38:4,41:2,42:2,43:1,44:1,45:1,46:1,47:1,50:3
(((21)0)105)92	0.8411166476764799	2.0	2.84111664767648	6.770076675096458e-07	1:11,2:3,3:12,4:5,5:7,6:5,7:8,8:4,9:3,10:3,11:5,12:4,13:7,14:1,15:6,16:5,17:5,18:3,19:3,20:1,21:6,22:6,23:5,24:2,25:5,26:4,27:4,28:10,29:10,30:6,31:5,32:6,33:4,34:6,35:5,36:9,37:3,38:6,39:2,40:4,41:8,42:9,43:3,44:7,45:3,46:8,47:8,48:3,49:5,50:6
(((0)105)21)92	0.8865717441532245	2.0	2.8865717441532244	5.393728718152367e-07	1:6,2:2,3:1,6:3,7:1,9:1,10:1,11:2,12:1,14:2,16:1,17:1,18:4,19:2,20:2,22:1,23:1,24:1,25:1,26:1,27:4,28:3,29:3,30:1,31:1,33:1,34:1,35:3,36:1,38:2,39:1,40:1,41:2,42:2,44:2,46:1,48:3
((21,92)0)105	1.1324392036661393	2.0	3.1324392036661393	1.5775919980566615e-07	1:11,2:11,3:15,4:14,5:10,6:12,7:12,8:10,9:14,10:14,11:5,12:11,13:12,14:13,15:11,16:14,17:10,18:12,19:13,20:12,21:18,22:11,23:9,24:7,25:19,26:11,27:13,28:16,29:13,30:12,31:16,32:11,33:11,34:13,35:16,36:15,37:9,38:17,39:9,40:12,41:13,42:10,43:12,44:8,45:19,46:5,47:11,48:12,49:17,50:9
(((92)21)0)105	0.33243885775953175	3.0	3.3324388577595316	5.8036466640062115e-08	1:12,2:39,3:60,4:60,5:58,6:73,7:55,8:62,9:68,10:49,11:67,12:69,13:63,14:52,15:57,16:73,17:68,18:73,19:65,20:69,21:76,22:64,23:68,24:70,25:65,26:64,27:68,28:59,29:49,30:71,31:79,32:66,33:69,34:63,35:77,36:58,37:57,38:49,39:64,40:59,41:69,42:54,43:58,44:66,45:58,46:71,47:58,48:66,49:72,50:62
(0,105,21)92	2.436690813377848	1.0	3.436690813377848	3.446043209518058e-08	1:34,2:9,3:6,4:3,5:7,6:9,7:12,8:9,9:11,10:5,11:11,12:10,13:9,14:10,15:5,16:8,17:10,18:9,19:7,20:12,21:4,22:10,23:11,24:6,25:8,26:8,27:14,28:10,29:4,30:8,31:6,32:13,33:9,34:10,35:4,36:6,37:5,38:7,39:2,40:8,41:7,42:9,43:12,44:11,45:9,46:4,47:10,48:8,49:9,50:8
(0,(92)105)21	1.5797255362878706	2.0	3.579725536287871	1.6854845049680757e-08	1:24,2:6,3:4,4:3,5:7,6:2,7:4,8:3,9:4,10:5,11:5,12:4,13:4,14:6,15:4,16:8,17:4,18:2,19:9,20:3,21:5,22:2,23:4,24:5,25:4,26:8,27:4,28:4,29:4,30:2,31:7,32:5,33:3,34:4,35:3,36:3,37:5,38:5,39:6,40:7,41:2,42:6,43:5,44:6,45:6,46:3,47:6,48:3,49:3,50:3
((21)0,105)92	1.5980431684148464	2.0	3.598043168414846	1.537972363610523e-08	1:22,2:11,3:3,4:10,5:1,6:6,7:6,8:2,9:6,10:1,11:5,12:7,13:4,14:2,15:4,16:5,17:4,18:5,19:6,20:5,21:6,22:4,23:6,24:5,25:1,26:2,27:3,28:3,29:7,30:1,31:6,32:8,33:4,34:3,35:4,36:1,37:5,38:4,39:2,40:3,41:5,42:6,43:4,44:2,45:4,46:6,47:3,48:7,49:7,50:7
((0,92)105)21	1.6136374723892875	2.0	3.6136374723892875	1.4226102408913371e-08	1:12,2:4,3:4,4:3,5:6,6:5,7:3,8:3,9:6,10:6,11:4,12:3,13:2,14:2,15:1,16:3,17:4,18:4,19:2,20:3,21:4,22:3,23:1,24:2,25:3,26:3,27:2,28:4,29:4,30:3,31:5,32:5,33:3,34:2,35:6,36:4,37:3,38:5,39:3,40:1,41:2,42:6,43:4,44:1,45:5,46:5,47:5,49:6,50:2
((0,105)21)92	1.6288259436181567	2.0	3.628825943618157	1.3185742323875083e-08	1:9,2:1,3:4,4:5,5:7,6:3,7:2,8:2,9:2,10:3,11:1,12:8,13:1,14:9,15:3,16:4,17:5,18:4,19:4,20:2,21:2,22:2,23:4,24:4,25:4,26:5,28:5,29:4,30:4,31:7,32:4,33:3,35:3,36:8,37:1,38:4,39:4,40:2,41:3,42:2,44:5,45:1,46:6,47:4,48:4,49:2,50:3
(0,(105)21)92	1.7439233377584542	2.0	3.743923337758454	7.416069116630663e-09	1:20,2:4,3:7,4:1,5:8,6:5,7:6,8:1,9:3,10:6,12:8,13:7,14:3,15:2,16:3,17:4,18:5,19:6,20:8,21:3,22:2,23:5,24:4,25:4,26:5,27:6,28:2,29:6,30:4,31:4,32:5,33:3,34:3,35:4,36:5,37:2,38:2,39:9,40:7,41:6,42:3,43:5,44:6,45:3,46:6,47:3,48:3,49:8,50:6
((0)105,92)21	1.750303319427807	2.0	3.750303319427807	7.183230698066394e-09	1:20,2:10,3:5,4:6,6:4,7:4,8:7,9:4,10:7,11:4,12:6,13:7,14:6,15:7,16:4,17:4,18:5,19:5,20:2,21:5,22:7,23:3,24:7,25:9,26:3,27:4,28:5,29:2,30:5,31:4,32:3,33:5,34:3,35:8,37:2,38:6,39:5,40:3,41:3,42:3,43:7,44:4,45:3,46:7,47:3,48:4,49:7,50:2
(105,(0)92)21	1.750503319427807	2.0	3.750503319427807	7.176051057786762e-09	1:17,2:13,3:5,4:7,5:1,6:6,7:3,8:3,9:5,10:3,11:2,12:4,13:4,14:6,15:2,16:4,17:6,18:2,19:2,20:4,21:3,22:1,23:5,24:5,25:6,26:3,27:2,28:5,29:5,30:3,31:3,32:4,33:2,34:3,35:8,36:8,37:7,38:5,39:3,40:1,41:4,42:5,43:5,44:6,45:3,46:6,47:5,48:3,49:3,50:2
((105)0,21)92	1.7982360779407063	2.0	3.7982360779407065	5.652429468957052e-09	1:21,2:6,3:6,4:9,5:6,6:7,7:5,8:5,9:2,10:2,11:2,13:4,14:3,15:8,16:5,17:6,18:5,19:4,20:6,21:3,22:3,23:6,24:4,25:4,26:5,27:8,28:6,29:2,30:8,31:2,32:4,33:4,34:4,35:6,36:5,37:3,38:4,39:5,40:6,41:8,42:4,43:3,44:2,45:1,46:6,47:1,48:3,49:2,50:3
(((21)105)0)92	0.8919840770051907	3.0	3.8919840770051906	3.5372353658134287e-09	1:7,2:1,3:2,4:1,5:1,6:1,7:1,8:1,10:2,11:4,13:1,14:1,15:1,16:1,18:2,19:1,20:2,21:1,23:1,24:1,25:3,28:2,29:2,31:1,33:1,34:2,35:1,36:4,37:1,38:2,40:3,42:1,43:1,44:3,45:3,47:1,48:1,50:3
(((0)105)92)21	0.9243860048947135	3.0	3.9243860048947132	3.0081817078949376e-09	1:3,2:63,3:68,4:72,5:61,6:71,7:65,8:55,9:54,10:75,11:60,12:62,13:59,14:59,15:66,16:64,17:61,18:69,19:71,20:58,21:63,22:70,23:66,24:74,25:66,26:70,27:73,28:68,29:50,30:51,31:68,32:65,33:53,34:67,35:70,36:52,37:62,38:54,39:77,40:59,41:69,42:51,43:68,44:71,45:76,46:63,47:62,48:60,49:66,50:48
(((21)92)105)0	0.9408844843354767	3.0	3.9408844843354767	2.7699891833644152e-09	1:9,2:1,3:1,4:2,5:1,6:2,7:1,8:1,10:1,11:1,12:3,13:1,14:3,16:1,17:1,18:1,19:2,20:1,21:1,22:4,26:1,27:2,29:1,31:1,32:1,33:2,35:1,36:2,38:2,40:1,44:3,46:1,47:1,48:3,50:1
(((105)0)21)92	0.9877845909451636	3.0	3.9877845909451635	2.190966744393898e-09	1:4,2:3,3:2,4:5,5:2,6:2,7:2,8:2,9:5,10:4,11:1,12:2,13:4,14:7,15:4,17:3,18:5,19:5,20:4,21:2,22:4,23:7,24:2,25:1,26:2,27:5,28:5,29:4,30:6,31:3,32:3,34:2,35:1,36:3,37:3,39:4,40:1,41:2,42:3,43:3,44:6,45:5,46:6,48:5,49:2,50:2
(((92)0)105)21	1.035096234039863	3.0	4.035096234039863	1.7294175348263945e-09	1:5,2:1,4:5,5:5,7:4,8:3,9:1,10:3,11:3,12:3,13:3,14:6,15:5,17:2,18:4,20:6,21:1,22:1,23:3,24:2,25:5,26:3,27:3,28:1,29:2,30:3,31:3,32:5,33:3,34:2,35:3,36:3,37:3,38:3,39:1,41:1,42:2,43:1,44:4,45:2,46:2,47:1,48:1,49:4,50:2
(0,105,92)21	2.6271777861423846	2.0	4.627177786142385	8.95800093555093e-11	1:51,2:3,3:13,4:11,5:12,6:6,7:7,8:11,9:5,10:8,11:6,12:6,13:10,14:11,15:9,16:5,17:6,18:8,19:12,20:7,21:8,22:8,23:12,24:7,25:7,26:9,27:11,28:7,29:13,30:10,31:4,32:11,33:7,34:10,35:10,36:5,37:6,38:6,39:7,40:8,41:10,42:18,43:7,44:9,45:13,46:9,47:5,48:16,49:8,50:11
((21,92)105)0	1.6809021036653349	3.0	4.680902103665335	6.847786796100903e-11	1:12,2:3,3:2,4:2,5:7,6:5,7:6,8:5,9:3,10:7,11:3,12:1,13:2,14:3,15:7,16:8,17:2,18:2,19:2,20:7,21:3,22:5,23:6,24:5,25:5,26:5,27:4,28:3,29:7,30:9,31:6,32:9,33:8,34:2,35:3,36:11,37:2,38:3,39:4,40:4,41:2,42:5,43:9,44:4,45:5,47:6,48:6,49:2,50:4
((0,105)92)21	1.6813125256330799	3.0	4.68131252563308	6.833748794130435e-11	1:19,2:4,3:2,4:5,5:1,6:2,7:5,8:4,9:6,10:1,11:1,12:3,13:3,14:2,16:4,17:5,18:4,19:6,20:2,21:3,22:9,23:4,24:2,25:1,26:6,27:2,28:4,29:4,30:3,31:5,32:4,33:7,34:3,35:2,36:3,37:3,38:3,39:5,40:4,41:1,42:3,43:3,44:3,45:4,46:4,47:3,48:5,49:5,50:2
((92)105,21)0	1.6983017429184954	3.0	4.6983017429184954	6.277220634192134e-11	1:14,2:3,3:6,4:2,5:5,6:5,7:1,8:1,9:3,10:3,11:5,12:7,13:3,14:6,15:3,16:2,17:6,18:8,19:6,20:4,21:3,22:7,23:6,24:3,25:2,26:8,27:6,29:5,30:3,31:7,32:3,33:7,34:4,35:3,36:5,37:3,38:3,39:2,40:2,41:4,42:4,43:5,44:4,45:2,46:3,47:3,48:6,49:6,50:5
((105,21)0)92	1.6985017429184954	3.0	4.698501742918495	6.270946551122332e-11	1:9,3:2,4:4,5:2,6:8,7:5,8:5,9:5,10:5,11:4,12:8,13:2,14:7,15:3,16:7,17:8,18:5,19:4,20:3,21:6,22:1,24:6,25:2,26:3,27:5,28:4,29:3,30:2,31:7,32:5,33:4,34:5,35:5,36:6,37:6,38:4,39:4,40:4,41:2,42:7,43:7,44:5,45:8,46:4,47:5,48:6,49:4,50:3
(0,(105)92)21	1.7628018386733795	3.0	4.762801838673379	4.546814280326271e-11	1:24,2:16,3:5,4:3,5:3,6:6,7:5,8:4,9:7,10:2,11:1,12:8,13:5,14:3,15:1,16:6,17:1,18:7,19:3,20:6,21:4,22:4,23:4,25:2,26:2,27:5,28:2,29:6,30:3,31:4,32:4,34:3,35:3,36:5,37:9,38:7,39:3,40:5,41:8,42:2,43:4,44:7,45:4,46:8,47:4,48:5,49:5,50:4
((92)0,105)21	1.7773504335047952	3.0	4.777350433504795	4.227808845459262e-11	1:25,2:2,3:4,4:5,5:3,6:2,7:3,8:3,9:3,10:3,11:9,12:7,13:4,14:7,15:3,16:7,17:5,18:5,19:2,21:6,22:2,23:9,24:7,25:2,26:5,27:3,28:3,29:5,30:1,32:3,33:6,34:1,35:3,36:3,37:1,38:4,39:5,40:3,41:3,42:5,43:5,44:5,45:3,46:2,47:2,48:1,49:2,50:9
((21)105,92)0	1.8031503514682297	3.0	4.803150351468229	3.716135430756644e-11	1:16,2:6,3:5,4:1,5:5,6:6,7:4,8:4,9:3,10:4,11:5,12:4,13:6,14:5,15:2,16:5,17:7,18:6,19:5,20:9,21:4,22:5,23:2,24:6,25:2,26:2,27:5,29:4,30:2,31:5,32:4,33:3,34:3,35:1,36:2,37:11,38:5,39:6,40:5,41:6,42:3,43:2,44:4,45:2,46:5,47:10,48:1,49:4,50:7
(105,(21)92)0	1.8522507587985158	3.0	4.852250758798515	2.9071761909497796e-11	1:22,2:8,3:6,4:7,5:3,6:3,7:4,8:3,9:1,10:3,11:4,12:6,13:8,14:7,15:7,16:3,17:2,18:10,19:5,20:5,21:4,22:9,23:3,24:7,25:3,26:4,27:4,28:9,29:8,30:5,31:2,32:7,33:7,34:4,35:1,36:6,37:3,38:4,39:4,40:8,41:7,42:4,43:5,44:8,45:4,46:1,47:8,48:4,49:5,50:3
(((21)105)92)0	0.9141567946227553	4.0	4.914156794622755	2.1332615438707784e-11	1:3,2:5,3:7,4:5,5:6,6:4,7:3,8:8,9:6,10:3,11:8,12:4,13:7,14:4,15:1,16:4,17:2,18:2,19:7,20:3,21:4,22:3,23:4,24:3,25:6,26:7,27:7,28:2,29:7,30:7,31:7,32:6,33:9,34:5,35:5,36:3,37:10,38:5,39:5,40:7,41:6,42:7,43:4,44:4,45:6,46:4,47:4,48:3,49:7,50:5
((105)0,92)21	1.9380540182727395	3.0	4.938054018272739	1.8930057913463376e-11	1:21,2:8,3:4,4:2,5:4,6:5,7:3,8:2,9:2,10:4,11:1,12:5,13:2,14:4,15:5,16:2,17:3,18:4,19:6,20:1,21:4,22:2,23:2,24:5,25:9,26:6,27:4,28:5,29:5,30:7,31:5,32:1,33:6,34:1,35:4,36:6,37:8,38:4,39:5,40:7,41:7,42:4,43:7,44:6,45:7,46:5,47:7,48:8,49:6,50:2
(((92)105)0)21	0.9386841836148776	4.0	4.938684183614877	1.8870506448794874e-11	1:6,4:3,5:2,6:2,7:1,8:2,9:1,11:1,12:1,13:3,14:3,15:1,16:4,17:1,21:4,22:4,23:2,24:2,25:1,26:4,29:3,30:3,31:1,32:3,33:3,34:2,35:2,36:1,37:2,38:2,39:1,40:4,42:1,43:1,44:3,45:2,46:2,47:5,48:2,49:2,50:2
(((105)21)0)92	0.9622560870935876	4.0	4.9622560870935875	1.677250067099573e-11	1:9,2:1,3:5,5:4,6:1,7:1,8:1,9:1,10:2,11:4,12:1,13:1,15:2,17:1,20:2,21:1,22:3,24:2,25:1,26:1,27:1,28:2,30:2,31:1,33:1,35:3,36:1,38:1,39:1,41:1,42:3,44:1,46:2,47:1,48:1,49:2,50:2
(((92)21)105)0	1.0996381844940735	4.0	5.099638184494074	8.438716245778334e-12	1:3,2:2,3:1,4:2,7:2,8:2,9:2,11:2,12:1,13:2,14:2,15:1,17:1,18:2,19:1,20:3,23:3,24:2,25:1,26:1,27:2,28:2,29:2,30:1,31:4,32:2,34:1,35:1,37:2,38:1,40:3,41:2,43:1,44:1,45:2,46:1,48:3,50:1
(((105)0)92)21	1.0998381844940734	4.0	5.0998381844940734	8.430281747484597e-12	1:6,2:4,3:8,4:8,5:6,6:5,7:7,8:4,9:6,10:10,11:6,12:3,13:7,14:7,15:5,16:5,17:6,18:8,19:6,20:7,21:4,22:3,23:4,24:6,25:3,26:8,27:8,28:7,29:3,30:5,31:6,32:6,33:3,34:2,35:7,36:4,37:2,38:4,39:8,40:7,41:3,42:5,43:3,44:3,45:4,46:5,47:9,48:5,49:9,50:4
(105,21,92)0	2.7346840621907313	3.0	5.734684062190731	3.5260769169791634e-13	1:38,2:7,3:7,4:6,5:7,6:7,7:13,8:9,9:6,10:15,11:13,12:4,13:13,14:7,15:13,16:9,17:9,18:10,19:8,20:8,21:11,22:9,23:5,24:6,25:5,26:6,27:7,28:7,29:10,30:10,31:5,32:7,33:3,34:8,35:11,36:10,37:9,38:6,39:8,40:12,41:4,42:10,43:8,44:6,45:4,46:8,47:8,48:5,49:10,50:9
((105,21)92)0	1.7377503044484266	4.0	5.737750304448427	3.4724301723179957e-13	1:16,2:6,3:2,4:3,5:4,6:7,7:5,8:6,9:3,10:3,11:3,12:1,13:4,14:1,15:1,16:3,17:4,18:5,19:4,21:3,22:3,23:3,25:2,26:6,27:2,28:2,29:4,30:1,31:3,33:4,34:4,35:4,36:3,37:2,38:3,39:1,40:3,41:4,42:4,43:2,44:4,45:1,46:1,47:2,48:3,49:2,50:3
(21,(105)92)0	1.84897110107197	4.0	5.84897110107197	1.9912263467201728e-13	1:13,2:11,3:5,4:6,5:3,6:3,7:3,8:5,9:5,10:4,11:5,12:4,13:3,14:6,15:4,16:7,17:2,18:6,20:6,21:3,22:4,23:1,24:4,25:4,26:7,27:6,28:2,29:2,30:3,31:4,32:2,33:4,34:6,35:4,36:10,37:1,38:9,39:4,40:4,41:6,42:7,43:4,44:2,45:3,46:4,47:9,48:6,49:3,50:3
((105,92)0)21	1.8500504580779167	4.0	5.8500504580779165	1.9805090716082937e-13	1:13,2:5,3:9,4:6,5:7,6:4,7:6,8:5,9:5,10:8,11:3,12:6,13:7,14:4,15:5,16:6,17:4,18:3,19:1,20:2,21:8,22:8,23:5,24:6,25:2,26:6,27:6,28:5,29:3,30:4,31:5,32:8,33:4,34:4,35:3,36:3,37:5,38:4,39:7,40:3,41:5,42:4,43:7,44:5,45:8,46:3,47:4,48:2,49:5,50:5
(105,(92)21)0	1.9061558504073781	4.0	5.906155850407378	1.4960479884604554e-13	1:22,2:3,3:3,4:5,5:7,6:2,7:2,8:9,9:5,10:9,11:8,12:4,13:3,14:3,15:6,16:1,17:4,18:3,19:5,20:1,21:2,22:5,23:3,24:4,25:7,26:3,27:4,28:7,29:5,30:3,31:5,32:6,33:1,34:3,35:6,36:4,37:9,38:4,39:6,40:1,41:4,42:3,43:2,44:7,45:6,46:4,47:4,48:3,49:1,50:3
(((105)92)0)21	0.9610569012324423	5.0	5.961056901232443	1.1369186937541045e-13	1:4,2:2,3:1,4:1,5:2,6:1,7:3,8:2,9:6,11:1,12:4,13:1,14:2,15:1,16:4,19:1,20:3,23:3,24:1,25:4,27:1,29:3,30:1,31:3,32:4,33:1,34:3,35:2,36:1,38:1,39:1,40:1,42:1,43:1,44:1,45:4,47:2,48:4,50:3
(((92)105)21)0	0.9620560870935876	5.0	5.962056087093588	1.1312528930880805e-13	1:6,2:2,3:1,5:2,6:6,7:3,8:1,9:1,10:3,13:4,14:4,15:2,16:3,17:1,18:4,19:4,20:1,21:7,22:3,23:5,24:2,25:2,28:3,29:7,30:2,31:3,32:3,33:1,34:2,35:1,36:4,37:3,38:1,39:4,41:2,42:3,43:5,44:2,45:3,46:1,48:3,49:1,50:1
((105)21,92)0	1.9699105404890778	4.0	5.969910540489078	1.0876870905563766e-13	1:22,2:16,3:5,4:7,5:6,6:4,7:8,8:1,9:5,10:6,11:4,12:11,13:4,14:2,15:6,16:4,17:6,18:3,19:5,20:2,21:5,22:5,23:6,24:6,25:6,26:2,27:5,28:2,29:5,30:2,31:5,32:5,33:4,34:6,35:2,36:3,37:3,38:4,39:6,40:2,41:4,42:2,43:4,44:4,45:8,46:9,47:3,48:6,49:5,50:1
(((105)21)92)0	1.084196641370149	5.0	6.0841966413701485	6.142354238071207e-14	1:9,2:45,3:44,4:55,5:64,6:63,7:51,8:65,9:70,10:62,11:61,12:69,13:59,14:62,15:75,16:72,17:59,18:49,19:65,20:65,21:61,22:59,23:79,24:69,25:55,26:69,27:59,28:61,29:89,30:76,31:72,32:57,33:58,34:68,35:68,36:56,37:53,38:68,39:66,40:76,41:71,42:73,43:62,44:55,45:56,46:67,47:66,48:58,49:64,50:74
((105,92)21)0	1.8748880696984562	5.0	6.874888069698456	1.1786103163270963e-15	1:11,3:4,5:1,6:5,7:5,8:6,9:3,10:2,11:7,12:5,13:4,14:3,15:5,16:6,17:5,18:3,19:4,20:3,21:4,22:5,23:2,24:4,25:2,26:6,27:3,28:3,29:3,30:2,31:2,32:1,33:5,34:4,35:8,36:5,37:8,38:2,39:3,40:3,41:2,42:4,43:2,44:6,46:5,47:6,48:4,49:4,50:3
(((105)92)21)0	1.0489707551653626	6.0	7.048970755165363	4.935765177729597e-16	1:8,2:1,4:2,5:2,6:3,7:4,8:3,9:1,11:1,12:2,13:2,14:2,15:1,17:3,18:2,19:2,20:1,21:3,23:1,24:3,25:3,26:4,27:2,30:1,31:2,33:4,34:1,35:1,39:1,43:3,46:1,47:1,48:3,49:2
