# generation count = 50 
#
generation.index	generationHighestFitness	generationMedianFitness	populationHighestFitness	populationMedianFitness
1	0.6187818017205856	7.176051057786762e-09	0.6187818017205856	7.176051057786762e-09
2	0.6187818017205856	0.00024837047504884177	0.6187818017205856	6.770076675096458e-07
3	0.6187818017205856	0.0023809146999005572	0.6187818017205856	4.2555263982608095e-06
4	0.6187818017205856	0.0023809146999005572	0.6187818017205856	3.602311629266767e-05
5	0.6187818017205856	0.00024837047504884177	0.6187818017205856	5.5001704770595606e-05
6	0.6187818017205856	0.00014816855900427482	0.6187818017205856	7.457133087933859e-05
7	0.6187818017205856	0.00014816855900427482	0.6187818017205856	0.00014816855900427482
8	0.6187818017205856	0.0023809146999005572	0.6187818017205856	0.00014816855900427482
9	0.6187818017205856	0.00014816855900427482	0.6187818017205856	0.00014816855900427482
10	0.6187818017205856	0.0023809146999005572	0.6187818017205856	0.00014816855900427482
11	0.6187818017205856	0.00014816855900427482	0.6187818017205856	0.00014816855900427482
12	0.6187818017205856	0.00024837047504884177	0.6187818017205856	0.00014816855900427482
13	0.6187818017205856	0.0023809146999005572	0.6187818017205856	0.00014816855900427482
14	0.6187818017205856	0.00014816855900427482	0.6187818017205856	0.00014816855900427482
15	0.6187818017205856	0.0023809146999005572	0.6187818017205856	0.00014816855900427482
16	0.6187818017205856	0.00014816855900427482	0.6187818017205856	0.00014816855900427482
17	0.6187818017205856	0.00014816855900427482	0.6187818017205856	0.00014816855900427482
18	0.6187818017205856	0.00014816855900427482	0.6187818017205856	0.00014816855900427482
19	0.6187818017205856	0.0023809146999005572	0.6187818017205856	0.00014816855900427482
20	0.6187818017205856	0.0013146425874746995	0.6187818017205856	0.00014816855900427482
21	0.6187818017205856	0.0023809146999005572	0.6187818017205856	0.00014816855900427482
22	0.6187818017205856	0.0023809146999005572	0.6187818017205856	0.00014816855900427482
23	0.6187818017205856	0.00014816855900427482	0.6187818017205856	0.00014816855900427482
24	0.6187818017205856	0.0023809146999005572	0.6187818017205856	0.00014816855900427482
25	0.6187818017205856	0.00014816855900427482	0.6187818017205856	0.00014816855900427482
26	0.6187818017205856	0.00014816855900427482	0.6187818017205856	0.00014816855900427482
27	0.6187818017205856	0.00014816855900427482	0.6187818017205856	0.00014816855900427482
28	0.6187818017205856	0.0023809146999005572	0.6187818017205856	0.00014816855900427482
29	0.6187818017205856	0.00014816855900427482	0.6187818017205856	0.00014816855900427482
30	0.6187818017205856	0.00014816855900427482	0.6187818017205856	0.00014816855900427482
31	0.6187818017205856	0.0023809146999005572	0.6187818017205856	0.00014816855900427482
32	0.6187818017205856	0.00024837047504884177	0.6187818017205856	0.00014816855900427482
33	0.6187818017205856	0.00024837047504884177	0.6187818017205856	0.00014816855900427482
34	0.6187818017205856	0.00014816855900427482	0.6187818017205856	0.00014816855900427482
35	0.6187818017205856	0.00014816855900427482	0.6187818017205856	0.00014816855900427482
36	0.6187818017205856	0.00014816855900427482	0.6187818017205856	0.00014816855900427482
37	0.6187818017205856	0.0023809146999005572	0.6187818017205856	0.00014816855900427482
38	0.6187818017205856	0.0023809146999005572	0.6187818017205856	0.00014816855900427482
39	0.6187818017205856	0.00014816855900427482	0.6187818017205856	0.00014816855900427482
40	0.6187818017205856	0.00014816855900427482	0.6187818017205856	0.00014816855900427482
41	0.6187818017205856	0.0023809146999005572	0.6187818017205856	0.00014816855900427482
42	0.6187818017205856	0.0023809146999005572	0.6187818017205856	0.00014816855900427482
43	0.6187818017205856	0.0023809146999005572	0.6187818017205856	0.00014816855900427482
44	0.6187818017205856	0.00014816855900427482	0.6187818017205856	0.00014816855900427482
45	0.6187818017205856	0.00014816855900427482	0.6187818017205856	0.00014816855900427482
46	0.6187818017205856	0.0023809146999005572	0.6187818017205856	0.00014816855900427482
47	0.6187818017205856	0.0023809146999005572	0.6187818017205856	0.00014816855900427482
48	0.6187818017205856	0.0023809146999005572	0.6187818017205856	0.00014816855900427482
49	0.6187818017205856	0.0023809146999005572	0.6187818017205856	0.00014816855900427482
50	0.6187818017205856	0.0023809146999005572	0.6187818017205856	0.00014816855900427482
############################################################
Topology	MassCost	TopologyCost	Cost	Fitness	appearances(generationID:count)
(((0)21)92)105	0.09600051393997294	0.0	0.09600051393997294	0.6187818017205856	1:3,2:140,3:211,4:193,5:206,6:181,7:191,8:207,9:201,10:198,11:198,12:190,13:182,14:182,15:205,16:200,17:208,18:199,19:201,20:199,21:218,22:218,23:201,24:203,25:184,26:199,27:173,28:215,29:190,30:187,31:207,32:201,33:191,34:195,35:206,36:199,37:207,38:200,39:206,40:189,41:213,42:224,43:187,44:188,45:181,46:210,47:197,48:219,49:199,50:234
(21,(0)92)105	0.7893180266601442	0.0	0.7893180266601442	0.019320469808163012	1:23,2:57,3:11,4:11,5:8,6:8,7:11,8:7,9:4,10:10,11:1,12:14,13:10,14:6,15:7,16:4,17:5,18:10,19:3,20:10,21:9,22:13,23:6,24:9,25:19,26:9,27:4,28:9,29:7,30:14,31:12,32:7,33:4,34:9,35:6,36:9,37:6,38:7,39:6,40:8,41:4,42:15,43:5,44:3,45:12,46:8,47:14,48:11,49:14,50:12
(0,(21)92)105	0.8252665428966349	0.0	0.8252665428966349	0.016141967612671747	1:17,2:69,3:53,4:49,5:52,6:47,7:52,8:53,9:46,10:38,11:40,12:58,13:50,14:41,15:50,16:46,17:43,18:50,19:51,20:41,21:49,22:43,23:36,24:43,25:55,26:40,27:52,28:40,29:37,30:39,31:45,32:47,33:45,34:39,35:32,36:50,37:48,38:51,39:46,40:47,41:46,42:46,43:54,44:45,45:53,46:58,47:47,48:38,49:45,50:36
((0)21,92)105	0.8360181332698311	0.0	0.8360181332698311	0.01529712056977484	1:18,2:70,3:56,4:49,5:43,6:44,7:56,8:50,9:46,10:42,11:48,12:36,13:54,14:42,15:49,16:44,17:49,18:57,19:47,20:48,21:48,22:47,23:45,24:56,25:40,26:57,27:49,28:55,29:51,30:59,31:47,32:51,33:52,34:46,35:51,36:34,37:53,38:54,39:49,40:41,41:44,42:45,43:61,44:47,45:54,46:49,47:44,48:40,49:44,50:35
((0,21)92)105	0.9064520009355156	0.0	0.9064520009355156	0.010756339205466795	1:17,2:52,3:42,4:66,5:48,6:43,7:43,8:48,9:55,10:75,11:50,12:59,13:57,14:66,15:53,16:49,17:48,18:45,19:43,20:57,21:57,22:55,23:58,24:59,25:57,26:44,27:57,28:51,29:48,30:60,31:56,32:60,33:56,34:47,35:50,36:46,37:45,38:52,39:45,40:44,41:49,42:47,43:44,44:45,45:44,46:47,47:58,48:45,49:46,50:60
(((21)0)92)105	0.12478475027064907	1.0	1.1247847502706492	0.003610446784220991	1:9,2:63,3:77,4:91,5:73,6:76,7:60,8:80,9:75,10:76,11:85,12:77,13:91,14:89,15:73,16:76,17:78,18:69,19:77,20:81,21:82,22:82,23:79,24:78,25:70,26:70,27:77,28:73,29:77,30:72,31:80,32:72,33:85,34:68,35:73,36:89,37:83,38:74,39:71,40:86,41:75,42:93,43:91,44:80,45:72,46:75,47:82,48:85,49:85,50:78
(((0)92)21)105	0.20805410748888264	1.0	1.2080541074888826	0.0023809146999005572	1:11,2:44,3:53,4:57,5:66,6:78,7:75,8:65,9:60,10:76,11:63,12:61,13:69,14:51,15:69,16:71,17:54,18:57,19:81,20:64,21:55,22:60,23:63,24:64,25:59,26:65,27:62,28:66,29:71,30:50,31:65,32:58,33:58,34:55,35:68,36:57,37:71,38:63,39:64,40:68,41:73,42:71,43:63,44:64,45:64,46:58,47:68,48:76,49:70,50:71
(0,21,92)105	1.660117815096266	0.0	1.660117815096266	0.00024837047504884177	1:42,2:25,3:5,4:12,5:12,6:7,7:7,8:9,9:12,10:7,11:9,12:7,13:11,14:7,15:9,16:7,17:8,18:10,19:10,20:14,21:7,22:9,23:11,24:4,25:9,26:7,27:9,28:7,29:5,30:10,31:7,32:11,33:13,34:8,35:11,36:14,37:10,38:7,39:10,40:6,41:11,42:8,43:8,44:10,45:6,46:6,47:11,48:6,49:11,50:7
(((0)21)105)92	0.7634320040155177	1.0	1.7634320040155176	0.00014816855900427482	1:5,2:36,3:55,4:61,5:58,6:64,7:63,8:56,9:60,10:76,11:53,12:68,13:54,14:67,15:48,16:69,17:74,18:54,19:63,20:65,21:60,22:67,23:66,24:45,25:73,26:74,27:82,28:63,29:65,30:67,31:60,32:64,33:80,34:89,35:65,36:65,37:52,38:58,39:55,40:64,41:54,42:58,43:66,44:66,45:80,46:75,47:68,48:47,49:50,50:57
((21)0,92)105	0.900750885836998	1.0	1.900750885836998	7.457133087933859e-05	1:19,2:12,3:7,4:12,5:6,6:10,7:8,8:6,9:6,10:6,11:13,12:8,13:5,14:6,15:4,16:8,17:8,18:11,19:11,20:4,21:12,22:11,23:12,24:9,25:3,26:6,27:11,28:6,29:9,30:6,31:11,32:10,33:9,34:4,35:13,36:12,37:11,38:14,39:9,40:7,41:10,42:3,43:10,44:13,45:10,46:11,47:9,48:7,49:6,50:10
((92)0,21)105	0.9616292754766306	1.0	1.9616292754766307	5.5001704770595606e-05	1:18,2:12,3:6,4:2,5:4,6:7,7:6,8:5,9:7,10:6,11:5,12:11,13:5,14:7,15:5,16:10,17:2,18:7,19:9,20:7,21:8,22:5,23:2,24:7,25:9,26:5,27:8,28:4,29:6,30:7,31:11,32:4,33:9,34:12,35:12,36:5,37:5,38:10,39:4,40:8,41:9,42:4,43:8,44:6,45:10,46:4,47:12,48:9,49:10,50:9
(0,(92)21)105	0.9718584857485887	1.0	1.9718584857485886	5.225931378517976e-05	1:24,2:14,3:4,4:9,5:7,6:4,7:5,8:3,9:9,10:5,11:5,12:3,13:4,14:4,15:4,16:8,17:8,18:5,19:7,20:9,21:6,22:9,23:6,24:6,25:7,26:6,27:4,28:4,29:10,30:9,31:10,32:5,33:5,34:3,35:10,36:6,37:4,38:5,39:5,40:9,41:8,42:6,43:7,44:3,45:9,46:5,47:5,48:3,49:6,50:3
((0,92)21)105	1.0462699412675487	1.0	2.046269941267549	3.602311629266767e-05	1:16,2:14,3:8,4:8,5:6,6:13,7:15,8:7,9:11,10:12,11:13,12:11,13:7,14:12,15:9,16:11,17:11,18:10,19:7,20:11,21:13,22:10,23:10,24:17,25:15,26:8,27:4,28:7,29:9,30:15,31:13,32:11,33:10,34:10,35:7,36:8,37:9,38:8,39:15,40:5,41:10,42:9,43:11,44:5,45:12,46:8,47:9,48:14,49:16,50:8
(((92)0)21)105	0.24452500382661146	2.0	2.2445250038266114	1.3368290724250908e-05	1:7,2:7,3:7,4:8,5:2,6:5,7:8,8:14,9:10,10:4,11:10,12:9,13:11,14:11,15:8,16:6,17:8,18:11,19:7,20:10,21:11,22:8,23:6,24:6,25:14,26:9,27:7,28:9,29:13,30:15,31:14,32:6,33:13,34:7,35:11,36:10,37:10,38:5,39:11,40:10,41:5,42:11,43:7,44:8,45:5,46:10,47:5,48:10,49:12,50:8
(((21)92)0)105	0.24672530454721053	2.0	2.2467253045472106	1.3222025469785723e-05	1:8,2:6,3:6,4:3,5:6,6:8,7:10,8:6,9:5,10:7,11:6,12:5,13:10,14:7,15:7,16:8,17:2,18:5,19:3,20:11,21:5,22:11,23:10,24:5,25:7,26:4,27:6,28:14,29:6,30:9,31:5,32:10,33:12,34:5,35:4,36:5,37:6,38:6,39:7,40:9,41:7,42:3,44:9,45:5,46:8,47:7,48:8,49:8,50:8
(0,(21)105)92	1.4734584181441972	1.0	2.4734584181441974	4.2555263982608095e-06	1:30,2:11,3:13,4:4,5:7,6:3,7:3,8:4,9:6,10:7,11:1,12:3,13:8,14:3,15:3,16:7,17:8,18:6,19:5,20:2,21:5,22:6,23:6,24:5,25:7,26:6,27:4,28:4,29:3,30:2,31:9,32:2,33:5,34:4,35:3,36:6,37:2,38:5,39:5,40:5,42:3,43:6,44:3,45:4,46:1,47:6,48:6,49:4,50:3
((0,21)105)92	1.480536275665537	1.0	2.480536275665537	4.107560005703549e-06	1:10,2:9,3:3,4:2,5:2,6:6,9:6,10:8,11:4,12:5,13:7,14:3,15:4,16:4,17:4,18:2,19:3,20:2,21:2,22:3,23:3,24:2,25:2,26:6,27:4,28:1,29:1,30:1,31:1,32:1,33:7,35:1,36:2,37:2,38:4,39:4,40:7,41:2,42:4,43:4,45:5,46:6,47:5,48:2,49:2,50:4
((0)105,21)92	1.540125407231502	1.0	2.540125407231502	3.049212991677224e-06	1:20,2:11,3:4,4:10,5:7,6:6,7:4,8:6,9:3,10:4,11:7,12:6,13:6,14:7,15:3,16:5,17:1,18:5,19:5,20:7,21:4,22:6,23:3,24:6,25:4,26:6,27:6,28:4,29:5,30:5,31:6,32:1,33:3,34:2,35:3,36:9,37:4,38:3,39:4,40:5,41:5,42:3,43:2,44:4,45:3,46:2,47:4,48:5,49:6,50:5
(105,(0)21)92	1.587025513841189	1.0	2.587025513841189	2.4118232307406568e-06	1:22,2:6,3:7,4:1,5:4,6:4,7:8,8:2,9:3,10:4,11:2,12:2,13:4,14:3,15:2,16:5,17:3,18:3,19:4,20:2,21:7,22:1,23:3,24:3,25:4,26:7,27:1,28:5,29:3,30:4,31:3,32:7,33:4,34:4,35:2,36:3,37:3,38:6,39:4,40:7,41:5,42:9,43:7,44:2,45:4,46:5,47:8,48:1,49:7,50:6
(((0)92)105)21	0.8376713368229385	2.0	2.8376713368229387	6.887712085676423e-07	1:6,2:4,3:1,4:2,5:1,6:3,8:1,9:2,10:1,13:2,15:2,17:2,18:2,20:3,21:1,23:1,25:2,27:3,28:1,30:2,31:1,33:3,35:2,36:2,38:1,39:3,41:1,43:3,44:2,45:1,46:1,48:2,50:1
(((21)0)105)92	0.8411166476764799	2.0	2.84111664767648	6.770076675096458e-07	1:7,2:7,3:9,4:4,5:7,6:8,7:6,8:7,9:5,10:9,11:3,12:5,13:4,14:3,15:8,16:4,17:5,18:6,19:6,20:6,21:6,22:4,23:2,24:4,25:3,26:4,27:6,28:6,29:10,30:3,31:4,32:2,33:3,35:3,36:2,37:4,38:6,39:4,41:3,42:3,44:4,45:3,46:9,47:3,48:6,49:6,50:3
(((0)105)21)92	0.8865717441532245	2.0	2.8865717441532244	5.393728718152367e-07	1:3,2:1,5:1,6:1,7:1,8:1,9:2,10:1,11:2,13:1,15:3,16:3,17:3,18:2,19:1,21:1,22:3,24:1,25:1,26:2,27:3,29:3,32:3,33:2,35:2,38:1,39:1,40:2,41:1,42:3,43:2,44:1,45:1,46:1,47:3,48:1,49:2,50:1
((21,92)0)105	1.1324392036661393	2.0	3.1324392036661393	1.5775919980566615e-07	1:16,2:10,3:13,4:15,5:10,6:17,7:13,8:17,9:13,10:4,11:16,12:17,13:8,14:14,15:11,16:14,17:16,18:14,19:15,20:13,21:17,22:8,23:15,24:13,25:13,26:7,27:9,28:14,29:11,30:5,31:10,32:9,33:9,34:8,35:11,36:7,37:10,38:9,39:18,40:8,41:10,42:11,43:10,44:10,45:12,46:9,47:5,48:16,49:10,50:11
(((92)21)0)105	0.33243885775953175	3.0	3.3324388577595316	5.8036466640062115e-08	1:9,2:36,3:69,4:56,5:72,6:79,7:83,8:66,9:70,10:63,11:67,12:68,13:67,14:70,15:70,16:63,17:63,18:70,19:61,20:69,21:61,22:51,23:57,24:70,25:65,26:64,27:74,28:67,29:72,30:65,31:63,32:65,33:56,34:57,35:69,36:80,37:62,38:77,39:71,40:69,41:71,42:68,43:57,44:69,45:69,46:61,47:60,48:58,49:71,50:60
(0,105,21)92	2.436690813377848	1.0	3.436690813377848	3.446043209518058e-08	1:35,2:10,3:11,4:10,5:5,6:10,7:6,8:13,9:7,10:10,11:7,12:10,13:12,14:5,15:15,16:10,17:5,18:10,19:13,20:6,21:12,22:8,23:5,24:9,25:8,26:8,27:9,28:11,29:11,30:9,31:8,32:5,33:5,34:6,35:8,36:8,37:8,38:4,39:10,40:8,41:7,42:5,43:9,44:4,45:6,46:10,47:5,48:11,49:7,50:8
(0,(92)105)21	1.5797255362878706	2.0	3.579725536287871	1.6854845049680757e-08	1:24,2:10,3:5,4:6,6:3,7:3,8:5,9:4,10:7,11:4,12:5,13:4,14:4,15:5,16:3,17:2,18:8,19:3,20:5,21:2,22:2,23:3,24:5,25:3,26:7,27:6,28:5,29:6,30:6,31:3,32:5,33:3,34:4,35:5,36:2,37:4,38:5,39:3,40:5,41:2,42:5,43:7,44:1,45:11,46:1,47:3,48:7,49:5,50:5
((21)0,105)92	1.5980431684148464	2.0	3.598043168414846	1.537972363610523e-08	1:19,2:1,3:5,4:5,5:6,6:4,7:5,8:2,9:5,10:8,11:6,12:4,13:8,14:2,15:6,16:2,17:4,18:4,19:4,20:8,21:3,22:5,23:3,24:4,25:5,26:5,27:2,29:2,30:3,31:2,32:7,33:2,34:8,35:6,36:4,37:4,38:3,39:6,40:7,41:5,42:1,43:4,44:3,45:5,46:2,47:6,48:1,49:5,50:3
((0,92)105)21	1.6136374723892875	2.0	3.6136374723892875	1.4226102408913371e-08	1:11,2:5,3:3,4:4,5:6,6:4,7:5,8:2,9:4,10:2,11:10,12:2,13:2,14:2,15:5,16:4,17:2,18:6,19:3,20:2,21:5,22:5,23:7,24:2,25:6,26:2,27:5,28:5,29:6,30:4,31:2,33:7,34:3,35:3,36:3,37:2,38:4,39:4,40:3,41:4,42:2,43:2,44:8,45:2,46:2,47:3,48:4,49:7,50:3
((0,105)21)92	1.6288259436181567	2.0	3.628825943618157	1.3185742323875083e-08	1:14,2:2,3:4,4:4,5:4,6:7,7:4,8:5,9:8,10:5,11:3,12:3,13:5,14:7,15:4,16:4,17:2,18:2,19:5,20:2,21:5,22:4,23:4,24:2,25:2,26:6,27:5,28:3,29:4,30:3,31:2,32:3,33:3,34:4,35:6,36:8,37:3,38:6,39:3,40:2,41:2,42:4,43:11,44:5,45:7,46:3,47:2,48:5,49:3,50:4
(0,(105)21)92	1.7439233377584542	2.0	3.743923337758454	7.416069116630663e-09	1:17,3:7,4:7,5:1,6:4,7:2,8:3,9:5,10:4,11:2,12:6,13:1,14:3,15:4,16:6,17:5,18:4,19:6,20:7,21:4,22:3,23:2,24:6,25:8,26:5,27:2,28:5,29:9,30:2,31:3,32:6,33:7,34:6,35:1,36:5,37:7,38:3,39:4,40:5,41:2,42:4,43:6,44:6,45:6,46:4,47:1,48:5,49:4,50:2
((0)105,92)21	1.750303319427807	2.0	3.750303319427807	7.183230698066394e-09	1:19,2:8,3:3,4:3,5:5,6:3,7:4,8:7,9:4,10:1,11:4,12:5,13:7,14:2,15:5,16:7,17:3,18:5,19:7,20:5,21:7,22:4,23:7,24:4,25:7,26:3,27:6,28:6,29:4,30:4,31:5,32:7,33:1,34:8,35:5,36:5,37:2,38:4,39:4,40:6,41:5,42:6,43:3,44:3,45:4,46:4,47:6,48:5,49:4,50:4
(105,(0)92)21	1.750503319427807	2.0	3.750503319427807	7.176051057786762e-09	1:17,2:19,3:3,5:2,6:3,7:3,8:5,9:1,10:4,11:8,12:9,13:8,14:1,15:2,16:8,17:4,18:3,19:4,20:5,21:7,22:3,23:5,24:6,25:3,26:6,27:4,28:4,29:3,30:3,31:6,32:4,33:2,34:4,35:3,36:4,37:3,38:3,39:6,40:7,41:5,42:2,43:3,44:4,45:5,46:2,47:9,49:3,50:1
((105)0,21)92	1.7982360779407063	2.0	3.7982360779407065	5.652429468957052e-09	1:18,2:7,3:9,4:3,5:3,6:5,7:8,8:5,9:6,10:4,11:3,12:3,13:6,14:3,15:3,16:4,17:2,18:3,19:8,20:2,21:3,22:3,23:7,24:9,25:1,26:2,27:2,28:5,29:4,30:3,31:5,32:5,33:5,34:3,35:3,36:4,38:3,39:3,40:2,41:3,42:3,43:2,44:6,45:3,46:7,47:8,48:6,49:3
(((21)105)0)92	0.8919840770051907	3.0	3.8919840770051906	3.5372353658134287e-09	1:4,2:2,3:1,4:3,5:4,6:1,7:2,9:3,11:1,13:1,15:1,16:2,17:2,18:2,19:2,20:3,21:3,22:3,23:1,24:2,25:3,27:1,28:2,30:2,32:2,33:1,34:2,36:1,37:1,38:1,39:1,40:1,41:1,42:3,43:2,44:2,45:1,46:5,47:1,48:2
(((0)105)92)21	0.9243860048947135	3.0	3.9243860048947132	3.0081817078949376e-09	1:9,2:37,3:66,4:68,5:66,6:64,7:66,8:70,9:60,10:58,11:73,12:58,13:54,14:73,15:71,16:57,17:65,18:79,19:67,20:66,21:53,22:58,23:71,24:70,25:64,26:65,27:72,28:61,29:60,30:74,31:63,32:69,33:66,34:82,35:68,36:53,37:73,38:57,39:59,40:68,41:55,42:53,43:77,44:68,45:59,46:55,47:66,48:65,49:67,50:74
(((21)92)105)0	0.9408844843354767	3.0	3.9408844843354767	2.7699891833644152e-09	1:5,2:1,3:1,4:1,5:1,6:1,8:2,9:1,10:2,11:1,13:3,16:1,17:1,18:1,20:1,21:1,22:1,24:2,25:2,27:1,28:4,29:1,30:2,31:3,32:2,33:2,34:1,35:2,36:2,37:1,40:1,41:3,42:3,43:3,44:3,45:1,46:1,47:3,48:1,49:2,50:3
(((105)0)21)92	0.9877845909451636	3.0	3.9877845909451635	2.190966744393898e-09	1:9,2:2,3:1,4:3,5:5,6:2,7:1,8:2,9:3,10:3,11:2,13:6,14:1,15:1,16:1,17:3,18:2,19:4,20:4,21:1,22:5,23:6,24:4,25:6,26:3,27:1,28:3,29:3,30:5,31:2,32:2,33:2,34:1,35:2,36:5,37:1,38:2,39:3,40:2,41:1,42:3,44:2,45:2,46:2,47:1,48:1,49:2,50:3
(((92)0)105)21	1.035096234039863	3.0	4.035096234039863	1.7294175348263945e-09	1:8,2:1,3:1,4:3,5:2,6:4,7:5,8:1,9:1,10:4,11:1,12:1,13:2,14:2,15:2,16:3,17:5,18:2,19:1,20:1,21:3,22:1,23:2,25:3,26:3,27:2,28:2,29:4,30:3,31:1,32:4,33:5,34:2,35:6,36:4,37:2,38:1,39:5,40:4,41:4,43:2,44:1,45:3,46:3,47:2,48:3,49:2,50:1
(0,105,92)21	2.6271777861423846	2.0	4.627177786142385	8.95800093555093e-11	1:33,2:9,3:5,4:9,5:12,6:4,7:11,8:9,9:11,10:9,11:9,12:11,13:10,14:12,15:8,16:11,17:7,18:6,19:12,20:14,21:7,22:11,23:12,24:9,25:5,26:15,27:10,28:8,29:12,30:13,31:9,32:9,33:9,34:10,35:8,36:10,37:10,38:4,39:10,40:6,41:6,42:7,43:5,44:5,45:8,46:5,47:13,48:12,49:11,50:10
((21,92)105)0	1.6809021036653349	3.0	4.680902103665335	6.847786796100903e-11	1:11,2:2,3:4,4:5,5:2,6:4,7:6,8:3,9:4,10:9,11:4,12:5,13:3,14:7,15:3,16:5,17:5,18:5,19:7,20:3,21:6,22:5,23:6,24:7,25:3,26:4,27:6,28:1,29:4,30:2,31:5,32:1,33:6,34:2,35:2,36:5,37:10,38:5,39:6,40:3,41:9,42:5,43:4,44:5,45:6,46:3,47:1,48:5,49:2,50:2
((0,105)92)21	1.6813125256330799	3.0	4.68131252563308	6.833748794130435e-11	1:25,2:10,3:4,4:2,5:4,6:4,7:7,8:5,9:2,11:4,12:2,13:4,14:7,15:2,16:2,17:4,18:2,19:6,20:5,21:2,22:5,23:3,24:1,25:4,26:2,27:3,28:4,29:3,30:2,31:5,32:1,33:4,34:5,35:4,36:8,37:1,38:3,39:4,40:5,41:8,42:8,43:1,44:4,45:7,46:3,47:4,48:3,49:3,50:3
((92)105,21)0	1.6983017429184954	3.0	4.6983017429184954	6.277220634192134e-11	1:15,2:5,3:3,4:6,5:4,6:2,7:2,8:5,9:5,10:5,11:6,12:2,13:3,14:2,15:5,16:4,17:2,18:8,19:9,20:6,21:6,22:1,23:9,24:5,25:3,26:3,27:2,28:3,29:3,30:3,31:3,32:7,34:5,35:7,36:3,37:4,38:4,39:5,40:4,41:4,42:6,43:2,44:2,45:5,46:6,47:2,48:3,49:2,50:5
((105,21)0)92	1.6985017429184954	3.0	4.698501742918495	6.270946551122332e-11	1:17,2:4,3:5,4:2,5:2,6:1,7:6,8:4,9:4,10:4,11:4,12:1,13:1,14:7,15:6,16:6,17:4,18:3,19:1,20:1,21:6,22:1,23:2,24:1,25:4,26:4,27:4,28:5,29:5,30:5,31:4,32:8,33:6,34:6,35:6,36:2,37:5,38:4,39:3,40:8,41:4,42:4,43:3,44:6,45:6,46:5,47:4,48:2,49:4,50:3
(0,(105)92)21	1.7628018386733795	3.0	4.762801838673379	4.546814280326271e-11	1:26,2:8,3:9,4:4,5:6,6:8,7:6,8:4,9:5,10:3,11:4,12:4,13:8,14:6,15:2,16:2,17:4,18:4,19:3,20:4,21:2,22:7,23:8,24:5,25:1,26:6,27:4,28:5,29:5,30:4,31:5,32:3,33:4,34:4,35:3,36:5,37:5,38:9,39:4,40:3,41:4,42:7,43:2,44:6,45:1,46:3,47:5,48:5,49:6,50:4
((92)0,105)21	1.7773504335047952	3.0	4.777350433504795	4.227808845459262e-11	1:22,2:6,3:6,4:5,5:3,6:6,7:3,8:5,9:3,10:3,11:4,12:4,13:4,14:4,15:2,16:4,17:7,18:5,19:4,20:4,21:6,22:5,23:2,24:1,25:3,26:5,27:2,28:3,30:2,31:6,32:8,33:3,34:5,35:5,36:3,37:3,38:2,39:6,40:3,41:5,42:3,43:4,44:6,45:3,46:9,47:3,48:4,49:4,50:4
((21)105,92)0	1.8031503514682297	3.0	4.803150351468229	3.716135430756644e-11	1:24,2:3,3:5,4:7,5:3,6:11,7:4,8:3,9:4,10:9,11:3,12:2,13:6,14:6,15:3,16:5,17:4,18:3,19:3,20:4,21:3,22:4,23:4,24:2,25:6,26:5,27:4,28:7,30:7,31:3,32:3,33:5,34:1,35:5,36:8,37:6,38:5,39:5,40:4,41:3,42:1,43:3,44:6,45:5,46:4,47:4,48:4,49:2,50:2
(105,(21)92)0	1.8522507587985158	3.0	4.852250758798515	2.9071761909497796e-11	1:18,2:17,3:5,4:5,5:3,6:2,7:3,8:4,9:4,10:4,11:6,12:5,13:2,14:11,15:6,16:5,17:6,19:5,20:5,21:6,22:5,23:3,24:6,25:4,26:3,27:3,28:4,29:4,30:7,31:6,32:4,33:1,34:10,35:3,36:4,37:7,38:7,39:7,40:6,41:2,42:5,43:5,44:2,45:3,46:1,47:5,48:8,49:2,50:7
(((21)105)92)0	0.9141567946227553	4.0	4.914156794622755	2.1332615438707784e-11	1:6,2:4,3:4,4:6,5:6,6:1,8:7,9:6,10:6,11:7,12:7,13:2,15:9,16:7,17:5,18:8,19:2,20:6,21:10,22:3,23:3,24:7,25:5,26:5,27:6,28:2,29:9,30:7,31:5,32:6,33:3,34:12,35:4,36:3,37:8,38:9,39:5,40:5,41:7,42:4,43:7,44:7,45:13,46:8,47:3,48:3,49:5,50:10
((105)0,92)21	1.9380540182727395	3.0	4.938054018272739	1.8930057913463376e-11	1:17,2:7,3:4,4:5,5:4,6:5,7:8,8:4,9:3,10:5,11:4,12:1,13:6,14:5,15:5,16:3,17:7,18:3,19:6,20:4,21:3,22:4,23:4,24:4,25:7,26:3,27:5,28:3,29:1,30:7,31:2,32:2,33:6,34:2,35:5,36:2,37:2,38:5,39:4,40:5,41:6,42:3,43:5,44:3,45:3,46:3,47:4,48:2,49:5,50:3
(((92)105)0)21	0.9386841836148776	4.0	4.938684183614877	1.8870506448794874e-11	1:3,2:3,3:2,4:3,5:2,6:3,7:1,8:2,9:1,12:1,14:1,16:3,17:6,19:1,22:2,24:1,26:1,27:1,28:2,29:1,30:1,31:2,33:1,34:4,35:2,37:2,38:2,39:2,40:3,41:1,43:1,45:3,46:2,47:2,48:1,49:2
(((105)21)0)92	0.9622560870935876	4.0	4.9622560870935875	1.677250067099573e-11	1:10,4:1,5:1,7:4,8:2,9:2,12:2,13:2,14:2,15:1,16:1,18:1,20:3,21:1,22:1,24:3,25:2,26:1,27:5,29:2,30:2,31:1,32:2,33:5,34:2,35:2,36:3,37:2,38:1,39:2,41:5,42:3,43:3,44:2,45:1,46:1,47:2,48:1,49:1,50:3
(((92)21)105)0	1.0996381844940735	4.0	5.099638184494074	8.438716245778334e-12	1:11,2:2,3:2,4:3,6:3,8:1,10:1,11:3,12:3,13:1,14:1,15:3,16:1,17:1,18:1,19:1,21:1,22:2,23:1,24:1,25:1,27:3,28:5,29:2,30:2,33:1,34:1,35:1,36:1,37:1,38:1,39:1,40:2,41:2,42:1,43:2,44:2,45:1,49:1
(((105)0)92)21	1.0998381844940734	4.0	5.0998381844940734	8.430281747484597e-12	1:12,2:4,3:2,4:8,5:9,6:6,7:6,8:2,9:3,10:4,11:4,12:6,13:9,14:7,15:3,16:5,17:4,18:10,19:5,20:6,21:6,22:5,23:5,24:3,25:4,26:10,27:7,28:8,29:6,30:5,31:3,32:7,33:10,34:6,35:3,36:4,37:6,38:4,39:4,40:7,41:6,42:6,43:4,44:17,45:3,46:6,47:7,48:5,49:5,50:9
(105,21,92)0	2.7346840621907313	3.0	5.734684062190731	3.5260769169791634e-13	1:38,2:7,3:5,4:4,5:12,6:5,7:6,8:9,9:9,10:6,11:7,12:8,13:8,14:16,15:11,16:9,17:5,18:8,19:2,20:8,21:4,22:9,23:7,24:11,25:15,26:10,27:12,28:12,29:10,30:6,31:2,32:7,33:8,34:10,35:12,36:6,37:10,38:7,39:5,40:9,41:5,42:11,43:12,44:11,45:7,46:8,47:9,48:13,49:8,50:9
((105,21)92)0	1.7377503044484266	4.0	5.737750304448427	3.4724301723179957e-13	1:10,2:9,3:4,4:2,5:5,6:4,7:4,8:5,9:2,10:2,11:3,12:1,13:1,14:2,15:6,16:3,17:7,18:1,19:4,20:6,21:1,22:3,23:1,24:2,25:3,26:3,27:4,28:3,29:3,30:2,31:1,32:6,33:1,34:2,35:7,36:4,37:5,38:1,41:3,42:3,43:4,44:5,45:1,46:3,48:4,49:6,50:1
(21,(105)92)0	1.84897110107197	4.0	5.84897110107197	1.9912263467201728e-13	1:26,2:17,3:3,4:6,5:6,6:10,7:3,8:6,9:5,10:4,11:8,12:4,13:1,14:3,15:5,16:2,17:6,18:5,19:4,20:5,21:2,22:3,23:7,24:7,25:2,26:4,27:4,28:7,29:7,30:4,31:6,32:5,33:3,34:7,35:5,36:9,37:5,38:5,39:7,40:1,41:8,42:1,43:1,44:4,45:7,46:8,47:5,48:5,49:3,50:5
((105,92)0)21	1.8500504580779167	4.0	5.8500504580779165	1.9805090716082937e-13	1:17,2:6,3:5,4:8,5:6,6:5,7:3,8:7,9:5,10:8,11:8,12:5,13:6,14:3,15:2,16:5,17:7,18:3,19:4,20:6,21:4,22:5,23:4,24:6,25:6,26:6,27:5,28:7,29:5,30:5,31:8,32:5,33:8,34:4,35:5,36:3,37:3,38:6,39:4,40:7,41:9,42:6,43:6,44:4,45:5,46:3,47:3,48:4,49:6,50:6
(105,(92)21)0	1.9061558504073781	4.0	5.906155850407378	1.4960479884604554e-13	1:26,2:3,3:9,4:1,5:7,6:5,7:1,8:2,9:4,10:3,11:4,12:6,13:3,14:5,15:2,16:2,17:2,18:6,19:2,20:3,21:3,22:2,23:8,24:7,25:1,26:1,27:2,28:2,29:7,30:3,31:5,32:1,33:4,34:6,35:5,36:3,37:7,38:4,39:2,40:5,41:4,42:3,43:5,44:6,45:6,46:7,47:3,48:3,49:3,50:2
(((105)92)0)21	0.9610569012324423	5.0	5.961056901232443	1.1369186937541045e-13	1:5,2:1,4:3,5:1,7:3,11:3,13:4,14:1,17:2,18:4,19:2,21:3,22:2,23:1,25:4,26:2,27:2,28:2,30:4,31:1,33:1,34:1,35:1,36:1,37:1,39:2,41:2,42:1,43:1,44:3,45:2,46:1,47:1,48:1,50:2
(((92)105)21)0	0.9620560870935876	5.0	5.962056087093588	1.1312528930880805e-13	1:6,2:1,3:4,4:4,6:2,7:3,8:1,9:2,11:3,12:3,14:3,15:3,16:3,17:3,18:4,20:2,21:1,22:1,23:5,24:2,27:4,28:2,29:3,30:4,31:2,32:5,33:3,34:4,35:3,36:2,37:2,39:4,40:6,42:3,43:7,44:4,45:2,46:6,47:6,48:2,49:2,50:1
((105)21,92)0	1.9699105404890778	4.0	5.969910540489078	1.0876870905563766e-13	1:28,2:10,3:7,4:5,5:7,6:5,7:4,8:7,9:2,10:2,11:4,12:3,13:5,14:6,15:4,16:10,17:1,18:7,19:6,20:2,21:7,22:8,23:8,24:6,25:7,26:4,27:6,28:5,29:4,30:6,31:4,32:3,33:2,34:8,35:2,36:7,37:9,38:8,39:5,40:7,41:9,42:4,43:5,44:6,45:6,46:1,47:1,48:7,49:3,50:7
(((105)21)92)0	1.084196641370149	5.0	6.0841966413701485	6.142354238071207e-14	1:7,2:34,3:58,4:45,5:70,6:65,7:61,8:54,9:78,10:58,11:66,12:77,13:60,14:71,15:75,16:59,17:81,18:55,19:60,20:47,21:51,22:64,23:67,24:57,25:58,26:78,27:57,28:55,29:71,30:63,31:61,32:74,33:55,34:68,35:63,36:73,37:58,38:78,39:69,40:71,41:64,42:54,43:55,44:76,45:61,46:70,47:61,48:69,49:67,50:50
((105,92)21)0	1.8748880696984562	5.0	6.874888069698456	1.1786103163270963e-15	1:12,2:3,3:2,4:3,5:6,6:1,7:3,8:2,9:5,10:2,11:3,12:7,13:5,14:6,15:3,16:6,17:3,18:6,19:4,20:2,21:5,22:4,23:4,24:5,25:8,26:3,27:4,28:4,29:2,30:3,31:6,32:1,33:3,34:5,35:2,36:3,37:6,38:3,39:5,40:4,41:5,42:7,43:8,44:4,45:1,46:4,47:6,48:1,49:3,50:7
(((105)92)21)0	1.0489707551653626	6.0	7.048970755165363	4.935765177729597e-16	1:6,2:4,3:3,4:3,5:1,6:1,8:5,9:2,10:2,11:3,12:1,15:1,16:3,17:1,18:1,20:2,21:1,22:3,23:2,24:1,25:1,26:2,27:2,29:2,30:2,32:4,33:3,34:4,35:2,37:4,38:1,39:1,40:1,41:4,42:3,43:1,44:1,46:2,48:2,50:4
