# generation count = 50 
#
generation.index	generationHighestFitness	generationMedianFitness	populationHighestFitness	populationMedianFitness
1	0.6187818017205856	5.652429468957052e-09	0.6187818017205856	5.652429468957052e-09
2	0.6187818017205856	0.0023809146999005572	0.6187818017205856	1.5775919980566615e-07
3	0.6187818017205856	0.00019826951702655828	0.6187818017205856	4.2555263982608095e-06
4	0.6187818017205856	0.00024837047504884177	0.6187818017205856	3.602311629266767e-05
5	0.6187818017205856	0.00024837047504884177	0.6187818017205856	5.5001704770595606e-05
6	0.6187818017205856	0.0023809146999005572	0.6187818017205856	0.00014816855900427482
7	0.6187818017205856	0.0023809146999005572	0.6187818017205856	0.00014816855900427482
8	0.6187818017205856	0.0023809146999005572	0.6187818017205856	0.00014816855900427482
9	0.6187818017205856	0.00014816855900427482	0.6187818017205856	0.00014816855900427482
10	0.6187818017205856	0.0023809146999005572	0.6187818017205856	0.00014816855900427482
11	0.6187818017205856	0.0023809146999005572	0.6187818017205856	0.00014816855900427482
12	0.6187818017205856	0.00014816855900427482	0.6187818017205856	0.00014816855900427482
13	0.6187818017205856	0.00024837047504884177	0.6187818017205856	0.00014816855900427482
14	0.6187818017205856	0.0023809146999005572	0.6187818017205856	0.00014816855900427482
15	0.6187818017205856	0.00014816855900427482	0.6187818017205856	0.00014816855900427482
16	0.6187818017205856	0.0023809146999005572	0.6187818017205856	0.00014816855900427482
17	0.6187818017205856	0.0023809146999005572	0.6187818017205856	0.00014816855900427482
18	0.6187818017205856	0.00024837047504884177	0.6187818017205856	0.00014816855900427482
19	0.6187818017205856	0.0023809146999005572	0.6187818017205856	0.00014816855900427482
20	0.6187818017205856	0.0023809146999005572	0.6187818017205856	0.00014816855900427482
21	0.6187818017205856	0.00014816855900427482	0.6187818017205856	0.00014816855900427482
22	0.6187818017205856	0.0023809146999005572	0.6187818017205856	0.00014816855900427482
23	0.6187818017205856	0.00024837047504884177	0.6187818017205856	0.00014816855900427482
24	0.6187818017205856	0.0023809146999005572	0.6187818017205856	0.00014816855900427482
25	0.6187818017205856	0.00019826951702655828	0.6187818017205856	0.00014816855900427482
26	0.6187818017205856	0.00014816855900427482	0.6187818017205856	0.00014816855900427482
27	0.6187818017205856	0.0023809146999005572	0.6187818017205856	0.00014816855900427482
28	0.6187818017205856	0.0023809146999005572	0.6187818017205856	0.00014816855900427482
29	0.6187818017205856	0.00014816855900427482	0.6187818017205856	0.00014816855900427482
30	0.6187818017205856	0.00014816855900427482	0.6187818017205856	0.00014816855900427482
31	0.6187818017205856	0.0023809146999005572	0.6187818017205856	0.00014816855900427482
32	0.6187818017205856	0.0023809146999005572	0.6187818017205856	0.00014816855900427482
33	0.6187818017205856	0.0023809146999005572	0.6187818017205856	0.00014816855900427482
34	0.6187818017205856	0.00014816855900427482	0.6187818017205856	0.00014816855900427482
35	0.6187818017205856	0.0023809146999005572	0.6187818017205856	0.00014816855900427482
36	0.6187818017205856	0.00014816855900427482	0.6187818017205856	0.00014816855900427482
37	0.6187818017205856	0.00024837047504884177	0.6187818017205856	0.00014816855900427482
38	0.6187818017205856	0.00024837047504884177	0.6187818017205856	0.00014816855900427482
39	0.6187818017205856	0.0023809146999005572	0.6187818017205856	0.00024837047504884177
40	0.6187818017205856	0.00014816855900427482	0.6187818017205856	0.00014816855900427482
41	0.6187818017205856	0.0023809146999005572	0.6187818017205856	0.00024837047504884177
42	0.6187818017205856	0.00024837047504884177	0.6187818017205856	0.00024837047504884177
43	0.6187818017205856	0.00014816855900427482	0.6187818017205856	0.00024837047504884177
44	0.6187818017205856	0.00024837047504884177	0.6187818017205856	0.00024837047504884177
45	0.6187818017205856	0.00014816855900427482	0.6187818017205856	0.00024837047504884177
46	0.6187818017205856	0.0023809146999005572	0.6187818017205856	0.00024837047504884177
47	0.6187818017205856	0.0023809146999005572	0.6187818017205856	0.00024837047504884177
48	0.6187818017205856	0.00014816855900427482	0.6187818017205856	0.00024837047504884177
49	0.6187818017205856	0.0023809146999005572	0.6187818017205856	0.00024837047504884177
50	0.6187818017205856	0.00024837047504884177	0.6187818017205856	0.00024837047504884177
############################################################
Topology	MassCost	TopologyCost	Cost	Fitness	appearances(generationID:count)
(((0)21)92)105	0.09600051393997294	0.0	0.09600051393997294	0.6187818017205856	1:8,2:181,3:195,4:187,5:196,6:237,7:216,8:206,9:179,10:209,11:211,12:185,13:205,14:216,15:202,16:210,17:201,18:200,19:211,20:235,21:179,22:208,23:189,24:201,25:206,26:190,27:220,28:208,29:200,30:192,31:200,32:204,33:207,34:189,35:203,36:177,37:181,38:186,39:201,40:197,41:197,42:204,43:216,44:208,45:183,46:195,47:196,48:207,49:178,50:194
(21,(0)92)105	0.7893180266601442	0.0	0.7893180266601442	0.019320469808163012	1:24,2:28,3:13,4:5,5:7,6:9,7:9,8:8,9:5,10:8,11:12,12:7,13:7,14:11,15:8,16:7,17:8,18:5,19:4,20:3,21:9,22:9,23:7,24:7,25:11,26:11,27:8,28:13,29:4,30:12,31:4,32:4,33:10,34:13,35:7,36:12,37:6,38:13,39:5,40:11,41:9,42:4,43:10,44:4,45:10,46:5,47:6,48:7,49:8,50:9
(0,(21)92)105	0.8252665428966349	0.0	0.8252665428966349	0.016141967612671747	1:23,2:78,3:46,4:48,5:49,6:51,7:43,8:37,9:62,10:48,11:47,12:47,13:52,14:44,15:50,16:50,17:43,18:50,19:45,20:53,21:47,22:49,23:47,24:45,25:56,26:45,27:50,28:48,29:41,30:45,31:60,32:51,33:42,34:50,35:51,36:56,37:52,38:50,39:58,40:40,41:55,42:40,43:37,44:41,45:47,46:66,47:54,48:49,49:38,50:63
((0)21,92)105	0.8360181332698311	0.0	0.8360181332698311	0.01529712056977484	1:14,2:50,3:50,4:51,5:48,6:44,7:49,8:50,9:55,10:39,11:49,12:41,13:47,14:47,15:40,16:45,17:53,18:47,19:53,20:49,21:51,22:43,23:66,24:48,25:41,26:36,27:52,28:43,29:41,30:49,31:47,32:44,33:47,34:49,35:54,36:49,37:50,38:42,39:49,40:53,41:51,42:45,43:39,44:59,45:55,46:41,47:48,48:46,49:55,50:51
((0,21)92)105	0.9064520009355156	0.0	0.9064520009355156	0.010756339205466795	1:12,2:44,3:56,4:63,5:56,6:53,7:56,8:49,9:55,10:60,11:46,12:54,13:51,14:46,15:52,16:70,17:49,18:62,19:48,20:35,21:51,22:57,23:44,24:44,25:42,26:48,27:56,28:53,29:48,30:49,31:47,32:53,33:65,34:62,35:48,36:57,37:45,38:58,39:53,40:43,41:47,42:42,43:47,44:50,45:50,46:49,47:36,48:43,49:61,50:37
(((21)0)92)105	0.12478475027064907	1.0	1.1247847502706492	0.003610446784220991	1:4,2:65,3:70,4:82,5:71,6:55,7:72,8:77,9:71,10:84,11:78,12:73,13:73,14:88,15:71,16:66,17:84,18:70,19:75,20:78,21:81,22:81,23:67,24:94,25:83,26:94,27:71,28:74,29:89,30:85,31:74,32:96,33:84,34:74,35:94,36:82,37:85,38:84,39:95,40:63,41:86,42:78,43:74,44:66,45:80,46:80,47:79,48:73,49:96,50:76
(((0)92)21)105	0.20805410748888264	1.0	1.2080541074888826	0.0023809146999005572	1:8,2:58,3:60,4:57,5:69,6:78,7:64,8:74,9:63,10:62,11:69,12:63,13:62,14:58,15:57,16:54,17:76,18:64,19:69,20:68,21:65,22:76,23:74,24:63,25:56,26:57,27:70,28:64,29:57,30:60,31:75,32:57,33:68,34:53,35:57,36:55,37:77,38:64,39:55,40:64,41:73,42:77,43:66,44:62,45:71,46:67,47:89,48:49,49:69,50:67
(0,21,92)105	1.660117815096266	0.0	1.660117815096266	0.00024837047504884177	1:39,2:20,3:10,4:8,5:7,6:10,7:9,8:7,9:8,10:8,11:10,12:17,13:9,14:7,15:6,16:11,17:4,18:13,19:10,20:5,21:10,22:8,23:10,24:11,25:5,26:8,27:6,28:15,29:13,30:4,31:5,32:16,33:8,34:5,35:5,36:10,37:5,38:9,39:5,40:8,41:8,42:11,43:5,44:12,45:1,46:13,47:10,48:7,49:5,50:10
(((0)21)105)92	0.7634320040155177	1.0	1.7634320040155176	0.00014816855900427482	1:6,2:45,3:63,4:55,5:71,6:64,7:69,8:75,9:75,10:73,11:72,12:77,13:65,14:47,15:69,16:68,17:61,18:64,19:56,20:60,21:78,22:72,23:68,24:66,25:70,26:67,27:70,28:57,29:65,30:79,31:57,32:57,33:66,34:64,35:48,36:63,37:64,38:65,39:54,40:72,41:61,42:66,43:71,44:63,45:65,46:63,47:58,48:80,49:61,50:57
((21)0,92)105	0.900750885836998	1.0	1.900750885836998	7.457133087933859e-05	1:24,2:17,3:7,4:14,5:10,6:9,7:11,8:8,9:5,10:7,11:7,12:6,13:9,14:14,15:7,16:10,17:10,18:4,19:9,20:10,21:4,22:8,23:11,24:6,25:10,26:6,27:12,28:7,29:7,30:10,31:16,32:9,33:2,34:12,35:9,36:12,37:10,38:12,39:7,40:8,41:10,42:3,43:12,44:7,45:8,46:9,47:10,48:8,49:9,50:11
((92)0,21)105	0.9616292754766306	1.0	1.9616292754766307	5.5001704770595606e-05	1:21,2:8,3:2,4:10,5:6,6:6,7:8,8:11,9:7,10:10,11:4,12:6,13:2,14:7,15:11,16:11,17:5,18:1,19:9,20:6,21:7,22:7,23:9,24:5,25:7,26:7,27:7,28:6,29:4,30:5,31:7,32:15,33:6,34:11,35:16,36:5,37:6,38:5,39:6,40:5,41:2,42:5,43:4,44:9,45:7,46:6,47:3,48:2,49:5,50:6
(0,(92)21)105	0.9718584857485887	1.0	1.9718584857485886	5.225931378517976e-05	1:20,2:13,3:8,4:6,5:5,6:9,7:6,8:6,9:6,10:10,11:3,12:6,13:7,14:5,15:6,16:6,17:1,18:3,19:6,20:8,21:8,22:9,23:5,24:6,25:4,26:9,27:5,28:7,29:7,30:3,31:5,32:3,33:2,34:7,35:1,36:6,37:10,38:2,39:9,40:6,41:6,42:8,43:6,44:4,45:5,46:9,47:6,48:2,49:2,50:6
((0,92)21)105	1.0462699412675487	1.0	2.046269941267549	3.602311629266767e-05	1:9,2:17,3:15,4:10,5:11,6:5,7:11,8:8,9:6,10:10,11:8,12:7,13:10,14:11,15:8,16:10,17:17,18:12,19:13,20:12,21:12,22:6,23:10,24:11,25:14,26:18,27:6,28:4,29:8,30:7,31:11,32:7,33:10,34:11,35:14,36:16,37:12,38:10,39:10,40:11,41:9,42:16,43:8,44:14,45:9,46:10,47:9,48:8,49:12,50:11
(((92)0)21)105	0.24452500382661146	2.0	2.2445250038266114	1.3368290724250908e-05	1:5,2:10,3:12,4:13,5:11,6:4,7:14,8:12,9:8,10:8,11:9,12:2,13:7,14:7,15:5,16:7,17:9,18:6,19:15,20:8,21:9,22:7,23:11,24:9,25:13,26:9,27:8,28:12,29:12,30:9,31:8,32:5,33:8,34:22,35:9,36:8,37:4,38:10,39:10,40:6,41:5,42:13,43:14,44:12,45:12,46:8,47:9,48:7,49:16,50:10
(((21)92)0)105	0.24672530454721053	2.0	2.2467253045472106	1.3222025469785723e-05	1:4,2:7,3:7,4:8,5:7,6:8,7:10,8:12,9:8,10:7,11:7,12:7,13:8,14:7,15:7,16:2,17:6,18:6,19:2,20:4,21:8,22:5,23:5,24:9,25:6,26:9,27:9,28:4,29:6,30:4,31:6,32:10,33:3,34:8,35:7,36:8,37:5,38:4,39:4,40:6,41:5,42:6,43:5,44:5,45:8,46:5,47:9,48:10,49:8,50:3
(0,(21)105)92	1.4734584181441972	1.0	2.4734584181441974	4.2555263982608095e-06	1:25,2:3,3:6,4:6,5:10,6:4,7:5,8:4,9:6,10:6,11:6,12:5,13:3,14:2,15:3,16:6,17:10,18:3,19:3,20:4,21:3,22:8,23:9,24:3,25:3,26:5,27:3,28:5,29:4,30:3,31:8,32:7,33:5,34:1,35:7,36:3,37:6,38:4,39:2,40:6,41:4,42:6,43:3,44:1,45:6,46:3,47:5,48:2,49:4,50:5
((0,21)105)92	1.480536275665537	1.0	2.480536275665537	4.107560005703549e-06	1:10,2:2,3:3,4:6,5:3,6:2,7:8,8:3,9:2,10:2,11:1,12:2,13:3,14:3,15:5,16:3,17:3,18:3,19:5,20:5,21:2,22:1,23:4,24:2,25:3,26:2,28:5,29:2,30:4,31:2,32:5,33:5,35:4,36:6,37:5,38:3,40:3,41:9,42:4,43:5,44:4,45:2,46:2,47:4,48:5,49:2,50:6
((0)105,21)92	1.540125407231502	1.0	2.540125407231502	3.049212991677224e-06	1:23,2:10,3:4,4:3,5:3,6:2,7:2,8:4,9:5,10:4,11:10,12:5,13:11,14:3,15:3,16:6,17:4,18:5,19:2,20:4,21:3,22:7,23:4,24:9,25:2,26:1,27:4,28:5,29:6,30:4,31:2,32:5,33:3,34:4,35:11,36:2,37:1,38:1,39:6,40:5,41:7,42:4,43:5,44:2,45:2,46:7,47:4,48:6,49:5,50:4
(105,(0)21)92	1.587025513841189	1.0	2.587025513841189	2.4118232307406568e-06	1:19,2:9,3:5,5:6,6:12,7:6,8:11,9:9,10:1,11:3,12:4,13:3,14:4,16:3,17:6,18:3,19:6,20:1,21:3,22:6,23:2,24:6,25:3,26:2,27:5,28:6,29:5,30:7,31:5,32:5,33:3,34:6,35:3,36:3,37:4,38:8,39:4,40:1,41:4,42:1,43:3,44:4,45:10,46:7,47:2,48:5,49:1,50:8
(((0)92)105)21	0.8376713368229385	2.0	2.8376713368229387	6.887712085676423e-07	1:1,2:2,3:1,5:1,6:2,9:3,10:1,12:1,13:3,14:1,15:5,16:1,17:1,18:4,20:1,22:2,24:4,25:2,26:2,28:1,29:3,31:2,32:1,33:2,36:2,38:3,39:3,40:1,41:3,43:4,44:2,45:2,46:1,47:1,48:2,49:2
(((21)0)105)92	0.8411166476764799	2.0	2.84111664767648	6.770076675096458e-07	1:4,2:3,3:5,4:8,5:6,6:5,7:4,8:9,9:1,10:5,11:6,12:6,13:6,14:7,15:3,16:4,17:9,18:13,19:5,20:9,21:4,22:5,23:3,24:5,25:4,26:5,27:4,28:3,29:4,30:2,31:5,32:5,33:6,34:2,35:6,36:3,37:10,38:3,39:6,40:9,41:2,42:9,43:2,44:2,45:3,46:10,47:6,48:8,49:4,50:6
(((0)105)21)92	0.8865717441532245	2.0	2.8865717441532244	5.393728718152367e-07	1:6,3:3,4:1,5:1,6:2,7:3,8:2,9:1,10:1,11:4,12:3,13:2,14:1,16:1,17:1,18:1,19:7,20:1,21:1,22:2,23:1,26:2,28:4,30:2,31:3,33:2,35:1,36:1,37:3,38:4,40:2,41:3,42:1,43:1,46:3,48:1,49:1
((21,92)0)105	1.1324392036661393	2.0	3.1324392036661393	1.5775919980566615e-07	1:13,2:9,3:17,4:14,5:17,6:5,7:18,8:12,9:15,10:11,11:10,12:15,13:12,14:16,15:15,16:13,17:9,18:25,19:9,20:12,21:13,22:11,23:12,24:13,25:11,26:11,27:17,28:15,29:14,30:11,31:17,32:7,33:14,34:9,35:12,36:14,37:9,38:18,39:15,40:10,41:7,42:12,43:7,44:13,45:14,46:14,47:15,48:18,49:13,50:13
(((92)21)0)105	0.33243885775953175	3.0	3.3324388577595316	5.8036466640062115e-08	1:5,2:45,3:74,4:65,5:56,6:60,7:62,8:50,9:71,10:72,11:52,12:72,13:65,14:65,15:67,16:80,17:65,18:57,19:75,20:54,21:72,22:56,23:75,24:63,25:76,26:72,27:58,28:56,29:67,30:75,31:69,32:69,33:55,34:69,35:72,36:62,37:79,38:68,39:67,40:64,41:65,42:62,43:71,44:64,45:78,46:61,47:66,48:72,49:64,50:64
(0,105,21)92	2.436690813377848	1.0	3.436690813377848	3.446043209518058e-08	1:35,2:8,3:5,4:8,5:5,6:5,7:14,8:9,9:6,10:9,11:8,12:12,13:11,14:8,15:8,16:9,17:6,18:7,19:7,20:10,21:10,22:8,23:7,24:7,25:8,26:9,27:5,28:7,29:11,30:8,31:9,32:7,33:9,34:6,35:6,36:5,37:11,38:9,39:6,40:8,41:7,42:8,43:11,44:7,45:4,46:7,47:6,48:7,49:10,50:7
(0,(92)105)21	1.5797255362878706	2.0	3.579725536287871	1.6854845049680757e-08	1:27,2:1,3:2,4:7,5:3,6:6,7:3,9:2,10:3,11:4,12:3,13:8,14:6,15:7,16:3,17:2,18:5,19:1,20:2,21:2,22:5,23:5,24:8,25:3,26:4,27:2,28:5,29:3,30:1,31:2,32:3,33:7,34:1,35:3,36:3,37:6,38:5,39:8,40:3,41:5,42:4,43:2,44:4,45:5,46:6,47:5,48:3,49:5,50:6
((21)0,105)92	1.5980431684148464	2.0	3.598043168414846	1.537972363610523e-08	1:14,2:2,3:3,4:3,5:8,6:6,7:2,8:8,9:13,10:2,11:8,12:7,13:5,14:2,15:2,16:7,17:3,18:2,19:5,20:4,21:7,22:4,23:10,24:7,25:4,26:5,27:6,28:5,29:7,30:4,31:4,32:5,33:4,34:4,35:5,36:6,37:5,38:4,39:9,40:2,41:7,42:3,43:3,44:2,45:2,46:6,47:3,48:3,49:3,50:8
((0,92)105)21	1.6136374723892875	2.0	3.6136374723892875	1.4226102408913371e-08	1:15,2:4,3:6,4:2,5:4,6:1,7:7,8:3,9:5,10:4,11:2,12:3,13:2,14:6,15:4,16:2,17:4,18:3,19:5,20:6,21:4,22:4,23:4,24:2,25:7,26:1,27:3,28:1,29:3,30:2,31:3,32:5,33:5,34:3,35:2,36:1,37:3,38:6,39:2,40:5,41:2,42:4,43:2,44:1,45:1,46:4,47:3,48:4,49:6,50:1
((0,105)21)92	1.6288259436181567	2.0	3.628825943618157	1.3185742323875083e-08	1:10,2:3,3:2,4:4,5:4,6:2,7:3,8:1,9:5,10:6,11:4,12:3,13:2,14:2,15:3,16:2,17:5,18:5,19:3,20:1,21:3,22:6,23:2,24:5,25:5,26:1,27:5,28:2,29:4,30:3,31:3,32:4,33:2,34:4,35:3,36:5,37:3,38:4,39:1,41:3,42:6,43:1,44:2,45:5,46:1,47:4,48:5,49:2,50:4
(0,(105)21)92	1.7439233377584542	2.0	3.743923337758454	7.416069116630663e-09	1:20,2:10,3:6,4:2,5:7,6:5,7:3,8:6,9:5,10:3,11:3,12:4,13:7,14:4,15:5,16:2,17:6,18:5,19:5,20:3,21:5,23:6,24:3,25:5,26:8,27:5,28:3,29:6,30:5,31:2,32:5,33:6,34:4,35:6,36:6,37:5,38:2,40:7,41:5,42:7,43:5,44:3,45:6,46:10,47:5,48:3,49:6,50:4
((0)105,92)21	1.750303319427807	2.0	3.750303319427807	7.183230698066394e-09	1:18,2:5,3:5,4:5,5:6,6:5,7:4,8:2,9:1,10:3,11:8,12:4,13:2,14:4,15:2,16:4,17:12,18:4,19:1,20:3,21:3,22:3,23:4,24:3,25:6,26:6,27:4,28:5,29:1,30:4,31:8,32:7,33:3,34:2,35:2,36:5,37:10,38:6,39:6,40:4,41:1,42:4,43:9,44:7,45:3,46:2,47:5,48:2,49:8,50:7
(105,(0)92)21	1.750503319427807	2.0	3.750503319427807	7.176051057786762e-09	1:23,2:12,3:9,4:5,5:4,6:1,7:5,8:4,9:2,10:8,11:5,12:7,13:4,14:2,15:8,16:8,17:6,18:1,19:4,20:3,21:1,22:5,23:5,24:2,25:4,26:6,27:4,28:2,29:2,30:4,31:8,32:2,33:7,34:3,35:2,36:3,37:6,38:5,39:8,40:6,41:1,42:5,43:6,44:8,45:4,46:3,47:1,48:1,49:3,50:3
((105)0,21)92	1.7982360779407063	2.0	3.7982360779407065	5.652429468957052e-09	1:18,2:4,3:2,4:4,5:4,6:3,7:2,8:4,9:2,10:4,11:7,12:2,13:7,14:7,15:5,16:5,17:1,18:7,19:5,20:5,21:6,22:3,23:5,24:7,25:7,26:5,27:5,28:8,29:6,30:1,31:3,32:5,33:6,34:4,35:5,36:3,37:3,38:2,39:1,40:4,41:5,42:7,43:3,44:4,45:2,46:3,47:4,48:4,50:7
(((21)105)0)92	0.8919840770051907	3.0	3.8919840770051906	3.5372353658134287e-09	1:5,2:4,3:3,4:1,6:2,7:1,9:1,10:1,11:1,12:1,13:1,14:2,15:1,18:1,19:2,23:1,24:2,25:1,28:2,30:2,31:2,32:1,34:1,36:2,37:1,38:1,39:2,40:1,41:4,42:3,43:1,44:1,45:1,47:1,48:1,49:2
(((0)105)92)21	0.9243860048947135	3.0	3.9243860048947132	3.0081817078949376e-09	1:7,2:48,3:64,4:58,5:64,6:54,7:51,8:61,9:68,10:55,11:75,12:83,13:69,14:64,15:72,16:58,17:53,18:72,19:54,20:63,21:60,22:54,23:62,24:61,25:61,26:71,27:52,28:70,29:63,30:81,31:53,32:63,33:58,34:63,35:58,36:59,37:70,38:70,39:53,40:72,41:49,42:56,43:60,44:75,45:66,46:61,47:74,48:59,49:59,50:75
(((21)92)105)0	0.9408844843354767	3.0	3.9408844843354767	2.7699891833644152e-09	1:8,2:3,3:1,5:1,6:5,8:1,9:6,10:1,12:1,13:2,15:2,17:1,18:5,20:1,21:1,23:2,25:1,26:1,27:3,29:2,30:4,31:2,32:1,33:3,35:3,36:2,38:1,41:3,42:2,44:2,48:1,50:1
(((105)0)21)92	0.9877845909451636	3.0	3.9877845909451635	2.190966744393898e-09	1:4,2:1,3:2,4:3,5:2,6:1,7:3,8:2,10:3,13:2,14:4,15:5,16:2,17:2,18:3,19:1,21:5,22:5,24:3,26:3,28:5,29:2,30:1,31:1,32:2,33:2,34:4,35:3,36:8,38:2,39:3,40:1,41:2,42:2,43:3,44:2,45:6,46:2,47:2,48:2,49:2,50:1
(((92)0)105)21	1.035096234039863	3.0	4.035096234039863	1.7294175348263945e-09	1:7,2:1,3:1,4:2,5:3,6:4,7:1,8:1,9:2,11:2,12:1,13:3,14:2,15:2,16:3,17:5,18:1,19:4,20:3,22:3,23:3,24:3,25:2,26:4,27:2,28:3,29:4,30:3,31:2,32:3,33:1,34:2,35:3,36:2,37:1,38:4,39:2,40:1,41:1,43:4,44:4,45:5,46:1,47:3,48:3,49:2,50:1
(0,105,92)21	2.6271777861423846	2.0	4.627177786142385	8.95800093555093e-11	1:38,2:11,3:9,4:9,5:8,6:13,8:10,9:8,10:11,11:6,12:10,13:7,14:4,15:7,16:9,17:6,18:6,19:4,20:10,21:12,22:8,23:8,24:5,25:3,26:9,27:4,28:11,29:5,30:11,31:6,32:9,33:12,34:14,35:7,36:4,37:5,38:6,39:6,40:13,41:10,42:8,43:7,44:9,45:4,46:10,47:9,48:7,49:9,50:5
((21,92)105)0	1.6809021036653349	3.0	4.680902103665335	6.847786796100903e-11	1:17,2:10,3:2,4:3,5:8,6:4,7:3,8:7,9:2,10:6,11:2,12:2,13:6,14:3,15:4,16:2,18:3,19:7,20:4,21:3,22:9,23:3,24:7,25:5,26:7,27:6,28:6,29:3,30:1,31:3,32:2,33:10,34:4,35:2,36:8,37:3,38:3,39:3,40:3,41:5,42:9,43:11,44:8,45:4,46:5,47:3,48:7,49:10,50:6
((0,105)92)21	1.6813125256330799	3.0	4.68131252563308	6.833748794130435e-11	1:15,2:1,3:3,4:4,5:2,6:3,7:1,8:3,9:2,11:3,12:7,14:5,15:2,16:5,18:3,19:6,20:4,21:4,22:2,23:1,24:3,25:3,26:6,27:4,28:2,29:1,30:4,31:4,32:5,33:2,34:3,35:4,36:4,37:1,38:3,39:6,40:4,41:2,42:4,43:3,44:2,45:2,46:2,47:4,48:2,49:5,50:3
((92)105,21)0	1.6983017429184954	3.0	4.6983017429184954	6.277220634192134e-11	1:30,2:2,3:3,4:3,5:3,6:1,7:7,8:7,9:6,10:7,11:2,12:6,13:3,14:8,15:4,16:6,17:1,18:7,19:6,20:4,21:7,22:2,23:3,24:6,25:7,26:4,27:2,30:6,31:5,32:1,33:6,34:5,35:5,36:2,37:4,38:10,39:6,40:9,41:3,42:9,43:9,44:10,45:5,46:2,47:3,48:5,49:3,50:1
((105,21)0)92	1.6985017429184954	3.0	4.698501742918495	6.270946551122332e-11	1:21,2:6,3:6,4:6,5:4,6:3,7:5,8:3,9:3,10:2,11:4,12:4,13:3,14:5,15:4,16:4,17:7,18:7,19:5,20:5,21:5,22:5,23:4,24:3,25:5,26:5,27:8,28:8,29:6,30:6,31:6,32:2,33:4,34:6,35:5,36:5,37:6,38:4,39:2,40:5,41:5,42:4,43:4,44:3,45:3,46:3,47:3,48:7,49:6,50:3
(0,(105)92)21	1.7628018386733795	3.0	4.762801838673379	4.546814280326271e-11	1:19,2:12,3:7,4:3,5:2,6:5,7:3,8:4,9:3,10:4,11:5,12:4,13:2,14:9,15:4,16:5,17:6,18:3,19:1,20:6,21:7,22:4,23:6,24:8,25:6,26:5,27:7,28:4,29:2,30:5,31:3,32:7,33:5,34:3,35:6,36:8,37:4,38:2,39:5,40:5,41:8,42:5,43:2,44:7,45:8,46:2,47:2,48:6,49:2,50:5
((92)0,105)21	1.7773504335047952	3.0	4.777350433504795	4.227808845459262e-11	1:21,2:4,3:5,4:2,5:5,6:5,7:4,8:3,9:9,10:2,11:3,12:3,13:6,14:4,15:6,16:3,17:5,18:5,20:4,21:4,22:4,23:2,24:2,25:8,26:2,27:2,28:1,29:3,30:6,31:4,32:3,33:1,34:2,35:3,36:7,37:7,38:6,39:4,40:3,41:4,42:7,43:6,44:2,45:9,46:4,47:4,48:2,49:7,50:5
((21)105,92)0	1.8031503514682297	3.0	4.803150351468229	3.716135430756644e-11	1:28,2:3,3:3,4:4,5:6,6:6,7:4,8:4,9:3,10:4,11:9,12:4,13:4,14:2,15:4,16:3,17:4,18:6,19:5,20:8,21:4,22:3,23:3,24:3,25:3,26:5,27:5,28:7,29:2,30:4,31:4,32:2,33:4,34:9,35:5,36:9,37:3,38:5,39:5,40:7,41:9,42:3,43:4,44:4,45:7,46:4,47:7,48:9,49:2,50:6
(105,(21)92)0	1.8522507587985158	3.0	4.852250758798515	2.9071761909497796e-11	1:31,2:8,3:4,4:4,5:3,6:4,7:5,8:6,9:7,10:4,11:8,12:2,13:4,14:8,15:6,16:7,17:3,18:2,19:2,20:4,21:3,22:3,23:12,24:3,25:5,26:4,27:6,28:1,29:5,30:8,31:5,32:4,33:8,34:6,35:4,36:1,37:4,38:5,39:3,40:6,41:3,42:4,43:6,44:5,45:6,46:4,47:6,48:8,49:6,50:5
(((21)105)92)0	0.9141567946227553	4.0	4.914156794622755	2.1332615438707784e-11	1:3,2:5,3:4,4:10,5:4,6:7,7:4,8:3,9:6,10:5,11:3,12:5,13:2,14:6,15:8,16:4,17:5,18:4,19:10,20:3,21:3,22:9,23:2,24:5,25:6,26:5,27:10,28:3,29:6,30:6,31:9,32:7,33:8,34:5,35:6,36:6,37:6,38:6,39:7,40:3,41:4,42:8,43:4,44:6,45:3,46:5,47:10,48:6,49:12,50:5
((105)0,92)21	1.9380540182727395	3.0	4.938054018272739	1.8930057913463376e-11	1:25,2:1,3:6,4:2,5:7,6:2,8:6,9:4,10:5,11:4,12:3,13:5,14:5,15:2,16:2,17:4,18:5,19:6,20:2,21:5,22:3,23:4,24:4,25:2,26:2,27:3,28:5,29:3,30:5,31:5,32:2,33:1,34:5,35:3,36:2,37:3,38:7,39:8,40:7,41:1,42:8,43:4,44:4,45:4,46:1,47:2,48:3,49:3,50:3
(((92)105)0)21	0.9386841836148776	4.0	4.938684183614877	1.8870506448794874e-11	1:9,2:2,3:4,6:1,7:2,8:2,9:1,11:2,14:1,16:1,17:1,18:1,20:2,21:2,23:1,24:1,25:1,26:1,27:2,28:3,31:1,32:1,33:2,35:1,36:2,37:1,39:3,42:1,43:1,44:1,45:2,47:1,48:2,49:3
(((105)21)0)92	0.9622560870935876	4.0	4.9622560870935875	1.677250067099573e-11	1:5,2:1,3:4,5:1,9:3,11:1,13:3,14:1,15:3,16:1,17:1,18:3,19:1,20:3,21:3,22:2,23:1,24:1,25:1,26:2,27:2,29:1,30:1,31:1,32:3,33:1,34:2,37:1,38:3,39:1,40:1,43:2,45:1,48:3,50:1
(((92)21)105)0	1.0996381844940735	4.0	5.099638184494074	8.438716245778334e-12	1:12,2:2,3:3,7:1,8:1,9:2,10:1,11:1,12:2,14:1,15:1,16:1,18:2,21:3,22:2,23:1,24:3,25:3,26:2,28:3,29:2,31:3,32:1,33:2,34:2,35:1,36:6,39:2,42:2,43:2,44:1,45:3,47:6,48:4,49:1,50:1
(((105)0)92)21	1.0998381844940734	4.0	5.0998381844940734	8.430281747484597e-12	1:7,2:5,3:3,4:7,5:5,6:4,7:7,8:6,9:5,10:6,11:6,12:5,13:5,14:7,15:2,16:1,17:4,18:6,19:2,20:3,21:6,22:3,23:8,24:4,25:3,26:6,27:6,28:3,29:5,30:4,31:4,32:5,33:7,34:8,35:6,36:7,37:6,38:2,39:5,40:6,41:9,42:11,43:2,44:8,45:7,46:2,47:1,48:4,49:6,50:1
(105,21,92)0	2.7346840621907313	3.0	5.734684062190731	3.5260769169791634e-13	1:52,2:9,3:5,4:10,5:7,6:6,7:7,8:8,9:9,10:9,11:6,12:8,13:5,14:12,15:13,16:5,17:14,18:10,19:11,20:8,21:9,22:11,23:8,24:6,25:10,26:13,27:14,28:6,29:9,30:13,31:4,32:5,33:5,34:11,35:6,36:11,37:8,38:5,39:9,40:8,41:6,42:4,43:9,44:10,45:8,46:5,47:17,48:6,49:6,50:10
((105,21)92)0	1.7377503044484266	4.0	5.737750304448427	3.4724301723179957e-13	1:14,2:4,3:4,4:2,6:4,7:2,8:2,9:2,10:2,11:3,13:4,14:3,15:6,16:2,17:4,18:4,19:3,20:6,21:4,22:6,23:3,24:3,25:4,26:2,27:5,28:2,29:4,31:5,32:9,33:3,34:2,35:2,36:2,37:3,38:4,39:1,40:3,41:2,42:1,43:3,44:3,45:5,46:5,47:5,48:3,49:5,50:1
(21,(105)92)0	1.84897110107197	4.0	5.84897110107197	1.9912263467201728e-13	1:25,2:10,3:4,4:9,5:6,6:6,7:5,8:4,9:3,10:4,11:3,12:3,13:4,14:3,15:3,16:2,17:8,18:5,19:2,20:7,21:6,22:4,24:5,25:4,26:4,27:2,28:3,29:8,30:6,31:7,32:4,33:4,34:3,35:6,36:3,37:2,38:2,40:4,41:3,42:2,43:6,44:7,45:7,46:6,47:2,48:10,49:5,50:5
((105,92)0)21	1.8500504580779167	4.0	5.8500504580779165	1.9805090716082937e-13	1:13,2:2,3:6,4:10,5:7,6:1,7:6,8:5,9:4,10:3,11:2,12:6,13:6,14:1,15:4,16:8,17:4,18:4,19:5,20:8,21:4,22:7,23:8,24:6,25:5,26:2,27:3,28:5,29:4,30:2,31:6,33:3,34:4,35:2,36:5,37:7,38:5,39:5,40:4,41:8,42:9,43:3,44:2,45:3,46:4,47:5,48:7,49:4,50:8
(105,(92)21)0	1.9061558504073781	4.0	5.906155850407378	1.4960479884604554e-13	1:28,2:10,3:5,4:5,5:7,6:8,7:2,8:5,9:1,10:7,12:2,13:2,14:3,15:2,16:5,17:2,18:3,19:4,20:4,21:5,22:3,23:5,24:3,25:4,26:5,27:5,28:3,29:9,30:5,31:3,32:3,33:2,34:4,35:5,36:8,37:5,38:4,39:2,40:3,41:4,42:5,43:4,44:4,45:4,46:4,47:2,48:7,49:7,50:5
(((105)92)0)21	0.9610569012324423	5.0	5.961056901232443	1.1369186937541045e-13	1:8,2:2,3:1,4:1,5:3,6:1,7:1,8:2,9:1,10:2,12:1,13:3,15:2,16:3,17:1,18:1,19:2,20:2,21:2,23:2,24:1,26:1,27:3,28:1,29:1,32:1,34:1,36:2,37:2,38:2,39:1,40:2,43:3,45:1,46:3,47:1,48:2,50:2
(((92)105)21)0	0.9620560870935876	5.0	5.962056087093588	1.1312528930880805e-13	1:2,2:3,3:4,4:4,5:1,6:3,7:2,9:4,10:2,11:3,12:1,13:2,14:4,15:2,17:3,18:1,19:2,20:2,21:1,22:1,23:3,24:4,25:2,26:1,27:1,28:1,29:3,30:1,31:1,33:1,34:3,36:5,37:2,38:1,39:2,40:1,41:2,42:3,43:1,44:2,45:1,46:3,47:6,48:2,49:1,50:4
((105)21,92)0	1.9699105404890778	4.0	5.969910540489078	1.0876870905563766e-13	1:17,2:7,3:7,4:2,5:5,6:4,7:4,8:3,9:3,10:7,11:3,12:3,13:3,14:6,15:6,16:6,17:4,18:3,19:6,20:4,21:4,22:4,23:3,24:6,25:5,26:3,27:3,28:4,29:4,30:5,31:4,32:3,33:2,34:6,35:3,36:4,37:3,38:5,39:6,40:5,41:6,42:6,43:4,44:5,45:2,46:6,47:4,48:4,49:6,50:5
(((105)21)92)0	1.084196641370149	5.0	6.0841966413701485	6.142354238071207e-14	1:8,2:45,3:50,4:69,5:61,6:67,7:64,8:65,9:59,10:55,11:68,12:72,13:71,14:61,15:74,16:62,17:67,18:62,19:72,20:60,21:60,22:57,23:54,24:60,25:59,26:61,27:53,28:78,29:86,30:55,31:61,32:67,33:66,34:67,35:68,36:64,37:53,38:60,39:70,40:85,41:77,42:57,43:69,44:63,45:54,46:73,47:52,48:67,49:58,50:65
((105,92)21)0	1.8748880696984562	5.0	6.874888069698456	1.1786103163270963e-15	1:9,2:1,3:5,4:5,5:3,6:6,7:4,8:1,9:4,10:3,11:1,12:5,13:1,14:6,15:4,16:3,17:5,18:2,19:2,20:5,21:5,22:4,23:2,24:5,25:4,27:6,28:6,29:7,30:1,31:8,32:3,33:3,34:2,35:7,36:3,37:8,38:2,39:11,40:3,41:4,42:2,43:5,44:3,45:7,46:4,47:3,48:1,49:4,50:3
(((105)92)21)0	1.0489707551653626	6.0	7.048970755165363	4.935765177729597e-16	1:5,2:4,4:2,7:3,8:3,9:2,10:1,11:1,13:2,14:2,15:1,16:1,19:2,20:3,21:2,22:1,23:4,26:3,27:1,28:1,30:1,31:1,32:3,33:2,34:1,35:3,38:1,39:2,40:2,41:2,43:1,44:1,45:2,46:3,47:1,48:1,49:2
