# generation count = 50 
#
generation.index	generationHighestFitness	generationMedianFitness	populationHighestFitness	populationMedianFitness
1	0.9531337870775045	1.098102940806206e-07	0.9531337870775045	1.098102940806206e-07
2	0.9531337870775045	0.004406416879175	0.9531337870775045	1.8829739611733168e-05
3	0.9531337870775045	0.004406416879175	0.9531337870775045	0.00023117283618938954
4	0.9531337870775045	0.004406416879175	0.9531337870775045	0.0035787084602290405
5	0.9531337870775045	0.004406416879175	0.9531337870775045	0.0035787084602290405
6	0.9531337870775045	0.004406416879175	0.9531337870775045	0.0036773148390343673
7	0.9531337870775045	0.004406416879175	0.9531337870775045	0.0036773148390343673
8	0.9531337870775045	0.004406416879175	0.9531337870775045	0.0036773148390343673
9	0.9531337870775045	0.004406416879175	0.9531337870775045	0.0036773148390343673
10	0.9531337870775045	0.0036773148390343673	0.9531337870775045	0.0036773148390343673
11	0.9531337870775045	0.0036773148390343673	0.9531337870775045	0.0036773148390343673
12	0.9531337870775045	0.0036773148390343673	0.9531337870775045	0.0036773148390343673
13	0.9531337870775045	0.004406416879175	0.9531337870775045	0.0036773148390343673
14	0.9531337870775045	0.0036773148390343673	0.9531337870775045	0.0036773148390343673
15	0.9531337870775045	0.004406416879175	0.9531337870775045	0.0036773148390343673
16	0.9531337870775045	0.004406416879175	0.9531337870775045	0.0036773148390343673
17	0.9531337870775045	0.004406416879175	0.9531337870775045	0.0036773148390343673
18	0.9531337870775045	0.004406416879175	0.9531337870775045	0.0036773148390343673
19	0.9531337870775045	0.0036773148390343673	0.9531337870775045	0.0036773148390343673
20	0.9531337870775045	0.0036773148390343673	0.9531337870775045	0.0036773148390343673
21	0.9531337870775045	0.0036773148390343673	0.9531337870775045	0.0036773148390343673
22	0.9531337870775045	0.004406416879175	0.9531337870775045	0.0036773148390343673
23	0.9531337870775045	0.004406416879175	0.9531337870775045	0.0036773148390343673
24	0.9531337870775045	0.004406416879175	0.9531337870775045	0.0036773148390343673
25	0.9531337870775045	0.004406416879175	0.9531337870775045	0.0036773148390343673
26	0.9531337870775045	0.004406416879175	0.9531337870775045	0.0036773148390343673
27	0.9531337870775045	0.004406416879175	0.9531337870775045	0.004406416879175
28	0.9531337870775045	0.004406416879175	0.9531337870775045	0.004406416879175
29	0.9531337870775045	0.004406416879175	0.9531337870775045	0.004406416879175
30	0.9531337870775045	0.004406416879175	0.9531337870775045	0.004406416879175
31	0.9531337870775045	0.004406416879175	0.9531337870775045	0.004406416879175
32	0.9531337870775045	0.004406416879175	0.9531337870775045	0.004406416879175
33	0.9531337870775045	0.004041865859104684	0.9531337870775045	0.004406416879175
34	0.9531337870775045	0.004406416879175	0.9531337870775045	0.004406416879175
35	0.9531337870775045	0.004406416879175	0.9531337870775045	0.004406416879175
36	0.9531337870775045	0.004041865859104684	0.9531337870775045	0.004406416879175
37	0.9531337870775045	0.004406416879175	0.9531337870775045	0.004406416879175
38	0.9531337870775045	0.004406416879175	0.9531337870775045	0.004406416879175
39	0.9531337870775045	0.004406416879175	0.9531337870775045	0.004406416879175
40	0.9531337870775045	0.004041865859104684	0.9531337870775045	0.004406416879175
41	0.9531337870775045	0.0036773148390343673	0.9531337870775045	0.004406416879175
42	0.9531337870775045	0.0036773148390343673	0.9531337870775045	0.004406416879175
43	0.9531337870775045	0.004406416879175	0.9531337870775045	0.004406416879175
44	0.9531337870775045	0.0036773148390343673	0.9531337870775045	0.004406416879175
45	0.9531337870775045	0.004406416879175	0.9531337870775045	0.004406416879175
46	0.9531337870775045	0.004406416879175	0.9531337870775045	0.004406416879175
47	0.9531337870775045	0.004406416879175	0.9531337870775045	0.004406416879175
48	0.9531337870775045	0.004406416879175	0.9531337870775045	0.004406416879175
49	0.9531337870775045	0.004406416879175	0.9531337870775045	0.004406416879175
50	0.9531337870775045	0.004406416879175	0.9531337870775045	0.004406416879175
############################################################
Topology	MassCost	TopologyCost	Cost	Fitness	appearances(generationID:count)
((0)21,92)105	0.009600000000000053	0.0	0.009600000000000053	0.9531337870775045	1:21,2:93,3:103,4:119,5:105,6:117,7:99,8:108,9:110,10:107,11:84,12:110,13:102,14:90,15:84,16:102,17:93,18:108,19:96,20:101,21:88,22:128,23:82,24:95,25:106,26:95,27:108,28:105,29:116,30:101,31:104,32:100,33:95,34:112,35:79,36:107,37:107,38:108,39:111,40:95,41:84,42:92,43:94,44:88,45:108,46:90,47:96,48:93,49:99,50:102
(21,(0)92)105	0.009600000000000053	0.0	0.009600000000000053	0.9531337870775045	1:22,2:112,3:121,4:128,5:115,6:125,7:106,8:136,9:113,10:126,11:141,12:126,13:148,14:134,15:141,16:142,17:140,18:135,19:143,20:124,21:120,22:122,23:127,24:120,25:122,26:162,27:129,28:138,29:150,30:131,31:125,32:150,33:118,34:132,35:144,36:120,37:139,38:126,39:138,40:129,41:141,42:129,43:122,44:123,45:153,46:130,47:149,48:163,49:132,50:124
(0,(21)92)105	0.04910000000000003	0.0	0.04910000000000003	0.78231328379451	1:21,2:112,3:122,4:95,5:94,6:114,7:117,8:95,9:99,10:101,11:105,12:99,13:107,14:108,15:111,16:99,17:117,18:96,19:91,20:101,21:101,22:101,23:107,24:107,25:125,26:84,27:112,28:106,29:87,30:107,31:102,32:120,33:113,34:95,35:119,36:98,37:121,38:99,39:91,40:96,41:101,42:108,43:129,44:102,45:97,46:108,47:104,48:105,49:95,50:109
(((0)21)92)105	0.04910000000000003	0.0	0.04910000000000003	0.78231328379451	1:10,2:29,3:21,4:21,5:28,6:26,7:25,8:28,9:27,10:16,11:20,12:22,13:22,14:24,15:23,16:27,17:19,18:27,19:21,20:27,21:23,22:27,23:35,24:38,25:20,26:29,27:30,28:22,29:24,30:35,31:25,32:23,33:24,34:23,35:27,36:24,37:30,38:31,39:19,40:20,41:26,42:20,43:24,44:27,45:32,46:25,47:24,48:25,49:37,50:29
(0,21,92)105	0.3201303640706393	0.0	0.3201303640706393	0.2017649606155336	1:43,2:102,3:96,4:81,5:96,6:60,7:87,8:76,9:75,10:59,11:65,12:58,13:70,14:60,15:72,16:76,17:74,18:70,19:60,20:63,21:70,22:71,23:83,24:71,25:72,26:69,27:64,28:79,29:77,30:77,31:93,32:55,33:52,34:73,35:82,36:60,37:60,38:62,39:67,40:76,41:50,42:65,43:86,44:77,45:64,46:75,47:80,48:64,49:81,50:65
((0,21)92)105	0.3955232736515008	0.0	0.3955232736515008	0.13839873607345463	1:16,2:30,3:26,4:17,5:21,6:19,7:16,8:24,9:24,10:16,11:25,12:19,13:20,14:13,15:24,16:24,17:35,18:18,19:22,20:10,21:21,22:17,23:22,24:20,25:20,26:25,27:29,28:21,29:17,30:13,31:22,32:17,33:25,34:15,35:19,36:34,37:20,38:19,39:18,40:29,41:23,42:21,43:19,44:23,45:24,46:22,47:23,48:18,49:36,50:15
(((0)92)21)105	0.08493868376658541	1.0	1.0849386837665853	0.004406416879175	1:9,2:18,3:8,4:9,5:12,6:9,7:19,8:10,9:8,10:19,11:17,12:7,13:15,14:16,15:13,16:17,17:18,18:9,19:18,20:19,21:15,22:17,23:12,24:13,25:12,26:15,27:12,28:13,29:17,30:13,31:14,32:10,33:18,34:14,35:14,36:11,37:11,38:13,39:13,40:18,41:18,42:13,43:13,44:18,45:11,46:9,47:16,48:10,49:13,50:16
(0,(92)21)105	0.08493868376658541	1.0	1.0849386837665853	0.004406416879175	1:17,2:42,3:32,4:51,5:33,6:34,7:55,8:55,9:51,10:45,11:37,12:42,13:47,14:49,15:47,16:50,17:45,18:47,19:42,20:53,21:61,22:49,23:43,24:47,25:44,26:41,27:29,28:53,29:42,30:50,31:35,32:45,33:55,34:48,35:36,36:46,37:32,38:50,39:51,40:37,41:42,42:42,43:49,44:36,45:42,46:58,47:42,48:47,49:52,50:44
((21)0,92)105	0.12111449128820218	1.0	1.121114491288202	0.0036773148390343673	1:23,2:39,3:41,4:40,5:31,6:45,7:36,8:33,9:32,10:31,11:32,12:34,13:31,14:30,15:34,16:42,17:27,18:42,19:34,20:28,21:45,22:28,23:42,24:29,25:34,26:31,27:28,28:29,29:31,30:34,31:32,32:31,33:37,34:40,35:30,36:39,37:32,38:35,39:29,40:30,41:35,42:37,43:28,44:39,45:33,46:31,47:19,48:34,49:33,50:32
(((21)0)92)105	0.12111449128820218	1.0	1.121114491288202	0.0036773148390343673	1:7,2:17,3:16,4:10,5:20,6:14,7:25,8:13,9:16,10:11,11:17,12:12,13:14,14:11,15:20,16:11,17:15,18:19,19:16,20:12,21:14,22:13,23:12,24:18,25:10,26:15,27:11,28:13,29:10,30:9,31:20,32:16,33:21,34:13,35:17,36:19,37:12,38:16,39:7,40:14,41:24,42:22,43:13,44:11,45:12,46:17,47:7,48:17,49:14,50:12
((92)0,21)105	0.12655066179202695	1.0	1.126550661792027	0.0035787084602290405	1:22,2:28,3:23,4:29,5:32,6:29,7:32,8:21,9:36,10:36,11:25,12:39,13:29,14:36,15:34,16:30,17:34,18:29,19:43,20:40,21:32,22:28,23:32,24:31,25:39,26:33,27:30,28:24,29:24,30:29,31:34,32:36,33:26,34:41,35:36,36:36,37:40,38:35,39:46,40:42,41:43,42:33,43:41,44:27,45:47,46:36,47:30,48:31,49:38,50:42
((0,92)21)105	0.45389573692644436	1.0	1.4538957369264445	0.0006964749822474614	1:13,2:7,3:11,4:16,5:11,6:5,7:8,8:5,9:16,10:18,11:18,12:14,13:11,14:11,15:18,16:8,17:12,18:16,19:11,20:18,21:8,22:10,23:4,24:11,25:10,26:15,27:8,28:8,29:5,30:8,31:10,32:9,33:11,34:17,35:16,36:10,37:9,38:10,39:10,40:7,41:10,42:10,43:12,44:15,45:9,46:9,47:8,48:10,49:8,50:12
((0,21)105)92	0.6744689837197853	1.0	1.6744689837197853	0.00023117283618938954	1:21,2:4,3:3,4:6,5:6,6:7,7:2,8:3,9:7,10:3,11:1,12:1,13:3,14:3,15:3,16:1,17:3,18:4,19:2,20:5,21:4,22:1,23:3,24:3,25:2,26:4,27:6,28:2,29:4,30:1,31:1,32:5,33:4,34:2,35:4,36:6,37:4,38:3,39:3,40:5,41:6,42:1,43:5,44:1,45:1,46:2,47:1,48:2,49:3,50:2
(((0)21)105)92	0.6744689837197853	1.0	1.6744689837197853	0.00023117283618938954	1:3,2:5,3:6,4:4,5:6,6:4,7:5,8:6,9:8,10:5,11:6,12:7,13:4,14:4,15:5,16:8,17:5,18:9,19:5,20:6,21:7,22:5,23:5,24:5,25:6,26:7,27:3,28:4,29:6,30:4,31:1,32:3,33:6,34:4,35:1,36:4,37:7,38:6,39:2,40:3,41:4,42:7,44:3,45:5,46:4,47:3,48:5,49:9,50:6
(0,(21)105)92	1.0837878205626783	1.0	2.0837878205626783	2.9861542698219467e-05	1:23,2:13,3:15,4:15,5:18,6:25,7:17,8:23,9:29,10:23,11:17,12:25,13:16,14:26,15:22,16:21,17:23,18:18,19:23,20:24,21:21,22:23,23:21,24:18,25:18,26:32,27:18,28:19,29:21,30:24,31:19,32:23,33:20,34:13,35:26,36:16,37:17,38:24,39:18,40:25,41:27,42:21,43:17,44:25,45:22,46:25,47:21,48:18,49:24,50:23
(((92)0)21)105	0.12655066179202695	2.0	2.126550661792027	2.4113147930202038e-05	1:5,2:8,3:9,4:10,5:6,6:10,7:14,8:12,9:7,10:7,11:8,12:10,13:5,14:12,15:10,16:10,17:7,18:4,19:10,20:12,21:11,22:7,23:6,24:9,25:6,26:8,27:6,28:5,29:10,30:5,31:9,32:5,33:13,34:5,35:3,36:12,37:6,38:10,39:10,40:6,41:9,42:16,43:10,44:14,45:3,46:5,47:5,48:12,49:9,50:6
(((21)92)0)105	0.17565066179202699	2.0	2.175650661792027	1.8864035939899156e-05	1:4,2:6,3:10,4:10,5:12,6:5,7:10,8:12,9:3,10:9,11:6,12:4,13:5,14:9,15:4,16:10,17:5,18:7,19:9,20:10,21:9,22:12,23:6,24:12,25:7,26:2,27:9,28:7,29:2,30:9,31:9,32:5,33:10,34:3,35:9,36:4,37:10,38:3,39:13,40:9,41:7,42:5,43:6,44:5,45:6,46:8,47:7,48:9,49:6,50:10
(105,(0)21)92	1.1760146087527994	1.0	2.1760146087527996	1.8829739611733168e-05	1:18,2:18,3:27,4:21,5:27,6:26,7:22,8:20,9:23,10:27,11:32,12:27,13:35,14:25,15:18,16:27,17:21,18:30,19:25,20:24,21:25,22:32,23:29,24:25,25:21,26:25,27:30,28:21,29:36,30:25,31:23,32:25,33:29,34:25,35:27,36:23,37:28,38:25,39:24,40:32,41:17,42:20,43:24,44:19,45:28,46:23,47:25,48:21,49:17,50:24
((0)105,21)92	1.1760146087527994	1.0	2.1760146087527996	1.8829739611733168e-05	1:13,2:23,3:41,4:28,5:26,6:28,7:23,8:34,9:28,10:35,11:40,12:42,13:31,14:29,15:32,16:34,17:24,18:31,19:26,20:30,21:29,22:24,23:31,24:34,25:25,26:34,27:29,28:34,29:28,30:37,31:27,32:30,33:22,34:30,35:33,36:28,37:23,38:32,39:33,40:28,41:29,42:23,43:34,44:32,45:28,46:30,47:24,48:31,49:34,50:23
(0,105,21)92	1.5889411726052036	1.0	2.5889411726052036	2.388832361616408e-06	1:35,2:14,3:10,4:10,5:19,6:13,7:17,8:16,9:16,10:10,11:10,12:8,13:8,14:20,15:16,16:13,17:12,18:7,19:15,20:13,21:11,22:12,23:11,24:11,25:10,26:14,27:14,28:10,29:14,30:2,31:18,32:14,33:10,34:9,35:10,36:13,37:13,38:15,39:15,40:14,41:15,42:17,43:14,44:10,45:15,46:6,47:11,48:10,49:8,50:8
((21,92)0)105	0.6370179118360801	2.0	2.63701791183608	1.8784012174519803e-06	1:18,2:7,3:7,4:4,5:8,6:3,7:4,8:6,9:4,10:3,11:7,12:6,13:6,14:3,15:3,16:6,17:6,18:6,19:7,20:3,21:3,22:7,23:7,24:5,25:6,26:3,27:5,28:4,29:8,30:7,31:4,32:7,33:3,34:11,35:8,36:5,38:6,39:4,40:4,41:3,42:8,43:3,44:3,45:3,46:4,47:4,48:3,49:2,50:2
(((0)92)105)21	0.7205056141349627	2.0	2.7205056141349626	1.237362981474127e-06	1:6,3:2,5:1,6:3,7:1,9:2,11:4,14:2,15:2,17:3,18:1,21:1,22:2,23:2,24:2,25:2,26:2,27:1,29:1,30:3,32:1,33:1,34:2,35:2,36:1,37:1,38:1,39:2,40:1,41:1,43:4,44:3,47:3,48:1,49:1,50:1
((0,92)105)21	0.7205056141349627	2.0	2.7205056141349626	1.237362981474127e-06	1:15,2:4,3:2,4:1,5:1,6:1,7:2,8:1,9:4,10:3,11:3,12:1,13:2,14:5,15:2,16:6,17:3,18:3,19:1,21:3,22:6,23:1,24:5,25:1,26:7,27:3,28:3,29:9,30:3,31:2,32:1,33:2,34:2,35:5,36:3,37:5,40:3,41:8,42:5,44:1,45:1,46:1,47:5,48:2,49:7,50:4
(((0)105)21)92	0.7696056141349628	2.0	2.7696056141349628	9.680054972827883e-07	1:5,2:1,5:1,6:1,7:1,8:2,10:2,11:2,12:2,14:2,15:2,16:2,18:1,20:2,21:1,23:1,24:1,25:1,26:3,27:2,28:2,29:2,30:2,31:2,34:1,35:2,37:1,38:2,39:2,40:3,41:2,42:2,44:2,45:2,46:2,47:2,49:4
(((21)0)105)92	0.7955834750079874	2.0	2.7955834750079873	8.500953009009032e-07	1:10,4:3,5:1,6:4,7:5,8:1,9:1,10:2,11:4,12:3,13:5,14:6,15:3,16:1,17:2,18:3,19:1,20:1,21:2,22:2,24:1,25:1,26:3,27:2,28:1,30:3,31:2,32:1,33:2,34:3,35:1,37:1,38:2,39:1,41:2,42:1,43:1,44:3,45:3,46:1,47:1,48:1,49:2
(0,(105)21)92	1.1160288877864635	2.0	3.1160288877864635	1.7124947270010065e-07	1:26,2:4,3:4,4:3,5:5,6:5,7:11,8:9,9:6,10:4,11:4,12:3,13:7,14:5,15:3,16:3,17:9,18:8,19:7,20:4,21:3,22:3,23:3,24:4,25:8,26:3,27:5,28:3,29:2,30:5,31:5,32:2,33:8,34:6,35:7,36:6,37:1,38:3,39:4,40:3,41:3,42:5,43:6,44:6,45:4,46:3,47:6,48:5,49:5,50:6
(0,(92)105)21	1.1241028911981323	2.0	3.1241028911981323	1.6447381545263255e-07	1:17,2:6,3:5,4:3,5:3,6:11,7:3,8:4,9:1,10:7,11:6,12:2,13:5,14:5,15:5,16:5,17:7,18:3,19:1,20:5,21:3,22:6,23:8,24:5,25:6,26:8,27:2,28:5,29:3,30:2,31:2,32:4,33:5,34:6,35:3,36:4,37:4,38:2,39:2,40:5,41:5,42:2,43:6,44:9,45:6,46:7,47:3,48:9,49:8,50:4
((0,105)21)92	1.1732028911981325	2.0	3.1732028911981325	1.2867005066496125e-07	1:18,2:2,3:3,4:10,5:4,6:4,7:1,8:1,9:1,10:4,11:2,12:3,13:2,14:4,15:2,16:2,18:4,19:3,20:3,21:4,22:3,23:1,24:2,25:1,26:4,27:2,28:4,29:5,31:2,32:2,33:2,34:2,35:1,36:6,37:1,38:3,39:3,40:4,41:3,42:1,43:3,44:5,45:3,46:2,47:5,48:2,49:3,50:2
((105)0,21)92	1.195796214591028	2.0	3.195796214591028	1.1492557718915964e-07	1:22,2:6,3:8,4:6,5:3,6:3,7:7,8:5,9:3,10:4,11:5,12:7,13:3,14:2,15:8,16:5,17:5,18:3,19:3,20:2,21:6,22:6,23:5,24:7,25:3,26:4,27:6,28:2,29:5,30:5,31:2,32:6,33:4,34:7,35:4,36:6,37:5,38:6,39:1,40:2,41:3,42:5,43:8,44:9,45:3,46:3,47:2,48:4,49:8,50:8
((21)0,105)92	1.2049023118508804	2.0	3.2049023118508804	1.098102940806206e-07	1:22,2:7,3:3,4:1,5:5,6:4,7:8,8:6,9:8,10:9,11:5,12:4,13:5,14:8,15:6,16:5,17:2,18:3,19:3,20:8,21:4,22:3,23:8,24:8,25:3,26:4,27:4,28:4,29:7,30:8,31:5,32:9,33:5,34:4,35:5,36:4,37:2,38:3,39:4,40:4,41:6,42:5,43:7,44:6,45:5,46:8,47:8,48:4,49:3,50:5
(((92)21)0)105	0.2060531750547876	3.0	3.2060531750547874	1.0918022549174629e-07	1:3,2:9,3:7,4:2,5:10,6:6,7:8,8:8,9:4,10:4,11:9,12:6,13:8,14:1,15:5,16:4,17:4,18:6,19:5,20:6,21:5,22:4,23:8,24:6,25:4,26:12,27:4,28:6,29:2,30:8,31:1,32:5,33:6,34:5,35:6,36:7,37:7,38:7,39:11,40:8,41:5,42:11,43:6,44:4,45:4,46:2,47:4,48:3,49:6,50:2
(105,(0)92)21	1.2504901439035816	2.0	3.2504901439035816	8.74279580293734e-08	1:19,2:19,3:26,4:18,5:21,6:35,7:19,8:23,9:27,10:25,11:28,12:30,13:30,14:24,15:28,16:24,17:27,18:33,19:32,20:38,21:28,22:24,23:30,24:28,25:31,26:31,27:35,28:29,29:22,30:27,31:30,32:33,33:33,34:37,35:14,36:27,37:33,38:37,39:38,40:27,41:26,42:31,43:31,44:35,45:28,46:21,47:33,48:35,49:24,50:26
((0)105,92)21	1.2504901439035816	2.0	3.2504901439035816	8.74279580293734e-08	1:20,2:21,3:19,4:26,5:24,6:24,7:22,8:32,9:26,10:25,11:28,12:24,13:21,14:27,15:27,16:26,17:25,18:20,19:35,20:25,21:32,22:18,23:28,24:31,25:29,26:17,27:24,28:29,29:18,30:24,31:22,32:21,33:21,34:12,35:20,36:24,37:23,38:25,39:28,40:26,41:34,42:29,43:12,44:27,45:28,46:32,47:29,48:26,49:22,50:31
(0,105,92)21	1.659828897808446	2.0	3.659828897808446	1.129230305326267e-08	1:40,2:19,3:13,4:11,5:6,6:16,7:18,8:11,9:12,10:16,11:12,12:9,13:8,14:13,15:9,16:8,17:9,18:11,19:14,20:12,21:15,22:11,23:13,24:12,25:9,26:12,27:13,28:7,29:10,30:15,31:12,32:6,33:10,34:13,35:14,36:14,37:11,38:11,39:14,40:9,41:8,42:11,43:15,44:10,45:7,46:16,47:12,48:15,49:9,50:13
(((0)105)92)21	0.7594076674863707	3.0	3.7594076674863706	6.863568524187547e-09	1:4,2:13,3:3,4:10,5:5,6:4,7:3,8:2,9:3,10:5,11:4,12:5,13:4,14:1,15:11,16:2,17:5,18:8,19:6,20:4,21:5,22:11,23:7,24:2,25:10,26:3,27:6,28:9,29:7,30:7,31:4,32:5,33:10,34:8,35:8,36:4,37:5,38:10,39:5,40:6,41:1,42:4,43:3,44:8,45:5,46:7,47:5,48:6,49:3,50:2
(((21)105)0)92	0.8002729409395272	3.0	3.8002729409395273	5.5951554899235014e-09	1:11,3:2,4:2,5:1,6:3,8:2,9:2,10:1,13:1,15:2,16:1,17:3,18:3,20:2,21:1,22:2,23:2,24:2,25:1,26:2,27:1,28:2,30:1,31:1,32:1,33:1,36:1,37:1,39:2,40:6,41:1,43:1,44:1,46:1,47:2,48:3,50:2
((21,92)105)0	0.8098729409395272	3.0	3.809872940939527	5.332931741398287e-09	1:18,2:1,3:2,4:3,5:1,7:2,8:2,9:4,10:5,11:8,12:3,14:4,15:4,16:1,17:1,18:2,19:4,20:2,21:2,22:1,23:5,24:2,25:5,26:1,27:3,28:1,29:7,30:5,31:2,32:6,34:2,35:2,36:2,37:3,38:1,39:3,40:3,41:4,42:3,43:6,44:1,45:3,46:2,47:1,49:3
(((92)0)105)21	0.8470562759269897	3.0	3.84705627592699	4.428161370175687e-09	1:13,2:2,3:1,4:4,7:2,8:4,9:1,11:1,12:1,13:1,15:1,16:2,18:1,20:1,21:1,22:1,23:1,24:4,25:1,26:2,27:1,29:1,30:1,31:2,32:1,33:2,34:1,35:2,36:2,38:1,39:1,42:3,43:2,44:1,45:2,46:2,47:2,48:1,49:2,50:1
(((105)0)21)92	0.8493729409395272	3.0	3.849372940939527	4.3771644646629365e-09	1:6,3:1,4:1,5:3,6:5,7:2,8:2,9:1,11:1,13:3,14:2,15:1,16:1,17:3,18:3,19:1,22:2,23:2,24:2,25:1,26:1,27:1,28:1,29:1,30:2,31:2,34:2,35:1,36:2,37:2,38:3,39:4,40:1,41:1,42:1,43:1,45:1,46:5,47:2,48:1,49:1,50:2
(((21)92)105)0	0.8493729409395272	3.0	3.849372940939527	4.3771644646629365e-09	1:10,2:2,3:3,5:4,6:1,7:3,8:1,9:1,10:1,13:2,14:2,16:2,18:4,19:1,20:1,21:3,22:1,23:1,24:2,25:1,27:1,28:2,29:1,30:1,31:3,32:4,33:2,34:1,36:1,37:1,38:1,39:2,41:4,42:4,44:2,46:2,47:1,48:1,49:1
(0,(105)92)21	1.1283647206462297	3.0	4.12836472064623	1.0848505479882653e-09	1:16,2:15,3:20,4:14,5:21,6:17,7:23,8:18,9:26,10:24,11:21,12:26,13:19,14:26,15:12,16:21,17:14,18:16,19:14,20:18,21:16,22:24,23:19,24:19,25:24,26:14,27:19,28:20,29:21,30:19,31:21,32:24,33:23,34:20,35:19,36:27,37:20,38:24,39:15,40:21,41:20,42:21,43:24,44:15,45:17,46:28,47:17,48:14,49:25,50:22
((0,105)92)21	1.1687265043292636	3.0	4.168726504329264	8.865952761823165e-10	1:20,2:6,3:6,4:3,5:1,6:3,7:4,8:2,9:1,10:2,11:2,12:1,13:4,14:2,15:3,16:1,17:2,18:5,19:1,21:2,22:4,23:1,24:2,25:1,26:5,27:8,28:2,29:4,30:5,31:3,32:4,33:3,34:3,35:5,36:7,37:4,38:4,39:1,41:6,43:1,44:4,45:3,46:2,47:3,48:5,49:1,50:4
((92)0,105)21	1.2506535529901592	3.0	4.250653552990159	5.886038348464871e-10	1:22,2:7,3:4,4:6,5:4,6:5,7:2,8:4,9:4,10:6,12:5,13:5,14:2,15:1,16:2,17:11,18:3,19:5,20:2,21:4,22:1,23:5,24:3,25:3,26:5,27:7,28:4,29:6,30:10,31:5,32:3,33:3,34:7,35:5,36:4,37:6,38:7,39:3,40:3,41:6,42:7,43:3,44:4,45:3,46:5,47:4,48:3,49:4,50:3
((105)0,92)21	1.2541686778659715	3.0	4.254168677865971	5.78349135284856e-10	1:21,2:9,3:4,4:6,5:5,6:15,7:4,8:6,9:3,10:6,11:2,12:7,13:3,14:1,15:6,16:2,17:6,18:3,19:8,20:3,21:6,22:3,23:2,24:3,25:5,26:7,27:8,28:5,29:4,30:3,31:7,32:7,33:5,34:3,35:7,36:4,37:8,38:5,39:6,40:4,41:6,42:5,43:4,44:8,45:2,46:3,47:11,48:4,49:4,50:3
((105,21)0)92	1.3012360700503194	3.0	4.30123607005032	4.5707192593523087e-10	1:8,2:1,4:6,5:2,6:4,7:1,8:2,9:1,10:4,12:1,13:3,14:1,15:2,16:6,17:3,19:2,20:2,21:3,22:4,23:6,24:3,26:4,27:3,28:4,29:4,30:4,31:2,32:6,33:1,34:5,35:3,37:5,38:3,39:4,40:3,41:4,42:2,43:2,44:6,45:2,46:2,47:2,48:4,49:5,50:2
((92)105,21)0	1.3012360700503194	3.0	4.30123607005032	4.5707192593523087e-10	1:15,2:10,3:11,4:8,5:5,6:4,7:6,8:3,9:6,10:4,11:6,12:6,13:5,14:2,15:4,16:5,17:6,18:5,19:8,20:5,21:5,22:7,23:1,24:5,25:5,26:2,27:5,28:7,29:3,30:3,31:9,32:4,33:3,34:7,35:5,36:4,37:6,38:9,39:7,40:6,41:2,42:4,43:2,44:4,45:5,46:12,47:6,48:2,49:3,50:7
((21)105,92)0	1.3360087125464415	3.0	4.336008712546441	3.841286617833932e-10	1:25,2:3,3:9,4:4,5:8,6:4,7:5,8:6,9:3,10:8,11:2,12:8,13:3,14:8,15:6,16:4,17:7,18:4,19:6,20:5,21:7,22:7,23:5,24:5,25:4,26:5,27:6,28:5,29:5,30:1,31:4,32:4,33:4,34:8,35:3,36:5,37:7,38:4,39:2,40:6,41:4,42:1,43:4,44:5,45:3,46:3,47:5,48:8,49:7,50:3
(105,(21)92)0	1.3851087125464416	3.0	4.385108712546442	3.005089547993561e-10	1:12,2:13,3:16,4:26,5:19,6:23,7:18,8:21,9:23,10:24,11:17,12:21,13:33,14:22,15:24,16:13,17:21,18:19,19:24,20:19,21:20,22:19,23:26,24:20,25:22,26:17,27:35,28:23,29:27,30:18,31:20,32:22,33:23,34:18,35:16,36:20,37:17,38:16,39:17,40:22,41:20,42:32,43:28,44:20,45:16,46:15,47:16,48:20,49:14,50:23
(((92)105)0)21	0.8002729409395272	4.0	4.800272940939527	3.769986114274663e-11	1:5,2:1,3:1,4:1,5:3,7:5,8:1,9:2,10:1,11:1,12:1,14:2,15:2,16:3,17:2,18:1,19:5,20:2,21:1,22:1,23:2,25:1,26:3,27:2,29:1,30:2,31:2,32:3,33:1,34:3,36:1,40:2,41:2,42:1,45:2,46:1,47:2,49:1,50:2
(((21)105)92)0	0.8010196455118122	4.0	4.801019645511812	3.755937027542424e-11	1:5,2:1,5:1,6:2,7:2,8:3,9:1,10:3,12:3,13:1,14:2,16:3,18:3,19:1,20:3,22:1,23:1,24:1,25:1,26:1,29:3,30:1,31:2,33:3,34:2,35:3,36:1,37:3,38:2,39:3,41:1,42:1,43:1,44:2,46:2,47:1,48:3,49:2,50:2
(105,21,92)0	1.8396767243187049	3.0	4.839676724318705	3.09581872092677e-11	1:49,2:18,3:9,4:19,5:16,6:8,7:9,8:6,9:8,10:10,11:17,12:8,13:9,14:12,15:10,16:2,17:13,18:10,19:10,20:12,21:13,22:14,23:14,24:8,25:18,26:14,27:9,28:19,29:13,30:10,31:16,32:10,33:11,34:13,35:12,36:12,37:12,38:12,39:11,40:16,41:14,42:13,43:4,44:9,45:14,46:11,47:17,48:11,49:8,50:16
(((105)21)0)92	0.8416201054231649	4.0	4.841620105423165	3.0658826215684335e-11	1:10,2:2,3:2,4:3,5:2,6:1,8:2,10:2,11:3,13:2,14:2,15:2,16:1,17:2,19:2,21:1,24:1,26:2,27:1,28:3,29:2,31:2,33:2,34:3,35:3,36:5,37:1,38:4,39:1,40:3,45:4,46:2,49:2,50:2
(((92)21)105)0	0.8852116247061126	4.0	4.885211624706113	2.465458759240758e-11	1:9,2:1,3:2,6:2,7:4,8:1,9:1,10:3,11:2,12:2,13:1,14:1,15:2,16:5,17:1,18:2,19:1,20:1,21:1,22:1,24:1,25:1,26:3,27:1,28:4,29:3,31:5,32:3,33:1,35:1,37:4,38:4,39:2,40:1,42:1,44:1,45:1,46:3,47:1,48:2
(((105)0)92)21	0.8852116247061126	4.0	4.885211624706113	2.465458759240758e-11	1:9,3:3,4:1,5:1,6:3,8:2,9:1,11:4,12:2,13:2,14:3,17:3,18:2,19:1,21:1,22:2,23:2,24:2,25:3,27:2,28:3,29:1,31:1,32:1,33:1,34:1,35:1,36:2,37:2,38:2,40:3,41:2,42:3,45:1,47:1,48:2,49:2,50:3
((105,21)92)0	1.3025652705448263	4.0	5.302565270544826	3.0593264067042278e-12	1:12,2:8,4:4,5:2,6:3,7:1,8:7,10:2,11:3,12:5,13:4,14:4,15:4,16:1,17:2,18:5,19:3,20:6,21:4,22:3,23:2,24:8,25:4,27:3,28:3,29:4,30:3,31:3,32:2,33:2,34:3,35:3,36:1,37:2,38:3,39:1,40:4,41:4,42:4,43:6,44:5,45:7,46:7,47:6,48:3,49:5
(21,(105)92)0	1.3114868955558654	4.0	5.311486895555865	2.925854685431582e-12	1:17,2:21,3:28,4:25,5:34,6:30,7:27,8:21,9:30,10:30,11:31,12:32,13:25,14:36,15:30,16:30,17:26,18:29,19:31,20:29,21:25,22:31,23:27,24:32,25:21,26:19,27:23,28:37,29:29,30:20,31:33,32:27,33:28,34:27,35:33,36:32,37:37,38:19,39:24,40:24,41:38,42:22,43:32,44:32,45:23,46:33,47:29,48:29,49:17,50:36
((105,92)0)21	1.3360087125464415	4.0	5.336008712546441	2.5882385639261307e-12	1:8,2:1,3:2,4:5,5:2,6:3,7:3,8:2,9:3,10:3,11:2,12:1,13:2,14:1,15:3,16:2,18:4,19:4,20:3,21:2,22:7,23:3,24:4,26:2,27:3,28:3,29:1,30:4,32:3,33:6,35:4,36:4,37:7,38:3,39:4,40:2,42:2,43:5,44:1,45:4,46:3,47:1,48:1,49:2,50:6
((105)21,92)0	1.3575235259710428	4.0	5.357523525971043	2.324264130831008e-12	1:26,2:20,3:21,4:24,5:25,6:15,7:16,8:25,9:29,10:25,11:27,12:37,13:23,14:33,15:17,16:25,17:15,18:24,19:20,20:27,21:28,22:20,23:24,24:20,25:24,26:15,27:19,28:14,29:21,30:37,31:21,32:23,33:40,34:19,35:26,36:30,37:17,38:19,39:29,40:29,41:18,42:29,43:23,44:31,45:27,46:18,47:24,48:20,49:22,50:27
(105,(92)21)0	1.3861747538169047	4.0	5.3861747538169045	2.0140494494380337e-12	1:26,2:6,3:2,4:4,5:6,7:3,8:5,9:4,10:3,11:5,12:8,13:5,14:2,15:3,16:4,17:10,18:5,19:8,20:6,21:11,22:4,23:4,24:6,25:11,26:7,27:4,28:6,29:3,30:5,31:2,32:6,33:5,34:2,35:5,36:2,37:6,38:5,39:7,40:5,41:6,42:5,43:1,44:7,45:8,46:1,47:7,48:3,49:5,50:5
(((105)92)0)21	0.8010196455118122	5.0	5.801019645511812	2.530730462348346e-13	1:5,2:1,3:1,4:1,5:2,6:1,7:2,8:2,9:1,10:4,11:2,13:1,14:3,15:1,16:2,17:1,19:4,21:2,22:1,23:1,25:2,29:2,30:1,31:1,32:1,33:2,34:4,35:1,36:2,37:2,39:3,40:3,41:2,42:4,44:4,47:2,48:2
(((92)105)21)0	0.8416201054231649	5.0	5.841620105423165	2.065775460954531e-13	1:4,2:1,4:1,5:1,7:1,8:1,10:2,11:2,12:2,13:4,14:1,15:3,16:2,17:2,18:1,19:2,20:3,21:1,24:1,25:2,26:1,27:3,28:1,29:1,32:2,33:1,34:3,36:1,37:1,38:2,39:1,40:2,41:2,42:1,44:1,45:2,46:1,47:1,48:5,49:3,50:5
(((105)21)92)0	0.8961562759269897	5.0	5.896156275926989	1.5727486628794136e-13	1:9,2:6,3:3,4:3,5:9,6:4,7:5,8:3,9:5,10:5,11:3,12:6,13:6,14:3,15:6,16:5,17:3,18:6,19:2,20:7,21:8,22:5,23:5,24:4,25:10,26:7,27:6,28:4,29:9,30:5,31:7,32:4,33:1,34:3,35:2,36:5,37:3,38:6,39:5,40:8,41:5,42:4,43:3,44:6,45:4,46:6,47:12,48:10,49:1,50:6
((105,92)21)0	1.3716046351917837	5.0	6.371604635191783	1.4596083202948125e-14	1:10,2:3,3:2,4:4,5:4,6:2,8:4,9:7,10:3,11:7,12:2,13:3,14:4,15:4,16:2,17:4,18:1,19:2,20:4,21:1,22:1,23:3,24:1,25:5,26:4,27:5,28:4,29:1,30:6,31:4,32:2,33:3,34:6,35:4,36:1,39:1,40:2,41:5,42:2,43:1,44:3,45:2,46:5,47:6,48:1,49:3,50:7
(((105)92)21)0	0.8805221587745728	6.0	6.880522158774573	1.1458716354157381e-15	1:8,2:3,3:2,4:4,5:2,6:3,7:2,8:1,9:2,10:2,11:2,12:1,13:1,14:1,16:1,17:3,20:4,21:1,23:1,24:3,26:1,27:2,28:2,31:2,32:2,33:2,34:1,35:2,36:1,37:2,38:1,39:4,40:1,41:2,42:3,43:1,44:1,45:2,46:3,47:1,48:1,49:2,50:1
