# generation count = 50 
#
generation.index	generationHighestFitness	generationMedianFitness	populationHighestFitness	populationMedianFitness
1	0.9531337870775045	1.098102940806206e-07	0.9531337870775045	1.098102940806206e-07
2	0.9531337870775045	0.0036773148390343673	0.9531337870775045	1.8829739611733168e-05
3	0.9531337870775045	0.004406416879175	0.9531337870775045	2.9861542698219467e-05
4	0.9531337870775045	0.004406416879175	0.9531337870775045	0.0006964749822474614
5	0.9531337870775045	0.004406416879175	0.9531337870775045	0.0035787084602290405
6	0.9531337870775045	0.0036773148390343673	0.9531337870775045	0.0035787084602290405
7	0.9531337870775045	0.004406416879175	0.9531337870775045	0.0035787084602290405
8	0.9531337870775045	0.004406416879175	0.9531337870775045	0.0036773148390343673
9	0.9531337870775045	0.004406416879175	0.9531337870775045	0.0036773148390343673
10	0.9531337870775045	0.004406416879175	0.9531337870775045	0.0036773148390343673
11	0.9531337870775045	0.0036773148390343673	0.9531337870775045	0.0036773148390343673
12	0.9531337870775045	0.004406416879175	0.9531337870775045	0.0036773148390343673
13	0.9531337870775045	0.004406416879175	0.9531337870775045	0.0036773148390343673
14	0.9531337870775045	0.004406416879175	0.9531337870775045	0.0036773148390343673
15	0.9531337870775045	0.004406416879175	0.9531337870775045	0.0036773148390343673
16	0.9531337870775045	0.004406416879175	0.9531337870775045	0.0036773148390343673
17	0.9531337870775045	0.004406416879175	0.9531337870775045	0.0036773148390343673
18	0.9531337870775045	0.004406416879175	0.9531337870775045	0.0036773148390343673
19	0.9531337870775045	0.004406416879175	0.9531337870775045	0.0036773148390343673
20	0.9531337870775045	0.0036773148390343673	0.9531337870775045	0.0036773148390343673
21	0.9531337870775045	0.0036773148390343673	0.9531337870775045	0.0036773148390343673
22	0.9531337870775045	0.004406416879175	0.9531337870775045	0.0036773148390343673
23	0.9531337870775045	0.004406416879175	0.9531337870775045	0.0036773148390343673
24	0.9531337870775045	0.0036773148390343673	0.9531337870775045	0.0036773148390343673
25	0.9531337870775045	0.004406416879175	0.9531337870775045	0.0036773148390343673
26	0.9531337870775045	0.004406416879175	0.9531337870775045	0.0036773148390343673
27	0.9531337870775045	0.004406416879175	0.9531337870775045	0.0036773148390343673
28	0.9531337870775045	0.004406416879175	0.9531337870775045	0.004406416879175
29	0.9531337870775045	0.004406416879175	0.9531337870775045	0.004406416879175
30	0.9531337870775045	0.004406416879175	0.9531337870775045	0.004406416879175
31	0.9531337870775045	0.004406416879175	0.9531337870775045	0.004406416879175
32	0.9531337870775045	0.004406416879175	0.9531337870775045	0.004406416879175
33	0.9531337870775045	0.004406416879175	0.9531337870775045	0.004406416879175
34	0.9531337870775045	0.0036773148390343673	0.9531337870775045	0.004406416879175
35	0.9531337870775045	0.004406416879175	0.9531337870775045	0.004406416879175
36	0.9531337870775045	0.0036773148390343673	0.9531337870775045	0.004406416879175
37	0.9531337870775045	0.004406416879175	0.9531337870775045	0.004406416879175
38	0.9531337870775045	0.004406416879175	0.9531337870775045	0.004406416879175
39	0.9531337870775045	0.004406416879175	0.9531337870775045	0.004406416879175
40	0.9531337870775045	0.004406416879175	0.9531337870775045	0.004406416879175
41	0.9531337870775045	0.004406416879175	0.9531337870775045	0.004406416879175
42	0.9531337870775045	0.004406416879175	0.9531337870775045	0.004406416879175
43	0.9531337870775045	0.0036773148390343673	0.9531337870775045	0.004406416879175
44	0.9531337870775045	0.004406416879175	0.9531337870775045	0.004406416879175
45	0.9531337870775045	0.004406416879175	0.9531337870775045	0.004406416879175
46	0.9531337870775045	0.004406416879175	0.9531337870775045	0.004406416879175
47	0.9531337870775045	0.004406416879175	0.9531337870775045	0.004406416879175
48	0.9531337870775045	0.004406416879175	0.9531337870775045	0.004406416879175
49	0.9531337870775045	0.004406416879175	0.9531337870775045	0.004406416879175
50	0.9531337870775045	0.004406416879175	0.9531337870775045	0.004406416879175
############################################################
Topology	MassCost	TopologyCost	Cost	Fitness	appearances(generationID:count)
((0)21,92)105	0.009600000000000053	0.0	0.009600000000000053	0.9531337870775045	1:20,2:82,3:86,4:86,5:87,6:78,7:97,8:89,9:102,10:88,11:91,12:90,13:95,14:108,15:78,16:88,17:122,18:84,19:80,20:76,21:91,22:101,23:92,24:101,25:95,26:93,27:90,28:82,29:76,30:85,31:84,32:91,33:74,34:85,35:90,36:79,37:90,38:77,39:90,40:75,41:111,42:93,43:93,44:92,45:85,46:84,47:84,48:90,49:77,50:94
(21,(0)92)105	0.009600000000000053	0.0	0.009600000000000053	0.9531337870775045	1:26,2:118,3:130,4:121,5:133,6:130,7:133,8:150,9:154,10:152,11:122,12:128,13:144,14:121,15:134,16:132,17:146,18:169,19:144,20:125,21:132,22:132,23:150,24:130,25:149,26:155,27:146,28:141,29:142,30:145,31:141,32:131,33:165,34:131,35:156,36:159,37:145,38:144,39:156,40:159,41:146,42:165,43:141,44:151,45:160,46:143,47:120,48:155,49:161,50:150
(0,(21)92)105	0.04910000000000003	0.0	0.04910000000000003	0.78231328379451	1:20,2:109,3:114,4:114,5:102,6:100,7:108,8:93,9:106,10:112,11:97,12:110,13:116,14:107,15:120,16:119,17:98,18:112,19:106,20:111,21:106,22:98,23:120,24:95,25:117,26:112,27:108,28:103,29:120,30:100,31:96,32:107,33:103,34:120,35:122,36:99,37:104,38:110,39:105,40:106,41:98,42:122,43:113,44:109,45:101,46:109,47:129,48:105,49:105,50:115
(((0)21)92)105	0.04910000000000003	0.0	0.04910000000000003	0.78231328379451	1:4,2:25,3:18,4:25,5:29,6:23,7:32,8:36,9:24,10:18,11:23,12:30,13:14,14:20,15:24,16:23,17:33,18:28,19:24,20:21,21:27,22:26,23:23,24:29,25:26,26:28,27:21,28:30,29:29,30:26,31:33,32:23,33:19,34:19,35:26,36:17,37:23,38:25,39:23,40:27,41:21,42:19,43:25,44:22,45:28,46:32,47:20,48:19,49:36,50:21
(0,21,92)105	0.3201303640706393	0.0	0.3201303640706393	0.2017649606155336	1:42,2:92,3:74,4:88,5:79,6:56,7:60,8:66,9:62,10:65,11:82,12:75,13:82,14:85,15:62,16:76,17:58,18:61,19:87,20:77,21:72,22:74,23:66,24:76,25:80,26:61,27:75,28:78,29:83,30:73,31:72,32:79,33:90,34:69,35:60,36:54,37:68,38:69,39:58,40:52,41:63,42:66,43:57,44:90,45:51,46:65,47:75,48:66,49:68,50:71
((0,21)92)105	0.3955232736515008	0.0	0.3955232736515008	0.13839873607345463	1:17,2:29,3:25,4:21,5:25,6:27,7:28,8:19,9:21,10:21,11:29,12:17,13:27,14:22,15:25,16:17,17:28,18:36,19:22,20:20,21:23,22:17,23:15,24:22,25:20,26:18,27:27,28:20,29:23,30:19,31:29,32:16,33:25,34:19,35:30,36:26,37:33,38:29,39:27,40:28,41:14,42:20,43:19,44:15,45:22,46:28,47:18,48:18,49:17,50:26
(((0)92)21)105	0.08493868376658541	1.0	1.0849386837665853	0.004406416879175	1:11,2:19,3:20,4:5,5:16,6:16,7:13,8:17,9:11,10:16,11:11,12:11,13:11,14:12,15:18,16:14,17:17,18:9,19:16,20:16,21:11,22:16,23:16,24:15,25:11,26:15,27:15,28:10,29:14,30:15,31:17,32:14,33:11,34:11,35:14,36:12,37:12,38:14,39:16,40:13,41:22,42:13,43:11,44:10,45:13,46:16,47:11,48:20,49:11,50:16
(0,(92)21)105	0.08493868376658541	1.0	1.0849386837665853	0.004406416879175	1:23,2:24,3:42,4:46,5:44,6:32,7:35,8:45,9:37,10:50,11:38,12:57,13:36,14:50,15:41,16:33,17:35,18:42,19:46,20:52,21:33,22:42,23:42,24:31,25:44,26:43,27:47,28:46,29:50,30:38,31:41,32:52,33:42,34:38,35:44,36:36,37:38,38:46,39:42,40:44,41:38,42:47,43:39,44:43,45:42,46:36,47:47,48:40,49:47,50:30
((21)0,92)105	0.12111449128820218	1.0	1.121114491288202	0.0036773148390343673	1:12,2:32,3:26,4:40,5:35,6:28,7:29,8:35,9:41,10:22,11:24,12:28,13:28,14:37,15:46,16:42,17:40,18:29,19:33,20:32,21:30,22:35,23:36,24:43,25:31,26:28,27:33,28:27,29:41,30:34,31:35,32:36,33:38,34:31,35:22,36:35,37:36,38:28,39:43,40:22,41:34,42:30,43:34,44:30,45:29,46:29,47:37,48:28,49:25,50:27
(((21)0)92)105	0.12111449128820218	1.0	1.121114491288202	0.0036773148390343673	1:9,2:12,3:18,4:9,5:10,6:14,7:15,8:17,9:19,10:17,11:15,12:14,13:16,14:12,15:16,16:23,17:17,18:19,19:14,20:17,21:11,22:14,23:10,24:11,25:16,26:14,27:13,28:18,29:15,30:25,31:9,32:17,33:14,34:25,35:13,36:14,37:21,38:11,39:17,40:17,41:16,42:15,43:12,44:13,45:13,46:15,47:10,48:16,49:20,50:13
((92)0,21)105	0.12655066179202695	1.0	1.126550661792027	0.0035787084602290405	1:27,2:43,3:31,4:44,5:38,6:47,7:35,8:36,9:32,10:35,11:36,12:45,13:37,14:40,15:38,16:40,17:32,18:24,19:33,20:40,21:37,22:32,23:40,24:41,25:32,26:38,27:27,28:32,29:34,30:39,31:39,32:46,33:32,34:45,35:36,36:47,37:44,38:43,39:42,40:36,41:38,42:37,43:40,44:42,45:41,46:36,47:42,48:43,49:37,50:38
((0,92)21)105	0.45389573692644436	1.0	1.4538957369264445	0.0006964749822474614	1:13,2:11,3:12,4:13,5:13,6:11,7:9,8:11,9:11,10:13,11:7,12:15,13:9,14:11,15:8,16:12,17:8,18:14,19:17,20:8,21:6,22:11,23:10,24:9,25:10,26:10,27:11,28:8,29:5,30:8,31:14,32:7,33:6,34:13,35:18,36:7,37:12,38:7,39:10,40:13,41:12,42:12,43:13,44:9,45:14,46:10,47:10,48:13,49:10,50:11
((0,21)105)92	0.6744689837197853	1.0	1.6744689837197853	0.00023117283618938954	1:9,2:5,3:2,4:6,5:3,6:3,7:7,8:2,9:4,10:2,11:4,12:4,13:5,14:3,15:2,16:3,17:7,18:5,19:7,20:5,21:8,23:2,24:1,25:4,26:5,27:3,28:2,29:1,30:3,31:4,32:5,33:2,34:7,35:5,36:3,37:5,38:3,39:1,40:4,41:1,42:3,43:2,44:1,45:3,46:4,47:2,48:5,49:5,50:7
(((0)21)105)92	0.6744689837197853	1.0	1.6744689837197853	0.00023117283618938954	1:10,2:4,3:6,4:3,5:4,6:6,7:4,8:6,9:6,10:7,11:6,12:3,13:6,14:6,15:4,16:5,17:3,18:1,19:5,20:2,21:9,22:5,23:6,24:3,25:2,26:10,27:10,28:5,29:7,30:4,31:6,32:8,33:5,34:2,35:8,36:5,37:5,38:5,39:6,40:4,41:6,42:7,43:5,44:4,45:5,46:8,47:6,48:3,49:5,50:6
(0,(21)105)92	1.0837878205626783	1.0	2.0837878205626783	2.9861542698219467e-05	1:21,2:20,3:17,4:13,5:37,6:23,7:20,8:21,9:20,10:13,11:28,12:22,13:25,14:22,15:17,16:21,17:19,18:24,19:27,20:21,21:23,22:27,23:11,24:16,25:18,26:19,27:28,28:26,29:19,30:26,31:28,32:25,33:22,34:20,35:16,36:13,37:24,38:29,39:17,40:26,41:15,42:17,43:32,44:22,45:22,46:16,47:21,48:25,49:26,50:16
(((92)0)21)105	0.12655066179202695	2.0	2.126550661792027	2.4113147930202038e-05	1:5,2:12,3:12,4:5,5:4,6:11,7:9,8:8,9:9,10:8,11:10,12:6,13:9,14:8,15:14,16:8,17:9,18:10,19:8,20:4,21:12,22:9,23:9,24:6,25:6,26:5,27:5,28:13,29:8,30:9,31:9,32:6,33:9,34:3,35:4,36:7,37:7,38:3,39:13,40:10,41:10,42:4,43:8,44:6,45:6,46:2,47:12,48:6,49:4,50:8
(((21)92)0)105	0.17565066179202699	2.0	2.175650661792027	1.8864035939899156e-05	1:10,2:7,3:11,4:11,5:8,6:6,7:11,8:8,9:8,10:7,11:3,12:10,13:5,14:5,15:11,16:7,17:5,18:6,19:7,20:7,21:9,22:4,23:9,24:9,25:6,26:7,27:4,28:4,29:4,30:10,31:11,32:6,33:6,34:2,35:9,36:9,37:6,38:11,39:12,40:9,41:9,42:5,43:8,44:5,45:7,46:6,47:4,48:10,49:15,50:7
(105,(0)21)92	1.1760146087527994	1.0	2.1760146087527996	1.8829739611733168e-05	1:20,2:22,3:21,4:30,5:24,6:24,7:23,8:26,9:25,10:26,11:19,12:18,13:37,14:12,15:25,16:24,17:19,18:16,19:25,20:26,21:14,22:20,23:22,24:21,25:21,26:21,27:15,28:21,29:11,30:29,31:18,32:23,33:23,34:20,35:17,36:23,37:19,38:23,39:9,40:18,41:26,42:17,43:24,44:17,45:19,46:26,47:23,48:12,49:16,50:26
((0)105,21)92	1.1760146087527994	1.0	2.1760146087527996	1.8829739611733168e-05	1:19,2:25,3:35,4:30,5:26,6:32,7:27,8:35,9:32,10:26,11:44,12:35,13:29,14:35,15:36,16:30,17:19,18:30,19:32,20:26,21:24,22:31,23:32,24:24,25:33,26:22,27:24,28:30,29:21,30:28,31:31,32:20,33:35,34:31,35:26,36:41,37:32,38:27,39:37,40:28,41:31,42:29,43:33,44:21,45:28,46:36,47:33,48:30,49:21,50:30
(0,105,21)92	1.5889411726052036	1.0	2.5889411726052036	2.388832361616408e-06	1:50,2:14,3:13,4:9,5:11,6:11,7:13,8:16,9:10,10:19,11:13,12:12,13:14,14:12,15:11,16:9,17:8,18:11,19:11,20:7,21:16,22:10,23:10,24:15,25:14,26:10,27:16,28:11,29:10,30:10,31:11,32:11,33:18,34:11,35:10,36:13,37:9,38:15,39:10,40:17,41:12,42:8,43:5,44:12,45:11,46:8,47:6,48:7,49:12,50:11
((21,92)0)105	0.6370179118360801	2.0	2.63701791183608	1.8784012174519803e-06	1:9,2:6,3:2,4:9,5:7,6:7,7:9,8:1,9:6,10:3,11:4,12:2,13:6,14:2,15:5,16:4,17:4,18:3,19:5,20:5,21:7,22:6,23:2,24:5,25:5,26:7,27:3,28:4,29:1,30:1,31:5,32:9,33:3,34:2,35:5,36:4,37:3,38:6,39:3,40:4,41:2,42:3,43:3,44:5,45:1,46:4,47:3,48:3,49:5,50:3
(((0)92)105)21	0.7205056141349627	2.0	2.7205056141349626	1.237362981474127e-06	1:7,6:2,7:1,8:1,11:2,15:3,17:2,18:2,19:1,20:1,21:2,22:1,23:1,24:1,26:3,27:3,28:1,30:2,35:2,37:2,39:3,40:1,41:3,42:1,43:1,45:1,46:1,48:1,49:2,50:1
((0,92)105)21	0.7205056141349627	2.0	2.7205056141349626	1.237362981474127e-06	1:11,2:2,3:3,4:3,5:2,6:7,7:1,8:2,9:4,10:2,11:4,12:2,14:2,15:3,16:3,17:4,18:4,19:1,20:5,21:3,23:2,24:2,25:3,26:2,27:3,28:2,29:5,30:3,31:3,32:8,33:6,34:3,36:4,37:4,38:3,39:4,40:5,41:1,42:4,43:1,44:3,45:3,47:3,48:2,49:4,50:1
(((0)105)21)92	0.7696056141349628	2.0	2.7696056141349628	9.680054972827883e-07	1:8,3:1,5:1,6:2,8:2,10:1,11:2,12:1,13:2,14:3,15:3,19:3,22:1,23:1,24:3,25:1,26:3,27:1,28:4,29:2,30:3,31:1,32:1,34:2,35:1,36:1,37:1,38:1,39:1,41:2,43:1,44:3,45:3,46:3,47:1,48:2,49:5,50:1
(((21)0)105)92	0.7955834750079874	2.0	2.7955834750079873	8.500953009009032e-07	1:6,2:1,3:1,4:1,6:1,7:3,8:1,10:1,11:1,12:1,13:2,14:1,15:4,16:4,17:2,18:2,19:1,20:1,21:2,22:1,23:1,24:2,25:3,26:1,28:2,29:5,30:1,31:1,33:1,35:1,36:1,41:2,42:1,43:2,44:1,46:1,47:1,48:2,50:1
(0,(105)21)92	1.1160288877864635	2.0	3.1160288877864635	1.7124947270010065e-07	1:15,2:3,3:11,4:5,5:5,6:5,7:5,8:4,9:6,10:5,11:4,12:4,13:5,14:4,15:1,16:7,17:1,18:6,19:4,20:4,21:5,22:7,23:6,24:5,25:6,26:6,27:7,28:3,29:7,30:5,31:5,32:3,33:4,34:7,35:3,36:6,37:4,38:6,39:7,40:6,41:3,42:3,43:5,44:6,45:5,46:7,47:5,48:9,49:4,50:2
(0,(92)105)21	1.1241028911981323	2.0	3.1241028911981323	1.6447381545263255e-07	1:20,2:5,3:7,4:4,5:4,6:5,7:4,8:5,9:5,10:6,11:3,12:8,13:2,14:5,15:5,16:5,17:6,18:2,19:3,20:6,21:5,22:5,23:3,24:4,25:1,26:5,27:4,28:5,29:3,30:1,31:4,32:6,33:5,34:4,35:3,36:4,37:6,38:7,39:4,40:5,41:4,42:3,43:5,44:9,45:1,46:5,47:1,48:2,49:6,50:7
((0,105)21)92	1.1732028911981325	2.0	3.1732028911981325	1.2867005066496125e-07	1:11,2:4,3:7,4:4,5:2,6:4,7:4,8:2,9:3,10:2,11:2,12:2,13:3,14:4,15:1,16:4,17:2,18:5,19:2,20:3,21:3,22:2,23:2,24:1,25:6,26:3,27:3,28:2,29:7,30:4,31:7,33:3,34:2,35:2,36:1,37:2,38:4,39:3,40:3,41:2,42:2,43:1,44:4,45:3,46:2,47:3,48:2,49:4,50:4
((105)0,21)92	1.195796214591028	2.0	3.195796214591028	1.1492557718915964e-07	1:21,2:4,3:3,4:6,5:5,6:3,7:6,8:2,9:4,10:5,11:2,12:3,13:3,14:3,15:4,16:9,17:3,18:3,19:7,20:3,21:3,22:9,23:5,24:6,25:5,26:5,27:2,28:6,29:3,30:7,31:9,32:2,33:5,34:2,35:1,36:6,37:5,38:5,39:7,40:7,41:8,42:6,43:3,44:2,45:10,46:4,47:6,48:7,49:4
((21)0,105)92	1.2049023118508804	2.0	3.2049023118508804	1.098102940806206e-07	1:26,2:6,3:3,4:7,5:8,6:4,7:5,8:3,9:7,10:6,11:4,12:7,13:5,14:2,15:4,16:4,17:6,18:7,19:6,20:10,21:6,22:6,23:8,24:2,25:4,26:6,27:4,28:2,29:6,30:3,31:4,32:6,33:6,34:6,35:5,36:2,37:8,38:8,39:9,40:10,41:9,42:5,43:8,44:5,45:6,46:3,47:8,48:3,49:5,50:3
(((92)21)0)105	0.2060531750547876	3.0	3.2060531750547874	1.0918022549174629e-07	1:5,2:5,3:6,4:2,5:2,6:7,7:3,8:7,9:7,10:8,11:4,12:7,13:6,14:3,15:8,16:3,17:8,18:4,19:6,20:5,21:7,22:7,23:7,24:6,25:6,26:2,27:9,28:6,29:8,30:7,31:3,32:3,33:8,34:6,35:4,36:10,37:2,38:5,39:7,40:5,41:7,42:3,43:6,44:7,45:2,46:7,47:2,48:4,49:7,50:5
(105,(0)92)21	1.2504901439035816	2.0	3.2504901439035816	8.74279580293734e-08	1:21,2:26,3:27,4:29,5:29,6:38,7:43,8:26,9:26,10:39,11:35,12:33,13:32,14:34,15:26,16:28,17:36,18:27,19:23,20:39,21:41,22:43,23:28,24:39,25:33,26:36,27:35,28:33,29:37,30:29,31:22,32:31,33:24,34:32,35:26,36:34,37:34,38:30,39:22,40:44,41:38,42:31,43:27,44:28,45:33,46:23,47:34,48:25,49:36,50:28
((0)105,92)21	1.2504901439035816	2.0	3.2504901439035816	8.74279580293734e-08	1:21,2:24,3:29,4:19,5:24,6:26,7:22,8:19,9:26,10:16,11:28,12:22,13:18,14:24,15:13,16:21,17:17,18:20,19:15,20:25,21:25,22:23,23:20,24:20,25:16,26:23,27:20,28:27,29:21,30:19,31:17,32:22,33:17,34:32,35:20,36:24,37:22,38:16,39:19,40:21,41:19,42:31,43:23,44:22,45:22,46:23,47:21,48:19,49:22,50:22
(0,105,92)21	1.659828897808446	2.0	3.659828897808446	1.129230305326267e-08	1:40,2:13,3:9,4:11,5:9,6:15,7:9,8:15,9:7,10:11,11:17,12:14,13:14,14:17,15:8,16:10,17:14,18:14,19:9,20:15,21:11,22:14,23:20,24:14,25:15,26:13,27:17,28:9,29:8,30:7,31:7,32:7,33:4,34:6,35:10,36:10,37:14,38:12,39:7,40:14,41:10,42:6,43:10,44:16,45:16,46:15,47:9,48:11,49:7,50:12
(((0)105)92)21	0.7594076674863707	3.0	3.7594076674863706	6.863568524187547e-09	1:8,2:5,3:5,4:3,5:5,6:7,7:7,8:5,9:3,10:5,11:7,12:4,13:3,14:9,15:4,16:6,17:5,18:8,19:3,20:8,21:8,22:5,23:4,24:7,25:1,26:6,27:1,28:7,29:3,30:4,31:6,32:6,33:6,34:3,35:5,36:9,37:5,38:5,39:3,40:6,41:2,42:5,43:4,44:7,45:5,46:8,47:8,48:2,49:9,50:11
(((21)105)0)92	0.8002729409395272	3.0	3.8002729409395273	5.5951554899235014e-09	1:2,3:1,4:1,6:2,7:3,8:3,9:1,10:2,11:2,13:1,14:2,15:1,16:1,18:3,19:1,20:2,21:1,22:2,23:2,24:1,25:2,27:2,28:1,31:2,32:1,33:3,34:3,36:3,38:1,41:2,42:5,43:3,44:2,45:1,46:3,47:3,48:3,49:2,50:2
((21,92)105)0	0.8098729409395272	3.0	3.809872940939527	5.332931741398287e-09	1:9,2:4,3:4,4:1,5:2,6:3,7:2,8:3,10:1,11:5,12:3,13:4,14:2,15:4,16:1,17:2,18:6,19:1,20:3,21:4,22:3,23:5,24:2,25:2,26:5,27:2,28:3,29:2,30:4,31:4,32:2,33:3,34:3,35:3,36:9,37:1,38:4,39:4,40:3,41:3,42:4,43:7,44:5,45:3,46:1,47:4,48:5,49:3,50:3
(((92)0)105)21	0.8470562759269897	3.0	3.84705627592699	4.428161370175687e-09	1:5,3:3,4:1,5:2,6:1,7:2,9:3,10:1,11:3,12:3,14:1,15:1,20:2,21:2,22:3,23:2,24:2,26:3,27:4,28:3,30:4,31:1,32:3,34:1,36:1,38:1,39:2,41:1,42:1,43:1,44:3,45:3,46:1,47:2,48:1,50:4
(((21)92)105)0	0.8493729409395272	3.0	3.849372940939527	4.3771644646629365e-09	1:6,2:3,4:2,5:4,7:2,8:1,10:2,11:1,12:2,13:2,14:3,17:3,18:1,19:5,20:2,21:2,24:2,25:2,26:2,27:2,28:3,29:2,30:2,31:3,33:3,34:4,35:1,36:1,37:4,38:1,39:4,40:2,42:2,43:1,44:1,45:2,46:3,48:2,49:3,50:1
(((105)0)21)92	0.8493729409395272	3.0	3.849372940939527	4.3771644646629365e-09	1:3,2:1,4:3,5:3,6:1,8:2,9:1,10:1,11:3,12:1,13:2,14:3,15:5,16:1,17:1,18:4,19:3,22:1,26:1,27:1,28:1,30:1,31:1,32:3,33:2,34:2,35:3,36:5,37:1,38:1,39:2,40:1,41:1,43:2,45:4,46:1,48:1,50:3
(0,(105)92)21	1.1283647206462297	3.0	4.12836472064623	1.0848505479882653e-09	1:23,2:17,3:30,4:24,5:20,6:26,7:19,8:15,9:15,10:14,11:22,12:15,13:19,14:15,15:16,16:27,17:21,18:16,19:15,20:19,21:23,22:17,23:18,24:23,25:17,26:20,27:22,28:18,29:26,30:35,31:27,32:23,33:24,34:18,35:26,36:20,37:19,38:21,39:16,40:24,41:20,42:17,43:23,44:22,45:20,46:21,47:27,48:21,49:24,50:25
((0,105)92)21	1.1687265043292636	3.0	4.168726504329264	8.865952761823165e-10	1:20,2:1,3:2,4:4,5:4,6:5,7:3,8:3,9:6,10:5,11:8,12:1,13:5,14:2,15:3,16:3,17:2,18:3,19:4,20:3,21:1,22:2,23:5,24:5,25:3,26:3,27:2,28:4,29:3,30:2,31:2,32:4,33:5,34:1,35:4,36:6,37:5,38:4,39:6,40:4,42:3,43:2,44:3,45:3,46:5,47:5,48:1,49:1,50:4
((92)0,105)21	1.2506535529901592	3.0	4.250653552990159	5.886038348464871e-10	1:28,2:10,3:4,4:6,5:8,6:5,7:8,8:7,9:8,10:6,11:4,12:4,13:4,14:6,15:5,16:5,17:5,18:12,19:3,20:5,21:5,22:6,23:6,24:4,25:6,26:4,27:11,28:5,29:5,30:6,31:8,32:2,33:6,34:5,35:5,36:6,37:7,38:5,39:4,40:1,41:5,42:5,43:8,44:4,45:5,46:4,47:2,48:3,49:2,50:5
((105)0,92)21	1.2541686778659715	3.0	4.254168677865971	5.78349135284856e-10	1:23,2:2,3:4,4:2,5:5,6:7,7:1,8:6,9:3,10:3,11:5,12:5,13:4,14:4,15:6,16:5,17:3,18:5,19:5,20:4,21:5,22:4,23:3,24:8,25:13,26:3,27:4,28:3,29:7,30:2,31:5,32:5,33:5,34:3,35:6,36:8,37:1,38:2,39:3,40:4,41:7,42:7,43:10,44:3,45:4,46:3,47:6,48:5,49:4,50:3
((105,21)0)92	1.3012360700503194	3.0	4.30123607005032	4.5707192593523087e-10	1:14,2:4,3:5,4:3,5:3,6:3,7:3,8:2,9:2,10:1,11:1,12:5,13:1,14:4,16:3,17:2,18:2,19:4,20:1,21:2,22:3,23:4,24:5,25:4,26:4,27:1,28:1,29:3,30:1,31:1,32:4,33:3,34:6,35:2,36:2,37:3,38:4,39:1,40:1,41:2,42:3,43:2,44:3,45:4,46:4,47:3,48:2,49:1
((92)105,21)0	1.3012360700503194	3.0	4.30123607005032	4.5707192593523087e-10	1:24,2:6,3:3,4:9,5:3,6:4,7:2,8:5,9:6,10:5,11:8,12:7,13:4,14:7,15:7,16:5,17:4,18:5,19:5,20:2,21:3,22:4,23:8,24:10,25:3,26:7,27:8,28:5,29:3,30:7,31:4,32:7,33:6,34:5,35:5,36:5,37:4,38:5,39:4,40:5,41:9,42:7,43:4,44:2,45:7,46:6,47:2,48:10,49:5,50:5
((21)105,92)0	1.3360087125464415	3.0	4.336008712546441	3.841286617833932e-10	1:25,2:7,3:2,4:7,5:3,6:4,7:1,8:5,9:7,10:5,11:5,12:5,13:2,14:4,15:1,16:4,17:5,18:7,19:6,20:4,22:5,23:6,24:5,25:3,26:4,28:4,29:3,30:3,31:3,32:5,33:7,34:5,35:7,36:4,37:4,38:5,39:9,40:4,41:4,42:3,43:4,44:3,45:4,46:7,47:7,48:4,49:6,50:10
(105,(21)92)0	1.3851087125464416	3.0	4.385108712546442	3.005089547993561e-10	1:26,2:19,3:19,4:21,5:22,6:22,7:26,8:21,9:28,10:28,11:26,12:17,13:18,14:19,15:16,16:17,17:21,18:14,19:18,20:24,21:21,22:22,23:30,24:20,25:24,26:16,27:15,28:29,29:15,30:22,31:21,32:18,33:19,34:27,35:15,36:17,37:21,38:20,39:29,40:20,41:24,42:19,43:25,44:18,45:21,46:29,47:24,48:25,49:16,50:16
(((92)105)0)21	0.8002729409395272	4.0	4.800272940939527	3.769986114274663e-11	1:3,2:2,4:2,7:4,8:1,9:4,11:3,12:1,16:2,17:1,18:1,19:2,20:3,21:1,24:1,25:2,26:2,27:3,28:2,29:3,30:2,31:1,32:6,34:1,35:2,37:2,38:2,40:2,41:1,42:2,43:1,44:3,45:2,46:2,47:2,49:2,50:2
(((21)105)92)0	0.8010196455118122	4.0	4.801019645511812	3.755937027542424e-11	1:7,2:2,3:2,4:2,5:1,6:1,8:3,9:2,10:3,11:1,12:1,14:4,15:1,16:1,17:2,18:2,20:2,23:1,24:5,25:2,27:3,28:4,29:4,30:1,31:2,34:1,35:4,36:3,37:1,40:1,41:1,42:3,43:4,44:1,45:1,46:2,47:2,48:2,49:1,50:2
(105,21,92)0	1.8396767243187049	3.0	4.839676724318705	3.09581872092677e-11	1:47,2:27,3:14,4:13,5:7,6:11,7:12,8:12,9:11,10:9,11:13,12:12,13:11,14:10,15:14,16:16,17:9,18:8,19:11,20:14,21:16,22:9,23:13,24:10,25:13,26:14,27:16,28:7,29:13,30:7,31:7,32:12,33:11,34:20,35:18,36:13,37:14,38:14,39:12,40:15,41:9,42:14,43:14,44:10,45:14,46:11,47:10,48:14,49:15,50:8
(((105)21)0)92	0.8416201054231649	4.0	4.841620105423165	3.0658826215684335e-11	1:4,2:1,4:1,5:1,6:2,7:2,8:3,9:1,10:1,11:2,12:2,13:3,14:2,15:2,16:3,18:1,19:3,20:1,21:1,22:3,23:1,25:1,26:1,27:2,28:6,29:2,30:1,31:1,32:2,33:2,35:1,36:4,38:3,39:2,41:2,42:1,45:2,46:3,47:1,48:5,49:4
(((92)21)105)0	0.8852116247061126	4.0	4.885211624706113	2.465458759240758e-11	1:4,2:1,3:1,5:4,6:1,8:1,9:1,11:1,12:1,13:1,14:3,15:1,16:1,17:2,18:2,19:4,21:2,23:2,25:1,26:2,27:1,29:1,31:2,33:1,34:1,35:4,36:1,38:1,39:2,41:1,44:1,45:1,46:1,47:3,49:1,50:1
(((105)0)92)21	0.8852116247061126	4.0	4.885211624706113	2.465458759240758e-11	1:12,2:1,3:1,4:2,5:3,6:3,7:1,8:3,9:2,10:1,11:3,12:2,13:1,14:3,16:3,17:1,19:2,20:3,21:1,22:3,24:1,25:2,26:2,27:1,28:2,29:1,30:2,32:1,33:2,34:1,35:2,36:3,37:2,38:2,39:4,40:2,41:1,42:1,43:1,45:3,47:2,48:2
((105,21)92)0	1.3025652705448263	4.0	5.302565270544826	3.0593264067042278e-12	1:12,2:6,3:1,4:3,5:3,6:6,7:5,8:5,9:1,10:2,11:1,12:1,13:2,14:7,15:1,16:3,17:1,18:1,19:6,20:3,21:4,22:6,23:1,24:5,25:5,26:1,27:1,28:2,29:2,30:5,31:4,32:6,33:5,34:6,35:5,37:2,38:2,39:1,40:3,41:2,42:3,43:4,44:1,45:1,46:4,47:3,48:6,49:2,50:6
(21,(105)92)0	1.3114868955558654	4.0	5.311486895555865	2.925854685431582e-12	1:15,2:31,3:36,4:32,5:31,6:36,7:28,8:23,9:28,10:40,11:29,12:30,13:36,14:25,15:40,16:34,17:24,18:33,19:34,20:33,21:35,22:28,23:26,24:24,25:27,26:27,27:29,28:41,29:36,30:27,31:31,32:29,33:27,34:36,35:23,36:34,37:24,38:27,39:27,40:26,41:29,42:28,43:31,44:36,45:40,46:29,47:33,48:36,49:32,50:29
((105,92)0)21	1.3360087125464415	4.0	5.336008712546441	2.5882385639261307e-12	1:14,2:4,3:4,4:9,5:6,6:3,7:3,9:1,10:3,11:4,12:1,13:5,14:2,15:3,16:3,17:3,18:2,19:2,20:5,21:4,22:7,23:1,24:2,25:2,26:3,27:1,28:3,29:2,30:3,31:4,32:3,33:1,34:2,35:3,36:2,37:4,38:1,39:3,40:3,41:2,42:2,44:9,46:10,47:1,48:2,49:3,50:4
((105)21,92)0	1.3575235259710428	4.0	5.357523525971043	2.324264130831008e-12	1:25,2:25,3:21,4:20,5:18,6:22,7:23,8:19,9:10,10:19,11:9,12:22,13:15,14:18,15:25,16:16,17:34,18:20,19:16,20:26,21:27,22:17,23:21,24:34,25:14,26:21,27:27,28:15,29:24,30:24,31:23,32:17,33:20,34:27,35:29,36:24,37:23,38:32,39:23,40:18,41:22,42:17,43:22,44:22,45:33,46:19,47:22,48:23,49:24,50:24
(105,(92)21)0	1.3861747538169047	4.0	5.3861747538169045	2.0140494494380337e-12	1:14,2:7,3:3,4:2,5:6,6:6,7:5,8:10,9:7,10:5,11:5,12:7,13:3,14:3,15:7,16:4,17:4,18:2,19:6,20:8,21:4,22:6,23:4,24:6,25:5,26:8,27:4,28:6,29:3,30:1,31:2,32:7,33:5,35:5,36:1,37:5,38:4,39:2,40:3,41:2,42:7,43:6,44:9,45:3,46:7,47:6,48:8,49:4,50:5
(((105)92)0)21	0.8010196455118122	5.0	5.801019645511812	2.530730462348346e-13	1:7,2:3,3:3,4:1,6:2,8:3,9:1,11:1,12:1,13:1,15:1,17:2,19:1,21:1,23:3,25:1,26:1,29:1,30:2,31:4,32:1,33:1,34:4,35:2,36:3,37:1,38:2,40:1,41:3,42:2,43:3,44:2,45:1,46:2,47:1,49:1,50:4
(((92)105)21)0	0.8416201054231649	5.0	5.841620105423165	2.065775460954531e-13	1:8,2:1,3:2,4:2,5:2,6:2,7:1,8:2,9:2,10:3,11:3,13:2,15:3,16:1,17:2,18:2,19:1,22:3,25:3,26:3,27:3,30:2,31:3,32:2,33:1,34:4,35:1,36:1,37:1,38:1,40:1,41:1,42:1,43:2,44:1,45:1,46:2,47:1,49:2,50:1
(((105)21)92)0	0.8961562759269897	5.0	5.896156275926989	1.5727486628794136e-13	1:6,2:2,3:4,4:4,5:5,6:7,7:9,8:7,9:7,10:5,11:8,12:7,13:4,14:4,15:7,16:3,17:5,18:7,19:7,20:5,21:3,22:6,23:3,24:3,25:2,26:4,27:4,28:4,29:6,30:5,31:4,32:5,33:5,34:2,35:8,36:6,37:3,38:6,39:4,40:11,41:8,42:5,43:6,44:2,45:2,46:3,47:9,48:9,49:2,50:5
((105,92)21)0	1.3716046351917837	5.0	6.371604635191783	1.4596083202948125e-14	1:12,2:3,3:2,4:1,5:2,6:1,8:4,9:3,10:7,11:2,12:3,13:2,14:2,15:6,16:1,17:5,18:3,19:2,20:3,21:5,22:3,23:2,24:5,25:1,26:2,28:5,29:3,30:6,31:6,32:4,33:2,34:3,35:1,36:2,37:3,38:1,39:2,40:4,41:3,42:5,44:1,45:2,46:2,47:3,48:5,49:2,50:4
(((105)92)21)0	0.8805221587745728	6.0	6.880522158774573	1.1458716354157381e-15	1:5,2:1,3:2,5:1,6:3,7:5,9:1,10:1,11:1,12:1,13:2,14:4,15:2,16:3,17:3,18:1,21:5,22:3,23:2,24:2,26:2,27:1,28:3,29:1,30:1,31:2,32:1,35:1,36:1,38:1,39:1,40:2,44:1,45:2,47:1
