Topology	MassCost	TopologyCost	Cost	Fitness	#(Runs)
((0)21,92)105	0.0096	0.0000	0.0096	0.9531	10
(21,(0)92)105	0.0096	0.0000	0.0096	0.9531	10
(0,(21)92)105	0.0491	0.0000	0.0491	0.7823	10
(((0)21)92)105	0.0491	0.0000	0.0491	0.7823	10
(0,21,92)105	0.3201	0.0000	0.3201	0.2018	10
((0,21)92)105	0.3955	0.0000	0.3955	0.1384	10
(((0)92)21)105	0.0849	1.0000	1.0849	0.0044	10
(0,(92)21)105	0.0849	1.0000	1.0849	0.0044	10
((21)0,92)105	0.1211	1.0000	1.1211	0.0037	10
(((21)0)92)105	0.1211	1.0000	1.1211	0.0037	10
((92)0,21)105	0.1266	1.0000	1.1266	0.0036	10
((0,92)21)105	0.4539	1.0000	1.4539	0.0007	10
((0,21)105)92	0.6745	1.0000	1.6745	0.0002	10
(((0)21)105)92	0.6745	1.0000	1.6745	0.0002	10
(0,(21)105)92	1.0838	1.0000	2.0838	0.0000	10
(((92)0)21)105	0.1266	2.0000	2.1266	0.0000	10
(((21)92)0)105	0.1757	2.0000	2.1757	0.0000	10
(105,(0)21)92	1.1760	1.0000	2.1760	0.0000	10
((0)105,21)92	1.1760	1.0000	2.1760	0.0000	10
(0,105,21)92	1.5889	1.0000	2.5889	0.0000	10
((21,92)0)105	0.6370	2.0000	2.6370	0.0000	10
(((0)92)105)21	0.7205	2.0000	2.7205	0.0000	10
((0,92)105)21	0.7205	2.0000	2.7205	0.0000	10
(((0)105)21)92	0.7696	2.0000	2.7696	0.0000	10
(((21)0)105)92	0.7956	2.0000	2.7956	0.0000	10
(0,(105)21)92	1.1160	2.0000	3.1160	0.0000	10
(0,(92)105)21	1.1241	2.0000	3.1241	0.0000	10
((0,105)21)92	1.1732	2.0000	3.1732	0.0000	10
((105)0,21)92	1.1958	2.0000	3.1958	0.0000	10
((21)0,105)92	1.2049	2.0000	3.2049	0.0000	10
(((92)21)0)105	0.2061	3.0000	3.2061	0.0000	10
(105,(0)92)21	1.2505	2.0000	3.2505	0.0000	10
((0)105,92)21	1.2505	2.0000	3.2505	0.0000	10
(0,105,92)21	1.6598	2.0000	3.6598	0.0000	10
(((0)105)92)21	0.7594	3.0000	3.7594	0.0000	10
(((21)105)0)92	0.8003	3.0000	3.8003	0.0000	10
((21,92)105)0	0.8099	3.0000	3.8099	0.0000	10
(((92)0)105)21	0.8471	3.0000	3.8471	0.0000	10
(((21)92)105)0	0.8494	3.0000	3.8494	0.0000	10
(((105)0)21)92	0.8494	3.0000	3.8494	0.0000	10
(0,(105)92)21	1.1284	3.0000	4.1284	0.0000	10
((0,105)92)21	1.1687	3.0000	4.1687	0.0000	10
((92)0,105)21	1.2507	3.0000	4.2507	0.0000	10
((105)0,92)21	1.2542	3.0000	4.2542	0.0000	10
((105,21)0)92	1.3012	3.0000	4.3012	0.0000	10
((92)105,21)0	1.3012	3.0000	4.3012	0.0000	10
((21)105,92)0	1.3360	3.0000	4.3360	0.0000	10
(105,(21)92)0	1.3851	3.0000	4.3851	0.0000	10
(((92)105)0)21	0.8003	4.0000	4.8003	0.0000	10
(((21)105)92)0	0.8010	4.0000	4.8010	0.0000	10
(105,21,92)0	1.8397	3.0000	4.8397	0.0000	10
(((105)21)0)92	0.8416	4.0000	4.8416	0.0000	10
(((92)21)105)0	0.8852	4.0000	4.8852	0.0000	10
(((105)0)92)21	0.8852	4.0000	4.8852	0.0000	10
((105,21)92)0	1.3026	4.0000	5.3026	0.0000	10
(21,(105)92)0	1.3115	4.0000	5.3115	0.0000	10
((105,92)0)21	1.3360	4.0000	5.3360	0.0000	10
((105)21,92)0	1.3575	4.0000	5.3575	0.0000	10
(105,(92)21)0	1.3862	4.0000	5.3862	0.0000	10
(((105)92)0)21	0.8010	5.0000	5.8010	0.0000	10
(((92)105)21)0	0.8416	5.0000	5.8416	0.0000	10
(((105)21)92)0	0.8962	5.0000	5.8962	0.0000	10
((105,92)21)0	1.3716	5.0000	6.3716	0.0000	10
(((105)92)21)0	0.8805	6.0000	6.8805	0.0000	10
