# generation count = 50 
#
generation.index	generationHighestFitness	generationMedianFitness	populationHighestFitness	populationMedianFitness
1	0.9531337870775045	8.74279580293734e-08	0.9531337870775045	8.74279580293734e-08
2	0.9531337870775045	0.004406416879175	0.9531337870775045	2.388832361616408e-06
3	0.9531337870775045	0.0036773148390343673	0.9531337870775045	2.4113147930202038e-05
4	0.9531337870775045	0.0036773148390343673	0.9531337870775045	0.00023117283618938954
5	0.9531337870775045	0.004406416879175	0.9531337870775045	0.0035787084602290405
6	0.9531337870775045	0.004406416879175	0.9531337870775045	0.0035787084602290405
7	0.9531337870775045	0.004406416879175	0.9531337870775045	0.0036773148390343673
8	0.9531337870775045	0.004406416879175	0.9531337870775045	0.0036773148390343673
9	0.9531337870775045	0.004406416879175	0.9531337870775045	0.0036773148390343673
10	0.9531337870775045	0.0036773148390343673	0.9531337870775045	0.0036773148390343673
11	0.9531337870775045	0.004406416879175	0.9531337870775045	0.0036773148390343673
12	0.9531337870775045	0.004406416879175	0.9531337870775045	0.0036773148390343673
13	0.9531337870775045	0.004406416879175	0.9531337870775045	0.0036773148390343673
14	0.9531337870775045	0.004406416879175	0.9531337870775045	0.0036773148390343673
15	0.9531337870775045	0.004406416879175	0.9531337870775045	0.0036773148390343673
16	0.9531337870775045	0.004406416879175	0.9531337870775045	0.0036773148390343673
17	0.9531337870775045	0.004406416879175	0.9531337870775045	0.0036773148390343673
18	0.9531337870775045	0.004406416879175	0.9531337870775045	0.0036773148390343673
19	0.9531337870775045	0.004406416879175	0.9531337870775045	0.0036773148390343673
20	0.9531337870775045	0.0036773148390343673	0.9531337870775045	0.0036773148390343673
21	0.9531337870775045	0.0036773148390343673	0.9531337870775045	0.0036773148390343673
22	0.9531337870775045	0.0036773148390343673	0.9531337870775045	0.0036773148390343673
23	0.9531337870775045	0.004406416879175	0.9531337870775045	0.0036773148390343673
24	0.9531337870775045	0.004406416879175	0.9531337870775045	0.0036773148390343673
25	0.9531337870775045	0.0036773148390343673	0.9531337870775045	0.0036773148390343673
26	0.9531337870775045	0.004406416879175	0.9531337870775045	0.0036773148390343673
27	0.9531337870775045	0.0036773148390343673	0.9531337870775045	0.0036773148390343673
28	0.9531337870775045	0.004406416879175	0.9531337870775045	0.0036773148390343673
29	0.9531337870775045	0.0036773148390343673	0.9531337870775045	0.0036773148390343673
30	0.9531337870775045	0.004406416879175	0.9531337870775045	0.0036773148390343673
31	0.9531337870775045	0.004406416879175	0.9531337870775045	0.0036773148390343673
32	0.9531337870775045	0.004406416879175	0.9531337870775045	0.0036773148390343673
33	0.9531337870775045	0.0036773148390343673	0.9531337870775045	0.0036773148390343673
34	0.9531337870775045	0.004041865859104684	0.9531337870775045	0.0036773148390343673
35	0.9531337870775045	0.004406416879175	0.9531337870775045	0.0036773148390343673
36	0.9531337870775045	0.004406416879175	0.9531337870775045	0.0036773148390343673
37	0.9531337870775045	0.004406416879175	0.9531337870775045	0.0036773148390343673
38	0.9531337870775045	0.004406416879175	0.9531337870775045	0.0036773148390343673
39	0.9531337870775045	0.004406416879175	0.9531337870775045	0.0036773148390343673
40	0.9531337870775045	0.004406416879175	0.9531337870775045	0.0036773148390343673
41	0.9531337870775045	0.004406416879175	0.9531337870775045	0.004406416879175
42	0.9531337870775045	0.0036773148390343673	0.9531337870775045	0.004406416879175
43	0.9531337870775045	0.004406416879175	0.9531337870775045	0.004406416879175
44	0.9531337870775045	0.004406416879175	0.9531337870775045	0.004406416879175
45	0.9531337870775045	0.004406416879175	0.9531337870775045	0.004406416879175
46	0.9531337870775045	0.004406416879175	0.9531337870775045	0.004406416879175
47	0.9531337870775045	0.004041865859104684	0.9531337870775045	0.004406416879175
48	0.9531337870775045	0.004406416879175	0.9531337870775045	0.004406416879175
49	0.9531337870775045	0.004406416879175	0.9531337870775045	0.004406416879175
50	0.9531337870775045	0.004406416879175	0.9531337870775045	0.004406416879175
############################################################
Topology	MassCost	TopologyCost	Cost	Fitness	appearances(generationID:count)
((0)21,92)105	0.009600000000000053	0.0	0.009600000000000053	0.9531337870775045	1:19,2:117,3:109,4:109,5:117,6:117,7:115,8:118,9:127,10:129,11:120,12:114,13:136,14:129,15:107,16:90,17:106,18:109,19:145,20:98,21:92,22:99,23:103,24:117,25:100,26:110,27:109,28:120,29:109,30:116,31:109,32:106,33:116,34:103,35:108,36:114,37:112,38:106,39:129,40:111,41:125,42:100,43:100,44:112,45:107,46:107,47:113,48:109,49:96,50:95
(21,(0)92)105	0.009600000000000053	0.0	0.009600000000000053	0.9531337870775045	1:20,2:126,3:118,4:110,5:125,6:144,7:136,8:136,9:126,10:112,11:137,12:135,13:121,14:129,15:140,16:131,17:139,18:155,19:141,20:125,21:141,22:154,23:132,24:134,25:131,26:142,27:122,28:148,29:130,30:106,31:131,32:134,33:124,34:136,35:129,36:139,37:163,38:128,39:122,40:137,41:129,42:112,43:138,44:139,45:131,46:144,47:140,48:131,49:136,50:144
(0,(21)92)105	0.04910000000000003	0.0	0.04910000000000003	0.78231328379451	1:16,2:82,3:71,4:84,5:90,6:78,7:92,8:82,9:84,10:84,11:81,12:91,13:88,14:86,15:97,16:107,17:84,18:92,19:94,20:93,21:80,22:75,23:106,24:87,25:87,26:100,27:93,28:81,29:82,30:101,31:105,32:89,33:83,34:87,35:95,36:79,37:98,38:98,39:96,40:104,41:87,42:97,43:105,44:91,45:92,46:95,47:94,48:87,49:112,50:99
(((0)21)92)105	0.04910000000000003	0.0	0.04910000000000003	0.78231328379451	1:3,2:23,3:23,4:28,5:26,6:19,7:11,8:26,9:29,10:23,11:29,12:22,13:17,14:27,15:19,16:20,17:25,18:26,19:18,20:20,21:16,22:26,23:27,24:20,25:32,26:27,27:17,28:24,29:13,30:21,31:19,32:22,33:19,34:25,35:28,36:24,37:23,38:20,39:25,40:28,41:24,42:26,43:23,44:16,45:23,46:25,47:18,48:26,49:22,50:36
(0,21,92)105	0.3201303640706393	0.0	0.3201303640706393	0.2017649606155336	1:43,2:101,3:86,4:67,5:82,6:82,7:83,8:72,9:72,10:76,11:66,12:73,13:64,14:68,15:78,16:77,17:76,18:65,19:66,20:90,21:92,22:64,23:71,24:83,25:72,26:62,27:73,28:70,29:76,30:84,31:56,32:73,33:79,34:64,35:66,36:78,37:51,38:71,39:56,40:72,41:78,42:74,43:64,44:71,45:68,46:77,47:73,48:66,49:71,50:70
((0,21)92)105	0.3955232736515008	0.0	0.3955232736515008	0.13839873607345463	1:19,2:36,3:23,4:19,5:30,6:20,7:22,8:20,9:33,10:23,11:11,12:18,13:21,14:20,15:14,16:23,17:21,18:20,19:12,20:17,21:19,22:20,23:26,24:25,25:21,26:13,27:19,28:17,29:14,30:20,31:27,32:25,33:13,34:31,35:22,36:22,37:21,38:27,39:14,40:20,41:19,42:31,43:19,44:20,45:28,46:20,47:18,48:27,49:21,50:20
(((0)92)21)105	0.08493868376658541	1.0	1.0849386837665853	0.004406416879175	1:6,2:12,3:13,4:9,5:12,6:12,7:11,8:14,9:16,10:13,11:14,12:16,13:14,14:12,15:15,16:8,17:10,18:15,19:14,20:13,21:14,22:12,23:12,24:14,25:14,26:17,27:14,28:15,29:10,30:16,31:19,32:10,33:15,34:13,35:15,36:14,37:10,38:12,39:9,40:13,41:16,42:11,43:11,44:15,45:15,46:14,47:12,48:15,49:16,50:14
(0,(92)21)105	0.08493868376658541	1.0	1.0849386837665853	0.004406416879175	1:13,2:33,3:40,4:44,5:45,6:54,7:32,8:36,9:35,10:35,11:56,12:45,13:51,14:47,15:50,16:49,17:59,18:43,19:40,20:39,21:42,22:48,23:51,24:54,25:38,26:49,27:42,28:43,29:48,30:44,31:45,32:51,33:38,34:41,35:45,36:38,37:40,38:40,39:53,40:43,41:53,42:40,43:47,44:44,45:45,46:43,47:32,48:43,49:28,50:41
((21)0,92)105	0.12111449128820218	1.0	1.121114491288202	0.0036773148390343673	1:17,2:27,3:40,4:52,5:37,6:37,7:33,8:39,9:34,10:41,11:38,12:32,13:39,14:36,15:37,16:40,17:28,18:38,19:35,20:41,21:32,22:33,23:25,24:39,25:43,26:28,27:44,28:37,29:36,30:41,31:34,32:29,33:30,34:41,35:39,36:38,37:31,38:45,39:43,40:36,41:28,42:32,43:37,44:25,45:44,46:28,47:31,48:42,49:44,50:41
(((21)0)92)105	0.12111449128820218	1.0	1.121114491288202	0.0036773148390343673	1:6,2:13,3:12,4:11,5:15,6:13,7:12,8:14,9:11,10:14,11:16,12:15,13:19,14:21,15:23,16:20,17:15,18:7,19:11,20:6,21:16,22:16,23:11,24:8,25:12,26:15,27:21,28:13,29:16,30:20,31:14,32:8,33:19,34:19,35:17,36:14,37:13,38:17,39:14,40:15,41:12,42:12,43:12,44:12,45:16,46:11,47:16,48:15,49:15,50:23
((92)0,21)105	0.12655066179202695	1.0	1.126550661792027	0.0035787084602290405	1:10,2:33,3:36,4:47,5:31,6:28,7:36,8:35,9:34,10:30,11:30,12:44,13:34,14:38,15:34,16:39,17:36,18:34,19:41,20:27,21:45,22:36,23:38,24:35,25:40,26:38,27:25,28:35,29:38,30:31,31:42,32:40,33:32,34:39,35:32,36:35,37:32,38:36,39:23,40:23,41:44,42:38,43:29,44:36,45:29,46:32,47:38,48:44,49:38,50:32
((0,92)21)105	0.45389573692644436	1.0	1.4538957369264445	0.0006964749822474614	1:12,2:17,3:15,4:14,5:15,6:9,7:13,8:14,9:12,10:12,11:19,12:8,13:11,14:8,15:8,16:13,17:14,18:8,19:14,20:17,21:15,22:9,23:10,24:10,25:13,26:14,27:9,28:15,29:16,30:7,31:10,32:12,33:9,34:14,35:15,36:17,37:10,38:13,39:12,40:12,41:6,42:15,43:10,44:13,45:15,46:14,47:9,48:10,49:5,50:15
((0,21)105)92	0.6744689837197853	1.0	1.6744689837197853	0.00023117283618938954	1:11,2:1,3:3,4:6,5:4,6:5,7:2,8:7,9:4,10:6,11:1,12:2,13:4,14:3,15:3,16:3,17:6,18:2,19:3,20:9,21:4,23:3,24:4,25:3,26:2,27:5,28:3,29:2,30:2,31:4,32:3,34:3,35:3,37:4,38:6,39:7,40:2,41:5,42:1,43:1,44:5,45:7,46:2,47:6,48:4,49:1,50:4
(((0)21)105)92	0.6744689837197853	1.0	1.6744689837197853	0.00023117283618938954	1:3,2:2,3:5,4:6,5:6,6:6,7:7,8:8,9:4,10:8,11:2,12:5,13:4,14:6,15:2,16:1,17:3,18:7,19:8,20:7,21:7,22:3,23:2,24:5,25:4,26:5,27:10,28:9,29:10,30:5,31:3,32:7,33:5,34:7,35:5,36:7,37:4,38:4,39:4,40:2,41:3,42:5,43:5,44:5,45:3,46:10,47:3,48:6,49:7,50:3
(0,(21)105)92	1.0837878205626783	1.0	2.0837878205626783	2.9861542698219467e-05	1:30,2:18,3:28,4:11,5:17,6:21,7:21,8:19,9:12,10:18,11:10,12:22,13:14,14:12,15:21,16:16,17:14,18:23,19:17,20:20,21:17,22:22,23:15,24:11,25:18,26:28,27:18,28:20,29:20,30:18,31:17,32:20,33:18,34:11,35:18,36:30,37:14,38:24,39:16,40:16,41:15,42:14,43:19,44:23,45:21,46:25,47:21,48:17,49:18,50:14
(((92)0)21)105	0.12655066179202695	2.0	2.126550661792027	2.4113147930202038e-05	1:11,2:11,3:9,4:13,5:6,6:14,7:13,8:5,9:14,10:12,11:11,12:10,13:5,14:6,15:9,16:6,17:16,18:11,19:12,20:7,21:13,22:12,23:10,24:6,25:12,26:11,27:16,28:9,29:6,30:6,31:11,32:5,33:15,34:6,35:11,36:6,37:6,38:13,39:11,40:9,41:12,42:16,43:4,44:11,45:10,46:6,47:8,48:14,49:11,50:8
(((21)92)0)105	0.17565066179202699	2.0	2.175650661792027	1.8864035939899156e-05	1:8,2:9,3:4,4:2,5:6,6:8,7:5,8:3,9:5,10:6,11:5,12:5,13:4,14:7,15:3,16:4,17:8,18:8,19:6,20:7,21:9,22:5,23:6,24:3,25:11,26:5,27:12,28:6,29:6,30:4,31:9,32:11,33:7,34:7,35:9,36:3,37:7,38:7,39:6,40:5,41:11,42:7,43:8,44:5,45:6,46:4,47:9,48:3,49:3,50:3
(105,(0)21)92	1.1760146087527994	1.0	2.1760146087527996	1.8829739611733168e-05	1:17,2:27,3:24,4:26,5:22,6:31,7:23,8:27,9:22,10:26,11:25,12:16,13:20,14:29,15:28,16:27,17:20,18:22,19:23,20:24,21:26,22:30,23:24,24:29,25:20,26:31,27:21,28:29,29:29,30:28,31:24,32:22,33:23,34:31,35:18,36:29,37:35,38:23,39:33,40:26,41:21,42:43,43:23,44:25,45:24,46:23,47:26,48:23,49:18,50:24
((0)105,21)92	1.1760146087527994	1.0	2.1760146087527996	1.8829739611733168e-05	1:17,2:21,3:33,4:24,5:30,6:30,7:29,8:22,9:32,10:28,11:32,12:30,13:31,14:26,15:29,16:33,17:35,18:29,19:32,20:48,21:23,22:36,23:33,24:34,25:27,26:30,27:24,28:31,29:36,30:35,31:33,32:33,33:39,34:20,35:27,36:33,37:29,38:27,39:40,40:33,41:29,42:25,43:36,44:27,45:22,46:30,47:27,48:19,49:40,50:22
(0,105,21)92	1.5889411726052036	1.0	2.5889411726052036	2.388832361616408e-06	1:39,2:13,3:15,4:15,5:12,6:8,7:13,8:15,9:9,10:13,11:9,12:7,13:8,14:8,15:8,16:15,17:14,18:15,19:11,20:12,21:6,22:13,23:13,24:15,25:14,26:10,27:10,28:16,29:9,30:6,31:14,32:16,33:9,34:13,35:13,36:15,37:12,38:13,39:17,40:9,41:13,42:11,43:6,44:9,45:14,46:14,47:10,48:15,49:7,50:17
((21,92)0)105	0.6370179118360801	2.0	2.63701791183608	1.8784012174519803e-06	1:9,2:7,3:8,4:5,5:5,6:4,7:3,8:2,9:2,10:3,11:6,12:5,13:8,14:1,15:4,16:1,17:3,18:5,19:7,20:6,21:7,22:10,23:8,24:5,25:4,26:4,27:2,28:2,29:5,30:5,31:5,32:6,33:5,34:3,35:10,36:1,37:4,38:1,39:3,40:6,41:4,42:5,43:5,44:4,45:7,46:1,47:3,48:2,49:8,50:5
(((0)92)105)21	0.7205056141349627	2.0	2.7205056141349626	1.237362981474127e-06	1:9,3:3,4:1,5:1,9:4,11:1,12:2,14:3,15:2,16:4,17:1,18:1,19:1,20:2,21:1,23:1,24:1,28:1,29:3,30:1,31:1,34:2,35:1,36:3,37:2,38:4,40:3,41:1,42:1,44:1,46:1,47:2,48:3,49:1,50:1
((0,92)105)21	0.7205056141349627	2.0	2.7205056141349626	1.237362981474127e-06	1:22,2:3,3:8,4:4,5:3,6:5,7:11,8:4,9:5,10:5,11:3,12:3,13:4,14:1,16:6,17:2,18:1,19:5,20:1,21:1,22:4,23:5,24:1,25:7,26:3,27:3,28:1,29:4,30:4,31:6,32:3,33:5,35:1,36:2,37:2,38:1,39:1,40:2,41:3,42:5,43:2,44:3,45:2,46:2,47:2,48:3,49:4,50:6
(((0)105)21)92	0.7696056141349628	2.0	2.7696056141349628	9.680054972827883e-07	1:14,3:3,4:3,5:1,6:2,7:2,8:1,9:2,11:1,12:1,13:1,14:3,15:1,16:3,17:1,23:1,24:2,25:1,26:2,27:5,28:1,29:5,30:2,31:3,33:1,35:1,36:1,37:2,38:1,40:2,41:1,42:2,43:2,44:1,45:1,47:2,48:1,49:5,50:2
(((21)0)105)92	0.7955834750079874	2.0	2.7955834750079873	8.500953009009032e-07	1:11,2:4,4:1,5:1,9:1,10:5,11:1,13:2,14:1,15:2,16:1,17:2,18:5,19:1,20:1,21:3,22:1,23:1,24:1,25:1,26:2,27:2,30:2,31:2,32:1,33:1,35:1,36:2,38:3,41:2,42:1,43:1,44:4,45:1,47:2,48:1,50:2
(0,(105)21)92	1.1160288877864635	2.0	3.1160288877864635	1.7124947270010065e-07	1:25,2:3,3:3,4:1,5:1,6:5,7:8,8:5,9:2,10:3,11:5,12:10,13:5,14:3,15:4,16:6,17:8,18:5,19:2,21:5,22:3,23:5,24:6,25:3,26:5,27:1,28:5,29:4,30:8,31:5,32:7,33:2,34:3,35:1,36:1,37:6,38:5,39:7,40:5,41:4,42:6,43:4,44:2,45:9,46:3,47:7,48:4,49:3,50:6
(0,(92)105)21	1.1241028911981323	2.0	3.1241028911981323	1.6447381545263255e-07	1:24,2:2,3:8,4:10,5:5,6:7,7:4,8:1,9:3,10:7,11:3,12:8,13:3,14:8,15:6,16:7,17:2,18:4,19:5,20:2,21:9,22:10,23:6,24:6,25:4,26:5,27:3,28:7,29:3,30:4,31:6,32:6,33:8,34:4,35:8,36:5,37:4,38:5,39:5,40:4,41:4,42:7,43:1,44:2,45:6,46:2,47:5,48:6,49:4,50:10
((0,105)21)92	1.1732028911981325	2.0	3.1732028911981325	1.2867005066496125e-07	1:13,2:1,3:6,4:3,5:3,6:3,7:3,8:2,9:2,10:2,11:2,12:6,13:2,14:6,15:3,16:4,17:1,18:1,19:2,20:2,21:4,23:3,24:2,25:2,26:2,27:2,28:5,29:1,30:1,31:3,32:3,33:3,34:5,35:3,36:2,37:4,38:2,39:3,40:3,41:1,42:2,43:2,44:5,45:4,46:3,47:3,48:3,50:4
((105)0,21)92	1.195796214591028	2.0	3.195796214591028	1.1492557718915964e-07	1:16,2:3,3:8,4:7,5:3,6:6,7:9,8:4,9:6,10:6,11:10,12:7,13:6,14:8,15:6,16:4,17:7,18:7,19:5,20:8,21:7,22:8,23:6,24:6,25:1,26:4,27:5,28:5,29:2,30:4,31:4,32:4,33:4,34:5,35:4,36:3,37:7,38:4,39:7,40:3,41:4,42:7,43:4,45:6,46:6,47:2,48:10,49:5
((21)0,105)92	1.2049023118508804	2.0	3.2049023118508804	1.098102940806206e-07	1:17,2:3,3:6,4:5,5:3,6:4,7:6,8:7,9:5,10:8,11:5,12:3,13:5,14:5,15:6,16:5,17:3,18:4,19:3,20:4,21:4,22:10,23:4,24:4,25:4,26:7,27:5,28:7,29:1,30:9,31:6,32:6,33:4,34:5,35:2,36:2,37:8,38:2,39:11,40:6,41:6,42:1,44:6,45:4,46:5,47:4,48:4,49:6,50:4
(((92)21)0)105	0.2060531750547876	3.0	3.2060531750547874	1.0918022549174629e-07	1:5,2:4,3:6,4:7,5:12,6:6,7:4,8:6,9:5,10:8,11:4,12:7,13:5,14:2,15:7,16:5,17:1,18:4,19:2,20:8,21:6,22:4,23:6,24:5,25:8,26:7,27:6,28:7,29:9,30:3,31:5,32:3,33:3,34:9,35:6,36:5,37:7,38:1,39:3,40:6,41:3,42:4,43:13,44:4,45:5,46:3,47:11,48:6,49:9,50:4
(105,(0)92)21	1.2504901439035816	2.0	3.2504901439035816	8.74279580293734e-08	1:20,2:27,3:31,4:35,5:34,6:26,7:42,8:31,9:26,10:31,11:34,12:28,13:23,14:37,15:38,16:27,17:23,18:24,19:24,20:30,21:27,22:35,23:20,24:23,25:33,26:29,27:30,28:28,29:32,30:27,31:29,32:23,33:27,34:30,35:32,36:28,37:35,38:29,39:19,40:30,41:39,42:36,43:47,44:33,45:24,46:19,47:22,48:34,49:33,50:24
((0)105,92)21	1.2504901439035816	2.0	3.2504901439035816	8.74279580293734e-08	1:17,2:27,3:17,4:30,5:26,6:26,7:36,8:35,9:35,10:29,11:24,12:33,13:29,14:22,15:28,16:26,17:29,18:25,19:33,20:28,21:30,22:28,23:28,24:15,25:39,26:21,27:30,28:25,29:33,30:31,31:22,32:34,33:25,34:35,35:26,36:18,37:20,38:38,39:11,40:25,41:24,42:20,43:22,44:27,45:24,46:30,47:30,48:28,49:16,50:28
(0,105,92)21	1.659828897808446	2.0	3.659828897808446	1.129230305326267e-08	1:44,2:24,3:18,4:17,5:17,6:11,7:9,8:13,9:16,10:10,11:8,12:19,13:15,14:9,15:10,16:14,17:20,18:12,19:9,20:16,21:7,22:8,23:11,24:12,25:11,26:13,27:13,28:12,29:14,30:13,31:8,32:8,33:11,34:11,35:9,36:17,37:10,38:4,39:6,40:21,41:9,42:10,43:10,44:8,45:11,46:14,47:13,48:15,49:10,50:11
(((0)105)92)21	0.7594076674863707	3.0	3.7594076674863706	6.863568524187547e-09	1:12,2:2,3:6,4:7,5:3,6:8,7:4,8:4,9:3,10:2,11:4,12:5,13:6,14:3,15:8,16:10,17:2,18:8,19:6,20:3,21:4,22:2,23:7,24:7,25:4,26:6,27:4,28:5,29:4,30:5,31:11,32:8,33:9,34:3,35:6,36:6,37:8,38:7,39:7,40:7,41:4,42:7,43:4,44:7,45:7,46:4,47:1,48:2,49:5,50:6
(((21)105)0)92	0.8002729409395272	3.0	3.8002729409395273	5.5951554899235014e-09	1:11,3:2,4:1,5:4,7:1,9:2,10:2,11:3,12:1,13:3,14:1,15:1,16:1,17:1,18:2,21:2,22:1,23:1,24:1,25:3,27:2,29:1,31:2,33:2,34:2,36:2,38:3,39:1,40:3,41:1,42:5,44:2,45:2,47:4,48:4,50:3
((21,92)105)0	0.8098729409395272	3.0	3.809872940939527	5.332931741398287e-09	1:15,2:5,3:1,4:3,5:3,6:2,7:1,8:4,9:2,10:6,11:5,12:1,13:5,14:2,15:1,16:3,17:1,18:4,19:5,20:4,21:3,22:4,23:6,24:1,25:4,27:3,28:2,29:2,30:3,31:10,32:5,33:4,34:3,35:5,36:5,37:2,38:3,39:6,40:5,41:1,42:3,43:4,44:1,45:4,46:5,47:6,48:1,49:2,50:2
(((92)0)105)21	0.8470562759269897	3.0	3.84705627592699	4.428161370175687e-09	1:5,3:3,4:1,6:1,7:2,8:2,9:2,11:2,12:2,13:1,14:3,15:4,16:2,17:2,18:1,19:1,21:3,23:1,25:2,26:3,27:4,28:1,29:3,30:2,31:4,33:1,34:2,35:1,37:2,39:3,40:4,41:1,42:1,43:2,44:3,46:4,47:2,48:1,49:2
(((105)0)21)92	0.8493729409395272	3.0	3.849372940939527	4.3771644646629365e-09	1:10,5:2,6:1,7:2,8:2,10:2,12:2,13:2,14:1,15:1,16:3,17:2,18:2,19:1,20:1,22:1,23:2,24:1,26:1,29:2,31:1,33:1,34:2,35:2,36:1,37:2,39:2,40:1,41:1,42:3,44:2,46:2,47:2,48:4,49:1
(((21)92)105)0	0.8493729409395272	3.0	3.849372940939527	4.3771644646629365e-09	1:3,2:5,3:2,4:1,5:2,6:1,7:2,8:1,10:2,11:1,12:3,13:3,14:2,15:1,17:3,19:3,21:1,22:4,23:3,25:3,26:1,27:1,28:3,29:1,32:2,33:3,34:1,35:1,36:2,37:2,38:1,39:3,40:3,42:1,43:2,45:2,46:1,48:1,49:2,50:3
(0,(105)92)21	1.1283647206462297	3.0	4.12836472064623	1.0848505479882653e-09	1:23,2:16,3:16,4:21,5:16,6:23,7:13,8:14,9:17,10:13,11:15,12:11,13:22,14:19,15:23,16:15,17:18,18:16,19:11,20:20,21:22,22:18,23:21,24:22,25:16,26:17,27:34,28:19,29:18,30:16,31:17,32:27,33:23,34:22,35:14,36:17,37:18,38:14,39:21,40:12,41:16,42:20,43:14,44:20,45:15,46:21,47:18,48:21,49:22,50:21
((0,105)92)21	1.1687265043292636	3.0	4.168726504329264	8.865952761823165e-10	1:14,2:7,3:3,4:4,5:1,6:3,7:2,9:3,10:5,11:4,12:4,13:4,14:3,15:2,16:2,17:2,18:3,19:2,20:4,21:4,22:4,23:3,24:5,25:2,26:2,27:6,28:3,29:3,30:4,31:2,32:5,33:4,34:2,35:3,36:3,37:8,38:2,39:5,40:1,41:1,42:5,43:4,44:3,45:3,46:5,47:3,48:2,49:1,50:3
((92)0,105)21	1.2506535529901592	3.0	4.250653552990159	5.886038348464871e-10	1:21,2:3,3:3,4:4,5:3,6:5,7:3,8:5,9:6,10:5,11:4,12:3,13:5,14:5,15:3,16:3,17:3,18:7,19:4,20:4,21:3,22:7,23:6,24:9,25:7,26:2,27:8,28:6,29:8,30:3,31:3,32:12,33:5,34:3,35:2,36:5,37:2,38:6,39:3,40:4,41:6,42:6,43:4,44:4,45:4,46:5,47:8,48:6,49:6,50:7
((105)0,92)21	1.2541686778659715	3.0	4.254168677865971	5.78349135284856e-10	1:22,2:1,3:3,4:4,5:9,6:3,7:8,8:7,9:8,10:5,11:8,12:10,13:3,14:4,15:5,16:5,17:3,18:5,19:7,20:5,21:5,22:7,23:6,24:5,25:3,26:5,27:6,28:5,29:3,30:7,31:9,32:4,33:9,34:3,35:8,36:3,37:8,38:3,39:6,40:4,41:5,42:7,43:7,44:6,45:6,46:5,47:3,48:3,49:6,50:5
((105,21)0)92	1.3012360700503194	3.0	4.30123607005032	4.5707192593523087e-10	1:10,2:3,3:2,4:3,5:1,6:6,7:5,9:3,11:3,12:1,13:4,14:2,15:3,16:4,17:4,18:2,19:2,20:3,21:5,22:2,23:2,24:2,25:4,26:2,27:4,28:2,29:5,30:2,31:1,32:1,33:2,34:5,35:1,36:2,37:5,38:1,39:7,40:5,41:2,42:2,43:5,44:5,45:4,46:2,47:4,48:2,49:2,50:3
((92)105,21)0	1.3012360700503194	3.0	4.30123607005032	4.5707192593523087e-10	1:18,2:4,3:2,4:7,5:4,6:4,7:2,8:4,9:10,10:5,11:4,12:1,13:5,14:2,15:2,16:12,17:4,18:5,19:6,20:6,21:6,22:4,23:4,24:3,25:4,26:4,27:6,28:2,29:4,30:3,31:7,32:3,33:3,34:4,35:9,36:2,37:2,38:5,39:5,40:2,41:7,42:3,43:7,44:7,45:4,46:2,47:6,48:1,49:7,50:7
((21)105,92)0	1.3360087125464415	3.0	4.336008712546441	3.841286617833932e-10	1:15,2:4,3:4,4:3,5:1,6:2,7:5,8:4,10:8,11:8,12:1,13:5,14:6,15:5,16:7,17:10,18:2,19:6,20:4,21:6,22:3,23:12,24:4,25:7,26:6,27:1,28:5,29:1,30:3,31:5,32:4,33:6,34:10,35:5,36:5,37:5,38:11,39:6,40:7,41:3,42:3,43:6,44:4,45:8,46:4,47:7,48:6,49:1,50:3
(105,(21)92)0	1.3851087125464416	3.0	4.385108712546442	3.005089547993561e-10	1:25,2:15,3:16,4:14,5:15,6:18,7:21,8:18,9:19,10:25,11:15,12:12,13:18,14:18,15:15,16:15,17:23,18:21,19:18,20:20,21:14,22:16,23:11,24:22,25:17,26:12,27:10,28:20,29:26,30:20,31:15,32:20,33:18,34:19,35:16,36:14,37:22,38:25,39:13,40:15,41:12,42:13,43:24,44:21,45:18,46:19,47:19,48:11,49:29,50:15
(((92)105)0)21	0.8002729409395272	4.0	4.800272940939527	3.769986114274663e-11	1:6,2:5,4:1,5:4,8:2,9:2,10:1,12:2,13:1,14:2,15:1,17:1,18:1,20:3,21:1,23:1,25:2,26:2,28:1,29:2,30:2,31:1,32:3,34:4,35:2,36:3,38:1,39:1,40:1,41:1,42:2,43:2,44:1,45:2,46:3,47:3,49:1,50:3
(((21)105)92)0	0.8010196455118122	4.0	4.801019645511812	3.755937027542424e-11	1:8,2:2,3:2,5:2,7:1,8:1,9:1,11:1,12:4,13:3,14:4,15:2,16:1,17:2,18:1,19:2,20:1,21:1,22:1,23:1,25:3,26:1,27:1,28:1,29:1,31:2,32:2,33:1,34:1,36:1,37:1,38:2,39:4,40:3,41:2,42:4,43:1,45:1,46:1,47:5,48:1,49:1,50:2
(105,21,92)0	1.8396767243187049	3.0	4.839676724318705	3.09581872092677e-11	1:56,2:17,3:12,4:14,5:12,6:13,7:7,8:7,9:15,10:11,11:13,12:5,13:17,14:19,15:10,16:10,17:14,18:13,19:10,20:16,21:9,22:14,23:12,24:10,25:16,26:16,27:13,28:14,29:11,30:13,31:11,32:9,33:10,34:9,35:12,36:14,37:11,38:10,39:13,40:13,41:14,42:6,43:8,44:10,45:11,46:13,47:10,48:14,49:8,50:8
(((105)21)0)92	0.8416201054231649	4.0	4.841620105423165	3.0658826215684335e-11	1:7,2:1,3:1,4:1,6:1,7:2,11:1,12:2,13:1,14:1,15:4,16:1,17:3,19:2,20:3,21:3,22:3,23:1,24:1,25:1,26:1,28:1,30:4,31:1,33:3,35:2,36:3,37:1,38:1,39:2,40:1,41:3,42:1,43:4,44:3,46:1,47:1,49:1
(((92)21)105)0	0.8852116247061126	4.0	4.885211624706113	2.465458759240758e-11	1:17,3:1,4:1,5:2,6:2,7:3,8:3,10:2,11:3,12:1,13:2,14:2,15:1,16:1,17:2,18:1,19:2,21:1,23:2,24:1,25:1,26:2,29:2,30:1,31:1,32:3,33:1,35:5,36:6,37:1,38:1,39:1,40:1,41:1,43:2,45:2,46:1,47:1,48:3,49:1
(((105)0)92)21	0.8852116247061126	4.0	4.885211624706113	2.465458759240758e-11	1:5,2:5,4:2,5:3,6:1,7:4,8:5,9:2,10:1,11:1,12:1,13:1,15:2,16:3,17:1,20:3,21:2,25:1,26:1,27:4,28:1,29:1,30:4,31:2,32:1,33:2,35:2,36:3,38:4,39:1,41:1,42:2,43:1,44:7,45:1,46:2,47:1,48:2,50:2
((105,21)92)0	1.3025652705448263	4.0	5.302565270544826	3.0593264067042278e-12	1:13,2:3,3:8,4:6,5:3,6:5,7:2,8:7,9:5,10:2,11:8,12:3,13:3,14:1,15:3,16:3,17:3,18:2,19:1,20:3,21:4,22:6,23:2,24:2,25:3,26:1,27:2,28:2,29:4,30:3,31:2,32:5,33:6,34:1,35:4,36:6,37:1,38:4,39:1,40:2,41:5,43:7,44:3,45:3,46:3,47:1,48:2,49:3,50:3
(21,(105)92)0	1.3114868955558654	4.0	5.311486895555865	2.925854685431582e-12	1:26,2:27,3:23,4:32,5:22,6:19,7:25,8:36,9:27,10:25,11:30,12:36,13:31,14:35,15:25,16:33,17:28,18:34,19:33,20:30,21:28,22:24,23:25,24:27,25:29,26:41,27:33,28:18,29:29,30:39,31:25,32:27,33:43,34:29,35:34,36:27,37:26,38:31,39:37,40:28,41:28,42:37,43:40,44:29,45:37,46:37,47:32,48:40,49:41,50:27
((105,92)0)21	1.3360087125464415	4.0	5.336008712546441	2.5882385639261307e-12	1:12,2:5,3:2,4:2,5:4,6:3,7:3,8:1,9:3,10:5,11:5,12:5,13:2,14:2,15:1,16:4,18:4,19:2,20:1,21:3,22:2,23:4,24:3,26:1,27:3,28:3,29:4,30:3,31:1,32:3,33:1,34:5,35:4,36:2,37:3,38:2,39:4,40:3,41:5,42:4,43:1,44:3,45:3,46:5,47:3,48:6,49:3,50:3
((105)21,92)0	1.3575235259710428	4.0	5.357523525971043	2.324264130831008e-12	1:25,2:24,3:34,4:23,5:28,6:17,7:22,8:30,9:25,10:27,11:22,12:27,13:22,14:28,15:18,16:15,17:25,18:27,19:24,20:24,21:33,22:33,23:28,24:34,25:21,26:16,27:27,28:26,29:18,30:24,31:22,32:25,33:31,34:29,35:29,36:26,37:26,38:19,39:25,40:27,41:30,42:31,43:23,44:30,45:22,46:31,47:27,48:20,49:20,50:23
(105,(92)21)0	1.3861747538169047	4.0	5.3861747538169045	2.0140494494380337e-12	1:15,2:4,3:7,4:8,5:3,6:6,7:4,8:8,9:4,10:5,11:10,12:4,13:4,14:1,15:4,16:2,17:3,18:5,19:1,20:4,21:5,22:4,23:1,24:3,25:4,26:8,27:9,28:5,29:9,30:4,31:6,32:1,34:6,35:1,36:2,37:4,38:4,39:4,40:4,41:5,42:4,43:5,44:10,45:3,46:3,47:8,48:2,49:6,50:4
(((105)92)0)21	0.8010196455118122	5.0	5.801019645511812	2.530730462348346e-13	1:4,2:2,3:2,4:2,5:1,6:1,7:3,8:3,10:4,11:1,13:2,15:2,16:1,18:1,19:1,20:1,21:2,23:1,24:4,26:1,27:1,29:2,30:4,32:2,33:2,35:1,36:2,37:2,38:1,39:3,41:2,42:3,43:2,44:2,45:1,46:1,47:1,48:1,49:2
(((92)105)21)0	0.8416201054231649	5.0	5.841620105423165	2.065775460954531e-13	1:4,2:3,3:2,5:1,6:1,7:2,8:1,9:2,10:2,11:1,13:1,14:1,17:1,18:1,20:1,21:1,23:3,25:2,26:1,28:1,29:1,31:3,32:1,33:4,34:3,35:2,36:1,39:1,40:1,41:2,42:6,43:1,44:3,46:2,47:1,49:3,50:1
(((105)21)92)0	0.8961562759269897	5.0	5.896156275926989	1.5727486628794136e-13	1:7,2:4,3:7,4:5,5:8,6:5,7:2,8:6,9:7,10:5,11:4,12:8,13:6,14:3,15:6,16:4,17:5,18:5,19:7,20:2,21:4,22:3,23:5,24:5,25:3,26:3,27:4,28:3,29:9,30:3,31:1,32:5,33:9,34:5,35:4,36:5,37:6,38:5,39:3,40:5,41:2,42:4,43:4,44:6,45:5,46:2,47:7,48:4,49:5,50:8
((105,92)21)0	1.3716046351917837	5.0	6.371604635191783	1.4596083202948125e-14	1:18,2:1,3:2,4:3,6:5,7:1,8:1,9:1,10:2,11:2,12:2,13:3,14:2,15:3,16:3,17:2,20:2,21:4,22:2,23:3,24:2,25:6,26:2,27:3,28:4,29:3,30:2,31:3,32:1,33:3,34:4,35:3,36:6,37:5,38:4,39:6,40:5,41:3,43:4,44:2,45:6,46:2,47:3,48:3,49:3,50:3
(((105)92)21)0	0.8805221587745728	6.0	6.880522158774573	1.1458716354157381e-15	1:7,2:2,3:2,4:1,6:3,7:2,8:1,9:2,10:2,11:3,12:1,13:2,14:1,15:2,16:2,19:1,20:4,21:1,22:1,23:3,24:4,25:2,26:1,29:1,30:1,31:1,32:1,33:2,35:2,36:1,37:1,40:1,41:1,43:2,44:2,45:2,46:1,47:1,48:1,49:3,50:3
