# generation count = 50 
#
generation.index	generationHighestFitness	generationMedianFitness	populationHighestFitness	populationMedianFitness
1	0.9531337870775045	1.098102940806206e-07	0.9531337870775045	1.098102940806206e-07
2	0.9531337870775045	0.004406416879175	0.9531337870775045	2.388832361616408e-06
3	0.9531337870775045	0.004406416879175	0.9531337870775045	2.9861542698219467e-05
4	0.9531337870775045	0.004406416879175	0.9531337870775045	0.0006964749822474614
5	0.9531337870775045	0.0036773148390343673	0.9531337870775045	0.0035787084602290405
6	0.9531337870775045	0.004406416879175	0.9531337870775045	0.0035787084602290405
7	0.9531337870775045	0.0036773148390343673	0.9531337870775045	0.0036773148390343673
8	0.9531337870775045	0.0036773148390343673	0.9531337870775045	0.0036773148390343673
9	0.9531337870775045	0.004406416879175	0.9531337870775045	0.0036773148390343673
10	0.9531337870775045	0.004041865859104684	0.9531337870775045	0.0036773148390343673
11	0.9531337870775045	0.004406416879175	0.9531337870775045	0.0036773148390343673
12	0.9531337870775045	0.004406416879175	0.9531337870775045	0.0036773148390343673
13	0.9531337870775045	0.004406416879175	0.9531337870775045	0.0036773148390343673
14	0.9531337870775045	0.004406416879175	0.9531337870775045	0.0036773148390343673
15	0.9531337870775045	0.004406416879175	0.9531337870775045	0.0036773148390343673
16	0.9531337870775045	0.0036773148390343673	0.9531337870775045	0.0036773148390343673
17	0.9531337870775045	0.0036773148390343673	0.9531337870775045	0.0036773148390343673
18	0.9531337870775045	0.004406416879175	0.9531337870775045	0.0036773148390343673
19	0.9531337870775045	0.004406416879175	0.9531337870775045	0.0036773148390343673
20	0.9531337870775045	0.004406416879175	0.9531337870775045	0.0036773148390343673
21	0.9531337870775045	0.004406416879175	0.9531337870775045	0.0036773148390343673
22	0.9531337870775045	0.0036773148390343673	0.9531337870775045	0.0036773148390343673
23	0.9531337870775045	0.004406416879175	0.9531337870775045	0.0036773148390343673
24	0.9531337870775045	0.004406416879175	0.9531337870775045	0.0036773148390343673
25	0.9531337870775045	0.004406416879175	0.9531337870775045	0.0036773148390343673
26	0.9531337870775045	0.004406416879175	0.9531337870775045	0.0036773148390343673
27	0.9531337870775045	0.004406416879175	0.9531337870775045	0.0036773148390343673
28	0.9531337870775045	0.004406416879175	0.9531337870775045	0.0036773148390343673
29	0.9531337870775045	0.0036773148390343673	0.9531337870775045	0.0036773148390343673
30	0.9531337870775045	0.004406416879175	0.9531337870775045	0.0036773148390343673
31	0.9531337870775045	0.004406416879175	0.9531337870775045	0.0036773148390343673
32	0.9531337870775045	0.004406416879175	0.9531337870775045	0.004406416879175
33	0.9531337870775045	0.0036773148390343673	0.9531337870775045	0.0036773148390343673
34	0.9531337870775045	0.004406416879175	0.9531337870775045	0.004406416879175
35	0.9531337870775045	0.004406416879175	0.9531337870775045	0.004406416879175
36	0.9531337870775045	0.004406416879175	0.9531337870775045	0.004406416879175
37	0.9531337870775045	0.004406416879175	0.9531337870775045	0.004406416879175
38	0.9531337870775045	0.004406416879175	0.9531337870775045	0.004406416879175
39	0.9531337870775045	0.004406416879175	0.9531337870775045	0.004406416879175
40	0.9531337870775045	0.004406416879175	0.9531337870775045	0.004406416879175
41	0.9531337870775045	0.0036773148390343673	0.9531337870775045	0.004406416879175
42	0.9531337870775045	0.0036773148390343673	0.9531337870775045	0.004406416879175
43	0.9531337870775045	0.004406416879175	0.9531337870775045	0.004406416879175
44	0.9531337870775045	0.004406416879175	0.9531337870775045	0.004406416879175
45	0.9531337870775045	0.004406416879175	0.9531337870775045	0.004406416879175
46	0.9531337870775045	0.0036773148390343673	0.9531337870775045	0.004406416879175
47	0.9531337870775045	0.004041865859104684	0.9531337870775045	0.004406416879175
48	0.9531337870775045	0.004406416879175	0.9531337870775045	0.004406416879175
49	0.9531337870775045	0.004406416879175	0.9531337870775045	0.004406416879175
50	0.9531337870775045	0.004406416879175	0.9531337870775045	0.004406416879175
############################################################
Topology	MassCost	TopologyCost	Cost	Fitness	appearances(generationID:count)
((0)21,92)105	0.009600000000000053	0.0	0.009600000000000053	0.9531337870775045	1:25,2:108,3:87,4:91,5:85,6:97,7:100,8:94,9:105,10:102,11:100,12:84,13:101,14:109,15:124,16:101,17:82,18:89,19:91,20:100,21:87,22:95,23:107,24:93,25:98,26:97,27:102,28:93,29:115,30:102,31:110,32:100,33:94,34:105,35:91,36:102,37:93,38:96,39:111,40:93,41:96,42:96,43:106,44:98,45:101,46:82,47:90,48:96,49:87,50:98
(21,(0)92)105	0.009600000000000053	0.0	0.009600000000000053	0.9531337870775045	1:10,2:94,3:103,4:129,5:120,6:109,7:134,8:103,9:122,10:106,11:139,12:145,13:132,14:128,15:120,16:127,17:134,18:138,19:134,20:141,21:142,22:121,23:134,24:125,25:133,26:128,27:105,28:128,29:133,30:134,31:122,32:134,33:135,34:129,35:123,36:125,37:129,38:127,39:134,40:142,41:120,42:127,43:135,44:134,45:130,46:129,47:130,48:114,49:119,50:138
(0,(21)92)105	0.04910000000000003	0.0	0.04910000000000003	0.78231328379451	1:20,2:100,3:111,4:98,5:107,6:119,7:91,8:104,9:119,10:102,11:113,12:105,13:95,14:105,15:91,16:95,17:104,18:109,19:113,20:91,21:114,22:105,23:114,24:116,25:121,26:112,27:108,28:113,29:89,30:108,31:126,32:107,33:93,34:104,35:112,36:107,37:101,38:108,39:104,40:95,41:93,42:95,43:107,44:108,45:114,46:98,47:118,48:95,49:106,50:108
(((0)21)92)105	0.04910000000000003	0.0	0.04910000000000003	0.78231328379451	1:3,2:32,3:28,4:29,5:24,6:32,7:23,8:22,9:26,10:30,11:20,12:27,13:25,14:22,15:26,16:33,17:15,18:32,19:36,20:35,21:30,22:21,23:22,24:29,25:31,26:28,27:40,28:35,29:29,30:20,31:21,32:20,33:31,34:24,35:32,36:30,37:30,38:25,39:28,40:31,41:22,42:29,43:26,44:25,45:23,46:25,47:28,48:31,49:31,50:27
(0,21,92)105	0.3201303640706393	0.0	0.3201303640706393	0.2017649606155336	1:48,2:115,3:104,4:76,5:83,6:76,7:71,8:82,9:70,10:73,11:76,12:61,13:81,14:64,15:64,16:57,17:76,18:77,19:72,20:81,21:69,22:69,23:70,24:63,25:69,26:78,27:81,28:74,29:67,30:71,31:60,32:53,33:72,34:66,35:71,36:57,37:76,38:81,39:59,40:66,41:77,42:68,43:72,44:68,45:75,46:71,47:67,48:64,49:89,50:72
((0,21)92)105	0.3955232736515008	0.0	0.3955232736515008	0.13839873607345463	1:16,2:24,3:31,4:26,5:15,6:22,7:18,8:36,9:28,10:34,11:15,12:35,13:16,14:15,15:26,16:25,17:27,18:18,19:14,20:19,21:25,22:15,23:27,24:24,25:21,26:20,27:24,28:28,29:17,30:21,31:22,32:22,33:21,34:23,35:21,36:22,37:23,38:19,39:30,40:31,41:26,42:23,43:23,44:17,45:28,46:25,47:21,48:33,49:22,50:25
(((0)92)21)105	0.08493868376658541	1.0	1.0849386837665853	0.004406416879175	1:5,2:9,3:11,4:6,5:14,6:9,7:14,8:18,9:10,10:11,11:14,12:12,13:14,14:17,15:10,16:14,17:15,18:15,19:14,20:11,21:12,22:17,23:15,24:9,25:14,26:10,27:18,28:18,29:10,30:11,31:10,32:23,33:10,34:18,35:17,36:22,37:23,38:13,39:15,40:17,41:13,42:12,43:21,44:23,45:14,46:13,47:15,48:12,49:14,50:13
(0,(92)21)105	0.08493868376658541	1.0	1.0849386837665853	0.004406416879175	1:17,2:39,3:49,4:54,5:39,6:40,7:43,8:38,9:44,10:42,11:51,12:42,13:44,14:44,15:46,16:40,17:44,18:49,19:48,20:38,21:45,22:47,23:40,24:45,25:45,26:40,27:43,28:42,29:38,30:48,31:40,32:60,33:33,34:46,35:41,36:38,37:35,38:34,39:46,40:35,41:50,42:37,43:47,44:61,45:43,46:50,47:31,48:56,49:48,50:48
((21)0,92)105	0.12111449128820218	1.0	1.121114491288202	0.0036773148390343673	1:14,2:45,3:29,4:33,5:39,6:36,7:54,8:31,9:35,10:32,11:29,12:48,13:34,14:35,15:44,16:32,17:41,18:33,19:26,20:42,21:28,22:45,23:36,24:40,25:37,26:29,27:37,28:32,29:36,30:33,31:34,32:34,33:32,34:25,35:35,36:40,37:34,38:28,39:33,40:31,41:40,42:38,43:35,44:39,45:22,46:41,47:42,48:32,49:43,50:35
(((21)0)92)105	0.12111449128820218	1.0	1.121114491288202	0.0036773148390343673	1:9,2:7,3:14,4:17,5:19,6:21,7:24,8:15,9:9,10:14,11:16,12:10,13:16,14:17,15:11,16:11,17:9,18:13,19:15,20:13,21:17,22:16,23:9,24:16,25:16,26:17,27:26,28:14,29:11,30:13,31:11,32:11,33:23,34:16,35:13,36:10,37:16,38:16,39:16,40:13,41:12,42:15,43:16,44:14,45:16,46:7,47:22,48:20,49:16,50:12
((92)0,21)105	0.12655066179202695	1.0	1.126550661792027	0.0035787084602290405	1:32,2:24,3:31,4:32,5:32,6:26,7:20,8:36,9:36,10:28,11:32,12:36,13:38,14:33,15:34,16:34,17:33,18:40,19:39,20:29,21:30,22:32,23:26,24:30,25:27,26:27,27:23,28:41,29:30,30:43,31:39,32:32,33:30,34:39,35:33,36:26,37:29,38:36,39:33,40:47,41:43,42:38,43:42,44:33,45:45,46:39,47:34,48:39,49:26,50:21
((0,92)21)105	0.45389573692644436	1.0	1.4538957369264445	0.0006964749822474614	1:18,2:10,3:20,4:9,5:16,6:13,7:6,8:10,9:13,10:10,11:10,12:8,13:8,14:9,15:9,16:11,17:13,18:8,19:6,20:13,21:11,22:13,23:8,24:10,25:8,26:11,27:14,28:12,29:9,30:10,31:7,32:14,33:15,34:9,35:16,36:13,37:7,38:6,39:19,40:10,41:7,42:8,43:9,44:12,45:9,46:10,47:12,48:7,49:10,50:13
((0,21)105)92	0.6744689837197853	1.0	1.6744689837197853	0.00023117283618938954	1:14,2:6,3:3,4:5,5:6,6:3,7:6,8:3,9:3,10:2,11:1,12:7,13:2,14:5,15:2,16:3,17:5,18:3,19:5,21:6,23:4,24:8,25:4,26:8,27:3,28:2,29:4,30:4,31:6,32:4,33:5,34:5,36:3,37:3,38:2,39:5,40:2,41:4,42:5,43:2,44:2,45:2,46:3,47:2,48:6,49:6,50:2
(((0)21)105)92	0.6744689837197853	1.0	1.6744689837197853	0.00023117283618938954	1:9,2:1,3:10,4:5,5:9,6:7,7:7,8:4,9:5,10:6,11:4,12:7,13:2,14:3,15:7,16:10,17:3,18:5,19:4,20:5,21:7,22:7,23:6,24:5,25:1,26:5,27:8,28:5,29:9,30:10,31:8,32:4,33:10,34:6,35:7,36:9,37:6,39:5,40:4,41:3,42:5,43:4,44:4,45:9,46:7,47:6,48:1,49:2,50:5
(0,(21)105)92	1.0837878205626783	1.0	2.0837878205626783	2.9861542698219467e-05	1:19,2:16,3:23,4:28,5:21,6:25,7:26,8:22,9:19,10:28,11:19,12:12,13:28,14:14,15:16,16:22,17:23,18:23,19:25,20:29,21:21,22:21,23:17,24:17,25:18,26:24,27:17,28:24,29:20,30:16,31:20,32:12,33:27,34:28,35:27,36:18,37:25,38:24,39:21,40:21,41:26,42:13,43:17,44:28,45:17,46:30,47:16,48:27,49:22,50:17
(((92)0)21)105	0.12655066179202695	2.0	2.126550661792027	2.4113147930202038e-05	1:5,2:4,3:7,4:4,5:9,6:9,7:12,8:8,9:8,10:11,11:9,12:9,13:11,14:10,15:5,16:7,17:9,18:10,19:8,20:3,21:4,22:9,23:9,24:5,25:9,26:7,27:5,28:6,29:6,30:10,31:14,32:8,33:10,34:13,35:14,36:6,37:8,38:7,39:7,40:9,41:8,42:12,43:8,44:5,45:10,46:11,47:8,48:7,49:11,50:10
(((21)92)0)105	0.17565066179202699	2.0	2.175650661792027	1.8864035939899156e-05	1:5,2:13,3:9,4:7,5:5,6:8,7:9,8:10,9:9,10:10,11:7,12:6,13:11,14:12,15:12,16:9,17:10,18:7,19:12,20:5,21:5,22:6,23:10,24:8,25:13,26:7,27:15,28:7,29:5,30:6,31:8,32:10,33:14,34:5,35:9,36:11,37:11,38:14,39:10,40:6,41:4,42:10,43:6,44:9,45:1,46:8,47:13,48:9,49:5,50:7
(105,(0)21)92	1.1760146087527994	1.0	2.1760146087527996	1.8829739611733168e-05	1:14,2:29,3:24,4:29,5:21,6:31,7:20,8:30,9:16,10:20,11:16,12:23,13:23,14:30,15:25,16:20,17:25,18:16,19:15,20:25,21:17,22:19,23:20,24:33,25:19,26:28,27:20,28:16,29:26,30:34,31:19,32:23,33:29,34:28,35:16,36:29,37:23,38:22,39:24,40:23,41:20,42:12,43:13,44:20,45:26,46:23,47:23,48:24,49:21,50:26
((0)105,21)92	1.1760146087527994	1.0	2.1760146087527996	1.8829739611733168e-05	1:15,2:16,3:22,4:23,5:28,6:23,7:30,8:32,9:25,10:27,11:35,12:26,13:28,14:24,15:30,16:35,17:36,18:28,19:33,20:25,21:39,22:35,23:31,24:25,25:20,26:27,27:18,28:23,29:39,30:23,31:28,32:17,33:20,34:35,35:31,36:32,37:32,38:33,39:22,40:34,41:25,42:28,43:25,44:21,45:31,46:28,47:29,48:27,49:34,50:25
(0,105,21)92	1.5889411726052036	1.0	2.5889411726052036	2.388832361616408e-06	1:44,2:14,3:8,4:18,5:13,6:14,7:14,8:12,9:11,10:10,11:15,12:16,13:18,14:14,15:8,16:5,17:11,18:15,19:12,20:10,21:12,22:16,23:9,24:15,25:16,26:8,27:10,28:12,29:10,30:7,31:12,32:14,33:7,34:14,35:11,36:13,37:16,38:12,39:12,40:6,41:7,42:6,43:12,44:10,45:10,46:7,47:9,48:14,49:6,50:9
((21,92)0)105	0.6370179118360801	2.0	2.63701791183608	1.8784012174519803e-06	1:22,2:3,3:4,4:8,5:4,6:8,7:4,8:2,9:8,10:6,11:6,12:9,13:6,14:4,15:6,16:6,17:5,18:5,19:6,20:7,21:5,22:4,23:3,24:6,25:2,26:5,27:1,28:2,29:8,30:2,31:2,32:7,33:6,34:3,35:2,36:7,37:6,38:7,39:10,40:10,41:4,42:4,43:1,44:4,45:5,46:5,47:4,48:2,49:3,50:6
(((0)92)105)21	0.7205056141349627	2.0	2.7205056141349626	1.237362981474127e-06	1:8,2:3,3:2,4:1,5:1,6:2,8:1,9:2,10:1,11:4,12:1,13:1,14:3,16:2,17:1,18:1,19:1,21:2,22:1,23:1,24:3,25:3,26:1,27:1,28:1,29:6,32:2,34:2,35:3,36:3,39:2,40:3,41:3,42:2,44:2,45:2,49:1,50:1
((0,92)105)21	0.7205056141349627	2.0	2.7205056141349626	1.237362981474127e-06	1:13,2:1,3:1,4:1,5:3,6:3,7:1,8:5,9:3,10:2,11:6,12:7,13:2,14:3,15:3,16:2,17:2,18:4,19:4,20:5,21:1,22:4,23:1,24:3,26:1,27:2,28:2,29:2,30:4,31:1,32:7,33:3,34:5,36:1,37:5,38:2,39:4,40:1,41:2,42:1,43:2,45:3,46:2,47:1,48:1,49:2,50:4
(((0)105)21)92	0.7696056141349628	2.0	2.7696056141349628	9.680054972827883e-07	1:5,2:3,3:1,4:3,5:1,6:2,7:2,8:2,9:1,10:1,11:3,14:2,15:1,16:4,17:2,18:3,19:3,20:1,21:1,22:2,23:1,24:1,26:4,27:1,28:1,29:2,30:1,31:1,32:2,33:2,34:2,35:1,36:3,39:1,41:3,43:2,44:1,45:2,46:1,47:1,49:1,50:2
(((21)0)105)92	0.7955834750079874	2.0	2.7955834750079873	8.500953009009032e-07	1:8,2:1,3:3,4:2,5:2,8:4,10:3,11:2,13:3,14:4,16:2,17:4,19:1,20:1,21:2,22:2,23:1,24:2,25:3,26:4,27:3,28:1,29:1,30:2,31:1,32:2,33:1,35:2,36:3,37:4,39:2,40:2,41:1,43:1,44:2,45:3,46:3,47:1,48:3,49:4,50:2
(0,(105)21)92	1.1160288877864635	2.0	3.1160288877864635	1.7124947270010065e-07	1:20,2:5,3:8,4:5,5:5,6:3,7:6,8:4,9:6,10:5,11:3,12:6,13:3,14:4,15:2,16:2,17:7,18:2,19:3,20:2,21:9,22:7,23:6,24:2,25:7,26:8,27:2,28:4,29:5,30:9,31:10,32:3,33:2,34:2,35:8,36:5,37:9,38:4,39:8,40:8,41:6,42:7,43:6,44:6,45:7,46:1,47:6,48:5,49:4,50:4
(0,(92)105)21	1.1241028911981323	2.0	3.1241028911981323	1.6447381545263255e-07	1:26,2:7,3:2,4:7,5:3,6:5,7:4,8:4,9:3,10:7,11:6,12:6,13:6,14:3,15:4,16:2,17:4,18:3,19:4,20:8,21:7,22:7,23:4,24:7,25:1,26:3,27:1,28:5,29:2,30:5,31:6,32:5,33:5,34:6,35:3,36:5,37:9,38:5,39:3,40:3,41:3,42:6,43:2,44:6,45:3,46:9,48:4,49:8,50:6
((0,105)21)92	1.1732028911981325	2.0	3.1732028911981325	1.2867005066496125e-07	1:17,2:3,3:1,4:5,5:2,7:3,8:2,9:4,10:4,12:1,13:4,14:1,15:2,16:4,17:3,18:6,19:5,20:1,22:3,23:3,24:2,25:2,26:2,27:3,28:3,29:6,30:1,31:2,33:3,34:2,35:6,36:1,38:2,39:5,40:2,41:4,42:6,43:2,44:2,45:7,47:1,48:3,49:2,50:1
((105)0,21)92	1.195796214591028	2.0	3.195796214591028	1.1492557718915964e-07	1:22,2:4,3:7,4:3,5:9,6:4,7:7,8:1,9:5,10:6,11:5,12:6,13:3,14:8,15:3,16:1,17:12,18:4,19:5,21:4,22:2,23:9,24:6,25:2,26:5,27:10,28:3,29:7,30:6,31:7,32:7,33:4,34:3,35:8,36:4,37:2,38:7,39:3,40:4,41:8,42:5,43:1,44:5,45:8,46:2,47:5,48:6,49:4,50:8
((21)0,105)92	1.2049023118508804	2.0	3.2049023118508804	1.098102940806206e-07	1:20,2:4,3:6,4:6,5:6,6:4,7:6,8:3,9:5,10:2,11:5,12:8,13:7,14:4,15:6,16:2,17:3,18:4,19:4,20:6,21:6,22:10,23:9,24:7,25:6,26:5,27:3,28:7,29:5,30:2,31:5,32:3,33:7,34:1,35:7,36:3,37:5,38:6,39:4,40:8,41:4,42:3,43:5,44:5,45:3,46:6,47:5,48:5,49:5,50:2
(((92)21)0)105	0.2060531750547876	3.0	3.2060531750547874	1.0918022549174629e-07	1:11,2:7,3:7,4:9,5:4,6:6,7:4,8:5,9:2,10:5,11:8,12:9,13:9,14:8,15:3,16:5,17:9,18:4,19:8,20:8,21:4,22:10,23:4,24:5,25:5,26:4,27:9,28:7,29:6,30:4,31:13,32:2,33:4,34:7,35:7,36:6,37:5,38:6,39:6,40:6,41:12,42:4,43:8,44:6,45:4,46:11,47:4,48:10,49:8,50:2
(105,(0)92)21	1.2504901439035816	2.0	3.2504901439035816	8.74279580293734e-08	1:24,2:12,3:19,4:22,5:34,6:30,7:26,8:33,9:29,10:31,11:35,12:28,13:39,14:36,15:30,16:42,17:32,18:30,19:29,20:27,21:26,22:27,23:28,24:32,25:25,26:34,27:28,28:37,29:28,30:23,31:25,32:26,33:24,34:33,35:26,36:26,37:24,38:27,39:29,40:28,41:20,42:32,43:32,44:30,45:20,46:34,47:34,48:34,49:38,50:31
((0)105,92)21	1.2504901439035816	2.0	3.2504901439035816	8.74279580293734e-08	1:21,2:30,3:19,4:27,5:25,6:30,7:26,8:23,9:28,10:24,11:20,12:23,13:21,14:14,15:23,16:27,17:24,18:19,19:22,20:19,21:30,22:25,23:22,24:18,25:24,26:29,27:16,28:22,29:18,30:24,31:22,32:27,33:30,34:22,35:24,36:18,37:18,38:23,39:17,40:19,41:28,42:26,43:21,44:23,45:23,46:23,47:23,48:19,49:25,50:30
(0,105,92)21	1.659828897808446	2.0	3.659828897808446	1.129230305326267e-08	1:42,2:18,3:15,4:15,5:16,6:9,7:6,8:19,9:16,10:15,11:14,12:12,13:21,14:12,15:15,16:15,17:11,18:13,19:9,20:11,21:9,22:18,23:11,24:9,25:9,26:10,27:9,28:12,29:7,30:6,31:8,32:14,33:14,34:14,35:6,36:17,37:11,38:8,39:4,40:8,41:18,42:15,43:9,44:9,45:11,46:11,47:10,48:10,49:16,50:18
(((0)105)92)21	0.7594076674863707	3.0	3.7594076674863706	6.863568524187547e-09	1:6,2:2,3:7,4:2,5:6,6:3,7:5,8:4,9:3,10:6,11:3,12:4,13:5,14:5,15:6,16:5,17:8,18:5,19:4,20:8,21:4,22:6,23:4,24:5,25:10,26:4,27:8,28:3,29:3,30:7,31:2,32:6,33:2,34:6,35:8,36:5,37:5,38:5,39:3,40:4,41:5,42:4,43:3,44:2,45:6,46:2,47:4,48:6,49:3,50:8
(((21)105)0)92	0.8002729409395272	3.0	3.8002729409395273	5.5951554899235014e-09	1:9,2:2,3:1,4:1,6:4,7:1,13:1,14:4,16:2,17:5,19:1,20:1,22:3,23:1,24:1,25:2,26:1,27:2,28:1,30:1,31:3,32:2,33:2,35:2,37:1,39:1,40:1,44:3,45:1,46:2,48:1,49:1,50:1
((21,92)105)0	0.8098729409395272	3.0	3.809872940939527	5.332931741398287e-09	1:11,2:1,3:4,4:1,5:3,7:2,8:7,9:2,10:4,11:1,12:5,13:4,14:2,15:1,16:4,17:2,18:2,20:2,21:3,22:1,24:6,25:2,26:3,27:1,28:3,29:4,30:6,31:3,32:4,33:1,34:2,35:7,36:5,37:2,38:4,39:6,41:1,42:4,43:2,44:3,45:3,46:4,47:2,49:5,50:5
(((92)0)105)21	0.8470562759269897	3.0	3.84705627592699	4.428161370175687e-09	1:8,2:1,3:1,4:2,7:2,8:1,10:3,11:2,12:4,14:1,15:1,17:2,18:2,19:1,20:1,21:2,23:4,24:1,26:1,27:3,28:2,29:1,30:1,31:4,32:1,33:2,34:1,35:1,36:1,37:2,38:4,39:1,40:1,41:1,42:2,43:1,44:1,45:4,46:3,47:1,48:1,50:1
(((21)92)105)0	0.8493729409395272	3.0	3.849372940939527	4.3771644646629365e-09	1:6,2:3,3:2,4:1,5:1,6:4,7:2,8:1,9:2,10:1,11:2,12:2,13:2,15:3,16:2,19:1,20:1,21:1,22:1,25:1,26:1,27:1,29:1,31:3,32:2,33:3,34:4,37:1,39:3,40:3,43:1,44:1,45:1,46:1,48:4,50:1
(((105)0)21)92	0.8493729409395272	3.0	3.849372940939527	4.3771644646629365e-09	1:8,2:1,3:1,4:3,5:1,6:4,7:4,8:2,9:2,11:4,13:1,14:2,16:2,18:2,20:2,21:2,23:1,24:1,25:3,27:1,28:1,29:2,31:1,32:2,34:1,35:1,36:2,37:5,38:1,39:3,40:3,41:2,42:3,43:1,44:1,45:2,46:3,47:1,48:2,49:1
(0,(105)92)21	1.1283647206462297	3.0	4.12836472064623	1.0848505479882653e-09	1:19,2:22,3:19,4:23,5:20,6:25,7:22,8:19,9:24,10:20,11:18,12:20,13:21,14:29,15:20,16:22,17:20,18:20,19:25,20:19,21:25,22:22,23:19,24:16,25:19,26:26,27:22,28:9,29:22,30:18,31:14,32:19,33:23,34:23,35:21,36:35,37:25,38:28,39:18,40:26,41:25,42:26,43:17,44:16,45:18,46:23,47:26,48:31,49:23,50:23
((0,105)92)21	1.1687265043292636	3.0	4.168726504329264	8.865952761823165e-10	1:11,2:3,3:3,4:5,5:7,6:2,7:2,8:4,9:4,10:5,11:1,12:2,13:5,14:1,15:4,16:3,18:2,19:4,20:3,21:6,22:2,23:2,24:4,25:2,26:4,27:2,28:2,29:1,30:2,31:3,32:3,33:4,34:3,36:5,37:5,38:4,39:3,40:3,41:4,42:2,43:4,44:4,45:1,46:1,47:6,48:2,49:3,50:3
((92)0,105)21	1.2506535529901592	3.0	4.250653552990159	5.886038348464871e-10	1:25,2:3,3:11,4:6,5:1,6:4,7:4,8:2,9:1,10:4,11:7,12:5,13:6,14:6,15:7,16:4,17:1,18:8,19:2,20:3,21:4,22:2,23:8,24:4,25:6,26:4,27:3,28:6,29:4,30:3,31:3,32:7,33:5,34:5,35:5,36:5,37:5,38:8,39:4,40:7,41:6,42:3,43:3,44:7,45:5,46:3,47:1,48:1,49:7,50:1
((105)0,92)21	1.2541686778659715	3.0	4.254168677865971	5.78349135284856e-10	1:17,2:4,3:4,4:2,5:7,6:8,7:3,8:3,9:6,10:6,11:8,12:5,13:3,14:4,15:4,16:5,17:3,18:4,19:4,20:6,21:4,22:4,23:2,24:4,25:4,26:5,27:2,28:8,29:7,30:4,31:7,32:8,33:6,34:4,35:6,36:8,37:5,38:4,39:6,40:8,41:4,42:5,43:4,44:5,45:3,46:8,47:4,48:3,49:5,50:3
((105,21)0)92	1.3012360700503194	3.0	4.30123607005032	4.5707192593523087e-10	1:11,2:3,3:2,4:5,5:2,6:1,7:5,8:5,9:1,10:2,11:1,12:4,13:4,14:2,15:6,16:7,18:4,19:2,20:3,21:1,23:3,24:3,25:3,26:6,27:4,28:3,29:4,30:5,31:2,32:1,33:3,34:3,35:3,36:3,37:1,38:3,39:3,40:3,41:5,42:3,43:1,44:1,45:6,46:6,47:4,48:5,49:4,50:1
((92)105,21)0	1.3012360700503194	3.0	4.30123607005032	4.5707192593523087e-10	1:21,2:3,3:5,4:4,5:3,6:6,7:7,8:4,9:11,10:4,11:5,12:4,13:2,14:3,15:4,16:3,17:2,18:8,19:5,20:5,21:1,22:8,23:4,24:7,25:7,26:4,27:7,28:5,29:5,30:3,31:2,32:2,33:9,34:4,35:6,36:2,37:7,38:6,39:7,40:2,41:2,42:6,43:8,44:3,45:5,46:3,47:7,48:4,49:3,50:1
((21)105,92)0	1.3360087125464415	3.0	4.336008712546441	3.841286617833932e-10	1:20,2:11,3:4,4:9,5:4,6:7,7:6,8:6,9:10,10:1,11:3,12:3,13:4,14:3,15:9,16:3,17:4,18:4,19:5,20:7,21:7,22:6,23:10,24:5,25:7,26:4,27:5,28:3,29:4,30:6,31:6,32:6,33:6,34:5,35:7,36:5,37:2,38:5,39:6,40:2,41:4,42:9,43:8,44:6,46:6,47:12,48:9,49:7,50:5
(105,(21)92)0	1.3851087125464416	3.0	4.385108712546442	3.005089547993561e-10	1:21,2:20,3:22,4:20,5:27,6:21,7:22,8:29,9:22,10:31,11:21,12:20,13:16,14:20,15:28,16:31,17:24,18:19,19:25,20:30,21:16,22:19,23:23,24:21,25:24,26:19,27:25,28:18,29:25,30:31,31:27,32:26,33:34,34:16,35:14,36:23,37:20,38:20,39:19,40:18,41:26,42:29,43:22,44:15,45:22,46:16,47:15,48:29,49:17,50:30
(((92)105)0)21	0.8002729409395272	4.0	4.800272940939527	3.769986114274663e-11	1:7,5:1,6:3,9:1,10:3,11:1,12:2,13:1,14:1,15:3,16:1,17:1,21:1,22:2,23:3,24:2,25:2,26:2,27:2,28:1,29:7,30:2,31:1,32:2,33:1,34:1,35:1,36:3,37:2,38:2,40:2,41:1,42:1,43:1,44:2,45:1,47:2,48:3,49:1,50:3
(((21)105)92)0	0.8010196455118122	4.0	4.801019645511812	3.755937027542424e-11	1:3,2:2,4:1,5:1,6:2,7:1,8:3,9:2,10:4,12:1,13:1,14:2,16:1,17:2,18:2,19:1,20:4,21:2,22:3,23:2,24:1,25:1,27:1,28:3,30:1,32:1,33:4,34:1,35:2,38:4,39:2,40:5,41:1,42:3,43:2,44:1,46:1,47:1,48:2,49:1,50:1
(105,21,92)0	1.8396767243187049	3.0	4.839676724318705	3.09581872092677e-11	1:60,2:18,3:16,4:13,5:17,6:11,7:18,8:17,9:11,10:15,11:8,12:6,13:13,14:15,15:12,16:14,17:14,18:16,19:14,20:19,21:11,22:13,23:11,24:16,25:15,26:12,27:20,28:12,29:16,30:8,31:13,32:6,33:11,34:6,35:12,36:11,37:12,38:9,39:14,40:13,41:15,42:9,43:15,44:10,45:11,46:14,47:19,48:8,49:10,50:8
(((105)21)0)92	0.8416201054231649	4.0	4.841620105423165	3.0658826215684335e-11	1:13,4:1,5:2,6:4,7:2,8:3,14:1,15:2,16:3,17:1,18:5,19:2,20:1,21:5,22:1,23:1,24:2,25:1,26:3,28:2,29:3,30:1,31:2,32:3,33:2,35:6,36:1,37:4,38:1,40:3,41:3,43:1,44:4,45:2,48:1,49:1,50:1
(((92)21)105)0	0.8852116247061126	4.0	4.885211624706113	2.465458759240758e-11	1:5,2:1,3:1,5:1,6:4,8:1,9:3,10:2,11:3,12:1,13:2,14:3,16:2,20:1,21:1,22:3,23:2,24:1,26:1,27:2,28:1,29:1,30:3,31:1,32:1,33:1,35:1,36:2,38:2,39:1,40:3,41:3,43:1,44:3,45:2,47:3,48:3
(((105)0)92)21	0.8852116247061126	4.0	4.885211624706113	2.465458759240758e-11	1:7,2:4,3:3,5:1,6:2,7:1,8:1,9:1,10:3,11:3,12:1,14:1,15:2,17:2,19:2,20:1,21:1,22:2,23:3,24:3,25:1,26:2,27:1,28:3,30:1,31:1,32:2,35:1,36:2,40:3,41:4,42:2,43:4,44:1,45:3,46:4,47:2,49:1,50:1
((105,21)92)0	1.3025652705448263	4.0	5.302565270544826	3.0593264067042278e-12	1:12,2:7,4:3,5:2,6:5,7:8,8:3,9:4,11:5,12:5,13:4,14:3,15:5,16:3,17:5,18:5,19:3,20:2,21:6,22:2,23:4,24:4,25:3,26:2,27:4,28:3,29:5,30:2,31:2,32:6,33:5,34:2,35:5,36:5,38:3,39:3,40:5,41:3,42:4,43:4,44:5,45:3,46:5,47:4,48:5,49:2,50:4
(21,(105)92)0	1.3114868955558654	4.0	5.311486895555865	2.925854685431582e-12	1:22,2:24,3:19,4:26,5:29,6:23,7:28,8:25,9:15,10:32,11:28,12:25,13:23,14:32,15:32,16:37,17:22,18:26,19:33,20:23,21:30,22:25,23:31,24:32,25:34,26:29,27:33,28:30,29:37,30:38,31:30,32:35,33:20,34:26,35:24,36:32,37:26,38:28,39:23,40:23,41:32,42:35,43:33,44:28,45:39,46:28,47:31,48:28,49:26,50:26
((105,92)0)21	1.3360087125464415	4.0	5.336008712546441	2.5882385639261307e-12	1:9,2:3,3:6,4:2,5:1,6:3,7:3,8:2,9:4,10:5,11:1,12:3,14:4,16:2,17:4,18:4,19:2,20:5,21:2,22:3,23:3,24:2,25:5,26:1,27:4,28:3,29:3,30:3,31:3,32:2,33:2,34:3,35:4,37:5,38:4,39:1,40:3,41:4,42:4,43:3,44:3,45:3,46:2,47:4,48:2,49:3,50:4
((105)21,92)0	1.3575235259710428	4.0	5.357523525971043	2.324264130831008e-12	1:11,2:37,3:35,4:16,5:28,6:13,7:23,8:26,9:31,10:24,11:18,12:26,13:15,14:21,15:26,16:21,17:22,18:21,19:25,20:19,21:18,22:24,23:25,24:27,25:21,26:24,27:22,28:32,29:21,30:24,31:29,32:30,33:24,34:24,35:27,36:20,37:24,38:35,39:27,40:20,41:27,42:38,43:24,44:17,45:23,46:35,47:19,48:21,49:22,50:25
(105,(92)21)0	1.3861747538169047	4.0	5.3861747538169045	2.0140494494380337e-12	1:25,2:8,3:2,4:7,5:4,6:4,7:6,8:4,9:6,11:5,12:5,13:5,14:5,15:5,16:7,17:7,18:5,19:3,20:7,21:9,22:5,23:4,24:4,25:6,26:7,27:7,28:4,29:2,30:8,31:4,32:5,33:4,34:10,35:2,36:2,37:7,38:5,39:4,40:5,41:3,42:6,43:8,44:8,45:3,46:3,47:3,48:2,49:6,50:4
(((105)92)0)21	0.8010196455118122	5.0	5.801019645511812	2.530730462348346e-13	1:8,2:1,3:2,4:1,5:4,6:2,7:1,10:4,12:1,13:1,15:1,16:4,17:2,18:2,19:3,20:1,21:1,23:3,24:2,25:3,27:3,28:2,29:5,31:1,32:2,33:1,34:3,35:1,36:1,37:1,38:2,39:1,41:2,42:2,43:2,44:3,46:1,47:3,48:1,49:1,50:2
(((92)105)21)0	0.8416201054231649	5.0	5.841620105423165	2.065775460954531e-13	1:6,2:1,4:2,5:2,6:2,7:1,10:2,13:1,14:2,17:7,18:2,20:2,23:1,24:1,25:2,27:1,30:1,31:1,32:1,33:1,35:2,37:1,38:2,39:1,40:2,41:1,42:1,44:4,45:1,47:3,48:1,50:2
(((105)21)92)0	0.8961562759269897	5.0	5.896156275926989	1.5727486628794136e-13	1:5,2:4,3:6,4:4,5:1,6:6,7:3,8:5,9:6,10:5,11:3,12:7,13:7,14:3,15:7,16:3,17:3,18:3,19:4,20:7,21:7,22:6,23:4,24:5,25:3,26:6,27:1,28:3,29:7,30:3,31:5,32:3,33:4,34:5,35:7,36:5,37:7,38:4,39:5,40:10,41:4,42:8,43:7,44:9,45:4,46:5,47:4,48:8,49:4,50:5
((105,92)21)0	1.3716046351917837	5.0	6.371604635191783	1.4596083202948125e-14	1:8,2:3,3:4,4:4,5:3,6:1,8:4,9:2,10:3,11:7,12:2,13:1,14:3,15:2,16:2,17:3,18:1,19:3,20:3,21:1,22:3,23:2,25:2,26:3,27:3,28:4,29:3,30:3,31:4,32:3,33:3,34:1,35:1,36:1,37:5,38:4,39:3,40:2,42:3,43:2,44:2,45:1,46:5,47:5,49:4,50:2
(((105)92)21)0	0.8805221587745728	6.0	6.880522158774573	1.1458716354157381e-15	1:5,2:1,3:1,4:3,5:1,7:1,8:1,9:1,10:1,11:4,12:2,14:6,15:2,18:2,20:3,21:2,22:3,23:3,24:1,25:2,27:4,28:1,29:1,30:2,31:3,33:1,34:1,36:1,37:2,38:3,40:2,46:1,47:3,48:1,50:1
