# generation count = 50 
#
generation.index	generationHighestFitness	generationMedianFitness	populationHighestFitness	populationMedianFitness
1	0.9531337870775045	1.0918022549174629e-07	0.9531337870775045	1.0918022549174629e-07
2	0.9531337870775045	0.004406416879175	0.9531337870775045	1.8829739611733168e-05
3	0.9531337870775045	0.004406416879175	0.9531337870775045	0.00023117283618938954
4	0.9531337870775045	0.004406416879175	0.9531337870775045	0.0035787084602290405
5	0.9531337870775045	0.004406416879175	0.9531337870775045	0.0036773148390343673
6	0.9531337870775045	0.004406416879175	0.9531337870775045	0.0036773148390343673
7	0.9531337870775045	0.0036773148390343673	0.9531337870775045	0.0036773148390343673
8	0.9531337870775045	0.004406416879175	0.9531337870775045	0.0036773148390343673
9	0.9531337870775045	0.004406416879175	0.9531337870775045	0.0036773148390343673
10	0.9531337870775045	0.004406416879175	0.9531337870775045	0.0036773148390343673
11	0.9531337870775045	0.004406416879175	0.9531337870775045	0.0036773148390343673
12	0.9531337870775045	0.0036773148390343673	0.9531337870775045	0.0036773148390343673
13	0.9531337870775045	0.004406416879175	0.9531337870775045	0.0036773148390343673
14	0.9531337870775045	0.004406416879175	0.9531337870775045	0.0036773148390343673
15	0.9531337870775045	0.004406416879175	0.9531337870775045	0.0036773148390343673
16	0.9531337870775045	0.004406416879175	0.9531337870775045	0.0036773148390343673
17	0.9531337870775045	0.004406416879175	0.9531337870775045	0.0036773148390343673
18	0.9531337870775045	0.004406416879175	0.9531337870775045	0.0036773148390343673
19	0.9531337870775045	0.004406416879175	0.9531337870775045	0.0036773148390343673
20	0.9531337870775045	0.004406416879175	0.9531337870775045	0.0036773148390343673
21	0.9531337870775045	0.004406416879175	0.9531337870775045	0.0036773148390343673
22	0.9531337870775045	0.004406416879175	0.9531337870775045	0.004406416879175
23	0.9531337870775045	0.004406416879175	0.9531337870775045	0.004406416879175
24	0.9531337870775045	0.004406416879175	0.9531337870775045	0.004406416879175
25	0.9531337870775045	0.004406416879175	0.9531337870775045	0.004406416879175
26	0.9531337870775045	0.0036773148390343673	0.9531337870775045	0.004406416879175
27	0.9531337870775045	0.0036773148390343673	0.9531337870775045	0.004406416879175
28	0.9531337870775045	0.004406416879175	0.9531337870775045	0.004406416879175
29	0.9531337870775045	0.0036773148390343673	0.9531337870775045	0.004406416879175
30	0.9531337870775045	0.004406416879175	0.9531337870775045	0.004406416879175
31	0.9531337870775045	0.004406416879175	0.9531337870775045	0.004406416879175
32	0.9531337870775045	0.004406416879175	0.9531337870775045	0.004406416879175
33	0.9531337870775045	0.0036773148390343673	0.9531337870775045	0.004406416879175
34	0.9531337870775045	0.004406416879175	0.9531337870775045	0.004406416879175
35	0.9531337870775045	0.004406416879175	0.9531337870775045	0.004406416879175
36	0.9531337870775045	0.004406416879175	0.9531337870775045	0.004406416879175
37	0.9531337870775045	0.0036773148390343673	0.9531337870775045	0.004406416879175
38	0.9531337870775045	0.004406416879175	0.9531337870775045	0.004406416879175
39	0.9531337870775045	0.004406416879175	0.9531337870775045	0.004406416879175
40	0.9531337870775045	0.004406416879175	0.9531337870775045	0.004406416879175
41	0.9531337870775045	0.004406416879175	0.9531337870775045	0.004406416879175
42	0.9531337870775045	0.004406416879175	0.9531337870775045	0.004406416879175
43	0.9531337870775045	0.004406416879175	0.9531337870775045	0.004406416879175
44	0.9531337870775045	0.0036773148390343673	0.9531337870775045	0.004406416879175
45	0.9531337870775045	0.004406416879175	0.9531337870775045	0.004406416879175
46	0.9531337870775045	0.0036773148390343673	0.9531337870775045	0.004406416879175
47	0.9531337870775045	0.0036773148390343673	0.9531337870775045	0.004406416879175
48	0.9531337870775045	0.004406416879175	0.9531337870775045	0.004406416879175
49	0.9531337870775045	0.004406416879175	0.9531337870775045	0.004406416879175
50	0.9531337870775045	0.0036773148390343673	0.9531337870775045	0.004406416879175
############################################################
Topology	MassCost	TopologyCost	Cost	Fitness	appearances(generationID:count)
((0)21,92)105	0.009600000000000053	0.0	0.009600000000000053	0.9531337870775045	1:25,2:106,3:119,4:112,5:101,6:106,7:100,8:114,9:116,10:105,11:104,12:99,13:103,14:104,15:106,16:116,17:100,18:117,19:94,20:100,21:94,22:103,23:99,24:95,25:110,26:101,27:91,28:116,29:104,30:94,31:97,32:89,33:93,34:93,35:119,36:114,37:96,38:99,39:94,40:87,41:90,42:104,43:108,44:100,45:99,46:82,47:95,48:98,49:91,50:88
(21,(0)92)105	0.009600000000000053	0.0	0.009600000000000053	0.9531337870775045	1:24,2:131,3:129,4:149,5:115,6:123,7:114,8:128,9:139,10:134,11:120,12:117,13:114,14:124,15:143,16:122,17:129,18:132,19:127,20:131,21:135,22:124,23:142,24:148,25:129,26:138,27:123,28:146,29:115,30:134,31:118,32:139,33:130,34:116,35:133,36:112,37:108,38:131,39:125,40:137,41:135,42:123,43:131,44:112,45:154,46:147,47:121,48:131,49:126,50:119
(0,(21)92)105	0.04910000000000003	0.0	0.04910000000000003	0.78231328379451	1:23,2:90,3:101,4:105,5:109,6:100,7:101,8:100,9:95,10:106,11:96,12:103,13:115,14:103,15:111,16:102,17:93,18:102,19:119,20:117,21:98,22:113,23:98,24:86,25:100,26:96,27:109,28:95,29:108,30:100,31:97,32:102,33:102,34:106,35:114,36:95,37:103,38:108,39:108,40:100,41:102,42:103,43:102,44:98,45:99,46:89,47:101,48:114,49:118,50:109
(((0)21)92)105	0.04910000000000003	0.0	0.04910000000000003	0.78231328379451	1:7,2:19,3:18,4:25,5:24,6:25,7:31,8:26,9:19,10:17,11:26,12:30,13:22,14:29,15:24,16:18,17:29,18:34,19:28,20:32,21:30,22:26,23:28,24:23,25:30,26:29,27:22,28:26,29:28,30:21,31:27,32:18,33:24,34:34,35:21,36:25,37:31,38:24,39:32,40:35,41:27,42:29,43:24,44:26,45:23,46:18,47:25,48:23,49:29,50:27
(0,21,92)105	0.3201303640706393	0.0	0.3201303640706393	0.2017649606155336	1:47,2:98,3:74,4:73,5:79,6:73,7:61,8:77,9:78,10:74,11:70,12:62,13:74,14:68,15:72,16:72,17:85,18:67,19:60,20:74,21:69,22:79,23:75,24:71,25:72,26:73,27:70,28:77,29:57,30:73,31:73,32:75,33:73,34:71,35:65,36:75,37:68,38:75,39:74,40:64,41:70,42:75,43:53,44:69,45:68,46:61,47:74,48:66,49:72,50:64
((0,21)92)105	0.3955232736515008	0.0	0.3955232736515008	0.13839873607345463	1:11,2:22,3:20,4:20,5:22,6:25,7:23,8:23,9:18,10:21,11:27,12:22,13:19,14:22,15:25,16:25,17:21,18:19,19:26,20:25,21:19,22:22,23:24,24:27,25:26,26:20,27:23,28:33,29:15,30:33,31:36,32:22,33:18,34:20,35:22,36:22,37:31,38:28,39:19,40:24,41:23,42:27,43:26,44:24,45:26,46:21,47:21,48:18,49:23,50:25
(((0)92)21)105	0.08493868376658541	1.0	1.0849386837665853	0.004406416879175	1:8,2:10,3:12,4:11,5:17,6:12,7:10,8:15,9:7,10:13,11:9,12:19,13:13,14:12,15:10,16:9,17:14,18:13,19:9,20:18,21:17,22:5,23:11,24:15,25:19,26:14,27:11,28:15,29:16,30:9,31:11,32:14,33:18,34:11,35:9,36:15,37:14,38:12,39:9,40:21,41:12,42:18,43:17,44:18,45:12,46:23,47:15,48:15,49:13,50:13
(0,(92)21)105	0.08493868376658541	1.0	1.0849386837665853	0.004406416879175	1:22,2:46,3:48,4:48,5:45,6:46,7:41,8:42,9:47,10:42,11:49,12:41,13:55,14:42,15:48,16:59,17:49,18:41,19:41,20:49,21:46,22:57,23:51,24:49,25:48,26:26,27:42,28:32,29:40,30:52,31:46,32:50,33:40,34:54,35:35,36:56,37:48,38:45,39:47,40:47,41:42,42:40,43:49,44:51,45:37,46:50,47:45,48:44,49:49,50:43
((21)0,92)105	0.12111449128820218	1.0	1.121114491288202	0.0036773148390343673	1:24,2:36,3:43,4:49,5:36,6:37,7:38,8:38,9:36,10:48,11:38,12:39,13:30,14:35,15:28,16:29,17:43,18:37,19:31,20:34,21:35,22:30,23:36,24:39,25:34,26:32,27:41,28:35,29:38,30:28,31:43,32:31,33:45,34:41,35:38,36:37,37:43,38:34,39:40,40:37,41:37,42:40,43:32,44:35,45:43,46:28,47:37,48:32,49:28,50:39
(((21)0)92)105	0.12111449128820218	1.0	1.121114491288202	0.0036773148390343673	1:7,2:16,3:10,4:11,5:17,6:8,7:17,8:17,9:10,10:11,11:16,12:12,13:12,14:14,15:14,16:12,17:10,18:16,19:17,20:14,21:18,22:17,23:15,24:11,25:19,26:15,27:16,28:16,29:22,30:9,31:16,32:10,33:9,34:20,35:13,36:13,37:18,38:21,39:15,40:11,41:18,42:12,43:8,44:14,45:17,46:10,47:14,48:15,49:12,50:14
((92)0,21)105	0.12655066179202695	1.0	1.126550661792027	0.0035787084602290405	1:20,2:33,3:42,4:33,5:41,6:45,7:44,8:33,9:32,10:27,11:36,12:35,13:39,14:46,15:37,16:40,17:36,18:25,19:38,20:37,21:25,22:31,23:24,24:40,25:29,26:43,27:35,28:42,29:31,30:37,31:30,32:23,33:41,34:37,35:38,36:42,37:32,38:40,39:36,40:41,41:31,42:38,43:29,44:34,45:39,46:29,47:35,48:31,49:30,50:38
((0,92)21)105	0.45389573692644436	1.0	1.4538957369264445	0.0006964749822474614	1:11,2:8,3:12,4:9,5:11,6:13,7:12,8:6,9:4,10:9,11:17,12:17,13:12,14:10,15:11,16:20,17:9,18:9,19:10,20:10,21:17,22:9,23:12,24:10,25:9,26:15,27:19,28:12,29:6,30:12,31:12,32:18,33:10,34:7,35:11,36:14,37:7,38:10,39:9,40:22,41:11,42:9,43:9,44:11,45:10,46:4,47:7,48:6,49:15,50:12
((0,21)105)92	0.6744689837197853	1.0	1.6744689837197853	0.00023117283618938954	1:13,2:3,3:6,4:5,5:3,6:3,7:1,8:3,9:5,10:7,11:5,12:5,13:4,14:1,15:5,16:2,17:3,18:6,19:2,20:1,21:3,22:3,23:5,24:4,25:1,26:4,27:3,28:5,29:3,30:2,31:5,33:6,34:4,35:6,36:4,37:2,38:2,39:1,40:4,41:6,42:5,43:2,44:7,45:6,46:5,47:5,48:3,49:1,50:1
(((0)21)105)92	0.6744689837197853	1.0	1.6744689837197853	0.00023117283618938954	1:6,2:4,3:2,4:1,5:6,6:6,7:2,8:4,9:4,10:6,11:4,12:3,13:7,14:10,15:4,16:4,17:4,18:5,19:5,20:2,21:3,22:10,23:3,24:7,25:7,26:4,27:4,28:2,29:4,30:8,31:3,32:4,33:4,34:6,35:2,36:12,37:3,38:4,39:5,40:7,41:6,42:4,43:9,44:5,45:2,46:6,47:5,48:5,49:5,50:7
(0,(21)105)92	1.0837878205626783	1.0	2.0837878205626783	2.9861542698219467e-05	1:30,2:18,3:17,4:15,5:17,6:17,7:22,8:27,9:24,10:24,11:22,12:13,13:16,14:21,15:14,16:22,17:20,18:25,19:17,20:8,21:18,22:22,23:18,24:16,25:16,26:16,27:16,28:18,29:24,30:18,31:11,32:16,33:24,34:19,35:22,36:15,37:13,38:21,39:26,40:20,41:15,42:19,43:16,44:24,45:13,46:29,47:25,48:18,49:19,50:21
(((92)0)21)105	0.12655066179202695	2.0	2.126550661792027	2.4113147930202038e-05	1:12,2:6,3:4,4:13,5:14,6:10,7:12,8:14,9:14,10:8,11:6,12:8,13:8,14:6,15:9,16:10,17:10,18:5,19:9,20:11,21:5,22:7,23:6,24:10,25:12,26:5,27:12,28:12,29:12,30:9,31:9,32:11,33:13,34:11,35:8,36:8,37:9,38:10,39:15,40:9,41:11,42:10,43:15,44:8,45:13,46:12,47:9,48:7,49:3,50:5
(((21)92)0)105	0.17565066179202699	2.0	2.175650661792027	1.8864035939899156e-05	1:5,2:4,3:1,4:4,5:10,6:6,7:6,8:10,9:8,10:11,11:8,12:6,13:5,14:12,15:3,16:3,17:3,18:10,19:8,20:8,21:8,22:12,23:11,24:7,25:3,26:7,27:7,28:10,29:11,30:6,31:6,32:6,33:8,34:9,35:7,36:7,37:9,38:4,39:7,40:4,41:8,42:6,43:8,44:6,45:5,46:9,47:11,48:9,49:6,50:8
(105,(0)21)92	1.1760146087527994	1.0	2.1760146087527996	1.8829739611733168e-05	1:12,2:27,3:31,4:22,5:21,6:28,7:32,8:24,9:23,10:19,11:23,12:22,13:18,14:24,15:21,16:12,17:26,18:22,19:21,20:21,21:28,22:24,23:22,24:22,25:32,26:28,27:37,28:26,29:30,30:27,31:39,32:22,33:18,34:30,35:21,36:18,37:25,38:26,39:20,40:26,41:38,42:18,43:23,44:26,45:31,46:28,47:28,48:26,49:31,50:31
((0)105,21)92	1.1760146087527994	1.0	2.1760146087527996	1.8829739611733168e-05	1:24,2:21,3:24,4:24,5:24,6:30,7:29,8:30,9:29,10:28,11:29,12:41,13:35,14:36,15:36,16:29,17:30,18:25,19:34,20:30,21:28,22:23,23:28,24:29,25:21,26:30,27:33,28:25,29:31,30:26,31:39,32:28,33:33,34:37,35:31,36:24,37:26,38:26,39:30,40:34,41:25,42:29,43:30,44:36,45:34,46:34,47:33,48:34,49:26,50:25
(0,105,21)92	1.5889411726052036	1.0	2.5889411726052036	2.388832361616408e-06	1:36,2:15,3:19,4:4,5:14,6:13,7:16,8:15,9:10,10:10,11:7,12:7,13:13,14:10,15:15,16:10,17:10,18:13,19:5,20:13,21:9,22:17,23:11,24:12,25:8,26:8,27:13,28:8,29:12,30:15,31:15,32:10,33:16,34:11,35:16,36:11,37:8,38:8,39:9,40:14,41:10,42:10,43:12,44:11,45:11,46:9,47:9,48:7,49:15,50:11
((21,92)0)105	0.6370179118360801	2.0	2.63701791183608	1.8784012174519803e-06	1:11,2:1,3:7,4:6,5:3,6:3,7:6,8:4,9:4,10:3,11:6,12:5,13:1,14:5,15:5,16:6,17:5,18:3,19:3,20:3,21:9,22:7,23:6,24:11,25:5,26:6,27:2,28:4,29:5,30:8,31:8,32:4,33:6,34:6,35:8,36:6,37:8,38:8,39:4,40:8,41:6,42:1,43:3,44:3,45:3,46:4,47:2,48:6,49:4,50:5
(((0)92)105)21	0.7205056141349627	2.0	2.7205056141349626	1.237362981474127e-06	1:3,2:2,3:2,5:1,6:1,7:3,8:3,9:1,10:3,11:1,12:1,13:1,14:1,15:1,17:1,18:3,19:4,20:1,22:1,24:1,25:3,26:1,27:1,28:3,29:2,30:1,32:2,33:2,34:1,35:1,36:1,37:1,38:2,39:2,40:1,41:4,43:1,45:2,46:2,49:2,50:3
((0,92)105)21	0.7205056141349627	2.0	2.7205056141349626	1.237362981474127e-06	1:10,2:5,3:3,4:5,5:2,6:1,7:2,8:3,9:3,10:2,11:2,13:3,14:3,15:4,16:5,17:2,18:2,19:4,21:3,22:2,23:2,24:3,25:5,26:6,27:3,28:1,29:2,31:2,32:3,33:2,34:6,35:1,36:3,37:3,38:1,39:4,40:2,41:1,42:1,43:2,44:1,45:3,46:3,47:5,48:1,49:3,50:3
(((0)105)21)92	0.7696056141349628	2.0	2.7696056141349628	9.680054972827883e-07	1:10,2:4,3:2,4:2,5:1,6:4,7:1,8:2,9:3,10:2,11:2,12:2,14:3,15:3,16:2,17:3,18:2,19:3,20:1,21:3,22:2,23:3,24:5,26:1,27:2,28:5,29:1,30:1,32:1,33:4,34:1,35:2,36:2,37:3,38:3,39:1,40:3,41:2,42:2,43:5,46:1,48:1,49:2,50:2
(((21)0)105)92	0.7955834750079874	2.0	2.7955834750079873	8.500953009009032e-07	1:6,2:1,3:1,4:1,5:2,6:1,8:1,9:4,11:2,12:4,13:2,14:3,15:3,16:4,17:1,18:1,19:2,21:2,22:2,24:1,25:1,26:3,27:3,28:1,29:4,31:1,32:2,33:1,34:1,35:2,36:2,37:1,38:1,39:4,40:3,41:2,42:4,43:1,44:5,45:1,46:3,48:2,49:1,50:2
(0,(105)21)92	1.1160288877864635	2.0	3.1160288877864635	1.7124947270010065e-07	1:19,2:6,3:1,4:2,5:3,6:4,7:3,8:8,9:8,10:4,11:3,12:6,13:7,14:5,15:1,16:5,17:7,18:6,19:5,20:4,21:7,22:2,23:1,24:2,25:6,26:5,27:3,28:4,29:2,30:5,31:2,32:3,33:5,34:3,35:9,36:3,37:5,38:5,39:6,40:1,41:4,42:4,43:3,44:4,45:6,46:7,47:2,48:7,49:5,50:1
(0,(92)105)21	1.1241028911981323	2.0	3.1241028911981323	1.6447381545263255e-07	1:17,2:1,3:2,4:5,5:4,6:8,7:2,8:3,9:7,10:2,11:3,12:7,13:7,14:6,15:4,16:3,17:3,19:3,20:5,21:11,22:5,23:6,24:4,25:7,26:5,27:2,28:3,29:6,30:3,31:3,32:4,33:5,34:5,35:3,36:4,37:3,38:5,39:7,40:3,41:4,42:7,43:6,44:4,45:3,46:1,47:7,48:11,49:8,50:8
((0,105)21)92	1.1732028911981325	2.0	3.1732028911981325	1.2867005066496125e-07	1:10,2:1,3:3,4:3,5:2,6:2,7:3,8:4,9:1,10:6,12:2,13:5,16:7,17:7,18:4,19:4,20:7,21:6,22:3,23:3,24:1,25:2,26:1,27:2,28:5,29:3,30:5,31:3,32:4,33:1,34:1,35:2,36:2,37:3,38:2,39:3,40:5,41:1,42:3,43:2,44:3,45:3,46:6,47:5,48:9,49:1,50:7
((105)0,21)92	1.195796214591028	2.0	3.195796214591028	1.1492557718915964e-07	1:17,2:9,3:3,4:4,5:3,6:3,7:3,8:2,9:1,10:9,11:3,12:7,13:3,14:4,15:6,16:5,17:2,18:5,19:5,20:2,21:6,22:6,23:7,24:6,25:6,26:11,27:2,28:8,29:6,30:2,31:2,32:9,33:5,34:4,35:2,36:5,37:9,38:5,39:4,40:4,41:6,42:5,43:3,44:4,45:7,46:3,47:1,48:3,49:5,50:6
((21)0,105)92	1.2049023118508804	2.0	3.2049023118508804	1.098102940806206e-07	1:22,2:6,3:3,4:9,5:4,6:5,7:5,8:8,9:7,10:7,11:3,12:5,13:6,14:5,15:5,16:3,17:3,18:4,19:4,20:7,21:4,22:4,23:7,24:1,25:4,26:9,27:7,28:5,29:6,30:3,31:7,32:4,33:4,34:2,35:6,36:4,37:7,38:4,39:6,40:7,41:6,42:7,43:7,44:7,45:5,46:6,47:10,48:4,49:5,50:7
(((92)21)0)105	0.2060531750547876	3.0	3.2060531750547874	1.0918022549174629e-07	1:12,2:4,3:2,4:7,6:7,7:2,8:5,9:3,10:8,11:5,12:8,13:7,14:2,15:8,16:5,17:6,18:5,19:11,20:3,21:4,22:5,23:6,24:7,25:5,26:4,27:4,28:4,29:2,30:6,31:4,32:2,33:9,34:5,35:10,36:4,37:4,38:5,39:6,40:3,41:8,42:7,43:7,44:8,45:3,46:6,47:12,48:5,49:6,50:2
(105,(0)92)21	1.2504901439035816	2.0	3.2504901439035816	8.74279580293734e-08	1:17,2:28,3:34,4:36,5:24,6:29,7:36,8:21,9:25,10:22,11:33,12:27,13:33,14:23,15:21,16:35,17:33,18:27,19:23,20:20,21:33,22:28,23:24,24:26,25:26,26:25,27:37,28:20,29:34,30:29,31:19,32:40,33:20,34:26,35:30,36:26,37:36,38:24,39:34,40:24,41:27,42:33,43:39,44:35,45:25,46:29,47:24,48:31,49:33,50:33
((0)105,92)21	1.2504901439035816	2.0	3.2504901439035816	8.74279580293734e-08	1:16,2:25,3:22,4:22,5:33,6:22,7:21,8:23,9:30,10:23,11:27,12:26,13:26,14:19,15:14,16:17,17:23,18:29,19:24,20:24,21:30,22:24,23:25,24:26,25:18,26:30,27:21,28:20,29:36,30:27,31:26,32:26,33:20,34:24,35:29,36:21,37:32,38:28,39:22,40:22,41:26,42:17,43:32,44:27,45:22,46:26,47:26,48:38,49:22,50:28
(0,105,92)21	1.659828897808446	2.0	3.659828897808446	1.129230305326267e-08	1:47,2:18,3:14,4:7,5:10,6:11,7:16,8:9,9:16,10:10,11:14,12:6,13:20,14:10,15:13,16:7,17:16,18:14,19:10,20:7,21:14,22:9,23:13,24:12,25:9,26:9,27:16,28:5,29:12,30:14,31:12,32:10,33:9,34:12,35:7,36:15,37:9,38:14,39:10,40:11,41:16,42:16,43:6,44:12,45:8,46:6,47:15,48:13,49:9,50:12
(((0)105)92)21	0.7594076674863707	3.0	3.7594076674863706	6.863568524187547e-09	1:7,2:5,3:8,4:6,5:5,6:6,7:4,8:3,9:6,10:6,11:3,12:8,13:3,14:6,15:4,16:3,17:9,18:5,19:6,20:3,21:6,22:6,23:4,24:5,25:6,26:4,27:7,28:4,29:8,30:6,31:7,32:6,33:6,34:3,35:6,36:3,37:4,38:3,39:6,40:4,41:4,42:8,43:2,44:9,45:3,46:10,47:5,48:9,49:6,50:3
(((21)105)0)92	0.8002729409395272	3.0	3.8002729409395273	5.5951554899235014e-09	1:8,4:1,5:2,6:3,7:2,8:2,9:2,11:2,12:1,13:3,14:2,15:1,16:1,17:2,19:1,20:3,21:1,22:1,23:2,25:2,27:2,28:1,29:2,30:1,31:2,32:3,33:1,34:1,35:2,38:3,39:2,40:1,41:4,42:1,45:1,46:1,50:2
((21,92)105)0	0.8098729409395272	3.0	3.809872940939527	5.332931741398287e-09	1:22,2:5,3:1,4:2,5:1,6:1,7:2,8:4,9:1,10:2,11:2,12:2,13:4,15:2,16:2,17:3,19:1,20:3,21:3,22:4,23:7,24:4,25:5,26:5,27:5,28:4,29:2,30:6,31:7,32:4,33:4,34:5,35:3,36:4,37:3,38:2,39:1,40:3,41:2,42:2,43:2,44:1,45:6,46:1,48:2,49:2,50:2
(((92)0)105)21	0.8470562759269897	3.0	3.84705627592699	4.428161370175687e-09	1:8,2:1,3:5,4:1,6:2,8:1,9:1,11:4,13:1,14:2,15:1,16:2,18:1,19:1,20:2,22:1,23:3,25:1,26:1,27:3,29:1,30:2,32:2,34:3,35:1,36:2,37:2,38:2,40:2,42:5,43:1,44:2,45:3,46:2,47:5,48:2,50:4
(((21)92)105)0	0.8493729409395272	3.0	3.849372940939527	4.3771644646629365e-09	1:10,2:1,3:2,4:1,5:1,7:3,8:1,9:1,11:2,13:1,14:2,15:2,16:1,17:2,18:3,19:3,20:1,21:1,22:4,23:2,24:1,25:1,26:2,27:1,29:3,30:1,31:2,33:3,34:2,35:1,36:1,39:1,40:4,41:1,42:1,43:3,44:1,45:1,46:3,47:1,48:3,49:1,50:1
(((105)0)21)92	0.8493729409395272	3.0	3.849372940939527	4.3771644646629365e-09	1:4,2:2,3:1,4:2,5:1,7:2,9:3,10:1,11:2,12:1,15:1,16:3,17:1,19:1,20:1,21:3,22:1,23:2,24:1,25:3,26:3,27:2,28:1,30:1,33:3,34:2,36:2,39:1,40:1,41:1,42:1,43:2,44:1,45:1,46:1,47:1,48:1
(0,(105)92)21	1.1283647206462297	3.0	4.12836472064623	1.0848505479882653e-09	1:22,2:19,3:15,4:16,5:23,6:23,7:17,8:16,9:25,10:22,11:21,12:22,13:16,14:21,15:19,16:22,17:16,18:19,19:22,20:29,21:20,22:26,23:15,24:17,25:24,26:22,27:19,28:17,29:26,30:25,31:21,32:19,33:18,34:22,35:16,36:21,37:22,38:15,39:19,40:20,41:18,42:18,43:21,44:29,45:21,46:29,47:16,48:24,49:22,50:27
((0,105)92)21	1.1687265043292636	3.0	4.168726504329264	8.865952761823165e-10	1:11,2:5,3:2,4:1,5:6,6:4,7:3,8:3,9:3,10:3,11:5,12:5,13:4,14:2,15:1,16:1,17:4,18:2,19:5,20:2,21:3,22:2,23:7,24:2,25:3,26:4,27:3,28:4,29:2,30:5,31:5,32:3,33:2,34:7,35:5,36:3,37:2,38:2,39:5,40:3,41:5,42:4,43:5,44:4,45:5,46:2,47:1,48:3,49:3,50:2
((92)0,105)21	1.2506535529901592	3.0	4.250653552990159	5.886038348464871e-10	1:19,2:6,3:4,4:8,5:2,6:9,7:4,8:6,9:8,10:6,11:3,12:8,13:3,14:6,15:4,16:8,17:8,18:6,19:11,20:4,21:7,22:7,23:4,24:1,25:8,26:5,27:3,28:5,29:4,30:8,31:4,32:9,33:2,34:3,35:3,36:6,37:5,38:3,39:7,40:4,41:10,42:3,43:6,44:5,45:2,46:7,47:3,48:3,49:6,50:4
((105)0,92)21	1.2541686778659715	3.0	4.254168677865971	5.78349135284856e-10	1:22,2:2,3:6,4:3,5:5,6:3,7:7,8:3,9:3,10:2,11:6,12:3,13:4,14:5,15:10,16:3,17:4,18:8,19:7,20:8,21:3,22:6,23:3,24:2,25:3,26:1,27:4,28:2,29:2,30:2,31:6,32:6,33:2,34:3,35:7,36:3,37:4,38:3,39:5,40:9,41:6,42:4,43:1,44:8,45:6,46:10,47:5,48:6,49:9,50:7
((105,21)0)92	1.3012360700503194	3.0	4.30123607005032	4.5707192593523087e-10	1:9,2:3,3:1,4:4,5:6,6:2,7:6,8:2,9:1,10:2,11:3,12:7,13:2,14:3,15:4,16:2,17:3,18:3,19:2,20:1,22:4,23:5,24:2,25:3,26:5,27:3,30:4,31:2,32:2,33:6,34:4,35:2,36:6,37:3,38:1,39:3,40:2,41:3,42:5,43:2,45:2,46:5,47:3,48:2,49:3,50:1
((92)105,21)0	1.3012360700503194	3.0	4.30123607005032	4.5707192593523087e-10	1:21,2:8,3:5,4:3,5:5,6:2,7:8,8:3,9:3,10:5,11:6,12:6,13:5,14:7,15:2,16:6,17:3,18:5,19:3,20:4,21:3,22:1,23:2,24:3,25:4,26:5,27:4,28:6,29:3,30:3,31:5,32:3,33:7,34:10,35:2,36:3,37:7,38:4,39:5,41:2,42:7,43:10,44:7,45:7,46:4,47:5,48:4,49:8,50:3
((21)105,92)0	1.3360087125464415	3.0	4.336008712546441	3.841286617833932e-10	1:23,2:5,3:7,4:4,5:2,6:5,7:7,8:6,9:5,10:2,11:7,12:4,13:7,14:5,15:7,16:3,17:7,18:5,19:3,20:5,21:6,22:1,23:6,24:4,25:7,26:4,27:4,28:3,29:6,30:2,31:5,32:4,33:8,34:5,35:8,36:5,37:6,38:6,39:5,40:3,41:4,42:9,43:3,44:4,45:3,46:9,47:8,48:1,49:5,50:4
(105,(21)92)0	1.3851087125464416	3.0	4.385108712546442	3.005089547993561e-10	1:18,2:16,3:18,4:18,5:26,6:18,7:23,8:19,9:20,10:16,11:28,12:31,13:23,14:16,15:20,16:13,17:18,18:20,19:19,20:19,21:22,22:28,23:25,24:22,25:23,26:22,27:20,28:21,29:19,30:28,31:26,32:29,33:25,34:13,35:18,36:28,37:25,38:16,39:25,40:16,41:22,42:25,43:27,44:20,45:17,46:16,47:18,48:23,49:24,50:25
(((92)105)0)21	0.8002729409395272	4.0	4.800272940939527	3.769986114274663e-11	1:4,2:2,3:2,7:2,8:1,10:2,12:1,13:1,14:1,18:1,19:1,20:1,21:1,22:1,24:4,25:1,26:3,27:1,28:2,29:1,30:2,36:2,38:1,39:1,41:4,43:2,45:1,46:3,47:1,48:1,50:1
(((21)105)92)0	0.8010196455118122	4.0	4.801019645511812	3.755937027542424e-11	1:9,2:3,3:2,4:2,6:2,7:2,8:3,9:2,10:1,11:4,12:1,14:1,15:2,16:1,18:1,19:3,20:2,21:1,23:2,24:4,25:2,26:1,27:2,28:7,29:1,30:3,31:2,33:1,34:1,35:2,36:1,37:2,38:2,39:2,40:1,41:2,42:1,44:2,45:1,47:1,48:1,49:2,50:2
(105,21,92)0	1.8396767243187049	3.0	4.839676724318705	3.09581872092677e-11	1:45,2:8,3:10,4:12,5:16,6:12,7:11,8:14,9:6,10:18,11:16,12:22,13:7,14:13,15:14,16:16,17:12,18:12,19:14,20:11,21:9,22:10,23:15,24:7,25:10,26:9,27:13,28:11,29:14,30:10,31:16,32:10,33:8,34:10,35:11,36:13,37:17,38:5,39:12,40:9,41:9,42:9,43:13,44:7,45:13,46:13,47:9,48:10,49:12,50:14
(((105)21)0)92	0.8416201054231649	4.0	4.841620105423165	3.0658826215684335e-11	1:9,2:4,3:4,4:2,5:1,6:2,7:1,8:2,9:4,10:1,11:2,14:2,15:1,16:2,17:2,18:2,19:2,21:3,22:3,23:2,25:1,26:1,28:1,30:1,31:1,32:2,34:1,36:1,37:1,38:1,39:1,40:2,41:1,42:1,43:4,44:1,45:2,46:1,47:2,48:1,49:2,50:1
(((92)21)105)0	0.8852116247061126	4.0	4.885211624706113	2.465458759240758e-11	1:13,2:4,4:2,6:1,7:1,8:1,9:1,10:1,11:1,13:4,15:3,16:1,17:1,18:2,19:2,20:2,21:2,24:1,26:1,27:3,29:1,30:1,31:1,32:3,34:3,35:2,36:1,37:1,38:2,40:2,41:2,42:1,44:1,45:1,46:1,47:1,48:2,49:2
(((105)0)92)21	0.8852116247061126	4.0	4.885211624706113	2.465458759240758e-11	1:9,2:3,5:1,6:1,7:1,9:2,10:2,11:2,12:2,13:3,15:1,16:2,17:1,18:4,19:1,20:3,21:3,24:1,25:1,26:5,27:2,28:6,29:1,30:1,31:1,32:1,33:1,34:3,39:1,40:1,41:1,42:1,44:2,45:2,47:1,48:1,49:2,50:3
((105,21)92)0	1.3025652705448263	4.0	5.302565270544826	3.0593264067042278e-12	1:20,2:3,3:3,4:1,5:2,6:4,7:4,8:4,9:1,10:4,11:3,12:3,13:4,14:3,15:6,16:3,17:4,18:4,19:9,20:4,21:7,22:2,23:3,24:5,25:2,26:2,27:3,28:2,29:3,30:4,31:2,32:4,33:5,34:2,35:2,36:4,37:4,38:8,39:2,40:2,41:2,42:2,43:3,44:6,45:3,46:4,47:5,48:4,49:3,50:2
(21,(105)92)0	1.3114868955558654	4.0	5.311486895555865	2.925854685431582e-12	1:22,2:26,3:28,4:26,5:26,6:25,7:26,8:25,9:31,10:40,11:22,12:23,13:26,14:33,15:26,16:30,17:28,18:32,19:32,20:26,21:23,22:23,23:28,24:32,25:33,26:33,27:21,28:24,29:31,30:19,31:29,32:33,33:32,34:21,35:26,36:40,37:36,38:35,39:20,40:32,41:27,42:28,43:31,44:23,45:28,46:25,47:35,48:25,49:35,50:30
((105,92)0)21	1.3360087125464415	4.0	5.336008712546441	2.5882385639261307e-12	1:8,2:4,3:3,4:2,5:3,6:3,7:5,8:5,9:5,10:4,11:3,12:3,13:5,14:5,15:2,16:5,17:4,18:2,19:6,20:4,21:1,22:5,23:5,24:5,25:3,26:3,27:3,29:5,30:2,31:5,32:2,33:5,34:2,35:5,36:2,37:2,38:5,39:3,40:1,42:2,44:5,45:5,46:3,47:4,48:1,49:2,50:4
((105)21,92)0	1.3575235259710428	4.0	5.357523525971043	2.324264130831008e-12	1:15,2:27,3:29,4:23,5:28,6:24,7:29,8:17,9:23,10:25,11:26,12:26,13:30,14:23,15:27,16:27,17:18,18:23,19:24,20:27,21:17,22:16,23:19,24:35,25:21,26:23,27:23,28:26,29:20,30:27,31:13,32:31,33:24,34:18,35:25,36:20,37:14,38:27,39:26,40:24,41:26,42:21,43:22,44:21,45:16,46:27,47:26,48:20,49:19,50:20
(105,(92)21)0	1.3861747538169047	4.0	5.3861747538169045	2.0140494494380337e-12	1:15,2:2,3:4,4:7,5:7,6:7,7:5,8:6,9:5,10:7,11:5,12:6,13:3,14:9,15:5,16:12,17:6,18:3,19:7,20:5,21:6,22:1,23:5,24:4,25:3,26:3,27:3,28:3,29:2,30:7,31:5,32:8,33:7,34:6,35:1,36:3,37:9,38:3,39:1,40:1,41:6,42:3,43:5,44:4,45:3,46:8,47:5,48:3,49:5,50:4
(((105)92)0)21	0.8010196455118122	5.0	5.801019645511812	2.530730462348346e-13	1:6,2:1,3:1,4:1,5:3,6:3,7:2,8:3,9:1,12:1,14:1,15:1,18:2,19:1,20:1,21:1,23:1,24:1,25:1,29:1,30:2,31:1,32:1,33:1,34:2,37:1,38:4,39:1,43:2,44:2,45:2,46:2,47:1,48:1,49:1,50:2
(((92)105)21)0	0.8416201054231649	5.0	5.841620105423165	2.065775460954531e-13	1:8,2:1,3:1,4:1,5:2,6:3,7:2,8:1,10:3,11:1,14:3,16:2,17:1,18:2,19:1,20:1,21:2,22:2,23:5,24:1,27:3,28:2,29:3,30:1,31:2,32:1,33:2,34:4,35:1,36:2,37:3,38:4,39:2,40:4,42:5,43:2,45:1,46:3,47:1,48:4,50:2
(((105)21)92)0	0.8961562759269897	5.0	5.896156275926989	1.5727486628794136e-13	1:7,2:8,3:2,4:4,5:4,6:5,7:3,8:5,9:3,10:2,11:1,12:3,13:2,14:5,15:5,16:7,17:4,18:4,19:4,20:7,21:6,22:6,23:2,24:5,25:3,26:6,27:3,28:3,29:4,30:5,31:5,32:7,33:4,34:6,35:5,36:5,37:4,38:5,39:4,40:2,41:5,42:3,43:2,44:3,45:4,46:9,47:5,48:1,49:6,50:9
((105,92)21)0	1.3716046351917837	5.0	6.371604635191783	1.4596083202948125e-14	1:11,2:1,3:2,4:4,5:1,6:2,7:3,8:2,9:2,11:3,12:3,13:4,14:4,15:4,16:1,17:3,19:2,20:2,21:2,22:5,23:2,24:2,25:3,26:3,27:5,28:3,29:6,30:3,31:2,32:5,33:3,34:3,35:2,36:1,37:4,38:2,39:3,40:4,41:3,42:3,43:4,44:4,45:3,46:2,47:7,48:7,49:2,50:2
(((105)92)21)0	0.8805221587745728	6.0	6.880522158774573	1.1458716354157381e-15	1:11,2:1,3:3,4:1,5:3,6:1,9:1,10:2,11:1,12:1,14:2,15:1,16:1,18:1,21:1,23:2,24:2,25:1,26:4,27:3,28:3,29:1,30:1,31:1,33:2,34:1,35:1,36:1,37:1,38:1,39:2,40:2,42:1,43:5,45:4,46:2,47:1,48:2
