# generation count = 50 
#
generation.index	generationHighestFitness	generationMedianFitness	populationHighestFitness	populationMedianFitness
1	0.9531337870775045	1.098102940806206e-07	0.9531337870775045	1.098102940806206e-07
2	0.9531337870775045	0.004406416879175	0.9531337870775045	1.8829739611733168e-05
3	0.9531337870775045	0.004406416879175	0.9531337870775045	2.9861542698219467e-05
4	0.9531337870775045	0.004406416879175	0.9531337870775045	0.0006964749822474614
5	0.9531337870775045	0.004406416879175	0.9531337870775045	0.0035787084602290405
6	0.9531337870775045	0.004406416879175	0.9531337870775045	0.0035787084602290405
7	0.9531337870775045	0.004406416879175	0.9531337870775045	0.0036773148390343673
8	0.9531337870775045	0.004406416879175	0.9531337870775045	0.0036773148390343673
9	0.9531337870775045	0.004406416879175	0.9531337870775045	0.0036773148390343673
10	0.9531337870775045	0.004406416879175	0.9531337870775045	0.0036773148390343673
11	0.9531337870775045	0.004406416879175	0.9531337870775045	0.0036773148390343673
12	0.9531337870775045	0.004406416879175	0.9531337870775045	0.0036773148390343673
13	0.9531337870775045	0.0036773148390343673	0.9531337870775045	0.0036773148390343673
14	0.9531337870775045	0.004406416879175	0.9531337870775045	0.0036773148390343673
15	0.9531337870775045	0.004406416879175	0.9531337870775045	0.0036773148390343673
16	0.9531337870775045	0.0036773148390343673	0.9531337870775045	0.0036773148390343673
17	0.9531337870775045	0.004041865859104684	0.9531337870775045	0.0036773148390343673
18	0.9531337870775045	0.004406416879175	0.9531337870775045	0.0036773148390343673
19	0.9531337870775045	0.004406416879175	0.9531337870775045	0.0036773148390343673
20	0.9531337870775045	0.0036773148390343673	0.9531337870775045	0.0036773148390343673
21	0.9531337870775045	0.004406416879175	0.9531337870775045	0.0036773148390343673
22	0.9531337870775045	0.004406416879175	0.9531337870775045	0.0036773148390343673
23	0.9531337870775045	0.004406416879175	0.9531337870775045	0.0036773148390343673
24	0.9531337870775045	0.004406416879175	0.9531337870775045	0.0036773148390343673
25	0.9531337870775045	0.0036773148390343673	0.9531337870775045	0.0036773148390343673
26	0.9531337870775045	0.004406416879175	0.9531337870775045	0.0036773148390343673
27	0.9531337870775045	0.004406416879175	0.9531337870775045	0.0036773148390343673
28	0.9531337870775045	0.004406416879175	0.9531337870775045	0.0036773148390343673
29	0.9531337870775045	0.004406416879175	0.9531337870775045	0.0036773148390343673
30	0.9531337870775045	0.004406416879175	0.9531337870775045	0.0036773148390343673
31	0.9531337870775045	0.0036773148390343673	0.9531337870775045	0.0036773148390343673
32	0.9531337870775045	0.004406416879175	0.9531337870775045	0.0036773148390343673
33	0.9531337870775045	0.004406416879175	0.9531337870775045	0.0036773148390343673
34	0.9531337870775045	0.004406416879175	0.9531337870775045	0.004406416879175
35	0.9531337870775045	0.004406416879175	0.9531337870775045	0.004406416879175
36	0.9531337870775045	0.004406416879175	0.9531337870775045	0.004406416879175
37	0.9531337870775045	0.004406416879175	0.9531337870775045	0.004406416879175
38	0.9531337870775045	0.004406416879175	0.9531337870775045	0.004406416879175
39	0.9531337870775045	0.004406416879175	0.9531337870775045	0.004406416879175
40	0.9531337870775045	0.004406416879175	0.9531337870775045	0.004406416879175
41	0.9531337870775045	0.004406416879175	0.9531337870775045	0.004406416879175
42	0.9531337870775045	0.004406416879175	0.9531337870775045	0.004406416879175
43	0.9531337870775045	0.004406416879175	0.9531337870775045	0.004406416879175
44	0.9531337870775045	0.004406416879175	0.9531337870775045	0.004406416879175
45	0.9531337870775045	0.004406416879175	0.9531337870775045	0.004406416879175
46	0.9531337870775045	0.0036773148390343673	0.9531337870775045	0.004406416879175
47	0.9531337870775045	0.004406416879175	0.9531337870775045	0.004406416879175
48	0.9531337870775045	0.004406416879175	0.9531337870775045	0.004406416879175
49	0.9531337870775045	0.004406416879175	0.9531337870775045	0.004406416879175
50	0.9531337870775045	0.004406416879175	0.9531337870775045	0.004406416879175
############################################################
Topology	MassCost	TopologyCost	Cost	Fitness	appearances(generationID:count)
((0)21,92)105	0.009600000000000053	0.0	0.009600000000000053	0.9531337870775045	1:17,2:105,3:100,4:102,5:114,6:96,7:98,8:92,9:90,10:110,11:108,12:104,13:96,14:95,15:91,16:102,17:100,18:91,19:110,20:106,21:105,22:104,23:111,24:91,25:88,26:104,27:95,28:85,29:108,30:102,31:96,32:110,33:114,34:93,35:95,36:101,37:97,38:102,39:108,40:104,41:92,42:83,43:85,44:89,45:106,46:97,47:95,48:108,49:98,50:113
(21,(0)92)105	0.009600000000000053	0.0	0.009600000000000053	0.9531337870775045	1:27,2:137,3:135,4:133,5:134,6:126,7:148,8:137,9:124,10:113,11:125,12:146,13:123,14:154,15:138,16:134,17:128,18:148,19:151,20:116,21:139,22:132,23:160,24:142,25:135,26:134,27:142,28:133,29:121,30:127,31:116,32:129,33:129,34:144,35:128,36:146,37:119,38:141,39:137,40:133,41:152,42:134,43:155,44:136,45:125,46:139,47:146,48:123,49:125,50:138
(0,(21)92)105	0.04910000000000003	0.0	0.04910000000000003	0.78231328379451	1:15,2:76,3:102,4:89,5:86,6:109,7:83,8:104,9:91,10:91,11:118,12:95,13:89,14:113,15:94,16:96,17:105,18:93,19:109,20:90,21:88,22:96,23:88,24:99,25:92,26:112,27:93,28:93,29:115,30:103,31:104,32:92,33:97,34:98,35:107,36:105,37:111,38:119,39:89,40:98,41:92,42:116,43:111,44:106,45:105,46:94,47:97,48:93,49:110,50:107
(((0)21)92)105	0.04910000000000003	0.0	0.04910000000000003	0.78231328379451	1:6,2:23,3:24,4:27,5:30,6:20,7:29,8:18,9:36,10:29,11:29,12:20,13:25,14:23,15:28,16:26,17:20,18:21,19:28,20:26,21:27,22:28,23:32,24:26,25:37,26:26,27:30,28:28,29:20,30:29,31:24,32:23,33:26,34:31,35:26,36:19,37:24,38:37,39:34,40:15,41:27,42:33,43:25,44:27,45:25,46:28,47:27,48:25,49:28,50:20
(0,21,92)105	0.3201303640706393	0.0	0.3201303640706393	0.2017649606155336	1:38,2:97,3:90,4:99,5:89,6:75,7:95,8:84,9:81,10:68,11:54,12:63,13:77,14:73,15:85,16:61,17:64,18:62,19:77,20:78,21:71,22:68,23:49,24:59,25:70,26:78,27:68,28:77,29:76,30:71,31:74,32:81,33:77,34:64,35:69,36:72,37:78,38:75,39:78,40:67,41:75,42:64,43:61,44:88,45:83,46:69,47:77,48:84,49:71,50:65
((0,21)92)105	0.3955232736515008	0.0	0.3955232736515008	0.13839873607345463	1:11,2:31,3:19,4:18,5:20,6:24,7:24,8:24,9:16,10:16,11:18,12:25,13:21,14:13,15:20,16:24,17:27,18:25,19:19,20:17,21:25,22:26,23:27,24:25,25:26,26:15,27:19,28:24,29:25,30:25,31:19,32:18,33:29,34:24,35:19,36:22,37:27,38:24,39:16,40:22,41:16,42:22,43:24,44:20,45:25,46:17,47:15,48:29,49:10,50:17
(((0)92)21)105	0.08493868376658541	1.0	1.0849386837665853	0.004406416879175	1:6,2:10,3:16,4:16,5:12,6:17,7:11,8:13,9:16,10:19,11:13,12:15,13:10,14:12,15:13,16:13,17:10,18:10,19:16,20:9,21:18,22:18,23:3,24:14,25:12,26:14,27:13,28:22,29:14,30:13,31:17,32:13,33:12,34:15,35:15,36:16,37:17,38:16,39:15,40:18,41:9,42:8,43:15,44:17,45:13,46:14,47:13,48:14,49:21,50:15
(0,(92)21)105	0.08493868376658541	1.0	1.0849386837665853	0.004406416879175	1:21,2:43,3:40,4:29,5:40,6:39,7:37,8:42,9:49,10:55,11:39,12:35,13:58,14:40,15:47,16:41,17:46,18:57,19:38,20:45,21:43,22:44,23:45,24:51,25:35,26:39,27:42,28:42,29:33,30:42,31:38,32:49,33:42,34:47,35:45,36:33,37:54,38:41,39:42,40:56,41:43,42:42,43:38,44:27,45:38,46:39,47:39,48:44,49:52,50:41
((21)0,92)105	0.12111449128820218	1.0	1.121114491288202	0.0036773148390343673	1:21,2:29,3:24,4:31,5:28,6:30,7:33,8:32,9:26,10:31,11:27,12:37,13:26,14:30,15:37,16:29,17:42,18:33,19:18,20:28,21:38,22:39,23:37,24:39,25:47,26:28,27:36,28:41,29:37,30:35,31:43,32:33,33:22,34:37,35:34,36:35,37:36,38:35,39:45,40:26,41:38,42:33,43:29,44:29,45:42,46:43,47:35,48:34,49:21,50:32
(((21)0)92)105	0.12111449128820218	1.0	1.121114491288202	0.0036773148390343673	1:4,2:12,3:14,4:15,5:12,6:14,7:11,8:12,9:21,10:12,11:8,12:10,13:16,14:17,15:17,16:15,17:11,18:10,19:8,20:14,21:11,22:20,23:17,24:9,25:17,26:17,27:20,28:19,29:10,30:11,31:12,32:13,33:16,34:17,35:13,36:14,37:14,38:9,39:11,40:12,41:16,42:15,43:12,44:11,45:7,46:15,47:16,48:23,49:17,50:17
((92)0,21)105	0.12655066179202695	1.0	1.126550661792027	0.0035787084602290405	1:23,2:36,3:43,4:42,5:40,6:42,7:48,8:36,9:41,10:38,11:45,12:40,13:42,14:35,15:36,16:42,17:39,18:41,19:34,20:38,21:33,22:27,23:36,24:36,25:46,26:38,27:31,28:31,29:35,30:27,31:36,32:37,33:33,34:32,35:44,36:29,37:39,38:21,39:47,40:35,41:33,42:27,43:30,44:43,45:32,46:44,47:33,48:44,49:38,50:35
((0,92)21)105	0.45389573692644436	1.0	1.4538957369264445	0.0006964749822474614	1:14,2:6,3:7,4:8,5:17,6:16,7:4,8:15,9:6,10:12,11:20,12:14,13:12,14:9,15:7,16:9,17:4,18:11,19:13,20:8,21:19,22:11,23:7,24:13,25:14,26:10,27:12,28:9,29:16,30:14,31:13,32:10,33:4,34:6,35:9,36:21,37:12,38:16,39:7,40:17,41:12,42:18,43:10,44:6,45:16,46:10,47:13,48:13,49:14,50:15
((0,21)105)92	0.6744689837197853	1.0	1.6744689837197853	0.00023117283618938954	1:18,2:7,3:9,4:6,5:4,6:5,7:3,8:1,9:3,10:2,11:5,12:4,13:5,15:3,16:4,17:4,18:4,19:3,20:5,21:4,22:10,23:4,24:6,25:6,26:3,27:3,30:4,31:6,32:1,33:2,34:6,35:5,36:2,37:1,38:3,39:2,40:6,41:2,42:5,43:9,44:3,45:3,46:4,47:3,48:7,49:1,50:2
(((0)21)105)92	0.6744689837197853	1.0	1.6744689837197853	0.00023117283618938954	1:11,2:7,3:6,4:8,5:2,6:4,7:2,8:3,9:8,10:4,11:3,12:4,13:2,14:13,15:7,16:5,17:3,18:1,19:5,20:5,21:6,22:2,23:5,24:2,25:4,26:6,27:5,28:7,29:6,30:4,31:5,32:3,33:1,34:5,35:2,36:1,37:5,38:6,39:7,40:5,41:5,42:7,43:7,44:7,45:3,46:7,47:4,48:6,49:12,50:3
(0,(21)105)92	1.0837878205626783	1.0	2.0837878205626783	2.9861542698219467e-05	1:17,2:28,3:12,4:21,5:14,6:19,7:21,8:27,9:17,10:19,11:17,12:18,13:26,14:11,15:24,16:23,17:17,18:22,19:18,20:19,21:24,22:14,23:16,24:20,25:26,26:18,27:16,28:22,29:17,30:19,31:15,32:18,33:22,34:10,35:26,36:22,37:17,38:16,39:14,40:18,41:29,42:23,43:17,44:16,45:23,46:16,47:17,48:16,49:24,50:25
(((92)0)21)105	0.12655066179202695	2.0	2.126550661792027	2.4113147930202038e-05	1:7,2:6,3:11,4:8,5:8,6:10,7:9,8:4,9:9,10:3,11:10,12:7,13:7,14:6,15:10,16:3,17:7,18:8,19:6,20:7,21:12,22:7,23:10,24:5,25:8,26:11,27:11,28:3,29:4,30:11,31:15,32:9,33:10,34:10,35:6,36:10,37:9,38:9,39:7,40:10,41:8,42:13,43:7,44:8,45:8,46:7,47:5,48:8,49:8,50:7
(((21)92)0)105	0.17565066179202699	2.0	2.175650661792027	1.8864035939899156e-05	1:8,2:9,3:4,4:8,5:6,6:5,7:4,8:11,9:9,10:8,11:12,12:6,13:8,14:8,15:5,16:8,17:9,18:1,19:2,20:8,21:5,22:7,23:10,24:4,25:6,26:5,27:9,28:5,29:10,30:7,31:9,32:5,33:4,34:4,35:10,36:6,37:11,38:12,39:6,40:7,41:8,42:12,43:9,44:5,45:5,46:7,47:10,48:10,49:5,50:8
(105,(0)21)92	1.1760146087527994	1.0	2.1760146087527996	1.8829739611733168e-05	1:17,2:23,3:24,4:20,5:25,6:25,7:14,8:20,9:22,10:22,11:32,12:29,13:21,14:25,15:17,16:27,17:28,18:25,19:31,20:21,21:20,22:33,23:22,24:26,25:23,26:28,27:23,28:17,29:25,30:20,31:28,32:29,33:27,34:18,35:26,36:24,37:14,38:22,39:33,40:23,41:23,42:21,43:32,44:24,45:24,46:32,47:30,48:25,49:25,50:22
((0)105,21)92	1.1760146087527994	1.0	2.1760146087527996	1.8829739611733168e-05	1:22,2:30,3:37,4:43,5:36,6:24,7:26,8:30,9:38,10:40,11:34,12:37,13:25,14:28,15:25,16:27,17:29,18:45,19:38,20:22,21:26,22:28,23:32,24:27,25:31,26:28,27:27,28:33,29:30,30:31,31:37,32:35,33:30,34:33,35:28,36:32,37:36,38:29,39:24,40:28,41:29,42:30,43:32,44:32,45:26,46:26,47:26,48:31,49:26,50:33
(0,105,21)92	1.5889411726052036	1.0	2.5889411726052036	2.388832361616408e-06	1:40,2:18,3:18,4:14,5:8,6:14,7:13,8:14,9:12,10:18,11:17,12:9,13:11,14:11,15:15,16:10,17:7,18:18,19:9,20:14,21:9,22:13,23:12,24:10,25:13,26:11,27:18,28:12,29:17,30:8,31:15,32:14,33:17,34:7,35:10,36:11,37:11,38:6,39:11,40:11,41:14,42:18,43:11,44:11,45:11,46:10,47:12,48:11,49:5,50:12
((21,92)0)105	0.6370179118360801	2.0	2.63701791183608	1.8784012174519803e-06	1:13,2:2,3:12,4:2,5:6,6:4,7:4,8:6,9:5,10:2,11:2,12:8,13:9,14:6,15:9,16:3,17:4,18:6,19:2,20:5,21:4,22:4,23:4,24:5,25:5,26:3,27:7,28:3,29:1,30:5,31:2,33:3,34:3,35:7,36:4,37:6,38:4,39:4,40:5,41:7,42:6,43:7,44:2,45:1,46:9,47:4,48:5,49:3,50:6
(((0)92)105)21	0.7205056141349627	2.0	2.7205056141349626	1.237362981474127e-06	1:12,2:1,3:1,4:2,5:1,6:3,7:2,8:1,11:1,12:1,13:1,15:2,16:1,17:1,18:1,21:3,25:1,26:1,27:2,28:1,29:2,30:2,31:2,32:3,34:1,35:1,38:1,39:2,40:2,41:1,48:1,49:1,50:1
((0,92)105)21	0.7205056141349627	2.0	2.7205056141349626	1.237362981474127e-06	1:12,2:5,3:3,5:4,6:3,7:1,8:3,9:2,10:1,11:5,12:1,13:1,14:4,15:5,16:3,17:7,18:4,19:4,20:1,21:1,22:2,24:5,25:4,26:5,27:1,28:4,29:2,30:3,31:3,32:1,33:7,34:2,35:3,36:5,37:2,38:4,39:2,40:1,42:3,43:4,44:4,45:4,46:2,47:1,48:3,49:2,50:5
(((0)105)21)92	0.7696056141349628	2.0	2.7696056141349628	9.680054972827883e-07	1:8,2:2,3:3,5:1,6:1,8:1,9:2,10:1,11:1,12:1,13:1,14:3,15:1,18:4,20:3,22:2,25:1,26:1,27:3,28:1,29:1,30:1,31:1,32:3,34:3,35:1,36:1,37:3,38:3,40:1,41:3,42:2,43:1,47:1,48:7,49:1,50:4
(((21)0)105)92	0.7955834750079874	2.0	2.7955834750079873	8.500953009009032e-07	1:10,2:2,3:3,4:3,5:2,6:1,9:2,10:2,11:2,12:1,15:1,16:4,17:2,19:1,20:2,23:1,24:1,25:2,26:3,27:2,28:2,30:1,32:2,33:2,36:2,37:2,38:1,39:3,41:3,42:1,43:2,44:2,47:2,50:1
(0,(105)21)92	1.1160288877864635	2.0	3.1160288877864635	1.7124947270010065e-07	1:18,2:3,3:3,4:4,5:9,6:6,7:3,8:7,9:6,10:3,11:6,12:3,13:7,14:8,15:5,16:7,17:6,18:6,19:5,20:2,21:4,22:5,23:7,24:1,25:4,26:2,27:8,28:6,29:4,30:5,31:8,32:3,33:3,34:2,35:5,36:3,37:7,38:2,39:4,40:6,41:1,42:5,43:4,44:3,45:3,46:1,47:4,48:5,49:2,50:2
(0,(92)105)21	1.1241028911981323	2.0	3.1241028911981323	1.6447381545263255e-07	1:23,2:10,3:7,4:7,5:3,6:4,7:3,8:3,9:4,10:4,11:3,12:3,13:7,14:3,15:3,16:3,17:4,18:4,19:9,20:4,21:2,22:6,23:5,24:1,25:2,26:3,27:6,28:5,29:4,30:5,31:4,32:3,33:3,34:5,35:2,36:6,37:3,38:8,39:7,40:4,41:4,42:6,43:6,45:4,46:6,47:7,48:3,49:6,50:2
((0,105)21)92	1.1732028911981325	2.0	3.1732028911981325	1.2867005066496125e-07	1:21,3:4,4:3,5:2,6:2,7:6,8:4,9:2,10:2,11:5,12:5,13:3,14:4,15:5,16:2,17:5,18:3,19:3,20:3,21:2,22:3,23:3,24:4,25:3,26:3,27:1,28:2,29:2,30:3,31:4,32:4,33:1,34:2,35:4,37:3,38:1,39:6,40:4,41:1,42:4,44:6,45:3,46:4,47:2,48:5,49:2,50:3
((105)0,21)92	1.195796214591028	2.0	3.195796214591028	1.1492557718915964e-07	1:23,2:4,3:10,4:8,5:3,6:3,7:10,8:7,9:6,10:6,11:7,12:4,13:8,14:3,15:4,16:6,17:3,18:4,19:10,20:6,21:1,22:5,23:2,24:4,25:3,26:5,27:3,28:7,29:7,30:2,31:10,32:1,33:9,34:5,35:7,36:8,37:7,38:7,39:3,40:7,41:5,42:7,43:1,45:4,46:3,47:1,48:5,49:2,50:5
((21)0,105)92	1.2049023118508804	2.0	3.2049023118508804	1.098102940806206e-07	1:21,2:2,3:6,4:6,5:4,6:10,7:5,8:4,9:8,10:3,11:3,12:7,13:5,14:6,15:4,16:9,17:5,18:7,19:2,20:2,21:8,22:4,23:6,24:7,25:6,26:8,27:7,28:3,29:6,30:5,31:3,32:3,33:5,34:8,35:2,36:5,37:7,38:6,39:4,40:5,41:3,42:3,43:8,44:4,45:5,46:7,47:9,48:7,49:6,50:3
(((92)21)0)105	0.2060531750547876	3.0	3.2060531750547874	1.0918022549174629e-07	1:5,2:6,3:7,4:3,5:5,6:6,7:5,8:8,9:7,10:7,11:4,12:12,13:6,14:6,15:8,16:6,17:7,18:10,19:9,20:8,21:7,22:7,23:4,24:8,25:2,26:5,27:5,28:4,29:5,30:6,31:5,32:2,33:1,34:6,35:5,36:7,37:6,38:4,39:6,40:5,41:1,42:4,43:5,44:2,45:5,46:9,47:2,48:4,49:6,50:7
(105,(0)92)21	1.2504901439035816	2.0	3.2504901439035816	8.74279580293734e-08	1:22,2:31,3:20,4:37,5:37,6:30,7:34,8:32,9:26,10:38,11:35,12:30,13:24,14:30,15:30,16:28,17:40,18:25,19:29,20:33,21:29,22:27,23:28,24:34,25:34,26:32,27:24,28:26,29:27,30:27,31:27,32:32,33:31,34:32,35:39,36:42,37:27,38:32,39:28,40:43,41:23,42:22,43:32,44:36,45:27,46:31,47:26,48:21,49:38,50:30
((0)105,92)21	1.2504901439035816	2.0	3.2504901439035816	8.74279580293734e-08	1:26,2:20,3:21,4:22,5:15,6:28,7:19,8:23,9:18,10:25,11:21,12:23,13:29,14:26,15:28,16:28,17:27,18:29,19:21,20:31,21:24,22:24,23:20,24:33,25:17,26:26,27:30,28:27,29:36,30:27,31:21,32:29,33:19,34:23,35:22,36:24,37:22,38:27,39:23,40:24,41:32,42:19,43:24,44:16,45:20,46:23,47:28,48:26,49:31,50:21
(0,105,92)21	1.659828897808446	2.0	3.659828897808446	1.129230305326267e-08	1:45,2:13,3:12,4:12,5:9,6:11,7:16,8:12,9:10,10:15,11:15,12:15,13:12,14:17,15:13,16:9,17:17,18:10,19:10,20:13,21:15,22:12,23:15,24:11,25:8,26:7,27:9,28:11,29:8,30:8,31:7,32:13,33:13,34:9,35:12,36:5,37:11,38:5,39:20,40:14,41:11,42:16,43:7,44:10,45:9,46:7,47:9,48:11,49:11,50:14
(((0)105)92)21	0.7594076674863707	3.0	3.7594076674863706	6.863568524187547e-09	1:11,2:5,3:4,4:5,5:3,6:7,7:7,8:7,9:5,10:7,11:6,12:5,13:5,14:4,15:2,16:6,17:8,18:2,19:5,20:6,21:3,22:7,23:5,24:4,25:8,26:6,27:4,28:6,29:9,30:8,31:2,32:6,33:5,34:7,35:7,36:5,37:4,38:5,39:4,40:3,41:3,42:4,43:7,44:7,45:7,46:6,47:11,48:3,49:8,50:7
(((21)105)0)92	0.8002729409395272	3.0	3.8002729409395273	5.5951554899235014e-09	1:11,2:1,3:2,4:2,5:1,7:1,8:1,9:1,10:1,12:1,15:1,16:3,17:1,18:1,19:3,20:1,21:1,23:2,25:1,26:2,27:3,28:1,29:3,30:2,31:2,33:1,34:1,36:1,37:1,38:3,39:2,40:1,41:2,42:1,43:2,44:2,45:2,46:2,47:1,49:1
((21,92)105)0	0.8098729409395272	3.0	3.809872940939527	5.332931741398287e-09	1:17,2:6,3:1,4:7,5:2,6:2,7:3,8:4,9:3,10:1,11:2,12:7,14:3,15:5,16:3,17:4,18:3,19:3,20:5,22:1,23:2,24:2,25:5,26:3,27:5,28:2,29:4,30:2,31:1,32:5,33:4,34:4,35:2,36:2,37:2,38:4,39:3,40:1,41:2,42:3,43:3,44:3,45:1,46:4,47:3,48:3,49:5,50:3
(((92)0)105)21	0.8470562759269897	3.0	3.84705627592699	4.428161370175687e-09	1:4,2:2,3:2,5:1,6:2,7:1,9:2,11:1,12:2,14:1,15:3,16:1,17:2,18:3,19:2,20:1,21:1,22:1,24:3,26:2,28:3,29:2,31:1,32:1,34:1,35:1,36:4,37:2,38:3,39:1,40:1,41:4,42:1,43:1,44:1,45:1,46:1,48:2,49:1,50:1
(((105)0)21)92	0.8493729409395272	3.0	3.849372940939527	4.3771644646629365e-09	1:7,2:3,3:1,4:2,5:3,7:1,8:2,10:2,13:2,14:2,15:1,16:2,17:1,18:1,19:1,20:1,22:5,25:1,26:3,29:3,31:1,32:2,33:1,35:3,36:2,38:2,39:4,42:1,43:2,44:3,45:1,46:2,49:2
(((21)92)105)0	0.8493729409395272	3.0	3.849372940939527	4.3771644646629365e-09	1:5,2:1,4:1,5:1,6:1,7:4,9:3,10:1,11:3,12:1,13:2,14:1,15:1,16:1,17:1,18:1,19:1,20:2,22:1,23:5,24:1,26:1,27:1,28:2,30:2,32:2,34:2,35:3,39:2,40:1,41:1,43:1,45:1,46:3,47:3,48:2,49:2
(0,(105)92)21	1.1283647206462297	3.0	4.12836472064623	1.0848505479882653e-09	1:20,2:18,3:20,4:19,5:19,6:14,7:23,8:18,9:18,10:30,11:18,12:20,13:18,14:19,15:14,16:19,17:17,18:19,19:20,20:23,21:13,22:11,23:21,24:19,25:23,26:13,27:18,28:18,29:15,30:28,31:29,32:20,33:27,34:25,35:12,36:12,37:22,38:16,39:15,40:24,41:14,42:15,43:24,44:26,45:17,46:25,47:21,48:12,49:18,50:18
((0,105)92)21	1.1687265043292636	3.0	4.168726504329264	8.865952761823165e-10	1:11,2:6,3:5,4:2,5:2,6:9,7:5,8:7,9:1,10:4,11:4,12:3,13:5,15:2,16:4,17:5,18:2,19:2,20:3,21:2,22:3,23:4,24:3,25:7,26:2,27:5,28:5,29:4,30:3,31:1,32:4,33:8,34:4,35:3,36:3,37:3,38:3,39:5,40:5,41:7,42:5,43:4,44:4,45:3,46:2,47:3,48:10,49:2,50:2
((92)0,105)21	1.2506535529901592	3.0	4.250653552990159	5.886038348464871e-10	1:15,2:6,3:7,4:4,5:5,6:7,7:4,8:3,9:8,10:7,11:5,12:7,13:5,14:6,15:8,16:2,17:3,18:5,19:10,20:11,21:6,22:4,23:5,24:2,25:4,26:6,27:8,28:7,29:3,30:4,31:5,32:3,33:5,34:6,35:4,36:1,37:1,38:4,39:2,40:11,41:6,42:6,43:1,44:9,45:7,46:3,47:6,48:3,49:2,50:7
((105)0,92)21	1.2541686778659715	3.0	4.254168677865971	5.78349135284856e-10	1:21,2:2,3:5,4:2,5:2,6:4,7:4,8:3,9:4,10:6,11:5,12:4,13:3,14:7,15:3,16:9,17:12,18:6,19:2,20:4,21:5,22:6,23:3,24:3,25:2,26:6,27:3,28:8,29:7,30:10,31:3,32:6,33:5,34:5,35:5,36:3,37:2,38:3,39:2,40:5,41:8,42:7,43:5,44:8,45:5,46:5,47:3,48:2,49:5,50:4
((105,21)0)92	1.3012360700503194	3.0	4.30123607005032	4.5707192593523087e-10	1:10,2:1,3:2,4:3,5:3,6:3,7:3,8:1,9:5,10:3,11:3,12:2,13:5,14:5,15:4,16:4,17:3,18:2,19:4,20:1,21:3,22:5,23:6,24:3,25:4,26:3,27:2,28:1,29:6,30:5,31:2,32:5,33:4,34:3,35:4,36:2,37:3,38:3,39:1,40:3,41:4,42:2,43:5,44:6,45:4,46:3,47:5,48:3,49:3,50:2
((92)105,21)0	1.3012360700503194	3.0	4.30123607005032	4.5707192593523087e-10	1:22,2:4,3:5,4:4,5:5,6:2,7:1,8:4,9:2,10:5,11:3,12:3,13:5,14:3,15:3,16:6,17:5,18:5,19:2,20:5,21:8,23:4,24:5,25:5,26:2,27:2,28:3,29:1,30:7,31:8,32:4,33:9,34:9,35:5,36:7,37:2,38:4,39:5,40:3,41:7,42:8,43:4,44:4,45:8,46:4,47:8,48:7,49:5,50:4
((21)105,92)0	1.3360087125464415	3.0	4.336008712546441	3.841286617833932e-10	1:16,2:3,3:4,4:6,5:8,6:6,7:6,8:7,9:6,10:2,11:4,12:3,13:7,14:3,15:6,16:5,17:4,18:4,19:4,20:5,21:3,22:4,23:4,24:2,25:3,26:7,27:2,28:4,29:1,30:3,31:3,32:8,33:6,34:1,35:5,36:3,37:10,38:3,39:3,40:5,41:10,42:3,43:5,44:5,45:6,46:7,47:7,48:7,49:7,50:6
(105,(21)92)0	1.3851087125464416	3.0	4.385108712546442	3.005089547993561e-10	1:19,2:16,3:21,4:11,5:14,6:20,7:18,8:21,9:23,10:14,11:15,12:16,13:23,14:30,15:17,16:36,17:22,18:21,19:15,20:23,21:28,22:22,23:23,24:23,25:18,26:23,27:23,28:24,29:22,30:33,31:18,32:24,33:18,34:22,35:19,36:21,37:13,38:18,39:18,40:16,41:22,42:20,43:23,44:21,45:19,46:19,47:21,48:16,49:21,50:20
(((92)105)0)21	0.8002729409395272	4.0	4.800272940939527	3.769986114274663e-11	1:3,2:1,3:2,5:1,6:1,7:1,8:1,9:1,11:2,12:2,13:2,14:3,15:1,18:4,19:1,20:1,21:1,22:1,24:1,25:3,27:1,29:1,30:2,31:1,32:2,33:2,34:2,35:1,36:2,38:1,39:1,40:1,41:2,42:1,43:1,45:2,47:2,48:1,50:2
(((21)105)92)0	0.8010196455118122	4.0	4.801019645511812	3.755937027542424e-11	1:4,2:2,3:2,5:1,6:4,7:2,8:2,9:1,10:2,11:2,12:2,13:2,14:1,16:1,17:1,18:2,19:2,21:3,22:4,23:1,24:2,25:4,27:1,28:1,29:1,30:1,31:1,32:5,33:1,36:3,37:2,38:1,39:1,41:4,42:1,43:3,44:1,45:2,46:2,49:1,50:2
(105,21,92)0	1.8396767243187049	3.0	4.839676724318705	3.09581872092677e-11	1:48,2:9,3:6,4:9,5:14,6:13,7:11,8:15,9:7,10:11,11:15,12:14,13:15,14:10,15:4,16:11,17:6,18:11,19:10,20:20,21:14,22:8,23:14,24:17,25:13,26:10,27:14,28:13,29:17,30:8,31:8,32:9,33:14,34:12,35:17,36:18,37:11,38:9,39:8,40:8,41:8,42:16,43:10,44:17,45:8,46:12,47:11,48:6,49:15,50:9
(((105)21)0)92	0.8416201054231649	4.0	4.841620105423165	3.0658826215684335e-11	1:8,5:3,6:3,7:1,8:1,9:2,11:2,12:1,13:2,14:2,15:5,16:2,17:3,18:2,19:3,22:2,24:1,25:2,26:3,27:1,28:3,29:1,30:3,31:1,32:4,33:2,34:1,35:2,36:3,38:1,39:1,40:2,41:1,42:2,43:2,45:1,46:2,47:2,49:2
(((92)21)105)0	0.8852116247061126	4.0	4.885211624706113	2.465458759240758e-11	1:9,2:1,3:2,4:2,5:2,6:2,7:1,8:1,9:2,10:2,11:1,12:2,13:2,14:1,16:1,18:3,19:2,20:3,22:3,23:1,26:1,27:3,28:2,29:3,30:2,31:2,32:1,33:1,34:4,35:2,36:1,38:1,40:2,41:1,42:1,43:1,44:1,45:1,46:3,47:2,50:2
(((105)0)92)21	0.8852116247061126	4.0	4.885211624706113	2.465458759240758e-11	1:6,2:1,3:2,4:3,5:1,7:4,8:2,9:3,11:2,12:2,13:1,15:3,16:2,17:2,19:5,20:1,23:4,26:1,27:4,28:4,29:1,30:1,31:3,32:1,34:2,38:5,39:1,40:1,43:1,44:2,45:3,46:2,47:4,50:1
((105,21)92)0	1.3025652705448263	4.0	5.302565270544826	3.0593264067042278e-12	1:14,3:4,4:1,5:2,6:5,7:4,8:1,9:9,10:5,11:2,12:3,13:8,14:4,15:2,16:2,17:4,18:2,19:4,20:2,21:4,22:1,23:2,24:6,25:6,26:4,27:3,28:4,29:3,30:2,31:2,32:3,33:3,34:6,35:2,36:5,37:7,40:1,41:5,42:2,43:2,44:4,45:4,46:3,47:2,48:2,49:5,50:1
(21,(105)92)0	1.3114868955558654	4.0	5.311486895555865	2.925854685431582e-12	1:13,2:36,3:31,4:32,5:37,6:23,7:31,8:31,9:27,10:30,11:27,12:33,13:41,14:33,15:25,16:31,17:29,18:27,19:28,20:42,21:29,22:25,23:30,24:38,25:24,26:25,27:25,28:33,29:23,30:26,31:35,32:25,33:26,34:39,35:34,36:27,37:27,38:26,39:31,40:21,41:33,42:31,43:28,44:36,45:46,46:26,47:35,48:31,49:27,50:26
((105,92)0)21	1.3360087125464415	4.0	5.336008712546441	2.5882385639261307e-12	1:15,2:1,4:4,5:1,6:5,7:2,8:3,9:5,10:3,11:3,12:1,13:1,14:3,15:6,16:4,17:4,18:1,19:2,20:4,21:5,22:2,23:3,24:5,25:3,26:2,27:2,28:7,29:1,30:4,31:2,32:4,33:3,34:4,35:1,36:2,37:3,38:4,39:4,40:3,41:1,42:3,43:6,44:5,45:5,46:7,47:2,48:3,49:7,50:5
((105)21,92)0	1.3575235259710428	4.0	5.357523525971043	2.324264130831008e-12	1:27,2:22,3:12,4:18,5:24,6:24,7:27,8:20,9:28,10:24,11:16,12:17,13:23,14:12,15:28,16:16,17:12,18:21,19:14,20:19,21:26,22:36,23:21,24:28,25:25,26:27,27:32,28:25,29:25,30:21,31:31,32:17,33:21,34:22,35:25,36:27,37:24,38:27,39:27,40:28,41:20,42:26,43:22,44:32,45:28,46:18,47:23,48:18,49:22,50:26
(105,(92)21)0	1.3861747538169047	4.0	5.3861747538169045	2.0140494494380337e-12	1:22,2:6,3:3,4:1,5:5,6:5,7:7,8:3,9:6,10:4,11:5,12:4,13:1,14:2,15:3,16:9,17:9,18:2,19:2,20:11,21:10,22:4,23:7,24:4,25:3,26:3,27:4,28:4,29:5,30:6,31:2,32:3,33:4,34:3,35:6,36:3,37:9,38:1,39:4,40:4,41:3,42:6,43:4,44:3,45:4,46:2,47:6,48:5,49:2,50:6
(((105)92)0)21	0.8010196455118122	5.0	5.801019645511812	2.530730462348346e-13	1:4,2:2,3:2,4:3,5:2,6:2,9:2,10:2,11:2,12:1,13:1,14:1,15:1,16:1,17:2,18:5,19:4,20:2,22:4,23:2,24:1,26:1,27:2,28:5,30:2,31:1,32:1,33:1,34:1,35:2,36:1,39:1,40:1,41:2,42:3,43:3,44:1,45:1,46:1,47:1,48:2,49:4,50:2
(((92)105)21)0	0.8416201054231649	5.0	5.841620105423165	2.065775460954531e-13	1:6,2:4,3:1,4:1,5:1,6:1,7:2,8:1,9:2,10:2,11:2,12:1,13:3,14:1,15:4,17:2,19:1,21:1,22:1,23:2,24:3,25:1,27:2,29:2,30:1,31:3,32:3,33:3,34:1,35:1,37:2,38:1,39:3,40:2,42:1,43:1,44:3,45:1,48:2,49:1,50:1
(((105)21)92)0	0.8961562759269897	5.0	5.896156275926989	1.5727486628794136e-13	1:5,2:5,3:6,4:9,5:6,6:4,7:4,8:7,9:4,10:9,11:2,12:7,13:3,14:3,15:8,16:6,17:6,18:3,19:3,20:8,21:2,22:3,23:5,24:3,25:4,26:7,27:5,28:4,29:7,30:10,31:8,32:9,33:6,34:5,35:5,36:5,37:10,38:5,39:2,40:8,41:7,42:8,43:3,44:4,45:3,46:9,47:5,48:5,49:4,50:7
((105,92)21)0	1.3716046351917837	5.0	6.371604635191783	1.4596083202948125e-14	1:18,3:1,4:3,5:4,6:4,7:1,8:2,9:6,10:3,11:4,12:4,13:2,14:6,15:2,16:1,17:3,18:2,19:5,20:3,21:8,22:4,23:4,24:1,25:3,26:6,27:2,28:4,29:4,30:1,31:3,32:2,33:6,34:5,35:2,36:3,37:2,38:3,39:4,40:4,41:4,42:1,43:4,44:1,45:2,46:6,47:3,48:4,49:4,50:3
(((105)92)21)0	0.8805221587745728	6.0	6.880522158774573	1.1458716354157381e-15	1:7,2:2,5:1,6:1,8:2,9:1,10:1,14:2,15:1,16:4,17:1,18:1,19:2,20:4,21:1,22:4,23:2,24:2,26:2,27:2,28:2,29:2,31:2,33:3,34:1,36:1,40:3,41:1,43:2,44:1,45:2,46:1,47:1,49:2,50:2
