# generation count = 50 
#
generation.index	generationHighestFitness	generationMedianFitness	populationHighestFitness	populationMedianFitness
1	0.9531337870775045	1.098102940806206e-07	0.9531337870775045	1.098102940806206e-07
2	0.9531337870775045	0.0036773148390343673	0.9531337870775045	1.8829739611733168e-05
3	0.9531337870775045	0.004406416879175	0.9531337870775045	2.9861542698219467e-05
4	0.9531337870775045	0.0036773148390343673	0.9531337870775045	0.0006964749822474614
5	0.9531337870775045	0.004406416879175	0.9531337870775045	0.0035787084602290405
6	0.9531337870775045	0.004406416879175	0.9531337870775045	0.0036773148390343673
7	0.9531337870775045	0.004406416879175	0.9531337870775045	0.0036773148390343673
8	0.9531337870775045	0.004406416879175	0.9531337870775045	0.0036773148390343673
9	0.9531337870775045	0.004406416879175	0.9531337870775045	0.0036773148390343673
10	0.9531337870775045	0.004406416879175	0.9531337870775045	0.0036773148390343673
11	0.9531337870775045	0.004406416879175	0.9531337870775045	0.0036773148390343673
12	0.9531337870775045	0.004406416879175	0.9531337870775045	0.0036773148390343673
13	0.9531337870775045	0.004406416879175	0.9531337870775045	0.0036773148390343673
14	0.9531337870775045	0.004406416879175	0.9531337870775045	0.0036773148390343673
15	0.9531337870775045	0.004406416879175	0.9531337870775045	0.0036773148390343673
16	0.9531337870775045	0.004406416879175	0.9531337870775045	0.0036773148390343673
17	0.9531337870775045	0.004406416879175	0.9531337870775045	0.0036773148390343673
18	0.9531337870775045	0.004406416879175	0.9531337870775045	0.0036773148390343673
19	0.9531337870775045	0.004406416879175	0.9531337870775045	0.0036773148390343673
20	0.9531337870775045	0.004406416879175	0.9531337870775045	0.0036773148390343673
21	0.9531337870775045	0.004406416879175	0.9531337870775045	0.0036773148390343673
22	0.9531337870775045	0.004406416879175	0.9531337870775045	0.0036773148390343673
23	0.9531337870775045	0.004406416879175	0.9531337870775045	0.0036773148390343673
24	0.9531337870775045	0.004406416879175	0.9531337870775045	0.0036773148390343673
25	0.9531337870775045	0.004406416879175	0.9531337870775045	0.004406416879175
26	0.9531337870775045	0.0036773148390343673	0.9531337870775045	0.0036773148390343673
27	0.9531337870775045	0.004406416879175	0.9531337870775045	0.004406416879175
28	0.9531337870775045	0.004406416879175	0.9531337870775045	0.004406416879175
29	0.9531337870775045	0.0036773148390343673	0.9531337870775045	0.004406416879175
30	0.9531337870775045	0.0036773148390343673	0.9531337870775045	0.004406416879175
31	0.9531337870775045	0.004406416879175	0.9531337870775045	0.004406416879175
32	0.9531337870775045	0.004406416879175	0.9531337870775045	0.004406416879175
33	0.9531337870775045	0.004406416879175	0.9531337870775045	0.004406416879175
34	0.9531337870775045	0.004406416879175	0.9531337870775045	0.004406416879175
35	0.9531337870775045	0.004406416879175	0.9531337870775045	0.004406416879175
36	0.9531337870775045	0.004406416879175	0.9531337870775045	0.004406416879175
37	0.9531337870775045	0.0036773148390343673	0.9531337870775045	0.004406416879175
38	0.9531337870775045	0.004406416879175	0.9531337870775045	0.004406416879175
39	0.9531337870775045	0.004041865859104684	0.9531337870775045	0.004406416879175
40	0.9531337870775045	0.004406416879175	0.9531337870775045	0.004406416879175
41	0.9531337870775045	0.004406416879175	0.9531337870775045	0.004406416879175
42	0.9531337870775045	0.004406416879175	0.9531337870775045	0.004406416879175
43	0.9531337870775045	0.004406416879175	0.9531337870775045	0.004406416879175
44	0.9531337870775045	0.004406416879175	0.9531337870775045	0.004406416879175
45	0.9531337870775045	0.004406416879175	0.9531337870775045	0.004406416879175
46	0.9531337870775045	0.004406416879175	0.9531337870775045	0.004406416879175
47	0.9531337870775045	0.004406416879175	0.9531337870775045	0.004406416879175
48	0.9531337870775045	0.0036773148390343673	0.9531337870775045	0.004406416879175
49	0.9531337870775045	0.004406416879175	0.9531337870775045	0.004406416879175
50	0.9531337870775045	0.004406416879175	0.9531337870775045	0.004406416879175
############################################################
Topology	MassCost	TopologyCost	Cost	Fitness	appearances(generationID:count)
((0)21,92)105	0.009600000000000053	0.0	0.009600000000000053	0.9531337870775045	1:23,2:93,3:94,4:90,5:107,6:100,7:90,8:102,9:92,10:112,11:83,12:91,13:72,14:91,15:81,16:100,17:94,18:90,19:89,20:105,21:94,22:115,23:107,24:93,25:93,26:84,27:104,28:89,29:70,30:81,31:90,32:92,33:103,34:105,35:122,36:114,37:88,38:91,39:84,40:92,41:87,42:94,43:100,44:89,45:106,46:98,47:94,48:87,49:105,50:95
(21,(0)92)105	0.009600000000000053	0.0	0.009600000000000053	0.9531337870775045	1:33,2:125,3:149,4:145,5:154,6:152,7:139,8:136,9:145,10:143,11:162,12:146,13:167,14:131,15:131,16:142,17:147,18:154,19:131,20:137,21:156,22:148,23:149,24:155,25:138,26:120,27:139,28:140,29:150,30:146,31:128,32:148,33:143,34:142,35:129,36:144,37:144,38:138,39:135,40:137,41:144,42:137,43:141,44:136,45:145,46:130,47:149,48:136,49:152,50:146
(0,(21)92)105	0.04910000000000003	0.0	0.04910000000000003	0.78231328379451	1:20,2:83,3:104,4:98,5:92,6:96,7:99,8:97,9:116,10:100,11:107,12:97,13:102,14:104,15:110,16:119,17:102,18:115,19:106,20:105,21:98,22:86,23:86,24:96,25:121,26:92,27:111,28:107,29:118,30:95,31:109,32:120,33:107,34:89,35:105,36:100,37:91,38:97,39:115,40:112,41:108,42:111,43:108,44:111,45:113,46:99,47:96,48:98,49:114,50:103
(((0)21)92)105	0.04910000000000003	0.0	0.04910000000000003	0.78231328379451	1:4,2:21,3:28,4:19,5:15,6:20,7:29,8:27,9:18,10:23,11:27,12:28,13:19,14:24,15:29,16:25,17:28,18:24,19:18,20:24,21:16,22:16,23:27,24:24,25:26,26:27,27:20,28:25,29:23,30:22,31:26,32:25,33:17,34:28,35:23,36:15,37:22,38:28,39:26,40:31,41:30,42:31,43:25,44:25,45:22,46:27,47:30,48:20,49:17,50:27
(0,21,92)105	0.3201303640706393	0.0	0.3201303640706393	0.2017649606155336	1:42,2:96,3:76,4:83,5:77,6:80,7:68,8:71,9:75,10:65,11:67,12:67,13:75,14:70,15:75,16:69,17:70,18:61,19:80,20:63,21:72,22:75,23:85,24:68,25:66,26:71,27:78,28:59,29:64,30:71,31:88,32:68,33:65,34:68,35:72,36:72,37:50,38:61,39:64,40:66,41:67,42:72,43:80,44:70,45:74,46:67,47:67,48:72,49:75,50:59
((0,21)92)105	0.3955232736515008	0.0	0.3955232736515008	0.13839873607345463	1:10,2:25,3:25,4:17,5:25,6:26,7:23,8:27,9:22,10:18,11:24,12:22,13:24,14:27,15:21,16:30,17:20,18:20,19:26,20:20,21:17,22:17,23:18,24:24,25:30,26:24,27:31,28:24,29:27,30:28,31:22,32:19,33:20,34:22,35:23,36:31,37:20,38:28,39:17,40:23,41:16,42:28,43:22,44:23,45:19,46:25,47:27,48:35,49:21,50:14
(((0)92)21)105	0.08493868376658541	1.0	1.0849386837665853	0.004406416879175	1:4,2:10,3:11,4:11,5:12,6:15,7:12,8:19,9:15,10:8,11:11,12:16,13:17,14:20,15:13,16:14,17:17,18:17,19:14,20:14,21:16,22:13,23:13,24:16,25:18,26:8,27:20,28:18,29:12,30:9,31:21,32:19,33:12,34:20,35:13,36:15,37:9,38:16,39:14,40:12,41:18,42:16,43:15,44:15,45:23,46:8,47:17,48:9,49:7,50:16
(0,(92)21)105	0.08493868376658541	1.0	1.0849386837665853	0.004406416879175	1:16,2:46,3:39,4:35,5:45,6:53,7:43,8:51,9:35,10:33,11:42,12:36,13:35,14:40,15:41,16:45,17:54,18:39,19:39,20:40,21:42,22:41,23:31,24:31,25:42,26:43,27:32,28:42,29:28,30:47,31:36,32:49,33:50,34:32,35:41,36:45,37:60,38:45,39:45,40:36,41:42,42:38,43:40,44:46,45:41,46:52,47:39,48:35,49:51,50:43
((21)0,92)105	0.12111449128820218	1.0	1.121114491288202	0.0036773148390343673	1:15,2:42,3:35,4:29,5:30,6:42,7:41,8:32,9:40,10:37,11:33,12:40,13:36,14:33,15:31,16:32,17:25,18:35,19:32,20:33,21:32,22:38,23:33,24:39,25:37,26:32,27:34,28:31,29:40,30:30,31:30,32:28,33:19,34:32,35:32,36:30,37:35,38:36,39:35,40:34,41:30,42:32,43:21,44:28,45:21,46:31,47:35,48:33,49:37,50:24
(((21)0)92)105	0.12111449128820218	1.0	1.121114491288202	0.0036773148390343673	1:9,2:17,3:19,4:16,5:11,6:16,7:13,8:14,9:15,10:14,11:12,12:18,13:18,14:13,15:20,16:14,17:18,18:12,19:19,20:8,21:16,22:17,23:14,24:18,25:13,26:17,27:13,28:15,29:23,30:20,31:16,32:9,33:14,34:16,35:11,36:14,37:15,38:12,39:23,40:14,41:9,42:15,43:8,44:7,45:21,46:11,47:11,48:14,49:15,50:5
((92)0,21)105	0.12655066179202695	1.0	1.126550661792027	0.0035787084602290405	1:14,2:36,3:46,4:31,5:36,6:41,7:48,8:34,9:45,10:40,11:39,12:31,13:37,14:29,15:48,16:33,17:30,18:39,19:40,20:36,21:32,22:43,23:39,24:36,25:29,26:50,27:41,28:51,29:40,30:47,31:31,32:40,33:42,34:42,35:34,36:32,37:38,38:42,39:43,40:36,41:40,42:43,43:38,44:43,45:47,46:33,47:36,48:41,49:39,50:34
((0,92)21)105	0.45389573692644436	1.0	1.4538957369264445	0.0006964749822474614	1:16,2:12,3:11,4:10,5:9,6:7,7:9,8:11,9:5,10:11,11:13,12:12,13:19,14:15,15:11,16:5,17:8,18:10,19:13,20:11,21:12,22:8,23:9,24:9,25:13,26:12,27:11,28:10,29:12,30:16,31:7,32:16,33:13,34:6,35:12,36:12,37:7,38:10,39:8,40:11,41:11,42:8,43:9,44:7,45:5,46:8,47:13,48:9,49:10,50:15
((0,21)105)92	0.6744689837197853	1.0	1.6744689837197853	0.00023117283618938954	1:18,2:4,3:5,4:6,5:5,6:2,7:2,8:4,9:5,10:3,11:3,12:6,13:3,14:3,15:5,17:2,18:5,19:6,20:3,21:2,22:2,23:1,24:6,25:2,26:5,27:6,28:6,29:3,30:5,31:3,33:1,34:1,35:3,36:3,37:6,38:6,39:3,40:3,41:4,42:3,43:3,44:2,45:1,46:5,47:7,48:2,49:4,50:4
(((0)21)105)92	0.6744689837197853	1.0	1.6744689837197853	0.00023117283618938954	1:9,2:5,3:5,4:1,5:6,6:5,7:4,8:5,9:2,10:1,11:3,12:7,13:5,14:2,15:6,16:8,17:6,18:6,19:5,20:7,21:4,22:5,23:4,24:6,25:5,26:4,27:5,28:4,29:8,30:7,31:7,32:10,33:2,34:7,35:3,37:3,38:5,39:4,40:4,41:5,42:7,43:4,44:2,45:6,46:3,47:6,48:3,49:4,50:6
(0,(21)105)92	1.0837878205626783	1.0	2.0837878205626783	2.9861542698219467e-05	1:27,2:17,3:9,4:16,5:24,6:16,7:11,8:13,9:18,10:15,11:24,12:12,13:25,14:20,15:19,16:19,17:18,18:28,19:13,20:22,21:30,22:21,23:24,24:27,25:18,26:22,27:22,28:27,29:20,30:17,31:23,32:18,33:21,34:23,35:17,36:18,37:21,38:18,39:23,40:22,41:22,42:18,43:21,44:19,45:12,46:19,47:20,48:16,49:15,50:20
(((92)0)21)105	0.12655066179202695	2.0	2.126550661792027	2.4113147930202038e-05	1:5,2:8,3:6,4:12,5:8,6:9,7:10,8:10,9:7,10:6,11:11,12:7,13:13,14:6,15:9,16:13,17:7,18:8,19:6,20:10,21:10,22:8,23:4,24:6,25:8,26:8,27:8,28:9,29:6,30:7,31:10,32:9,33:4,34:4,35:9,36:4,37:11,38:12,39:7,40:7,41:5,42:2,43:8,44:8,45:4,46:7,47:9,48:12,49:12,50:16
(((21)92)0)105	0.17565066179202699	2.0	2.175650661792027	1.8864035939899156e-05	1:6,2:6,3:3,4:9,5:5,6:9,7:6,8:5,9:4,10:12,11:7,12:5,13:9,14:6,15:9,16:6,17:7,18:5,19:7,20:12,21:8,22:3,23:7,24:7,25:6,26:5,27:8,28:11,29:6,30:8,31:4,32:9,33:9,34:10,35:7,36:8,37:8,38:5,39:5,40:1,41:6,42:9,43:3,44:6,45:2,46:10,47:8,48:8,49:7,50:17
(105,(0)21)92	1.1760146087527994	1.0	2.1760146087527996	1.8829739611733168e-05	1:19,2:23,3:27,4:25,5:21,6:21,7:27,8:25,9:25,10:20,11:21,12:21,13:21,14:20,15:29,16:26,17:19,18:19,19:20,20:19,21:28,22:25,23:24,24:25,25:29,26:18,27:19,28:19,29:25,30:21,31:17,32:26,33:28,34:24,35:24,36:16,37:30,38:19,39:31,40:17,41:22,42:30,43:25,44:27,45:27,46:29,47:18,48:27,49:18,50:28
((0)105,21)92	1.1760146087527994	1.0	2.1760146087527996	1.8829739611733168e-05	1:21,2:26,3:27,4:33,5:32,6:28,7:31,8:24,9:36,10:24,11:29,12:36,13:26,14:31,15:32,16:32,17:28,18:32,19:38,20:35,21:29,22:26,23:35,24:30,25:25,26:36,27:36,28:27,29:35,30:33,31:31,32:35,33:39,34:32,35:34,36:28,37:39,38:25,39:33,40:37,41:32,42:31,43:30,44:36,45:32,46:32,47:28,48:31,49:23,50:36
(0,105,21)92	1.5889411726052036	1.0	2.5889411726052036	2.388832361616408e-06	1:45,2:20,3:16,4:15,5:12,6:14,7:7,8:10,9:12,10:13,11:7,12:16,13:6,14:10,15:12,16:17,17:7,18:8,19:16,20:14,21:12,22:13,23:9,24:4,25:12,26:15,27:15,28:8,29:8,30:13,31:7,32:15,33:12,34:12,35:11,36:11,37:11,38:14,39:11,40:11,41:9,42:11,43:13,44:5,45:10,46:14,47:12,48:11,49:13,50:14
((21,92)0)105	0.6370179118360801	2.0	2.63701791183608	1.8784012174519803e-06	1:17,2:6,3:1,4:5,5:5,6:4,7:8,8:7,9:4,10:6,11:7,12:7,13:6,14:6,15:5,16:2,17:5,18:5,19:6,20:1,21:2,22:2,23:5,24:4,25:5,26:7,27:5,28:7,29:7,30:10,31:6,32:4,33:5,34:6,35:2,36:4,37:2,38:5,39:1,40:5,41:2,42:5,43:3,44:5,45:4,46:3,47:4,48:6,50:5
(((0)92)105)21	0.7205056141349627	2.0	2.7205056141349626	1.237362981474127e-06	1:4,2:1,3:1,4:4,5:3,7:2,8:3,9:2,10:5,13:4,14:1,15:1,16:4,17:1,18:1,19:2,20:1,21:2,22:3,23:1,24:2,25:2,26:3,27:2,28:1,30:1,31:1,33:1,34:2,36:3,38:1,39:2,40:1,42:1,43:4,44:1,45:2,46:2,47:2,48:1,50:1
((0,92)105)21	0.7205056141349627	2.0	2.7205056141349626	1.237362981474127e-06	1:15,2:1,3:3,4:4,5:5,6:1,7:3,8:4,9:3,10:2,11:6,12:3,13:6,14:3,15:4,16:2,17:1,18:2,20:1,21:9,22:3,24:2,25:2,26:3,27:3,28:4,29:2,30:4,31:1,32:6,33:1,34:3,35:1,36:3,37:3,38:3,39:3,40:3,41:1,42:6,43:2,44:2,45:1,46:7,47:3,48:1,49:1,50:5
(((0)105)21)92	0.7696056141349628	2.0	2.7696056141349628	9.680054972827883e-07	1:13,4:2,5:2,7:1,8:2,9:3,11:1,12:2,13:3,14:1,15:2,16:2,17:5,19:1,20:1,21:2,22:1,23:4,24:3,25:2,26:3,27:1,28:1,29:4,31:1,32:2,33:2,34:2,35:5,36:3,37:3,38:2,39:1,40:1,41:3,42:1,43:1,44:3,46:1,47:2,48:2,50:2
(((21)0)105)92	0.7955834750079874	2.0	2.7955834750079873	8.500953009009032e-07	1:9,2:2,3:2,6:1,7:2,9:2,10:3,11:2,12:1,14:1,15:4,16:1,20:2,21:1,22:3,23:1,24:1,26:1,27:1,29:1,30:1,31:2,32:1,33:2,35:1,36:1,37:1,38:2,40:1,41:1,43:1,45:2,46:1,47:2,48:1,49:1,50:1
(0,(105)21)92	1.1160288877864635	2.0	3.1160288877864635	1.7124947270010065e-07	1:29,2:4,3:3,4:4,5:6,6:3,7:6,8:7,9:1,10:5,11:3,12:5,13:5,14:4,15:1,16:4,17:7,18:3,19:7,20:4,21:4,22:1,23:5,24:3,25:8,26:1,27:5,28:5,29:2,30:8,31:4,32:7,33:7,34:6,35:5,36:2,37:4,38:4,39:4,40:5,41:2,42:4,43:5,44:7,45:2,46:6,47:7,48:4,49:3,50:6
(0,(92)105)21	1.1241028911981323	2.0	3.1241028911981323	1.6447381545263255e-07	1:21,2:5,3:5,4:5,5:2,6:7,7:3,8:5,9:5,10:3,11:7,12:5,13:10,14:5,15:7,16:6,17:7,18:1,19:6,20:4,21:3,22:6,23:5,24:7,25:6,26:6,27:3,28:4,29:7,30:5,31:7,32:3,33:1,34:7,35:4,36:4,37:4,38:7,39:1,40:6,41:7,42:4,43:5,44:7,45:4,46:1,47:3,48:3,49:3,50:6
((0,105)21)92	1.1732028911981325	2.0	3.1732028911981325	1.2867005066496125e-07	1:11,2:5,3:4,4:4,5:5,6:4,7:1,8:1,9:3,10:1,11:4,12:2,13:3,14:5,15:3,17:6,18:5,19:5,20:7,21:2,22:1,23:3,24:5,25:1,26:3,27:1,29:4,30:5,31:2,32:1,33:9,34:2,35:3,36:6,37:3,38:2,39:3,40:1,41:2,42:2,43:1,44:1,45:4,46:4,47:1,48:2,49:2,50:1
((105)0,21)92	1.195796214591028	2.0	3.195796214591028	1.1492557718915964e-07	1:17,2:5,3:2,4:8,5:4,6:4,7:5,8:7,9:4,10:5,11:7,12:2,14:3,15:6,16:4,17:7,18:1,19:10,20:4,21:4,22:9,23:4,24:7,25:4,26:3,27:6,28:5,29:4,30:5,31:7,32:4,33:6,34:5,35:4,36:3,37:7,38:7,39:2,40:3,41:7,42:5,43:4,44:9,45:3,46:4,47:7,48:4,49:9,50:11
((21)0,105)92	1.2049023118508804	2.0	3.2049023118508804	1.098102940806206e-07	1:22,2:1,3:6,4:7,5:1,6:7,7:6,8:8,9:5,10:8,11:5,12:4,13:2,14:4,15:5,16:3,17:4,18:3,19:3,20:6,21:5,22:5,23:3,24:3,25:4,26:5,27:7,28:3,29:2,30:5,31:5,32:6,33:4,34:3,35:3,36:4,37:4,38:4,39:10,40:5,41:6,42:7,43:1,44:3,45:6,46:6,47:7,48:6,49:2,50:3
(((92)21)0)105	0.2060531750547876	3.0	3.2060531750547874	1.0918022549174629e-07	1:10,2:8,3:5,4:10,5:5,6:1,7:5,8:6,9:3,10:2,11:3,12:4,13:5,14:6,15:5,16:5,17:8,18:3,19:5,20:4,21:3,22:5,23:2,24:5,25:3,26:5,27:6,28:8,29:10,30:1,31:8,32:5,33:8,34:2,35:5,36:7,37:6,38:6,39:3,40:6,41:8,42:6,43:4,44:3,45:4,46:6,47:3,48:9,49:5,50:1
(105,(0)92)21	1.2504901439035816	2.0	3.2504901439035816	8.74279580293734e-08	1:21,2:40,3:31,4:42,5:28,6:32,7:36,8:36,9:36,10:47,11:28,12:28,13:26,14:30,15:22,16:33,17:27,18:33,19:25,20:30,21:27,22:25,23:34,24:32,25:42,26:38,27:28,28:31,29:31,30:24,31:44,32:22,33:30,34:26,35:34,36:33,37:52,38:36,39:28,40:27,41:20,42:31,43:37,44:35,45:31,46:30,47:27,48:34,49:38,50:22
((0)105,92)21	1.2504901439035816	2.0	3.2504901439035816	8.74279580293734e-08	1:18,2:16,3:14,4:24,5:22,6:19,7:27,8:14,9:24,10:26,11:19,12:19,13:21,14:17,15:30,16:13,17:17,18:15,19:30,20:18,21:23,22:24,23:17,24:26,25:26,26:18,27:17,28:20,29:23,30:22,31:13,32:20,33:23,34:23,35:19,36:30,37:20,38:22,39:21,40:30,41:21,42:26,43:23,44:20,45:20,46:29,47:19,48:16,49:20,50:30
(0,105,92)21	1.659828897808446	2.0	3.659828897808446	1.129230305326267e-08	1:42,2:14,3:20,4:14,5:12,6:17,7:8,8:8,9:9,10:8,11:15,12:6,13:14,14:11,15:9,16:8,17:14,18:10,19:13,20:8,21:14,22:8,23:14,24:11,25:15,26:10,27:10,28:15,29:9,30:15,31:11,32:8,33:9,34:13,35:16,36:7,37:11,38:10,39:14,40:9,41:10,42:18,43:8,44:17,45:9,46:13,47:10,48:12,49:12,50:9
(((0)105)92)21	0.7594076674863707	3.0	3.7594076674863706	6.863568524187547e-09	1:5,2:4,3:1,4:8,5:7,6:2,7:5,8:9,9:2,10:3,11:3,12:7,13:2,14:6,15:3,16:1,17:4,18:5,19:6,20:4,21:5,22:5,23:10,24:8,25:1,26:6,27:1,28:3,29:1,30:5,31:5,32:5,33:3,34:4,35:5,36:3,37:4,38:4,39:1,40:5,41:6,42:4,43:9,44:3,45:5,46:5,47:5,48:5,49:7,50:4
(((21)105)0)92	0.8002729409395272	3.0	3.8002729409395273	5.5951554899235014e-09	1:6,2:3,4:1,5:2,6:1,8:1,9:1,10:2,11:3,12:1,13:1,14:3,16:4,17:2,19:1,20:1,21:3,22:1,26:1,28:1,30:1,31:1,32:3,34:1,36:2,37:3,38:5,41:2,42:3,43:3,44:1,46:2,48:3,49:3,50:1
((21,92)105)0	0.8098729409395272	3.0	3.809872940939527	5.332931741398287e-09	1:21,2:1,3:3,4:1,5:2,6:2,7:5,8:5,9:2,10:2,11:2,12:3,13:2,14:2,16:3,17:1,19:2,20:2,21:3,22:4,23:2,24:4,25:2,26:1,27:1,29:2,30:6,31:3,32:2,33:1,34:3,35:3,36:5,37:2,38:2,39:3,40:4,41:7,42:1,43:2,44:3,45:3,46:1,47:1,48:3,49:3,50:2
(((92)0)105)21	0.8470562759269897	3.0	3.84705627592699	4.428161370175687e-09	1:6,2:2,3:3,4:2,5:3,7:2,9:4,10:1,11:2,12:1,13:1,14:4,16:2,17:2,18:2,19:2,20:2,21:1,22:1,24:1,25:3,26:1,27:1,28:2,30:2,31:2,33:1,34:3,35:1,37:1,40:1,43:1,46:2,47:2,48:2
(((105)0)21)92	0.8493729409395272	3.0	3.849372940939527	4.3771644646629365e-09	1:8,2:1,3:4,5:1,7:2,9:2,10:2,11:1,12:2,13:1,16:3,17:2,18:4,19:1,20:1,21:3,23:3,24:2,25:1,26:2,27:2,28:3,29:1,30:2,31:2,32:4,33:1,34:3,35:1,36:3,37:1,38:2,39:1,40:3,41:1,43:2,44:2,45:1,46:2,47:1,48:1,49:2
(((21)92)105)0	0.8493729409395272	3.0	3.849372940939527	4.3771644646629365e-09	1:5,2:1,3:2,5:1,6:2,7:2,8:2,9:1,10:1,11:1,13:1,14:1,15:1,17:3,18:2,20:4,22:2,23:1,25:3,26:2,27:2,28:1,29:1,30:1,31:2,32:2,33:1,34:1,35:1,36:1,38:2,40:2,41:2,42:3,44:1,45:1,46:1,47:1,48:1,50:4
(0,(105)92)21	1.1283647206462297	3.0	4.12836472064623	1.0848505479882653e-09	1:18,2:21,3:20,4:24,5:18,6:15,7:19,8:19,9:17,10:22,11:13,12:23,13:20,14:19,15:19,16:17,17:27,18:23,19:20,20:24,21:17,22:22,23:18,24:15,25:23,26:24,27:23,28:20,29:22,30:21,31:18,32:19,33:16,34:21,35:19,36:20,37:24,38:19,39:19,40:17,41:37,42:15,43:21,44:20,45:15,46:20,47:24,48:26,49:18,50:13
((0,105)92)21	1.1687265043292636	3.0	4.168726504329264	8.865952761823165e-10	1:11,2:7,3:2,4:5,5:4,6:3,7:1,8:5,9:4,10:3,11:2,12:4,13:3,14:2,15:2,16:3,17:2,18:4,19:5,20:4,22:2,23:4,24:4,25:5,26:5,27:2,28:2,29:5,30:6,31:9,32:5,33:2,34:2,35:6,36:2,37:4,38:5,39:2,40:3,41:5,42:1,43:5,44:6,45:5,46:2,47:3,48:3,49:5,50:3
((92)0,105)21	1.2506535529901592	3.0	4.250653552990159	5.886038348464871e-10	1:22,3:9,4:2,5:1,6:5,7:4,8:7,9:7,10:2,11:6,12:6,13:2,14:2,15:8,16:8,17:5,18:10,19:3,20:7,21:4,22:4,23:9,24:7,25:5,26:6,27:2,28:7,29:9,30:5,31:2,32:6,33:3,34:7,35:4,36:4,37:4,38:5,39:10,40:9,41:5,42:3,43:5,44:10,45:6,46:7,47:9,48:7,49:7,50:4
((105)0,92)21	1.2541686778659715	3.0	4.254168677865971	5.78349135284856e-10	1:15,2:4,3:3,4:4,5:6,6:6,7:7,8:6,9:5,10:9,11:5,12:3,13:2,14:7,15:8,16:4,17:7,18:7,19:6,20:4,21:3,22:2,23:6,24:8,25:4,26:6,27:5,28:9,29:2,30:10,31:5,32:1,33:4,34:8,35:4,36:6,37:6,38:2,39:3,40:7,41:3,42:5,43:4,44:8,45:5,46:5,47:8,48:2,49:4,50:7
((105,21)0)92	1.3012360700503194	3.0	4.30123607005032	4.5707192593523087e-10	1:15,2:3,3:4,4:5,5:2,6:2,7:5,8:1,9:5,11:2,12:4,13:5,14:1,15:3,16:5,17:2,18:3,19:2,20:4,21:4,23:3,24:1,25:2,26:2,27:4,28:3,29:5,30:1,31:2,33:3,34:1,35:3,37:6,39:3,40:4,41:5,42:4,43:3,44:4,45:3,46:2,47:4,48:2,49:2,50:1
((92)105,21)0	1.3012360700503194	3.0	4.30123607005032	4.5707192593523087e-10	1:23,2:5,3:7,4:4,5:2,6:2,7:3,8:6,9:5,10:5,11:3,12:3,13:6,14:6,15:4,16:6,17:8,18:6,19:3,20:2,21:7,22:7,23:4,24:3,25:5,26:7,27:6,28:5,29:6,30:3,31:8,32:3,33:5,34:3,35:3,36:5,37:4,38:9,39:8,40:3,41:6,42:7,43:9,44:3,45:8,46:6,47:3,48:4,49:5,50:2
((21)105,92)0	1.3360087125464415	3.0	4.336008712546441	3.841286617833932e-10	1:19,2:8,3:2,4:1,5:3,6:6,7:6,8:7,9:5,10:4,11:2,12:5,13:4,14:8,15:6,16:4,17:6,18:7,19:4,20:5,21:8,22:1,23:8,24:7,25:1,26:6,27:4,28:6,29:5,30:7,31:10,32:2,33:6,34:3,35:4,36:6,37:4,38:4,39:6,40:8,41:6,42:6,43:6,44:4,45:5,46:5,47:3,48:3,49:3,50:10
(105,(21)92)0	1.3851087125464416	3.0	4.385108712546442	3.005089547993561e-10	1:21,2:20,3:11,4:25,5:24,6:7,7:24,8:17,9:18,10:26,11:22,12:30,13:21,14:27,15:14,16:21,17:21,18:20,19:16,20:30,21:22,22:22,23:18,24:23,25:19,26:32,27:15,28:25,29:15,30:20,31:17,32:23,33:19,34:21,35:16,36:21,37:19,38:18,39:28,40:20,41:20,42:16,43:20,44:21,45:20,46:27,47:24,48:25,49:18,50:17
(((92)105)0)21	0.8002729409395272	4.0	4.800272940939527	3.769986114274663e-11	1:7,2:4,3:1,5:5,6:1,7:2,9:1,11:1,12:2,14:3,17:2,18:2,19:3,21:2,22:5,27:2,28:2,29:1,30:2,31:2,32:2,33:1,34:1,35:4,36:3,38:1,39:1,42:2,43:3,44:3,45:3,47:1,48:3,49:1,50:2
(((21)105)92)0	0.8010196455118122	4.0	4.801019645511812	3.755937027542424e-11	1:12,3:2,7:4,8:1,9:1,10:3,12:2,16:2,18:2,21:1,22:1,23:2,24:2,25:3,26:3,27:1,28:2,29:2,30:4,31:3,33:2,35:2,36:3,37:2,39:3,40:5,41:2,42:2,43:2,45:2,46:2,47:2,49:2,50:4
(105,21,92)0	1.8396767243187049	3.0	4.839676724318705	3.09581872092677e-11	1:43,2:14,3:19,4:15,5:15,6:10,7:9,8:13,9:9,10:17,11:12,12:16,13:14,14:15,15:14,16:13,17:8,18:22,19:4,20:11,21:11,22:12,23:9,24:9,25:9,26:12,27:11,28:11,29:14,30:13,31:14,32:14,33:7,34:8,35:14,36:12,37:15,38:8,39:13,40:11,41:13,42:15,43:13,44:15,45:7,46:11,47:11,48:19,49:9,50:11
(((105)21)0)92	0.8416201054231649	4.0	4.841620105423165	3.0658826215684335e-11	1:8,2:1,3:1,4:1,6:3,7:3,8:1,9:1,11:6,12:1,13:1,16:1,17:1,18:2,19:1,20:1,22:4,23:2,25:1,28:1,29:1,30:2,32:1,33:2,34:1,35:1,36:1,37:2,38:1,40:4,41:1,42:1,43:1,45:1,47:2,48:4,49:1
(((92)21)105)0	0.8852116247061126	4.0	4.885211624706113	2.465458759240758e-11	1:5,2:1,3:2,4:3,5:1,6:4,7:2,9:1,10:2,11:2,14:2,15:1,16:2,17:2,18:1,20:4,21:1,22:1,23:1,25:1,26:2,27:5,28:1,32:3,34:1,35:2,38:1,39:3,40:3,42:1,43:1,44:3,45:1,46:4,47:1,49:1,50:1
(((105)0)92)21	0.8852116247061126	4.0	4.885211624706113	2.465458759240758e-11	1:4,2:1,4:3,5:1,6:2,8:3,9:1,10:2,11:2,13:1,14:3,15:1,17:1,18:1,19:1,20:1,21:1,22:1,23:1,24:2,25:1,27:1,28:2,29:3,30:1,31:2,32:2,33:2,34:5,36:2,37:2,38:1,40:2,41:1,42:1,44:2,45:3,47:1,48:2,50:3
((105,21)92)0	1.3025652705448263	4.0	5.302565270544826	3.0593264067042278e-12	1:12,2:6,3:3,4:2,5:1,6:7,7:3,8:4,9:5,10:6,11:1,12:2,13:5,14:5,15:1,16:4,17:1,19:5,20:1,21:1,22:6,23:4,24:2,25:1,26:6,27:6,28:2,29:1,30:4,31:4,32:3,33:4,34:5,35:4,36:6,37:2,38:2,39:4,40:2,41:3,42:2,43:4,44:4,45:3,46:5,47:2,48:3,49:4,50:5
(21,(105)92)0	1.3114868955558654	4.0	5.311486895555865	2.925854685431582e-12	1:25,2:31,3:24,4:28,5:29,6:34,7:36,8:27,9:24,10:31,11:27,12:39,13:31,14:29,15:36,16:30,17:31,18:27,19:37,20:38,21:33,22:38,23:38,24:36,25:24,26:40,27:21,28:33,29:39,30:23,31:25,32:18,33:34,34:40,35:30,36:36,37:22,38:46,39:30,40:26,41:29,42:29,43:27,44:30,45:32,46:33,47:32,48:36,49:30,50:34
((105,92)0)21	1.3360087125464415	4.0	5.336008712546441	2.5882385639261307e-12	1:9,2:2,3:3,4:2,5:3,6:3,7:1,8:2,9:4,10:1,11:4,12:4,13:3,14:4,15:3,16:5,17:3,18:3,19:3,20:6,21:3,22:3,23:2,25:1,26:4,27:3,28:3,29:2,31:3,32:3,33:8,34:4,35:5,36:3,37:4,38:3,39:6,40:2,41:4,42:1,43:3,44:5,45:5,46:4,47:6,48:2,49:2,50:4
((105)21,92)0	1.3575235259710428	4.0	5.357523525971043	2.324264130831008e-12	1:22,2:18,3:25,4:14,5:30,6:17,7:18,8:28,9:19,10:23,11:36,12:24,13:22,14:32,15:18,16:14,17:28,18:24,19:27,20:24,21:25,22:21,23:27,24:24,25:17,26:20,27:23,28:18,29:23,30:16,31:23,32:23,33:23,34:23,35:20,36:19,37:23,38:21,39:23,40:33,41:25,42:19,43:24,44:20,45:27,46:16,47:25,48:24,49:13,50:26
(105,(92)21)0	1.3861747538169047	4.0	5.3861747538169045	2.0140494494380337e-12	1:17,2:7,3:5,4:3,5:4,6:8,7:2,8:4,9:4,10:2,11:1,12:6,13:4,14:9,15:9,16:4,17:3,18:5,19:5,20:5,21:3,22:5,23:3,24:4,25:7,26:3,27:3,28:2,29:2,30:8,31:4,32:2,33:7,34:4,35:8,36:5,37:2,38:8,39:3,40:8,41:6,42:3,43:7,44:5,45:6,46:7,47:2,48:5,49:10,50:5
(((105)92)0)21	0.8010196455118122	5.0	5.801019645511812	2.530730462348346e-13	1:5,2:2,6:2,9:1,10:2,11:1,12:2,13:1,14:1,15:2,16:1,18:1,20:1,21:2,22:1,26:2,27:2,28:1,29:3,30:1,31:1,32:4,33:1,35:1,37:4,38:2,39:1,40:5,41:2,42:2,44:2,45:3,46:1,47:1,48:2
(((92)105)21)0	0.8416201054231649	5.0	5.841620105423165	2.065775460954531e-13	1:4,2:1,3:2,4:2,5:1,7:1,9:2,10:1,11:1,12:1,13:1,15:1,17:1,18:1,19:2,21:2,22:1,23:3,24:3,28:1,31:3,33:2,34:2,35:1,37:1,39:1,40:1,41:2,43:1,44:1,46:1,47:1,48:3,49:4
(((105)21)92)0	0.8961562759269897	5.0	5.896156275926989	1.5727486628794136e-13	1:6,2:3,3:5,4:5,5:2,6:2,7:6,8:2,9:7,10:2,11:5,12:2,13:6,14:10,15:5,16:4,17:5,18:3,19:5,20:3,21:5,22:6,23:4,24:1,25:6,26:3,27:2,28:7,29:6,30:4,31:5,32:3,33:7,34:4,35:5,36:3,37:8,38:7,39:4,40:2,41:4,42:2,43:7,44:5,45:4,46:3,47:3,48:5,49:7,50:5
((105,92)21)0	1.3716046351917837	5.0	6.371604635191783	1.4596083202948125e-14	1:17,2:5,3:5,4:5,5:5,7:2,8:4,9:3,10:5,11:1,12:3,13:2,14:4,15:4,16:1,17:4,18:3,19:4,20:2,21:2,22:3,23:1,24:2,25:2,26:3,27:2,28:1,29:4,30:3,31:5,32:2,33:2,34:6,35:5,36:7,37:3,38:3,39:3,41:3,43:2,44:1,45:3,46:4,47:2,48:3,49:2,50:6
(((105)92)21)0	0.8805221587745728	6.0	6.880522158774573	1.1458716354157381e-15	1:4,2:1,4:1,5:1,6:2,7:1,8:1,9:3,10:2,11:1,12:2,13:4,14:3,15:1,16:2,17:2,18:1,19:1,21:1,22:3,24:1,25:2,26:2,27:2,29:1,31:2,32:1,33:4,35:1,39:2,40:1,41:3,43:2,46:1,47:1,48:2,49:2,50:1
