# generation count = 50 
#
generation.index	generationHighestFitness	generationMedianFitness	populationHighestFitness	populationMedianFitness
1	0.9531337870775045	1.098102940806206e-07	0.9531337870775045	1.098102940806206e-07
2	0.9531337870775045	0.004406416879175	0.9531337870775045	1.8829739611733168e-05
3	0.9531337870775045	0.004406416879175	0.9531337870775045	2.9861542698219467e-05
4	0.9531337870775045	0.004406416879175	0.9531337870775045	0.0006964749822474614
5	0.9531337870775045	0.0036773148390343673	0.9531337870775045	0.0035787084602290405
6	0.9531337870775045	0.004406416879175	0.9531337870775045	0.0035787084602290405
7	0.9531337870775045	0.0036773148390343673	0.9531337870775045	0.0035787084602290405
8	0.9531337870775045	0.004406416879175	0.9531337870775045	0.0036773148390343673
9	0.9531337870775045	0.004406416879175	0.9531337870775045	0.0036773148390343673
10	0.9531337870775045	0.004406416879175	0.9531337870775045	0.0036773148390343673
11	0.9531337870775045	0.004406416879175	0.9531337870775045	0.0036773148390343673
12	0.9531337870775045	0.004406416879175	0.9531337870775045	0.0036773148390343673
13	0.9531337870775045	0.004406416879175	0.9531337870775045	0.0036773148390343673
14	0.9531337870775045	0.004406416879175	0.9531337870775045	0.0036773148390343673
15	0.9531337870775045	0.004406416879175	0.9531337870775045	0.0036773148390343673
16	0.9531337870775045	0.004406416879175	0.9531337870775045	0.0036773148390343673
17	0.9531337870775045	0.004406416879175	0.9531337870775045	0.0036773148390343673
18	0.9531337870775045	0.0036773148390343673	0.9531337870775045	0.0036773148390343673
19	0.9531337870775045	0.004406416879175	0.9531337870775045	0.0036773148390343673
20	0.9531337870775045	0.0036773148390343673	0.9531337870775045	0.0036773148390343673
21	0.9531337870775045	0.004406416879175	0.9531337870775045	0.0036773148390343673
22	0.9531337870775045	0.004406416879175	0.9531337870775045	0.0036773148390343673
23	0.9531337870775045	0.004406416879175	0.9531337870775045	0.0036773148390343673
24	0.9531337870775045	0.0036773148390343673	0.9531337870775045	0.0036773148390343673
25	0.9531337870775045	0.004406416879175	0.9531337870775045	0.0036773148390343673
26	0.9531337870775045	0.004406416879175	0.9531337870775045	0.0036773148390343673
27	0.9531337870775045	0.004406416879175	0.9531337870775045	0.0036773148390343673
28	0.9531337870775045	0.004406416879175	0.9531337870775045	0.0036773148390343673
29	0.9531337870775045	0.004406416879175	0.9531337870775045	0.0036773148390343673
30	0.9531337870775045	0.004406416879175	0.9531337870775045	0.0036773148390343673
31	0.9531337870775045	0.004406416879175	0.9531337870775045	0.0036773148390343673
32	0.9531337870775045	0.004406416879175	0.9531337870775045	0.0036773148390343673
33	0.9531337870775045	0.004406416879175	0.9531337870775045	0.004406416879175
34	0.9531337870775045	0.0036773148390343673	0.9531337870775045	0.0036773148390343673
35	0.9531337870775045	0.004406416879175	0.9531337870775045	0.0036773148390343673
36	0.9531337870775045	0.004406416879175	0.9531337870775045	0.004406416879175
37	0.9531337870775045	0.004406416879175	0.9531337870775045	0.004406416879175
38	0.9531337870775045	0.004406416879175	0.9531337870775045	0.004406416879175
39	0.9531337870775045	0.004406416879175	0.9531337870775045	0.004406416879175
40	0.9531337870775045	0.0036773148390343673	0.9531337870775045	0.004406416879175
41	0.9531337870775045	0.004406416879175	0.9531337870775045	0.004406416879175
42	0.9531337870775045	0.004406416879175	0.9531337870775045	0.004406416879175
43	0.9531337870775045	0.004406416879175	0.9531337870775045	0.004406416879175
44	0.9531337870775045	0.004406416879175	0.9531337870775045	0.004406416879175
45	0.9531337870775045	0.004406416879175	0.9531337870775045	0.004406416879175
46	0.9531337870775045	0.004406416879175	0.9531337870775045	0.004406416879175
47	0.9531337870775045	0.0036773148390343673	0.9531337870775045	0.004406416879175
48	0.9531337870775045	0.0036773148390343673	0.9531337870775045	0.004406416879175
49	0.9531337870775045	0.004406416879175	0.9531337870775045	0.004406416879175
50	0.9531337870775045	0.004406416879175	0.9531337870775045	0.004406416879175
############################################################
Topology	MassCost	TopologyCost	Cost	Fitness	appearances(generationID:count)
((0)21,92)105	0.009600000000000053	0.0	0.009600000000000053	0.9531337870775045	1:27,2:110,3:116,4:107,5:124,6:106,7:100,8:122,9:105,10:117,11:115,12:121,13:108,14:108,15:110,16:90,17:119,18:105,19:100,20:106,21:110,22:135,23:115,24:105,25:108,26:119,27:103,28:132,29:113,30:111,31:92,32:115,33:95,34:101,35:109,36:99,37:96,38:127,39:100,40:91,41:101,42:99,43:113,44:107,45:103,46:74,47:109,48:101,49:95,50:118
(21,(0)92)105	0.009600000000000053	0.0	0.009600000000000053	0.9531337870775045	1:19,2:101,3:97,4:115,5:106,6:123,7:114,8:124,9:119,10:129,11:112,12:112,13:130,14:138,15:144,16:142,17:111,18:126,19:147,20:102,21:130,22:114,23:129,24:114,25:127,26:118,27:126,28:121,29:154,30:130,31:143,32:135,33:145,34:125,35:122,36:135,37:130,38:142,39:114,40:112,41:120,42:133,43:126,44:124,45:132,46:122,47:118,48:129,49:126,50:126
(0,(21)92)105	0.04910000000000003	0.0	0.04910000000000003	0.78231328379451	1:26,2:104,3:111,4:97,5:99,6:101,7:115,8:119,9:104,10:91,11:118,12:101,13:98,14:91,15:98,16:95,17:104,18:105,19:94,20:96,21:112,22:90,23:101,24:97,25:77,26:97,27:100,28:83,29:96,30:105,31:81,32:97,33:99,34:98,35:93,36:100,37:101,38:94,39:125,40:104,41:109,42:102,43:95,44:100,45:90,46:128,47:85,48:101,49:102,50:92
(((0)21)92)105	0.04910000000000003	0.0	0.04910000000000003	0.78231328379451	1:7,2:31,3:22,4:33,5:31,6:25,7:30,8:27,9:29,10:34,11:17,12:25,13:35,14:35,15:22,16:24,17:39,18:20,19:32,20:28,21:27,22:25,23:24,24:34,25:29,26:34,27:27,28:32,29:29,30:36,31:29,32:33,33:34,34:32,35:29,36:33,37:34,38:21,39:40,40:26,41:31,42:31,43:30,44:24,45:29,46:29,47:22,48:18,49:32,50:30
(0,21,92)105	0.3201303640706393	0.0	0.3201303640706393	0.2017649606155336	1:33,2:81,3:69,4:70,5:68,6:75,7:60,8:58,9:67,10:64,11:68,12:69,13:78,14:60,15:69,16:76,17:66,18:61,19:76,20:66,21:69,22:71,23:61,24:73,25:77,26:58,27:60,28:71,29:70,30:71,31:64,32:69,33:67,34:67,35:62,36:65,37:69,38:69,39:58,40:70,41:76,42:77,43:62,44:71,45:67,46:72,47:73,48:74,49:75,50:73
((0,21)92)105	0.3955232736515008	0.0	0.3955232736515008	0.13839873607345463	1:9,2:17,3:16,4:21,5:19,6:18,7:20,8:26,9:25,10:15,11:18,12:21,13:19,14:22,15:25,16:29,17:21,18:14,19:19,20:29,21:20,22:13,23:21,24:18,25:25,26:22,27:23,28:19,29:17,30:28,31:29,32:17,33:17,34:24,35:20,36:23,37:27,38:19,39:22,40:22,41:24,42:23,43:21,44:19,45:25,46:32,47:33,48:21,49:25,50:26
(((0)92)21)105	0.08493868376658541	1.0	1.0849386837665853	0.004406416879175	1:5,2:10,3:8,4:12,5:13,6:12,7:16,8:13,9:16,10:18,11:17,12:11,13:10,14:17,15:12,16:17,17:9,18:12,19:10,20:6,21:13,22:15,23:14,24:12,25:16,26:19,27:20,28:15,29:13,30:19,31:10,32:15,33:12,34:15,35:18,36:20,37:17,38:18,39:10,40:9,41:21,42:7,43:14,44:15,45:17,46:8,47:13,48:11,49:21,50:12
(0,(92)21)105	0.08493868376658541	1.0	1.0849386837665853	0.004406416879175	1:24,2:56,3:62,4:50,5:39,6:42,7:33,8:39,9:51,10:51,11:50,12:44,13:50,14:51,15:41,16:42,17:39,18:46,19:45,20:42,21:37,22:40,23:45,24:44,25:42,26:50,27:47,28:34,29:41,30:46,31:59,32:45,33:43,34:30,35:52,36:45,37:41,38:38,39:42,40:55,41:48,42:51,43:55,44:56,45:48,46:38,47:42,48:36,49:49,50:39
((21)0,92)105	0.12111449128820218	1.0	1.121114491288202	0.0036773148390343673	1:28,2:31,3:32,4:42,5:34,6:41,7:38,8:39,9:39,10:34,11:50,12:37,13:25,14:47,15:32,16:26,17:29,18:37,19:34,20:48,21:38,22:37,23:45,24:40,25:41,26:29,27:47,28:36,29:32,30:32,31:32,32:39,33:27,34:43,35:33,36:31,37:34,38:26,39:46,40:39,41:32,42:25,43:30,44:34,45:32,46:43,47:36,48:32,49:34,50:34
(((21)0)92)105	0.12111449128820218	1.0	1.121114491288202	0.0036773148390343673	1:6,2:12,3:14,4:16,5:14,6:15,7:17,8:14,9:14,10:16,11:19,12:17,13:17,14:19,15:12,16:12,17:9,18:16,19:17,20:14,21:18,22:17,23:18,24:11,25:18,26:13,27:9,28:17,29:17,30:13,31:10,32:12,33:17,34:18,35:14,36:17,37:20,38:12,39:20,40:7,41:14,42:20,43:13,44:13,45:12,46:16,47:19,48:10,49:14,50:17
((92)0,21)105	0.12655066179202695	1.0	1.126550661792027	0.0035787084602290405	1:13,2:31,3:30,4:29,5:34,6:36,7:26,8:26,9:33,10:27,11:32,12:33,13:35,14:26,15:40,16:35,17:35,18:30,19:23,20:36,21:27,22:38,23:26,24:45,25:30,26:38,27:42,28:31,29:32,30:34,31:36,32:31,33:35,34:37,35:27,36:33,37:28,38:33,39:34,40:43,41:26,42:29,43:32,44:41,45:35,46:30,47:40,48:25,49:27,50:38
((0,92)21)105	0.45389573692644436	1.0	1.4538957369264445	0.0006964749822474614	1:13,2:15,3:16,4:11,5:8,6:12,7:14,8:10,9:13,10:19,11:12,12:12,13:14,14:8,15:4,16:15,17:14,18:15,19:13,20:14,21:6,22:10,23:15,24:12,25:13,26:16,27:11,28:11,29:11,30:8,31:15,32:11,33:15,34:8,35:10,36:10,37:11,38:8,39:5,40:16,41:11,42:13,43:14,44:10,45:7,46:8,47:11,48:7,49:19,50:19
((0,21)105)92	0.6744689837197853	1.0	1.6744689837197853	0.00023117283618938954	1:18,2:5,3:5,4:2,5:4,6:3,7:2,8:3,9:3,10:6,11:2,12:3,13:3,14:6,15:5,16:5,17:4,18:5,19:2,20:5,21:2,22:2,23:3,24:2,25:3,26:3,27:3,28:2,29:6,30:3,31:2,32:5,33:5,34:3,35:2,36:1,37:2,38:2,39:3,40:3,41:3,42:4,43:3,44:4,45:7,46:3,47:5,48:7,49:4,50:5
(((0)21)105)92	0.6744689837197853	1.0	1.6744689837197853	0.00023117283618938954	1:8,2:8,3:2,4:5,5:4,6:3,7:7,8:6,9:9,10:3,11:7,12:7,13:6,14:5,15:5,16:4,17:3,18:6,19:7,20:5,21:6,22:3,23:5,24:3,25:3,26:7,27:2,28:4,29:6,30:6,31:5,32:8,33:8,34:10,35:10,36:6,37:3,38:4,39:5,40:5,41:2,42:6,43:7,44:1,45:6,46:9,47:6,48:5,49:4,50:1
(0,(21)105)92	1.0837878205626783	1.0	2.0837878205626783	2.9861542698219467e-05	1:17,2:25,3:27,4:23,5:18,6:17,7:21,8:27,9:19,10:23,11:15,12:14,13:19,14:26,15:15,16:16,17:26,18:29,19:31,20:27,21:11,22:19,23:14,24:22,25:31,26:28,27:20,28:18,29:24,30:23,31:35,32:22,33:25,34:21,35:19,36:17,37:17,38:15,39:15,40:20,41:13,42:10,43:17,44:26,45:24,46:25,47:19,48:28,49:26,50:20
(((92)0)21)105	0.12655066179202695	2.0	2.126550661792027	2.4113147930202038e-05	1:9,2:6,3:14,4:7,5:9,6:13,7:9,8:6,9:6,10:9,11:11,12:9,13:9,14:9,15:12,16:8,17:12,18:10,19:8,20:6,21:12,22:5,23:7,24:9,25:5,26:10,27:7,28:8,29:8,30:9,31:9,32:7,33:13,34:13,35:10,36:11,37:4,38:8,39:5,40:6,41:7,42:7,43:8,44:11,45:11,46:10,47:11,48:12,49:5,50:7
(((21)92)0)105	0.17565066179202699	2.0	2.175650661792027	1.8864035939899156e-05	1:10,2:7,3:12,4:11,5:9,6:4,7:8,8:8,9:3,10:4,11:7,12:6,13:2,14:6,15:7,16:8,17:8,18:3,19:4,20:17,21:6,22:11,23:13,24:7,25:9,26:8,27:4,28:4,29:5,30:4,31:6,32:3,33:4,34:9,35:4,36:4,37:8,38:5,39:15,40:10,41:5,42:7,43:7,44:4,45:10,46:1,47:12,48:9,49:11,50:7
(105,(0)21)92	1.1760146087527994	1.0	2.1760146087527996	1.8829739611733168e-05	1:25,2:24,3:28,4:25,5:29,6:36,7:18,8:26,9:22,10:31,11:20,12:18,13:24,14:27,15:23,16:24,17:17,18:36,19:27,20:25,21:19,22:29,23:25,24:19,25:30,26:17,27:31,28:28,29:18,30:22,31:30,32:28,33:21,34:28,35:22,36:22,37:33,38:21,39:23,40:31,41:30,42:23,43:36,44:18,45:19,46:16,47:22,48:30,49:15,50:16
((0)105,21)92	1.1760146087527994	1.0	2.1760146087527996	1.8829739611733168e-05	1:19,2:15,3:22,4:28,5:29,6:28,7:27,8:22,9:28,10:24,11:23,12:27,13:25,14:18,15:32,16:19,17:28,18:27,19:24,20:34,21:28,22:26,23:30,24:27,25:27,26:33,27:22,28:19,29:14,30:22,31:23,32:27,33:34,34:24,35:30,36:28,37:31,38:32,39:26,40:19,41:33,42:29,43:33,44:23,45:35,46:27,47:24,48:36,49:30,50:27
(0,105,21)92	1.5889411726052036	1.0	2.5889411726052036	2.388832361616408e-06	1:49,2:20,3:7,4:11,5:9,6:12,7:12,8:13,9:14,10:7,11:5,12:19,13:18,14:15,15:8,16:14,17:9,18:15,19:15,20:12,21:13,22:12,23:15,24:11,25:19,26:7,27:9,28:9,29:11,30:5,31:14,32:18,33:10,34:14,35:16,36:16,37:8,38:10,39:10,40:9,41:14,42:23,43:14,44:6,45:16,46:14,47:10,48:16,49:7,50:8
((21,92)0)105	0.6370179118360801	2.0	2.63701791183608	1.8784012174519803e-06	1:15,2:7,3:3,4:6,5:4,6:3,7:4,8:3,9:4,10:7,11:4,12:9,13:3,14:3,15:7,16:5,17:4,18:5,19:4,20:5,21:4,22:7,23:10,24:4,25:4,26:3,27:7,28:4,29:5,30:4,31:2,32:5,33:5,34:2,35:5,36:5,37:3,38:6,39:4,40:3,41:2,42:6,43:3,44:5,45:2,46:6,47:2,48:5,49:6,50:6
(((0)92)105)21	0.7205056141349627	2.0	2.7205056141349626	1.237362981474127e-06	1:8,2:2,3:1,5:2,6:1,7:2,8:3,9:2,10:1,12:4,13:3,14:1,15:2,16:1,17:1,18:1,19:2,20:2,22:1,23:1,24:2,25:1,26:2,29:1,31:2,32:3,33:4,34:3,37:3,38:1,39:1,40:3,41:4,44:4,47:1,48:1,49:2,50:2
((0,92)105)21	0.7205056141349627	2.0	2.7205056141349626	1.237362981474127e-06	1:14,2:1,3:5,4:2,6:4,7:1,8:2,9:1,10:5,11:3,12:4,13:2,14:2,15:2,17:3,18:2,19:2,20:3,21:3,22:4,23:2,24:4,25:5,26:3,27:5,28:5,29:5,30:6,31:4,32:3,33:2,34:2,35:5,36:4,37:4,38:3,40:2,41:3,42:5,43:2,44:3,45:2,46:4,47:4,48:2,49:2,50:6
(((0)105)21)92	0.7696056141349628	2.0	2.7696056141349628	9.680054972827883e-07	1:10,2:1,3:4,4:1,5:3,9:4,10:5,11:1,12:1,13:2,14:1,15:3,16:4,17:3,18:2,19:2,20:4,21:3,22:2,23:1,24:2,25:1,26:4,27:1,28:2,31:1,32:3,34:1,35:2,37:1,39:4,40:1,41:2,42:1,44:3,46:1,47:3,49:2
(((21)0)105)92	0.7955834750079874	2.0	2.7955834750079873	8.500953009009032e-07	1:3,2:2,3:3,4:3,5:3,6:1,8:1,9:3,10:3,11:5,12:3,14:2,15:2,16:3,19:1,20:2,21:1,24:2,25:2,26:2,27:1,28:3,30:3,31:3,33:1,34:1,35:3,36:1,37:4,38:1,39:1,40:1,41:5,42:1,43:1,46:1,47:1,48:1,49:1,50:1
(0,(105)21)92	1.1160288877864635	2.0	3.1160288877864635	1.7124947270010065e-07	1:16,2:6,3:4,4:4,5:4,6:4,7:4,8:8,9:12,10:6,11:3,12:7,13:4,14:3,15:3,16:5,17:2,18:3,19:5,20:4,21:5,22:3,23:10,24:5,25:6,26:6,27:3,28:10,29:8,30:3,31:4,32:1,33:7,34:6,35:2,36:5,37:4,38:3,39:7,40:8,41:4,42:6,43:3,44:6,45:1,46:3,47:2,48:4,49:6,50:1
(0,(92)105)21	1.1241028911981323	2.0	3.1241028911981323	1.6447381545263255e-07	1:26,2:7,3:4,4:5,5:5,6:3,7:8,8:3,9:4,10:7,11:6,12:3,13:8,14:5,15:6,16:3,17:1,18:6,19:8,20:6,21:6,22:2,23:2,24:3,25:4,26:4,27:2,28:5,29:2,30:8,31:2,32:6,33:2,34:7,35:6,36:2,38:5,39:3,40:5,41:6,42:1,43:5,44:4,45:4,46:5,47:1,48:7,49:8,50:5
((0,105)21)92	1.1732028911981325	2.0	3.1732028911981325	1.2867005066496125e-07	1:12,2:6,3:6,4:3,5:5,6:3,7:4,8:2,9:2,10:5,11:1,12:4,13:2,14:1,15:3,16:3,17:2,18:3,19:2,20:4,21:5,22:4,23:1,24:4,25:5,26:4,27:2,28:3,29:1,30:2,31:4,32:4,33:3,34:1,35:2,36:4,37:5,38:3,39:1,40:1,41:5,42:1,43:4,44:1,45:3,46:5,47:4,48:1,49:1,50:3
((105)0,21)92	1.195796214591028	2.0	3.195796214591028	1.1492557718915964e-07	1:16,2:3,3:3,4:6,5:8,6:5,7:5,8:8,9:6,10:1,11:7,12:6,13:3,14:8,15:6,16:5,17:6,18:10,19:1,20:3,21:7,22:5,23:4,24:4,25:7,26:5,27:7,28:5,29:2,30:8,31:5,32:3,33:6,34:4,35:3,36:8,37:11,38:6,39:8,40:4,41:3,42:4,43:2,44:6,45:5,46:6,47:6,48:3,49:7,50:3
((21)0,105)92	1.2049023118508804	2.0	3.2049023118508804	1.098102940806206e-07	1:24,2:11,3:4,4:6,5:8,6:4,7:8,8:5,9:3,10:8,11:3,12:3,13:7,14:4,15:3,16:5,17:7,18:6,19:3,20:10,21:3,22:6,23:8,24:3,25:6,26:1,27:3,28:5,29:5,30:7,31:5,32:6,33:8,34:5,35:4,36:1,37:3,38:8,39:4,40:5,41:4,42:4,43:4,44:6,45:6,46:3,47:10,48:5,49:3,50:2
(((92)21)0)105	0.2060531750547876	3.0	3.2060531750547874	1.0918022549174629e-07	1:8,2:6,3:6,4:1,5:9,6:11,7:6,8:2,9:4,10:5,11:10,12:4,13:10,14:2,15:6,16:6,17:7,18:3,19:5,20:8,21:4,22:12,23:9,24:8,25:7,26:4,27:7,28:3,29:12,30:5,31:10,32:10,33:3,34:4,35:6,36:11,37:7,38:3,39:3,40:9,41:4,42:5,43:3,44:3,45:10,46:7,47:3,48:10,49:5,50:8
(105,(0)92)21	1.2504901439035816	2.0	3.2504901439035816	8.74279580293734e-08	1:17,2:25,3:22,4:31,5:23,6:27,7:22,8:21,9:29,10:27,11:20,12:27,13:33,14:23,15:29,16:24,17:31,18:17,19:25,20:25,21:31,22:26,23:22,24:30,25:19,26:20,27:24,28:22,29:19,30:33,31:25,32:26,33:28,34:33,35:29,36:28,37:28,38:30,39:25,40:41,41:32,42:24,43:23,44:29,45:38,46:29,47:38,48:34,49:29,50:34
((0)105,92)21	1.2504901439035816	2.0	3.2504901439035816	8.74279580293734e-08	1:19,2:26,3:30,4:35,5:17,6:28,7:24,8:25,9:23,10:20,11:17,12:30,13:26,14:30,15:26,16:34,17:25,18:30,19:26,20:27,21:28,22:31,23:22,24:31,25:24,26:38,27:24,28:31,29:27,30:24,31:29,32:33,33:23,34:29,35:25,36:38,37:23,38:29,39:20,40:38,41:29,42:22,43:28,44:21,45:25,46:29,47:21,48:25,49:24,50:23
(0,105,92)21	1.659828897808446	2.0	3.659828897808446	1.129230305326267e-08	1:38,2:11,3:15,4:10,5:11,6:14,7:16,8:12,9:6,10:16,11:11,12:12,13:14,14:10,15:9,16:10,17:9,18:12,19:11,20:12,21:11,22:10,23:8,24:11,25:17,26:9,27:13,28:18,29:9,30:8,31:8,32:10,33:10,34:10,35:18,36:6,37:16,38:16,39:18,40:7,41:18,42:13,43:21,44:14,45:7,46:13,47:9,48:10,49:9,50:17
(((0)105)92)21	0.7594076674863707	3.0	3.7594076674863706	6.863568524187547e-09	1:9,2:7,3:6,4:4,5:5,6:5,7:7,8:3,9:6,10:5,11:5,12:9,13:5,14:5,15:4,16:5,17:4,18:10,19:9,20:5,21:9,22:10,23:3,24:7,25:3,26:5,27:4,28:6,29:9,30:1,31:6,32:7,33:6,34:6,35:6,36:7,37:4,38:5,39:2,40:6,41:9,42:7,43:7,44:4,45:4,46:12,47:7,48:9,49:1,50:8
(((21)105)0)92	0.8002729409395272	3.0	3.8002729409395273	5.5951554899235014e-09	1:10,2:1,5:3,6:3,7:3,9:4,10:1,11:1,12:1,14:2,15:1,17:1,18:1,19:1,20:3,21:1,22:2,23:2,24:1,25:2,26:2,27:2,29:1,30:1,31:3,32:3,34:2,35:1,36:3,38:1,40:2,41:1,42:3,43:2,44:2,45:3,46:2,47:1,48:3,49:2
((21,92)105)0	0.8098729409395272	3.0	3.809872940939527	5.332931741398287e-09	1:14,2:2,3:6,4:5,5:3,6:3,7:5,8:4,9:4,10:1,11:9,12:5,13:2,14:2,15:3,16:2,17:2,18:2,19:1,20:2,21:4,22:3,23:4,24:4,26:2,27:2,28:4,29:4,31:3,32:2,33:6,34:1,35:2,36:2,37:3,38:2,39:5,40:3,41:4,42:3,43:4,44:3,45:3,46:2,48:6,49:5,50:1
(((92)0)105)21	0.8470562759269897	3.0	3.84705627592699	4.428161370175687e-09	1:8,2:1,3:1,4:2,6:2,7:3,8:2,12:1,14:4,15:4,17:2,18:3,19:1,20:2,21:1,22:1,23:2,24:2,25:4,28:1,30:1,34:1,36:1,38:2,40:3,43:3,44:1,45:1,48:2,49:1,50:2
(((21)92)105)0	0.8493729409395272	3.0	3.849372940939527	4.3771644646629365e-09	1:4,2:2,3:1,4:2,5:2,6:4,7:3,8:1,9:1,10:1,11:1,12:1,13:1,14:2,15:1,16:2,17:2,18:2,20:1,21:1,24:1,25:1,26:1,27:1,28:1,29:3,31:1,35:2,36:3,37:2,39:2,41:1,42:1,43:1,45:2,46:1,48:1,49:2
(((105)0)21)92	0.8493729409395272	3.0	3.849372940939527	4.3771644646629365e-09	1:7,2:2,3:3,4:1,7:1,8:1,10:3,13:1,14:1,15:2,16:1,17:1,18:1,20:1,22:5,23:2,24:3,25:2,27:1,28:2,31:3,33:2,35:3,36:2,37:2,38:1,39:1,40:3,41:1,44:1,45:3,46:2,47:2,48:2,49:2,50:2
(0,(105)92)21	1.1283647206462297	3.0	4.12836472064623	1.0848505479882653e-09	1:24,2:22,3:19,4:20,5:27,6:18,7:21,8:21,9:16,10:24,11:24,12:21,13:16,14:19,15:20,16:20,17:25,18:19,19:16,20:23,21:17,22:21,23:21,24:19,25:15,26:21,27:20,28:23,29:18,30:19,31:17,32:13,33:21,34:13,35:21,36:19,37:16,38:22,39:19,40:21,41:17,42:26,43:21,44:17,45:18,46:20,47:23,48:19,49:26,50:18
((0,105)92)21	1.1687265043292636	3.0	4.168726504329264	8.865952761823165e-10	1:14,2:5,3:3,4:5,5:2,6:4,7:3,8:2,9:3,10:2,11:4,12:2,13:1,14:4,15:3,16:1,17:2,18:3,19:4,20:5,21:1,22:3,23:2,24:6,25:6,26:6,27:2,28:2,29:5,30:5,31:6,32:4,33:6,34:4,35:5,36:4,37:3,38:2,39:7,40:3,41:1,42:1,43:7,44:3,45:5,46:4,47:3,48:3,49:6,50:3
((92)0,105)21	1.2506535529901592	3.0	4.250653552990159	5.886038348464871e-10	1:17,2:3,3:1,4:3,5:6,6:8,7:3,8:1,9:6,10:4,11:4,12:2,13:5,14:2,15:2,16:9,17:9,18:7,19:1,20:3,21:11,22:3,23:6,24:8,25:2,26:4,27:5,28:8,29:4,30:5,31:5,32:2,33:5,34:5,35:6,36:6,37:6,38:4,39:4,40:7,41:4,42:5,43:5,44:7,45:8,46:4,47:4,48:3,49:6,50:5
((105)0,92)21	1.2541686778659715	3.0	4.254168677865971	5.78349135284856e-10	1:21,2:5,3:7,4:5,5:6,6:6,7:3,8:3,9:4,10:3,11:6,12:5,13:5,14:5,15:6,16:7,17:8,18:6,19:5,20:4,21:3,22:1,23:3,24:5,25:5,26:3,27:2,28:7,29:6,30:9,31:2,32:4,33:8,34:3,35:5,36:5,37:4,38:2,39:4,40:7,41:2,42:1,43:1,44:3,45:7,46:2,47:5,48:5,49:5,50:4
((105,21)0)92	1.3012360700503194	3.0	4.30123607005032	4.5707192593523087e-10	1:12,2:2,4:1,5:5,7:5,8:7,9:3,10:3,11:3,12:5,13:2,14:2,15:4,16:3,17:3,18:3,19:1,20:1,21:3,22:2,23:4,25:2,26:3,27:6,28:3,29:2,31:5,32:2,33:5,34:1,35:4,36:1,37:2,39:3,40:3,41:1,42:5,43:3,44:3,45:3,47:6,48:3,49:2,50:5
((92)105,21)0	1.3012360700503194	3.0	4.30123607005032	4.5707192593523087e-10	1:19,2:4,3:3,4:7,5:4,6:4,7:7,8:5,9:4,10:1,11:4,12:4,13:5,14:5,15:2,16:5,17:4,18:8,19:7,20:4,21:6,22:5,23:7,24:7,25:5,26:6,27:6,28:5,29:10,31:5,32:1,33:2,34:7,35:2,36:3,37:3,38:6,39:3,40:2,41:8,42:2,43:3,44:7,45:1,46:6,47:4,48:6,49:5,50:5
((21)105,92)0	1.3360087125464415	3.0	4.336008712546441	3.841286617833932e-10	1:23,2:2,3:4,4:5,5:8,6:8,7:10,8:5,9:5,10:6,11:3,12:5,13:3,14:4,15:7,16:5,17:4,18:5,19:3,20:7,21:4,22:2,23:4,24:3,25:6,26:5,27:2,28:7,29:7,30:3,31:8,32:4,33:8,34:4,35:6,36:7,37:5,38:2,39:9,40:5,41:3,42:8,43:5,44:9,45:4,46:7,47:10,48:5,49:2,50:2
(105,(21)92)0	1.3851087125464416	3.0	4.385108712546442	3.005089547993561e-10	1:24,2:29,3:22,4:18,5:23,6:16,7:22,8:26,9:23,10:24,11:34,12:23,13:12,14:26,15:27,16:35,17:22,18:17,19:30,20:21,21:24,22:21,23:16,24:21,25:14,26:16,27:28,28:19,29:19,30:18,31:24,32:17,33:15,34:16,35:18,36:13,37:24,38:21,39:18,40:17,41:19,42:24,43:20,44:26,45:13,46:20,47:21,48:14,49:11,50:21
(((92)105)0)21	0.8002729409395272	4.0	4.800272940939527	3.769986114274663e-11	1:8,3:1,4:2,6:2,7:2,10:1,11:3,13:3,14:1,16:2,17:3,19:1,20:1,21:2,22:1,23:1,24:1,25:1,26:2,27:1,28:2,29:2,30:1,31:1,32:3,34:1,35:4,37:1,38:2,39:1,42:1,43:1,44:2,45:3,47:6,48:1
(((21)105)92)0	0.8010196455118122	4.0	4.801019645511812	3.755937027542424e-11	1:11,2:1,3:2,4:2,5:2,6:2,7:2,8:1,9:1,10:1,12:2,14:1,15:1,16:2,18:3,19:3,20:2,21:4,23:3,25:2,26:2,27:1,28:1,29:2,32:1,33:1,34:2,36:3,37:1,41:3,42:4,44:1,45:3,46:4,48:1,49:4,50:3
(105,21,92)0	1.8396767243187049	3.0	4.839676724318705	3.09581872092677e-11	1:33,2:21,3:11,4:8,5:15,6:14,7:12,8:11,9:12,10:13,11:16,12:15,13:10,14:11,15:16,16:13,17:13,18:9,19:13,20:11,21:13,22:9,23:8,24:18,25:12,26:15,27:17,28:13,29:12,30:13,31:14,32:9,33:6,34:6,35:18,36:10,37:9,38:18,39:13,40:9,41:8,42:17,43:12,44:12,45:9,46:8,47:16,48:12,49:14,50:19
(((105)21)0)92	0.8416201054231649	4.0	4.841620105423165	3.0658826215684335e-11	1:6,2:1,3:2,4:3,6:3,7:2,8:2,9:2,11:2,12:4,16:2,17:3,18:1,19:2,20:1,21:1,22:2,23:2,25:1,26:3,28:2,29:2,30:3,31:3,32:2,33:1,35:1,36:3,37:1,38:2,39:1,40:1,41:2,42:4,43:1,44:1,45:2,46:1,47:1,49:2,50:1
(((92)21)105)0	0.8852116247061126	4.0	4.885211624706113	2.465458759240758e-11	1:9,2:1,3:1,4:1,5:1,7:2,8:2,9:1,11:2,13:4,14:3,15:3,16:3,17:2,18:1,20:1,21:4,22:2,23:2,24:1,25:2,27:2,29:2,30:4,31:1,32:3,33:2,34:1,36:1,37:1,38:2,40:2,41:1,43:1,44:4,45:1,47:1,49:3,50:3
(((105)0)92)21	0.8852116247061126	4.0	4.885211624706113	2.465458759240758e-11	1:7,2:3,3:1,5:2,6:1,8:1,9:2,10:1,12:2,13:2,14:1,15:1,16:2,17:3,19:2,21:1,22:1,24:2,25:1,26:1,27:4,29:3,30:3,31:1,32:1,33:1,34:5,35:1,36:2,37:3,38:3,39:4,40:2,41:1,44:3,45:3,46:3,48:1,49:3
((105,21)92)0	1.3025652705448263	4.0	5.302565270544826	3.0593264067042278e-12	1:13,2:5,3:6,4:2,5:2,6:3,7:3,8:3,9:2,10:4,11:7,12:3,13:2,14:6,15:2,16:6,17:3,18:2,19:2,20:5,21:3,22:2,23:7,24:3,25:5,26:8,27:5,28:7,29:4,30:1,31:2,32:4,33:7,34:9,35:3,36:6,37:5,38:7,39:2,40:4,41:4,42:4,43:2,44:2,45:4,46:8,47:6,48:3,49:3,50:2
(21,(105)92)0	1.3114868955558654	4.0	5.311486895555865	2.925854685431582e-12	1:20,2:20,3:27,4:16,5:27,6:21,7:31,8:26,9:29,10:27,11:21,12:18,13:31,14:31,15:27,16:24,17:37,18:30,19:22,20:29,21:27,22:29,23:24,24:26,25:21,26:21,27:31,28:23,29:26,30:25,31:20,32:24,33:22,34:31,35:37,36:27,37:26,38:25,39:35,40:24,41:29,42:30,43:30,44:32,45:28,46:27,47:34,48:25,49:23,50:25
((105,92)0)21	1.3360087125464415	4.0	5.336008712546441	2.5882385639261307e-12	1:8,2:2,3:5,4:6,5:6,6:3,7:5,8:3,9:7,10:3,11:4,12:2,13:3,15:5,16:3,17:4,18:4,19:4,20:1,21:7,22:2,23:2,24:4,25:5,26:3,27:1,28:3,29:3,30:7,31:5,32:4,33:3,34:5,35:3,36:1,37:4,38:3,39:3,40:6,41:5,42:4,43:1,44:3,45:1,46:1,47:1,48:3,49:1,50:2
((105)21,92)0	1.3575235259710428	4.0	5.357523525971043	2.324264130831008e-12	1:28,2:26,3:26,4:25,5:28,6:31,7:37,8:22,9:29,10:20,11:21,12:27,13:29,14:23,15:11,16:19,17:21,18:32,19:32,20:16,21:21,22:31,23:29,24:19,25:22,26:20,27:30,28:37,29:27,30:24,31:25,32:22,33:32,34:23,35:19,36:23,37:30,38:30,39:25,40:30,41:20,42:25,43:24,44:26,45:26,46:30,47:20,48:33,49:27,50:24
(105,(92)21)0	1.3861747538169047	4.0	5.3861747538169045	2.0140494494380337e-12	1:17,2:2,3:8,4:7,5:6,6:3,7:4,8:7,9:4,10:5,11:4,12:4,13:4,14:3,15:2,16:7,17:4,18:6,19:5,20:4,21:8,22:4,23:5,24:5,25:7,26:3,27:4,28:6,29:6,30:4,31:3,32:2,33:4,34:2,35:4,36:4,37:6,38:8,39:5,40:2,41:5,42:2,43:5,44:6,45:4,46:9,47:4,48:5,49:6,50:5
(((105)92)0)21	0.8010196455118122	5.0	5.801019645511812	2.530730462348346e-13	1:4,2:1,4:2,5:1,6:1,8:3,10:1,12:3,13:1,15:3,16:1,17:2,18:1,19:1,20:2,21:1,22:4,23:3,24:2,25:3,26:2,29:1,30:1,31:1,32:1,33:1,34:1,35:3,36:3,37:3,38:1,39:3,40:2,43:1,46:2,48:2,49:1,50:2
(((92)105)21)0	0.8416201054231649	5.0	5.841620105423165	2.065775460954531e-13	1:8,3:1,4:3,7:1,8:2,9:2,11:2,12:2,13:1,15:5,16:2,17:1,18:1,19:2,22:2,23:2,24:1,25:2,26:2,27:1,28:2,29:2,30:2,32:3,33:1,34:4,35:4,37:1,38:2,39:2,40:3,41:1,42:5,43:5,45:2,46:1,47:3,48:3,49:1,50:1
(((105)21)92)0	0.8961562759269897	5.0	5.896156275926989	1.5727486628794136e-13	1:7,2:2,3:7,4:7,5:7,6:5,7:6,8:7,9:5,10:5,11:5,12:8,13:8,14:5,15:9,16:7,17:10,18:3,19:2,20:10,21:2,22:6,23:8,24:8,25:8,26:8,27:6,28:4,29:5,30:5,31:3,32:8,33:3,34:8,35:5,36:4,37:7,38:4,39:4,40:3,41:3,42:5,43:3,44:5,45:3,46:4,47:4,48:9,49:8,50:3
((105,92)21)0	1.3716046351917837	5.0	6.371604635191783	1.4596083202948125e-14	1:20,2:4,3:6,4:8,5:3,7:3,8:2,9:2,10:1,11:4,12:2,13:1,14:1,15:4,16:3,17:2,18:2,19:3,20:2,21:4,22:1,23:1,24:3,25:3,26:3,27:4,28:1,29:1,30:6,31:4,32:2,33:3,34:6,35:4,36:7,38:5,39:7,40:3,41:4,42:1,43:3,44:4,45:5,46:2,47:2,48:4,49:1,50:6
(((105)92)21)0	0.8805221587745728	6.0	6.880522158774573	1.1458716354157381e-15	1:4,2:1,4:2,5:4,7:3,8:4,9:1,10:2,11:2,12:1,13:1,14:2,15:2,19:2,21:2,23:1,24:2,26:2,28:1,29:1,30:1,31:1,32:2,33:1,34:5,35:1,36:1,37:2,39:1,40:2,41:2,44:1,45:3,46:1,47:1,48:1,49:1,50:2
