# generation count = 50 
#
generation.index	generationHighestFitness	generationMedianFitness	populationHighestFitness	populationMedianFitness
1	0.9531337870775045	1.098102940806206e-07	0.9531337870775045	1.098102940806206e-07
2	0.9531337870775045	0.004406416879175	0.9531337870775045	1.8829739611733168e-05
3	0.9531337870775045	0.004406416879175	0.9531337870775045	2.9861542698219467e-05
4	0.9531337870775045	0.004406416879175	0.9531337870775045	0.0035787084602290405
5	0.9531337870775045	0.004406416879175	0.9531337870775045	0.0035787084602290405
6	0.9531337870775045	0.004406416879175	0.9531337870775045	0.0036773148390343673
7	0.9531337870775045	0.0036773148390343673	0.9531337870775045	0.0036773148390343673
8	0.9531337870775045	0.004406416879175	0.9531337870775045	0.0036773148390343673
9	0.9531337870775045	0.004406416879175	0.9531337870775045	0.0036773148390343673
10	0.9531337870775045	0.004406416879175	0.9531337870775045	0.0036773148390343673
11	0.9531337870775045	0.004406416879175	0.9531337870775045	0.0036773148390343673
12	0.9531337870775045	0.004406416879175	0.9531337870775045	0.0036773148390343673
13	0.9531337870775045	0.0036773148390343673	0.9531337870775045	0.0036773148390343673
14	0.9531337870775045	0.004406416879175	0.9531337870775045	0.0036773148390343673
15	0.9531337870775045	0.004406416879175	0.9531337870775045	0.0036773148390343673
16	0.9531337870775045	0.004406416879175	0.9531337870775045	0.0036773148390343673
17	0.9531337870775045	0.004406416879175	0.9531337870775045	0.0036773148390343673
18	0.9531337870775045	0.004406416879175	0.9531337870775045	0.0036773148390343673
19	0.9531337870775045	0.004406416879175	0.9531337870775045	0.0036773148390343673
20	0.9531337870775045	0.004406416879175	0.9531337870775045	0.0036773148390343673
21	0.9531337870775045	0.004406416879175	0.9531337870775045	0.0036773148390343673
22	0.9531337870775045	0.004406416879175	0.9531337870775045	0.0036773148390343673
23	0.9531337870775045	0.0036773148390343673	0.9531337870775045	0.0036773148390343673
24	0.9531337870775045	0.0036773148390343673	0.9531337870775045	0.0036773148390343673
25	0.9531337870775045	0.004406416879175	0.9531337870775045	0.0036773148390343673
26	0.9531337870775045	0.004406416879175	0.9531337870775045	0.0036773148390343673
27	0.9531337870775045	0.004406416879175	0.9531337870775045	0.0036773148390343673
28	0.9531337870775045	0.0036773148390343673	0.9531337870775045	0.0036773148390343673
29	0.9531337870775045	0.004041865859104684	0.9531337870775045	0.0036773148390343673
30	0.9531337870775045	0.004406416879175	0.9531337870775045	0.0036773148390343673
31	0.9531337870775045	0.004406416879175	0.9531337870775045	0.0036773148390343673
32	0.9531337870775045	0.004406416879175	0.9531337870775045	0.004406416879175
33	0.9531337870775045	0.004406416879175	0.9531337870775045	0.004406416879175
34	0.9531337870775045	0.004406416879175	0.9531337870775045	0.004406416879175
35	0.9531337870775045	0.13839873607345463	0.9531337870775045	0.004406416879175
36	0.9531337870775045	0.004406416879175	0.9531337870775045	0.004406416879175
37	0.9531337870775045	0.004406416879175	0.9531337870775045	0.004406416879175
38	0.9531337870775045	0.0036773148390343673	0.9531337870775045	0.004406416879175
39	0.9531337870775045	0.004406416879175	0.9531337870775045	0.004406416879175
40	0.9531337870775045	0.004406416879175	0.9531337870775045	0.004406416879175
41	0.9531337870775045	0.004406416879175	0.9531337870775045	0.004406416879175
42	0.9531337870775045	0.004406416879175	0.9531337870775045	0.004406416879175
43	0.9531337870775045	0.004406416879175	0.9531337870775045	0.004406416879175
44	0.9531337870775045	0.004406416879175	0.9531337870775045	0.004406416879175
45	0.9531337870775045	0.004406416879175	0.9531337870775045	0.004406416879175
46	0.9531337870775045	0.004406416879175	0.9531337870775045	0.004406416879175
47	0.9531337870775045	0.004406416879175	0.9531337870775045	0.004406416879175
48	0.9531337870775045	0.004406416879175	0.9531337870775045	0.004406416879175
49	0.9531337870775045	0.004406416879175	0.9531337870775045	0.004406416879175
50	0.9531337870775045	0.004406416879175	0.9531337870775045	0.004406416879175
############################################################
Topology	MassCost	TopologyCost	Cost	Fitness	appearances(generationID:count)
((0)21,92)105	0.009600000000000053	0.0	0.009600000000000053	0.9531337870775045	1:21,2:86,3:78,4:89,5:69,6:98,7:88,8:95,9:96,10:92,11:89,12:94,13:94,14:95,15:83,16:99,17:94,18:94,19:83,20:91,21:80,22:102,23:83,24:104,25:81,26:93,27:100,28:77,29:91,30:102,31:80,32:98,33:87,34:95,35:111,36:98,37:97,38:94,39:83,40:90,41:85,42:85,43:99,44:101,45:91,46:96,47:97,48:70,49:67,50:71
(21,(0)92)105	0.009600000000000053	0.0	0.009600000000000053	0.9531337870775045	1:28,2:130,3:112,4:136,5:127,6:113,7:127,8:147,9:131,10:155,11:165,12:138,13:130,14:141,15:151,16:126,17:142,18:145,19:142,20:149,21:133,22:136,23:147,24:128,25:141,26:140,27:129,28:138,29:135,30:145,31:137,32:132,33:141,34:163,35:147,36:158,37:166,38:141,39:172,40:141,41:134,42:131,43:126,44:133,45:145,46:143,47:150,48:154,49:161,50:162
(0,(21)92)105	0.04910000000000003	0.0	0.04910000000000003	0.78231328379451	1:29,2:115,3:121,4:115,5:110,6:106,7:119,8:109,9:103,10:118,11:97,12:112,13:98,14:91,15:101,16:114,17:98,18:108,19:117,20:91,21:131,22:98,23:96,24:91,25:126,26:121,27:105,28:102,29:108,30:104,31:116,32:118,33:109,34:106,35:108,36:98,37:100,38:103,39:137,40:103,41:99,42:133,43:114,44:115,45:106,46:117,47:92,48:104,49:120,50:124
(((0)21)92)105	0.04910000000000003	0.0	0.04910000000000003	0.78231328379451	1:8,2:31,3:26,4:23,5:30,6:24,7:17,8:25,9:31,10:28,11:24,12:31,13:29,14:31,15:28,16:27,17:28,18:26,19:32,20:25,21:28,22:43,23:26,24:24,25:32,26:21,27:24,28:39,29:21,30:28,31:18,32:30,33:19,34:25,35:28,36:15,37:20,38:14,39:26,40:29,41:22,42:23,43:23,44:32,45:21,46:24,47:23,48:32,49:25,50:23
(0,21,92)105	0.3201303640706393	0.0	0.3201303640706393	0.2017649606155336	1:41,2:72,3:81,4:78,5:83,6:82,7:57,8:58,9:66,10:68,11:64,12:63,13:55,14:75,15:70,16:78,17:72,18:70,19:67,20:73,21:75,22:56,23:67,24:68,25:61,26:74,27:63,28:63,29:74,30:70,31:80,32:74,33:84,34:68,35:79,36:73,37:71,38:59,39:51,40:62,41:67,42:72,43:90,44:71,45:69,46:63,47:73,48:69,49:65,50:60
((0,21)92)105	0.3955232736515008	0.0	0.3955232736515008	0.13839873607345463	1:10,2:29,3:24,4:23,5:24,6:21,7:24,8:29,9:26,10:18,11:18,12:19,13:23,14:13,15:19,16:24,17:18,18:24,19:20,20:25,21:26,22:19,23:18,24:22,25:25,26:25,27:23,28:20,29:30,30:21,31:17,32:23,33:18,34:17,35:28,36:21,37:21,38:23,39:28,40:25,41:26,42:23,43:16,44:26,45:14,46:17,47:36,48:23,49:22,50:26
(((0)92)21)105	0.08493868376658541	1.0	1.0849386837665853	0.004406416879175	1:7,2:12,3:17,4:14,5:12,6:12,7:12,8:11,9:18,10:17,11:16,12:15,13:14,14:14,15:18,16:16,17:20,18:13,19:11,20:13,21:14,22:23,23:12,24:14,25:14,26:21,27:11,28:14,29:8,30:10,31:8,32:9,33:9,34:21,35:9,36:15,37:11,38:12,39:10,40:8,41:19,42:13,43:18,44:11,45:13,46:11,47:9,48:14,49:16,50:21
(0,(92)21)105	0.08493868376658541	1.0	1.0849386837665853	0.004406416879175	1:15,2:46,3:51,4:54,5:56,6:50,7:46,8:51,9:38,10:39,11:48,12:36,13:47,14:46,15:37,16:40,17:45,18:36,19:44,20:40,21:32,22:43,23:32,24:31,25:41,26:37,27:47,28:39,29:33,30:34,31:57,32:47,33:47,34:38,35:44,36:31,37:41,38:42,39:30,40:45,41:56,42:47,43:32,44:47,45:47,46:54,47:52,48:48,49:51,50:38
((21)0,92)105	0.12111449128820218	1.0	1.121114491288202	0.0036773148390343673	1:22,2:35,3:40,4:29,5:42,6:28,7:32,8:30,9:26,10:40,11:33,12:30,13:38,14:35,15:29,16:27,17:36,18:29,19:34,20:33,21:26,22:36,23:41,24:35,25:29,26:28,27:29,28:28,29:34,30:29,31:37,32:33,33:28,34:40,35:28,36:31,37:43,38:33,39:20,40:37,41:31,42:34,43:38,44:31,45:32,46:18,47:26,48:29,49:34,50:34
(((21)0)92)105	0.12111449128820218	1.0	1.121114491288202	0.0036773148390343673	1:3,2:14,3:14,4:18,5:19,6:14,7:15,8:20,9:11,10:21,11:20,12:11,13:16,14:18,15:18,16:9,17:11,18:9,19:16,20:24,21:16,22:18,23:15,24:18,25:15,26:11,27:12,28:21,29:12,30:13,31:16,32:21,33:20,34:12,35:15,36:15,37:12,38:20,39:19,40:15,41:15,42:11,43:11,44:16,45:15,46:13,47:16,48:12,49:10,50:15
((92)0,21)105	0.12655066179202695	1.0	1.126550661792027	0.0035787084602290405	1:12,2:37,3:35,4:28,5:33,6:33,7:40,8:33,9:30,10:34,11:22,12:32,13:41,14:32,15:31,16:38,17:36,18:42,19:30,20:30,21:48,22:28,23:33,24:41,25:48,26:46,27:38,28:34,29:45,30:28,31:37,32:45,33:34,34:36,35:34,36:37,37:42,38:44,39:35,40:33,41:37,42:32,43:33,44:38,45:49,46:48,47:35,48:32,49:21,50:47
((0,92)21)105	0.45389573692644436	1.0	1.4538957369264445	0.0006964749822474614	1:14,2:8,3:8,4:7,5:13,6:15,7:12,8:6,9:8,10:5,11:9,12:11,13:11,14:10,15:12,16:9,17:10,18:8,19:6,20:8,21:10,22:15,23:7,24:13,25:17,26:5,27:8,28:14,29:3,30:10,31:9,32:11,33:7,34:11,35:6,36:12,37:8,38:11,39:10,40:7,41:13,42:10,43:7,44:12,45:13,46:14,47:17,48:14,49:9,50:7
((0,21)105)92	0.6744689837197853	1.0	1.6744689837197853	0.00023117283618938954	1:10,2:5,3:3,4:2,5:4,6:8,7:4,8:2,9:4,10:2,11:3,12:5,13:9,14:6,15:7,16:5,17:4,18:3,19:6,20:3,21:2,22:4,23:3,24:2,25:5,26:1,27:5,28:5,30:2,31:6,32:3,33:3,34:2,35:2,36:2,37:2,38:7,40:2,41:8,42:5,43:3,44:1,45:1,46:8,47:4,48:3,49:5,50:6
(((0)21)105)92	0.6744689837197853	1.0	1.6744689837197853	0.00023117283618938954	1:4,2:2,3:6,4:3,5:4,6:7,7:4,8:4,9:8,10:6,11:8,12:4,13:8,14:6,15:7,16:3,17:8,18:5,19:5,20:2,21:9,22:5,23:6,24:13,25:5,26:7,27:6,28:4,29:7,30:3,31:5,32:5,33:4,34:5,35:3,36:4,37:7,38:5,39:3,40:5,41:2,42:7,43:5,44:3,45:7,46:9,47:3,48:5,49:4,50:6
(0,(21)105)92	1.0837878205626783	1.0	2.0837878205626783	2.9861542698219467e-05	1:25,2:32,3:24,4:14,5:28,6:28,7:20,8:29,9:25,10:14,11:18,12:25,13:26,14:20,15:30,16:16,17:20,18:25,19:17,20:20,21:16,22:12,23:27,24:21,25:26,26:20,27:29,28:21,29:21,30:27,31:17,32:18,33:20,34:14,35:25,36:20,37:19,38:18,39:15,40:21,41:21,42:21,43:29,44:26,45:24,46:24,47:25,48:16,49:24,50:16
(((92)0)21)105	0.12655066179202695	2.0	2.126550661792027	2.4113147930202038e-05	1:9,2:3,3:8,4:10,5:6,6:10,7:12,8:7,9:10,10:11,11:5,12:9,13:10,14:8,15:12,16:12,17:3,18:12,19:8,20:9,21:8,22:2,23:7,24:7,25:11,26:9,27:7,28:6,29:7,30:3,31:4,32:11,33:6,34:8,35:14,36:10,37:5,38:7,39:4,40:5,41:8,42:7,43:5,44:6,45:11,46:8,47:4,48:3,49:7,50:7
(((21)92)0)105	0.17565066179202699	2.0	2.175650661792027	1.8864035939899156e-05	1:9,2:8,3:8,4:10,5:13,6:5,7:10,8:8,9:7,10:6,11:5,12:7,13:10,14:8,15:9,16:7,17:9,18:10,19:5,20:6,21:5,22:9,23:6,24:10,25:4,26:4,27:7,28:12,29:9,30:11,31:6,32:3,33:8,34:8,35:8,36:3,37:14,38:4,39:8,40:4,41:6,42:10,43:6,44:9,45:2,46:12,47:6,48:8,49:11,50:6
(105,(0)21)92	1.1760146087527994	1.0	2.1760146087527996	1.8829739611733168e-05	1:16,2:18,3:20,4:22,5:20,6:20,7:20,8:14,9:24,10:16,11:29,12:27,13:24,14:17,15:16,16:24,17:22,18:26,19:23,20:25,21:26,22:24,23:19,24:24,25:12,26:20,27:21,28:19,29:23,30:19,31:26,32:25,33:21,34:21,35:25,36:20,37:16,38:27,39:29,40:23,41:28,42:13,43:22,44:18,45:27,46:19,47:22,48:14,49:23,50:22
((0)105,21)92	1.1760146087527994	1.0	2.1760146087527996	1.8829739611733168e-05	1:20,2:31,3:31,4:24,5:18,6:28,7:32,8:32,9:42,10:35,11:31,12:34,13:30,14:36,15:27,16:27,17:32,18:28,19:36,20:25,21:24,22:23,23:44,24:22,25:33,26:28,27:30,28:36,29:38,30:37,31:25,32:26,33:37,34:28,35:29,36:35,37:19,38:22,39:27,40:30,41:24,42:28,43:21,44:27,45:32,46:33,47:27,48:38,49:39,50:33
(0,105,21)92	1.5889411726052036	1.0	2.5889411726052036	2.388832361616408e-06	1:39,2:27,3:12,4:14,5:10,6:14,7:14,8:11,9:15,10:13,11:14,12:10,13:13,14:11,15:10,16:6,17:11,18:15,19:11,20:11,21:9,22:13,23:18,24:7,25:12,26:8,27:10,28:9,29:13,30:14,31:16,32:11,33:10,34:11,35:9,36:14,37:11,38:10,39:14,40:10,41:14,42:10,43:11,44:7,45:9,46:9,47:7,48:16,49:7,50:14
((21,92)0)105	0.6370179118360801	2.0	2.63701791183608	1.8784012174519803e-06	1:22,2:5,3:9,4:6,5:9,6:3,7:6,8:4,9:1,10:5,11:2,12:4,13:5,14:4,15:5,16:8,17:4,18:3,19:2,20:4,21:6,22:5,23:6,24:9,25:1,26:6,27:6,28:5,29:3,30:5,31:4,32:6,33:2,34:6,35:6,36:5,37:3,38:4,39:4,40:1,41:6,42:6,43:4,44:4,45:5,47:7,48:2,49:5,50:5
(((0)92)105)21	0.7205056141349627	2.0	2.7205056141349626	1.237362981474127e-06	1:5,2:3,3:1,4:2,5:2,6:1,7:3,8:1,9:3,10:2,12:1,14:1,15:1,16:1,17:1,18:1,19:2,20:1,22:3,23:2,24:1,25:2,27:1,28:2,29:1,30:2,31:1,32:1,34:2,35:1,36:2,37:1,40:2,41:2,43:2,44:1,45:3,46:1,47:1,48:1,49:2,50:1
((0,92)105)21	0.7205056141349627	2.0	2.7205056141349626	1.237362981474127e-06	1:14,2:4,3:1,4:3,5:4,6:3,7:6,8:3,9:2,10:5,11:5,12:1,13:1,14:1,15:2,16:3,17:3,18:1,19:2,20:1,21:1,22:1,23:1,24:3,25:4,26:3,27:1,28:2,29:4,30:5,31:1,32:2,33:1,34:3,35:2,37:3,38:6,39:3,40:1,41:1,42:3,43:6,45:2,46:6,47:2,48:2,49:1,50:2
(((0)105)21)92	0.7696056141349628	2.0	2.7696056141349628	9.680054972827883e-07	1:4,2:1,3:2,4:2,5:1,7:1,8:1,9:1,10:4,11:3,12:2,13:3,14:3,15:1,16:2,17:2,20:2,21:3,28:1,29:1,30:7,32:2,33:3,34:1,35:1,36:2,37:2,38:2,39:3,40:3,41:1,42:2,43:1,44:3,46:1,47:2,49:2
(((21)0)105)92	0.7955834750079874	2.0	2.7955834750079873	8.500953009009032e-07	1:8,2:1,3:2,4:1,5:2,8:2,9:1,10:1,11:2,12:2,14:2,15:1,16:1,18:3,19:1,20:2,21:3,22:3,24:2,25:1,26:2,27:6,28:2,29:2,30:1,31:2,33:1,34:1,35:2,36:1,37:4,41:1,42:1,44:1,45:2,47:2,48:1,49:4
(0,(105)21)92	1.1160288877864635	2.0	3.1160288877864635	1.7124947270010065e-07	1:25,2:5,3:4,5:5,6:5,7:4,8:4,9:3,10:3,11:2,12:6,13:8,14:3,15:7,16:4,17:2,18:3,19:9,20:11,21:9,22:6,23:5,24:6,25:4,26:5,27:8,28:8,29:7,30:3,31:4,32:5,33:5,34:5,35:5,36:3,37:3,38:3,39:5,40:4,41:6,42:6,43:11,44:6,45:6,46:8,47:4,48:6,49:7,50:7
(0,(92)105)21	1.1241028911981323	2.0	3.1241028911981323	1.6447381545263255e-07	1:19,2:4,3:8,4:6,5:2,6:7,7:6,8:2,9:5,10:8,11:4,12:1,13:4,14:7,15:10,16:6,17:2,18:6,19:7,20:10,21:7,22:6,23:2,24:6,25:3,26:2,27:5,28:5,29:7,30:3,31:4,32:6,33:6,34:4,35:3,36:10,37:3,38:2,39:4,40:2,41:3,42:5,43:6,44:5,45:2,46:4,47:5,48:6,49:8,50:6
((0,105)21)92	1.1732028911981325	2.0	3.1732028911981325	1.2867005066496125e-07	1:14,2:5,3:4,4:3,5:3,6:7,7:7,8:6,9:2,10:1,11:1,13:5,14:3,15:1,16:2,17:2,18:2,20:2,21:3,22:2,23:8,24:3,25:4,27:3,29:4,30:2,31:4,32:3,33:5,34:7,35:2,36:1,37:1,38:7,39:2,40:2,41:2,42:5,43:6,44:3,45:2,46:3,47:2,48:1,49:7,50:4
((105)0,21)92	1.195796214591028	2.0	3.195796214591028	1.1492557718915964e-07	1:19,2:2,3:4,4:3,5:5,6:5,7:2,8:5,9:5,10:6,11:7,12:6,13:7,14:7,15:5,16:6,17:6,18:6,19:3,20:7,21:4,22:3,23:8,24:4,25:3,26:6,27:2,28:9,29:5,30:5,31:4,32:4,33:9,34:3,35:4,36:6,37:7,38:7,39:5,40:5,41:4,42:8,43:3,44:3,45:8,46:3,47:8,48:6,49:9,50:4
((21)0,105)92	1.2049023118508804	2.0	3.2049023118508804	1.098102940806206e-07	1:32,2:3,3:4,4:2,5:5,6:3,7:9,8:4,9:3,10:1,11:6,12:5,13:3,14:4,15:8,16:5,17:6,18:1,19:8,20:9,21:6,22:2,23:6,24:10,25:5,26:5,27:6,28:2,29:3,30:6,31:5,32:3,33:1,34:2,35:4,36:6,37:1,38:6,39:5,40:6,41:4,42:3,43:7,44:3,45:8,46:5,47:6,48:8,49:4,50:1
(((92)21)0)105	0.2060531750547876	3.0	3.2060531750547874	1.0918022549174629e-07	1:9,2:4,3:5,4:12,5:9,6:3,7:6,8:7,9:7,10:8,11:3,12:10,13:3,14:3,15:6,16:5,17:7,18:3,19:6,20:5,21:6,22:7,23:12,24:6,25:11,26:7,27:7,28:7,29:6,30:5,31:12,32:4,33:6,34:4,35:7,36:7,37:5,38:7,39:6,40:5,41:5,42:5,43:8,44:9,45:6,46:3,47:8,48:3,49:6,50:7
(105,(0)92)21	1.2504901439035816	2.0	3.2504901439035816	8.74279580293734e-08	1:17,2:26,3:29,4:31,5:43,6:33,7:31,8:31,9:24,10:27,11:33,12:27,13:34,14:34,15:28,16:44,17:31,18:31,19:34,20:32,21:28,22:38,23:33,24:33,25:26,26:31,27:32,28:42,29:29,30:40,31:37,32:31,33:41,34:26,35:28,36:40,37:31,38:33,39:26,40:32,41:32,42:31,43:31,44:19,45:35,46:31,47:29,48:26,49:32,50:28
((0)105,92)21	1.2504901439035816	2.0	3.2504901439035816	8.74279580293734e-08	1:24,2:23,3:22,4:16,5:22,6:13,7:25,8:22,9:23,10:28,11:15,12:17,13:22,14:23,15:27,16:21,17:22,18:20,19:19,20:24,21:25,22:23,23:21,24:26,25:19,26:14,27:30,28:19,29:19,30:22,31:26,32:21,33:21,34:19,35:21,36:23,37:23,38:20,39:13,40:22,41:30,42:22,43:27,44:21,45:22,46:19,47:17,48:24,49:22,50:16
(0,105,92)21	1.659828897808446	2.0	3.659828897808446	1.129230305326267e-08	1:38,2:13,3:11,4:15,5:9,6:7,7:9,8:9,9:9,10:16,11:7,12:15,13:15,14:8,15:16,16:11,17:14,18:10,19:13,20:11,21:11,22:15,23:16,24:8,25:10,26:9,27:17,28:16,29:13,30:10,31:11,32:12,33:17,34:9,35:14,36:9,37:13,38:9,39:10,40:15,41:7,42:16,43:10,44:13,45:10,46:6,47:9,48:14,49:20,50:7
(((0)105)92)21	0.7594076674863707	3.0	3.7594076674863706	6.863568524187547e-09	1:11,2:13,3:6,4:6,5:1,6:2,7:2,8:10,9:2,10:7,11:1,12:5,13:5,14:7,15:3,16:2,17:3,18:7,19:6,20:4,21:5,22:3,23:2,24:7,25:6,26:8,27:6,28:6,29:4,30:7,31:3,32:5,33:7,34:6,35:2,36:2,37:7,38:3,39:9,40:10,41:10,42:4,43:2,44:4,45:4,46:4,47:5,48:3,49:2,50:1
(((21)105)0)92	0.8002729409395272	3.0	3.8002729409395273	5.5951554899235014e-09	1:5,2:1,3:1,4:1,5:1,6:2,7:3,9:2,10:6,12:1,13:1,14:2,15:1,17:1,18:3,19:1,20:1,21:1,22:2,24:4,25:1,26:2,27:3,29:1,30:2,31:1,32:1,33:2,34:4,35:2,36:3,37:3,38:2,39:1,41:2,42:3,43:3,44:4,45:3,46:1,47:2,48:2,49:1,50:1
((21,92)105)0	0.8098729409395272	3.0	3.809872940939527	5.332931741398287e-09	1:19,2:1,4:1,5:4,6:2,7:2,8:2,9:2,10:1,11:3,12:4,13:1,14:1,15:1,16:4,17:3,18:1,19:4,20:3,21:2,22:3,23:1,25:2,26:1,28:6,29:3,30:1,31:5,32:2,33:3,34:8,35:2,36:4,37:2,38:4,39:4,40:3,41:5,42:2,43:1,44:4,45:2,46:1,47:6,48:3,49:1,50:2
(((92)0)105)21	0.8470562759269897	3.0	3.84705627592699	4.428161370175687e-09	1:4,2:3,3:2,4:2,7:2,8:2,9:5,10:3,12:3,13:1,14:1,15:3,17:1,18:4,19:1,20:4,23:2,24:2,26:1,27:1,30:4,31:1,32:3,34:1,38:5,39:2,43:1,45:1,47:2
(((105)0)21)92	0.8493729409395272	3.0	3.849372940939527	4.3771644646629365e-09	1:7,3:4,4:3,6:1,8:2,9:2,11:1,13:2,15:2,16:3,18:6,19:1,20:1,21:4,23:1,24:4,25:2,26:1,27:3,28:2,29:3,30:4,31:1,32:1,33:3,35:1,37:2,38:2,39:1,40:3,41:2,42:1,44:2,45:1,46:1,47:2,48:4,49:2,50:2
(((21)92)105)0	0.8493729409395272	3.0	3.849372940939527	4.3771644646629365e-09	1:12,2:2,3:1,4:2,5:3,7:2,8:3,9:1,10:1,11:1,12:2,13:3,14:1,16:1,17:1,18:2,19:1,20:1,21:1,22:2,23:1,24:1,25:1,29:2,30:2,31:1,32:3,34:1,35:1,36:1,39:1,40:3,41:2,42:1,43:1,44:4,45:4,46:2,47:2,48:1,49:5,50:1
(0,(105)92)21	1.1283647206462297	3.0	4.12836472064623	1.0848505479882653e-09	1:19,2:23,3:33,4:30,5:27,6:39,7:26,8:22,9:27,10:20,11:22,12:16,13:26,14:26,15:18,16:17,17:23,18:16,19:26,20:24,21:30,22:21,23:22,24:30,25:11,26:22,27:15,28:18,29:35,30:19,31:19,32:25,33:14,34:15,35:19,36:17,37:20,38:26,39:22,40:21,41:18,42:21,43:25,44:12,45:23,46:15,47:23,48:28,49:15,50:28
((0,105)92)21	1.1687265043292636	3.0	4.168726504329264	8.865952761823165e-10	1:11,2:4,3:1,4:8,5:1,6:3,7:4,8:3,9:1,10:4,11:4,12:3,13:6,14:1,15:4,16:5,17:2,18:3,19:1,20:2,21:2,22:3,23:8,24:6,25:1,26:3,27:4,28:3,29:1,30:2,31:4,32:3,33:4,34:3,35:1,36:2,37:3,38:6,39:7,40:6,41:5,42:1,44:6,45:2,46:2,47:1,48:3,49:4,50:5
((92)0,105)21	1.2506535529901592	3.0	4.250653552990159	5.886038348464871e-10	1:22,2:4,3:5,4:1,5:3,6:5,7:4,8:3,9:4,10:5,11:3,12:9,13:5,14:5,15:4,16:3,17:4,18:6,19:5,20:5,21:3,22:4,23:6,24:6,25:6,26:8,27:3,28:5,29:4,30:10,31:3,32:2,33:5,34:5,35:2,36:8,37:1,38:5,39:4,40:4,41:4,42:4,43:3,44:8,45:7,46:6,47:7,48:3,49:8,50:4
((105)0,92)21	1.2541686778659715	3.0	4.254168677865971	5.78349135284856e-10	1:16,2:1,3:5,4:3,5:3,6:8,7:5,8:2,9:5,10:5,11:4,12:3,13:7,14:9,15:3,16:2,17:7,18:1,19:5,20:4,21:5,22:2,24:7,25:9,26:9,27:2,28:2,29:5,30:10,31:3,32:4,33:4,34:8,35:6,36:7,37:4,38:6,39:3,40:6,41:2,42:4,43:6,44:6,45:3,46:4,47:5,48:2,49:4,50:4
((105,21)0)92	1.3012360700503194	3.0	4.30123607005032	4.5707192593523087e-10	1:15,3:3,4:3,5:2,7:2,8:2,9:5,10:6,11:6,12:2,13:1,14:4,15:3,16:6,17:5,18:3,19:1,20:3,22:4,23:4,24:3,25:7,26:2,27:3,28:1,29:5,30:2,31:5,32:3,33:3,34:2,35:5,36:1,37:3,38:3,39:2,40:5,41:3,42:5,43:4,44:3,45:2,46:5,47:5,48:6,50:2
((92)105,21)0	1.3012360700503194	3.0	4.30123607005032	4.5707192593523087e-10	1:23,2:4,3:6,4:4,5:5,6:6,7:4,8:4,9:1,10:3,11:7,12:5,13:3,14:5,15:5,16:2,17:3,18:6,19:6,20:2,21:6,22:3,23:6,24:2,25:10,26:6,27:2,28:2,29:6,30:3,31:8,32:4,33:4,34:6,35:2,36:2,37:4,38:7,39:6,40:4,41:2,42:12,43:6,44:5,45:1,46:8,47:3,48:4,49:5,50:1
((21)105,92)0	1.3360087125464415	3.0	4.336008712546441	3.841286617833932e-10	1:14,2:4,3:2,4:5,5:7,6:3,7:2,8:2,9:5,10:7,11:6,12:5,13:1,14:7,15:3,16:5,17:1,18:4,19:5,20:4,21:5,22:3,23:2,24:2,25:2,26:9,27:8,28:5,29:4,30:3,31:1,32:3,33:3,34:3,35:4,36:7,37:5,38:4,39:6,40:5,41:5,42:7,43:6,44:5,45:6,46:3,47:3,48:7,49:3,50:6
(105,(21)92)0	1.3851087125464416	3.0	4.385108712546442	3.005089547993561e-10	1:16,2:18,3:18,4:24,5:18,6:25,7:23,8:23,9:24,10:15,11:28,12:22,13:20,14:19,15:29,16:18,17:13,18:26,19:22,20:21,21:20,22:25,23:21,24:21,25:26,26:23,27:19,28:25,29:25,30:14,31:17,32:14,33:17,34:20,35:14,36:17,37:22,38:23,39:27,40:25,41:23,42:24,43:25,44:23,45:16,46:15,47:19,48:22,49:15,50:22
(((92)105)0)21	0.8002729409395272	4.0	4.800272940939527	3.769986114274663e-11	1:8,2:3,4:2,5:1,7:2,8:1,9:3,11:2,12:1,13:1,15:1,16:2,17:4,18:1,19:2,20:1,21:2,22:2,23:2,24:2,25:1,26:3,28:1,29:1,30:4,31:2,32:3,36:1,38:1,40:3,41:1,42:1,43:1,46:3,47:3,48:1,49:2
(((21)105)92)0	0.8010196455118122	4.0	4.801019645511812	3.755937027542424e-11	1:7,4:2,5:4,6:1,7:1,8:1,11:2,13:1,14:1,15:3,17:1,18:1,20:1,21:3,22:1,23:2,24:4,25:1,26:4,27:5,28:1,29:1,30:1,31:4,32:2,33:2,34:2,35:5,36:1,38:1,39:2,40:2,41:2,42:1,44:1,45:1,47:1,49:1
(105,21,92)0	1.8396767243187049	3.0	4.839676724318705	3.09581872092677e-11	1:35,2:13,3:12,4:18,5:8,6:9,7:16,8:11,9:18,10:13,11:15,12:20,13:11,14:8,15:11,16:6,17:13,18:7,19:14,20:15,21:9,22:12,23:9,24:5,25:7,26:12,27:10,28:16,29:13,30:13,31:12,32:7,33:11,34:10,35:11,36:11,37:13,38:10,39:11,40:17,41:11,42:3,43:10,44:11,45:8,46:12,47:5,48:9,49:9,50:16
(((105)21)0)92	0.8416201054231649	4.0	4.841620105423165	3.0658826215684335e-11	1:8,2:2,4:2,6:1,7:1,8:2,9:2,10:1,14:1,15:1,16:1,17:1,18:2,19:1,20:2,21:1,23:1,24:1,25:1,26:2,27:1,28:1,29:3,30:2,31:2,33:3,35:2,36:2,37:1,38:2,39:3,40:2,41:1,43:1,44:2,46:1,47:1,48:1
(((92)21)105)0	0.8852116247061126	4.0	4.885211624706113	2.465458759240758e-11	1:5,2:1,3:4,4:1,5:1,7:2,8:2,12:2,14:1,16:1,17:3,18:1,19:3,20:2,21:1,22:1,23:1,24:1,25:1,27:1,28:1,29:1,31:3,34:2,36:2,37:1,39:1,40:2,41:3,43:1,44:1,45:3,46:2,47:1,49:4
(((105)0)92)21	0.8852116247061126	4.0	4.885211624706113	2.465458759240758e-11	1:4,2:5,3:6,4:2,6:3,7:1,9:2,11:5,13:1,14:2,15:2,16:3,17:2,18:1,20:2,21:2,22:2,23:2,24:3,25:2,28:2,30:2,31:2,32:2,33:3,34:1,36:3,37:3,38:2,39:2,40:2,41:2,42:3,43:2,44:3,45:2,47:1,48:1,49:4,50:1
((105,21)92)0	1.3025652705448263	4.0	5.302565270544826	3.0593264067042278e-12	1:13,2:3,3:3,4:5,5:6,6:4,7:5,8:1,9:5,10:1,11:2,12:1,13:4,14:4,15:3,16:4,17:4,18:4,19:4,20:2,21:3,22:4,23:1,24:1,25:6,26:4,27:2,28:1,29:1,30:2,31:4,32:2,33:5,34:5,35:5,36:3,37:4,38:1,39:5,40:6,41:5,42:6,43:1,44:3,45:4,46:4,47:3,48:5,49:2,50:4
(21,(105)92)0	1.3114868955558654	4.0	5.311486895555865	2.925854685431582e-12	1:25,2:16,3:30,4:22,5:26,6:34,7:23,8:30,9:22,10:21,11:36,12:43,13:26,14:35,15:25,16:39,17:40,18:27,19:23,20:37,21:27,22:40,23:42,24:32,25:22,26:31,27:34,28:35,29:32,30:30,31:35,32:30,33:33,34:31,35:23,36:27,37:35,38:34,39:34,40:31,41:34,42:39,43:38,44:18,45:40,46:34,47:32,48:45,49:27,50:30
((105,92)0)21	1.3360087125464415	4.0	5.336008712546441	2.5882385639261307e-12	1:18,2:3,3:2,4:4,5:3,6:7,7:4,8:6,9:2,10:3,11:4,12:4,13:3,14:5,15:1,16:3,17:5,18:5,20:4,21:4,22:1,23:3,24:5,25:5,26:3,27:6,28:6,29:2,32:1,33:3,34:3,35:3,36:5,37:2,38:4,39:2,40:1,41:1,42:3,43:3,44:2,45:3,46:3,47:3,48:1,49:3,50:2
((105)21,92)0	1.3575235259710428	4.0	5.357523525971043	2.324264130831008e-12	1:27,2:23,3:15,4:17,5:19,6:20,7:23,8:23,9:31,10:13,11:25,12:26,13:14,14:27,15:22,16:31,17:24,18:26,19:27,20:20,21:21,22:22,23:21,24:25,25:18,26:14,27:17,28:19,29:15,30:21,31:18,32:19,33:27,34:20,35:22,36:30,37:21,38:26,39:24,40:26,41:21,42:16,43:15,44:26,45:12,46:24,47:20,48:24,49:20,50:26
(105,(92)21)0	1.3861747538169047	4.0	5.3861747538169045	2.0140494494380337e-12	1:26,2:2,3:3,4:5,5:3,6:6,7:7,8:7,9:7,10:2,11:6,12:3,13:7,14:2,15:3,16:6,17:6,18:8,19:11,20:1,21:2,22:5,23:2,24:2,25:7,26:6,27:5,28:5,29:6,30:4,31:4,32:10,33:1,34:5,35:3,36:5,37:4,38:3,39:5,40:6,41:3,42:3,43:3,44:6,45:4,46:5,47:6,48:3,49:5,50:3
(((105)92)0)21	0.8010196455118122	5.0	5.801019645511812	2.530730462348346e-13	1:7,3:3,4:1,5:1,6:2,7:2,9:1,11:1,12:1,13:4,16:1,17:1,18:2,21:1,22:3,23:1,26:1,27:3,28:3,29:2,30:2,32:2,33:1,34:2,37:1,38:4,39:2,41:2,42:1,44:4,45:1,48:4,49:1,50:1
(((92)105)21)0	0.8416201054231649	5.0	5.841620105423165	2.065775460954531e-13	1:9,3:2,5:3,6:2,7:1,8:2,9:3,10:2,11:2,13:3,14:2,15:2,16:1,17:1,18:2,19:3,20:2,21:1,22:2,24:3,26:1,27:1,28:3,29:2,30:2,31:2,34:1,35:1,36:2,37:3,38:1,40:2,41:1,42:2,43:2,44:1,45:1,46:3,47:2,48:1,50:2
(((105)21)92)0	0.8961562759269897	5.0	5.896156275926989	1.5727486628794136e-13	1:3,2:6,3:6,4:9,5:3,6:6,7:5,8:5,9:5,10:2,11:4,12:4,13:4,14:3,15:10,16:5,17:2,18:3,19:3,20:4,21:1,22:3,23:6,24:4,25:10,26:9,27:12,28:6,29:4,30:2,31:7,32:2,33:6,34:10,35:5,36:8,37:6,38:7,39:3,40:8,41:9,42:2,43:5,44:9,45:4,46:9,47:5,48:9,49:6,50:4
((105,92)21)0	1.3716046351917837	5.0	6.371604635191783	1.4596083202948125e-14	1:12,2:4,3:2,4:1,5:4,6:3,7:5,8:6,9:3,10:3,11:1,12:2,13:2,14:3,15:4,16:3,17:4,18:3,19:4,20:2,21:6,22:2,23:2,24:4,25:4,26:4,27:5,28:4,29:1,30:5,31:1,32:3,33:3,34:4,35:4,36:2,37:3,38:3,39:3,40:2,41:2,42:1,43:4,44:4,45:1,46:1,47:6,48:2,49:1,50:6
(((105)92)21)0	0.8805221587745728	6.0	6.880522158774573	1.1458716354157381e-15	1:7,2:1,4:1,5:1,7:1,8:1,9:2,10:3,11:1,12:3,13:1,14:2,17:1,18:1,19:1,20:2,21:2,22:2,23:2,24:1,26:2,27:1,29:2,30:1,32:1,33:3,34:1,35:3,37:2,38:3,39:1,42:2,44:2,45:2,46:2,48:2
