# generation count = 50 
#
generation.index	generationHighestFitness	generationMedianFitness	populationHighestFitness	populationMedianFitness
1	0.9531337870775045	1.098102940806206e-07	0.9531337870775045	1.098102940806206e-07
2	0.9531337870775045	0.004406416879175	0.9531337870775045	1.8829739611733168e-05
3	0.9531337870775045	0.004406416879175	0.9531337870775045	0.00023117283618938954
4	0.9531337870775045	0.0036773148390343673	0.9531337870775045	0.0006964749822474614
5	0.9531337870775045	0.0036773148390343673	0.9531337870775045	0.0035787084602290405
6	0.9531337870775045	0.004406416879175	0.9531337870775045	0.0035787084602290405
7	0.9531337870775045	0.004406416879175	0.9531337870775045	0.0036773148390343673
8	0.9531337870775045	0.004406416879175	0.9531337870775045	0.0036773148390343673
9	0.9531337870775045	0.004406416879175	0.9531337870775045	0.0036773148390343673
10	0.9531337870775045	0.004406416879175	0.9531337870775045	0.0036773148390343673
11	0.9531337870775045	0.004406416879175	0.9531337870775045	0.0036773148390343673
12	0.9531337870775045	0.004406416879175	0.9531337870775045	0.0036773148390343673
13	0.9531337870775045	0.004406416879175	0.9531337870775045	0.0036773148390343673
14	0.9531337870775045	0.004406416879175	0.9531337870775045	0.0036773148390343673
15	0.9531337870775045	0.0036773148390343673	0.9531337870775045	0.0036773148390343673
16	0.9531337870775045	0.004041865859104684	0.9531337870775045	0.0036773148390343673
17	0.9531337870775045	0.004406416879175	0.9531337870775045	0.0036773148390343673
18	0.9531337870775045	0.0036773148390343673	0.9531337870775045	0.0036773148390343673
19	0.9531337870775045	0.004406416879175	0.9531337870775045	0.0036773148390343673
20	0.9531337870775045	0.004406416879175	0.9531337870775045	0.0036773148390343673
21	0.9531337870775045	0.004406416879175	0.9531337870775045	0.0036773148390343673
22	0.9531337870775045	0.004406416879175	0.9531337870775045	0.0036773148390343673
23	0.9531337870775045	0.0036773148390343673	0.9531337870775045	0.0036773148390343673
24	0.9531337870775045	0.004406416879175	0.9531337870775045	0.0036773148390343673
25	0.9531337870775045	0.004406416879175	0.9531337870775045	0.0036773148390343673
26	0.9531337870775045	0.004406416879175	0.9531337870775045	0.0036773148390343673
27	0.9531337870775045	0.0036773148390343673	0.9531337870775045	0.0036773148390343673
28	0.9531337870775045	0.004406416879175	0.9531337870775045	0.0036773148390343673
29	0.9531337870775045	0.004406416879175	0.9531337870775045	0.0036773148390343673
30	0.9531337870775045	0.004406416879175	0.9531337870775045	0.0036773148390343673
31	0.9531337870775045	0.004406416879175	0.9531337870775045	0.0036773148390343673
32	0.9531337870775045	0.004406416879175	0.9531337870775045	0.0036773148390343673
33	0.9531337870775045	0.004406416879175	0.9531337870775045	0.0036773148390343673
34	0.9531337870775045	0.004406416879175	0.9531337870775045	0.004406416879175
35	0.9531337870775045	0.004406416879175	0.9531337870775045	0.004406416879175
36	0.9531337870775045	0.004406416879175	0.9531337870775045	0.004406416879175
37	0.9531337870775045	0.004406416879175	0.9531337870775045	0.004406416879175
38	0.9531337870775045	0.004406416879175	0.9531337870775045	0.004406416879175
39	0.9531337870775045	0.004406416879175	0.9531337870775045	0.004406416879175
40	0.9531337870775045	0.004406416879175	0.9531337870775045	0.004406416879175
41	0.9531337870775045	0.004406416879175	0.9531337870775045	0.004406416879175
42	0.9531337870775045	0.004406416879175	0.9531337870775045	0.004406416879175
43	0.9531337870775045	0.004406416879175	0.9531337870775045	0.004406416879175
44	0.9531337870775045	0.004406416879175	0.9531337870775045	0.004406416879175
45	0.9531337870775045	0.004406416879175	0.9531337870775045	0.004406416879175
46	0.9531337870775045	0.0036773148390343673	0.9531337870775045	0.004406416879175
47	0.9531337870775045	0.004406416879175	0.9531337870775045	0.004406416879175
48	0.9531337870775045	0.004406416879175	0.9531337870775045	0.004406416879175
49	0.9531337870775045	0.0036773148390343673	0.9531337870775045	0.004406416879175
50	0.9531337870775045	0.004406416879175	0.9531337870775045	0.004406416879175
############################################################
Topology	MassCost	TopologyCost	Cost	Fitness	appearances(generationID:count)
((0)21,92)105	0.009600000000000053	0.0	0.009600000000000053	0.9531337870775045	1:23,2:108,3:95,4:121,5:105,6:99,7:126,8:108,9:100,10:108,11:114,12:102,13:98,14:96,15:93,16:90,17:87,18:99,19:98,20:115,21:91,22:92,23:83,24:105,25:100,26:106,27:106,28:93,29:98,30:99,31:96,32:106,33:102,34:114,35:105,36:89,37:114,38:107,39:107,40:101,41:100,42:99,43:89,44:102,45:95,46:89,47:108,48:97,49:92,50:99
(21,(0)92)105	0.009600000000000053	0.0	0.009600000000000053	0.9531337870775045	1:15,2:102,3:105,4:121,5:107,6:129,7:107,8:119,9:107,10:119,11:132,12:123,13:116,14:134,15:115,16:115,17:141,18:104,19:128,20:130,21:135,22:122,23:134,24:136,25:132,26:137,27:118,28:144,29:125,30:148,31:145,32:126,33:128,34:122,35:135,36:136,37:156,38:128,39:162,40:136,41:142,42:139,43:136,44:131,45:138,46:124,47:115,48:116,49:130,50:153
(0,(21)92)105	0.04910000000000003	0.0	0.04910000000000003	0.78231328379451	1:26,2:107,3:112,4:96,5:96,6:95,7:100,8:107,9:118,10:112,11:110,12:104,13:115,14:112,15:96,16:110,17:110,18:92,19:103,20:103,21:105,22:116,23:97,24:94,25:107,26:96,27:87,28:89,29:109,30:94,31:88,32:98,33:105,34:99,35:95,36:108,37:83,38:103,39:90,40:99,41:105,42:98,43:117,44:96,45:120,46:116,47:98,48:102,49:92,50:89
(((0)21)92)105	0.04910000000000003	0.0	0.04910000000000003	0.78231328379451	1:8,2:31,3:37,4:23,5:28,6:35,7:35,8:37,9:44,10:26,11:22,12:28,13:32,14:36,15:33,16:26,17:32,18:28,19:26,20:25,21:26,22:18,23:26,24:33,25:22,26:16,27:22,28:24,29:37,30:33,31:23,32:25,33:30,34:38,35:27,36:25,37:21,38:31,39:32,40:29,41:23,42:32,43:33,44:27,45:28,46:31,47:28,48:38,49:27,50:26
(0,21,92)105	0.3201303640706393	0.0	0.3201303640706393	0.2017649606155336	1:39,2:90,3:83,4:68,5:65,6:69,7:66,8:60,9:47,10:75,11:64,12:74,13:57,14:68,15:69,16:70,17:72,18:63,19:71,20:68,21:67,22:69,23:70,24:73,25:78,26:65,27:68,28:65,29:71,30:63,31:70,32:67,33:68,34:78,35:60,36:70,37:70,38:62,39:64,40:61,41:64,42:69,43:70,44:84,45:76,46:58,47:81,48:65,49:60,50:53
((0,21)92)105	0.3955232736515008	0.0	0.3955232736515008	0.13839873607345463	1:16,2:26,3:31,4:20,5:23,6:22,7:22,8:23,9:30,10:26,11:26,12:17,13:26,14:21,15:17,16:24,17:27,18:23,19:22,20:20,21:25,22:19,23:17,24:21,25:18,26:31,27:17,28:25,29:29,30:20,31:29,32:21,33:21,34:25,35:25,36:21,37:28,38:19,39:14,40:23,41:34,42:33,43:24,44:25,45:24,46:9,47:20,48:30,49:21,50:28
(((0)92)21)105	0.08493868376658541	1.0	1.0849386837665853	0.004406416879175	1:6,2:15,3:17,4:12,5:15,6:8,7:16,8:17,9:21,10:13,11:10,12:14,13:11,14:13,15:12,16:11,17:10,18:17,19:13,20:18,21:9,22:19,23:12,24:12,25:19,26:14,27:12,28:15,29:19,30:9,31:16,32:16,33:13,34:15,35:16,36:18,37:10,38:16,39:12,40:15,41:16,42:16,43:14,44:8,45:13,46:8,47:20,48:11,49:13,50:21
(0,(92)21)105	0.08493868376658541	1.0	1.0849386837665853	0.004406416879175	1:31,2:50,3:42,4:34,5:45,6:46,7:50,8:51,9:49,10:40,11:50,12:46,13:53,14:44,15:47,16:54,17:53,18:48,19:43,20:46,21:62,22:55,23:49,24:39,25:48,26:57,27:39,28:46,29:46,30:43,31:45,32:42,33:45,34:47,35:43,36:48,37:43,38:35,39:36,40:51,41:31,42:46,43:50,44:40,45:47,46:38,47:47,48:52,49:46,50:50
((21)0,92)105	0.12111449128820218	1.0	1.121114491288202	0.0036773148390343673	1:15,2:32,3:48,4:33,5:52,6:42,7:38,8:39,9:37,10:42,11:32,12:37,13:47,14:32,15:40,16:37,17:40,18:30,19:40,20:32,21:45,22:30,23:27,24:33,25:36,26:29,27:45,28:39,29:33,30:25,31:33,32:35,33:31,34:34,35:32,36:37,37:39,38:37,39:34,40:35,41:33,42:30,43:36,44:31,45:29,46:40,47:37,48:41,49:40,50:28
(((21)0)92)105	0.12111449128820218	1.0	1.121114491288202	0.0036773148390343673	1:5,2:10,3:15,4:18,5:8,6:13,7:17,8:14,9:15,10:12,11:11,12:18,13:15,14:8,15:10,16:7,17:11,18:10,19:16,20:10,21:8,22:18,23:12,24:8,25:12,26:17,27:17,28:15,29:13,30:10,31:14,32:10,33:6,34:12,35:12,36:18,37:15,38:13,39:8,40:11,41:15,42:11,43:9,44:17,45:15,46:9,47:13,48:14,49:19,50:13
((92)0,21)105	0.12655066179202695	1.0	1.126550661792027	0.0035787084602290405	1:37,2:20,3:24,4:31,5:41,6:27,7:29,8:34,9:34,10:39,11:41,12:21,13:19,14:46,15:37,16:30,17:31,18:36,19:37,20:42,21:36,22:28,23:38,24:35,25:32,26:25,27:28,28:38,29:38,30:23,31:34,32:36,33:30,34:30,35:34,36:34,37:30,38:33,39:24,40:32,41:42,42:24,43:43,44:43,45:27,46:48,47:21,48:39,49:41,50:28
((0,92)21)105	0.45389573692644436	1.0	1.4538957369264445	0.0006964749822474614	1:15,2:11,3:11,4:17,5:19,6:13,7:8,8:6,9:9,10:16,11:13,12:12,13:12,14:11,15:12,16:13,17:16,18:11,19:13,20:14,21:17,22:17,23:16,24:7,25:7,26:14,27:12,28:13,29:16,30:12,31:13,32:10,33:15,34:10,35:11,36:10,37:9,38:13,39:9,40:15,41:13,42:8,43:8,44:9,45:17,46:11,47:11,48:12,49:9,50:13
((0,21)105)92	0.6744689837197853	1.0	1.6744689837197853	0.00023117283618938954	1:15,2:2,3:4,4:6,5:4,6:2,7:4,8:4,9:4,10:3,11:2,12:2,13:3,14:4,15:7,16:1,17:5,18:5,19:4,20:3,21:2,22:5,23:4,24:4,25:6,27:2,28:2,29:3,30:3,31:3,32:3,33:6,34:9,35:3,36:5,37:5,38:5,39:5,40:4,41:1,42:2,43:8,44:6,45:5,46:3,47:6,48:6,49:3,50:3
(((0)21)105)92	0.6744689837197853	1.0	1.6744689837197853	0.00023117283618938954	1:10,2:6,3:6,4:2,5:7,6:7,7:6,8:2,9:4,10:4,11:8,12:4,13:7,14:6,15:7,16:7,17:8,18:12,19:4,20:5,21:8,22:8,23:5,24:8,25:5,26:2,27:6,28:4,29:2,30:8,31:6,32:2,33:13,34:4,35:6,36:8,37:5,38:10,39:5,40:7,41:4,42:7,43:5,44:2,45:6,46:7,47:8,48:4,49:7,50:5
(0,(21)105)92	1.0837878205626783	1.0	2.0837878205626783	2.9861542698219467e-05	1:20,2:27,3:23,4:21,5:16,6:27,7:24,8:17,9:35,10:19,11:25,12:23,13:23,14:25,15:17,16:23,17:23,18:34,19:27,20:17,21:15,22:18,23:23,24:28,25:25,26:26,27:32,28:15,29:18,30:27,31:20,32:27,33:20,34:13,35:25,36:22,37:16,38:15,39:21,40:17,41:21,42:24,43:15,44:14,45:21,46:26,47:22,48:22,49:19,50:18
(((92)0)21)105	0.12655066179202695	2.0	2.126550661792027	2.4113147930202038e-05	1:6,2:9,3:9,4:12,5:11,6:12,7:8,8:9,9:8,10:10,11:14,12:8,13:11,14:7,15:16,16:16,17:7,18:13,19:12,20:11,21:13,22:6,23:17,24:7,25:8,26:9,27:9,28:6,29:10,30:11,31:10,32:6,33:8,34:10,35:8,36:7,37:6,38:9,39:3,40:4,41:3,42:13,43:7,44:10,45:3,46:13,47:6,48:6,49:11,50:5
(((21)92)0)105	0.17565066179202699	2.0	2.175650661792027	1.8864035939899156e-05	1:14,2:9,3:14,4:9,5:11,6:3,7:12,8:6,9:10,10:8,11:8,12:7,13:4,14:7,15:7,16:6,17:6,18:9,19:8,20:8,21:7,22:9,23:7,24:11,25:4,26:6,27:5,28:6,29:8,30:5,31:8,32:8,33:10,34:4,35:4,36:7,37:10,38:4,39:10,40:5,41:2,42:6,43:5,44:7,45:8,46:6,47:7,48:11,49:6,50:8
(105,(0)21)92	1.1760146087527994	1.0	2.1760146087527996	1.8829739611733168e-05	1:23,2:28,3:36,4:22,5:33,6:23,7:23,8:30,9:23,10:24,11:15,12:28,13:22,14:23,15:19,16:28,17:31,18:25,19:20,20:18,21:23,22:20,23:38,24:31,25:24,26:23,27:22,28:26,29:21,30:27,31:26,32:23,33:35,34:23,35:23,36:20,37:22,38:32,39:15,40:31,41:26,42:33,43:19,44:22,45:27,46:31,47:24,48:25,49:26,50:27
((0)105,21)92	1.1760146087527994	1.0	2.1760146087527996	1.8829739611733168e-05	1:15,2:15,3:22,4:27,5:22,6:38,7:31,8:25,9:18,10:28,11:32,12:22,13:31,14:24,15:30,16:30,17:24,18:28,19:29,20:40,21:29,22:29,23:30,24:23,25:30,26:30,27:28,28:26,29:24,30:31,31:25,32:27,33:30,34:30,35:23,36:30,37:29,38:29,39:32,40:29,41:32,42:33,43:35,44:35,45:22,46:28,47:18,48:23,49:34,50:24
(0,105,21)92	1.5889411726052036	1.0	2.5889411726052036	2.388832361616408e-06	1:35,2:24,3:16,4:13,5:7,6:13,7:13,8:11,9:9,10:13,11:21,12:16,13:10,14:4,15:18,16:15,17:7,18:17,19:15,20:8,21:11,22:14,23:11,24:13,25:11,26:11,27:12,28:7,29:8,30:10,31:11,32:12,33:10,34:12,35:10,36:11,37:9,38:6,39:10,40:13,41:9,42:8,43:11,44:6,45:19,46:13,47:11,48:16,49:15,50:11
((21,92)0)105	0.6370179118360801	2.0	2.63701791183608	1.8784012174519803e-06	1:12,2:6,3:3,4:1,5:4,6:6,7:5,8:5,9:9,10:5,11:5,12:5,13:6,14:5,15:4,16:7,17:2,18:7,19:10,20:3,21:4,22:2,23:2,24:5,25:4,26:5,27:4,28:9,29:8,30:5,31:6,32:5,33:3,34:5,35:5,36:6,37:3,38:6,39:4,40:2,42:4,43:6,44:2,45:4,46:7,47:4,48:6,49:2,50:4
(((0)92)105)21	0.7205056141349627	2.0	2.7205056141349626	1.237362981474127e-06	1:8,2:2,5:3,6:1,7:2,8:1,9:1,10:2,11:3,13:1,14:2,15:2,16:1,17:2,19:2,21:1,22:2,23:1,25:3,27:2,28:1,30:1,31:4,32:1,33:4,34:1,35:2,36:1,37:6,38:1,39:1,40:2,42:1,43:2,44:2,45:1,47:1,48:5,50:1
((0,92)105)21	0.7205056141349627	2.0	2.7205056141349626	1.237362981474127e-06	1:16,2:4,3:1,4:6,5:3,6:5,7:4,8:2,9:4,11:1,12:1,13:2,14:5,15:2,16:3,17:2,19:4,20:1,21:6,22:2,23:3,24:3,25:5,26:4,27:2,28:2,29:3,30:2,31:2,33:3,34:5,35:3,36:4,37:3,38:4,39:3,40:2,41:3,42:2,44:1,45:2,46:1,47:2,49:4,50:2
(((0)105)21)92	0.7696056141349628	2.0	2.7696056141349628	9.680054972827883e-07	1:7,4:3,5:1,6:1,7:3,8:1,10:1,12:1,13:5,15:2,16:3,17:2,19:1,20:2,21:1,22:1,23:3,24:2,25:1,26:2,27:3,28:1,29:1,32:4,33:3,34:4,35:1,36:1,38:2,39:1,40:1,43:2,46:1,48:2,49:3,50:3
(((21)0)105)92	0.7955834750079874	2.0	2.7955834750079873	8.500953009009032e-07	1:5,2:1,3:1,4:1,5:2,6:3,7:1,8:2,9:2,11:1,12:1,13:3,14:3,15:2,16:1,17:1,18:1,20:1,21:1,22:2,23:1,24:1,25:2,26:1,27:3,28:2,29:1,30:2,31:2,32:3,33:3,34:2,35:4,38:3,39:2,40:1,42:2,43:2,44:1,45:2,46:1,47:2,49:1
(0,(105)21)92	1.1160288877864635	2.0	3.1160288877864635	1.7124947270010065e-07	1:19,2:5,3:4,4:2,5:5,6:11,7:3,8:5,9:2,10:2,11:4,12:4,13:5,14:5,15:5,16:4,17:3,18:6,19:6,20:4,21:9,22:8,23:5,24:5,25:9,26:2,27:6,28:5,29:4,31:6,32:9,33:5,34:1,35:4,36:1,37:4,38:6,39:5,40:5,41:5,42:7,43:3,44:4,45:7,46:7,47:6,48:4,49:4,50:2
(0,(92)105)21	1.1241028911981323	2.0	3.1241028911981323	1.6447381545263255e-07	1:19,2:7,3:1,4:4,5:3,6:7,7:4,8:7,9:11,10:6,11:4,12:9,13:5,14:6,15:3,16:3,17:4,18:6,19:4,20:8,21:5,22:3,23:4,24:6,25:5,26:5,27:7,28:6,29:4,30:9,31:5,32:5,33:3,34:9,35:5,36:6,37:8,38:8,39:6,40:3,41:4,42:3,43:6,44:5,45:6,46:4,47:6,48:5,49:5,50:6
((0,105)21)92	1.1732028911981325	2.0	3.1732028911981325	1.2867005066496125e-07	1:11,2:3,3:1,4:7,5:5,6:5,7:4,8:2,10:4,11:3,12:2,13:5,14:5,15:2,16:3,17:3,18:3,19:9,20:1,21:2,22:1,23:1,24:4,25:3,26:4,27:3,28:6,29:3,30:2,31:1,32:3,33:2,34:1,36:2,37:3,38:2,39:4,40:2,42:4,43:3,44:3,45:4,46:2,47:4,48:3,49:5,50:1
((105)0,21)92	1.195796214591028	2.0	3.195796214591028	1.1492557718915964e-07	1:23,2:8,3:2,4:8,5:6,6:7,7:3,8:7,9:6,10:3,11:8,12:6,13:4,14:4,15:6,16:4,17:5,18:2,19:6,20:6,21:3,22:4,23:4,24:2,25:7,26:8,27:8,28:6,29:5,30:7,31:4,32:3,33:5,34:2,35:7,36:1,37:6,38:4,39:7,40:6,41:9,42:3,43:5,44:5,45:2,46:5,47:9,48:3,49:4,50:5
((21)0,105)92	1.2049023118508804	2.0	3.2049023118508804	1.098102940806206e-07	1:20,2:1,3:6,4:7,5:3,6:4,7:5,8:4,9:2,10:6,11:8,12:5,13:4,14:8,15:1,16:2,17:3,18:2,19:4,20:7,21:3,22:7,23:5,24:9,25:4,26:4,27:7,28:1,29:4,30:5,31:4,32:7,33:4,34:5,35:9,36:2,37:2,38:5,39:6,40:6,41:6,42:7,43:4,44:6,45:6,46:7,47:10,48:5,49:7,50:7
(((92)21)0)105	0.2060531750547876	3.0	3.2060531750547874	1.0918022549174629e-07	1:8,2:11,3:9,4:8,5:9,6:7,7:5,8:10,9:6,10:7,11:7,12:15,13:4,14:7,15:8,16:7,17:6,18:7,19:4,20:5,21:6,22:12,23:10,24:9,25:4,26:9,27:4,28:3,29:8,30:7,31:8,32:3,33:6,34:5,35:5,36:9,37:6,38:7,39:5,40:4,41:10,42:5,43:7,44:2,45:7,46:4,47:6,48:8,49:10,50:13
(105,(0)92)21	1.2504901439035816	2.0	3.2504901439035816	8.74279580293734e-08	1:20,2:21,3:21,4:28,5:23,6:23,7:28,8:22,9:16,10:26,11:22,12:27,13:31,14:23,15:29,16:17,17:31,18:31,19:23,20:29,21:23,22:25,23:32,24:31,25:23,26:27,27:31,28:30,29:21,30:25,31:33,32:21,33:29,34:32,35:34,36:21,37:33,38:29,39:27,40:29,41:28,42:21,43:25,44:26,45:20,46:29,47:26,48:26,49:25,50:39
((0)105,92)21	1.2504901439035816	2.0	3.2504901439035816	8.74279580293734e-08	1:18,2:22,3:22,4:14,5:28,6:29,7:28,8:32,9:22,10:20,11:30,12:21,13:28,14:16,15:21,16:22,17:15,18:22,19:22,20:14,21:18,22:31,23:15,24:17,25:19,26:15,27:23,28:35,29:30,30:24,31:26,32:29,33:22,34:26,35:31,36:28,37:32,38:34,39:26,40:32,41:27,42:28,43:17,44:17,45:17,46:31,47:31,48:19,49:26,50:17
(0,105,92)21	1.659828897808446	2.0	3.659828897808446	1.129230305326267e-08	1:46,2:20,3:15,4:16,5:10,6:14,7:15,8:13,9:12,10:11,11:10,12:9,13:6,14:21,15:9,16:7,17:10,18:8,19:9,20:9,21:7,22:14,23:11,24:20,25:13,26:17,27:9,28:13,29:9,30:13,31:9,32:10,33:13,34:11,35:15,36:15,37:12,38:16,39:8,40:7,41:9,42:15,43:13,44:14,45:11,46:14,47:11,48:10,49:8,50:15
(((0)105)92)21	0.7594076674863707	3.0	3.7594076674863706	6.863568524187547e-09	1:5,2:3,3:9,4:4,5:4,6:4,7:2,8:5,9:4,10:6,11:7,12:6,13:9,14:11,15:10,16:4,17:7,18:7,19:8,20:5,21:7,22:5,23:3,24:6,25:6,26:1,27:5,28:5,29:2,30:4,31:5,32:4,33:6,34:8,35:8,36:3,37:3,38:7,39:3,40:2,41:8,42:6,43:3,44:5,45:5,46:6,47:9,48:4,49:7,50:2
(((21)105)0)92	0.8002729409395272	3.0	3.8002729409395273	5.5951554899235014e-09	1:6,2:1,3:2,5:4,9:1,12:1,13:3,14:1,15:1,16:1,17:1,19:1,20:2,21:1,22:3,24:3,25:1,26:3,27:1,28:1,29:1,30:3,31:1,33:3,35:4,36:3,40:1,41:1,42:2,44:2,46:2,47:2,48:2,49:1,50:1
((21,92)105)0	0.8098729409395272	3.0	3.809872940939527	5.332931741398287e-09	1:10,2:2,3:2,4:4,5:1,6:2,7:4,8:4,9:5,10:4,11:2,12:4,13:3,14:7,15:3,16:3,17:2,18:1,19:3,20:4,21:3,22:3,23:6,24:1,25:1,26:5,27:5,28:2,29:3,30:3,31:3,32:6,33:1,34:2,35:1,36:2,38:4,39:7,40:6,41:8,42:3,43:5,44:4,45:3,46:5,47:4,48:4,49:3,50:3
(((92)0)105)21	0.8470562759269897	3.0	3.84705627592699	4.428161370175687e-09	1:7,2:3,3:1,4:2,5:2,6:1,7:1,8:1,9:1,11:1,12:1,14:1,16:4,17:3,19:1,20:1,21:2,22:1,24:2,25:3,26:3,27:2,28:2,29:1,30:1,31:2,32:2,33:1,34:3,35:1,37:4,38:2,39:1,40:1,42:3,43:1,44:1,45:3,46:1,47:1,48:2,50:1
(((105)0)21)92	0.8493729409395272	3.0	3.849372940939527	4.3771644646629365e-09	1:5,2:2,3:1,4:3,5:3,6:3,9:3,10:2,11:1,12:2,13:3,14:1,15:1,16:2,17:1,18:1,20:4,21:2,22:1,23:3,24:1,26:1,27:4,28:2,29:1,31:3,32:1,34:2,35:1,36:4,37:1,38:2,39:3,40:1,41:1,42:2,43:3,47:4,48:2,49:4,50:1
(((21)92)105)0	0.8493729409395272	3.0	3.849372940939527	4.3771644646629365e-09	1:5,2:3,3:1,4:1,5:1,6:2,7:1,10:3,11:2,13:3,14:1,15:1,17:3,18:2,19:3,21:1,22:2,24:2,25:2,27:2,29:4,31:1,33:2,36:1,38:1,39:3,41:1,42:2,43:1,44:2,46:1,47:1,48:3,49:2,50:3
(0,(105)92)21	1.1283647206462297	3.0	4.12836472064623	1.0848505479882653e-09	1:18,2:17,3:17,4:30,5:21,6:20,7:22,8:16,9:24,10:18,11:17,12:18,13:26,14:23,15:30,16:27,17:17,18:29,19:25,20:25,21:19,22:21,23:17,24:18,25:17,26:24,27:18,28:17,29:24,30:25,31:12,32:29,33:19,34:18,35:24,36:15,37:26,38:21,39:26,40:17,41:20,42:14,43:22,44:23,45:14,46:17,47:21,48:16,49:20,50:21
((0,105)92)21	1.1687265043292636	3.0	4.168726504329264	8.865952761823165e-10	1:16,2:3,3:4,4:4,5:3,6:4,7:2,8:5,9:2,10:3,11:3,12:2,13:2,14:8,15:2,16:2,17:3,18:1,19:4,20:4,21:1,22:4,23:4,24:2,25:2,26:3,27:3,28:4,29:2,30:1,31:4,32:6,33:3,34:3,35:2,36:2,37:3,38:4,39:6,40:4,41:5,42:3,43:5,44:5,45:1,46:2,47:5,48:4,49:3,50:1
((92)0,105)21	1.2506535529901592	3.0	4.250653552990159	5.886038348464871e-10	1:29,2:6,3:5,4:5,5:6,6:8,7:1,8:6,9:2,10:6,11:3,12:10,13:8,14:7,15:3,16:4,17:4,18:8,19:7,20:2,21:5,22:3,23:7,24:3,25:7,26:11,27:8,28:6,29:3,30:4,31:7,32:2,33:3,34:8,35:5,36:4,37:6,38:3,39:3,40:7,41:4,42:7,43:6,44:4,45:2,46:3,47:6,48:3,49:7,50:2
((105)0,92)21	1.2541686778659715	3.0	4.254168677865971	5.78349135284856e-10	1:22,2:7,3:7,4:3,5:4,6:5,7:6,8:7,9:3,10:4,11:4,12:5,13:3,14:6,15:5,16:9,17:7,18:13,19:4,20:5,21:2,22:5,23:3,24:7,25:5,26:4,27:5,28:6,29:9,30:5,31:5,32:4,33:5,34:5,35:5,36:4,37:9,38:7,39:6,40:7,41:5,42:3,43:2,44:2,45:4,46:7,47:4,48:2,49:5,50:8
((105,21)0)92	1.3012360700503194	3.0	4.30123607005032	4.5707192593523087e-10	1:14,2:2,3:4,4:4,5:4,6:1,7:6,8:7,9:5,10:1,11:2,12:3,13:5,14:1,15:4,16:1,17:2,18:4,19:3,20:4,21:2,22:4,23:3,24:6,25:6,26:2,27:1,28:1,29:2,30:5,31:2,32:1,33:4,34:4,35:3,36:3,38:3,39:4,40:3,41:2,42:2,43:8,44:2,45:5,46:2,47:6,48:4,49:2
((92)105,21)0	1.3012360700503194	3.0	4.30123607005032	4.5707192593523087e-10	1:19,2:6,3:2,4:4,5:9,6:8,7:4,8:2,9:9,10:5,11:2,12:9,13:3,14:2,15:1,16:3,17:6,18:4,19:6,20:5,21:4,22:5,23:3,24:2,25:4,26:7,27:5,28:5,29:7,30:4,31:4,32:6,33:7,34:6,35:8,36:10,37:3,38:4,39:8,40:5,41:3,42:6,43:2,44:5,45:5,46:5,47:2,48:3,49:3,50:3
((21)105,92)0	1.3360087125464415	3.0	4.336008712546441	3.841286617833932e-10	1:20,2:4,3:4,4:8,5:12,6:7,7:10,8:3,9:11,10:4,11:3,12:3,13:5,14:3,15:5,16:7,17:4,18:9,19:1,20:5,21:5,22:5,23:6,24:8,25:4,26:9,27:2,28:5,29:7,30:7,31:5,32:5,33:6,34:2,35:7,36:9,37:5,38:3,39:4,40:7,41:2,42:4,43:2,44:3,45:3,46:5,47:3,48:4,49:4,50:6
(105,(21)92)0	1.3851087125464416	3.0	4.385108712546442	3.005089547993561e-10	1:24,2:26,3:23,4:25,5:17,6:18,7:17,8:16,9:18,10:21,11:19,12:26,13:16,14:20,15:21,16:28,17:20,18:18,19:17,20:18,21:19,22:21,23:16,24:9,25:33,26:20,27:27,28:22,29:16,30:29,31:21,32:20,33:16,34:15,35:19,36:23,37:15,38:10,39:27,40:19,41:18,42:18,43:19,44:25,45:15,46:24,47:14,48:24,49:20,50:28
(((92)105)0)21	0.8002729409395272	4.0	4.800272940939527	3.769986114274663e-11	1:9,2:2,3:1,5:1,6:2,10:3,11:3,12:2,14:2,15:3,16:2,17:1,18:1,19:4,20:1,22:3,23:1,25:4,31:2,33:1,34:3,35:1,37:3,38:2,39:1,42:2,43:1,44:1,45:5,46:2,47:2,48:2,49:1,50:3
(((21)105)92)0	0.8010196455118122	4.0	4.801019645511812	3.755937027542424e-11	2:1,3:2,4:3,5:1,6:1,7:2,8:2,10:1,12:1,13:1,14:2,15:2,16:4,17:2,18:2,19:1,21:1,22:4,24:1,27:1,28:2,29:4,31:2,32:1,33:1,34:4,35:1,39:2,41:2,42:1,43:3,45:3,46:2,48:1,49:2,50:6
(105,21,92)0	1.8396767243187049	3.0	4.839676724318705	3.09581872092677e-11	1:37,2:12,3:11,4:15,5:5,6:12,7:12,8:10,9:11,10:19,11:10,12:4,13:13,14:7,15:10,16:6,17:14,18:10,19:12,20:9,21:12,22:13,23:16,24:9,25:9,26:12,27:13,28:14,29:11,30:16,31:8,32:10,33:12,34:10,35:9,36:12,37:10,38:12,39:10,40:15,41:10,42:16,43:14,44:13,45:13,46:10,47:16,48:12,49:9,50:11
(((105)21)0)92	0.8416201054231649	4.0	4.841620105423165	3.0658826215684335e-11	1:5,2:1,3:3,4:2,7:1,8:2,9:3,10:2,12:2,14:1,15:3,16:1,17:1,18:3,19:1,21:5,23:3,24:2,25:1,26:2,27:3,28:2,29:1,30:5,31:2,32:1,33:1,34:1,35:1,36:1,37:1,38:1,39:1,41:3,42:1,43:1,44:3,46:1
(((92)21)105)0	0.8852116247061126	4.0	4.885211624706113	2.465458759240758e-11	1:7,3:1,5:3,9:3,10:2,11:1,12:2,16:4,18:2,21:1,22:2,23:1,24:3,25:1,26:2,28:3,30:1,33:1,34:1,35:2,36:4,37:1,39:2,40:1,41:1,43:1,44:1,45:1,46:2,47:1,48:1,49:2
(((105)0)92)21	0.8852116247061126	4.0	4.885211624706113	2.465458759240758e-11	1:5,2:1,4:1,5:2,7:2,8:1,10:1,11:2,12:3,13:2,15:4,17:1,18:2,19:2,20:3,21:3,22:1,23:2,24:3,25:2,27:3,28:2,29:1,30:1,31:2,32:2,33:1,34:5,35:3,36:4,37:2,38:2,42:2,43:1,44:2,45:1,46:2,47:1,49:2,50:5
((105,21)92)0	1.3025652705448263	4.0	5.302565270544826	3.0593264067042278e-12	1:13,2:5,3:3,4:3,5:3,6:4,7:1,8:5,9:3,10:3,11:2,12:5,13:3,14:1,15:4,16:6,17:3,18:3,19:3,20:3,21:3,22:1,23:1,24:5,25:2,27:4,28:3,29:5,30:4,31:6,32:4,33:2,34:2,35:6,36:3,37:4,38:3,39:3,40:5,41:2,42:5,43:4,44:10,45:1,46:2,47:3,48:3,49:5,50:3
(21,(105)92)0	1.3114868955558654	4.0	5.311486895555865	2.925854685431582e-12	1:20,2:20,3:18,4:23,5:29,6:21,7:23,8:26,9:28,10:18,11:19,12:30,13:22,14:27,15:28,16:32,17:20,18:33,19:14,20:33,21:27,22:24,23:35,24:30,25:27,26:30,27:39,28:25,29:23,30:25,31:27,32:35,33:37,34:25,35:31,36:25,37:27,38:28,39:34,40:29,41:31,42:24,43:32,44:25,45:32,46:28,47:26,48:31,49:33,50:29
((105,92)0)21	1.3360087125464415	4.0	5.336008712546441	2.5882385639261307e-12	1:14,2:3,3:3,4:2,5:4,6:1,7:3,8:5,9:3,10:1,11:2,12:1,13:4,14:1,15:4,16:3,17:5,18:4,19:4,20:2,21:5,22:3,23:6,24:3,25:3,26:1,27:2,28:3,29:1,30:3,31:1,32:1,34:2,35:1,36:3,38:3,39:5,40:6,41:3,42:1,44:4,45:7,46:3,47:3,48:4,49:1,50:1
((105)21,92)0	1.3575235259710428	4.0	5.357523525971043	2.324264130831008e-12	1:21,2:21,3:23,4:28,5:25,6:20,7:25,8:27,9:27,10:26,11:24,12:28,13:31,14:23,15:35,16:32,17:23,18:30,19:31,20:20,21:29,22:21,23:31,24:22,25:21,26:23,27:24,28:29,29:27,30:24,31:33,32:33,33:24,34:19,35:24,36:33,37:30,38:29,39:23,40:26,41:26,42:25,43:24,44:33,45:24,46:27,47:29,48:24,49:26,50:17
(105,(92)21)0	1.3861747538169047	4.0	5.3861747538169045	2.0140494494380337e-12	1:20,2:4,3:2,4:4,5:3,6:3,7:4,8:5,9:7,10:4,11:8,12:3,13:4,14:5,15:8,16:2,17:8,18:3,19:5,20:8,21:3,22:4,23:6,24:5,25:3,26:2,27:6,28:6,29:7,30:4,31:6,32:11,33:5,34:5,35:2,36:1,37:4,38:4,39:7,40:4,41:10,42:3,44:5,45:4,46:6,47:7,48:4,49:5,50:8
(((105)92)0)21	0.8010196455118122	5.0	5.801019645511812	2.530730462348346e-13	1:7,2:2,3:1,4:1,5:2,6:1,8:1,9:2,10:5,11:3,12:3,13:1,15:1,16:1,17:3,18:2,19:2,20:1,21:1,22:2,23:2,24:1,25:2,26:3,27:1,30:1,31:1,32:3,33:1,34:2,36:2,38:2,39:1,40:1,41:2,43:1,44:3,45:2,46:1,48:1,49:4,50:2
(((92)105)21)0	0.8416201054231649	5.0	5.841620105423165	2.065775460954531e-13	1:13,3:3,4:3,6:2,7:2,8:1,9:2,13:1,15:3,16:2,18:1,20:1,21:2,22:3,24:1,25:2,27:3,29:1,30:3,31:2,33:1,34:2,35:1,36:2,38:1,39:2,40:2,41:4,44:3,45:2,46:4,47:1,48:3,49:1,50:4
(((105)21)92)0	0.8961562759269897	5.0	5.896156275926989	1.5727486628794136e-13	1:8,2:5,3:10,4:2,5:6,6:4,7:1,8:6,9:3,10:4,11:4,12:8,13:6,14:6,15:6,16:9,17:7,18:5,19:2,20:6,21:7,22:6,23:6,24:7,25:2,26:12,27:5,28:6,29:2,30:12,31:5,32:9,33:4,34:2,35:6,36:1,37:1,38:5,39:6,40:6,41:5,42:8,43:4,44:4,45:9,46:5,47:3,48:4,49:6,50:7
((105,92)21)0	1.3716046351917837	5.0	6.371604635191783	1.4596083202948125e-14	1:11,2:5,3:1,4:3,5:4,7:2,8:4,9:4,10:3,12:5,14:1,15:3,16:2,17:2,18:3,19:2,20:4,21:3,22:2,23:3,24:3,25:2,26:1,27:6,28:9,29:4,30:5,31:2,32:1,33:1,34:2,35:1,36:4,37:2,38:2,39:4,40:3,41:6,42:4,43:3,44:5,45:7,46:1,47:3,48:5,49:4,50:5
(((105)92)21)0	0.8805221587745728	6.0	6.880522158774573	1.1458716354157381e-15	1:4,4:2,5:1,7:1,8:1,9:1,10:1,12:1,13:2,14:1,15:1,16:2,19:1,20:2,21:2,22:2,23:3,25:2,26:2,27:3,29:2,30:2,31:1,33:1,34:1,35:1,36:1,37:2,38:1,40:2,43:3,44:2,46:3,47:4,48:2,49:3,50:2
